Input file:  ./FeatureModel/Apache.dimacs
Number of samples:  192
Output directory: ./Samples/smarch_mp
Counting - Total configurations: 192
Counting time: 0.04071044921875
16386: Sampled 1 with 1 - sampling time: 0.015257596969604492
16387: Sampled 1 with 29 - sampling time: 0.02098393440246582
16388: Sampled 1 with 57 - sampling time: 0.020361661911010742
16398: Sampled 1 with 169 - sampling time: 0.021686792373657227
16391: Sampled 1 with 85 - sampling time: 0.02588176727294922
16392: Sampled 1 with 113 - sampling time: 0.028980493545532227
16386: Sampled 2 with 2 - sampling time: 0.017765045166015625
16395: Sampled 1 with 141 - sampling time: 0.03093743324279785
16387: Sampled 2 with 30 - sampling time: 0.021711349487304688
16388: Sampled 2 with 58 - sampling time: 0.02002096176147461
16391: Sampled 2 with 86 - sampling time: 0.017378568649291992
16398: Sampled 2 with 170 - sampling time: 0.026675939559936523
16386: Sampled 3 with 3 - sampling time: 0.021303415298461914
16395: Sampled 2 with 142 - sampling time: 0.01985931396484375
16392: Sampled 2 with 114 - sampling time: 0.02299213409423828
16387: Sampled 3 with 31 - sampling time: 0.021904468536376953
16388: Sampled 3 with 59 - sampling time: 0.024359941482543945
16391: Sampled 3 with 87 - sampling time: 0.022507667541503906
16398: Sampled 3 with 171 - sampling time: 0.021840572357177734
16395: Sampled 3 with 143 - sampling time: 0.02104473114013672
16386: Sampled 4 with 4 - sampling time: 0.021859407424926758
16392: Sampled 3 with 115 - sampling time: 0.02192521095275879
16387: Sampled 4 with 32 - sampling time: 0.020518064498901367
16388: Sampled 4 with 60 - sampling time: 0.020752668380737305
16391: Sampled 4 with 88 - sampling time: 0.02046370506286621
16398: Sampled 4 with 172 - sampling time: 0.020015478134155273
16395: Sampled 4 with 144 - sampling time: 0.019057035446166992
16386: Sampled 5 with 5 - sampling time: 0.018868207931518555
16392: Sampled 4 with 116 - sampling time: 0.021068096160888672
16387: Sampled 5 with 33 - sampling time: 0.02356243133544922
16388: Sampled 5 with 61 - sampling time: 0.02053093910217285
16391: Sampled 5 with 89 - sampling time: 0.021275043487548828
16398: Sampled 5 with 173 - sampling time: 0.01812148094177246
16386: Sampled 6 with 6 - sampling time: 0.01963663101196289
16395: Sampled 5 with 145 - sampling time: 0.028135299682617188
16392: Sampled 5 with 117 - sampling time: 0.025111675262451172
16388: Sampled 6 with 62 - sampling time: 0.017499208450317383
16391: Sampled 6 with 90 - sampling time: 0.0174105167388916
16387: Sampled 6 with 34 - sampling time: 0.02507805824279785
16386: Sampled 7 with 7 - sampling time: 0.021248340606689453
16398: Sampled 6 with 174 - sampling time: 0.023690223693847656
16395: Sampled 6 with 146 - sampling time: 0.016598224639892578
16392: Sampled 6 with 118 - sampling time: 0.023331642150878906
16391: Sampled 7 with 91 - sampling time: 0.020182132720947266
16388: Sampled 7 with 63 - sampling time: 0.022883892059326172
16387: Sampled 7 with 35 - sampling time: 0.016718626022338867
16398: Sampled 7 with 175 - sampling time: 0.02133035659790039
16386: Sampled 8 with 8 - sampling time: 0.023635149002075195
16395: Sampled 7 with 147 - sampling time: 0.020086288452148438
16391: Sampled 8 with 92 - sampling time: 0.022902727127075195
16392: Sampled 7 with 119 - sampling time: 0.023515939712524414
16388: Sampled 8 with 64 - sampling time: 0.022058725357055664
16387: Sampled 8 with 36 - sampling time: 0.021396875381469727
16386: Sampled 9 with 9 - sampling time: 0.023226261138916016
16395: Sampled 8 with 148 - sampling time: 0.023580312728881836
16398: Sampled 8 with 176 - sampling time: 0.02620720863342285
16392: Sampled 8 with 120 - sampling time: 0.01636219024658203
16391: Sampled 9 with 93 - sampling time: 0.019672393798828125
16388: Sampled 9 with 65 - sampling time: 0.021402597427368164
16387: Sampled 9 with 37 - sampling time: 0.0317230224609375
16395: Sampled 9 with 149 - sampling time: 0.020348787307739258
16386: Sampled 10 with 10 - sampling time: 0.021013259887695312
16392: Sampled 9 with 121 - sampling time: 0.017187833786010742
16398: Sampled 9 with 177 - sampling time: 0.02060389518737793
16388: Sampled 10 with 66 - sampling time: 0.022389888763427734
16391: Sampled 10 with 94 - sampling time: 0.02454972267150879
16386: Sampled 11 with 11 - sampling time: 0.019529342651367188
16395: Sampled 10 with 150 - sampling time: 0.01999497413635254
16387: Sampled 10 with 38 - sampling time: 0.02214813232421875
16398: Sampled 10 with 178 - sampling time: 0.02120184898376465
16392: Sampled 10 with 122 - sampling time: 0.02271103858947754
16386: Sampled 12 with 12 - sampling time: 0.018916606903076172
16395: Sampled 11 with 151 - sampling time: 0.02011251449584961
16391: Sampled 11 with 95 - sampling time: 0.029036998748779297
16387: Sampled 11 with 39 - sampling time: 0.019192934036254883
16398: Sampled 11 with 179 - sampling time: 0.02016472816467285
16388: Sampled 11 with 67 - sampling time: 0.03228616714477539
16392: Sampled 11 with 123 - sampling time: 0.0249173641204834
16386: Sampled 13 with 13 - sampling time: 0.017891883850097656
16391: Sampled 12 with 96 - sampling time: 0.017879486083984375
16395: Sampled 12 with 152 - sampling time: 0.018541574478149414
16387: Sampled 12 with 40 - sampling time: 0.01763010025024414
16398: Sampled 12 with 180 - sampling time: 0.019434452056884766
16388: Sampled 12 with 68 - sampling time: 0.02004408836364746
16392: Sampled 12 with 124 - sampling time: 0.021329402923583984
16386: Sampled 14 with 14 - sampling time: 0.017757654190063477
16395: Sampled 13 with 153 - sampling time: 0.016534090042114258
16391: Sampled 13 with 97 - sampling time: 0.017676591873168945
16387: Sampled 13 with 41 - sampling time: 0.019840240478515625
16398: Sampled 13 with 181 - sampling time: 0.017929792404174805
16388: Sampled 13 with 69 - sampling time: 0.01945662498474121
16392: Sampled 13 with 125 - sampling time: 0.02054738998413086
16386: Sampled 15 with 15 - sampling time: 0.018002986907958984
16395: Sampled 14 with 154 - sampling time: 0.017393112182617188
16391: Sampled 14 with 98 - sampling time: 0.017540693283081055
16398: Sampled 14 with 182 - sampling time: 0.020636320114135742
16387: Sampled 14 with 42 - sampling time: 0.022606849670410156
16395: Sampled 15 with 155 - sampling time: 0.02026844024658203
16391: Sampled 15 with 99 - sampling time: 0.02061915397644043
16388: Sampled 14 with 70 - sampling time: 0.03222465515136719
16392: Sampled 14 with 126 - sampling time: 0.02684164047241211
16398: Sampled 15 with 183 - sampling time: 0.021876811981201172
16386: Sampled 16 with 16 - sampling time: 0.03040933609008789
16387: Sampled 15 with 43 - sampling time: 0.02209186553955078
16391: Sampled 16 with 100 - sampling time: 0.020806550979614258
16388: Sampled 15 with 71 - sampling time: 0.019619464874267578
16395: Sampled 16 with 156 - sampling time: 0.022780418395996094
16392: Sampled 15 with 127 - sampling time: 0.021618127822875977
16386: Sampled 17 with 17 - sampling time: 0.02083563804626465
16398: Sampled 16 with 184 - sampling time: 0.023252248764038086
16387: Sampled 16 with 44 - sampling time: 0.02249002456665039
16388: Sampled 16 with 72 - sampling time: 0.021146774291992188
16395: Sampled 17 with 157 - sampling time: 0.021259069442749023
16392: Sampled 16 with 128 - sampling time: 0.0216827392578125
16386: Sampled 18 with 18 - sampling time: 0.023534059524536133
16398: Sampled 17 with 185 - sampling time: 0.022760391235351562
16391: Sampled 17 with 101 - sampling time: 0.033745527267456055
16387: Sampled 17 with 45 - sampling time: 0.023874521255493164
16388: Sampled 17 with 73 - sampling time: 0.020762205123901367
16395: Sampled 18 with 158 - sampling time: 0.021265506744384766
16392: Sampled 17 with 129 - sampling time: 0.019765615463256836
16398: Sampled 18 with 186 - sampling time: 0.017121315002441406
16391: Sampled 18 with 102 - sampling time: 0.018654584884643555
16387: Sampled 18 with 46 - sampling time: 0.017792224884033203
16386: Sampled 19 with 19 - sampling time: 0.021329641342163086
16388: Sampled 18 with 74 - sampling time: 0.022005081176757812
16395: Sampled 19 with 159 - sampling time: 0.020967960357666016
16398: Sampled 19 with 187 - sampling time: 0.014890193939208984
16392: Sampled 18 with 130 - sampling time: 0.020163297653198242
16387: Sampled 19 with 47 - sampling time: 0.02022099494934082
16386: Sampled 20 with 20 - sampling time: 0.020763635635375977
16391: Sampled 19 with 103 - sampling time: 0.02598094940185547
16398: Sampled 20 with 188 - sampling time: 0.02310943603515625
16392: Sampled 19 with 131 - sampling time: 0.02331233024597168
16388: Sampled 19 with 75 - sampling time: 0.02500152587890625
16395: Sampled 20 with 160 - sampling time: 0.025419235229492188
16386: Sampled 21 with 21 - sampling time: 0.021509408950805664
16387: Sampled 20 with 48 - sampling time: 0.024381399154663086
16391: Sampled 20 with 104 - sampling time: 0.024272441864013672
16392: Sampled 20 with 132 - sampling time: 0.01696944236755371
16398: Sampled 21 with 189 - sampling time: 0.017377614974975586
16388: Sampled 20 with 76 - sampling time: 0.02642369270324707
16386: Sampled 22 with 22 - sampling time: 0.021119356155395508
16395: Sampled 21 with 161 - sampling time: 0.027652502059936523
16387: Sampled 21 with 49 - sampling time: 0.020993709564208984
16391: Sampled 21 with 105 - sampling time: 0.018779754638671875
16392: Sampled 21 with 133 - sampling time: 0.02090287208557129
16398: Sampled 22 with 190 - sampling time: 0.022828340530395508
16388: Sampled 21 with 77 - sampling time: 0.017641782760620117
16386: Sampled 23 with 23 - sampling time: 0.01701521873474121
16395: Sampled 22 with 162 - sampling time: 0.017627477645874023
16387: Sampled 22 with 50 - sampling time: 0.01816248893737793
16391: Sampled 22 with 106 - sampling time: 0.01953434944152832
16388: Sampled 22 with 78 - sampling time: 0.014650344848632812
16392: Sampled 22 with 134 - sampling time: 0.02131032943725586
16398: Sampled 23 with 191 - sampling time: 0.02179884910583496
16386: Sampled 24 with 24 - sampling time: 0.016573190689086914
16387: Sampled 23 with 51 - sampling time: 0.016520261764526367
16395: Sampled 23 with 163 - sampling time: 0.02126455307006836
16391: Sampled 23 with 107 - sampling time: 0.01949143409729004
16388: Sampled 23 with 79 - sampling time: 0.017529010772705078
16392: Sampled 23 with 135 - sampling time: 0.018596887588500977
16398: Sampled 24 with 192 - sampling time: 0.017667293548583984
16386: Sampled 25 with 25 - sampling time: 0.01767110824584961
16387: Sampled 24 with 52 - sampling time: 0.022677183151245117
16395: Sampled 24 with 164 - sampling time: 0.023287534713745117
16391: Sampled 24 with 108 - sampling time: 0.019137144088745117
16388: Sampled 24 with 80 - sampling time: 0.01753544807434082
16392: Sampled 24 with 136 - sampling time: 0.021269559860229492
16386: Sampled 26 with 26 - sampling time: 0.024228334426879883
16387: Sampled 25 with 53 - sampling time: 0.020479679107666016
16391: Sampled 25 with 109 - sampling time: 0.01931452751159668
16388: Sampled 25 with 81 - sampling time: 0.022745609283447266
16395: Sampled 25 with 165 - sampling time: 0.026656150817871094
16392: Sampled 25 with 137 - sampling time: 0.02065253257751465
16386: Sampled 27 with 27 - sampling time: 0.016321182250976562
16391: Sampled 26 with 110 - sampling time: 0.018948793411254883
16387: Sampled 26 with 54 - sampling time: 0.021776437759399414
16388: Sampled 26 with 82 - sampling time: 0.015804767608642578
16395: Sampled 26 with 166 - sampling time: 0.01895904541015625
16386: Sampled 28 with 28 - sampling time: 0.01938319206237793
16392: Sampled 26 with 138 - sampling time: 0.01963520050048828
16391: Sampled 27 with 111 - sampling time: 0.01746082305908203
16387: Sampled 27 with 55 - sampling time: 0.01783275604248047
16388: Sampled 27 with 83 - sampling time: 0.01846909523010254
16395: Sampled 27 with 167 - sampling time: 0.018791913986206055
16392: Sampled 27 with 139 - sampling time: 0.016165494918823242
16391: Sampled 28 with 112 - sampling time: 0.01775646209716797
16387: Sampled 28 with 56 - sampling time: 0.018831253051757812
16388: Sampled 28 with 84 - sampling time: 0.01615452766418457
16395: Sampled 28 with 168 - sampling time: 0.012743234634399414
16392: Sampled 28 with 140 - sampling time: 0.017688989639282227
--- total time: 0.6829352378845215 seconds ---
Output samples created on:  ./Samples/smarch_mp/Apache_192.samples

real	0m0.739s
user	0m2.285s
sys	0m1.229s
