Input file:  ./FeatureModel/LLVM.dimacs
Number of samples:  1024
Output directory: ./Samples/smarch_mp
Counting - Total configurations: 1024
Counting time: 0.012289047241210938
25709: Sampled 1 with 148 - sampling time: 0.001680612564086914
25708: Sampled 1 with 1 - sampling time: 0.002084016799926758
25708: Sampled 2 with 2 - sampling time: 0.00026416778564453125
25708: Sampled 3 with 3 - sampling time: 0.0003476142883300781
25709: Sampled 2 with 149 - sampling time: 0.0011241436004638672
25708: Sampled 4 with 4 - sampling time: 0.00024580955505371094
25709: Sampled 3 with 150 - sampling time: 0.0002980232238769531
25708: Sampled 5 with 5 - sampling time: 0.0005788803100585938
25709: Sampled 4 with 151 - sampling time: 0.0005528926849365234
25709: Sampled 5 with 152 - sampling time: 0.00018167495727539062
25710: Sampled 1 with 295 - sampling time: 0.003009319305419922
25708: Sampled 6 with 6 - sampling time: 0.0006744861602783203
25708: Sampled 7 with 7 - sampling time: 0.00026679039001464844
25710: Sampled 2 with 296 - sampling time: 0.0005817413330078125
25709: Sampled 6 with 153 - sampling time: 0.0009350776672363281
25708: Sampled 8 with 8 - sampling time: 0.0005352497100830078
25710: Sampled 3 with 297 - sampling time: 0.0005886554718017578
25709: Sampled 7 with 154 - sampling time: 0.0004405975341796875
25708: Sampled 9 with 9 - sampling time: 0.0003495216369628906
25708: Sampled 10 with 10 - sampling time: 0.0003256797790527344
25709: Sampled 8 with 155 - sampling time: 0.0005309581756591797
25710: Sampled 4 with 298 - sampling time: 0.0008783340454101562
25708: Sampled 11 with 11 - sampling time: 0.0005953311920166016
25710: Sampled 5 with 299 - sampling time: 0.00032448768615722656
25713: Sampled 1 with 442 - sampling time: 0.003862619400024414
25709: Sampled 9 with 156 - sampling time: 0.0008909702301025391
25708: Sampled 12 with 12 - sampling time: 0.00046825408935546875
25710: Sampled 6 with 300 - sampling time: 0.00042819976806640625
25713: Sampled 2 with 443 - sampling time: 0.0005033016204833984
25714: Sampled 1 with 589 - sampling time: 0.003647327423095703
25709: Sampled 10 with 157 - sampling time: 0.0005230903625488281
25708: Sampled 13 with 13 - sampling time: 0.0005230903625488281
25710: Sampled 7 with 301 - sampling time: 0.0005261898040771484
25713: Sampled 3 with 444 - sampling time: 0.00047516822814941406
25709: Sampled 11 with 158 - sampling time: 0.0003807544708251953
25714: Sampled 2 with 590 - sampling time: 0.0005021095275878906
25710: Sampled 8 with 302 - sampling time: 0.0004401206970214844
25708: Sampled 14 with 14 - sampling time: 0.0005755424499511719
25713: Sampled 4 with 445 - sampling time: 0.00037169456481933594
25717: Sampled 1 with 736 - sampling time: 0.0046312808990478516
25720: Sampled 1 with 883 - sampling time: 0.0033206939697265625
25709: Sampled 12 with 159 - sampling time: 0.0005600452423095703
25713: Sampled 5 with 446 - sampling time: 0.00030541419982910156
25714: Sampled 3 with 591 - sampling time: 0.0005860328674316406
25710: Sampled 9 with 303 - sampling time: 0.0005137920379638672
25708: Sampled 15 with 15 - sampling time: 0.0005183219909667969
25717: Sampled 2 with 737 - sampling time: 0.0005431175231933594
25714: Sampled 4 with 592 - sampling time: 0.00034499168395996094
25709: Sampled 13 with 160 - sampling time: 0.0005278587341308594
25713: Sampled 6 with 447 - sampling time: 0.000514984130859375
25720: Sampled 2 with 884 - sampling time: 0.0006740093231201172
25710: Sampled 10 with 304 - sampling time: 0.000484466552734375
25708: Sampled 16 with 16 - sampling time: 0.0005362033843994141
25717: Sampled 3 with 738 - sampling time: 0.00048542022705078125
25710: Sampled 11 with 305 - sampling time: 0.00029540061950683594
25713: Sampled 7 with 448 - sampling time: 0.0004756450653076172
25720: Sampled 3 with 885 - sampling time: 0.0004334449768066406
25714: Sampled 5 with 593 - sampling time: 0.0006737709045410156
25708: Sampled 17 with 17 - sampling time: 0.00045299530029296875
25709: Sampled 14 with 161 - sampling time: 0.0007472038269042969
25717: Sampled 4 with 739 - sampling time: 0.00046896934509277344
25720: Sampled 4 with 886 - sampling time: 0.0004057884216308594
25710: Sampled 12 with 306 - sampling time: 0.0006010532379150391
25708: Sampled 18 with 18 - sampling time: 0.0004112720489501953
25713: Sampled 8 with 449 - sampling time: 0.0007085800170898438
25714: Sampled 6 with 594 - sampling time: 0.0006425380706787109
25717: Sampled 5 with 740 - sampling time: 0.0004725456237792969
25720: Sampled 5 with 887 - sampling time: 0.0003662109375
25710: Sampled 13 with 307 - sampling time: 0.00034737586975097656
25709: Sampled 15 with 162 - sampling time: 0.0007302761077880859
25720: Sampled 6 with 888 - sampling time: 0.00026035308837890625
25713: Sampled 9 with 450 - sampling time: 0.00046443939208984375
25714: Sampled 7 with 595 - sampling time: 0.0004608631134033203
25717: Sampled 6 with 741 - sampling time: 0.00044226646423339844
25708: Sampled 19 with 19 - sampling time: 0.0007474422454833984
25709: Sampled 16 with 163 - sampling time: 0.000507354736328125
25720: Sampled 7 with 889 - sampling time: 0.0004162788391113281
25714: Sampled 8 with 596 - sampling time: 0.00039124488830566406
25717: Sampled 7 with 742 - sampling time: 0.0004279613494873047
25708: Sampled 20 with 20 - sampling time: 0.00038361549377441406
25713: Sampled 10 with 451 - sampling time: 0.0006318092346191406
25710: Sampled 14 with 308 - sampling time: 0.0009818077087402344
25709: Sampled 17 with 164 - sampling time: 0.0005087852478027344
25708: Sampled 21 with 21 - sampling time: 0.0002830028533935547
25710: Sampled 15 with 309 - sampling time: 0.0002334117889404297
25713: Sampled 11 with 452 - sampling time: 0.000400543212890625
25714: Sampled 9 with 597 - sampling time: 0.0006561279296875
25717: Sampled 8 with 743 - sampling time: 0.0006394386291503906
25709: Sampled 18 with 165 - sampling time: 0.0004220008850097656
25720: Sampled 8 with 890 - sampling time: 0.0008411407470703125
25713: Sampled 12 with 453 - sampling time: 0.0002810955047607422
25708: Sampled 22 with 22 - sampling time: 0.0005362033843994141
25720: Sampled 9 with 891 - sampling time: 0.00022554397583007812
25710: Sampled 16 with 310 - sampling time: 0.0006241798400878906
25717: Sampled 9 with 744 - sampling time: 0.00048160552978515625
25709: Sampled 19 with 166 - sampling time: 0.00043487548828125
25713: Sampled 13 with 454 - sampling time: 0.0004506111145019531
25709: Sampled 20 with 167 - sampling time: 0.00015664100646972656
25720: Sampled 10 with 892 - sampling time: 0.00036716461181640625
25710: Sampled 17 with 311 - sampling time: 0.00037360191345214844
25714: Sampled 10 with 598 - sampling time: 0.0009410381317138672
25708: Sampled 23 with 23 - sampling time: 0.0007092952728271484
25720: Sampled 11 with 893 - sampling time: 0.00030422210693359375
25710: Sampled 18 with 312 - sampling time: 0.0002951622009277344
25714: Sampled 11 with 599 - sampling time: 0.00031185150146484375
25717: Sampled 10 with 745 - sampling time: 0.0007770061492919922
25709: Sampled 21 with 168 - sampling time: 0.0006353855133056641
25713: Sampled 14 with 455 - sampling time: 0.0007700920104980469
25720: Sampled 12 with 894 - sampling time: 0.0003867149353027344
25710: Sampled 19 with 313 - sampling time: 0.0003960132598876953
25708: Sampled 24 with 24 - sampling time: 0.0006477832794189453
25714: Sampled 12 with 600 - sampling time: 0.0005068778991699219
25717: Sampled 11 with 746 - sampling time: 0.0005192756652832031
25709: Sampled 22 with 169 - sampling time: 0.0005376338958740234
25713: Sampled 15 with 456 - sampling time: 0.0005207061767578125
25720: Sampled 13 with 895 - sampling time: 0.0005402565002441406
25708: Sampled 25 with 25 - sampling time: 0.0004277229309082031
25710: Sampled 20 with 314 - sampling time: 0.0006368160247802734
25714: Sampled 13 with 601 - sampling time: 0.0005004405975341797
25717: Sampled 12 with 747 - sampling time: 0.0005018711090087891
25709: Sampled 23 with 170 - sampling time: 0.0005047321319580078
25713: Sampled 16 with 457 - sampling time: 0.0005083084106445312
25720: Sampled 14 with 896 - sampling time: 0.0005078315734863281
25708: Sampled 26 with 26 - sampling time: 0.0005471706390380859
25714: Sampled 14 with 602 - sampling time: 0.0004391670227050781
25710: Sampled 21 with 315 - sampling time: 0.0005781650543212891
25709: Sampled 24 with 171 - sampling time: 0.0004985332489013672
25717: Sampled 13 with 748 - sampling time: 0.0006561279296875
25713: Sampled 17 with 458 - sampling time: 0.0005512237548828125
25720: Sampled 15 with 897 - sampling time: 0.0005304813385009766
25708: Sampled 27 with 27 - sampling time: 0.0005002021789550781
25714: Sampled 15 with 603 - sampling time: 0.0005161762237548828
25709: Sampled 25 with 172 - sampling time: 0.0004019737243652344
25710: Sampled 22 with 316 - sampling time: 0.0006356239318847656
25708: Sampled 28 with 28 - sampling time: 0.0003159046173095703
25714: Sampled 16 with 604 - sampling time: 0.00032329559326171875
25720: Sampled 16 with 898 - sampling time: 0.0005106925964355469
25717: Sampled 14 with 749 - sampling time: 0.0007259845733642578
25713: Sampled 18 with 459 - sampling time: 0.0008394718170166016
25710: Sampled 23 with 317 - sampling time: 0.0006089210510253906
25708: Sampled 29 with 29 - sampling time: 0.0005893707275390625
25709: Sampled 26 with 173 - sampling time: 0.0007991790771484375
25717: Sampled 15 with 750 - sampling time: 0.0004730224609375
25714: Sampled 17 with 605 - sampling time: 0.0006761550903320312
25720: Sampled 17 with 899 - sampling time: 0.0006480216979980469
25717: Sampled 16 with 751 - sampling time: 0.0003142356872558594
25710: Sampled 24 with 318 - sampling time: 0.0005311965942382812
25713: Sampled 19 with 460 - sampling time: 0.0007531642913818359
25708: Sampled 30 with 30 - sampling time: 0.0006251335144042969
25709: Sampled 27 with 174 - sampling time: 0.0006048679351806641
25714: Sampled 18 with 606 - sampling time: 0.0006563663482666016
25720: Sampled 18 with 900 - sampling time: 0.0006806850433349609
25713: Sampled 20 with 461 - sampling time: 0.00040459632873535156
25710: Sampled 25 with 319 - sampling time: 0.0005822181701660156
25708: Sampled 31 with 31 - sampling time: 0.0005574226379394531
25717: Sampled 17 with 752 - sampling time: 0.0008108615875244141
25714: Sampled 19 with 607 - sampling time: 0.0004928112030029297
25720: Sampled 19 with 901 - sampling time: 0.0004978179931640625
25709: Sampled 28 with 175 - sampling time: 0.0007877349853515625
25710: Sampled 26 with 320 - sampling time: 0.0004520416259765625
25717: Sampled 18 with 753 - sampling time: 0.0004096031188964844
25713: Sampled 21 with 462 - sampling time: 0.0007266998291015625
25720: Sampled 20 with 902 - sampling time: 0.0003604888916015625
25708: Sampled 32 with 32 - sampling time: 0.0006656646728515625
25710: Sampled 27 with 321 - sampling time: 0.00039196014404296875
25714: Sampled 20 with 608 - sampling time: 0.000762939453125
25720: Sampled 21 with 903 - sampling time: 0.0003628730773925781
25717: Sampled 19 with 754 - sampling time: 0.0005674362182617188
25713: Sampled 22 with 463 - sampling time: 0.0005609989166259766
25709: Sampled 29 with 176 - sampling time: 0.0009138584136962891
25720: Sampled 22 with 904 - sampling time: 0.00030684471130371094
25713: Sampled 23 with 464 - sampling time: 0.0003848075866699219
25708: Sampled 33 with 33 - sampling time: 0.0008952617645263672
25710: Sampled 28 with 322 - sampling time: 0.000797271728515625
25714: Sampled 21 with 609 - sampling time: 0.0008664131164550781
25709: Sampled 30 with 177 - sampling time: 0.0006973743438720703
25717: Sampled 20 with 755 - sampling time: 0.0008997917175292969
25720: Sampled 23 with 905 - sampling time: 0.0007479190826416016
25710: Sampled 29 with 323 - sampling time: 0.0006167888641357422
25709: Sampled 31 with 178 - sampling time: 0.0003895759582519531
25714: Sampled 22 with 610 - sampling time: 0.0005459785461425781
25717: Sampled 21 with 756 - sampling time: 0.00043320655822753906
25708: Sampled 34 with 34 - sampling time: 0.0008749961853027344
25713: Sampled 24 with 465 - sampling time: 0.0010547637939453125
25720: Sampled 24 with 906 - sampling time: 0.0005700588226318359
25710: Sampled 30 with 324 - sampling time: 0.0005528926849365234
25709: Sampled 32 with 179 - sampling time: 0.0005383491516113281
25714: Sampled 23 with 611 - sampling time: 0.0005578994750976562
25717: Sampled 22 with 757 - sampling time: 0.0005235671997070312
25708: Sampled 35 with 35 - sampling time: 0.0005288124084472656
25713: Sampled 25 with 466 - sampling time: 0.0004792213439941406
25710: Sampled 31 with 325 - sampling time: 0.0004918575286865234
25709: Sampled 33 with 180 - sampling time: 0.00048828125
25717: Sampled 23 with 758 - sampling time: 0.00043487548828125
25714: Sampled 24 with 612 - sampling time: 0.0005333423614501953
25720: Sampled 25 with 907 - sampling time: 0.000873565673828125
25708: Sampled 36 with 36 - sampling time: 0.0005550384521484375
25713: Sampled 26 with 467 - sampling time: 0.0005435943603515625
25717: Sampled 24 with 759 - sampling time: 0.00036215782165527344
25720: Sampled 26 with 908 - sampling time: 0.0003485679626464844
25710: Sampled 32 with 326 - sampling time: 0.0006575584411621094
25709: Sampled 34 with 181 - sampling time: 0.0006833076477050781
25714: Sampled 25 with 613 - sampling time: 0.0007162094116210938
25717: Sampled 25 with 760 - sampling time: 0.0004372596740722656
25710: Sampled 33 with 327 - sampling time: 0.00037932395935058594
25708: Sampled 37 with 37 - sampling time: 0.0008447170257568359
25720: Sampled 27 with 909 - sampling time: 0.0005743503570556641
25713: Sampled 27 with 468 - sampling time: 0.0009870529174804688
25710: Sampled 34 with 328 - sampling time: 0.00030541419982910156
25714: Sampled 26 with 614 - sampling time: 0.0005602836608886719
25717: Sampled 26 with 761 - sampling time: 0.0005655288696289062
25709: Sampled 35 with 182 - sampling time: 0.0008475780487060547
25713: Sampled 28 with 469 - sampling time: 0.00034332275390625
25708: Sampled 38 with 38 - sampling time: 0.0008034706115722656
25714: Sampled 27 with 615 - sampling time: 0.0005245208740234375
25720: Sampled 28 with 910 - sampling time: 0.0008585453033447266
25710: Sampled 35 with 329 - sampling time: 0.0007374286651611328
25709: Sampled 36 with 183 - sampling time: 0.0006055831909179688
25717: Sampled 27 with 762 - sampling time: 0.0007796287536621094
25720: Sampled 29 with 911 - sampling time: 0.00035452842712402344
25713: Sampled 29 with 470 - sampling time: 0.0007908344268798828
25708: Sampled 39 with 39 - sampling time: 0.0006201267242431641
25714: Sampled 28 with 616 - sampling time: 0.0007083415985107422
25717: Sampled 28 with 763 - sampling time: 0.00041556358337402344
25709: Sampled 37 with 184 - sampling time: 0.0006239414215087891
25710: Sampled 36 with 330 - sampling time: 0.0007898807525634766
25713: Sampled 30 with 471 - sampling time: 0.0004820823669433594
25708: Sampled 40 with 40 - sampling time: 0.0005626678466796875
25720: Sampled 30 with 912 - sampling time: 0.0008056163787841797
25710: Sampled 37 with 331 - sampling time: 0.00037550926208496094
25714: Sampled 29 with 617 - sampling time: 0.00067901611328125
25709: Sampled 38 with 185 - sampling time: 0.0005927085876464844
25713: Sampled 31 with 472 - sampling time: 0.0005996227264404297
25709: Sampled 39 with 186 - sampling time: 0.00022268295288085938
25714: Sampled 30 with 618 - sampling time: 0.0003962516784667969
25708: Sampled 41 with 41 - sampling time: 0.0006697177886962891
25717: Sampled 29 with 764 - sampling time: 0.0011479854583740234
25720: Sampled 31 with 913 - sampling time: 0.0007283687591552734
25710: Sampled 38 with 332 - sampling time: 0.0007069110870361328
25708: Sampled 42 with 42 - sampling time: 0.0002856254577636719
25709: Sampled 40 with 187 - sampling time: 0.0006172657012939453
25710: Sampled 39 with 333 - sampling time: 0.0003502368927001953
25714: Sampled 31 with 619 - sampling time: 0.000667572021484375
25717: Sampled 30 with 765 - sampling time: 0.0006318092346191406
25713: Sampled 32 with 473 - sampling time: 0.0010521411895751953
25720: Sampled 32 with 914 - sampling time: 0.0007426738739013672
25708: Sampled 43 with 43 - sampling time: 0.0006432533264160156
25710: Sampled 40 with 334 - sampling time: 0.0005054473876953125
25709: Sampled 41 with 188 - sampling time: 0.0007030963897705078
25720: Sampled 33 with 915 - sampling time: 0.0003809928894042969
25713: Sampled 33 with 474 - sampling time: 0.0005469322204589844
25714: Sampled 32 with 620 - sampling time: 0.0007865428924560547
25710: Sampled 41 with 335 - sampling time: 0.00039005279541015625
25720: Sampled 34 with 916 - sampling time: 0.0002429485321044922
25708: Sampled 44 with 44 - sampling time: 0.0007352828979492188
25714: Sampled 33 with 621 - sampling time: 0.0003352165222167969
25713: Sampled 34 with 475 - sampling time: 0.0005204677581787109
25709: Sampled 42 with 189 - sampling time: 0.0007555484771728516
25720: Sampled 35 with 917 - sampling time: 0.00046253204345703125
25713: Sampled 35 with 476 - sampling time: 0.0001938343048095703
25710: Sampled 42 with 336 - sampling time: 0.0006990432739257812
25714: Sampled 34 with 622 - sampling time: 0.0004367828369140625
25720: Sampled 36 with 918 - sampling time: 0.00030112266540527344
25708: Sampled 45 with 45 - sampling time: 0.000659942626953125
25717: Sampled 31 with 766 - sampling time: 0.0018129348754882812
25710: Sampled 43 with 337 - sampling time: 0.0003783702850341797
25709: Sampled 43 with 190 - sampling time: 0.0006442070007324219
25720: Sampled 37 with 919 - sampling time: 0.0003762245178222656
25713: Sampled 36 with 477 - sampling time: 0.0006837844848632812
25710: Sampled 44 with 338 - sampling time: 0.00036525726318359375
25717: Sampled 32 with 767 - sampling time: 0.0005140304565429688
25708: Sampled 46 with 46 - sampling time: 0.0006914138793945312
25714: Sampled 35 with 623 - sampling time: 0.0008940696716308594
25720: Sampled 38 with 920 - sampling time: 0.0005371570587158203
25710: Sampled 45 with 339 - sampling time: 0.00030493736267089844
25709: Sampled 44 with 191 - sampling time: 0.0007421970367431641
25713: Sampled 37 with 478 - sampling time: 0.0007307529449462891
25717: Sampled 33 with 768 - sampling time: 0.0006215572357177734
25720: Sampled 39 with 921 - sampling time: 0.00044417381286621094
25714: Sampled 36 with 624 - sampling time: 0.0006456375122070312
25710: Sampled 46 with 340 - sampling time: 0.0005919933319091797
25709: Sampled 45 with 192 - sampling time: 0.00054931640625
25708: Sampled 47 with 47 - sampling time: 0.0009024143218994141
25713: Sampled 38 with 479 - sampling time: 0.000553131103515625
25717: Sampled 34 with 769 - sampling time: 0.0005064010620117188
25720: Sampled 40 with 922 - sampling time: 0.0005095005035400391
25714: Sampled 37 with 625 - sampling time: 0.0005016326904296875
25708: Sampled 48 with 48 - sampling time: 0.0003669261932373047
25709: Sampled 46 with 193 - sampling time: 0.0005216598510742188
25710: Sampled 47 with 341 - sampling time: 0.0006856918334960938
25713: Sampled 39 with 480 - sampling time: 0.0005400180816650391
25708: Sampled 49 with 49 - sampling time: 0.0003764629364013672
25720: Sampled 41 with 923 - sampling time: 0.0005681514739990234
25714: Sampled 38 with 626 - sampling time: 0.0005905628204345703
25717: Sampled 35 with 770 - sampling time: 0.0007829666137695312
25709: Sampled 47 with 194 - sampling time: 0.0006029605865478516
25710: Sampled 48 with 342 - sampling time: 0.0006549358367919922
25708: Sampled 50 with 50 - sampling time: 0.0004994869232177734
25720: Sampled 42 with 924 - sampling time: 0.0005919933319091797
25713: Sampled 40 with 481 - sampling time: 0.0008411407470703125
25709: Sampled 48 with 195 - sampling time: 0.0004267692565917969
25717: Sampled 36 with 771 - sampling time: 0.0006022453308105469
25720: Sampled 43 with 925 - sampling time: 0.00024318695068359375
25714: Sampled 39 with 627 - sampling time: 0.0009152889251708984
25708: Sampled 51 with 51 - sampling time: 0.0005743503570556641
25709: Sampled 49 with 196 - sampling time: 0.000392913818359375
25710: Sampled 49 with 343 - sampling time: 0.0007741451263427734
25714: Sampled 40 with 628 - sampling time: 0.0003228187561035156
25713: Sampled 41 with 482 - sampling time: 0.0006844997406005859
25717: Sampled 37 with 772 - sampling time: 0.0006856918334960938
25709: Sampled 50 with 197 - sampling time: 0.000396728515625
25720: Sampled 44 with 926 - sampling time: 0.0007088184356689453
25714: Sampled 41 with 629 - sampling time: 0.0003192424774169922
25708: Sampled 52 with 52 - sampling time: 0.0006906986236572266
25720: Sampled 45 with 927 - sampling time: 0.00026679039001464844
25710: Sampled 50 with 344 - sampling time: 0.0007045269012451172
25713: Sampled 42 with 483 - sampling time: 0.0005574226379394531
25717: Sampled 38 with 773 - sampling time: 0.0005807876586914062
25714: Sampled 42 with 630 - sampling time: 0.0004222393035888672
25709: Sampled 51 with 198 - sampling time: 0.00064849853515625
25708: Sampled 53 with 53 - sampling time: 0.0005886554718017578
25717: Sampled 39 with 774 - sampling time: 0.0003294944763183594
25710: Sampled 51 with 345 - sampling time: 0.0005609989166259766
25714: Sampled 43 with 631 - sampling time: 0.00039505958557128906
25709: Sampled 52 with 199 - sampling time: 0.0005288124084472656
25720: Sampled 46 with 928 - sampling time: 0.0009338855743408203
25708: Sampled 54 with 54 - sampling time: 0.0005218982696533203
25713: Sampled 43 with 484 - sampling time: 0.0009489059448242188
25714: Sampled 44 with 632 - sampling time: 0.00046133995056152344
25720: Sampled 47 with 929 - sampling time: 0.0003132820129394531
25710: Sampled 52 with 346 - sampling time: 0.0006971359252929688
25717: Sampled 40 with 775 - sampling time: 0.0008769035339355469
25720: Sampled 48 with 930 - sampling time: 0.0002276897430419922
25714: Sampled 45 with 633 - sampling time: 0.00039386749267578125
25713: Sampled 44 with 485 - sampling time: 0.0006041526794433594
25717: Sampled 41 with 776 - sampling time: 0.0003199577331542969
25708: Sampled 55 with 55 - sampling time: 0.0008542537689208984
25713: Sampled 45 with 486 - sampling time: 0.00031280517578125
25710: Sampled 53 with 347 - sampling time: 0.0007455348968505859
25720: Sampled 49 with 931 - sampling time: 0.0006330013275146484
25714: Sampled 46 with 634 - sampling time: 0.0006508827209472656
25709: Sampled 53 with 200 - sampling time: 0.0015475749969482422
25708: Sampled 56 with 56 - sampling time: 0.0006058216094970703
25713: Sampled 46 with 487 - sampling time: 0.0005145072937011719
25710: Sampled 54 with 348 - sampling time: 0.0005156993865966797
25714: Sampled 47 with 635 - sampling time: 0.0004868507385253906
25717: Sampled 42 with 777 - sampling time: 0.0010221004486083984
25710: Sampled 55 with 349 - sampling time: 0.0002906322479248047
25713: Sampled 47 with 488 - sampling time: 0.0004582405090332031
25717: Sampled 43 with 778 - sampling time: 0.00032591819763183594
25708: Sampled 57 with 57 - sampling time: 0.0007071495056152344
25709: Sampled 54 with 201 - sampling time: 0.0008177757263183594
25720: Sampled 50 with 932 - sampling time: 0.0011625289916992188
25714: Sampled 48 with 636 - sampling time: 0.0006034374237060547
25710: Sampled 56 with 350 - sampling time: 0.0005152225494384766
25713: Sampled 48 with 489 - sampling time: 0.0005519390106201172
25720: Sampled 51 with 933 - sampling time: 0.000370025634765625
25714: Sampled 49 with 637 - sampling time: 0.0003669261932373047
25708: Sampled 58 with 58 - sampling time: 0.00063323974609375
25717: Sampled 44 with 779 - sampling time: 0.0007812976837158203
25710: Sampled 57 with 351 - sampling time: 0.0006082057952880859
25713: Sampled 49 with 490 - sampling time: 0.0005145072937011719
25709: Sampled 55 with 202 - sampling time: 0.0009210109710693359
25714: Sampled 50 with 638 - sampling time: 0.0004341602325439453
25720: Sampled 52 with 934 - sampling time: 0.0005986690521240234
25710: Sampled 58 with 352 - sampling time: 0.00031065940856933594
25708: Sampled 59 with 59 - sampling time: 0.0006296634674072266
25710: Sampled 59 with 353 - sampling time: 0.0001983642578125
25720: Sampled 53 with 935 - sampling time: 0.00037217140197753906
25713: Sampled 50 with 491 - sampling time: 0.0006208419799804688
25709: Sampled 56 with 203 - sampling time: 0.0006155967712402344
25710: Sampled 60 with 354 - sampling time: 0.00029921531677246094
25708: Sampled 60 with 60 - sampling time: 0.0005962848663330078
25713: Sampled 51 with 492 - sampling time: 0.0003712177276611328
25717: Sampled 45 with 780 - sampling time: 0.001268148422241211
25720: Sampled 54 with 936 - sampling time: 0.0006051063537597656
25714: Sampled 51 with 639 - sampling time: 0.0010883808135986328
25709: Sampled 57 with 204 - sampling time: 0.0006473064422607422
25710: Sampled 61 with 355 - sampling time: 0.0006167888641357422
25713: Sampled 52 with 493 - sampling time: 0.0004506111145019531
25717: Sampled 46 with 781 - sampling time: 0.0004749298095703125
25708: Sampled 61 with 61 - sampling time: 0.0007374286651611328
25713: Sampled 53 with 494 - sampling time: 0.00032329559326171875
25717: Sampled 47 with 782 - sampling time: 0.0003170967102050781
25709: Sampled 58 with 205 - sampling time: 0.0006158351898193359
25710: Sampled 62 with 356 - sampling time: 0.0006196498870849609
25714: Sampled 52 with 640 - sampling time: 0.0010235309600830078
25708: Sampled 62 with 62 - sampling time: 0.0005712509155273438
25720: Sampled 55 with 937 - sampling time: 0.0011410713195800781
25714: Sampled 53 with 641 - sampling time: 0.0002453327178955078
25713: Sampled 54 with 495 - sampling time: 0.0006897449493408203
25709: Sampled 59 with 206 - sampling time: 0.0006239414215087891
25710: Sampled 63 with 357 - sampling time: 0.0006163120269775391
25717: Sampled 48 with 783 - sampling time: 0.000850677490234375
25708: Sampled 63 with 63 - sampling time: 0.0006163120269775391
25720: Sampled 56 with 938 - sampling time: 0.0005981922149658203
25713: Sampled 55 with 496 - sampling time: 0.0004525184631347656
25709: Sampled 60 with 207 - sampling time: 0.0005192756652832031
25714: Sampled 54 with 642 - sampling time: 0.000720977783203125
25717: Sampled 49 with 784 - sampling time: 0.0004980564117431641
25720: Sampled 57 with 939 - sampling time: 0.0004031658172607422
25713: Sampled 56 with 497 - sampling time: 0.0004279613494873047
25708: Sampled 64 with 64 - sampling time: 0.0006871223449707031
25710: Sampled 64 with 358 - sampling time: 0.000946044921875
25709: Sampled 61 with 208 - sampling time: 0.0005693435668945312
25720: Sampled 58 with 940 - sampling time: 0.00038504600524902344
25714: Sampled 55 with 643 - sampling time: 0.0005846023559570312
25717: Sampled 50 with 785 - sampling time: 0.0006241798400878906
25710: Sampled 65 with 359 - sampling time: 0.0004444122314453125
25713: Sampled 57 with 498 - sampling time: 0.0006964206695556641
25708: Sampled 65 with 65 - sampling time: 0.0006442070007324219
25720: Sampled 59 with 941 - sampling time: 0.0005578994750976562
25714: Sampled 56 with 644 - sampling time: 0.0005619525909423828
25717: Sampled 51 with 786 - sampling time: 0.0005214214324951172
25710: Sampled 66 with 360 - sampling time: 0.0004189014434814453
25714: Sampled 57 with 645 - sampling time: 0.00022029876708984375
25708: Sampled 66 with 66 - sampling time: 0.0004322528839111328
25709: Sampled 62 with 209 - sampling time: 0.0010843276977539062
25710: Sampled 67 with 361 - sampling time: 0.00039505958557128906
25713: Sampled 58 with 499 - sampling time: 0.0008363723754882812
25708: Sampled 67 with 67 - sampling time: 0.0003306865692138672
25717: Sampled 52 with 787 - sampling time: 0.0006697177886962891
25714: Sampled 58 with 646 - sampling time: 0.0005600452423095703
25717: Sampled 53 with 788 - sampling time: 0.00013971328735351562
25709: Sampled 63 with 210 - sampling time: 0.0005304813385009766
25720: Sampled 60 with 942 - sampling time: 0.0010483264923095703
25713: Sampled 59 with 500 - sampling time: 0.00043320655822753906
25709: Sampled 64 with 211 - sampling time: 0.0002186298370361328
25714: Sampled 59 with 647 - sampling time: 0.0004334449768066406
25710: Sampled 68 with 362 - sampling time: 0.0007505416870117188
25708: Sampled 68 with 68 - sampling time: 0.00074005126953125
25713: Sampled 60 with 501 - sampling time: 0.00040149688720703125
25709: Sampled 65 with 212 - sampling time: 0.00030493736267089844
25714: Sampled 60 with 648 - sampling time: 0.000308990478515625
25710: Sampled 69 with 363 - sampling time: 0.00027298927307128906
25708: Sampled 69 with 69 - sampling time: 0.0002701282501220703
25717: Sampled 54 with 789 - sampling time: 0.0008351802825927734
25708: Sampled 70 with 70 - sampling time: 0.0001277923583984375
25713: Sampled 61 with 502 - sampling time: 0.0003972053527832031
25714: Sampled 61 with 649 - sampling time: 0.00032067298889160156
25720: Sampled 61 with 943 - sampling time: 0.0009381771087646484
25710: Sampled 70 with 364 - sampling time: 0.0004215240478515625
25709: Sampled 66 with 213 - sampling time: 0.0005748271942138672
25713: Sampled 62 with 503 - sampling time: 0.00027489662170410156
25720: Sampled 62 with 944 - sampling time: 0.000286102294921875
25717: Sampled 55 with 790 - sampling time: 0.0005488395690917969
25710: Sampled 71 with 365 - sampling time: 0.0002751350402832031
25708: Sampled 71 with 71 - sampling time: 0.0005245208740234375
25709: Sampled 67 with 214 - sampling time: 0.0002982616424560547
25714: Sampled 62 with 650 - sampling time: 0.0005419254302978516
25713: Sampled 63 with 504 - sampling time: 0.0003204345703125
25709: Sampled 68 with 215 - sampling time: 0.0002124309539794922
25717: Sampled 56 with 791 - sampling time: 0.0003757476806640625
25710: Sampled 72 with 366 - sampling time: 0.0003674030303955078
25708: Sampled 72 with 72 - sampling time: 0.0003745555877685547
25709: Sampled 69 with 216 - sampling time: 0.0001888275146484375
25710: Sampled 73 with 367 - sampling time: 0.00014519691467285156
25714: Sampled 63 with 651 - sampling time: 0.0004508495330810547
25720: Sampled 63 with 945 - sampling time: 0.0007114410400390625
25713: Sampled 64 with 505 - sampling time: 0.0005447864532470703
25714: Sampled 64 with 652 - sampling time: 0.00017976760864257812
25717: Sampled 57 with 792 - sampling time: 0.0004475116729736328
25708: Sampled 73 with 73 - sampling time: 0.0004265308380126953
25710: Sampled 74 with 368 - sampling time: 0.00035381317138671875
25714: Sampled 65 with 653 - sampling time: 0.0002694129943847656
25717: Sampled 58 with 793 - sampling time: 0.00026416778564453125
25709: Sampled 70 with 217 - sampling time: 0.0006482601165771484
25713: Sampled 65 with 506 - sampling time: 0.00046324729919433594
25710: Sampled 75 with 369 - sampling time: 0.0003178119659423828
25720: Sampled 64 with 946 - sampling time: 0.0006303787231445312
25708: Sampled 74 with 74 - sampling time: 0.00047850608825683594
25714: Sampled 66 with 654 - sampling time: 0.00032639503479003906
25717: Sampled 59 with 794 - sampling time: 0.00035452842712402344
25710: Sampled 76 with 370 - sampling time: 0.000274658203125
25709: Sampled 71 with 218 - sampling time: 0.0004432201385498047
25710: Sampled 77 with 371 - sampling time: 0.00011801719665527344
25717: Sampled 60 with 795 - sampling time: 0.0002281665802001953
25708: Sampled 75 with 75 - sampling time: 0.00040221214294433594
25714: Sampled 67 with 655 - sampling time: 0.00039386749267578125
25713: Sampled 66 with 507 - sampling time: 0.0006937980651855469
25709: Sampled 72 with 219 - sampling time: 0.00036907196044921875
25708: Sampled 76 with 76 - sampling time: 0.00030922889709472656
25714: Sampled 68 with 656 - sampling time: 0.0003197193145751953
25709: Sampled 73 with 220 - sampling time: 0.00020432472229003906
25717: Sampled 61 with 796 - sampling time: 0.0005741119384765625
25720: Sampled 65 with 947 - sampling time: 0.0009903907775878906
25708: Sampled 77 with 77 - sampling time: 0.0003020763397216797
25713: Sampled 67 with 508 - sampling time: 0.0005319118499755859
25714: Sampled 69 with 657 - sampling time: 0.0003342628479003906
25710: Sampled 78 with 372 - sampling time: 0.00087738037109375
25720: Sampled 66 with 948 - sampling time: 0.00029778480529785156
25709: Sampled 74 with 221 - sampling time: 0.0004792213439941406
25717: Sampled 62 with 797 - sampling time: 0.00047278404235839844
25713: Sampled 68 with 509 - sampling time: 0.0004642009735107422
25717: Sampled 63 with 798 - sampling time: 0.00020503997802734375
25720: Sampled 67 with 949 - sampling time: 0.0004525184631347656
25709: Sampled 75 with 222 - sampling time: 0.00047659873962402344
25708: Sampled 78 with 78 - sampling time: 0.0009305477142333984
25713: Sampled 69 with 510 - sampling time: 0.0004870891571044922
25710: Sampled 79 with 373 - sampling time: 0.0009315013885498047
25709: Sampled 76 with 223 - sampling time: 0.00035500526428222656
25717: Sampled 64 with 799 - sampling time: 0.0006070137023925781
25720: Sampled 68 with 950 - sampling time: 0.0005810260772705078
25708: Sampled 79 with 79 - sampling time: 0.00040435791015625
25710: Sampled 80 with 374 - sampling time: 0.0003566741943359375
25709: Sampled 77 with 224 - sampling time: 0.0003705024719238281
25713: Sampled 70 with 511 - sampling time: 0.0005652904510498047
25714: Sampled 70 with 658 - sampling time: 0.001565694808959961
25708: Sampled 80 with 80 - sampling time: 0.0003414154052734375
25710: Sampled 81 with 375 - sampling time: 0.00033855438232421875
25709: Sampled 78 with 225 - sampling time: 0.0003380775451660156
25708: Sampled 81 with 81 - sampling time: 0.000286102294921875
25713: Sampled 71 with 512 - sampling time: 0.00046515464782714844
25714: Sampled 71 with 659 - sampling time: 0.0004634857177734375
25717: Sampled 65 with 800 - sampling time: 0.0009405612945556641
25710: Sampled 82 with 376 - sampling time: 0.0004210472106933594
25720: Sampled 69 with 951 - sampling time: 0.0010981559753417969
25708: Sampled 82 with 82 - sampling time: 0.0004646778106689453
25717: Sampled 66 with 801 - sampling time: 0.00042748451232910156
25709: Sampled 79 with 226 - sampling time: 0.0008172988891601562
25714: Sampled 72 with 660 - sampling time: 0.0006003379821777344
25710: Sampled 83 with 377 - sampling time: 0.0005238056182861328
25713: Sampled 72 with 513 - sampling time: 0.0007841587066650391
25714: Sampled 73 with 661 - sampling time: 0.00021719932556152344
25708: Sampled 83 with 83 - sampling time: 0.0005571842193603516
25709: Sampled 80 with 227 - sampling time: 0.0003821849822998047
25720: Sampled 70 with 952 - sampling time: 0.0007719993591308594
25717: Sampled 67 with 802 - sampling time: 0.0006110668182373047
25710: Sampled 84 with 378 - sampling time: 0.0005207061767578125
25713: Sampled 73 with 514 - sampling time: 0.00048279762268066406
25708: Sampled 84 with 84 - sampling time: 0.0004398822784423828
25709: Sampled 81 with 228 - sampling time: 0.00040268898010253906
25714: Sampled 74 with 662 - sampling time: 0.0006320476531982422
25720: Sampled 71 with 953 - sampling time: 0.00046563148498535156
25717: Sampled 68 with 803 - sampling time: 0.0004494190216064453
25710: Sampled 85 with 379 - sampling time: 0.0004487037658691406
25713: Sampled 74 with 515 - sampling time: 0.00046253204345703125
25708: Sampled 85 with 85 - sampling time: 0.00042939186096191406
25709: Sampled 82 with 229 - sampling time: 0.0004286766052246094
25714: Sampled 75 with 663 - sampling time: 0.0004291534423828125
25720: Sampled 72 with 954 - sampling time: 0.0004425048828125
25710: Sampled 86 with 380 - sampling time: 0.0003876686096191406
25709: Sampled 83 with 230 - sampling time: 0.0003249645233154297
25717: Sampled 69 with 804 - sampling time: 0.0006887912750244141
25720: Sampled 73 with 955 - sampling time: 0.0002963542938232422
25713: Sampled 75 with 516 - sampling time: 0.0006031990051269531
25708: Sampled 86 with 86 - sampling time: 0.0005557537078857422
25720: Sampled 74 with 956 - sampling time: 0.0001819133758544922
25714: Sampled 76 with 664 - sampling time: 0.0005908012390136719
25710: Sampled 87 with 381 - sampling time: 0.0005431175231933594
25709: Sampled 84 with 231 - sampling time: 0.0004749298095703125
25720: Sampled 75 with 957 - sampling time: 0.0002808570861816406
25710: Sampled 88 with 382 - sampling time: 0.00023126602172851562
25709: Sampled 85 with 232 - sampling time: 0.0002951622009277344
25717: Sampled 70 with 805 - sampling time: 0.000766754150390625
25708: Sampled 87 with 87 - sampling time: 0.0007748603820800781
25720: Sampled 76 with 958 - sampling time: 0.0004775524139404297
25713: Sampled 76 with 517 - sampling time: 0.0009596347808837891
25714: Sampled 77 with 665 - sampling time: 0.0008347034454345703
25717: Sampled 71 with 806 - sampling time: 0.0003418922424316406
25720: Sampled 77 with 959 - sampling time: 0.00017833709716796875
25709: Sampled 86 with 233 - sampling time: 0.0005087852478027344
25710: Sampled 89 with 383 - sampling time: 0.000713348388671875
25708: Sampled 88 with 88 - sampling time: 0.0004336833953857422
25717: Sampled 72 with 807 - sampling time: 0.0002682209014892578
25709: Sampled 87 with 234 - sampling time: 0.0002465248107910156
25710: Sampled 90 with 384 - sampling time: 0.0002529621124267578
25714: Sampled 78 with 666 - sampling time: 0.0004851818084716797
25717: Sampled 73 with 808 - sampling time: 0.0002453327178955078
25708: Sampled 89 with 89 - sampling time: 0.00036907196044921875
25713: Sampled 77 with 518 - sampling time: 0.0007183551788330078
25709: Sampled 88 with 235 - sampling time: 0.00030112266540527344
25720: Sampled 78 with 960 - sampling time: 0.0006480216979980469
25717: Sampled 74 with 809 - sampling time: 0.00020003318786621094
25710: Sampled 91 with 385 - sampling time: 0.00044465065002441406
25714: Sampled 79 with 667 - sampling time: 0.0004572868347167969
25708: Sampled 90 with 90 - sampling time: 0.0003573894500732422
25720: Sampled 79 with 961 - sampling time: 0.00035262107849121094
25713: Sampled 78 with 519 - sampling time: 0.0004324913024902344
25717: Sampled 75 with 810 - sampling time: 0.0003421306610107422
25708: Sampled 91 with 91 - sampling time: 0.0002048015594482422
25710: Sampled 92 with 386 - sampling time: 0.0003514289855957031
25709: Sampled 89 with 236 - sampling time: 0.0006070137023925781
25713: Sampled 79 with 520 - sampling time: 0.0002505779266357422
25720: Sampled 80 with 962 - sampling time: 0.0003018379211425781
25717: Sampled 76 with 811 - sampling time: 0.0003674030303955078
25710: Sampled 93 with 387 - sampling time: 0.0003418922424316406
25709: Sampled 90 with 237 - sampling time: 0.0003402233123779297
25708: Sampled 92 with 92 - sampling time: 0.0004756450653076172
25714: Sampled 80 with 668 - sampling time: 0.0007638931274414062
25713: Sampled 80 with 521 - sampling time: 0.0004146099090576172
25720: Sampled 81 with 963 - sampling time: 0.0004513263702392578
25710: Sampled 94 with 388 - sampling time: 0.0003044605255126953
25714: Sampled 81 with 669 - sampling time: 0.00024700164794921875
25717: Sampled 77 with 812 - sampling time: 0.0005040168762207031
25709: Sampled 91 with 238 - sampling time: 0.0005414485931396484
25708: Sampled 93 with 93 - sampling time: 0.0005397796630859375
25710: Sampled 95 with 389 - sampling time: 0.000362396240234375
25713: Sampled 81 with 522 - sampling time: 0.0005667209625244141
25720: Sampled 82 with 964 - sampling time: 0.0005638599395751953
25714: Sampled 82 with 670 - sampling time: 0.0004940032958984375
25717: Sampled 78 with 813 - sampling time: 0.00048542022705078125
25720: Sampled 83 with 965 - sampling time: 0.00023937225341796875
25709: Sampled 92 with 239 - sampling time: 0.0004951953887939453
25708: Sampled 94 with 94 - sampling time: 0.0005152225494384766
25710: Sampled 96 with 390 - sampling time: 0.000522613525390625
25713: Sampled 82 with 523 - sampling time: 0.00048232078552246094
25717: Sampled 79 with 814 - sampling time: 0.00041103363037109375
25709: Sampled 93 with 240 - sampling time: 0.0002751350402832031
25714: Sampled 83 with 671 - sampling time: 0.0006303787231445312
25713: Sampled 83 with 524 - sampling time: 0.0003075599670410156
25714: Sampled 84 with 672 - sampling time: 0.00016808509826660156
25708: Sampled 95 with 95 - sampling time: 0.0005917549133300781
25710: Sampled 97 with 391 - sampling time: 0.0005681514739990234
25709: Sampled 94 with 241 - sampling time: 0.00047206878662109375
25717: Sampled 80 with 815 - sampling time: 0.0005717277526855469
25713: Sampled 84 with 525 - sampling time: 0.0004978179931640625
25720: Sampled 84 with 966 - sampling time: 0.0010764598846435547
25714: Sampled 85 with 673 - sampling time: 0.0004634857177734375
25717: Sampled 81 with 816 - sampling time: 0.00035572052001953125
25720: Sampled 85 with 967 - sampling time: 0.00020051002502441406
25709: Sampled 95 with 242 - sampling time: 0.0005300045013427734
25708: Sampled 96 with 96 - sampling time: 0.0007510185241699219
25710: Sampled 98 with 392 - sampling time: 0.0007941722869873047
25717: Sampled 82 with 817 - sampling time: 0.00044345855712890625
25709: Sampled 96 with 243 - sampling time: 0.0003693103790283203
25710: Sampled 99 with 393 - sampling time: 0.0003197193145751953
25720: Sampled 86 with 968 - sampling time: 0.0005881786346435547
25717: Sampled 83 with 818 - sampling time: 0.0002715587615966797
25714: Sampled 86 with 674 - sampling time: 0.0008492469787597656
25710: Sampled 100 with 394 - sampling time: 0.00025963783264160156
25708: Sampled 97 with 97 - sampling time: 0.0007221698760986328
25720: Sampled 87 with 969 - sampling time: 0.0003502368927001953
25713: Sampled 85 with 526 - sampling time: 0.001271963119506836
25709: Sampled 97 with 244 - sampling time: 0.0006287097930908203
25717: Sampled 84 with 819 - sampling time: 0.0005023479461669922
25714: Sampled 87 with 675 - sampling time: 0.0005342960357666016
25710: Sampled 101 with 395 - sampling time: 0.00042939186096191406
25709: Sampled 98 with 245 - sampling time: 0.0003581047058105469
25720: Sampled 88 with 970 - sampling time: 0.0005593299865722656
25713: Sampled 86 with 527 - sampling time: 0.0005605220794677734
25714: Sampled 88 with 676 - sampling time: 0.00039887428283691406
25709: Sampled 99 with 246 - sampling time: 0.00036072731018066406
25720: Sampled 89 with 971 - sampling time: 0.0003829002380371094
25708: Sampled 98 with 98 - sampling time: 0.001112222671508789
25710: Sampled 102 with 396 - sampling time: 0.000732421875
25720: Sampled 90 with 972 - sampling time: 0.00022220611572265625
25717: Sampled 85 with 820 - sampling time: 0.0010552406311035156
25709: Sampled 100 with 247 - sampling time: 0.00043129920959472656
25713: Sampled 87 with 528 - sampling time: 0.0007572174072265625
25714: Sampled 89 with 677 - sampling time: 0.0007488727569580078
25710: Sampled 103 with 397 - sampling time: 0.00046825408935546875
25708: Sampled 99 with 99 - sampling time: 0.0006210803985595703
25720: Sampled 91 with 973 - sampling time: 0.0005030632019042969
25709: Sampled 101 with 248 - sampling time: 0.0004572868347167969
25713: Sampled 88 with 529 - sampling time: 0.00043702125549316406
25717: Sampled 86 with 821 - sampling time: 0.0006649494171142578
25710: Sampled 104 with 398 - sampling time: 0.00039505958557128906
25720: Sampled 92 with 974 - sampling time: 0.00039267539978027344
25708: Sampled 100 with 100 - sampling time: 0.0005559921264648438
25710: Sampled 105 with 399 - sampling time: 0.0003285408020019531
25714: Sampled 90 with 678 - sampling time: 0.0009417533874511719
25709: Sampled 102 with 249 - sampling time: 0.0006613731384277344
25713: Sampled 89 with 530 - sampling time: 0.0007290840148925781
25717: Sampled 87 with 822 - sampling time: 0.0006809234619140625
25720: Sampled 93 with 975 - sampling time: 0.0005993843078613281
25709: Sampled 103 with 250 - sampling time: 0.00040650367736816406
25710: Sampled 106 with 400 - sampling time: 0.0006051063537597656
25714: Sampled 91 with 679 - sampling time: 0.0006177425384521484
25708: Sampled 101 with 101 - sampling time: 0.0008349418640136719
25717: Sampled 88 with 823 - sampling time: 0.0005323886871337891
25714: Sampled 92 with 680 - sampling time: 0.0002067089080810547
25713: Sampled 90 with 531 - sampling time: 0.0007314682006835938
25710: Sampled 107 with 401 - sampling time: 0.0005207061767578125
25709: Sampled 104 with 251 - sampling time: 0.0006194114685058594
25708: Sampled 102 with 102 - sampling time: 0.0005166530609130859
25717: Sampled 89 with 824 - sampling time: 0.0004894733428955078
25714: Sampled 93 with 681 - sampling time: 0.0005652904510498047
25713: Sampled 91 with 532 - sampling time: 0.0006029605865478516
25714: Sampled 94 with 682 - sampling time: 0.0001780986785888672
25708: Sampled 103 with 103 - sampling time: 0.0004608631134033203
25710: Sampled 108 with 402 - sampling time: 0.0006685256958007812
25709: Sampled 105 with 252 - sampling time: 0.0006854534149169922
25720: Sampled 94 with 976 - sampling time: 0.0016241073608398438
25709: Sampled 106 with 253 - sampling time: 0.00019288063049316406
25713: Sampled 92 with 533 - sampling time: 0.0005419254302978516
25714: Sampled 95 with 683 - sampling time: 0.0005166530609130859
25708: Sampled 104 with 104 - sampling time: 0.000530242919921875
25710: Sampled 109 with 403 - sampling time: 0.0005342960357666016
25720: Sampled 95 with 977 - sampling time: 0.000370025634765625
25717: Sampled 90 with 825 - sampling time: 0.0011360645294189453
25713: Sampled 93 with 534 - sampling time: 0.00040268898010253906
25714: Sampled 96 with 684 - sampling time: 0.00044727325439453125
25720: Sampled 96 with 978 - sampling time: 0.0003299713134765625
25717: Sampled 91 with 826 - sampling time: 0.0003345012664794922
25714: Sampled 97 with 685 - sampling time: 0.00021386146545410156
25708: Sampled 105 with 105 - sampling time: 0.0006656646728515625
25710: Sampled 110 with 404 - sampling time: 0.0006411075592041016
25709: Sampled 107 with 254 - sampling time: 0.0009889602661132812
25713: Sampled 94 with 535 - sampling time: 0.0005338191986083984
25720: Sampled 97 with 979 - sampling time: 0.0004413127899169922
25714: Sampled 98 with 686 - sampling time: 0.00043511390686035156
25708: Sampled 106 with 106 - sampling time: 0.0005609989166259766
25710: Sampled 111 with 405 - sampling time: 0.0005698204040527344
25709: Sampled 108 with 255 - sampling time: 0.0005645751953125
25713: Sampled 95 with 536 - sampling time: 0.0005674362182617188
25717: Sampled 92 with 827 - sampling time: 0.0009138584136962891
25720: Sampled 98 with 980 - sampling time: 0.0006022453308105469
25714: Sampled 99 with 687 - sampling time: 0.0006120204925537109
25709: Sampled 109 with 256 - sampling time: 0.0004177093505859375
25713: Sampled 96 with 537 - sampling time: 0.00045013427734375
25708: Sampled 107 with 107 - sampling time: 0.0007050037384033203
25710: Sampled 112 with 406 - sampling time: 0.0006933212280273438
25720: Sampled 99 with 981 - sampling time: 0.0005626678466796875
25717: Sampled 93 with 828 - sampling time: 0.0007336139678955078
25713: Sampled 97 with 538 - sampling time: 0.00041747093200683594
25709: Sampled 110 with 257 - sampling time: 0.0005486011505126953
25714: Sampled 100 with 688 - sampling time: 0.0007624626159667969
25720: Sampled 100 with 982 - sampling time: 0.00037860870361328125
25710: Sampled 113 with 407 - sampling time: 0.0005757808685302734
25709: Sampled 111 with 258 - sampling time: 0.0003178119659423828
25713: Sampled 98 with 539 - sampling time: 0.0004680156707763672
25717: Sampled 94 with 829 - sampling time: 0.0007462501525878906
25708: Sampled 108 with 108 - sampling time: 0.001046895980834961
25720: Sampled 101 with 983 - sampling time: 0.0005745887756347656
25710: Sampled 114 with 408 - sampling time: 0.0005490779876708984
25709: Sampled 112 with 259 - sampling time: 0.0005252361297607422
25717: Sampled 95 with 830 - sampling time: 0.0003886222839355469
25713: Sampled 99 with 540 - sampling time: 0.0006554126739501953
25714: Sampled 101 with 689 - sampling time: 0.0010273456573486328
25710: Sampled 115 with 409 - sampling time: 0.00039839744567871094
25720: Sampled 102 with 984 - sampling time: 0.0005130767822265625
25708: Sampled 109 with 109 - sampling time: 0.0006952285766601562
25709: Sampled 113 with 260 - sampling time: 0.0005114078521728516
25714: Sampled 102 with 690 - sampling time: 0.0003650188446044922
25717: Sampled 96 with 831 - sampling time: 0.0006008148193359375
25720: Sampled 103 with 985 - sampling time: 0.0003769397735595703
25710: Sampled 116 with 410 - sampling time: 0.0005314350128173828
25708: Sampled 110 with 110 - sampling time: 0.00046062469482421875
25713: Sampled 100 with 541 - sampling time: 0.0009067058563232422
25709: Sampled 114 with 261 - sampling time: 0.0006048679351806641
25717: Sampled 97 with 832 - sampling time: 0.0004792213439941406
25710: Sampled 117 with 411 - sampling time: 0.0004723072052001953
25720: Sampled 104 with 986 - sampling time: 0.0006093978881835938
25713: Sampled 101 with 542 - sampling time: 0.0004513263702392578
25714: Sampled 103 with 691 - sampling time: 0.0010373592376708984
25708: Sampled 111 with 111 - sampling time: 0.0007874965667724609
25717: Sampled 98 with 833 - sampling time: 0.0006389617919921875
25720: Sampled 105 with 987 - sampling time: 0.0005309581756591797
25709: Sampled 115 with 262 - sampling time: 0.0008006095886230469
25713: Sampled 102 with 543 - sampling time: 0.0004353523254394531
25714: Sampled 104 with 692 - sampling time: 0.0004038810729980469
25710: Sampled 118 with 412 - sampling time: 0.0008382797241210938
25717: Sampled 99 with 834 - sampling time: 0.0004417896270751953
25708: Sampled 112 with 112 - sampling time: 0.0006005764007568359
25720: Sampled 106 with 988 - sampling time: 0.0004837512969970703
25709: Sampled 116 with 263 - sampling time: 0.0004928112030029297
25713: Sampled 103 with 544 - sampling time: 0.0004878044128417969
25714: Sampled 105 with 693 - sampling time: 0.0004990100860595703
25710: Sampled 119 with 413 - sampling time: 0.0005042552947998047
25720: Sampled 107 with 989 - sampling time: 0.0003705024719238281
25717: Sampled 100 with 835 - sampling time: 0.0005578994750976562
25708: Sampled 113 with 113 - sampling time: 0.0005717277526855469
25713: Sampled 104 with 545 - sampling time: 0.0004906654357910156
25714: Sampled 106 with 694 - sampling time: 0.0004744529724121094
25709: Sampled 117 with 264 - sampling time: 0.0006475448608398438
25710: Sampled 120 with 414 - sampling time: 0.0005240440368652344
25717: Sampled 101 with 836 - sampling time: 0.0004100799560546875
25720: Sampled 108 with 990 - sampling time: 0.0006139278411865234
25713: Sampled 105 with 546 - sampling time: 0.0005438327789306641
25710: Sampled 121 with 415 - sampling time: 0.0004076957702636719
25717: Sampled 102 with 837 - sampling time: 0.00040340423583984375
25709: Sampled 118 with 265 - sampling time: 0.0006301403045654297
25708: Sampled 114 with 114 - sampling time: 0.0009248256683349609
25710: Sampled 122 with 416 - sampling time: 0.0002422332763671875
25713: Sampled 106 with 547 - sampling time: 0.00037789344787597656
25717: Sampled 103 with 838 - sampling time: 0.00034236907958984375
25720: Sampled 109 with 991 - sampling time: 0.0006906986236572266
25709: Sampled 119 with 266 - sampling time: 0.0003790855407714844
25708: Sampled 115 with 115 - sampling time: 0.000431060791015625
25713: Sampled 107 with 548 - sampling time: 0.000370025634765625
25710: Sampled 123 with 417 - sampling time: 0.0005195140838623047
25714: Sampled 107 with 695 - sampling time: 0.0013887882232666016
25720: Sampled 110 with 992 - sampling time: 0.0004596710205078125
25709: Sampled 120 with 267 - sampling time: 0.0004730224609375
25708: Sampled 116 with 116 - sampling time: 0.0004260540008544922
25717: Sampled 104 with 839 - sampling time: 0.0007619857788085938
25710: Sampled 124 with 418 - sampling time: 0.0005295276641845703
25720: Sampled 111 with 993 - sampling time: 0.0004169940948486328
25713: Sampled 108 with 549 - sampling time: 0.0007143020629882812
25709: Sampled 121 with 268 - sampling time: 0.0004496574401855469
25717: Sampled 105 with 840 - sampling time: 0.0003552436828613281
25714: Sampled 108 with 696 - sampling time: 0.0008051395416259766
25720: Sampled 112 with 994 - sampling time: 0.0003600120544433594
25713: Sampled 109 with 550 - sampling time: 0.00038814544677734375
25708: Sampled 117 with 117 - sampling time: 0.0007643699645996094
25710: Sampled 125 with 419 - sampling time: 0.0006320476531982422
25717: Sampled 106 with 841 - sampling time: 0.00043272972106933594
25720: Sampled 113 with 995 - sampling time: 0.0002932548522949219
25714: Sampled 109 with 697 - sampling time: 0.0004889965057373047
25708: Sampled 118 with 118 - sampling time: 0.0003082752227783203
25713: Sampled 110 with 551 - sampling time: 0.0004487037658691406
25709: Sampled 122 with 269 - sampling time: 0.0008473396301269531
25717: Sampled 107 with 842 - sampling time: 0.0003733634948730469
25720: Sampled 114 with 996 - sampling time: 0.00038743019104003906
25708: Sampled 119 with 119 - sampling time: 0.00034165382385253906
25714: Sampled 110 with 698 - sampling time: 0.00045943260192871094
25709: Sampled 123 with 270 - sampling time: 0.0003349781036376953
25710: Sampled 126 with 420 - sampling time: 0.0007572174072265625
25713: Sampled 111 with 552 - sampling time: 0.0005176067352294922
25720: Sampled 115 with 997 - sampling time: 0.00045990943908691406
25708: Sampled 120 with 120 - sampling time: 0.00046944618225097656
25714: Sampled 111 with 699 - sampling time: 0.0004534721374511719
25717: Sampled 108 with 843 - sampling time: 0.0008020401000976562
25713: Sampled 112 with 553 - sampling time: 0.00037407875061035156
25709: Sampled 124 with 271 - sampling time: 0.0005457401275634766
25710: Sampled 127 with 421 - sampling time: 0.0005548000335693359
25708: Sampled 121 with 121 - sampling time: 0.0003151893615722656
25717: Sampled 109 with 844 - sampling time: 0.00021409988403320312
25720: Sampled 116 with 998 - sampling time: 0.0006597042083740234
25710: Sampled 128 with 422 - sampling time: 0.00038242340087890625
25714: Sampled 112 with 700 - sampling time: 0.000698089599609375
25713: Sampled 113 with 554 - sampling time: 0.0005970001220703125
25709: Sampled 125 with 272 - sampling time: 0.0006353855133056641
25717: Sampled 110 with 845 - sampling time: 0.0005538463592529297
25708: Sampled 122 with 122 - sampling time: 0.0007767677307128906
25720: Sampled 117 with 999 - sampling time: 0.0005884170532226562
25710: Sampled 129 with 423 - sampling time: 0.0006232261657714844
25714: Sampled 113 with 701 - sampling time: 0.0006582736968994141
25710: Sampled 130 with 424 - sampling time: 0.0001747608184814453
25713: Sampled 114 with 555 - sampling time: 0.0007786750793457031
25709: Sampled 126 with 273 - sampling time: 0.0007386207580566406
25717: Sampled 111 with 846 - sampling time: 0.0006854534149169922
25714: Sampled 114 with 702 - sampling time: 0.00029015541076660156
25713: Sampled 115 with 556 - sampling time: 0.00023293495178222656
25708: Sampled 123 with 123 - sampling time: 0.0008566379547119141
25717: Sampled 112 with 847 - sampling time: 0.0004000663757324219
25710: Sampled 131 with 425 - sampling time: 0.0006656646728515625
25714: Sampled 115 with 703 - sampling time: 0.000461578369140625
25709: Sampled 127 with 274 - sampling time: 0.0006475448608398438
25720: Sampled 118 with 1000 - sampling time: 0.0011644363403320312
25708: Sampled 124 with 124 - sampling time: 0.00041103363037109375
25713: Sampled 116 with 557 - sampling time: 0.0006909370422363281
25717: Sampled 113 with 848 - sampling time: 0.0005345344543457031
25710: Sampled 132 with 426 - sampling time: 0.0005445480346679688
25714: Sampled 116 with 704 - sampling time: 0.0005691051483154297
25709: Sampled 128 with 275 - sampling time: 0.0005841255187988281
25720: Sampled 119 with 1001 - sampling time: 0.000614166259765625
25708: Sampled 125 with 125 - sampling time: 0.0006237030029296875
25717: Sampled 114 with 849 - sampling time: 0.00048828125
25714: Sampled 117 with 705 - sampling time: 0.0004425048828125
25713: Sampled 117 with 558 - sampling time: 0.0008149147033691406
25710: Sampled 133 with 427 - sampling time: 0.0006728172302246094
25720: Sampled 120 with 1002 - sampling time: 0.0005292892456054688
25708: Sampled 126 with 126 - sampling time: 0.000537872314453125
25709: Sampled 129 with 276 - sampling time: 0.0008697509765625
25714: Sampled 118 with 706 - sampling time: 0.0005316734313964844
25710: Sampled 134 with 428 - sampling time: 0.00042247772216796875
25717: Sampled 115 with 850 - sampling time: 0.0007464885711669922
25713: Sampled 118 with 559 - sampling time: 0.0005993843078613281
25720: Sampled 121 with 1003 - sampling time: 0.0005896091461181641
25709: Sampled 130 with 277 - sampling time: 0.00042557716369628906
25717: Sampled 116 with 851 - sampling time: 0.0003528594970703125
25708: Sampled 127 with 127 - sampling time: 0.0006971359252929688
25713: Sampled 119 with 560 - sampling time: 0.00045418739318847656
25720: Sampled 122 with 1004 - sampling time: 0.00042057037353515625
25710: Sampled 135 with 429 - sampling time: 0.0007157325744628906
25709: Sampled 131 with 278 - sampling time: 0.0004794597625732422
25717: Sampled 117 with 852 - sampling time: 0.0004661083221435547
25714: Sampled 119 with 707 - sampling time: 0.0009713172912597656
25713: Sampled 120 with 561 - sampling time: 0.000431060791015625
25717: Sampled 118 with 853 - sampling time: 0.00019621849060058594
25720: Sampled 123 with 1005 - sampling time: 0.0004515647888183594
25708: Sampled 128 with 128 - sampling time: 0.0008394718170166016
25713: Sampled 121 with 562 - sampling time: 0.00035190582275390625
25710: Sampled 136 with 430 - sampling time: 0.0007166862487792969
25717: Sampled 119 with 854 - sampling time: 0.00041031837463378906
25708: Sampled 129 with 129 - sampling time: 0.00024628639221191406
25709: Sampled 132 with 279 - sampling time: 0.0008139610290527344
25720: Sampled 124 with 1006 - sampling time: 0.0006184577941894531
25710: Sampled 137 with 431 - sampling time: 0.0003802776336669922
25714: Sampled 120 with 708 - sampling time: 0.0009481906890869141
25710: Sampled 138 with 432 - sampling time: 0.0001575946807861328
25708: Sampled 130 with 130 - sampling time: 0.0005052089691162109
25720: Sampled 125 with 1007 - sampling time: 0.0004401206970214844
25717: Sampled 120 with 855 - sampling time: 0.0007119178771972656
25713: Sampled 122 with 563 - sampling time: 0.001032114028930664
25708: Sampled 131 with 131 - sampling time: 0.00039267539978027344
25709: Sampled 133 with 280 - sampling time: 0.0008835792541503906
25710: Sampled 139 with 433 - sampling time: 0.0005583763122558594
25714: Sampled 121 with 709 - sampling time: 0.0007765293121337891
25713: Sampled 123 with 564 - sampling time: 0.00041174888610839844
25717: Sampled 121 with 856 - sampling time: 0.0006644725799560547
25709: Sampled 134 with 281 - sampling time: 0.0004069805145263672
25720: Sampled 126 with 1008 - sampling time: 0.0008077621459960938
25708: Sampled 132 with 132 - sampling time: 0.0006880760192871094
25714: Sampled 122 with 710 - sampling time: 0.0005602836608886719
25710: Sampled 140 with 434 - sampling time: 0.0007183551788330078
25709: Sampled 135 with 282 - sampling time: 0.0004181861877441406
25713: Sampled 124 with 565 - sampling time: 0.0006322860717773438
25717: Sampled 122 with 857 - sampling time: 0.0006361007690429688
25720: Sampled 127 with 1009 - sampling time: 0.0005848407745361328
25708: Sampled 133 with 133 - sampling time: 0.0005879402160644531
25714: Sampled 123 with 711 - sampling time: 0.0006031990051269531
25710: Sampled 141 with 435 - sampling time: 0.0005879402160644531
25717: Sampled 123 with 858 - sampling time: 0.00040340423583984375
25708: Sampled 134 with 134 - sampling time: 0.0002574920654296875
25709: Sampled 136 with 283 - sampling time: 0.0007193088531494141
25720: Sampled 128 with 1010 - sampling time: 0.0005865097045898438
25713: Sampled 125 with 566 - sampling time: 0.0008983612060546875
25714: Sampled 124 with 712 - sampling time: 0.0005793571472167969
25710: Sampled 142 with 436 - sampling time: 0.0006206035614013672
25717: Sampled 124 with 859 - sampling time: 0.0006024837493896484
25708: Sampled 135 with 135 - sampling time: 0.0006153583526611328
25709: Sampled 137 with 284 - sampling time: 0.000652313232421875
25720: Sampled 129 with 1011 - sampling time: 0.0005867481231689453
25713: Sampled 126 with 567 - sampling time: 0.0005106925964355469
25720: Sampled 130 with 1012 - sampling time: 0.00020194053649902344
25717: Sampled 125 with 860 - sampling time: 0.0005061626434326172
25714: Sampled 125 with 713 - sampling time: 0.0007188320159912109
25709: Sampled 138 with 285 - sampling time: 0.00044727325439453125
25708: Sampled 136 with 136 - sampling time: 0.0006299018859863281
25713: Sampled 127 with 568 - sampling time: 0.0004558563232421875
25710: Sampled 143 with 437 - sampling time: 0.0008943080902099609
25720: Sampled 131 with 1013 - sampling time: 0.0004856586456298828
25708: Sampled 137 with 137 - sampling time: 0.0002799034118652344
25709: Sampled 139 with 286 - sampling time: 0.00048351287841796875
25717: Sampled 126 with 861 - sampling time: 0.0006976127624511719
25713: Sampled 128 with 569 - sampling time: 0.0004885196685791016
25714: Sampled 126 with 714 - sampling time: 0.0007796287536621094
25709: Sampled 140 with 287 - sampling time: 0.00029754638671875
25720: Sampled 132 with 1014 - sampling time: 0.0005557537078857422
25714: Sampled 127 with 715 - sampling time: 0.00021791458129882812
25710: Sampled 144 with 438 - sampling time: 0.000835418701171875
25708: Sampled 138 with 138 - sampling time: 0.0007240772247314453
25710: Sampled 145 with 439 - sampling time: 0.00018310546875
25717: Sampled 127 with 862 - sampling time: 0.0007421970367431641
25713: Sampled 129 with 570 - sampling time: 0.0007245540618896484
25709: Sampled 141 with 288 - sampling time: 0.0005745887756347656
25720: Sampled 133 with 1015 - sampling time: 0.0006284713745117188
25708: Sampled 139 with 139 - sampling time: 0.0005133152008056641
25710: Sampled 146 with 440 - sampling time: 0.00045371055603027344
25717: Sampled 128 with 863 - sampling time: 0.0005466938018798828
25714: Sampled 128 with 716 - sampling time: 0.0009937286376953125
25720: Sampled 134 with 1016 - sampling time: 0.0004734992980957031
25708: Sampled 140 with 140 - sampling time: 0.00044274330139160156
25717: Sampled 129 with 864 - sampling time: 0.0003075599670410156
25713: Sampled 130 with 571 - sampling time: 0.0008940696716308594
25709: Sampled 142 with 289 - sampling time: 0.0009434223175048828
25710: Sampled 147 with 441 - sampling time: 0.0006711483001708984
25714: Sampled 129 with 717 - sampling time: 0.0005521774291992188
25713: Sampled 131 with 572 - sampling time: 0.0003039836883544922
25717: Sampled 130 with 865 - sampling time: 0.0005016326904296875
25709: Sampled 143 with 290 - sampling time: 0.0006647109985351562
25720: Sampled 135 with 1017 - sampling time: 0.0012202262878417969
25713: Sampled 132 with 573 - sampling time: 0.0007295608520507812
25717: Sampled 131 with 866 - sampling time: 0.0006630420684814453
25708: Sampled 141 with 141 - sampling time: 0.0014026165008544922
25709: Sampled 144 with 291 - sampling time: 0.0005037784576416016
25720: Sampled 136 with 1018 - sampling time: 0.0003886222839355469
25708: Sampled 142 with 142 - sampling time: 0.00019073486328125
25714: Sampled 130 with 718 - sampling time: 0.0012531280517578125
25717: Sampled 132 with 867 - sampling time: 0.00041937828063964844
25720: Sampled 137 with 1019 - sampling time: 0.00036144256591796875
25709: Sampled 145 with 292 - sampling time: 0.0005106925964355469
25714: Sampled 131 with 719 - sampling time: 0.0003752708435058594
25713: Sampled 133 with 574 - sampling time: 0.0009684562683105469
25708: Sampled 143 with 143 - sampling time: 0.0006833076477050781
25709: Sampled 146 with 293 - sampling time: 0.00038361549377441406
25720: Sampled 138 with 1020 - sampling time: 0.0005395412445068359
25708: Sampled 144 with 144 - sampling time: 0.00024700164794921875
25714: Sampled 132 with 720 - sampling time: 0.0005676746368408203
25717: Sampled 133 with 868 - sampling time: 0.0010955333709716797
25713: Sampled 134 with 575 - sampling time: 0.0006992816925048828
25709: Sampled 147 with 294 - sampling time: 0.0006499290466308594
25720: Sampled 139 with 1021 - sampling time: 0.0006415843963623047
25708: Sampled 145 with 145 - sampling time: 0.0006282329559326172
25717: Sampled 134 with 869 - sampling time: 0.0005207061767578125
25708: Sampled 146 with 146 - sampling time: 0.0002105236053466797
25714: Sampled 133 with 721 - sampling time: 0.0008883476257324219
25720: Sampled 140 with 1022 - sampling time: 0.0006344318389892578
25713: Sampled 135 with 576 - sampling time: 0.0008907318115234375
25717: Sampled 135 with 870 - sampling time: 0.0007529258728027344
25708: Sampled 147 with 147 - sampling time: 0.0010488033294677734
25713: Sampled 136 with 577 - sampling time: 0.0006785392761230469
25720: Sampled 141 with 1023 - sampling time: 0.0008938312530517578
25717: Sampled 136 with 871 - sampling time: 0.0006031990051269531
25717: Sampled 137 with 872 - sampling time: 0.0005643367767333984
25720: Sampled 142 with 1024 - sampling time: 0.0007174015045166016
25714: Sampled 134 with 722 - sampling time: 0.0019378662109375
25717: Sampled 138 with 873 - sampling time: 0.00036835670471191406
25714: Sampled 135 with 723 - sampling time: 0.0004527568817138672
25714: Sampled 136 with 724 - sampling time: 0.0003459453582763672
25717: Sampled 139 with 874 - sampling time: 0.0006966590881347656
25717: Sampled 140 with 875 - sampling time: 0.00030541419982910156
25713: Sampled 137 with 578 - sampling time: 0.0022618770599365234
25714: Sampled 137 with 725 - sampling time: 0.0007479190826416016
25717: Sampled 141 with 876 - sampling time: 0.0003790855407714844
25714: Sampled 138 with 726 - sampling time: 0.0003116130828857422
25717: Sampled 142 with 877 - sampling time: 0.0004189014434814453
25713: Sampled 138 with 579 - sampling time: 0.0009396076202392578
25717: Sampled 143 with 878 - sampling time: 0.0003592967987060547
25714: Sampled 139 with 727 - sampling time: 0.0006654262542724609
25713: Sampled 139 with 580 - sampling time: 0.0004138946533203125
25717: Sampled 144 with 879 - sampling time: 0.0003018379211425781
25714: Sampled 140 with 728 - sampling time: 0.0002524852752685547
25713: Sampled 140 with 581 - sampling time: 0.0002307891845703125
25714: Sampled 141 with 729 - sampling time: 0.00020122528076171875
25717: Sampled 145 with 880 - sampling time: 0.000324249267578125
25713: Sampled 141 with 582 - sampling time: 0.00030112266540527344
25714: Sampled 142 with 730 - sampling time: 0.0001971721649169922
25717: Sampled 146 with 881 - sampling time: 0.0002086162567138672
25714: Sampled 143 with 731 - sampling time: 0.0001583099365234375
25713: Sampled 142 with 583 - sampling time: 0.0002415180206298828
25717: Sampled 147 with 882 - sampling time: 0.00023055076599121094
25714: Sampled 144 with 732 - sampling time: 0.00022125244140625
25713: Sampled 143 with 584 - sampling time: 0.00020742416381835938
25714: Sampled 145 with 733 - sampling time: 0.00019431114196777344
25713: Sampled 144 with 585 - sampling time: 0.00019884109497070312
25713: Sampled 145 with 586 - sampling time: 0.00025177001953125
25714: Sampled 146 with 734 - sampling time: 0.00041556358337402344
25713: Sampled 146 with 587 - sampling time: 0.0002739429473876953
25714: Sampled 147 with 735 - sampling time: 0.0003199577331542969
25713: Sampled 147 with 588 - sampling time: 0.00029397010803222656
--- total time: 0.2663846015930176 seconds ---
Output samples created on:  ./Samples/smarch_mp/LLVM_1024.samples

real	0m0.334s
user	0m0.414s
sys	0m0.146s
