Input file:  ./FeatureModel/lrzip.dimacs
Number of samples:  144
Output directory: ./Samples/smarch_mp
Counting - Total configurations: 144
Counting time: 0.06856989860534668
25308: Sampled 1 with 1 - sampling time: 0.023572206497192383
25310: Sampled 1 with 43 - sampling time: 0.023166179656982422
25309: Sampled 1 with 22 - sampling time: 0.02365422248840332
25313: Sampled 1 with 64 - sampling time: 0.03457236289978027
25308: Sampled 2 with 2 - sampling time: 0.019506216049194336
25309: Sampled 2 with 23 - sampling time: 0.0224916934967041
25310: Sampled 2 with 44 - sampling time: 0.02689218521118164
25308: Sampled 3 with 3 - sampling time: 0.018952608108520508
25315: Sampled 1 with 85 - sampling time: 0.05994153022766113
25309: Sampled 3 with 24 - sampling time: 0.022852659225463867
25310: Sampled 3 with 45 - sampling time: 0.02278733253479004
25313: Sampled 2 with 65 - sampling time: 0.04092240333557129
25308: Sampled 4 with 4 - sampling time: 0.022297382354736328
25309: Sampled 4 with 25 - sampling time: 0.019959211349487305
25310: Sampled 4 with 46 - sampling time: 0.02473759651184082
25308: Sampled 5 with 5 - sampling time: 0.02094435691833496
25309: Sampled 5 with 26 - sampling time: 0.02313089370727539
25310: Sampled 5 with 47 - sampling time: 0.023515701293945312
25308: Sampled 6 with 6 - sampling time: 0.017392873764038086
25313: Sampled 3 with 66 - sampling time: 0.056257009506225586
25316: Sampled 1 with 106 - sampling time: 0.13182950019836426
25309: Sampled 6 with 27 - sampling time: 0.023633956909179688
25315: Sampled 2 with 86 - sampling time: 0.07390928268432617
25310: Sampled 6 with 48 - sampling time: 0.018718719482421875
25308: Sampled 7 with 7 - sampling time: 0.0208282470703125
25318: Sampled 1 with 127 - sampling time: 0.14546704292297363
25309: Sampled 7 with 28 - sampling time: 0.018112659454345703
25310: Sampled 7 with 49 - sampling time: 0.01942276954650879
25308: Sampled 8 with 8 - sampling time: 0.021294116973876953
25309: Sampled 8 with 29 - sampling time: 0.02307891845703125
25313: Sampled 4 with 67 - sampling time: 0.0452423095703125
25310: Sampled 8 with 50 - sampling time: 0.028085947036743164
25308: Sampled 9 with 9 - sampling time: 0.024708271026611328
25315: Sampled 3 with 87 - sampling time: 0.06508708000183105
25309: Sampled 9 with 30 - sampling time: 0.025682449340820312
25310: Sampled 9 with 51 - sampling time: 0.018767356872558594
25308: Sampled 10 with 10 - sampling time: 0.026287317276000977
25313: Sampled 5 with 68 - sampling time: 0.047016143798828125
25309: Sampled 10 with 31 - sampling time: 0.024812698364257812
25310: Sampled 10 with 52 - sampling time: 0.02146744728088379
25308: Sampled 11 with 11 - sampling time: 0.02675628662109375
25309: Sampled 11 with 32 - sampling time: 0.020754337310791016
25310: Sampled 11 with 53 - sampling time: 0.02066326141357422
25315: Sampled 4 with 88 - sampling time: 0.05639338493347168
25308: Sampled 12 with 12 - sampling time: 0.016991615295410156
25316: Sampled 2 with 107 - sampling time: 0.12557411193847656
25313: Sampled 6 with 69 - sampling time: 0.03848743438720703
25310: Sampled 12 with 54 - sampling time: 0.025322914123535156
25309: Sampled 12 with 33 - sampling time: 0.025959253311157227
25308: Sampled 13 with 13 - sampling time: 0.026957035064697266
25310: Sampled 13 with 55 - sampling time: 0.02167677879333496
25309: Sampled 13 with 34 - sampling time: 0.023012638092041016
25308: Sampled 14 with 14 - sampling time: 0.019912242889404297
25318: Sampled 2 with 128 - sampling time: 0.1578214168548584
25313: Sampled 7 with 70 - sampling time: 0.04502105712890625
25310: Sampled 14 with 56 - sampling time: 0.020061254501342773
25309: Sampled 14 with 35 - sampling time: 0.02109527587890625
25308: Sampled 15 with 15 - sampling time: 0.018734455108642578
25315: Sampled 5 with 89 - sampling time: 0.0688471794128418
25310: Sampled 15 with 57 - sampling time: 0.022418498992919922
25309: Sampled 15 with 36 - sampling time: 0.026217222213745117
25308: Sampled 16 with 16 - sampling time: 0.021391868591308594
25313: Sampled 8 with 71 - sampling time: 0.04767489433288574
25310: Sampled 16 with 58 - sampling time: 0.023365497589111328
25309: Sampled 16 with 37 - sampling time: 0.022662639617919922
25308: Sampled 17 with 17 - sampling time: 0.02078557014465332
25310: Sampled 17 with 59 - sampling time: 0.022822856903076172
25309: Sampled 17 with 38 - sampling time: 0.022477388381958008
25308: Sampled 18 with 18 - sampling time: 0.022732973098754883
25316: Sampled 3 with 108 - sampling time: 0.13144898414611816
25315: Sampled 6 with 90 - sampling time: 0.07119226455688477
25313: Sampled 9 with 72 - sampling time: 0.042267799377441406
25310: Sampled 18 with 60 - sampling time: 0.017759323120117188
25308: Sampled 19 with 19 - sampling time: 0.016976594924926758
25309: Sampled 18 with 39 - sampling time: 0.02060842514038086
25318: Sampled 3 with 129 - sampling time: 0.10483407974243164
25310: Sampled 19 with 61 - sampling time: 0.020108938217163086
25308: Sampled 20 with 20 - sampling time: 0.021344423294067383
25309: Sampled 19 with 40 - sampling time: 0.023731231689453125
25310: Sampled 20 with 62 - sampling time: 0.02395939826965332
25313: Sampled 10 with 73 - sampling time: 0.04822850227355957
25308: Sampled 21 with 21 - sampling time: 0.027302026748657227
25310: Sampled 21 with 63 - sampling time: 0.016156673431396484
25309: Sampled 20 with 41 - sampling time: 0.032033443450927734
25315: Sampled 7 with 91 - sampling time: 0.07397603988647461
25313: Sampled 11 with 74 - sampling time: 0.03278088569641113
25309: Sampled 21 with 42 - sampling time: 0.014575004577636719
25316: Sampled 4 with 109 - sampling time: 0.11226868629455566
25318: Sampled 4 with 130 - sampling time: 0.1007544994354248
25313: Sampled 12 with 75 - sampling time: 0.03265523910522461
25315: Sampled 8 with 92 - sampling time: 0.05133485794067383
25313: Sampled 13 with 76 - sampling time: 0.028688907623291016
25313: Sampled 14 with 77 - sampling time: 0.032380104064941406
25315: Sampled 9 with 93 - sampling time: 0.052903175354003906
25316: Sampled 5 with 110 - sampling time: 0.08922219276428223
25318: Sampled 5 with 131 - sampling time: 0.0855250358581543
25313: Sampled 15 with 78 - sampling time: 0.02941155433654785
25315: Sampled 10 with 94 - sampling time: 0.051697492599487305
25313: Sampled 16 with 79 - sampling time: 0.03226447105407715
25313: Sampled 17 with 80 - sampling time: 0.03252816200256348
25318: Sampled 6 with 132 - sampling time: 0.07432866096496582
25315: Sampled 11 with 95 - sampling time: 0.05539083480834961
25316: Sampled 6 with 111 - sampling time: 0.09176111221313477
25313: Sampled 18 with 81 - sampling time: 0.040578603744506836
25315: Sampled 12 with 96 - sampling time: 0.05273938179016113
25313: Sampled 19 with 82 - sampling time: 0.04218029975891113
25318: Sampled 7 with 133 - sampling time: 0.08574867248535156
25316: Sampled 7 with 112 - sampling time: 0.08629226684570312
25313: Sampled 20 with 83 - sampling time: 0.038573265075683594
25315: Sampled 13 with 97 - sampling time: 0.08202290534973145
25313: Sampled 21 with 84 - sampling time: 0.04034137725830078
25318: Sampled 8 with 134 - sampling time: 0.07809066772460938
25316: Sampled 8 with 113 - sampling time: 0.09712338447570801
25315: Sampled 14 with 98 - sampling time: 0.07278108596801758
25318: Sampled 9 with 135 - sampling time: 0.06980037689208984
25316: Sampled 9 with 114 - sampling time: 0.08965373039245605
25315: Sampled 15 with 99 - sampling time: 0.07096529006958008
25318: Sampled 10 with 136 - sampling time: 0.07289624214172363
25315: Sampled 16 with 100 - sampling time: 0.07651710510253906
25316: Sampled 10 with 115 - sampling time: 0.09078240394592285
25318: Sampled 11 with 137 - sampling time: 0.07143163681030273
25315: Sampled 17 with 101 - sampling time: 0.06635451316833496
25318: Sampled 12 with 138 - sampling time: 0.06822729110717773
25316: Sampled 11 with 116 - sampling time: 0.09264516830444336
25315: Sampled 18 with 102 - sampling time: 0.0683741569519043
25318: Sampled 13 with 139 - sampling time: 0.06738042831420898
25316: Sampled 12 with 117 - sampling time: 0.08954668045043945
25315: Sampled 19 with 103 - sampling time: 0.06960892677307129
25318: Sampled 14 with 140 - sampling time: 0.06914520263671875
25315: Sampled 20 with 104 - sampling time: 0.07295989990234375
25316: Sampled 13 with 118 - sampling time: 0.08704066276550293
25318: Sampled 15 with 141 - sampling time: 0.07366085052490234
25318: Sampled 16 with 142 - sampling time: 0.07246947288513184
25315: Sampled 21 with 105 - sampling time: 0.08664059638977051
25316: Sampled 14 with 119 - sampling time: 0.08918333053588867
25318: Sampled 17 with 143 - sampling time: 0.0669395923614502
25316: Sampled 15 with 120 - sampling time: 0.08445882797241211
25318: Sampled 18 with 144 - sampling time: 0.06627011299133301
25316: Sampled 16 with 121 - sampling time: 0.09515595436096191
25316: Sampled 17 with 122 - sampling time: 0.09862732887268066
25316: Sampled 18 with 123 - sampling time: 0.09321713447570801
25316: Sampled 19 with 124 - sampling time: 0.10015273094177246
25316: Sampled 20 with 125 - sampling time: 0.09961128234863281
25316: Sampled 21 with 126 - sampling time: 0.10800600051879883
--- total time: 2.1912906169891357 seconds ---
Output samples created on:  ./Samples/smarch_mp/lrzip_144.samples

real	0m2.249s
user	0m4.361s
sys	0m2.673s
