Input file:  ./FeatureModel/X264.dimacs
Number of samples:  1152
Output directory: ./Samples/smarch_mp
Counting - Total configurations: 1152
Counting time: 0.05239462852478027
7846: Sampled 1 with 166 - sampling time: 0.023425579071044922
7847: Sampled 1 with 331 - sampling time: 0.023366928100585938
7845: Sampled 1 with 1 - sampling time: 0.026882410049438477
7853: Sampled 1 with 826 - sampling time: 0.024491548538208008
7849: Sampled 1 with 496 - sampling time: 0.02602696418762207
7856: Sampled 1 with 991 - sampling time: 0.02402663230895996
7852: Sampled 1 with 661 - sampling time: 0.026261568069458008
7846: Sampled 2 with 167 - sampling time: 0.015421628952026367
7847: Sampled 2 with 332 - sampling time: 0.01826953887939453
7845: Sampled 2 with 2 - sampling time: 0.019499540328979492
7856: Sampled 2 with 992 - sampling time: 0.018605470657348633
7852: Sampled 2 with 662 - sampling time: 0.02134990692138672
7849: Sampled 2 with 497 - sampling time: 0.023671865463256836
7853: Sampled 2 with 827 - sampling time: 0.023861169815063477
7847: Sampled 3 with 333 - sampling time: 0.020354032516479492
7856: Sampled 3 with 993 - sampling time: 0.020705461502075195
7845: Sampled 3 with 3 - sampling time: 0.022701025009155273
7846: Sampled 3 with 168 - sampling time: 0.029781579971313477
7853: Sampled 3 with 828 - sampling time: 0.01807689666748047
7852: Sampled 3 with 663 - sampling time: 0.02064681053161621
7849: Sampled 3 with 498 - sampling time: 0.020853042602539062
7856: Sampled 4 with 994 - sampling time: 0.017246723175048828
7846: Sampled 4 with 169 - sampling time: 0.017564058303833008
7847: Sampled 4 with 334 - sampling time: 0.024100065231323242
7845: Sampled 4 with 4 - sampling time: 0.01908707618713379
7853: Sampled 4 with 829 - sampling time: 0.02274036407470703
7852: Sampled 4 with 664 - sampling time: 0.022413015365600586
7849: Sampled 4 with 499 - sampling time: 0.028424501419067383
7847: Sampled 5 with 335 - sampling time: 0.022995471954345703
7845: Sampled 5 with 5 - sampling time: 0.022117137908935547
7846: Sampled 5 with 170 - sampling time: 0.023809432983398438
7856: Sampled 5 with 995 - sampling time: 0.027502059936523438
7853: Sampled 5 with 830 - sampling time: 0.020565032958984375
7852: Sampled 5 with 665 - sampling time: 0.020038604736328125
7849: Sampled 5 with 500 - sampling time: 0.02057170867919922
7846: Sampled 6 with 171 - sampling time: 0.016998291015625
7847: Sampled 6 with 336 - sampling time: 0.01868915557861328
7845: Sampled 6 with 6 - sampling time: 0.01827526092529297
7852: Sampled 6 with 666 - sampling time: 0.016995906829833984
7853: Sampled 6 with 831 - sampling time: 0.01833820343017578
7856: Sampled 6 with 996 - sampling time: 0.02613377571105957
7847: Sampled 7 with 337 - sampling time: 0.021284103393554688
7846: Sampled 7 with 172 - sampling time: 0.022558927536010742
7849: Sampled 6 with 501 - sampling time: 0.029032230377197266
7845: Sampled 7 with 7 - sampling time: 0.02162456512451172
7853: Sampled 7 with 832 - sampling time: 0.020457744598388672
7852: Sampled 7 with 667 - sampling time: 0.021120309829711914
7856: Sampled 7 with 997 - sampling time: 0.027490615844726562
7849: Sampled 7 with 502 - sampling time: 0.0157167911529541
7852: Sampled 8 with 668 - sampling time: 0.015201330184936523
7847: Sampled 8 with 338 - sampling time: 0.017383337020874023
7846: Sampled 8 with 173 - sampling time: 0.020081520080566406
7853: Sampled 8 with 833 - sampling time: 0.019164085388183594
7845: Sampled 8 with 8 - sampling time: 0.024499177932739258
7856: Sampled 8 with 998 - sampling time: 0.0196230411529541
7847: Sampled 9 with 339 - sampling time: 0.018601179122924805
7849: Sampled 8 with 503 - sampling time: 0.020821332931518555
7852: Sampled 9 with 669 - sampling time: 0.020780086517333984
7853: Sampled 9 with 834 - sampling time: 0.022794723510742188
7846: Sampled 9 with 174 - sampling time: 0.026872873306274414
7845: Sampled 9 with 9 - sampling time: 0.022669553756713867
7856: Sampled 9 with 999 - sampling time: 0.02009439468383789
7847: Sampled 10 with 340 - sampling time: 0.022090435028076172
7852: Sampled 10 with 670 - sampling time: 0.020453214645385742
7849: Sampled 9 with 504 - sampling time: 0.02139449119567871
7853: Sampled 10 with 835 - sampling time: 0.019052743911743164
7845: Sampled 10 with 10 - sampling time: 0.021360158920288086
7846: Sampled 10 with 175 - sampling time: 0.024808645248413086
7856: Sampled 10 with 1000 - sampling time: 0.020249366760253906
7847: Sampled 11 with 341 - sampling time: 0.018111228942871094
7849: Sampled 10 with 505 - sampling time: 0.020512819290161133
7852: Sampled 11 with 671 - sampling time: 0.021842002868652344
7845: Sampled 11 with 11 - sampling time: 0.018727540969848633
7853: Sampled 11 with 836 - sampling time: 0.025144100189208984
7846: Sampled 11 with 176 - sampling time: 0.022059917449951172
7856: Sampled 11 with 1001 - sampling time: 0.021853208541870117
7847: Sampled 12 with 342 - sampling time: 0.022295236587524414
7849: Sampled 11 with 506 - sampling time: 0.020227432250976562
7852: Sampled 12 with 672 - sampling time: 0.01975703239440918
7845: Sampled 12 with 12 - sampling time: 0.027025938034057617
7846: Sampled 12 with 177 - sampling time: 0.02040553092956543
7856: Sampled 12 with 1002 - sampling time: 0.01910996437072754
7853: Sampled 12 with 837 - sampling time: 0.029313325881958008
7852: Sampled 13 with 673 - sampling time: 0.017528057098388672
7847: Sampled 13 with 343 - sampling time: 0.019875526428222656
7849: Sampled 12 with 507 - sampling time: 0.021825075149536133
7853: Sampled 13 with 838 - sampling time: 0.016943693161010742
7846: Sampled 13 with 178 - sampling time: 0.019383668899536133
7852: Sampled 14 with 674 - sampling time: 0.01697564125061035
7845: Sampled 13 with 13 - sampling time: 0.02115011215209961
7856: Sampled 13 with 1003 - sampling time: 0.020803451538085938
7849: Sampled 13 with 508 - sampling time: 0.022060632705688477
7847: Sampled 14 with 344 - sampling time: 0.025784015655517578
7852: Sampled 15 with 675 - sampling time: 0.01769232749938965
7846: Sampled 14 with 179 - sampling time: 0.01836395263671875
7845: Sampled 14 with 14 - sampling time: 0.02086353302001953
7853: Sampled 14 with 839 - sampling time: 0.025249958038330078
7856: Sampled 14 with 1004 - sampling time: 0.021984577178955078
7849: Sampled 14 with 509 - sampling time: 0.017946243286132812
7847: Sampled 15 with 345 - sampling time: 0.027846813201904297
7852: Sampled 16 with 676 - sampling time: 0.020629405975341797
7846: Sampled 15 with 180 - sampling time: 0.021141767501831055
7845: Sampled 15 with 15 - sampling time: 0.020250320434570312
7856: Sampled 15 with 1005 - sampling time: 0.019011259078979492
7849: Sampled 15 with 510 - sampling time: 0.02142167091369629
7853: Sampled 15 with 840 - sampling time: 0.02509284019470215
7847: Sampled 16 with 346 - sampling time: 0.019342899322509766
7846: Sampled 16 with 181 - sampling time: 0.020262479782104492
7852: Sampled 17 with 677 - sampling time: 0.022210359573364258
7845: Sampled 16 with 16 - sampling time: 0.02061939239501953
7856: Sampled 16 with 1006 - sampling time: 0.021361112594604492
7849: Sampled 16 with 511 - sampling time: 0.021927356719970703
7853: Sampled 16 with 841 - sampling time: 0.02025127410888672
7847: Sampled 17 with 347 - sampling time: 0.01986980438232422
7846: Sampled 17 with 182 - sampling time: 0.018802165985107422
7852: Sampled 18 with 678 - sampling time: 0.018468379974365234
7845: Sampled 17 with 17 - sampling time: 0.0189056396484375
7853: Sampled 17 with 842 - sampling time: 0.015498161315917969
7856: Sampled 17 with 1007 - sampling time: 0.022397994995117188
7847: Sampled 18 with 348 - sampling time: 0.01549673080444336
7849: Sampled 17 with 512 - sampling time: 0.022871732711791992
7852: Sampled 19 with 679 - sampling time: 0.022414445877075195
7853: Sampled 18 with 843 - sampling time: 0.017976760864257812
7846: Sampled 18 with 183 - sampling time: 0.02557373046875
7845: Sampled 18 with 18 - sampling time: 0.02305436134338379
7856: Sampled 18 with 1008 - sampling time: 0.02522897720336914
7849: Sampled 18 with 513 - sampling time: 0.022611379623413086
7847: Sampled 19 with 349 - sampling time: 0.0260465145111084
7852: Sampled 20 with 680 - sampling time: 0.017164945602416992
7845: Sampled 19 with 19 - sampling time: 0.0196835994720459
7846: Sampled 19 with 184 - sampling time: 0.02218461036682129
7853: Sampled 19 with 844 - sampling time: 0.024809837341308594
7856: Sampled 19 with 1009 - sampling time: 0.022459983825683594
7849: Sampled 19 with 514 - sampling time: 0.02135491371154785
7852: Sampled 21 with 681 - sampling time: 0.02129340171813965
7847: Sampled 20 with 350 - sampling time: 0.025363683700561523
7845: Sampled 20 with 20 - sampling time: 0.020093917846679688
7846: Sampled 20 with 185 - sampling time: 0.021794557571411133
7853: Sampled 20 with 845 - sampling time: 0.019919872283935547
7849: Sampled 20 with 515 - sampling time: 0.022002220153808594
7856: Sampled 20 with 1010 - sampling time: 0.023650169372558594
7852: Sampled 22 with 682 - sampling time: 0.021195411682128906
7847: Sampled 21 with 351 - sampling time: 0.01858067512512207
7845: Sampled 21 with 21 - sampling time: 0.022047758102416992
7853: Sampled 21 with 846 - sampling time: 0.019350528717041016
7846: Sampled 21 with 186 - sampling time: 0.02430558204650879
7849: Sampled 21 with 516 - sampling time: 0.020175933837890625
7856: Sampled 21 with 1011 - sampling time: 0.01958489418029785
7852: Sampled 23 with 683 - sampling time: 0.019138813018798828
7847: Sampled 22 with 352 - sampling time: 0.01841425895690918
7845: Sampled 22 with 22 - sampling time: 0.02484607696533203
7846: Sampled 22 with 187 - sampling time: 0.01986074447631836
7853: Sampled 22 with 847 - sampling time: 0.024358272552490234
7849: Sampled 22 with 517 - sampling time: 0.018888235092163086
7856: Sampled 22 with 1012 - sampling time: 0.018817901611328125
7852: Sampled 24 with 684 - sampling time: 0.017991304397583008
7847: Sampled 23 with 353 - sampling time: 0.018070459365844727
7853: Sampled 23 with 848 - sampling time: 0.021720170974731445
7846: Sampled 23 with 188 - sampling time: 0.021910905838012695
7845: Sampled 23 with 23 - sampling time: 0.02337646484375
7856: Sampled 23 with 1013 - sampling time: 0.018793582916259766
7849: Sampled 23 with 518 - sampling time: 0.019440174102783203
7847: Sampled 24 with 354 - sampling time: 0.024483203887939453
7852: Sampled 25 with 685 - sampling time: 0.026543378829956055
7846: Sampled 24 with 189 - sampling time: 0.0199124813079834
7853: Sampled 24 with 849 - sampling time: 0.021907329559326172
7845: Sampled 24 with 24 - sampling time: 0.021101713180541992
7849: Sampled 24 with 519 - sampling time: 0.020653247833251953
7856: Sampled 24 with 1014 - sampling time: 0.023261308670043945
7847: Sampled 25 with 355 - sampling time: 0.0212709903717041
7852: Sampled 26 with 686 - sampling time: 0.0250701904296875
7846: Sampled 25 with 190 - sampling time: 0.017876386642456055
7853: Sampled 25 with 850 - sampling time: 0.017797231674194336
7845: Sampled 25 with 25 - sampling time: 0.018735647201538086
7849: Sampled 25 with 520 - sampling time: 0.019387006759643555
7856: Sampled 25 with 1015 - sampling time: 0.021406888961791992
7847: Sampled 26 with 356 - sampling time: 0.021679401397705078
7852: Sampled 27 with 687 - sampling time: 0.017934322357177734
7846: Sampled 26 with 191 - sampling time: 0.016160249710083008
7853: Sampled 26 with 851 - sampling time: 0.01706552505493164
7845: Sampled 26 with 26 - sampling time: 0.016340255737304688
7849: Sampled 26 with 521 - sampling time: 0.01755976676940918
7856: Sampled 26 with 1016 - sampling time: 0.022107601165771484
7846: Sampled 27 with 192 - sampling time: 0.015867948532104492
7847: Sampled 27 with 357 - sampling time: 0.018976926803588867
7852: Sampled 28 with 688 - sampling time: 0.018671512603759766
7853: Sampled 27 with 852 - sampling time: 0.015637874603271484
7845: Sampled 27 with 27 - sampling time: 0.024034976959228516
7849: Sampled 27 with 522 - sampling time: 0.021952390670776367
7847: Sampled 28 with 358 - sampling time: 0.014677047729492188
7846: Sampled 28 with 193 - sampling time: 0.016180038452148438
7856: Sampled 27 with 1017 - sampling time: 0.02252936363220215
7852: Sampled 29 with 689 - sampling time: 0.02143120765686035
7853: Sampled 28 with 853 - sampling time: 0.022998809814453125
7849: Sampled 28 with 523 - sampling time: 0.020049095153808594
7845: Sampled 28 with 28 - sampling time: 0.02230548858642578
7846: Sampled 29 with 194 - sampling time: 0.019023418426513672
7856: Sampled 28 with 1018 - sampling time: 0.021330833435058594
7852: Sampled 30 with 690 - sampling time: 0.01974320411682129
7847: Sampled 29 with 359 - sampling time: 0.028421878814697266
7853: Sampled 29 with 854 - sampling time: 0.021152257919311523
7846: Sampled 30 with 195 - sampling time: 0.022173404693603516
7849: Sampled 29 with 524 - sampling time: 0.025319814682006836
7852: Sampled 31 with 691 - sampling time: 0.018295764923095703
7845: Sampled 29 with 29 - sampling time: 0.028011083602905273
7847: Sampled 30 with 360 - sampling time: 0.01916956901550293
7856: Sampled 29 with 1019 - sampling time: 0.02210688591003418
7853: Sampled 30 with 855 - sampling time: 0.02005791664123535
7849: Sampled 30 with 525 - sampling time: 0.021844863891601562
7846: Sampled 31 with 196 - sampling time: 0.023058652877807617
7852: Sampled 32 with 692 - sampling time: 0.02076578140258789
7847: Sampled 31 with 361 - sampling time: 0.01971578598022461
7856: Sampled 30 with 1020 - sampling time: 0.019399404525756836
7845: Sampled 30 with 30 - sampling time: 0.026058673858642578
7853: Sampled 31 with 856 - sampling time: 0.024711132049560547
7849: Sampled 31 with 526 - sampling time: 0.018921613693237305
7846: Sampled 32 with 197 - sampling time: 0.020444393157958984
7847: Sampled 32 with 362 - sampling time: 0.018090486526489258
7852: Sampled 33 with 693 - sampling time: 0.01934528350830078
7856: Sampled 31 with 1021 - sampling time: 0.018336772918701172
7845: Sampled 31 with 31 - sampling time: 0.022226572036743164
7853: Sampled 32 with 857 - sampling time: 0.020678043365478516
7849: Sampled 32 with 527 - sampling time: 0.017572879791259766
7847: Sampled 33 with 363 - sampling time: 0.017923593521118164
7846: Sampled 33 with 198 - sampling time: 0.019734621047973633
7852: Sampled 34 with 694 - sampling time: 0.01905965805053711
7856: Sampled 32 with 1022 - sampling time: 0.020313262939453125
7849: Sampled 33 with 528 - sampling time: 0.018639087677001953
7845: Sampled 32 with 32 - sampling time: 0.025200843811035156
7853: Sampled 33 with 858 - sampling time: 0.024956226348876953
7852: Sampled 35 with 695 - sampling time: 0.019192934036254883
7846: Sampled 34 with 199 - sampling time: 0.0203249454498291
7847: Sampled 34 with 364 - sampling time: 0.022036314010620117
7856: Sampled 33 with 1023 - sampling time: 0.03160715103149414
7849: Sampled 34 with 529 - sampling time: 0.020138263702392578
7846: Sampled 35 with 200 - sampling time: 0.018342256546020508
7845: Sampled 33 with 33 - sampling time: 0.02388310432434082
7847: Sampled 35 with 365 - sampling time: 0.02124309539794922
7852: Sampled 36 with 696 - sampling time: 0.02301478385925293
7853: Sampled 34 with 859 - sampling time: 0.026389122009277344
7849: Sampled 35 with 530 - sampling time: 0.020282268524169922
7856: Sampled 34 with 1024 - sampling time: 0.021225690841674805
7847: Sampled 36 with 366 - sampling time: 0.015907764434814453
7846: Sampled 36 with 201 - sampling time: 0.01972341537475586
7845: Sampled 34 with 34 - sampling time: 0.019888877868652344
7852: Sampled 37 with 697 - sampling time: 0.020859718322753906
7853: Sampled 35 with 860 - sampling time: 0.021043777465820312
7856: Sampled 35 with 1025 - sampling time: 0.019449949264526367
7846: Sampled 37 with 202 - sampling time: 0.017042875289916992
7849: Sampled 36 with 531 - sampling time: 0.020475387573242188
7847: Sampled 37 with 367 - sampling time: 0.01848602294921875
7845: Sampled 35 with 35 - sampling time: 0.017630815505981445
7853: Sampled 36 with 861 - sampling time: 0.021222591400146484
7852: Sampled 38 with 698 - sampling time: 0.023029804229736328
7849: Sampled 37 with 532 - sampling time: 0.01829838752746582
7856: Sampled 36 with 1026 - sampling time: 0.019176483154296875
7847: Sampled 38 with 368 - sampling time: 0.01868271827697754
7846: Sampled 38 with 203 - sampling time: 0.019926071166992188
7845: Sampled 36 with 36 - sampling time: 0.019542932510375977
7852: Sampled 39 with 699 - sampling time: 0.02505326271057129
7853: Sampled 37 with 862 - sampling time: 0.02705097198486328
7856: Sampled 37 with 1027 - sampling time: 0.019306659698486328
7847: Sampled 39 with 369 - sampling time: 0.01879429817199707
7849: Sampled 38 with 533 - sampling time: 0.02242302894592285
7846: Sampled 39 with 204 - sampling time: 0.02239370346069336
7845: Sampled 37 with 37 - sampling time: 0.02362823486328125
7847: Sampled 40 with 370 - sampling time: 0.017156362533569336
7853: Sampled 38 with 863 - sampling time: 0.020519018173217773
7849: Sampled 39 with 534 - sampling time: 0.020071029663085938
7856: Sampled 38 with 1028 - sampling time: 0.022559165954589844
7852: Sampled 40 with 700 - sampling time: 0.0263521671295166
7846: Sampled 40 with 205 - sampling time: 0.02394723892211914
7845: Sampled 38 with 38 - sampling time: 0.025267601013183594
7847: Sampled 41 with 371 - sampling time: 0.02261638641357422
7853: Sampled 39 with 864 - sampling time: 0.023389339447021484
7856: Sampled 39 with 1029 - sampling time: 0.019659996032714844
7852: Sampled 41 with 701 - sampling time: 0.01893472671508789
7849: Sampled 40 with 535 - sampling time: 0.020821094512939453
7846: Sampled 41 with 206 - sampling time: 0.023730993270874023
7845: Sampled 39 with 39 - sampling time: 0.020749807357788086
7847: Sampled 42 with 372 - sampling time: 0.02231144905090332
7853: Sampled 40 with 865 - sampling time: 0.020197629928588867
7856: Sampled 40 with 1030 - sampling time: 0.02047133445739746
7852: Sampled 42 with 702 - sampling time: 0.020228147506713867
7849: Sampled 41 with 536 - sampling time: 0.022386789321899414
7846: Sampled 42 with 207 - sampling time: 0.02090001106262207
7845: Sampled 40 with 40 - sampling time: 0.02464151382446289
7853: Sampled 41 with 866 - sampling time: 0.01761770248413086
7856: Sampled 41 with 1031 - sampling time: 0.019925594329833984
7847: Sampled 43 with 373 - sampling time: 0.020966768264770508
7852: Sampled 43 with 703 - sampling time: 0.020470857620239258
7849: Sampled 42 with 537 - sampling time: 0.018384218215942383
7846: Sampled 43 with 208 - sampling time: 0.023614883422851562
7845: Sampled 41 with 41 - sampling time: 0.0198214054107666
7847: Sampled 44 with 374 - sampling time: 0.013461112976074219
7856: Sampled 42 with 1032 - sampling time: 0.01474761962890625
7853: Sampled 42 with 867 - sampling time: 0.022092819213867188
7849: Sampled 43 with 538 - sampling time: 0.02050328254699707
7852: Sampled 44 with 704 - sampling time: 0.022324800491333008
7856: Sampled 43 with 1033 - sampling time: 0.020741939544677734
7846: Sampled 44 with 209 - sampling time: 0.023623228073120117
7853: Sampled 43 with 868 - sampling time: 0.01937413215637207
7847: Sampled 45 with 375 - sampling time: 0.025087356567382812
7845: Sampled 42 with 42 - sampling time: 0.026972055435180664
7849: Sampled 44 with 539 - sampling time: 0.021420717239379883
7852: Sampled 45 with 705 - sampling time: 0.021098852157592773
7856: Sampled 44 with 1034 - sampling time: 0.022133350372314453
7847: Sampled 46 with 376 - sampling time: 0.018640756607055664
7853: Sampled 44 with 869 - sampling time: 0.01933765411376953
7846: Sampled 45 with 210 - sampling time: 0.021892786026000977
7845: Sampled 43 with 43 - sampling time: 0.019435644149780273
7852: Sampled 46 with 706 - sampling time: 0.018127918243408203
7849: Sampled 45 with 540 - sampling time: 0.025180339813232422
7853: Sampled 45 with 870 - sampling time: 0.01904010772705078
7856: Sampled 45 with 1035 - sampling time: 0.01991438865661621
7847: Sampled 47 with 377 - sampling time: 0.01999378204345703
7845: Sampled 44 with 44 - sampling time: 0.017709732055664062
7846: Sampled 46 with 211 - sampling time: 0.021485328674316406
7852: Sampled 47 with 707 - sampling time: 0.022960901260375977
7849: Sampled 46 with 541 - sampling time: 0.017666101455688477
7847: Sampled 48 with 378 - sampling time: 0.017687320709228516
7856: Sampled 46 with 1036 - sampling time: 0.01787853240966797
7845: Sampled 45 with 45 - sampling time: 0.018673181533813477
7846: Sampled 47 with 212 - sampling time: 0.016396284103393555
7853: Sampled 46 with 871 - sampling time: 0.026134252548217773
7849: Sampled 47 with 542 - sampling time: 0.01778888702392578
7852: Sampled 48 with 708 - sampling time: 0.022417068481445312
7847: Sampled 49 with 379 - sampling time: 0.016794443130493164
7845: Sampled 46 with 46 - sampling time: 0.020391464233398438
7856: Sampled 47 with 1037 - sampling time: 0.021971702575683594
7846: Sampled 48 with 213 - sampling time: 0.02321314811706543
7853: Sampled 47 with 872 - sampling time: 0.01802802085876465
7849: Sampled 48 with 543 - sampling time: 0.024239063262939453
7852: Sampled 49 with 709 - sampling time: 0.025214433670043945
7856: Sampled 48 with 1038 - sampling time: 0.016330480575561523
7847: Sampled 50 with 380 - sampling time: 0.021831035614013672
7845: Sampled 47 with 47 - sampling time: 0.021615028381347656
7846: Sampled 49 with 214 - sampling time: 0.022048473358154297
7853: Sampled 48 with 873 - sampling time: 0.024373769760131836
7849: Sampled 49 with 544 - sampling time: 0.021152973175048828
7847: Sampled 51 with 381 - sampling time: 0.01674962043762207
7852: Sampled 50 with 710 - sampling time: 0.021280288696289062
7845: Sampled 48 with 48 - sampling time: 0.019916057586669922
7856: Sampled 49 with 1039 - sampling time: 0.0277707576751709
7853: Sampled 49 with 874 - sampling time: 0.018229007720947266
7846: Sampled 50 with 215 - sampling time: 0.02232074737548828
7847: Sampled 52 with 382 - sampling time: 0.01874566078186035
7849: Sampled 50 with 545 - sampling time: 0.021303176879882812
7845: Sampled 49 with 49 - sampling time: 0.02264237403869629
7852: Sampled 51 with 711 - sampling time: 0.02651667594909668
7853: Sampled 50 with 875 - sampling time: 0.018131732940673828
7846: Sampled 51 with 216 - sampling time: 0.01837444305419922
7856: Sampled 50 with 1040 - sampling time: 0.029194116592407227
7849: Sampled 51 with 546 - sampling time: 0.020143985748291016
7847: Sampled 53 with 383 - sampling time: 0.023749589920043945
7845: Sampled 50 with 50 - sampling time: 0.01721358299255371
7852: Sampled 52 with 712 - sampling time: 0.01799941062927246
7853: Sampled 51 with 876 - sampling time: 0.01935124397277832
7846: Sampled 52 with 217 - sampling time: 0.019931316375732422
7856: Sampled 51 with 1041 - sampling time: 0.017900943756103516
7847: Sampled 54 with 384 - sampling time: 0.017972230911254883
7852: Sampled 53 with 713 - sampling time: 0.014249563217163086
7853: Sampled 52 with 877 - sampling time: 0.01736903190612793
7845: Sampled 51 with 51 - sampling time: 0.022582054138183594
7846: Sampled 53 with 218 - sampling time: 0.020061016082763672
7849: Sampled 52 with 547 - sampling time: 0.034088850021362305
7856: Sampled 52 with 1042 - sampling time: 0.02089977264404297
7847: Sampled 55 with 385 - sampling time: 0.02043914794921875
7845: Sampled 52 with 52 - sampling time: 0.020740032196044922
7846: Sampled 54 with 219 - sampling time: 0.022156953811645508
7853: Sampled 53 with 878 - sampling time: 0.027625560760498047
7852: Sampled 54 with 714 - sampling time: 0.03320503234863281
7856: Sampled 53 with 1043 - sampling time: 0.01920032501220703
7849: Sampled 53 with 548 - sampling time: 0.024596214294433594
7847: Sampled 56 with 386 - sampling time: 0.025352001190185547
7845: Sampled 53 with 53 - sampling time: 0.01709461212158203
7852: Sampled 55 with 715 - sampling time: 0.01847672462463379
7846: Sampled 55 with 220 - sampling time: 0.020725011825561523
7853: Sampled 54 with 879 - sampling time: 0.020932435989379883
7849: Sampled 54 with 549 - sampling time: 0.01949310302734375
7856: Sampled 54 with 1044 - sampling time: 0.020781517028808594
7845: Sampled 54 with 54 - sampling time: 0.02048182487487793
7847: Sampled 57 with 387 - sampling time: 0.022293806076049805
7852: Sampled 56 with 716 - sampling time: 0.015067338943481445
7846: Sampled 56 with 221 - sampling time: 0.016080141067504883
7856: Sampled 55 with 1045 - sampling time: 0.016808748245239258
7849: Sampled 55 with 550 - sampling time: 0.019776582717895508
7853: Sampled 55 with 880 - sampling time: 0.022305011749267578
7852: Sampled 57 with 717 - sampling time: 0.01861119270324707
7847: Sampled 58 with 388 - sampling time: 0.019478321075439453
7845: Sampled 55 with 55 - sampling time: 0.01994180679321289
7846: Sampled 57 with 222 - sampling time: 0.01762676239013672
7849: Sampled 56 with 551 - sampling time: 0.019028663635253906
7856: Sampled 56 with 1046 - sampling time: 0.026929616928100586
7845: Sampled 56 with 56 - sampling time: 0.018159151077270508
7853: Sampled 56 with 881 - sampling time: 0.027626991271972656
7852: Sampled 58 with 718 - sampling time: 0.019377708435058594
7847: Sampled 59 with 389 - sampling time: 0.022023439407348633
7846: Sampled 58 with 223 - sampling time: 0.021399974822998047
7849: Sampled 57 with 552 - sampling time: 0.023017168045043945
7856: Sampled 57 with 1047 - sampling time: 0.017665863037109375
7845: Sampled 57 with 57 - sampling time: 0.022754430770874023
7853: Sampled 57 with 882 - sampling time: 0.0229494571685791
7852: Sampled 59 with 719 - sampling time: 0.0231783390045166
7847: Sampled 60 with 390 - sampling time: 0.020858049392700195
7849: Sampled 58 with 553 - sampling time: 0.020876646041870117
7846: Sampled 59 with 224 - sampling time: 0.03295707702636719
7856: Sampled 58 with 1048 - sampling time: 0.022912263870239258
7845: Sampled 58 with 58 - sampling time: 0.018175363540649414
7847: Sampled 61 with 391 - sampling time: 0.020431041717529297
7852: Sampled 60 with 720 - sampling time: 0.02222728729248047
7853: Sampled 58 with 883 - sampling time: 0.024083852767944336
7846: Sampled 60 with 225 - sampling time: 0.01923060417175293
7856: Sampled 59 with 1049 - sampling time: 0.023294925689697266
7849: Sampled 59 with 554 - sampling time: 0.027606487274169922
7847: Sampled 62 with 392 - sampling time: 0.019055604934692383
7845: Sampled 59 with 59 - sampling time: 0.022976160049438477
7852: Sampled 61 with 721 - sampling time: 0.02131795883178711
7853: Sampled 59 with 884 - sampling time: 0.020655393600463867
7846: Sampled 61 with 226 - sampling time: 0.02017378807067871
7856: Sampled 60 with 1050 - sampling time: 0.020198822021484375
7847: Sampled 63 with 393 - sampling time: 0.017180442810058594
7849: Sampled 60 with 555 - sampling time: 0.019376277923583984
7845: Sampled 60 with 60 - sampling time: 0.019407272338867188
7853: Sampled 60 with 885 - sampling time: 0.019954919815063477
7852: Sampled 62 with 722 - sampling time: 0.021867752075195312
7856: Sampled 61 with 1051 - sampling time: 0.014754533767700195
7846: Sampled 62 with 227 - sampling time: 0.02259659767150879
7849: Sampled 61 with 556 - sampling time: 0.01748204231262207
7847: Sampled 64 with 394 - sampling time: 0.020337820053100586
7845: Sampled 61 with 61 - sampling time: 0.02267932891845703
7852: Sampled 63 with 723 - sampling time: 0.017912864685058594
7853: Sampled 61 with 886 - sampling time: 0.022486209869384766
7856: Sampled 62 with 1052 - sampling time: 0.025574922561645508
7849: Sampled 62 with 557 - sampling time: 0.02206110954284668
7846: Sampled 63 with 228 - sampling time: 0.023133039474487305
7847: Sampled 65 with 395 - sampling time: 0.020796537399291992
7845: Sampled 62 with 62 - sampling time: 0.022754669189453125
7852: Sampled 64 with 724 - sampling time: 0.021854162216186523
7853: Sampled 62 with 887 - sampling time: 0.024379730224609375
7846: Sampled 64 with 229 - sampling time: 0.0195310115814209
7847: Sampled 66 with 396 - sampling time: 0.019726037979125977
7849: Sampled 63 with 558 - sampling time: 0.021103382110595703
7856: Sampled 63 with 1053 - sampling time: 0.02198648452758789
7845: Sampled 63 with 63 - sampling time: 0.024152278900146484
7853: Sampled 63 with 888 - sampling time: 0.020506620407104492
7852: Sampled 65 with 725 - sampling time: 0.026462078094482422
7846: Sampled 65 with 230 - sampling time: 0.016454219818115234
7849: Sampled 64 with 559 - sampling time: 0.01912832260131836
7847: Sampled 67 with 397 - sampling time: 0.019557952880859375
7856: Sampled 64 with 1054 - sampling time: 0.024449825286865234
7845: Sampled 64 with 64 - sampling time: 0.017197608947753906
7852: Sampled 66 with 726 - sampling time: 0.01692485809326172
7846: Sampled 66 with 231 - sampling time: 0.020894289016723633
7849: Sampled 65 with 560 - sampling time: 0.017452478408813477
7847: Sampled 68 with 398 - sampling time: 0.01741647720336914
7853: Sampled 64 with 889 - sampling time: 0.02435898780822754
7856: Sampled 65 with 1055 - sampling time: 0.01996445655822754
7845: Sampled 65 with 65 - sampling time: 0.018598556518554688
7852: Sampled 67 with 727 - sampling time: 0.01705336570739746
7853: Sampled 65 with 890 - sampling time: 0.018849849700927734
7847: Sampled 69 with 399 - sampling time: 0.02013397216796875
7849: Sampled 66 with 561 - sampling time: 0.02047872543334961
7846: Sampled 67 with 232 - sampling time: 0.02241802215576172
7856: Sampled 66 with 1056 - sampling time: 0.018247604370117188
7845: Sampled 66 with 66 - sampling time: 0.022733211517333984
7852: Sampled 68 with 728 - sampling time: 0.02202916145324707
7849: Sampled 67 with 562 - sampling time: 0.020247220993041992
7846: Sampled 68 with 233 - sampling time: 0.019088268280029297
7847: Sampled 70 with 400 - sampling time: 0.021161556243896484
7853: Sampled 66 with 891 - sampling time: 0.025387048721313477
7856: Sampled 67 with 1057 - sampling time: 0.022801876068115234
7845: Sampled 67 with 67 - sampling time: 0.018592119216918945
7852: Sampled 69 with 729 - sampling time: 0.02294325828552246
7849: Sampled 68 with 563 - sampling time: 0.017078161239624023
7847: Sampled 71 with 401 - sampling time: 0.01788806915283203
7846: Sampled 69 with 234 - sampling time: 0.02247905731201172
7856: Sampled 68 with 1058 - sampling time: 0.018163204193115234
7853: Sampled 67 with 892 - sampling time: 0.025393009185791016
7845: Sampled 68 with 68 - sampling time: 0.020565509796142578
7852: Sampled 70 with 730 - sampling time: 0.02060246467590332
7849: Sampled 69 with 564 - sampling time: 0.021337270736694336
7847: Sampled 72 with 402 - sampling time: 0.02098250389099121
7846: Sampled 70 with 235 - sampling time: 0.02019047737121582
7856: Sampled 69 with 1059 - sampling time: 0.02205944061279297
7853: Sampled 68 with 893 - sampling time: 0.020726442337036133
7845: Sampled 69 with 69 - sampling time: 0.02066349983215332
7852: Sampled 71 with 731 - sampling time: 0.018685340881347656
7849: Sampled 70 with 565 - sampling time: 0.016374588012695312
7847: Sampled 73 with 403 - sampling time: 0.01777935028076172
7846: Sampled 71 with 236 - sampling time: 0.019698619842529297
7853: Sampled 69 with 894 - sampling time: 0.0158236026763916
7856: Sampled 70 with 1060 - sampling time: 0.020454883575439453
7849: Sampled 71 with 566 - sampling time: 0.016321420669555664
7845: Sampled 70 with 70 - sampling time: 0.021099567413330078
7847: Sampled 74 with 404 - sampling time: 0.01582622528076172
7846: Sampled 72 with 237 - sampling time: 0.019382238388061523
7853: Sampled 70 with 895 - sampling time: 0.017351627349853516
7852: Sampled 72 with 732 - sampling time: 0.029390811920166016
7849: Sampled 72 with 567 - sampling time: 0.015555143356323242
7856: Sampled 71 with 1061 - sampling time: 0.02118086814880371
7845: Sampled 71 with 71 - sampling time: 0.02010321617126465
7847: Sampled 75 with 405 - sampling time: 0.01990222930908203
7846: Sampled 73 with 238 - sampling time: 0.02098870277404785
7852: Sampled 73 with 733 - sampling time: 0.02033519744873047
7853: Sampled 71 with 896 - sampling time: 0.022977352142333984
7849: Sampled 73 with 568 - sampling time: 0.020738840103149414
7856: Sampled 72 with 1062 - sampling time: 0.024055957794189453
7847: Sampled 76 with 406 - sampling time: 0.02714085578918457
7845: Sampled 72 with 72 - sampling time: 0.028543710708618164
7846: Sampled 74 with 239 - sampling time: 0.018906116485595703
7853: Sampled 72 with 897 - sampling time: 0.01822066307067871
7852: Sampled 74 with 734 - sampling time: 0.020931720733642578
7849: Sampled 74 with 569 - sampling time: 0.021477699279785156
7856: Sampled 73 with 1063 - sampling time: 0.02166461944580078
7847: Sampled 77 with 407 - sampling time: 0.019272804260253906
7845: Sampled 73 with 73 - sampling time: 0.020310640335083008
7846: Sampled 75 with 240 - sampling time: 0.019625425338745117
7853: Sampled 73 with 898 - sampling time: 0.019750595092773438
7852: Sampled 75 with 735 - sampling time: 0.02402210235595703
7849: Sampled 75 with 570 - sampling time: 0.023678064346313477
7847: Sampled 78 with 408 - sampling time: 0.020493745803833008
7846: Sampled 76 with 241 - sampling time: 0.018800020217895508
7845: Sampled 74 with 74 - sampling time: 0.01965475082397461
7856: Sampled 74 with 1064 - sampling time: 0.02590012550354004
7853: Sampled 74 with 899 - sampling time: 0.018712759017944336
7852: Sampled 76 with 736 - sampling time: 0.017634868621826172
7849: Sampled 76 with 571 - sampling time: 0.02026963233947754
7847: Sampled 79 with 409 - sampling time: 0.019006729125976562
7846: Sampled 77 with 242 - sampling time: 0.018481969833374023
7856: Sampled 75 with 1065 - sampling time: 0.01816391944885254
7845: Sampled 75 with 75 - sampling time: 0.019103527069091797
7853: Sampled 75 with 900 - sampling time: 0.018084287643432617
7852: Sampled 77 with 737 - sampling time: 0.021641254425048828
7849: Sampled 77 with 572 - sampling time: 0.023183345794677734
7846: Sampled 78 with 243 - sampling time: 0.020441293716430664
7856: Sampled 76 with 1066 - sampling time: 0.02028059959411621
7847: Sampled 80 with 410 - sampling time: 0.021814346313476562
7845: Sampled 76 with 76 - sampling time: 0.021480560302734375
7853: Sampled 76 with 901 - sampling time: 0.02161383628845215
7846: Sampled 79 with 244 - sampling time: 0.01713395118713379
7849: Sampled 78 with 573 - sampling time: 0.020992517471313477
7852: Sampled 78 with 738 - sampling time: 0.029205799102783203
7847: Sampled 81 with 411 - sampling time: 0.01774454116821289
7856: Sampled 77 with 1067 - sampling time: 0.01915431022644043
7845: Sampled 77 with 77 - sampling time: 0.023987770080566406
7853: Sampled 77 with 902 - sampling time: 0.02537393569946289
7849: Sampled 79 with 574 - sampling time: 0.019656658172607422
7856: Sampled 78 with 1068 - sampling time: 0.017931461334228516
7846: Sampled 80 with 245 - sampling time: 0.02069711685180664
7852: Sampled 79 with 739 - sampling time: 0.020707130432128906
7853: Sampled 78 with 903 - sampling time: 0.01846003532409668
7847: Sampled 82 with 412 - sampling time: 0.0286257266998291
7845: Sampled 78 with 78 - sampling time: 0.02319478988647461
7856: Sampled 79 with 1069 - sampling time: 0.01455998420715332
7846: Sampled 81 with 246 - sampling time: 0.017912864685058594
7849: Sampled 80 with 575 - sampling time: 0.0200345516204834
7852: Sampled 80 with 740 - sampling time: 0.02104973793029785
7847: Sampled 83 with 413 - sampling time: 0.01690077781677246
7853: Sampled 79 with 904 - sampling time: 0.020163536071777344
7856: Sampled 80 with 1070 - sampling time: 0.016297101974487305
7846: Sampled 82 with 247 - sampling time: 0.01571035385131836
7845: Sampled 79 with 79 - sampling time: 0.024253368377685547
7849: Sampled 81 with 576 - sampling time: 0.017252445220947266
7852: Sampled 81 with 741 - sampling time: 0.02492547035217285
7847: Sampled 84 with 414 - sampling time: 0.02012157440185547
7853: Sampled 80 with 905 - sampling time: 0.021638154983520508
7849: Sampled 82 with 577 - sampling time: 0.016394615173339844
7846: Sampled 83 with 248 - sampling time: 0.01921677589416504
7856: Sampled 81 with 1071 - sampling time: 0.025905370712280273
7845: Sampled 80 with 80 - sampling time: 0.02319622039794922
7852: Sampled 82 with 742 - sampling time: 0.01995706558227539
7847: Sampled 85 with 415 - sampling time: 0.023212432861328125
7853: Sampled 81 with 906 - sampling time: 0.02036118507385254
7849: Sampled 83 with 578 - sampling time: 0.019464492797851562
7856: Sampled 82 with 1072 - sampling time: 0.021999120712280273
7846: Sampled 84 with 249 - sampling time: 0.02741408348083496
7845: Sampled 81 with 81 - sampling time: 0.0237886905670166
7852: Sampled 83 with 743 - sampling time: 0.022296428680419922
7847: Sampled 86 with 416 - sampling time: 0.01936054229736328
7853: Sampled 82 with 907 - sampling time: 0.020200490951538086
7856: Sampled 83 with 1073 - sampling time: 0.021697044372558594
7849: Sampled 84 with 579 - sampling time: 0.028559207916259766
7846: Sampled 85 with 250 - sampling time: 0.020977258682250977
7845: Sampled 82 with 82 - sampling time: 0.018776416778564453
7852: Sampled 84 with 744 - sampling time: 0.016447067260742188
7847: Sampled 87 with 417 - sampling time: 0.025678634643554688
7853: Sampled 83 with 908 - sampling time: 0.02436518669128418
7846: Sampled 86 with 251 - sampling time: 0.015744686126708984
7845: Sampled 83 with 83 - sampling time: 0.016646146774291992
7852: Sampled 85 with 745 - sampling time: 0.017197847366333008
7856: Sampled 84 with 1074 - sampling time: 0.02228832244873047
7849: Sampled 85 with 580 - sampling time: 0.02214336395263672
7847: Sampled 88 with 418 - sampling time: 0.019523143768310547
7846: Sampled 87 with 252 - sampling time: 0.019591569900512695
7853: Sampled 84 with 909 - sampling time: 0.02075362205505371
7845: Sampled 84 with 84 - sampling time: 0.01964592933654785
7849: Sampled 86 with 581 - sampling time: 0.021399497985839844
7856: Sampled 85 with 1075 - sampling time: 0.02451014518737793
7852: Sampled 86 with 746 - sampling time: 0.024843931198120117
7847: Sampled 89 with 419 - sampling time: 0.022070646286010742
7845: Sampled 85 with 85 - sampling time: 0.019672155380249023
7846: Sampled 88 with 253 - sampling time: 0.02227163314819336
7853: Sampled 85 with 910 - sampling time: 0.02219676971435547
7849: Sampled 87 with 582 - sampling time: 0.021280765533447266
7852: Sampled 87 with 747 - sampling time: 0.020774126052856445
7856: Sampled 86 with 1076 - sampling time: 0.02319025993347168
7847: Sampled 90 with 420 - sampling time: 0.020306825637817383
7853: Sampled 86 with 911 - sampling time: 0.01952385902404785
7846: Sampled 89 with 254 - sampling time: 0.02017831802368164
7845: Sampled 86 with 86 - sampling time: 0.022004365921020508
7852: Sampled 88 with 748 - sampling time: 0.022725582122802734
7849: Sampled 88 with 583 - sampling time: 0.025484323501586914
7856: Sampled 87 with 1077 - sampling time: 0.022361040115356445
7847: Sampled 91 with 421 - sampling time: 0.02247309684753418
7853: Sampled 87 with 912 - sampling time: 0.0223386287689209
7845: Sampled 87 with 87 - sampling time: 0.021472692489624023
7846: Sampled 90 with 255 - sampling time: 0.024320363998413086
7849: Sampled 89 with 584 - sampling time: 0.022795438766479492
7856: Sampled 88 with 1078 - sampling time: 0.021628856658935547
7852: Sampled 89 with 749 - sampling time: 0.02363443374633789
7847: Sampled 92 with 422 - sampling time: 0.01804971694946289
7853: Sampled 88 with 913 - sampling time: 0.019150733947753906
7845: Sampled 88 with 88 - sampling time: 0.023071765899658203
7846: Sampled 91 with 256 - sampling time: 0.020987510681152344
7849: Sampled 90 with 585 - sampling time: 0.0225064754486084
7852: Sampled 90 with 750 - sampling time: 0.022976160049438477
7853: Sampled 89 with 914 - sampling time: 0.01803421974182129
7856: Sampled 89 with 1079 - sampling time: 0.023820877075195312
7847: Sampled 93 with 423 - sampling time: 0.0210115909576416
7846: Sampled 92 with 257 - sampling time: 0.02117443084716797
7845: Sampled 89 with 89 - sampling time: 0.021274089813232422
7849: Sampled 91 with 586 - sampling time: 0.015991687774658203
7847: Sampled 94 with 424 - sampling time: 0.015358924865722656
7853: Sampled 90 with 915 - sampling time: 0.019906044006347656
7852: Sampled 91 with 751 - sampling time: 0.02552938461303711
7856: Sampled 90 with 1080 - sampling time: 0.027711153030395508
7846: Sampled 93 with 258 - sampling time: 0.020711660385131836
7845: Sampled 90 with 90 - sampling time: 0.021483421325683594
7847: Sampled 95 with 425 - sampling time: 0.021022558212280273
7849: Sampled 92 with 587 - sampling time: 0.02348613739013672
7852: Sampled 92 with 752 - sampling time: 0.0165407657623291
7853: Sampled 91 with 916 - sampling time: 0.03087615966796875
7856: Sampled 91 with 1081 - sampling time: 0.022917985916137695
7846: Sampled 94 with 259 - sampling time: 0.0257265567779541
7845: Sampled 91 with 91 - sampling time: 0.025043249130249023
7847: Sampled 96 with 426 - sampling time: 0.01997971534729004
7849: Sampled 93 with 588 - sampling time: 0.020983219146728516
7852: Sampled 93 with 753 - sampling time: 0.020428895950317383
7856: Sampled 92 with 1082 - sampling time: 0.021886110305786133
7853: Sampled 92 with 917 - sampling time: 0.022221803665161133
7847: Sampled 97 with 427 - sampling time: 0.017210006713867188
7846: Sampled 95 with 260 - sampling time: 0.02037668228149414
7845: Sampled 92 with 92 - sampling time: 0.02037334442138672
7849: Sampled 94 with 589 - sampling time: 0.022617578506469727
7852: Sampled 94 with 754 - sampling time: 0.020841598510742188
7856: Sampled 93 with 1083 - sampling time: 0.01895737648010254
7845: Sampled 93 with 93 - sampling time: 0.01939082145690918
7847: Sampled 98 with 428 - sampling time: 0.019544601440429688
7853: Sampled 93 with 918 - sampling time: 0.021429777145385742
7846: Sampled 96 with 261 - sampling time: 0.020795345306396484
7849: Sampled 95 with 590 - sampling time: 0.018758296966552734
7852: Sampled 95 with 755 - sampling time: 0.022099733352661133
7856: Sampled 94 with 1084 - sampling time: 0.01672053337097168
7845: Sampled 94 with 94 - sampling time: 0.02061772346496582
7846: Sampled 97 with 262 - sampling time: 0.02048015594482422
7853: Sampled 94 with 919 - sampling time: 0.02185225486755371
7847: Sampled 99 with 429 - sampling time: 0.0227811336517334
7849: Sampled 96 with 591 - sampling time: 0.03087139129638672
7856: Sampled 95 with 1085 - sampling time: 0.024340152740478516
7852: Sampled 96 with 756 - sampling time: 0.028160810470581055
7845: Sampled 95 with 95 - sampling time: 0.019819974899291992
7846: Sampled 98 with 263 - sampling time: 0.018849611282348633
7847: Sampled 100 with 430 - sampling time: 0.021205425262451172
7853: Sampled 95 with 920 - sampling time: 0.02381277084350586
7849: Sampled 97 with 592 - sampling time: 0.022328615188598633
7852: Sampled 97 with 757 - sampling time: 0.02060103416442871
7847: Sampled 101 with 431 - sampling time: 0.016429424285888672
7845: Sampled 96 with 96 - sampling time: 0.020198822021484375
7856: Sampled 96 with 1086 - sampling time: 0.022263765335083008
7846: Sampled 99 with 264 - sampling time: 0.026896238327026367
7853: Sampled 96 with 921 - sampling time: 0.025896072387695312
7849: Sampled 98 with 593 - sampling time: 0.015407323837280273
7852: Sampled 98 with 758 - sampling time: 0.016889572143554688
7845: Sampled 97 with 97 - sampling time: 0.0174868106842041
7847: Sampled 102 with 432 - sampling time: 0.02181410789489746
7856: Sampled 97 with 1087 - sampling time: 0.02330160140991211
7853: Sampled 97 with 922 - sampling time: 0.023157358169555664
7852: Sampled 99 with 759 - sampling time: 0.01852273941040039
7846: Sampled 100 with 265 - sampling time: 0.02971196174621582
7845: Sampled 98 with 98 - sampling time: 0.019186019897460938
7849: Sampled 99 with 594 - sampling time: 0.024765491485595703
7847: Sampled 103 with 433 - sampling time: 0.022255897521972656
7856: Sampled 98 with 1088 - sampling time: 0.021968364715576172
7853: Sampled 98 with 923 - sampling time: 0.0184783935546875
7845: Sampled 99 with 99 - sampling time: 0.01686382293701172
7846: Sampled 101 with 266 - sampling time: 0.017070293426513672
7852: Sampled 100 with 760 - sampling time: 0.022102832794189453
7849: Sampled 100 with 595 - sampling time: 0.022306442260742188
7847: Sampled 104 with 434 - sampling time: 0.01850581169128418
7856: Sampled 99 with 1089 - sampling time: 0.020082712173461914
7845: Sampled 100 with 100 - sampling time: 0.020067453384399414
7846: Sampled 102 with 267 - sampling time: 0.020685195922851562
7853: Sampled 99 with 924 - sampling time: 0.02122950553894043
7852: Sampled 101 with 761 - sampling time: 0.025634765625
7849: Sampled 101 with 596 - sampling time: 0.023299694061279297
7856: Sampled 100 with 1090 - sampling time: 0.020199060440063477
7846: Sampled 103 with 268 - sampling time: 0.01879429817199707
7847: Sampled 105 with 435 - sampling time: 0.03109598159790039
7853: Sampled 100 with 925 - sampling time: 0.022007226943969727
7845: Sampled 101 with 101 - sampling time: 0.025822877883911133
7852: Sampled 102 with 762 - sampling time: 0.02261209487915039
7849: Sampled 102 with 597 - sampling time: 0.02065253257751465
7856: Sampled 101 with 1091 - sampling time: 0.026782751083374023
7853: Sampled 101 with 926 - sampling time: 0.018550395965576172
7846: Sampled 104 with 269 - sampling time: 0.021929025650024414
7847: Sampled 106 with 436 - sampling time: 0.022226333618164062
7845: Sampled 102 with 102 - sampling time: 0.02400803565979004
7852: Sampled 103 with 763 - sampling time: 0.019366741180419922
7849: Sampled 103 with 598 - sampling time: 0.020421504974365234
7846: Sampled 105 with 270 - sampling time: 0.01519465446472168
7856: Sampled 102 with 1092 - sampling time: 0.025676965713500977
7853: Sampled 102 with 927 - sampling time: 0.025005578994750977
7847: Sampled 107 with 437 - sampling time: 0.02438044548034668
7845: Sampled 103 with 103 - sampling time: 0.017896652221679688
7852: Sampled 104 with 764 - sampling time: 0.017507553100585938
7849: Sampled 104 with 599 - sampling time: 0.01640009880065918
7846: Sampled 106 with 271 - sampling time: 0.020372629165649414
7856: Sampled 103 with 1093 - sampling time: 0.016327619552612305
7853: Sampled 103 with 928 - sampling time: 0.015159130096435547
7847: Sampled 108 with 438 - sampling time: 0.01882195472717285
7849: Sampled 105 with 600 - sampling time: 0.017922639846801758
7852: Sampled 105 with 765 - sampling time: 0.01949453353881836
7845: Sampled 104 with 104 - sampling time: 0.02157425880432129
7846: Sampled 107 with 272 - sampling time: 0.023194074630737305
7853: Sampled 104 with 929 - sampling time: 0.018834829330444336
7856: Sampled 104 with 1094 - sampling time: 0.019989490509033203
7849: Sampled 106 with 601 - sampling time: 0.01883077621459961
7847: Sampled 109 with 439 - sampling time: 0.020215988159179688
7845: Sampled 105 with 105 - sampling time: 0.02261638641357422
7852: Sampled 106 with 766 - sampling time: 0.024341821670532227
7856: Sampled 105 with 1095 - sampling time: 0.01844310760498047
7846: Sampled 108 with 273 - sampling time: 0.022965192794799805
7849: Sampled 107 with 602 - sampling time: 0.01784038543701172
7853: Sampled 105 with 930 - sampling time: 0.023752212524414062
7847: Sampled 110 with 440 - sampling time: 0.02785968780517578
7852: Sampled 107 with 767 - sampling time: 0.02321767807006836
7845: Sampled 106 with 106 - sampling time: 0.023511409759521484
7856: Sampled 106 with 1096 - sampling time: 0.018313169479370117
7853: Sampled 106 with 931 - sampling time: 0.019800662994384766
7846: Sampled 109 with 274 - sampling time: 0.02121877670288086
7845: Sampled 107 with 107 - sampling time: 0.014835834503173828
7849: Sampled 108 with 603 - sampling time: 0.03048539161682129
7847: Sampled 111 with 441 - sampling time: 0.020725250244140625
7852: Sampled 108 with 768 - sampling time: 0.020465850830078125
7856: Sampled 107 with 1097 - sampling time: 0.021187305450439453
7853: Sampled 107 with 932 - sampling time: 0.023437023162841797
7845: Sampled 108 with 108 - sampling time: 0.017124176025390625
7846: Sampled 110 with 275 - sampling time: 0.023835420608520508
7847: Sampled 112 with 442 - sampling time: 0.016289472579956055
7849: Sampled 109 with 604 - sampling time: 0.017794370651245117
7852: Sampled 109 with 769 - sampling time: 0.01900315284729004
7856: Sampled 108 with 1098 - sampling time: 0.024624347686767578
7845: Sampled 109 with 109 - sampling time: 0.017200946807861328
7853: Sampled 108 with 933 - sampling time: 0.01951289176940918
7847: Sampled 113 with 443 - sampling time: 0.018781423568725586
7846: Sampled 111 with 276 - sampling time: 0.0244443416595459
7849: Sampled 110 with 605 - sampling time: 0.023286104202270508
7852: Sampled 110 with 770 - sampling time: 0.028817176818847656
7853: Sampled 109 with 934 - sampling time: 0.017791271209716797
7845: Sampled 110 with 110 - sampling time: 0.02060222625732422
7847: Sampled 114 with 444 - sampling time: 0.018403291702270508
7856: Sampled 109 with 1099 - sampling time: 0.02380228042602539
7846: Sampled 112 with 277 - sampling time: 0.02651047706604004
7849: Sampled 111 with 606 - sampling time: 0.026200532913208008
7852: Sampled 111 with 771 - sampling time: 0.01739192008972168
7856: Sampled 110 with 1100 - sampling time: 0.016540050506591797
7853: Sampled 110 with 935 - sampling time: 0.021645784378051758
7845: Sampled 111 with 111 - sampling time: 0.023316144943237305
7847: Sampled 115 with 445 - sampling time: 0.024642467498779297
7852: Sampled 112 with 772 - sampling time: 0.021085023880004883
7849: Sampled 112 with 607 - sampling time: 0.02164435386657715
7846: Sampled 113 with 278 - sampling time: 0.025313615798950195
7856: Sampled 111 with 1101 - sampling time: 0.02037501335144043
7853: Sampled 111 with 936 - sampling time: 0.018913745880126953
7845: Sampled 112 with 112 - sampling time: 0.023593664169311523
7847: Sampled 116 with 446 - sampling time: 0.025197982788085938
7852: Sampled 113 with 773 - sampling time: 0.0177304744720459
7849: Sampled 113 with 608 - sampling time: 0.017555952072143555
7846: Sampled 114 with 279 - sampling time: 0.015795230865478516
7856: Sampled 112 with 1102 - sampling time: 0.019910573959350586
7853: Sampled 112 with 937 - sampling time: 0.020670175552368164
7845: Sampled 113 with 113 - sampling time: 0.022916316986083984
7847: Sampled 117 with 447 - sampling time: 0.017902851104736328
7846: Sampled 115 with 280 - sampling time: 0.015320777893066406
7852: Sampled 114 with 774 - sampling time: 0.016533851623535156
7856: Sampled 113 with 1103 - sampling time: 0.018893003463745117
7849: Sampled 114 with 609 - sampling time: 0.02431964874267578
7853: Sampled 113 with 938 - sampling time: 0.0229189395904541
7847: Sampled 118 with 448 - sampling time: 0.020771265029907227
7846: Sampled 116 with 281 - sampling time: 0.020669221878051758
7845: Sampled 114 with 114 - sampling time: 0.02174520492553711
7852: Sampled 115 with 775 - sampling time: 0.02171945571899414
7856: Sampled 114 with 1104 - sampling time: 0.019335508346557617
7849: Sampled 115 with 610 - sampling time: 0.0215609073638916
7853: Sampled 114 with 939 - sampling time: 0.02576470375061035
7846: Sampled 117 with 282 - sampling time: 0.020336389541625977
7845: Sampled 115 with 115 - sampling time: 0.021132230758666992
7852: Sampled 116 with 776 - sampling time: 0.020513057708740234
7847: Sampled 119 with 449 - sampling time: 0.02599191665649414
7856: Sampled 115 with 1105 - sampling time: 0.021713972091674805
7849: Sampled 116 with 611 - sampling time: 0.020859956741333008
7853: Sampled 115 with 940 - sampling time: 0.0233612060546875
7846: Sampled 118 with 283 - sampling time: 0.02141571044921875
7852: Sampled 117 with 777 - sampling time: 0.020133495330810547
7845: Sampled 116 with 116 - sampling time: 0.023093700408935547
7847: Sampled 120 with 450 - sampling time: 0.022910594940185547
7856: Sampled 116 with 1106 - sampling time: 0.0252530574798584
7849: Sampled 117 with 612 - sampling time: 0.024235248565673828
7846: Sampled 119 with 284 - sampling time: 0.01706218719482422
7852: Sampled 118 with 778 - sampling time: 0.017436504364013672
7853: Sampled 116 with 941 - sampling time: 0.01950669288635254
7845: Sampled 117 with 117 - sampling time: 0.019864320755004883
7856: Sampled 117 with 1107 - sampling time: 0.01731705665588379
7847: Sampled 121 with 451 - sampling time: 0.022099971771240234
7846: Sampled 120 with 285 - sampling time: 0.015592813491821289
7852: Sampled 119 with 779 - sampling time: 0.017104387283325195
7849: Sampled 118 with 613 - sampling time: 0.02466583251953125
7853: Sampled 117 with 942 - sampling time: 0.018825054168701172
7845: Sampled 118 with 118 - sampling time: 0.019838571548461914
7856: Sampled 118 with 1108 - sampling time: 0.020047903060913086
7846: Sampled 121 with 286 - sampling time: 0.01734638214111328
7852: Sampled 120 with 780 - sampling time: 0.016301870346069336
7847: Sampled 122 with 452 - sampling time: 0.022138357162475586
7849: Sampled 119 with 614 - sampling time: 0.019957780838012695
7853: Sampled 118 with 943 - sampling time: 0.020621538162231445
7845: Sampled 119 with 119 - sampling time: 0.01883673667907715
7846: Sampled 122 with 287 - sampling time: 0.019186019897460938
7847: Sampled 123 with 453 - sampling time: 0.017769575119018555
7856: Sampled 119 with 1109 - sampling time: 0.0203092098236084
7852: Sampled 121 with 781 - sampling time: 0.019320249557495117
7849: Sampled 120 with 615 - sampling time: 0.023447751998901367
7853: Sampled 119 with 944 - sampling time: 0.025327205657958984
7845: Sampled 120 with 120 - sampling time: 0.022824764251708984
7847: Sampled 124 with 454 - sampling time: 0.01950860023498535
7856: Sampled 120 with 1110 - sampling time: 0.01945018768310547
7846: Sampled 123 with 288 - sampling time: 0.020980119705200195
7852: Sampled 122 with 782 - sampling time: 0.020312786102294922
7845: Sampled 121 with 121 - sampling time: 0.019756078720092773
7847: Sampled 125 with 455 - sampling time: 0.015775442123413086
7849: Sampled 121 with 616 - sampling time: 0.02363133430480957
7853: Sampled 120 with 945 - sampling time: 0.02196478843688965
7856: Sampled 121 with 1111 - sampling time: 0.017653703689575195
7846: Sampled 124 with 289 - sampling time: 0.019536495208740234
7852: Sampled 123 with 783 - sampling time: 0.01992487907409668
7845: Sampled 122 with 122 - sampling time: 0.018369197845458984
7849: Sampled 122 with 617 - sampling time: 0.018549203872680664
7853: Sampled 121 with 946 - sampling time: 0.019364595413208008
7847: Sampled 126 with 456 - sampling time: 0.02229022979736328
7846: Sampled 125 with 290 - sampling time: 0.019159317016601562
7856: Sampled 122 with 1112 - sampling time: 0.02270030975341797
7852: Sampled 124 with 784 - sampling time: 0.021404743194580078
7847: Sampled 127 with 457 - sampling time: 0.01641082763671875
7849: Sampled 123 with 618 - sampling time: 0.02048349380493164
7853: Sampled 122 with 947 - sampling time: 0.01916813850402832
7845: Sampled 123 with 123 - sampling time: 0.02395939826965332
7856: Sampled 123 with 1113 - sampling time: 0.01747727394104004
7846: Sampled 126 with 291 - sampling time: 0.020838022232055664
7853: Sampled 123 with 948 - sampling time: 0.015832185745239258
7847: Sampled 128 with 458 - sampling time: 0.017664670944213867
7849: Sampled 124 with 619 - sampling time: 0.018134355545043945
7852: Sampled 125 with 785 - sampling time: 0.02996373176574707
7845: Sampled 124 with 124 - sampling time: 0.01713728904724121
7856: Sampled 124 with 1114 - sampling time: 0.020939111709594727
7846: Sampled 127 with 292 - sampling time: 0.020893096923828125
7853: Sampled 124 with 949 - sampling time: 0.019162416458129883
7847: Sampled 129 with 459 - sampling time: 0.020792245864868164
7849: Sampled 125 with 620 - sampling time: 0.020651817321777344
7852: Sampled 126 with 786 - sampling time: 0.020305156707763672
7845: Sampled 125 with 125 - sampling time: 0.022474050521850586
7856: Sampled 125 with 1115 - sampling time: 0.025690793991088867
7846: Sampled 128 with 293 - sampling time: 0.027751684188842773
7853: Sampled 125 with 950 - sampling time: 0.021572351455688477
7852: Sampled 127 with 787 - sampling time: 0.021000385284423828
7847: Sampled 130 with 460 - sampling time: 0.02222895622253418
7849: Sampled 126 with 621 - sampling time: 0.02274942398071289
7845: Sampled 126 with 126 - sampling time: 0.021392107009887695
7856: Sampled 126 with 1116 - sampling time: 0.01969742774963379
7846: Sampled 129 with 294 - sampling time: 0.01983332633972168
7847: Sampled 131 with 461 - sampling time: 0.019298791885375977
7849: Sampled 127 with 622 - sampling time: 0.018456220626831055
7852: Sampled 128 with 788 - sampling time: 0.020156383514404297
7853: Sampled 126 with 951 - sampling time: 0.021941184997558594
7845: Sampled 127 with 127 - sampling time: 0.021760225296020508
7856: Sampled 127 with 1117 - sampling time: 0.021988630294799805
7846: Sampled 130 with 295 - sampling time: 0.01867985725402832
7847: Sampled 132 with 462 - sampling time: 0.01638627052307129
7853: Sampled 127 with 952 - sampling time: 0.016588926315307617
7849: Sampled 128 with 623 - sampling time: 0.017645835876464844
7852: Sampled 129 with 789 - sampling time: 0.02018260955810547
7856: Sampled 128 with 1118 - sampling time: 0.015688180923461914
7845: Sampled 128 with 128 - sampling time: 0.02189946174621582
7846: Sampled 131 with 296 - sampling time: 0.01885366439819336
7849: Sampled 129 with 624 - sampling time: 0.015341758728027344
7847: Sampled 133 with 463 - sampling time: 0.017427444458007812
7852: Sampled 130 with 790 - sampling time: 0.018621206283569336
7853: Sampled 128 with 953 - sampling time: 0.022935867309570312
7847: Sampled 134 with 464 - sampling time: 0.01712322235107422
7845: Sampled 129 with 129 - sampling time: 0.023929357528686523
7856: Sampled 129 with 1119 - sampling time: 0.02834606170654297
7846: Sampled 132 with 297 - sampling time: 0.02357649803161621
7849: Sampled 130 with 625 - sampling time: 0.024043560028076172
7852: Sampled 131 with 791 - sampling time: 0.019842863082885742
7853: Sampled 129 with 954 - sampling time: 0.023070573806762695
7847: Sampled 135 with 465 - sampling time: 0.021854639053344727
7856: Sampled 130 with 1120 - sampling time: 0.017931222915649414
7845: Sampled 130 with 130 - sampling time: 0.02466893196105957
7849: Sampled 131 with 626 - sampling time: 0.019724369049072266
7852: Sampled 132 with 792 - sampling time: 0.024935007095336914
7846: Sampled 133 with 298 - sampling time: 0.029002666473388672
7853: Sampled 130 with 955 - sampling time: 0.021963119506835938
7847: Sampled 136 with 466 - sampling time: 0.021282434463500977
7845: Sampled 131 with 131 - sampling time: 0.0183713436126709
7849: Sampled 132 with 627 - sampling time: 0.018197298049926758
7856: Sampled 131 with 1121 - sampling time: 0.022794246673583984
7853: Sampled 131 with 956 - sampling time: 0.018249034881591797
7852: Sampled 133 with 793 - sampling time: 0.020893335342407227
7846: Sampled 134 with 299 - sampling time: 0.021178007125854492
7847: Sampled 137 with 467 - sampling time: 0.018750905990600586
7849: Sampled 133 with 628 - sampling time: 0.018745899200439453
7845: Sampled 132 with 132 - sampling time: 0.019626855850219727
7856: Sampled 132 with 1122 - sampling time: 0.017885208129882812
7853: Sampled 132 with 957 - sampling time: 0.018003225326538086
7846: Sampled 135 with 300 - sampling time: 0.016489505767822266
7852: Sampled 134 with 794 - sampling time: 0.017719268798828125
7847: Sampled 138 with 468 - sampling time: 0.01973271369934082
7849: Sampled 134 with 629 - sampling time: 0.021407604217529297
7845: Sampled 133 with 133 - sampling time: 0.02152276039123535
7856: Sampled 133 with 1123 - sampling time: 0.02484750747680664
7853: Sampled 133 with 958 - sampling time: 0.017913103103637695
7852: Sampled 135 with 795 - sampling time: 0.019037961959838867
7846: Sampled 136 with 301 - sampling time: 0.019190311431884766
7845: Sampled 134 with 134 - sampling time: 0.02083897590637207
7849: Sampled 135 with 630 - sampling time: 0.021780014038085938
7847: Sampled 139 with 469 - sampling time: 0.026190757751464844
7853: Sampled 134 with 959 - sampling time: 0.020168781280517578
7856: Sampled 134 with 1124 - sampling time: 0.020718812942504883
7846: Sampled 137 with 302 - sampling time: 0.021656274795532227
7852: Sampled 136 with 796 - sampling time: 0.027198314666748047
7845: Sampled 135 with 135 - sampling time: 0.024596452713012695
7847: Sampled 140 with 470 - sampling time: 0.02242732048034668
7853: Sampled 135 with 960 - sampling time: 0.02170586585998535
7856: Sampled 135 with 1125 - sampling time: 0.02220773696899414
7849: Sampled 136 with 631 - sampling time: 0.024982452392578125
7846: Sampled 138 with 303 - sampling time: 0.02100086212158203
7852: Sampled 137 with 797 - sampling time: 0.030028581619262695
7845: Sampled 136 with 136 - sampling time: 0.017947912216186523
7853: Sampled 136 with 961 - sampling time: 0.018681764602661133
7849: Sampled 137 with 632 - sampling time: 0.017798185348510742
7856: Sampled 136 with 1126 - sampling time: 0.01893758773803711
7847: Sampled 141 with 471 - sampling time: 0.022681474685668945
7846: Sampled 139 with 304 - sampling time: 0.023926973342895508
7849: Sampled 138 with 633 - sampling time: 0.018858909606933594
7845: Sampled 137 with 137 - sampling time: 0.020237445831298828
7853: Sampled 137 with 962 - sampling time: 0.01943230628967285
7852: Sampled 138 with 798 - sampling time: 0.020890474319458008
7856: Sampled 137 with 1127 - sampling time: 0.024245023727416992
7847: Sampled 142 with 472 - sampling time: 0.022774457931518555
7846: Sampled 140 with 305 - sampling time: 0.023267030715942383
7849: Sampled 139 with 634 - sampling time: 0.017513513565063477
7853: Sampled 138 with 963 - sampling time: 0.01755356788635254
7845: Sampled 138 with 138 - sampling time: 0.01831650733947754
7852: Sampled 139 with 799 - sampling time: 0.018309593200683594
7846: Sampled 141 with 306 - sampling time: 0.018885374069213867
7847: Sampled 143 with 473 - sampling time: 0.02390885353088379
7856: Sampled 138 with 1128 - sampling time: 0.025946855545043945
7849: Sampled 140 with 635 - sampling time: 0.018036842346191406
7853: Sampled 139 with 964 - sampling time: 0.017855167388916016
7852: Sampled 140 with 800 - sampling time: 0.021303892135620117
7845: Sampled 139 with 139 - sampling time: 0.02282881736755371
7847: Sampled 144 with 474 - sampling time: 0.020243406295776367
7856: Sampled 139 with 1129 - sampling time: 0.020405054092407227
7849: Sampled 141 with 636 - sampling time: 0.01771855354309082
7846: Sampled 142 with 307 - sampling time: 0.02178645133972168
7853: Sampled 140 with 965 - sampling time: 0.025454282760620117
7852: Sampled 141 with 801 - sampling time: 0.024548768997192383
7845: Sampled 140 with 140 - sampling time: 0.02454662322998047
7846: Sampled 143 with 308 - sampling time: 0.018986225128173828
7849: Sampled 142 with 637 - sampling time: 0.08851218223571777
7856: Sampled 140 with 1130 - sampling time: 0.08914709091186523
7847: Sampled 145 with 475 - sampling time: 0.09022331237792969
7853: Sampled 141 with 966 - sampling time: 0.11599349975585938
7852: Sampled 142 with 802 - sampling time: 0.11263847351074219
7845: Sampled 141 with 141 - sampling time: 0.11167669296264648
7849: Sampled 143 with 638 - sampling time: 0.036322832107543945
7847: Sampled 146 with 476 - sampling time: 0.03614449501037598
7856: Sampled 141 with 1131 - sampling time: 0.03659963607788086
7846: Sampled 144 with 309 - sampling time: 0.10694766044616699
7845: Sampled 142 with 142 - sampling time: 0.01995062828063965
7853: Sampled 142 with 967 - sampling time: 0.020641565322875977
7847: Sampled 147 with 477 - sampling time: 0.020115375518798828
7856: Sampled 142 with 1132 - sampling time: 0.020018339157104492
7852: Sampled 143 with 803 - sampling time: 0.02112126350402832
7846: Sampled 145 with 310 - sampling time: 0.02189779281616211
7849: Sampled 144 with 639 - sampling time: 0.0257108211517334
7847: Sampled 148 with 478 - sampling time: 0.01822495460510254
7856: Sampled 143 with 1133 - sampling time: 0.018912553787231445
7853: Sampled 143 with 968 - sampling time: 0.019816875457763672
7845: Sampled 143 with 143 - sampling time: 0.020943641662597656
7852: Sampled 144 with 804 - sampling time: 0.020975828170776367
7846: Sampled 146 with 311 - sampling time: 0.018895864486694336
7849: Sampled 145 with 640 - sampling time: 0.020302772521972656
7845: Sampled 144 with 144 - sampling time: 0.0176239013671875
7856: Sampled 144 with 1134 - sampling time: 0.018899917602539062
7847: Sampled 149 with 479 - sampling time: 0.020604610443115234
7853: Sampled 144 with 969 - sampling time: 0.01956319808959961
7846: Sampled 147 with 312 - sampling time: 0.0172882080078125
7852: Sampled 145 with 805 - sampling time: 0.01776719093322754
7849: Sampled 146 with 641 - sampling time: 0.02651810646057129
7845: Sampled 145 with 145 - sampling time: 0.01583695411682129
7846: Sampled 148 with 313 - sampling time: 0.016117572784423828
7856: Sampled 145 with 1135 - sampling time: 0.01729106903076172
7852: Sampled 146 with 806 - sampling time: 0.021615982055664062
7847: Sampled 150 with 480 - sampling time: 0.02342057228088379
7853: Sampled 145 with 970 - sampling time: 0.024585485458374023
7849: Sampled 147 with 642 - sampling time: 0.022486448287963867
7845: Sampled 146 with 146 - sampling time: 0.02266836166381836
7856: Sampled 146 with 1136 - sampling time: 0.02190685272216797
7852: Sampled 147 with 807 - sampling time: 0.019411087036132812
7846: Sampled 149 with 314 - sampling time: 0.026015520095825195
7853: Sampled 146 with 971 - sampling time: 0.02353191375732422
7847: Sampled 151 with 481 - sampling time: 0.0249173641204834
7849: Sampled 148 with 643 - sampling time: 0.023911237716674805
7845: Sampled 147 with 147 - sampling time: 0.023169517517089844
7856: Sampled 147 with 1137 - sampling time: 0.023495197296142578
7846: Sampled 150 with 315 - sampling time: 0.020894289016723633
7852: Sampled 148 with 808 - sampling time: 0.02202606201171875
7853: Sampled 147 with 972 - sampling time: 0.02034616470336914
7847: Sampled 152 with 482 - sampling time: 0.0232086181640625
7856: Sampled 148 with 1138 - sampling time: 0.01737666130065918
7849: Sampled 149 with 644 - sampling time: 0.02049112319946289
7846: Sampled 151 with 316 - sampling time: 0.01772928237915039
7845: Sampled 148 with 148 - sampling time: 0.020459413528442383
7852: Sampled 149 with 809 - sampling time: 0.019890785217285156
7847: Sampled 153 with 483 - sampling time: 0.02397894859313965
7853: Sampled 148 with 973 - sampling time: 0.02701544761657715
7856: Sampled 149 with 1139 - sampling time: 0.017767667770385742
7846: Sampled 152 with 317 - sampling time: 0.01678609848022461
7845: Sampled 149 with 149 - sampling time: 0.016597986221313477
7849: Sampled 150 with 645 - sampling time: 0.020760536193847656
7852: Sampled 150 with 810 - sampling time: 0.021045446395874023
7847: Sampled 154 with 484 - sampling time: 0.020661354064941406
7846: Sampled 153 with 318 - sampling time: 0.018536806106567383
7853: Sampled 149 with 974 - sampling time: 0.021266937255859375
7845: Sampled 150 with 150 - sampling time: 0.019108057022094727
7856: Sampled 150 with 1140 - sampling time: 0.02116847038269043
7849: Sampled 151 with 646 - sampling time: 0.02945995330810547
7852: Sampled 151 with 811 - sampling time: 0.027555465698242188
7846: Sampled 154 with 319 - sampling time: 0.018672466278076172
7853: Sampled 150 with 975 - sampling time: 0.01972222328186035
7847: Sampled 155 with 485 - sampling time: 0.020407438278198242
7845: Sampled 151 with 151 - sampling time: 0.02230215072631836
7856: Sampled 151 with 1141 - sampling time: 0.0224454402923584
7849: Sampled 152 with 647 - sampling time: 0.021206378936767578
7846: Sampled 155 with 320 - sampling time: 0.019060373306274414
7852: Sampled 152 with 812 - sampling time: 0.022710800170898438
7853: Sampled 151 with 976 - sampling time: 0.018919944763183594
7847: Sampled 156 with 486 - sampling time: 0.01900625228881836
7856: Sampled 152 with 1142 - sampling time: 0.021088123321533203
7845: Sampled 152 with 152 - sampling time: 0.027760744094848633
7847: Sampled 157 with 487 - sampling time: 0.0177915096282959
7849: Sampled 153 with 648 - sampling time: 0.021674394607543945
7846: Sampled 156 with 321 - sampling time: 0.021558761596679688
7852: Sampled 153 with 813 - sampling time: 0.02337193489074707
7853: Sampled 152 with 977 - sampling time: 0.023183107376098633
7856: Sampled 153 with 1143 - sampling time: 0.02160501480102539
7845: Sampled 153 with 153 - sampling time: 0.022693872451782227
7849: Sampled 154 with 649 - sampling time: 0.017940521240234375
7847: Sampled 158 with 488 - sampling time: 0.01836681365966797
7846: Sampled 157 with 322 - sampling time: 0.017194509506225586
7852: Sampled 154 with 814 - sampling time: 0.016640901565551758
7853: Sampled 153 with 978 - sampling time: 0.023204803466796875
7845: Sampled 154 with 154 - sampling time: 0.01741623878479004
7856: Sampled 154 with 1144 - sampling time: 0.028520822525024414
7849: Sampled 155 with 650 - sampling time: 0.021931171417236328
7847: Sampled 159 with 489 - sampling time: 0.02294754981994629
7852: Sampled 155 with 815 - sampling time: 0.020958662033081055
7846: Sampled 158 with 323 - sampling time: 0.02280879020690918
7853: Sampled 154 with 979 - sampling time: 0.02246713638305664
7845: Sampled 155 with 155 - sampling time: 0.021950244903564453
7849: Sampled 156 with 651 - sampling time: 0.017861366271972656
7856: Sampled 155 with 1145 - sampling time: 0.018799781799316406
7847: Sampled 160 with 490 - sampling time: 0.020934104919433594
7846: Sampled 159 with 324 - sampling time: 0.02046680450439453
7852: Sampled 156 with 816 - sampling time: 0.02788066864013672
7849: Sampled 157 with 652 - sampling time: 0.016706228256225586
7856: Sampled 156 with 1146 - sampling time: 0.01635265350341797
7845: Sampled 156 with 156 - sampling time: 0.019938230514526367
7853: Sampled 155 with 980 - sampling time: 0.028638362884521484
7847: Sampled 161 with 491 - sampling time: 0.021808862686157227
7846: Sampled 160 with 325 - sampling time: 0.02227306365966797
7856: Sampled 157 with 1147 - sampling time: 0.02083730697631836
7849: Sampled 158 with 653 - sampling time: 0.023817062377929688
7852: Sampled 157 with 817 - sampling time: 0.02852320671081543
7853: Sampled 156 with 981 - sampling time: 0.01951122283935547
7845: Sampled 157 with 157 - sampling time: 0.023463964462280273
7847: Sampled 162 with 492 - sampling time: 0.022704601287841797
7846: Sampled 161 with 326 - sampling time: 0.02211594581604004
7845: Sampled 158 with 158 - sampling time: 0.017120838165283203
7856: Sampled 158 with 1148 - sampling time: 0.02157759666442871
7849: Sampled 159 with 654 - sampling time: 0.020665645599365234
7853: Sampled 157 with 982 - sampling time: 0.01999640464782715
7852: Sampled 158 with 818 - sampling time: 0.02090001106262207
7846: Sampled 162 with 327 - sampling time: 0.022098302841186523
7847: Sampled 163 with 493 - sampling time: 0.022955656051635742
7845: Sampled 159 with 159 - sampling time: 0.016321420669555664
7856: Sampled 159 with 1149 - sampling time: 0.017692089080810547
7852: Sampled 159 with 819 - sampling time: 0.021874189376831055
7849: Sampled 160 with 655 - sampling time: 0.022217512130737305
7853: Sampled 158 with 983 - sampling time: 0.02455615997314453
7846: Sampled 163 with 328 - sampling time: 0.02069544792175293
7847: Sampled 164 with 494 - sampling time: 0.021143436431884766
7845: Sampled 160 with 160 - sampling time: 0.019886493682861328
7856: Sampled 160 with 1150 - sampling time: 0.01890087127685547
7853: Sampled 159 with 984 - sampling time: 0.02396416664123535
7852: Sampled 160 with 820 - sampling time: 0.02657794952392578
7849: Sampled 161 with 656 - sampling time: 0.027013063430786133
7846: Sampled 164 with 329 - sampling time: 0.01985335350036621
7856: Sampled 161 with 1151 - sampling time: 0.022637605667114258
7847: Sampled 165 with 495 - sampling time: 0.025712251663208008
7845: Sampled 161 with 161 - sampling time: 0.024654388427734375
7849: Sampled 162 with 657 - sampling time: 0.017681598663330078
7852: Sampled 161 with 821 - sampling time: 0.019345998764038086
7853: Sampled 160 with 985 - sampling time: 0.019572973251342773
7846: Sampled 165 with 330 - sampling time: 0.0200808048248291
7856: Sampled 162 with 1152 - sampling time: 0.01866316795349121
7845: Sampled 162 with 162 - sampling time: 0.018651962280273438
7849: Sampled 163 with 658 - sampling time: 0.015101909637451172
7853: Sampled 161 with 986 - sampling time: 0.015370845794677734
7852: Sampled 162 with 822 - sampling time: 0.016002416610717773
7845: Sampled 163 with 163 - sampling time: 0.014721393585205078
7849: Sampled 164 with 659 - sampling time: 0.010900020599365234
7853: Sampled 162 with 987 - sampling time: 0.013774871826171875
7852: Sampled 163 with 823 - sampling time: 0.013470888137817383
7845: Sampled 164 with 164 - sampling time: 0.013195037841796875
7849: Sampled 165 with 660 - sampling time: 0.012284994125366211
7853: Sampled 163 with 988 - sampling time: 0.013004779815673828
7852: Sampled 164 with 824 - sampling time: 0.01542353630065918
7845: Sampled 165 with 165 - sampling time: 0.012436389923095703
7853: Sampled 164 with 989 - sampling time: 0.013159751892089844
7852: Sampled 165 with 825 - sampling time: 0.014876365661621094
7853: Sampled 165 with 990 - sampling time: 0.011908292770385742
--- total time: 3.800422430038452 seconds ---
Output samples created on:  ./Samples/smarch_mp/X264_1152.samples

real	0m3.869s
user	0m13.292s
sys	0m7.581s
