Input file:  ./FeatureModel/7z.dimacs
Number of samples:  100
Output directory: ./Samples/smarch_base/smarch
Counting - Total configurations: 68640
Sampling 1 with 52626 - sampling time: 0.48552465438842773
Sampling 2 with 25267 - sampling time: 0.4901139736175537
Sampling 3 with 26812 - sampling time: 0.46165990829467773
Sampling 4 with 57232 - sampling time: 0.4714927673339844
Sampling 5 with 68403 - sampling time: 0.4777565002441406
Sampling 6 with 28384 - sampling time: 0.47672176361083984
Sampling 7 with 46511 - sampling time: 0.4631974697113037
Sampling 8 with 14819 - sampling time: 0.5767338275909424
Sampling 9 with 18452 - sampling time: 0.40192651748657227
Sampling 10 with 26388 - sampling time: 0.4457993507385254
Sampling 11 with 51789 - sampling time: 0.4479694366455078
Sampling 12 with 35364 - sampling time: 0.4602184295654297
Sampling 13 with 48466 - sampling time: 0.4551723003387451
Sampling 14 with 30012 - sampling time: 0.530663251876831
Sampling 15 with 31184 - sampling time: 0.6154050827026367
Sampling 16 with 39622 - sampling time: 0.46152305603027344
Sampling 17 with 43064 - sampling time: 0.4182448387145996
Sampling 18 with 63001 - sampling time: 0.45400047302246094
Sampling 19 with 10007 - sampling time: 0.45078158378601074
Sampling 20 with 234 - sampling time: 0.43926048278808594
Sampling 21 with 13108 - sampling time: 0.4600334167480469
Sampling 22 with 5882 - sampling time: 0.4054720401763916
Sampling 23 with 13530 - sampling time: 0.47420716285705566
Sampling 24 with 22286 - sampling time: 0.4059486389160156
Sampling 25 with 28435 - sampling time: 0.5427026748657227
Sampling 26 with 63673 - sampling time: 0.47557735443115234
Sampling 27 with 30594 - sampling time: 0.452484130859375
Sampling 28 with 47153 - sampling time: 0.5468699932098389
Sampling 29 with 10059 - sampling time: 0.5843102931976318
Sampling 30 with 40916 - sampling time: 0.6156959533691406
Sampling 31 with 9339 - sampling time: 0.4575226306915283
Sampling 32 with 67829 - sampling time: 0.5474803447723389
Sampling 33 with 30584 - sampling time: 0.43423938751220703
Sampling 34 with 9285 - sampling time: 0.45710325241088867
Sampling 35 with 1320 - sampling time: 0.44356489181518555
Sampling 36 with 3156 - sampling time: 0.40254926681518555
Sampling 37 with 64507 - sampling time: 0.4145474433898926
Sampling 38 with 34452 - sampling time: 0.3943445682525635
Sampling 39 with 64879 - sampling time: 0.447129487991333
Sampling 40 with 18450 - sampling time: 0.46256256103515625
Sampling 41 with 30240 - sampling time: 0.4756331443786621
Sampling 42 with 31874 - sampling time: 0.47846364974975586
Sampling 43 with 9082 - sampling time: 0.40441441535949707
Sampling 44 with 38233 - sampling time: 0.44416213035583496
Sampling 45 with 51286 - sampling time: 0.5630648136138916
Sampling 46 with 51177 - sampling time: 0.4800093173980713
Sampling 47 with 7690 - sampling time: 0.48944616317749023
Sampling 48 with 32204 - sampling time: 0.4720439910888672
Sampling 49 with 47017 - sampling time: 0.47954535484313965
Sampling 50 with 11775 - sampling time: 0.4509768486022949
Sampling 51 with 20197 - sampling time: 0.47153496742248535
Sampling 52 with 45015 - sampling time: 0.45735621452331543
Sampling 53 with 53299 - sampling time: 0.46910572052001953
Sampling 54 with 14194 - sampling time: 0.4285304546356201
Sampling 55 with 12484 - sampling time: 0.43114304542541504
Sampling 56 with 27600 - sampling time: 0.4963524341583252
Sampling 57 with 48538 - sampling time: 0.46068406105041504
Sampling 58 with 49441 - sampling time: 0.4686460494995117
Sampling 59 with 54233 - sampling time: 0.48050427436828613
Sampling 60 with 36061 - sampling time: 0.4115407466888428
Sampling 61 with 35106 - sampling time: 0.4050118923187256
Sampling 62 with 1369 - sampling time: 0.5127875804901123
Sampling 63 with 53532 - sampling time: 0.5023260116577148
Sampling 64 with 21228 - sampling time: 0.4778177738189697
Sampling 65 with 32136 - sampling time: 0.4729022979736328
Sampling 66 with 59601 - sampling time: 0.5823550224304199
Sampling 67 with 9231 - sampling time: 0.4359865188598633
Sampling 68 with 54697 - sampling time: 0.4422175884246826
Sampling 69 with 43574 - sampling time: 0.4544508457183838
Sampling 70 with 56327 - sampling time: 0.4299328327178955
Sampling 71 with 12524 - sampling time: 0.45668792724609375
Sampling 72 with 61096 - sampling time: 0.4458286762237549
Sampling 73 with 16597 - sampling time: 0.4793355464935303
Sampling 74 with 41941 - sampling time: 0.5398147106170654
Sampling 75 with 10342 - sampling time: 0.44675111770629883
Sampling 76 with 24701 - sampling time: 0.4506821632385254
Sampling 77 with 48462 - sampling time: 0.44055628776550293
Sampling 78 with 56999 - sampling time: 0.4524240493774414
Sampling 79 with 37675 - sampling time: 0.6230871677398682
Sampling 80 with 36318 - sampling time: 0.41609740257263184
Sampling 81 with 28607 - sampling time: 0.455643892288208
Sampling 82 with 47548 - sampling time: 0.478513240814209
Sampling 83 with 64679 - sampling time: 0.5054409503936768
Sampling 84 with 41392 - sampling time: 0.44756293296813965
Sampling 85 with 29779 - sampling time: 0.48763012886047363
Sampling 86 with 38980 - sampling time: 0.46520042419433594
Sampling 87 with 32580 - sampling time: 0.5007455348968506
Sampling 88 with 56525 - sampling time: 0.4886496067047119
Sampling 89 with 24218 - sampling time: 0.4584996700286865
Sampling 90 with 42950 - sampling time: 0.4080204963684082
Sampling 91 with 3567 - sampling time: 0.44298672676086426
Sampling 92 with 63516 - sampling time: 0.511559247970581
Sampling 93 with 5729 - sampling time: 0.4746851921081543
Sampling 94 with 11500 - sampling time: 0.4659881591796875
Sampling 95 with 47680 - sampling time: 0.4199838638305664
Sampling 96 with 18887 - sampling time: 0.4335794448852539
Sampling 97 with 21438 - sampling time: 0.5313239097595215
Sampling 98 with 29120 - sampling time: 0.5049540996551514
Sampling 99 with 4014 - sampling time: 0.46811509132385254
Sampling 100 with 28203 - sampling time: 0.4417386054992676
--- total time: 47.09055161476135 seconds ---
