Input file:  ./FeatureModel/adderII.dimacs
Number of samples:  100
Output directory: ./Samples/smarch_base/smarch
Counting - Total configurations: 357233331438474273590626824681565857027641819540954698027428669566207833086768331792060153109444189191294237070396678187982800
Sampling 1 with 230368147898705948112135134189946236890137027936687237904377135531303879554996669514328724200274733526049339210650020139689753 - sampling time: 53.979676246643066
Sampling 2 with 321154030834444865551010970916250928255335614464646504684400330172967763493710357110884174206786421023652487467530632959455618 - sampling time: 52.51456379890442
Sampling 3 with 207842516519974259438789789335173160179804926606652579328605675407795100457455064278584478164333625397924194950401986722983461 - sampling time: 61.552799463272095
Sampling 4 with 37258175116400002922711618123718805791328319022933391747717709728071951012396186632401439049795231506107847460792218653634326 - sampling time: 51.93988037109375
Sampling 5 with 168318687228074202532720002642517234595105586068424623728081102166350166285560266194016118679994937767303122607215142242484748 - sampling time: 51.849520206451416
Sampling 6 with 272083990737168013262290617878095155504959109353359849930057099819756266857599962822642860257569325498022054525281125943817631 - sampling time: 59.806119441986084
Sampling 7 with 304232043597407641675413875194483984750786486275211966719613349498075141314134133698767457532277783379939731698247277047049799 - sampling time: 60.993518114089966
Sampling 8 with 215061656671663624762282687520869547415861487247992805162219306946829608177090284524106500946122110121327912039552736254804186 - sampling time: 54.184298276901245
Sampling 9 with 112435914055163065268769749534628895822723603958653066777469604449086968976214011541625109598344991765685595272330716165129025 - sampling time: 57.54392385482788
Sampling 10 with 62059045553074967340383856170589753886906592302040005101463439359886376093680905325082072728960152639375686406824241037975283 - sampling time: 52.43611001968384
Sampling 11 with 353091879219675946042438073549252272623096835091369313286297844270793727512803974380798166572101928450305065235303425943555977 - sampling time: 58.841949701309204
Sampling 12 with 324021208827810245811976025616805428090211264924375951470066233554093764414278799711226033184709582036919434545921007654207991 - sampling time: 54.67259120941162
Sampling 13 with 219745374566109727198298368977828343226008275174043318653560306211799089549047372201736003994871838195815042878304098251830972 - sampling time: 54.27909231185913
Sampling 14 with 14062060829712974937328748346838957943601114812890244313393944768122343509257256277022681338988385266775337793670415820899982 - sampling time: 50.261943340301514
Sampling 15 with 50214067595041111318785703774463015469544361969502841768268426920390207441274769369441916558588259380848418895542398590056882 - sampling time: 56.46880269050598
Sampling 16 with 20550971352315418329036597046811896969331823656762025136405271478508790065544749471657489679307265977628171430143536917243785 - sampling time: 53.575302839279175
Sampling 17 with 274847114638992667237872211858337931146415958562863240099444156981101637108356525994429071442420947602879525585262793315649015 - sampling time: 59.943745374679565
Sampling 18 with 180457334890629181529471849594809957217781250753576466010692099772291349080264991608578456190319627854510842969866520287805310 - sampling time: 56.24249339103699
Sampling 19 with 117285741036787482770539444826959032250217429177629603233434224930408202739215487255309122751650261775418969896667343549152765 - sampling time: 58.36420440673828
Sampling 20 with 119072922039542862420148956738511748215796692425779922678779512532347328491239149296751209616847163615926967370932967408057840 - sampling time: 58.60757637023926
Sampling 21 with 232678508686811295178396821292502404053232820902125567686119703465462869711475331332529008278565345918386949494816994880586598 - sampling time: 56.70901846885681
Sampling 22 with 162925438092249507339360191353971851161153164439406574235012365517765092579806638155475685742115993672151138131288791713074493 - sampling time: 56.24073052406311
Sampling 23 with 162931320149455785281214420573084167794128227907967467857555951831001828635140779618315239182509497402849555346254828531563532 - sampling time: 55.80359220504761
Sampling 24 with 211161181142460905568611490378160064911320443590030308204405357357162428072291321883689873777236383357775506715891700043280744 - sampling time: 53.76086378097534
Sampling 25 with 140458901464839465486691496920440678387528909562289396961994159828212250544516342554697939155488940882869057852292968828171827 - sampling time: 59.838064432144165
Sampling 26 with 9316755611983806277053358094031246348306704352647193961795102947927180325291888283590908582469117535677141130761917626125514 - sampling time: 49.63265800476074
Sampling 27 with 172339080777386012144356411534801478801141256744740684111463138326085436670827078840939257324596212044215419231057754973164745 - sampling time: 55.766796350479126
Sampling 28 with 34263593328465574571308958224424529019264341232697839277489714137567820124616710003456915605628601179390783628440854477883407 - sampling time: 50.129150390625
Sampling 29 with 31698433080108229885485574472669033219219036415944271981145875666858806936365856776300923041895049206366154947634101322125806 - sampling time: 56.68491077423096
Sampling 30 with 158268495364808738287058892192542925308332716293674817698389403667141782510471431177967964949017035754221443403283120365757061 - sampling time: 62.60331869125366
Sampling 31 with 229840931185428155216486127757967286488925481964796168886707302941081629019052294912585741299888595162005426525542683013306831 - sampling time: 55.82343864440918
Sampling 32 with 57315444452165551770551692928386384010026311382305125626697245225940540296883336688442372903853449819826165051300703428176895 - sampling time: 52.609211683273315
Sampling 33 with 191982188299153584529026647899306578645516623308172353860206266652248162048669278306257266016638169653854744869568309367604048 - sampling time: 52.66878342628479
Sampling 34 with 275999212852890864369151147036614419686940106398284560441175642288121415374300574285765383412408165693506535051118082481576143 - sampling time: 59.382277488708496
Sampling 35 with 122840911866304351822798009232911521300928786228179936033910510112039688098131604245914368093175363265402392251753396964317044 - sampling time: 58.58177924156189
Sampling 36 with 116638791688786428475607646268288766862260931407138314642925517692545156911577089283784742627229235811274198091891396083615567 - sampling time: 58.128092527389526
Sampling 37 with 188248658254059020006657317359890176902113401787830625327609279235481553944766070246322852632807182150279752317020629640561832 - sampling time: 59.67400646209717
Sampling 38 with 266835881681652236313337936087352189409056300394038781729039754795074968760284519239352930769506144871538496302861025072984532 - sampling time: 59.56202530860901
Sampling 39 with 266937670800830633849450781726640339262232197953070687849140367418597684140756404004379338741127564767179882087160210484411738 - sampling time: 60.053319215774536
Sampling 40 with 51173842665449022083545719794288779053500762585376852668697499306843060515038794977536157620326089570653428081899664660652716 - sampling time: 57.900899171829224
Sampling 41 with 192226063502547291533590697368184761648762285785893890122559907239443808365067134129585986760724376303699586784414744899173853 - sampling time: 51.46422100067139
Sampling 42 with 126908255335263985999411446400902094232804743529434468635579670256355279292791533846880643149745711511159747867638205724208251 - sampling time: 54.446149587631226
Sampling 43 with 284570535520508017602565805279287759439872325020966002173873317130331762660619182760725394963237130613683239224286753304954143 - sampling time: 56.185532569885254
Sampling 44 with 98908921291411016756071264885470964522904571657388803238916423898239928488749695666445313626840248141101925970354831380023908 - sampling time: 56.531768798828125
Sampling 45 with 196561010152511588990441854334866699273445384072242327097670508860799254867808181927321068951235186774915267923424764876017061 - sampling time: 55.885009765625
Sampling 46 with 79047941178367506609267965006267056946861247802835404203449869945794446867410877683383335285963478983364004010947559339587826 - sampling time: 55.056092977523804
Sampling 47 with 198570683007024203538740195156977121171992288960695441553497626192064615509711930539856939586810992500950451252267466686163111 - sampling time: 56.651362657547
Sampling 48 with 83027283484688030862988757658719730169810565184624301694498569471045555444714427918796656205073358299913743265435468875473639 - sampling time: 56.84998846054077
Sampling 49 with 143344217066733522387940846804751015967853778157877949006292422298518101531459886405597491500280187993268516598919097916294075 - sampling time: 60.2689528465271
Sampling 50 with 183915549043187376778009465328207734283421104304452139994474320843632984217019693533708258430375397257876568934308671744059381 - sampling time: 54.587459087371826
Sampling 51 with 115811770897661833922409903408449511254943139028466971200550628410101761553671092573695771410479295848941282941833544596818376 - sampling time: 58.50606155395508
Sampling 52 with 21706512992685116305794626131426776239438822614096235399382618356247288497048200165098839170780353455016229912990301095996572 - sampling time: 53.3586266040802
Sampling 53 with 23637453854499675584324535427180769058940763364489147547621584291436620011283663760198901423649018551417571295754491589588044 - sampling time: 55.16522288322449
Sampling 54 with 338409455007378873542704744205446407551086537983538406637081658990385792222910792526130485539059884045589374068048878422089713 - sampling time: 57.73303723335266
Sampling 55 with 69689545862470181933595091440994751938184260519852677840718923242343543320961787099730566200118524224960213505433034265103819 - sampling time: 53.14928936958313
Sampling 56 with 287235383090668532492945435553748336923330607744530669890752160604801369430645201829687021505017727529183954328001359912669493 - sampling time: 56.716214418411255
Sampling 57 with 3906639000282279884111841906308235667959928721155107854506539797753997330339170599664589158693000077543464263405323859730059 - sampling time: 48.43354511260986
Sampling 58 with 135626777405721943399920615593831462674767912734661252085052863416964984959559937674903306839151638467469494504136542242142605 - sampling time: 55.65728735923767
Sampling 59 with 182705552469791744294461111981845528450368449571788580389362407690458764650694782018299052997095983093173485160433445355588224 - sampling time: 52.85520911216736
Sampling 60 with 216845665263365512175235495894403931703184852877865655737108202070303099292446211219142586865919252864882058537727583300510377 - sampling time: 54.06551146507263
Sampling 61 with 115826672233705799381560616577462588072341190019961597000386781356930717059801379997372971601875323288793051468333749372516657 - sampling time: 58.03567028045654
Sampling 62 with 316373662973682886846582410352319119230233117715278078007342747029020445065192450075763484464296894614476380164519794397379406 - sampling time: 62.96183967590332
Sampling 63 with 90045783845820721448918160783886659824765714226002465559500280857006266246518534039486583088308074123522908959372725820786155 - sampling time: 58.59029245376587
Sampling 64 with 190713324946704497998230348075219652188536811646940564902888577977083988498593932261146308289057536816996213069332391059576036 - sampling time: 53.161375761032104
Sampling 65 with 325630664081947445822144336361112212407018612643752256480117899753575971599442000779771413517214519692706488491461658808705819 - sampling time: 56.3315486907959
Sampling 66 with 339119529844396697450056626450635145076438999069583206861173130844500205465213978376908489331866774292260283676860304260471935 - sampling time: 53.91951084136963
Sampling 67 with 317716113963792176370148696685734011088128220616514656766167517512689721964592499438113484068423545948096812450248788602866270 - sampling time: 51.60834217071533
Sampling 68 with 178186348594773930079224983602329142112509828324563738147328077685940096287922809145132773375225033634702801187565075505904756 - sampling time: 55.710216999053955
Sampling 69 with 77818136672846152158991529531827524126484281962590066889498057850056867620696632066107557015612420719833557377528809910799267 - sampling time: 53.07128071784973
Sampling 70 with 117960142198800892351493239510901297669501273423134247353717284636827766480944632635125370528557083129480236352913586047105478 - sampling time: 58.29050636291504
Sampling 71 with 267183943133518612504049271962244036906734455848330858938781175618805818516248478654568295626374746045171200904229453165158433 - sampling time: 59.66405701637268
Sampling 72 with 322473756813202174590638476523210280284223266085514907728516746064406388039276365526733304286910304039518775023209716374478987 - sampling time: 58.807050704956055
Sampling 73 with 107045978944734342958215024221698062197750609515002173927161070258578827855769821047503955476799279409089181194738870795606122 - sampling time: 58.064918518066406
Sampling 74 with 222199090269792896867271827344778129246175397214864793019599909928264890209983537806665403865351755765893367896705358499886631 - sampling time: 54.97271776199341
Sampling 75 with 93356481314922092827775522444223441330570511349533157998594285726731633189012359574413850706992088380865399042795964127498957 - sampling time: 57.16391444206238
Sampling 76 with 154677903294234708828795924250026362963923934065615582264108419519639437399614316418684170069512700288434649581653940507038662 - sampling time: 60.508646965026855
Sampling 77 with 130555493801386939905655678391786614669964183513457794624092081490894575646233797170379681329230671630896369914749882871424405 - sampling time: 54.13281273841858
Sampling 78 with 54269908663512657018061206282245676112166436243298671105687120178974207802394863982478898336454435747169003284026303335067705 - sampling time: 51.82729411125183
Sampling 79 with 284380790974831212234006871835305881254268262559933417624515716496613198022655796670945072799147266483862495829975468505746878 - sampling time: 56.65920162200928
Sampling 80 with 142128329075903412471927417543305875056372553435379773231303144010778415362825817215037447023660154118804060897430322768595077 - sampling time: 60.36356592178345
Sampling 81 with 274587715238290931403032052815320152125363872506354103322512739498868625349859778537549999060012446131299298118098690317475253 - sampling time: 60.68280839920044
Sampling 82 with 270346516825160518204543863621068259875655133364508149283181713917894813208587958957906628158681551920883408378574256498451089 - sampling time: 59.90393376350403
Sampling 83 with 347014587489547765695475461924102308711220967862346113454446818638393586721814808115568433007893675348306321505552732385520765 - sampling time: 60.061363220214844
Sampling 84 with 242931692164247685573754957608400688101631212816593860034326014114632441625093228544195913652550943034863945033529505424974054 - sampling time: 58.35294270515442
Sampling 85 with 120115735381656151557502294013093432871783754327177629872660940703504342154799981984273170244408914487482296801379490712838690 - sampling time: 58.46108961105347
Sampling 86 with 92210224711059354298253258441535420902402732866648760043986895713756919613627163774973393273722665449021716342068739189669907 - sampling time: 57.0140655040741
Sampling 87 with 200710872059414333881998689808869424830542446513501915749305780239316103285765352629635733129817412971554327551798667220303186 - sampling time: 56.2496862411499
Sampling 88 with 230283671034721605307616636682056492058511124925116536835643329540655759804827048472767550840853856651402674680007547324565553 - sampling time: 55.048332929611206
Sampling 89 with 63262747548745404396351452951760925268643036009476942041220517767238161856059783351192188968290830629207857707394839315474112 - sampling time: 53.16290831565857
Sampling 90 with 327703779629609649506908830415679278858615712313669078940325147215867503015078092163205623740459564063459133712473791209509686 - sampling time: 60.03019094467163
Sampling 91 with 225540199689225332440499746255397358157289170425703995230526770486015281626212105961347511358870279388878763596196547752382854 - sampling time: 54.0802857875824
Sampling 92 with 79728498572120504973144714871521356243162308360619903983889573913786338749313557289624013319431851962111169446280150855603016 - sampling time: 53.68433928489685
Sampling 93 with 59995188069328627710118329813461626046137375011214967087047859163196509317402615275212689341364727978121329376899521409724157 - sampling time: 51.976937770843506
Sampling 94 with 153895234921352130970491951710082853736738759131996622594446333469439266343566375687342701314239035316555455972042301200332696 - sampling time: 59.5493106842041
Sampling 95 with 79452391253898048847604124764019048158888453013404871978001791475864159062908634155210995416102461153462644560524335569267984 - sampling time: 54.01948857307434
Sampling 96 with 55453017928970077802544547467331933916304032849860047782876885237836643987846268579419622461572242830195844412474339663278230 - sampling time: 52.34911894798279
Sampling 97 with 28350555330290132095904602932633891473330921756075720399870033182991269183182633621052856320402318429967069156979286806987182 - sampling time: 53.1307315826416
Sampling 98 with 39158217134217980280390108007119277545833642096860418798184574646028332468078390585680599480020237187553879625213929533882791 - sampling time: 54.60160517692566
Sampling 99 with 250301212574556236078320428093780405625739595771082115155767767812148529307085100119774947615937080450388066675704481053748933 - sampling time: 59.21580958366394
Sampling 100 with 281923063551125663866480274832612053576905674162670896328900510859196735703986954788774509766037410585705306552140059703425945 - sampling time: 56.153173208236694
--- total time: 5617.724776029587 seconds ---
