Input file:  ./FeatureModel/at91sam7sek.dimacs
Number of samples:  100
Output directory: ./Samples/smarch_base/smarch
Counting - Total configurations: 25892172695631707467339544510355380330925246273138094412939752157280397331800857701433969660218983783924368850353132622389972000
Sampling 1 with 2027467726592484063008192681847955180295796431618940510100224150792970370144153817731043851847202086732925256349700288424575894 - sampling time: 49.305185317993164
Sampling 2 with 7055154123403300885146182618649059189547800565860856714411226974930056450745418480407352743418056036126634465887974296766038138 - sampling time: 51.14520716667175
Sampling 3 with 12085773886807983376993371029659904425951703567253347294450011584099083894680264552666643620712737569212528610517780304668544235 - sampling time: 52.87762641906738
Sampling 4 with 12871022578208394165049543932195310925021600925116313171548268936642103279048250329429606873279257458195584665249618970623263354 - sampling time: 51.85959243774414
Sampling 5 with 6416790095076242227105858984997974732123447414047601313933790279778016996023471117527709822538715493629077873880704458102831586 - sampling time: 50.2476806640625
Sampling 6 with 457053653449893860992376369430108031486217958214996341257972147062949054699853332674728794963175844641231967239028012104070787 - sampling time: 49.889737129211426
Sampling 7 with 14751658651780390540701441629401257702767149033203849779009703831454724428308592686834117300599288269592487123861121862068333194 - sampling time: 54.20429563522339
Sampling 8 with 8574953237184873296670217001545336304116833279996007746738269691299363455045184210962802093314958324088102346580811954748903057 - sampling time: 50.29755353927612
Sampling 9 with 22411729826766910196870703869843043938303350235840782225636059412135187505682587660427941195032411012690158549585028914728862275 - sampling time: 56.611613035202026
Sampling 10 with 508707449211014678997419164237584830525300441267776641932222010821640826671691530361471492300526229838715628496896328634521274 - sampling time: 48.074947118759155
Sampling 11 with 1146625696281873309302227390266806732756755736995819206075790447555565805858062793815114054242285252600085836379427392196268347 - sampling time: 49.8872811794281
Sampling 12 with 23913424470795530720908873035643285179613302642152776983100742602715276315871656832826199961626435081549683955541595596571857148 - sampling time: 49.939820766448975
Sampling 13 with 6096891844670261153843733125711531727383555453880986691140572541900196898338004838542347341069997145800751977850925922345391046 - sampling time: 50.486546993255615
Sampling 14 with 15181552494581435417798880064357174524381496348518476590063697705223976281022523996305001047087010581862710966705317809781277344 - sampling time: 55.27066993713379
Sampling 15 with 1673505400317177765607187236173942740989663978386645157173110720766788124790569721765936551549801132427289706106541721412221217 - sampling time: 50.461775064468384
Sampling 16 with 11855209475485179841791114643364108644059854749680680875974621047923044375427622965275199050209978868228683393571834854105915380 - sampling time: 51.69172286987305
Sampling 17 with 20150322090610003474265339949664337397818327833515412326637827649416909355878699471658121854127039482842268081419184973654031741 - sampling time: 54.263402223587036
Sampling 18 with 24973774891272355648192299478607522812352126888216444988994507981025008734395413065943333515830189404835783562981967537994090732 - sampling time: 55.965219259262085
Sampling 19 with 10292388979392597599996263278919662934231841505949334095837159763680166972181314607391809150031221638594354525456575675204466116 - sampling time: 51.87946105003357
Sampling 20 with 19112723662945509717748504658573801776566131043321246565591842246550568638131726973643182410616438514586591780937751061048360306 - sampling time: 51.066850900650024
Sampling 21 with 21937814074694050700428023374736517305526500077776263806461110366105084549398947152316912677023623793145007553035122296223733014 - sampling time: 53.36121678352356
Sampling 22 with 301770432561131394757837508985620381642123412404368603619633360345008004068875755500548328006468263239036983002381728478322438 - sampling time: 47.72145175933838
Sampling 23 with 12275824443152188653849552937206202784895343929787325402941594820967010823697523586021987017001054710900645481408996811140972268 - sampling time: 54.179725646972656
Sampling 24 with 4609604894519281336124310288848628298000037399252404196799151423423209975417715078559251401250285198995942233800506300234244996 - sampling time: 50.28508472442627
Sampling 25 with 17875533269793333855594948744862437160479457963124032149403004926125147197851144820510583013624968914307080528764016012322672851 - sampling time: 51.51258850097656
Sampling 26 with 16763374421099908341533038563713187755328322409975912960843332825636827878917583257832638815226760722932174070822187527536177600 - sampling time: 51.64812994003296
Sampling 27 with 7332347497181237810466215174707066235637540160192304690797429517748689367584515858761180881156625173488822898597793210197292491 - sampling time: 48.80779314041138
Sampling 28 with 17069841599844729071597340462092748338597069027756206650874363697692771751466267417897448814276171960234242811654263752112792136 - sampling time: 51.103764057159424
Sampling 29 with 4676659258096651474140835426594753985536434157545296803413840897443427823704593125598025411153581780803777316025417484687248884 - sampling time: 49.970919609069824
Sampling 30 with 4030521408892523866086357103418070628575884231199518435445708683411850119574739390092511385953943518475655279827588271351532272 - sampling time: 50.81551718711853
Sampling 31 with 15205818719173576642573152616288577986328523314842504714983277116817120030750023892184491352265163601122935480674901865170462877 - sampling time: 54.638652324676514
Sampling 32 with 8050662757463638178882804329246182920122368404920540386927130198439745521776389813559616740535107129960563536915521834216999412 - sampling time: 52.37989807128906
Sampling 33 with 23034960528649095058716599493444138995172950426498443747559960590546987136600041578327689172413797878242405450728017773982597948 - sampling time: 52.40746998786926
Sampling 34 with 21886813781338994194869399854072243545581093657703407989909460767031102887361923883174897026114765247095718424598756480879420931 - sampling time: 54.57033038139343
Sampling 35 with 18075728144893663158588702651730466420396754158774150593345131328906237179443434871002645632052159875841707041140459127433789218 - sampling time: 50.05370116233826
Sampling 36 with 1995195714627538875656281870673097582797582463641241494685139972167014920373847393797468903648008806025064008188366435760994588 - sampling time: 50.05334258079529
Sampling 37 with 8578933904900993784273178963466731417644948611258436855156584031626764320965728266471538955466994361232398290029523206648701856 - sampling time: 51.27490735054016
Sampling 38 with 25279240662265778212223513163886902034398209763019257558244842608626811016386936881108417851620967360897340744800778404735238997 - sampling time: 55.510887145996094
Sampling 39 with 13867165472022490186003374114651738638983015184026157321415086296444128383554887605676208730786713329902118151714809524764687150 - sampling time: 53.281208515167236
Sampling 40 with 18792374479675102177494957795720247338395587769351190828795299461469615224100501560231412019578202843771124774017631269300128255 - sampling time: 55.011120080947876
Sampling 41 with 22860441640255049079130029202441765963791776742332173316352085872061222662825536647135753730574550098065440208163427164823919347 - sampling time: 59.83757424354553
Sampling 42 with 8856571802629707410371069636154630043128710237217351262137983174618907435237905889703268321147690573482682255924827587440861385 - sampling time: 52.01744246482849
Sampling 43 with 10761340592553445929421392448518185290093594126133993711327941255487773386450237139189366183399961512206209312882003165287370301 - sampling time: 51.384934425354004
Sampling 44 with 1050021236140557626374537886943987537665959270684233983492484505887028675877266946793736774140081596598494249408446509497633208 - sampling time: 48.39089107513428
Sampling 45 with 21108431850112590822416728536021411515655237521115275110109040271524057820111146250591474422720077511744168903519759754749505725 - sampling time: 54.32568573951721
Sampling 46 with 19166050566949541590655842138207314729394122769500184211567964150189483984783533087759394291570424715271299301530553655315864578 - sampling time: 51.663928270339966
Sampling 47 with 18787760616762671583525471915920574951725492768170430247515630993200693618705303394319771953530586754360204777505436715394204081 - sampling time: 54.64828085899353
Sampling 48 with 20316255002372763284548864106631139559419085262080196663977339777569493879599483828426311799399967474115630268245168494048444921 - sampling time: 54.16007423400879
Sampling 49 with 4189002462638282840475066762276771211615952437743716666618500125920581265982026182201073625687700051730209168372758656461820264 - sampling time: 51.59327030181885
Sampling 50 with 23031068073831600906602764190009765860091391884660129560200191814803347295569281471011106877439899790735559296231683968619410842 - sampling time: 52.43247747421265
Sampling 51 with 9584304267081645918498585438276475296005110030072436592795193542389053863384969901762242861549539909204490697021397502875579371 - sampling time: 51.218892335891724
Sampling 52 with 7189857480064996733485275360570089623568282578439175192930998063848980526732818458253218676295623259975427283848659789625073269 - sampling time: 49.418962717056274
Sampling 53 with 11078048271523556735266671294255545532080595123549933948824629210407327860476978492783476311326378044213419549236876640809641877 - sampling time: 52.53267240524292
Sampling 54 with 4618572686830666386257079995327803358300515625104035081921743438786310663024503265152300055575676019119600663900361385250435528 - sampling time: 49.44780445098877
Sampling 55 with 1266142165054307648912405902360635084190125241284843397274450301406822459723500331621235696347522322894642785904517374593862933 - sampling time: 47.703020095825195
Sampling 56 with 11099685882875244215154885246065449487317665570090637197867316998296720578151025348107267733473058024116629757194170019046643184 - sampling time: 51.65867733955383
Sampling 57 with 7219205270324037364644616546088084136867793172465877879151826272711975593314459516409829062826267327187809080064970528774767603 - sampling time: 49.610671520233154
Sampling 58 with 20204109976785583272410018366374538846710528595303564547089497944272090454963470661225067224506109158110096014211694045324580998 - sampling time: 53.73977780342102
Sampling 59 with 1022187212759569441510672475494727706332415679418259621810588105051018997708183993724142057218567726883079739863718156253765148 - sampling time: 49.11325168609619
Sampling 60 with 17729305623384401116672947747360069259014579473487842037573262469515795441734878023010073603445366210094924370346447116230757641 - sampling time: 56.341681241989136
Sampling 61 with 18544909807144239207250185591214481929148207666863676631724966127138103507339770051464370188163564518113085893033693720151868062 - sampling time: 54.04412031173706
Sampling 62 with 13290383653383745627298399641720302175466381452406554379276504957016625056153663595000101408897185584925843055666058532190982148 - sampling time: 51.59445285797119
Sampling 63 with 15533966380078604697337672811680569128789865070302720651015114667080744425336680946748012885388155722737478829375389729185138265 - sampling time: 52.90334177017212
Sampling 64 with 12787996566217478351725073614678584760437746637066902254408501207510783181032661779405141690983642333490405100917394259165256439 - sampling time: 51.50504159927368
Sampling 65 with 8209216062464143618658401905074416437769714713901920974557965258963754771915117015791848151333824467840153545909009924773901286 - sampling time: 50.98562979698181
Sampling 66 with 8696049546173517316967406203552348702471242012904529183886292139367335439002089282359305766195815932382996216177205291081398829 - sampling time: 50.94955849647522
Sampling 67 with 18030538542993373528210923675059067893957675830836127939716243839507341317026971026226280695269147667169012524752983302238377392 - sampling time: 51.23125648498535
Sampling 68 with 3809234151360575267113812210772391834171581588550052568166254001106670842501129040179438051317814395517108751474242163655028102 - sampling time: 51.696664333343506
Sampling 69 with 16937276352102784073315050596500718759122277394437868077331425234882264834273140589057735166860031569586388233471271025368943570 - sampling time: 51.45005774497986
Sampling 70 with 20020784064569812409264951602921913614150469639672986101810787954186332675415577554390452924521652235571838319647469540583455100 - sampling time: 55.187421560287476
Sampling 71 with 25827486653039561271210323738633384785059999113068645743123202132363026371072849044393176691187043695382777151432064878009641735 - sampling time: 59.84808278083801
Sampling 72 with 5091833551215537711529949049355965362076995683098517076392068435194354164441979114141872633361088663650322773208454646992111856 - sampling time: 50.69517946243286
Sampling 73 with 24933117157641864684941325587142303974643494901425950024544945485782560307953150500469297399090925206338787683734799915710205598 - sampling time: 55.4549343585968
Sampling 74 with 21905863035070059607299555348093486117107326067673656110922654752251706603694719438843689217410153237095225406027869856847860465 - sampling time: 53.6173837184906
Sampling 75 with 14363464888725586021870050492500046736270349205421551811435997139911413108336882195807283360364946287418695144731509756331903976 - sampling time: 53.96229314804077
Sampling 76 with 1229591422142319386786510753796054579333943504951587757258179557648759443542096837146664165756131480375677947447464381964628653 - sampling time: 50.570801973342896
Sampling 77 with 10786188022381818084409186666612746563136634927849723204823483922906076437433080508415301154276284636243204205030964122868336169 - sampling time: 50.760568380355835
Sampling 78 with 9490496231339011985833770722053046208042223353121726120468398649990276541108153997641282736145905045729636855431342262281174997 - sampling time: 51.62405252456665
Sampling 79 with 10109499358365602896452017140932982670439725081956847872780518527445294438732702833613829633961069024669055007300346680205120065 - sampling time: 53.12496089935303
Sampling 80 with 12541274511359454646915829015625087198492901773297785323618652447346609155669742100285995870447463351928978902688468090199076337 - sampling time: 55.65459632873535
Sampling 81 with 14296726760238467357088183470019215650749801087426326929789415276121606988547876715159608021641484460437985523725309210490280953 - sampling time: 54.2544686794281
Sampling 82 with 2555209260891693795013387288205410063774592498942128329204544911401700074253353753128085570199069587758392206296662307254055594 - sampling time: 49.172455072402954
Sampling 83 with 11868478588337741798366807996114820733724580583552154309037827280769701822488652363030353533508668149223876012762489193136839102 - sampling time: 51.12774324417114
Sampling 84 with 4540001547536264628588522306177290327698516888596780394439273747169053762113593447619679900713563911979773864959606191627793298 - sampling time: 50.051398277282715
Sampling 85 with 3762757026886980136879909244742071480339880602532057583117488560763558607292376577125543130962701073336552190667392123330540889 - sampling time: 51.261255741119385
Sampling 86 with 4281790228893535782890205551881795892148193610563292831721734264111541318725613196386626233090085445397439382202573145301236477 - sampling time: 49.73189640045166
Sampling 87 with 20050444038414206502471556469965602525169382629773212504430248152963378357181110307984771324707471441679823494217087206197413766 - sampling time: 54.85216736793518
Sampling 88 with 23697778606449552051140407756088752909906319989455382078306207737571642415691681727388309137936811798439363717869341163757265950 - sampling time: 53.0343496799469
Sampling 89 with 2645853399361660055544298049512026588045673958192300589595107259110240591836392263965795395482864964815291120628092643094085210 - sampling time: 50.41359782218933
Sampling 90 with 21913888657628115734932242008212929311672312828281810542508035561156094517661849279600611043658386411833089703037138408135764999 - sampling time: 53.89726638793945
Sampling 91 with 12859512974776990677546172379262278105895361149952152764806980634832344226311167246149693716826257332589556228021096966266188212 - sampling time: 50.64592123031616
Sampling 92 with 11967612804807594741937381677921704029182367052723815769526224490512400993533531977666538208131440593390334353370659544494383727 - sampling time: 52.017836570739746
Sampling 93 with 20674549789014451676683478211998876089046053465376654215407569346014966101770739753596425831253172383072541422976081571668689930 - sampling time: 54.56669068336487
Sampling 94 with 14146106868623305742884694771982251000256350165621730017967256288258114714652821255993977265105304550072171912081090675856599359 - sampling time: 53.00356078147888
Sampling 95 with 23837442847514287947084349627501654732410538172393876714995473257282702314509288032452210562432265060445211998912760267136178553 - sampling time: 51.14580798149109
Sampling 96 with 5691326968047149850780123588763312061714808425909207186261137614364185166477370428485309759316623078514793996253833971823875987 - sampling time: 49.28129601478577
Sampling 97 with 8970524242233901027860292683603770655216461642752612827514553831049536185436113180256058820887994010097961657373277094742995734 - sampling time: 53.078798055648804
Sampling 98 with 6943349120531989237860929412627747857175613094431454769226338620981503630414124121693675107175894685230430910685739407718347141 - sampling time: 50.00352334976196
Sampling 99 with 4524692702375581744727654695652119208332789367973804642918326560217250278709831160042041868967036758184662545164892881497804600 - sampling time: 50.36276125907898
Sampling 100 with 5188068354390642417229451831167948133529853824642030140227735890342898535550313006121817060749515331991401036157085422256287822 - sampling time: 51.24552512168884
--- total time: 5207.39065861702 seconds ---
