Input file:  ./FeatureModel/axTLS.dimacs
Number of samples:  100
Output directory: ./Samples/smarch_base/smarch
Counting - Total configurations: 428726493299198656512
Sampling 1 with 244522001319556197299 - sampling time: 14.811108827590942
Sampling 2 with 137267893099379652428 - sampling time: 14.676311016082764
Sampling 3 with 247805245824966892848 - sampling time: 14.783189058303833
Sampling 4 with 340729455573729977625 - sampling time: 14.641053915023804
Sampling 5 with 322662745991827907412 - sampling time: 14.70580005645752
Sampling 6 with 3694303616976784894 - sampling time: 14.896241903305054
Sampling 7 with 266858778546895239795 - sampling time: 14.679373502731323
Sampling 8 with 251359077676168345949 - sampling time: 14.529386758804321
Sampling 9 with 207543565410243475262 - sampling time: 14.83702826499939
Sampling 10 with 102075439009367574483 - sampling time: 14.73924708366394
Sampling 11 with 284205530761972480350 - sampling time: 14.7335045337677
Sampling 12 with 13560184024174638806 - sampling time: 14.788313627243042
Sampling 13 with 289470252646595940759 - sampling time: 14.759648084640503
Sampling 14 with 240568584604602502084 - sampling time: 14.977919816970825
Sampling 15 with 217244979785641418849 - sampling time: 15.113187313079834
Sampling 16 with 1118014615087225675 - sampling time: 15.223418951034546
Sampling 17 with 307771907696961829600 - sampling time: 15.436761617660522
Sampling 18 with 171123749367524764587 - sampling time: 15.027251720428467
Sampling 19 with 118004162499148960255 - sampling time: 15.185971021652222
Sampling 20 with 313192407211713184288 - sampling time: 15.208173274993896
Sampling 21 with 265204225941457343900 - sampling time: 15.20870590209961
Sampling 22 with 177962803470722368626 - sampling time: 15.279264688491821
Sampling 23 with 100227849166969136642 - sampling time: 14.983151912689209
Sampling 24 with 156847216654774452215 - sampling time: 15.418729543685913
Sampling 25 with 335113601230340376872 - sampling time: 15.060766458511353
Sampling 26 with 398072179108901298400 - sampling time: 14.899070501327515
Sampling 27 with 272456736782092901782 - sampling time: 14.818554639816284
Sampling 28 with 178616655239704751133 - sampling time: 14.571160078048706
Sampling 29 with 338352369217069030950 - sampling time: 14.642987966537476
Sampling 30 with 196890372788711212997 - sampling time: 14.79299283027649
Sampling 31 with 30367212667212796822 - sampling time: 14.649173736572266
Sampling 32 with 262743812346315973717 - sampling time: 14.824270248413086
Sampling 33 with 339525889297607143046 - sampling time: 14.892559051513672
Sampling 34 with 37057028610310035988 - sampling time: 14.794770956039429
Sampling 35 with 240727962329823714816 - sampling time: 14.77538251876831
Sampling 36 with 343938366665366980553 - sampling time: 14.636780977249146
Sampling 37 with 24198498335727147594 - sampling time: 14.663549184799194
Sampling 38 with 77531256545044136839 - sampling time: 14.659216165542603
Sampling 39 with 381342387985056575712 - sampling time: 14.809785842895508
Sampling 40 with 128172171303527967224 - sampling time: 14.762747049331665
Sampling 41 with 297182961111299854514 - sampling time: 14.600532293319702
Sampling 42 with 76587097034803201634 - sampling time: 14.7479727268219
Sampling 43 with 167411485233896050166 - sampling time: 14.811105728149414
Sampling 44 with 194998273507169601829 - sampling time: 14.864941358566284
Sampling 45 with 40718384587232963727 - sampling time: 14.704566240310669
Sampling 46 with 390073398632084936754 - sampling time: 15.039872646331787
Sampling 47 with 156139125463880134089 - sampling time: 15.22666883468628
Sampling 48 with 147181390512937568556 - sampling time: 15.124273777008057
Sampling 49 with 402018460307945791050 - sampling time: 15.228374004364014
Sampling 50 with 340863850591453452339 - sampling time: 14.966737031936646
Sampling 51 with 181434757939893032956 - sampling time: 15.444454193115234
Sampling 52 with 199185508484742182181 - sampling time: 15.38566255569458
Sampling 53 with 331720933206039538762 - sampling time: 15.066451072692871
Sampling 54 with 42302605752935323234 - sampling time: 15.217485904693604
Sampling 55 with 189779408950674633338 - sampling time: 15.217213153839111
Sampling 56 with 411176551256118727023 - sampling time: 15.055807828903198
Sampling 57 with 149845443994553769785 - sampling time: 15.119526386260986
Sampling 58 with 143773917374045941686 - sampling time: 14.913784742355347
Sampling 59 with 129892443740811986331 - sampling time: 15.690869092941284
Sampling 60 with 192456094747564017760 - sampling time: 15.662041425704956
Sampling 61 with 307252715675940086847 - sampling time: 14.806133270263672
Sampling 62 with 159092917240755976126 - sampling time: 14.865797519683838
Sampling 63 with 137131748067707606734 - sampling time: 14.746185064315796
Sampling 64 with 204079875643659409854 - sampling time: 14.672288656234741
Sampling 65 with 162673122566229942374 - sampling time: 15.218327522277832
Sampling 66 with 250264707062009404785 - sampling time: 14.97583293914795
Sampling 67 with 243232552838714154969 - sampling time: 15.522875785827637
Sampling 68 with 246782859415557263234 - sampling time: 14.983063220977783
Sampling 69 with 128836114887809582805 - sampling time: 15.389281988143921
Sampling 70 with 99680529655761580109 - sampling time: 15.302759885787964
Sampling 71 with 416575908280494407964 - sampling time: 15.17721939086914
Sampling 72 with 42703834272229090696 - sampling time: 15.361008882522583
Sampling 73 with 382841034530893306652 - sampling time: 15.424686431884766
Sampling 74 with 7631250960250047682 - sampling time: 15.11860466003418
Sampling 75 with 156861602891201731254 - sampling time: 15.29984998703003
Sampling 76 with 2529320093375456409 - sampling time: 15.034805536270142
Sampling 77 with 65093656095986661112 - sampling time: 15.532343626022339
Sampling 78 with 23029793436423576537 - sampling time: 15.47932505607605
Sampling 79 with 312064154948498799024 - sampling time: 15.4663827419281
Sampling 80 with 27586612717867314675 - sampling time: 15.588581323623657
Sampling 81 with 169639873249321745709 - sampling time: 15.518375635147095
Sampling 82 with 96944166325706019343 - sampling time: 15.421307802200317
Sampling 83 with 316361705615533881182 - sampling time: 15.541818141937256
Sampling 84 with 43172386664237545483 - sampling time: 15.058250188827515
Sampling 85 with 111876425642593538366 - sampling time: 15.467736005783081
Sampling 86 with 118393932723395968953 - sampling time: 15.81904673576355
Sampling 87 with 208901929542102732671 - sampling time: 15.710658550262451
Sampling 88 with 164961963726473943543 - sampling time: 15.589602708816528
Sampling 89 with 359473474688583520287 - sampling time: 15.375718593597412
Sampling 90 with 309829217808153057938 - sampling time: 15.143052577972412
Sampling 91 with 353661084012645983426 - sampling time: 15.324060678482056
Sampling 92 with 278251472914936666132 - sampling time: 15.348703145980835
Sampling 93 with 247910444322001519646 - sampling time: 15.01076889038086
Sampling 94 with 398532184049396561621 - sampling time: 15.139878749847412
Sampling 95 with 52522366725226165328 - sampling time: 15.387857913970947
Sampling 96 with 93930285117586723670 - sampling time: 15.176040887832642
Sampling 97 with 410285364947166888429 - sampling time: 15.224512577056885
Sampling 98 with 74755175471637803689 - sampling time: 15.232040643692017
Sampling 99 with 117839569365427815368 - sampling time: 15.271631002426147
Sampling 100 with 308915071411918754210 - sampling time: 15.09917664527893
--- total time: 1507.8265943527222 seconds ---
