Input file:  ./FeatureModel/axtls_2_1_4.dimacs
Number of samples:  100
Output directory: ./Samples/smarch_base/smarch
Counting - Total configurations: 1962126104736
Sampling 1 with 1725695918732 - sampling time: 0.875525712966919
Sampling 2 with 401050566478 - sampling time: 0.918346643447876
Sampling 3 with 297524641666 - sampling time: 0.850245475769043
Sampling 4 with 574924296651 - sampling time: 0.8570220470428467
Sampling 5 with 1679565256987 - sampling time: 0.843400239944458
Sampling 6 with 840193133574 - sampling time: 0.8667702674865723
Sampling 7 with 205349540531 - sampling time: 0.8531193733215332
Sampling 8 with 302129223896 - sampling time: 0.9144246578216553
Sampling 9 with 273061583606 - sampling time: 0.8466165065765381
Sampling 10 with 1416897714230 - sampling time: 0.8315930366516113
Sampling 11 with 1295403145551 - sampling time: 1.0853831768035889
Sampling 12 with 173549945388 - sampling time: 0.9228389263153076
Sampling 13 with 333533168156 - sampling time: 0.8961324691772461
Sampling 14 with 215634640581 - sampling time: 0.9195785522460938
Sampling 15 with 93513357626 - sampling time: 0.8514678478240967
Sampling 16 with 1432522872152 - sampling time: 1.0248897075653076
Sampling 17 with 394329642579 - sampling time: 0.8446693420410156
Sampling 18 with 931135944993 - sampling time: 0.899207592010498
Sampling 19 with 1501130715194 - sampling time: 0.8797707557678223
Sampling 20 with 1488178480377 - sampling time: 0.8486988544464111
Sampling 21 with 496476588300 - sampling time: 0.8417081832885742
Sampling 22 with 1114900840867 - sampling time: 0.8739950656890869
Sampling 23 with 1738725725881 - sampling time: 0.8440694808959961
Sampling 24 with 267555939691 - sampling time: 0.8885912895202637
Sampling 25 with 1501486907018 - sampling time: 0.9351193904876709
Sampling 26 with 1099981311790 - sampling time: 0.8969783782958984
Sampling 27 with 1676259011166 - sampling time: 0.8594157695770264
Sampling 28 with 1418530821884 - sampling time: 0.875046968460083
Sampling 29 with 1009617824243 - sampling time: 0.8420491218566895
Sampling 30 with 1652766200070 - sampling time: 0.8485407829284668
Sampling 31 with 1267036307374 - sampling time: 0.9130353927612305
Sampling 32 with 481246743222 - sampling time: 0.8695101737976074
Sampling 33 with 1387347309990 - sampling time: 0.9569125175476074
Sampling 34 with 1693708709845 - sampling time: 0.8684687614440918
Sampling 35 with 1190868874195 - sampling time: 0.9423506259918213
Sampling 36 with 1126769877570 - sampling time: 0.9083554744720459
Sampling 37 with 1225571244463 - sampling time: 0.8709609508514404
Sampling 38 with 1371524384036 - sampling time: 0.8826377391815186
Sampling 39 with 847224793356 - sampling time: 0.8458437919616699
Sampling 40 with 1257729480486 - sampling time: 0.8714663982391357
Sampling 41 with 1000601051509 - sampling time: 0.8317959308624268
Sampling 42 with 322663478947 - sampling time: 0.8759961128234863
Sampling 43 with 1455309064241 - sampling time: 0.8723361492156982
Sampling 44 with 807678231371 - sampling time: 0.8603589534759521
Sampling 45 with 1709370375335 - sampling time: 0.8892161846160889
Sampling 46 with 374637603352 - sampling time: 0.956240177154541
Sampling 47 with 330230558948 - sampling time: 0.9596326351165771
Sampling 48 with 1532318515477 - sampling time: 0.8199255466461182
Sampling 49 with 1268829893724 - sampling time: 0.9060497283935547
Sampling 50 with 804569465807 - sampling time: 0.8886284828186035
Sampling 51 with 366039786388 - sampling time: 1.011096715927124
Sampling 52 with 946260176899 - sampling time: 0.8730936050415039
Sampling 53 with 1512291499468 - sampling time: 0.921593427658081
Sampling 54 with 1830411752252 - sampling time: 0.9085009098052979
Sampling 55 with 1033298701010 - sampling time: 0.8916583061218262
Sampling 56 with 710712864473 - sampling time: 0.8398704528808594
Sampling 57 with 521306903433 - sampling time: 0.8999114036560059
Sampling 58 with 683750899038 - sampling time: 0.9567885398864746
Sampling 59 with 1067599960989 - sampling time: 0.9048886299133301
Sampling 60 with 1015872531942 - sampling time: 0.9024777412414551
Sampling 61 with 179679734080 - sampling time: 0.891014814376831
Sampling 62 with 757729521985 - sampling time: 0.907203197479248
Sampling 63 with 1511211179320 - sampling time: 0.9455351829528809
Sampling 64 with 93055014218 - sampling time: 0.8599960803985596
Sampling 65 with 963016158114 - sampling time: 0.9115235805511475
Sampling 66 with 1403508650512 - sampling time: 0.899775505065918
Sampling 67 with 150822561334 - sampling time: 0.8244812488555908
Sampling 68 with 1722117405800 - sampling time: 0.8662028312683105
Sampling 69 with 812102219404 - sampling time: 0.8589320182800293
Sampling 70 with 481181682852 - sampling time: 0.9400720596313477
Sampling 71 with 39244533602 - sampling time: 0.8601558208465576
Sampling 72 with 1545896242564 - sampling time: 0.90541672706604
Sampling 73 with 1542295202705 - sampling time: 0.8568437099456787
Sampling 74 with 390970711891 - sampling time: 0.9160313606262207
Sampling 75 with 1113081006833 - sampling time: 0.8534817695617676
Sampling 76 with 1503959874586 - sampling time: 0.8683226108551025
Sampling 77 with 1390106076048 - sampling time: 0.9230055809020996
Sampling 78 with 542470997519 - sampling time: 0.8553633689880371
Sampling 79 with 1544991370637 - sampling time: 0.8794064521789551
Sampling 80 with 1315530781975 - sampling time: 0.9086613655090332
Sampling 81 with 1141987210818 - sampling time: 0.890662431716919
Sampling 82 with 1198015195559 - sampling time: 0.9071438312530518
Sampling 83 with 1585313894689 - sampling time: 0.9680190086364746
Sampling 84 with 1192318596288 - sampling time: 0.9302637577056885
Sampling 85 with 393754204971 - sampling time: 0.848301887512207
Sampling 86 with 1413950379912 - sampling time: 0.8918557167053223
Sampling 87 with 18289090319 - sampling time: 0.8513689041137695
Sampling 88 with 1703087350330 - sampling time: 0.8593704700469971
Sampling 89 with 582175126078 - sampling time: 0.875823974609375
Sampling 90 with 316120522232 - sampling time: 0.882359504699707
Sampling 91 with 446348180613 - sampling time: 0.88022780418396
Sampling 92 with 984105814688 - sampling time: 0.8871769905090332
Sampling 93 with 977414819423 - sampling time: 0.8747549057006836
Sampling 94 with 1273157640209 - sampling time: 0.8712596893310547
Sampling 95 with 1369566008208 - sampling time: 0.9276258945465088
Sampling 96 with 562652634224 - sampling time: 0.9088888168334961
Sampling 97 with 446343361010 - sampling time: 0.8564963340759277
Sampling 98 with 727257696588 - sampling time: 0.8504428863525391
Sampling 99 with 651069731279 - sampling time: 0.875624418258667
Sampling 100 with 1373618622252 - sampling time: 0.8729598522186279
--- total time: 88.88850975036621 seconds ---
