Input file:  ./FeatureModel/BerkeleyDBC.dimacs
Number of samples:  100
Output directory: ./Samples/smarch_base/smarch
Counting - Total configurations: 2560
Sampling 1 with 1071 - sampling time: 0.17072248458862305
Sampling 2 with 244 - sampling time: 0.14799284934997559
Sampling 3 with 360 - sampling time: 0.15970849990844727
Sampling 4 with 47 - sampling time: 0.14312481880187988
Sampling 5 with 1540 - sampling time: 0.14026665687561035
Sampling 6 with 683 - sampling time: 0.14724397659301758
Sampling 7 with 2367 - sampling time: 0.17423272132873535
Sampling 8 with 212 - sampling time: 0.1443648338317871
Sampling 9 with 1445 - sampling time: 0.15280485153198242
Sampling 10 with 1956 - sampling time: 0.15946698188781738
Sampling 11 with 740 - sampling time: 0.16165995597839355
Sampling 12 with 61 - sampling time: 0.15047073364257812
Sampling 13 with 2250 - sampling time: 0.17456626892089844
Sampling 14 with 1709 - sampling time: 0.15871405601501465
Sampling 15 with 1475 - sampling time: 0.16523408889770508
Sampling 16 with 503 - sampling time: 0.16665172576904297
Sampling 17 with 238 - sampling time: 0.14586091041564941
Sampling 18 with 2435 - sampling time: 0.15894508361816406
Sampling 19 with 1930 - sampling time: 0.15656113624572754
Sampling 20 with 1823 - sampling time: 0.17255544662475586
Sampling 21 with 1233 - sampling time: 0.15851068496704102
Sampling 22 with 21 - sampling time: 0.15062594413757324
Sampling 23 with 293 - sampling time: 0.14248275756835938
Sampling 24 with 1807 - sampling time: 0.1614851951599121
Sampling 25 with 2259 - sampling time: 0.16725969314575195
Sampling 26 with 14 - sampling time: 0.1264054775238037
Sampling 27 with 46 - sampling time: 0.13420939445495605
Sampling 28 with 620 - sampling time: 0.14651250839233398
Sampling 29 with 1493 - sampling time: 0.1740117073059082
Sampling 30 with 1276 - sampling time: 0.18761181831359863
Sampling 31 with 898 - sampling time: 0.13762569427490234
Sampling 32 with 187 - sampling time: 0.15405678749084473
Sampling 33 with 2409 - sampling time: 0.1731858253479004
Sampling 34 with 413 - sampling time: 0.1552126407623291
Sampling 35 with 2221 - sampling time: 0.1654658317565918
Sampling 36 with 2210 - sampling time: 0.15177702903747559
Sampling 37 with 606 - sampling time: 0.14587068557739258
Sampling 38 with 2255 - sampling time: 0.18489742279052734
Sampling 39 with 772 - sampling time: 0.13289618492126465
Sampling 40 with 997 - sampling time: 0.1657423973083496
Sampling 41 with 275 - sampling time: 0.14018034934997559
Sampling 42 with 1731 - sampling time: 0.1667485237121582
Sampling 43 with 2338 - sampling time: 0.15188097953796387
Sampling 44 with 627 - sampling time: 0.15282034873962402
Sampling 45 with 595 - sampling time: 0.14018774032592773
Sampling 46 with 1611 - sampling time: 0.1662299633026123
Sampling 47 with 32 - sampling time: 0.1405627727508545
Sampling 48 with 1534 - sampling time: 0.17959094047546387
Sampling 49 with 961 - sampling time: 0.15366911888122559
Sampling 50 with 120 - sampling time: 0.14987635612487793
Sampling 51 with 1096 - sampling time: 0.15996503829956055
Sampling 52 with 1448 - sampling time: 0.160064697265625
Sampling 53 with 2253 - sampling time: 0.1807420253753662
Sampling 54 with 648 - sampling time: 0.1413557529449463
Sampling 55 with 1353 - sampling time: 0.1599750518798828
Sampling 56 with 2208 - sampling time: 0.17323923110961914
Sampling 57 with 2424 - sampling time: 0.18530583381652832
Sampling 58 with 1272 - sampling time: 0.1709909439086914
Sampling 59 with 1022 - sampling time: 0.17256736755371094
Sampling 60 with 1995 - sampling time: 0.1784970760345459
Sampling 61 with 1893 - sampling time: 0.1718602180480957
Sampling 62 with 2216 - sampling time: 0.16589665412902832
Sampling 63 with 1547 - sampling time: 0.14533090591430664
Sampling 64 with 2324 - sampling time: 0.1583390235900879
Sampling 65 with 436 - sampling time: 0.15241575241088867
Sampling 66 with 940 - sampling time: 0.1518259048461914
Sampling 67 with 2133 - sampling time: 0.15836811065673828
Sampling 68 with 1591 - sampling time: 0.16543006896972656
Sampling 69 with 152 - sampling time: 0.14088988304138184
Sampling 70 with 1553 - sampling time: 0.13934612274169922
Sampling 71 with 510 - sampling time: 0.16579675674438477
Sampling 72 with 1785 - sampling time: 0.1732316017150879
Sampling 73 with 1244 - sampling time: 0.1595444679260254
Sampling 74 with 1253 - sampling time: 0.16566085815429688
Sampling 75 with 1402 - sampling time: 0.16667938232421875
Sampling 76 with 1834 - sampling time: 0.15403175354003906
Sampling 77 with 1061 - sampling time: 0.14092350006103516
Sampling 78 with 1476 - sampling time: 0.18481707572937012
Sampling 79 with 1047 - sampling time: 0.14739108085632324
Sampling 80 with 1304 - sampling time: 0.15588951110839844
Sampling 81 with 672 - sampling time: 0.15372848510742188
Sampling 82 with 1567 - sampling time: 0.16116595268249512
Sampling 83 with 2534 - sampling time: 0.1876966953277588
Sampling 84 with 419 - sampling time: 0.14719629287719727
Sampling 85 with 138 - sampling time: 0.12769699096679688
Sampling 86 with 2470 - sampling time: 0.16593170166015625
Sampling 87 with 1073 - sampling time: 0.1458568572998047
Sampling 88 with 1350 - sampling time: 0.159285306930542
Sampling 89 with 2464 - sampling time: 0.17818617820739746
Sampling 90 with 1197 - sampling time: 0.1532602310180664
Sampling 91 with 1705 - sampling time: 0.1533513069152832
Sampling 92 with 2060 - sampling time: 0.15261602401733398
Sampling 93 with 1162 - sampling time: 0.13999652862548828
Sampling 94 with 2172 - sampling time: 0.17876553535461426
Sampling 95 with 1647 - sampling time: 0.16958022117614746
Sampling 96 with 633 - sampling time: 0.15217256546020508
Sampling 97 with 1442 - sampling time: 0.14667773246765137
Sampling 98 with 2030 - sampling time: 0.17159628868103027
Sampling 99 with 2077 - sampling time: 0.15988659858703613
Sampling 100 with 2277 - sampling time: 0.17821645736694336
--- total time: 15.848955631256104 seconds ---
