Input file:  ./FeatureModel/busybox_1_28_0.dimacs
Number of samples:  100
Output directory: ./Samples/smarch_base/smarch
Counting - Total configurations: 131015637986869066594955808134501079028008039381985671612410564630862006108883152140836568227782153439006643161483440812593354976024587487374556603949573514223359777319658981065823636430801458215710142246414031293804813368688640000000000000000000000
Sampling 1 with 70215833325370383581141709398900966052246099198566332186209126310855661509642865615310106907995311803177813972220326735799981327807928745529367573156370996045949366023355261427653042756807360188191691923606035671365847110181697853876376417710210900 - sampling time: 18.209885597229004
Sampling 2 with 22260126363177616570195054863372099144902443084456309147137660113237759133613345857840526133414062416048221310962764653238947284520214219489143890799777215481639887325687502669953689659336272450777436840915808488032149380312680537339813736014545900 - sampling time: 17.85333514213562
Sampling 3 with 119109744494231450995267306889606096189863756777717199017320440202565084608023048861163396365007103048736890012091739084342234434441049629912577597346763958450196640561618038025155462088297127969388116042378790287025117861832111199035910458229893754 - sampling time: 18.98350429534912
Sampling 4 with 22547533442939906326466828545087027476697841634142488870352101251967589706480848570902143338967421572715805855997599077852744869502997591287047219616422916187193005363441344089379611699599567336419018872018478854632192663847188402152384279436258497 - sampling time: 17.727681636810303
Sampling 5 with 42463395180717655278570438701572029873193697666210729219303361654523769015728507074160189615921815781413455468940709968852164830736088061489857301121498409998137956502957077271269242744998639740714104872001550441561123897683180661260183175472104559 - sampling time: 17.79326581954956
Sampling 6 with 63419123453550753706113549574754476479007111988605302707369413394045826106195420630323514332504996977670076235472112314219673496587692321865911682663146750883000116012347562704863323379524975860039366012581454323116230722290028439128272479785867055 - sampling time: 18.309085845947266
Sampling 7 with 54685246069148065143266755259264500612581913972301318559705188719420443529169010081655838013750996882967214603122309598927966473983686765566114279511338921066121099072937746072640130917794777715269203886189342304135497276768196233136819638272671340 - sampling time: 17.913524389266968
Sampling 8 with 62401050235991237506810137642055867643513635773875543974642017146141375770660659526325494611386242534301758689187720597505950078002789761155311807680499176237043325245466350334326276639252352459777999886933246011148968212263205316371211538620734740 - sampling time: 17.873239994049072
Sampling 9 with 50939518794343196779243870640161944088187894016922412280371379963164632778346633586380762850514594049484220970904111821420396331512664907880365341643282739396192225740477222608108108006198466816485459218225206524463266438602567868762753443442424766 - sampling time: 17.91306757926941
Sampling 10 with 106526144460756379441128916972401213510094389343159345279807819928078523335521296243779838151983601514718372709022763399176805112176163893163798165403023115475793702897451628304219765363424692068262009013877574054147041834370183459288048585981130753 - sampling time: 22.72070622444153
Sampling 11 with 26030480708695457408348735604746681120512285301961323002005190589505608318882952340296799473883529749451414091261898369529787006570661800860754197559257152980491659414098336673518029601840063095156329386474673843198386818234627922905618290102064166 - sampling time: 18.3068368434906
Sampling 12 with 27011880084159468185741632494782111424682467488701974666204314291140692293997690483682870500730903926945595770046408757073379952053412418123995238952878169369642905721176503440097903199643151548597768850657646118651264299542051274823529867870279570 - sampling time: 17.98676347732544
Sampling 13 with 17649508650406155175064544844128299686244774823611499020874500942214694701509815106580199854111335642069861529127705635607276997504617455556118988823493146666987259568871813521022146052948958080120778955512585427158680189488061355555147356929971558 - sampling time: 18.20606541633606
Sampling 14 with 60071880343511994397484430928900279007545487848021717501617908094386337434249379237856451090343957286571644326370802458179349068228004912280923789281237468084685461627610652902164601590300133059873273889763816247696749240765328251143249302172715954 - sampling time: 18.08660626411438
Sampling 15 with 12781164425069667786310649351771973403120261528234082909676935582568935672731016490938622964522825024303715488168559444883904269439150877627428603245781230718251602037447327859990300886150863056855913624818388652556008210293980432482223957522612873 - sampling time: 18.2392635345459
Sampling 16 with 14240928421960636977017781206521657901235084201368716523794870145155866010993903570633927575985214996052299183311084578805870401520246411763661943379853160176671204745030714878501838277780040524876236752287399813436511440139271327774916641975147512 - sampling time: 18.411496877670288
Sampling 17 with 92825459156676849479030143461254934662214616479439626778751783149662805222830857127759783190869693913245891485634014406567272625161689262762636428238519619265951068050518306645854494888249102751125671928434784660714414155137198920153569165560043092 - sampling time: 19.209758520126343
Sampling 18 with 61806765913720910819512019957298836649436306094901985667124705259725722288237829033829551902675411592570195700632026403837488177505082055794395910440664488130358428094417596133651187660891619783495361894694197276985957417138303357862060717883580763 - sampling time: 17.980915307998657
Sampling 19 with 28684361297730763372600802952234143119046096703205829390077952326689429193448994443280312527906680937710591513282851544469496979065553730404983066785098358079484912040574474919701996038114702784823721913415770750233887620134578956385814547674851489 - sampling time: 18.147324085235596
Sampling 20 with 47536432404800512620929360342259889691612147396460638132983921414649162181016275798908669547028928006361210427775357206713534360226807137603820713433188857870707122632269592379315110515905071501860763483580462170111302236567895070450073169589972559 - sampling time: 17.854661464691162
Sampling 21 with 93508939752193774582361151058669038073206067336824322499625258084155569190523366728792984582103710067443163828879855117777079918234822924465355561275270318602731372271447619082312068662701904310370658200871806720292829425853193469840755873720252900 - sampling time: 18.567888259887695
Sampling 22 with 14609682133701313675017013541126733737236066601065875877477065022063786027365996891421375416067996416874329909375423676831776353932042327078726124960176812214950761308864048786744816569220212465936927592207526520856697077200029395586612039467387240 - sampling time: 18.09097146987915
Sampling 23 with 96969536065716346944880792612006274983102713291539035339057412448345736742930793443075008730536690136356989989149830654094748540160393774648041039876586563615674317752918283400450672844852853517171175283551166096823442489495936324145326827839219028 - sampling time: 18.17272925376892
Sampling 24 with 129445835835648865509589860562411078497339650097569911513471401230564676670089613896989508074739518589535050854241996186578443212117995866666449089127986972811873925421276517209773386344760978143232914029925831516389065383815990508145711553055301727 - sampling time: 23.43286395072937
Sampling 25 with 123638828230849378168378982559071924919944877070500068750125295507366711993449637769362302775810141337518901850077055391675157527535222551475789382159061052221401930868488611273871133524776269579790607604017953724824634229438911643763602192325788203 - sampling time: 22.552427053451538
Sampling 26 with 56270072273002288097558899202639823933668146701883645081347634221722900636605630676595249428508815921378061808797934659640074249995728999979514623687382073166047785507667195269207605727429702802859178192410833236801719986069494484459440588928892087 - sampling time: 17.941735982894897
Sampling 27 with 42304705967392577200694095837902748199666337445504047436073301612696117466145046858548201959075576892806644658732049735060170369023978633549662849589870080448047572938206869224364041433261917684225729795255473790753114939089936237899940179888349412 - sampling time: 17.751657009124756
Sampling 28 with 10900128082149121512000906925626972207788527549604810827229806989247591546383405984891972876311431089392079687517400320895566645716807158163244105027291313950568581203798389700216740561650359408948968538543793553261842781696897336034257347502286700 - sampling time: 17.500149965286255
Sampling 29 with 58433706441579746179639453383985794892673062674335281926688727927817860294978797433832144699365934645220899582045328971144955971037269952986582702704711479536000505409644324352961779802141764938624475316747300794530872323081390653252704337257239266 - sampling time: 17.90054750442505
Sampling 30 with 123892780458321322632512071143058413432417652679317082684142846538512037474463923012637546524514841556377787028822269113973003032382354739735806245740981676169177979138635160705120002488402064065530795061364826482195047880247609041544260692377440091 - sampling time: 23.034969329833984
Sampling 31 with 63436342950250723234264219327198929469137791552648399586371948141160932081944880076719505757375129530442344612220212119098311099812862944825710010118288034105656233571656480061574638568912454840356824253870601968602519522111111958342348085842050010 - sampling time: 18.26457715034485
Sampling 32 with 113752877286506921804910065124253103040541638954484037115335811372902803214489347418548616956622519899151291952291540889557750657690805572152627803705888382703151985279517214482575184997925179001234561133022120721741467545057959047836832481170592989 - sampling time: 19.061747074127197
Sampling 33 with 103423877775119053777800741924004262116419798540709480923064337370940414019596524690260676941948361483950701022345424232175770372046148738359237128961160556652621836839786432442486603695107980418720912471102172799862624911886106896591336711875373825 - sampling time: 20.2873318195343
Sampling 34 with 98825286649126626992617909985372004821029092020900810865581088314035989851436575745562848339156038923580240355258223092413405974069162862859354358556251416361528591205140536781541892151101316395780519453809130383471958045556836920056424785712486686 - sampling time: 20.15720248222351
Sampling 35 with 74402876919690872893778540407387701266167020636074805598683173742492995293374063084879641940351502856077030825897245313485995356275588341004776280289986910054157955170504127432682839155234459687320305209456771038032460343738612702348616789522990346 - sampling time: 18.051424741744995
Sampling 36 with 61675269599314860999486618224439938868188886418850091672590585639048531397126929295010267663690140386969213092018176977008137431303184082618412936863930413184566420983094633118675563201983840474248794271041238880385034411216064519312329260399721382 - sampling time: 18.37797236442566
Sampling 37 with 19543592620196782031567275317969721730539967743519486820532253146757001230469344633768923154257149216832868175358016715266556898011054543328932005649723694725679031690066333444780220099101251180512783003165744953974452275010813814438064466781968985 - sampling time: 17.87673282623291
Sampling 38 with 54941800415924783973111635531530272319198901636366878091182324785822907084238811145262101526775180132506396124533085669721690057673769097837664026646941965265031982008074898753313685962776263112700432407972460081445418392971335862349222360697014707 - sampling time: 17.86717128753662
Sampling 39 with 89296579627760639142148305051627071872716574683377166792748934883912936752807479137680965525512700918223058195151620648989458857336996052180568117920207974230696240516527928173178691274376111849646897564341553286844313891075853753074104349723150943 - sampling time: 18.696207523345947
Sampling 40 with 29277665699848308593127887429862144933860820252511782298428811863733262719609752104588841593175127661098325574762119949922850888800957083704458224195537868792391347440069007630582485797810214956225500732619027610148789971367462783505681120413568292 - sampling time: 17.96578621864319
Sampling 41 with 110597575668846341923234531397729459294385970260188549539955062182891591293111063715585068961406253782748974162018774698775562787302912941122821885529128318194675196400760348490926547306665710277659310093656176845781329794765730997765142848302403966 - sampling time: 18.82410454750061
Sampling 42 with 13186157637106565995329190184754704680259126788152417407508068888046235152353609990452686933138606208879017585490475850531507185798507581020143605365491331662405594265823105148674067698259289241953011910539978165202380814359522049639376223495093418 - sampling time: 18.08504605293274
Sampling 43 with 35877318371188687725108965690513646398111275137688992902975704093187561295578300702922231299794143431218057036059679390592231515775083138623293600509386956839181715623317307181791190347978223590019560814477687491098234046607350472284874650567523811 - sampling time: 18.060414791107178
Sampling 44 with 72563528479957292310782452867270475098581255705884662375592460472891556460144223623518127320414316241823650508979156692950104995412607292685096260459355500595636880611282413044448056883721868881617816429507409880335146488577532025483665450203761518 - sampling time: 18.14884114265442
Sampling 45 with 35711636365530144202062197027741608447590671339481596524947335571257400081145553111190379041282115483977746508254190805316413985931951136868037085441255752925591492591989572061524725953785913580287821754417074130774935426355616083662702612719143226 - sampling time: 17.962331533432007
Sampling 46 with 110707100972447546140634137421532503886752960058126076007387194830412198254957131986589604484285101162686684243563550066177222522197336512459280840103711251001438337845354460334112168456234386559237124878619276304692698336998334291577738961444395166 - sampling time: 18.9921236038208
Sampling 47 with 68549547151278228923376133389448419123075184665291165174506982281842773732547914961164890699752815044106771971021545390821365976174015759516814595850536204046506581797692312922588529753447833433030891755363552656096231293151362952234512185190096260 - sampling time: 17.739174365997314
Sampling 48 with 52894161117971090583783890825684312050958261139932504132347397531332831419988155268720016923994809199680343222131339183126188441762681073409558182410833798996698444020562633117590871923972949742219636457432917397012899106331896191579902318761145706 - sampling time: 18.010536193847656
Sampling 49 with 78767389839110961063232339315007526712587146696223075460959107831526727410524260715833234746956624704232044589582732513819644731253898775772579772480339309203811096689137804209496870509680666642254508200124388552754281965909423529212263745085444442 - sampling time: 17.62422490119934
Sampling 50 with 14985793469533495558286782750521159597012160083803496416781968865009299073227836092698271966340308996919237820933304422540867733402210420098836490502398513910550660945598783919051326831707046221543458944909993588914961799901234649644025202005429992 - sampling time: 17.85299801826477
Sampling 51 with 79189991859402818076734001910072495873952534060470550941127673421122623243875047094979803261543800852241997529073525311294599328228073064667294312934782494337725913266061160492509393961578293756984123687378780455441664899441143312616768689925815014 - sampling time: 17.670186519622803
Sampling 52 with 110571429096411952386681409410678545799117885489288004920792258734092113702856095675916164441902001378572587835099535664598683842167883976397548817662408449274258934401169432934049498653769165844199247360227805076166099524168537003006461052036121633 - sampling time: 18.877426147460938
Sampling 53 with 87150751533427944566478169766332718153948703890579938794637449771274047377189365168629352729391143484619614507524537458480458484582057414452638203357376937440336785055480612546134399492233388513945467393142281005033830890376635412934798472587022472 - sampling time: 17.816097259521484
Sampling 54 with 48933689411080234001646469141034488623097819812317628691168229714896234460269058077651435133311672879346721515834966429800051331430203069076609472262585888618935868152279432598620970080081882914238429678327672849595715531958885813729907997373749980 - sampling time: 18.005039930343628
Sampling 55 with 34342887667837985620720834607905418438536248088470948585696649849953655214373439243086942080267946225402047162428152529056218015102937511669628151868976009171196805629377451509304397307123239478637842367291959677459056555408808170051997761036508405 - sampling time: 17.71705937385559
Sampling 56 with 52529591313491324645225296472612903629350693210477080192583881315353459728590359290150160543360328502166175506507402602390335193047214347350858920816057004158787636763113672341245158344304532840118513831434595997566402604891053048617252359614245584 - sampling time: 17.614150285720825
Sampling 57 with 115720474390736926383177459659317355690062102070829439022011515022126802626333157284537487388369772845763125407948957352818992162320797641109492601826291029774981862652533868343473016426594169261976045421935160332189616215778958107608654909864384212 - sampling time: 19.13144564628601
Sampling 58 with 14634722615915582781250123093792944662406442162197794532565690146085781810409531645044360762587278211608598251551605361013807680848018643806049366381753581324998002046358819757829198590890044681933146809456990653669836083404437756096701001983875574 - sampling time: 18.07970952987671
Sampling 59 with 121640336470684577278237414618900795316687843895066008612678827164277164278535349524431060735445048620797543147321577364710455111932854647885395965121959963808696286443131500993832442763349197619797590449806911325836499132907318704418337403663632723 - sampling time: 20.597888469696045
Sampling 60 with 112714249264480119151759738960536610915432282332071666393729514079555711604601754808550608133384929523382429151176374006408104644986444750559688240123467036874009942571287669278212424315901488295797827595405926848200142082220017880983348195947933322 - sampling time: 18.773711442947388
Sampling 61 with 29138659091519386985915347394196912832611784596326178489497677549706391885529750562274461889216892307866869947405193140119678807644614435186541257471788640214839856616491302735978808063750210704549712188845395448714955788104643760392036314784627167 - sampling time: 17.816607236862183
Sampling 62 with 75134834364497702408441080151121628421700789536886397138971503749621418029022361881508763971558973702541765245214027904328373509537796068767758856473497740116411948587003833289691844369221468847794190896100191815551713312440488270298292260244618311 - sampling time: 18.319239616394043
Sampling 63 with 89398931323955082775422848260602506180057600791679332661000990407821324321877619359811036413748052812358563558268002786644918888476084749205129855708239663273168522905249147710177842402313393490038678754755409321517099973579373913159592818732755484 - sampling time: 18.689512252807617
Sampling 64 with 45375519183298199024709328719614517018753892377829096488197280769192812620234592919078221908121204986880252598616523581582902003913469334649922623290533739414029592821605173906019705686300439585985944744724948862839186751484896525022937716165341378 - sampling time: 18.122565984725952
Sampling 65 with 81106580266285257232755416055963814784097351841848429904403283847581608943349799907853187809416590385112480788744284045700272897132193665765574014546673100599920174462347117967953497505728050102581047882784131251747708252763594711782838758993939154 - sampling time: 17.804617881774902
Sampling 66 with 5455660387023245986884599993291401672641328778374639807674239410855493993381930772382347281941101539336694248869095818024009750838057187645494904098726521654575763567307159380145197543654648184491658860083579586927837240877173543594178368757506068 - sampling time: 18.22006607055664
Sampling 67 with 126290308137642890870092448476906474353740412309324239941256974518188712501786133818221318684235864147548232631867478709761688387673763157438469201408432990501624814739361558465741216346313313913986212607955669469457103585182591057350499096340757770 - sampling time: 21.39319372177124
Sampling 68 with 35691486304666159703052918144292079023820730909706884277267256177203001185478704544593807742990452507556025324990184872357634235640569153353971375957697164055087382966512885164448305469775263632456472326042387546823717658807077690093301778039700826 - sampling time: 18.202188968658447
Sampling 69 with 118232034923645490520455789092654635319638098343288497420092458450496496807730798189010269581622843316059179831663926076841124952434858660034531952587147402299625839139449146774683724109978326921493703177898420300257094608206842106925305807394836574 - sampling time: 19.114686489105225
Sampling 70 with 98212100506888056291674325497481280403588247709230928674360437897059374733079124436832722414894503279048689189704075842308614798264548882342347242434048265116064016072873468387813821303567577491765222818303953269402236256108606204179096958957542538 - sampling time: 19.759984493255615
Sampling 71 with 55102592653668052597350434500164503855892420635421791397783096689582854828018680640930922044709867446501247170470818245712561221406102063298235528792150259524448709884725111039519006706770174052231629310383037881337248991709570080171792072783969344 - sampling time: 17.940682888031006
Sampling 72 with 51606877162431900652963538968531322766312744589848612255621495826230166578735653914031405642652375452056994740592054918190973965297018099518396171822372873989936155475341508046250835159531264919700547214675148536039455622905537028671461979260101050 - sampling time: 18.244613647460938
Sampling 73 with 15213071138719865867192937559118466348870334295933033572905039219240106622900546635763942863812455928096677132859296010043768608809505530680353909590048044231425372457332308413973800430907154435203810384528379468416542794233210741057822500408687461 - sampling time: 18.453301668167114
Sampling 74 with 50100105013804525363204264742011078006627105686028253786321213994765974612121784445344277587616417324497298396444815527080134905913117193847854155755497096804537214080974018435971069722690424309224378357812149733147125820230433487349115809790556467 - sampling time: 17.772258281707764
Sampling 75 with 50991513579211601878454625833308298213985796602314257211587797578794242988299494459284378027840554792466158644145769914556290719430846806318184138848690128833140542057913642238012664261990620152290968972514865543164735251543312587091835048815065237 - sampling time: 17.63901662826538
Sampling 76 with 11081977573845078311884663820428419386877667640932533823613329493968587466414783649808611125414433142274740992749337243085615391616689472301433074408102581813599761146900115561858978067474815799455104916504940136411436975623533245615506374803703750 - sampling time: 17.913867473602295
Sampling 77 with 31086917941080857089196702729468017585939361139590208329744518666338263059233129356537853926753664807811295979723268288875906775818735930704391015551294061556331336177358737637914586072984929025384155827471310941940056660855875662419535406224784257 - sampling time: 17.753336668014526
Sampling 78 with 94509076381665981967261335658958700981238532014790807829935937024413041289947610531927163516953886038809822315879736153006326748594364428905738085975828680583692611994056103644375816885745873219318934660674862519507172041332965764698801910642386657 - sampling time: 18.531803846359253
Sampling 79 with 75632008636210495143693026994347951251227073789171192479096151777152049323947001455887369074108209284010025986907265106692384644516335663478340442487318156290910859136360322210471503005523107545684072916637052532670059321694418378053792903966243906 - sampling time: 17.685264110565186
Sampling 80 with 109138575624089947934726468672829988545681043946573238543973559163403227312096844230485365666809862988716624628506917338624384621593435632674917356320856678069293216989464496215125433752425037162843266394175425202363797774339005535378080176359393386 - sampling time: 18.521812438964844
Sampling 81 with 12835194212583930411726841912011561407969967099196273947413059099097322684931417111174258955076084197806999277199580247728471798711237377081349041443058993575163165751187284188175349170997528374670880200993015447223154682879643498065510138820291505 - sampling time: 17.60135531425476
Sampling 82 with 64513619881323919497429430455470960189765927717488649918619858007712391868071849659577414792467334361844464709879969570007465824926790510343691422989584197749481154968993447431603164215565938884917623843986145396515020578692235195177262655483969970 - sampling time: 17.72210931777954
Sampling 83 with 122799567694700993739402743377599974621870307445412413939582067733923044121627971289689721275269200307189271934135143498603219326878113123044982581184465558611895525260988390647659330632742458759725436439434956318674238905519172898565853615038373448 - sampling time: 21.838655948638916
Sampling 84 with 53607387757760504515730065427633036335649821921369974636884538259937455359046933874817214432106991672282628749376049371890990958156988931179521672191607875954586119309488142401062890361478979732675603526451959592230359811428771963537688404224586876 - sampling time: 18.021380186080933
Sampling 85 with 54796577290279794949681483697487556890010624339347676395131660426390048335895130101754681728960392226657065874721445233693578184845594136698285616387987953889434301603904103291889201526917880594887617758431939576170592649111749079194268417137819749 - sampling time: 17.627352952957153
Sampling 86 with 103133374683779905777303368821352859001160558367261932854772211223265358547490041132438938857063047527692731573511008895964993730789476777859557784592478282856685955314665126536139928371470207798140584600922498835959685617978283608348498100883034460 - sampling time: 24.765930652618408
Sampling 87 with 29894474597113140945808205694315144814862488895768775688145505022259297471053542963474032590309681097285766532424516997912739791092276883222321788608902935776517328150133383318017587748225916931957268696657980418833755218438389606601157111475369478 - sampling time: 17.827824354171753
Sampling 88 with 55319866804508384786966434983165793026174550814878720021729730879730995062361226029479146482651479336313576268070145472555721835463534187583216740538884562456183908451650368828881339284037725992254166183860706748732919566703897387939692290068145788 - sampling time: 18.032927751541138
Sampling 89 with 59333708833896553273472332180314390068316494522896845148378194307105714473436852340438918333694265633747388990666954066982723940617433921606650697660285328794024664034926641846778325860466231841302042561985201259488643009780410031960766151041502308 - sampling time: 18.01541495323181
Sampling 90 with 119242835286009589557717362278077958830603531127194240115864200882992748235416743953569140917097558980636715670232004802500722305899256646556402719625610126109365960373735752072836283037877161888508062370726831330512968174612165810863477511366244285 - sampling time: 18.900670051574707
Sampling 91 with 64127301744904367777996665198171111038312875812744300866728694940112633023081840163123346267032274710468010628316226638790853267052169798373654729573349547870305821933259337507764799174028724318449706366181199848256655473414549936375864353162770338 - sampling time: 17.900275707244873
Sampling 92 with 112810859376904452646686906197596243602704669751234751447019726499179401977069103791465030546124571826853297578919086456681138384543541895943470888388290289931813193044106086423335722535519391940302752149521183474802923193919204001200441493982544742 - sampling time: 18.877784490585327
Sampling 93 with 38105602366284965973644991745131676023911441221085939853792595435772243462376769332481216279834281009069521039716539980425601529325408994459092290829907272736118746431663157781778948096460461530884981652775159968076998354984892600487719747703744342 - sampling time: 18.31540584564209
Sampling 94 with 25053770605178189134832078623713092183839844026553344251587549556731191529741397745628851121508229630726142747018758308651105067618637142636075851082954394209359216049335495133949060678623673947240775408626418491681304913346023742219269136644267624 - sampling time: 18.036752700805664
Sampling 95 with 89904213641674188750745228246914414161321014699891698335619394063352860743933834268850474367488278311393683196739449834827378873292988213894898185826168114209707101639528271409748184257017648070683200754469873370391666864059312374785769220517173790 - sampling time: 18.811877965927124
Sampling 96 with 61074125856573819253950595655029562938166212571561690906002183282772042617621192575359477717792388437599842639678827299131667873763713045844147507250772768160117630134728939233294173450557307180658773238323412411387799534453602790461073988319810580 - sampling time: 17.728683710098267
Sampling 97 with 109869131398153034680173929609592945104951737070846937679380072736825204628234324378919192672809820378334319106683098305288594894087311689554669030222622090000300658826919734628149040958657867710301609904516888067562148302271220807627479610661771540 - sampling time: 18.75724172592163
Sampling 98 with 112150880632922415915178646349112696129353221581826222766864750934597889818029456663813084629057035273409681793431220012680671673841790178777630934981725477244806724607586104558329443540456603548834064331338487518809483014788177397588903028406243256 - sampling time: 18.708133220672607
Sampling 99 with 106331193094877499827654564317784029291977460119897622761756208180067091721020675909987981376875129666130478382368144258383186015082612280548853478024399744817625470575043364185559359877366286971912272809741551967232448333212074181140980856216879959 - sampling time: 23.836398124694824
Sampling 100 with 498011621689643339022018026735953411329656600503912190819079557576830530085136360795906102270610654879661580704085336551539168166296994491405999395471980393054091272653826923937982909426091564302526409322383783245086102629990368167881148789241168 - sampling time: 17.729384183883667
--- total time: 1862.1840286254883 seconds ---

real	31m2.234s
user	24m0.340s
sys	7m33.101s
