Input file:  ./FeatureModel/Dune.dimacs
Number of samples:  100
Output directory: ./Samples/smarch_base/smarch
Counting - Total configurations: 2304
Sampling 1 with 1779 - sampling time: 0.16603732109069824
Sampling 2 with 1980 - sampling time: 0.16305327415466309
Sampling 3 with 951 - sampling time: 0.16179633140563965
Sampling 4 with 137 - sampling time: 0.14386224746704102
Sampling 5 with 138 - sampling time: 0.14626193046569824
Sampling 6 with 1800 - sampling time: 0.18563342094421387
Sampling 7 with 1755 - sampling time: 0.16029691696166992
Sampling 8 with 818 - sampling time: 0.15480780601501465
Sampling 9 with 2263 - sampling time: 0.17357993125915527
Sampling 10 with 2128 - sampling time: 0.17850208282470703
Sampling 11 with 1997 - sampling time: 0.16881227493286133
Sampling 12 with 1377 - sampling time: 0.13524770736694336
Sampling 13 with 676 - sampling time: 0.15403366088867188
Sampling 14 with 1371 - sampling time: 0.15853023529052734
Sampling 15 with 1489 - sampling time: 0.14345788955688477
Sampling 16 with 1167 - sampling time: 0.14750432968139648
Sampling 17 with 2222 - sampling time: 0.17998313903808594
Sampling 18 with 925 - sampling time: 0.1674213409423828
Sampling 19 with 1698 - sampling time: 0.1702427864074707
Sampling 20 with 1244 - sampling time: 0.1548149585723877
Sampling 21 with 1452 - sampling time: 0.16111445426940918
Sampling 22 with 1325 - sampling time: 0.14100933074951172
Sampling 23 with 1056 - sampling time: 0.16788625717163086
Sampling 24 with 934 - sampling time: 0.1800675392150879
Sampling 25 with 1837 - sampling time: 0.16704034805297852
Sampling 26 with 883 - sampling time: 0.14895248413085938
Sampling 27 with 2290 - sampling time: 0.17369651794433594
Sampling 28 with 727 - sampling time: 0.15973687171936035
Sampling 29 with 1529 - sampling time: 0.15328383445739746
Sampling 30 with 2064 - sampling time: 0.18238258361816406
Sampling 31 with 1544 - sampling time: 0.1574394702911377
Sampling 32 with 1973 - sampling time: 0.18021893501281738
Sampling 33 with 776 - sampling time: 0.22162842750549316
Sampling 34 with 391 - sampling time: 0.14523983001708984
Sampling 35 with 1863 - sampling time: 0.17670106887817383
Sampling 36 with 646 - sampling time: 0.17503666877746582
Sampling 37 with 1858 - sampling time: 0.1637279987335205
Sampling 38 with 2153 - sampling time: 0.15503168106079102
Sampling 39 with 426 - sampling time: 0.14119958877563477
Sampling 40 with 1007 - sampling time: 0.16753482818603516
Sampling 41 with 886 - sampling time: 0.16091060638427734
Sampling 42 with 388 - sampling time: 0.13515734672546387
Sampling 43 with 86 - sampling time: 0.14687156677246094
Sampling 44 with 2288 - sampling time: 0.1867072582244873
Sampling 45 with 34 - sampling time: 0.13454794883728027
Sampling 46 with 1130 - sampling time: 0.1599569320678711
Sampling 47 with 1482 - sampling time: 0.15970945358276367
Sampling 48 with 1551 - sampling time: 0.15477776527404785
Sampling 49 with 302 - sampling time: 0.16791534423828125
Sampling 50 with 1643 - sampling time: 0.16480803489685059
Sampling 51 with 1715 - sampling time: 0.151810884475708
Sampling 52 with 2081 - sampling time: 0.18727469444274902
Sampling 53 with 1898 - sampling time: 0.18022727966308594
Sampling 54 with 1701 - sampling time: 0.20992016792297363
Sampling 55 with 13 - sampling time: 0.19321560859680176
Sampling 56 with 1394 - sampling time: 0.18072843551635742
Sampling 57 with 538 - sampling time: 0.15737557411193848
Sampling 58 with 919 - sampling time: 0.17945170402526855
Sampling 59 with 1299 - sampling time: 0.1558082103729248
Sampling 60 with 1497 - sampling time: 0.1480271816253662
Sampling 61 with 2188 - sampling time: 0.1753830909729004
Sampling 62 with 211 - sampling time: 0.14796805381774902
Sampling 63 with 326 - sampling time: 0.17128801345825195
Sampling 64 with 990 - sampling time: 0.17469048500061035
Sampling 65 with 2237 - sampling time: 0.17481303215026855
Sampling 66 with 869 - sampling time: 0.1615734100341797
Sampling 67 with 1855 - sampling time: 0.1727139949798584
Sampling 68 with 2061 - sampling time: 0.1662909984588623
Sampling 69 with 1796 - sampling time: 0.16736340522766113
Sampling 70 with 1358 - sampling time: 0.1611628532409668
Sampling 71 with 2206 - sampling time: 0.1664137840270996
Sampling 72 with 1036 - sampling time: 0.16642332077026367
Sampling 73 with 2091 - sampling time: 0.14717960357666016
Sampling 74 with 1618 - sampling time: 0.1479630470275879
Sampling 75 with 1387 - sampling time: 0.14680957794189453
Sampling 76 with 293 - sampling time: 0.14657306671142578
Sampling 77 with 1215 - sampling time: 0.14781737327575684
Sampling 78 with 217 - sampling time: 0.14241886138916016
Sampling 79 with 11 - sampling time: 0.12805724143981934
Sampling 80 with 887 - sampling time: 0.1610710620880127
Sampling 81 with 1324 - sampling time: 0.14140558242797852
Sampling 82 with 1864 - sampling time: 0.1803276538848877
Sampling 83 with 1259 - sampling time: 0.15479135513305664
Sampling 84 with 1875 - sampling time: 0.1559767723083496
Sampling 85 with 419 - sampling time: 0.14153194427490234
Sampling 86 with 773 - sampling time: 0.1479339599609375
Sampling 87 with 2026 - sampling time: 0.16745758056640625
Sampling 88 with 1494 - sampling time: 0.16073894500732422
Sampling 89 with 1231 - sampling time: 0.1599268913269043
Sampling 90 with 1639 - sampling time: 0.16835355758666992
Sampling 91 with 762 - sampling time: 0.1596670150756836
Sampling 92 with 204 - sampling time: 0.14750194549560547
Sampling 93 with 1907 - sampling time: 0.16724300384521484
Sampling 94 with 1433 - sampling time: 0.1351761817932129
Sampling 95 with 1458 - sampling time: 0.1483442783355713
Sampling 96 with 2136 - sampling time: 0.18024611473083496
Sampling 97 with 1106 - sampling time: 0.15657734870910645
Sampling 98 with 321 - sampling time: 0.1443939208984375
Sampling 99 with 365 - sampling time: 0.15404176712036133
Sampling 100 with 130 - sampling time: 0.1483900547027588
--- total time: 16.152366876602173 seconds ---
