Input file:  ./FeatureModel/ecos-icse11.dimacs
Number of samples:  100
Output directory: ./Samples/smarch_base/smarch
Counting - Total configurations: 497468225710631621747603296699889033272954921819172253991278234562183327622958116060862179163892950611831327207015661220531400
Sampling 1 with 469384745165618935799561250982877756159938262266503936150720736427701563680944575461328982822623764353995798075569855470548841 - sampling time: 553.3431134223938
Sampling 2 with 57233597485079897749318184897688614985191596711910893923665697294507424962272672493499461853219753206110765840507083062113343 - sampling time: 423.82050681114197
Sampling 3 with 156288034572847684648189867640489129013155634420540424593854441822770483606218565429928997073069852651763102581082882358618307 - sampling time: 595.9221982955933
Sampling 4 with 273642966875156237014183440329872383248307286411787142819720386965365394915186030852077396479853553863167803254992852691781720 - sampling time: 490.692834854126
Sampling 5 with 25695693370518472397159034469044912328146848325154691783363752935536589194174875039663581900217656569134829922992130678223633 - sampling time: 379.740287065506
Sampling 6 with 397999012591123588841158177410407967340728449386113390341415770565460221475997185094047343804086807354233917585618344324677373 - sampling time: 351.79897809028625
Sampling 7 with 229710688928503377405298889360891256686295648739848255272460263160963443740980535952017044494524463781083758093845291830222193 - sampling time: 301.6894669532776
Sampling 8 with 487758048610494892301181233716749544657733321416194118799104736872356305920049881346710544861962309811733661288578272483264434 - sampling time: 811.2556054592133
Sampling 9 with 488990018085954431841843788923350344368706930515057985340424517545413783279470142704277365476493442874084011465279532616349785 - sampling time: 838.3073875904083
Sampling 10 with 240083278550228258075396869375634606035273311096352879194615983966740004925249865977598056201525225495479510153883986593947533 - sampling time: 316.1076431274414
Sampling 11 with 268469197901935008485240800320548330589772859625388882970363640277055434116536527604072686393194523835669020363532619209052684 - sampling time: 574.3926663398743
Sampling 12 with 161451161985334613991483969219164274485728332059351169227155462167705816158367134065856054741096635492433548607330976820601153 - sampling time: 598.4544041156769
Sampling 13 with 176427145040343524153874499715608523830043190327280597909373824593802615749472313913611092010575791221173288076928232695954159 - sampling time: 476.8607964515686
Sampling 14 with 473142216673719581995432364911016275440747910922583031209138648609429792917509543730866090198721866997792844577761913029331559 - sampling time: 562.8775105476379
Sampling 15 with 17801604071065582151226244039344808115602753975174643966270703157951555271916427307498027773182285552026747518333690481245467 - sampling time: 312.1618618965149
Sampling 16 with 57728781025279382802095585571424844053290725111647828691200915481883406306004731573897012084060254577133569202667678722380801 - sampling time: 327.3707580566406
Sampling 17 with 382177665478328430240433479429139351608342679212327717558363759489172574169601950102517751465460245280723812875304142580818811 - sampling time: 587.3332152366638
Sampling 18 with 192993993822131328607776152333742774621435695273442612170028741724836895899311850381292077952341531917001462176978252152713075 - sampling time: 428.99599170684814
Sampling 19 with 384401665881019055257158931590140612444092762591515372368550883597523112729751590905388196660313596606570134268979562608724783 - sampling time: 569.5655932426453
Sampling 20 with 430933863925464551761281874956401198183046696414033143185254729703149322828898305959703669841817557582380695114249098815811582 - sampling time: 586.2870328426361
Sampling 21 with 32046509987640934161543771006826823197633430359589158672352926300823851542196531252701017527576441641741744041749254055122050 - sampling time: 541.0667104721069
Sampling 22 with 174782519412957176159729117826543987434314514325621104624906214877358658587727732570571362718231747159591660279741095921388221 - sampling time: 426.11735486984253
Sampling 23 with 290230207576863542637673984850519644107890359169286919644805724179988426830023139904946128799500302342635903420970482638658703 - sampling time: 300.0857422351837
Sampling 24 with 9607836469113532805992486757515761750591109348354638406062569200414878873239873637660024949895185900952733837254772228483804 - sampling time: 390.4591226577759
Sampling 25 with 242931961322597204861811308959165835366492456484729023635947806881599543251251794677394938014428894119784747182760998943521410 - sampling time: 344.6327233314514
Sampling 26 with 351725644209815292705406004711234500684990872564795163315829465457089442078574303265014629159033701019565528037660850675217113 - sampling time: 342.72614908218384
Sampling 27 with 242190696844069286871158304407573522837944696761527560476615171898856369103561324648005112115624163269065371013109912227273954 - sampling time: 373.7314636707306
Sampling 28 with 338755329397225808372844559654963639978069098834252002775245519693596300843431058119919908687143342438208706061020707088619506 - sampling time: 333.59301567077637
Sampling 29 with 377662970664741545034686070651633382933188317212424760619956121836164290430741260410159456852021307998228477749825383322300777 - 