Input file:  ./FeatureModel/fiasco_17_10.dimacs
Number of samples:  100
Output directory: ./Samples/smarch_base/smarch
Counting - Total configurations: 10298439168
Sampling 1 with 7906622305 - sampling time: 3.449753999710083
Sampling 2 with 1716989945 - sampling time: 3.4145729541778564
Sampling 3 with 2162337696 - sampling time: 3.4461381435394287
Sampling 4 with 2992715843 - sampling time: 3.391777276992798
Sampling 5 with 8031852462 - sampling time: 3.6059679985046387
Sampling 6 with 301788867 - sampling time: 3.3158211708068848
Sampling 7 with 5496098809 - sampling time: 3.4216673374176025
Sampling 8 with 922408319 - sampling time: 3.3950748443603516
Sampling 9 with 3886615366 - sampling time: 3.3447928428649902
Sampling 10 with 1156837116 - sampling time: 3.3847732543945312
Sampling 11 with 6176402229 - sampling time: 3.4571692943573
Sampling 12 with 8097862626 - sampling time: 3.537022829055786
Sampling 13 with 3616303401 - sampling time: 3.376549482345581
Sampling 14 with 7933807485 - sampling time: 3.5376205444335938
Sampling 15 with 6878472505 - sampling time: 3.516632080078125
Sampling 16 with 9265038875 - sampling time: 3.3674163818359375
Sampling 17 with 9389700457 - sampling time: 3.558943033218384
Sampling 18 with 9913429899 - sampling time: 3.5806915760040283
Sampling 19 with 4641118091 - sampling time: 3.5025384426116943
Sampling 20 with 9084964126 - sampling time: 3.4216928482055664
Sampling 21 with 9091171439 - sampling time: 3.4980971813201904
Sampling 22 with 10140760160 - sampling time: 3.5528059005737305
Sampling 23 with 4593237277 - sampling time: 3.4696872234344482
Sampling 24 with 7018182675 - sampling time: 3.408269166946411
Sampling 25 with 10166838950 - sampling time: 3.5577216148376465
Sampling 26 with 10049619532 - sampling time: 3.4920384883880615
Sampling 27 with 585362744 - sampling time: 3.370774984359741
Sampling 28 with 3934818611 - sampling time: 3.3929994106292725
Sampling 29 with 40888694 - sampling time: 3.3680830001831055
Sampling 30 with 5209407372 - sampling time: 3.4658634662628174
Sampling 31 with 926313363 - sampling time: 3.3299994468688965
Sampling 32 with 4947419474 - sampling time: 3.4680845737457275
Sampling 33 with 4515228175 - sampling time: 3.4129645824432373
Sampling 34 with 9945871342 - sampling time: 3.6155028343200684
Sampling 35 with 7956832865 - sampling time: 3.441859006881714
Sampling 36 with 4097077210 - sampling time: 3.383955955505371
Sampling 37 with 2967574423 - sampling time: 3.395955801010132
Sampling 38 with 3488758129 - sampling time: 3.4242756366729736
Sampling 39 with 1334340234 - sampling time: 3.3292489051818848
Sampling 40 with 9266983788 - sampling time: 3.4167158603668213
Sampling 41 with 6560143002 - sampling time: 3.4044747352600098
Sampling 42 with 7174266537 - sampling time: 3.4037981033325195
Sampling 43 with 7656393192 - sampling time: 3.5405120849609375
Sampling 44 with 6687609361 - sampling time: 3.346608877182007
Sampling 45 with 1096356895 - sampling time: 3.317415237426758
Sampling 46 with 5101155525 - sampling time: 3.3430471420288086
Sampling 47 with 9042713803 - sampling time: 3.507580041885376
Sampling 48 with 4385205352 - sampling time: 3.4499757289886475
Sampling 49 with 4124446003 - sampling time: 3.4210000038146973
Sampling 50 with 2671930548 - sampling time: 3.3437869548797607
Sampling 51 with 9845486601 - sampling time: 3.451366662979126
Sampling 52 with 4592826753 - sampling time: 3.452669858932495
Sampling 53 with 1634781327 - sampling time: 3.3578438758850098
Sampling 54 with 6242741290 - sampling time: 3.385387897491455
Sampling 55 with 9258343815 - sampling time: 3.4387853145599365
Sampling 56 with 4213197768 - sampling time: 3.4573311805725098
Sampling 57 with 1635825741 - sampling time: 3.8381295204162598
Sampling 58 with 3806812266 - sampling time: 3.4828405380249023
Sampling 59 with 7553867704 - sampling time: 3.6363348960876465
Sampling 60 with 4108294800 - sampling time: 3.560497760772705
Sampling 61 with 8065790729 - sampling time: 3.554656982421875
Sampling 62 with 5611477650 - sampling time: 3.5821871757507324
Sampling 63 with 6624568856 - sampling time: 3.519284248352051
Sampling 64 with 5248644293 - sampling time: 3.498887777328491
Sampling 65 with 8233535560 - sampling time: 3.5793120861053467
Sampling 66 with 7644780195 - sampling time: 3.629070997238159
Sampling 67 with 1987432744 - sampling time: 3.42215895652771
Sampling 68 with 1017520606 - sampling time: 3.4312963485717773
Sampling 69 with 6958130408 - sampling time: 3.6231117248535156
Sampling 70 with 6206971917 - sampling time: 3.471935272216797
Sampling 71 with 102591769 - sampling time: 3.328279972076416
Sampling 72 with 4847126631 - sampling time: 3.600860357284546
Sampling 73 with 7526016346 - sampling time: 3.5107102394104004
Sampling 74 with 4713747173 - sampling time: 3.580946683883667
Sampling 75 with 2442338866 - sampling time: 3.453850030899048
Sampling 76 with 1275167868 - sampling time: 3.4215292930603027
Sampling 77 with 2919782806 - sampling time: 3.4772000312805176
Sampling 78 with 2319566109 - sampling time: 3.443840742111206
Sampling 79 with 7932840074 - sampling time: 3.6065001487731934
Sampling 80 with 4515268933 - sampling time: 3.4663493633270264
Sampling 81 with 4061469452 - sampling time: 3.583338737487793
Sampling 82 with 5155410526 - sampling time: 3.4481570720672607
Sampling 83 with 9117029144 - sampling time: 3.5714356899261475
Sampling 84 with 6882413095 - sampling time: 3.515913724899292
Sampling 85 with 757175140 - sampling time: 3.446911334991455
Sampling 86 with 2055664835 - sampling time: 3.448997735977173
Sampling 87 with 6590362222 - sampling time: 3.449822187423706
Sampling 88 with 6298344198 - sampling time: 3.405385732650757
Sampling 89 with 6667230221 - sampling time: 3.469404697418213
Sampling 90 with 230277291 - sampling time: 3.4166176319122314
Sampling 91 with 3233229478 - sampling time: 3.42956805229187
Sampling 92 with 10274827765 - sampling time: 3.5803451538085938
Sampling 93 with 7213547935 - sampling time: 3.499260902404785
Sampling 94 with 6004469032 - sampling time: 3.489426612854004
Sampling 95 with 7307169215 - sampling time: 3.623124361038208
Sampling 96 with 7794955895 - sampling time: 3.5547237396240234
Sampling 97 with 530862663 - sampling time: 3.447413444519043
Sampling 98 with 8396543662 - sampling time: 3.539344549179077
Sampling 99 with 8592211311 - sampling time: 3.649967908859253
Sampling 100 with 8212050734 - sampling time: 3.692373514175415
--- total time: 347.4395172595978 seconds ---
