Input file:  ./FeatureModel/fiasco.dimacs
Number of samples:  100
Output directory: ./Samples/smarch_base/smarch
Counting - Total configurations: 358108536766464
Sampling 1 with 57437740182954 - sampling time: 69.48553395271301
Sampling 2 with 326035407545974 - sampling time: 69.29624223709106
Sampling 3 with 23458402341332 - sampling time: 69.19789123535156
Sampling 4 with 236119325783123 - sampling time: 69.1376085281372
Sampling 5 with 230713922907778 - sampling time: 70.0159113407135
Sampling 6 with 205437116667626 - sampling time: 71.14861989021301
Sampling 7 with 264815763241341 - sampling time: 71.48109030723572
Sampling 8 with 85043732507415 - sampling time: 69.62971043586731
Sampling 9 with 267607683912365 - sampling time: 69.13935256004333
Sampling 10 with 342506420234725 - sampling time: 69.36770153045654
Sampling 11 with 147056332284164 - sampling time: 69.15280675888062
Sampling 12 with 86408506455452 - sampling time: 70.34738636016846
Sampling 13 with 200576923628176 - sampling time: 71.10140013694763
Sampling 14 with 160607979752229 - sampling time: 71.22969174385071
Sampling 15 with 108139268798561 - sampling time: 69.57464361190796
Sampling 16 with 302463879753026 - sampling time: 69.59197068214417
Sampling 17 with 295061064969849 - sampling time: 69.81357431411743
Sampling 18 with 293025944789756 - sampling time: 69.56098937988281
Sampling 19 with 59510183615126 - sampling time: 70.94889807701111
Sampling 20 with 260266320815593 - sampling time: 71.27918076515198
Sampling 21 with 59474503774872 - sampling time: 70.90062618255615
Sampling 22 with 228003875133164 - sampling time: 69.24644494056702
Sampling 23 with 41784127096442 - sampling time: 69.39864897727966
Sampling 24 with 34246564618270 - sampling time: 69.02204751968384
Sampling 25 with 217955664262813 - sampling time: 69.66138625144958
Sampling 26 with 206197953710906 - sampling time: 71.28671216964722
Sampling 27 with 336987097108482 - sampling time: 71.37207293510437
Sampling 28 with 136405960503211 - sampling time: 70.51062417030334
Sampling 29 with 246575514935576 - sampling time: 69.64793109893799
Sampling 30 with 239828980044916 - sampling time: 69.27215886116028
Sampling 31 with 18134853675999 - sampling time: 69.42602491378784
Sampling 32 with 340694379982700 - sampling time: 69.78909993171692
Sampling 33 with 296677506704485 - sampling time: 71.25572729110718
Sampling 34 with 7159308246354 - sampling time: 68.46778750419617
Sampling 35 with 260755411111249 - sampling time: 70.44553756713867
Sampling 36 with 310264636415968 - sampling time: 69.51326775550842
Sampling 37 with 334342967882455 - sampling time: 69.55805134773254
Sampling 38 with 64393004114022 - sampling time: 69.12195801734924
Sampling 39 with 142927608102557 - sampling time: 69.964280128479
Sampling 40 with 176339414161604 - sampling time: 70.93549752235413
Sampling 41 with 204787738997074 - sampling time: 71.61830973625183
Sampling 42 with 154817839424443 - sampling time: 69.85448026657104
Sampling 43 with 330950552344154 - sampling time: 69.66597414016724
Sampling 44 with 202968603265505 - sampling time: 69.40541529655457
Sampling 45 with 249559865606821 - sampling time: 69.2527551651001
Sampling 46 with 196297363203624 - sampling time: 70.11863160133362
Sampling 47 with 288282855238631 - sampling time: 71.47966170310974
Sampling 48 with 181254572107601 - sampling time: 71.05156111717224
Sampling 49 with 232348128679331 - sampling time: 70.06403160095215
Sampling 50 with 323535622652274 - sampling time: 69.32499718666077
Sampling 51 with 209889975545389 - sampling time: 69.61298680305481
Sampling 52 with 175989357935253 - sampling time: 69.37454152107239
Sampling 53 with 330752482552493 - sampling time: 70.56638789176941
Sampling 54 with 237377458733635 - sampling time: 71.3949248790741
Sampling 55 with 271208222241477 - sampling time: 71.58311820030212
Sampling 56 with 245253836326445 - sampling time: 69.55459213256836
Sampling 57 with 121593566568368 - sampling time: 69.71643447875977
Sampling 58 with 121361463309057 - sampling time: 69.18786883354187
Sampling 59 with 175258971535461 - sampling time: 69.61070370674133
Sampling 60 with 103761118953750 - sampling time: 70.2117486000061
Sampling 61 with 243584290310579 - sampling time: 71.61450386047363
Sampling 62 with 120435427985446 - sampling time: 71.13535618782043
Sampling 63 with 186815411021562 - sampling time: 69.61609840393066
Sampling 64 with 97216575156364 - sampling time: 69.33691382408142
Sampling 65 with 282753613734181 - sampling time: 69.28128027915955
Sampling 66 with 233184978733562 - sampling time: 69.446457862854
Sampling 67 with 80077889974635 - sampling time: 71.02387380599976
Sampling 68 with 271660008764210 - sampling time: 71.38692617416382
Sampling 69 with 196167831606539 - sampling time: 71.10391044616699
Sampling 70 with 108985552176670 - sampling time: 69.49560880661011
Sampling 71 with 50072538288520 - sampling time: 69.5556092262268
Sampling 72 with 40364009383721 - sampling time: 69.34525847434998
Sampling 73 with 147637959426849 - sampling time: 69.06459379196167
Sampling 74 with 174077438034291 - sampling time: 71.25332355499268
Sampling 75 with 185337397849368 - sampling time: 71.51982474327087
Sampling 76 with 351412187433022 - sampling time: 70.81682753562927
Sampling 77 with 330230218831899 - sampling time: 69.66052174568176
Sampling 78 with 111090603893925 - sampling time: 69.30769419670105
Sampling 79 with 97081706236845 - sampling time: 69.36312651634216
Sampling 80 with 58886825462379 - sampling time: 69.37552452087402
Sampling 81 with 322674508541015 - sampling time: 71.9001681804657
Sampling 82 with 323599164136397 - sampling time: 71.4771797657013
Sampling 83 with 117136239962920 - sampling time: 70.37533378601074
Sampling 84 with 16952976619089 - sampling time: 69.23392152786255
Sampling 85 with 264670780048633 - sampling time: 69.68550324440002
Sampling 86 with 83105822126369 - sampling time: 69.04376316070557
Sampling 87 with 327271254714142 - sampling time: 70.42578315734863
Sampling 88 with 233346744907328 - sampling time: 71.54475378990173
Sampling 89 with 10290827078195 - sampling time: 68.81690263748169
Sampling 90 with 211045147672176 - sampling time: 70.23856997489929
Sampling 91 with 281059678129251 - sampling time: 69.48471760749817
Sampling 92 with 298751528413963 - sampling time: 69.43562507629395
Sampling 93 with 298827724139594 - sampling time: 69.51534509658813
Sampling 94 with 123875797761953 - sampling time: 70.34255385398865
Sampling 95 with 285589122571523 - sampling time: 71.50830435752869
Sampling 96 with 156173933810438 - sampling time: 71.21098637580872
Sampling 97 with 52780388575244 - sampling time: 69.62889242172241
Sampling 98 with 31613929537911 - sampling time: 69.34903359413147
Sampling 99 with 76755425380186 - sampling time: 69.75362205505371
Sampling 100 with 16594218338922 - sampling time: 69.23225164413452
--- total time: 7006.879336595535 seconds ---

real	116m46.936s
user	107m18.266s
sys	10m4.537s
