Input file:  ./FeatureModel/HiPAcc.dimacs
Number of samples:  100
Output directory: ./Samples/smarch_base/smarch
Counting - Total configurations: 13485
Sampling 1 with 10104 - sampling time: 0.358126163482666
Sampling 2 with 13265 - sampling time: 0.36026668548583984
Sampling 3 with 1802 - sampling time: 0.33365511894226074
Sampling 4 with 9450 - sampling time: 0.33763647079467773
Sampling 5 with 12324 - sampling time: 0.34427380561828613
Sampling 6 with 1325 - sampling time: 0.30731773376464844
Sampling 7 with 3013 - sampling time: 0.32538390159606934
Sampling 8 with 3491 - sampling time: 0.3132131099700928
Sampling 9 with 12947 - sampling time: 0.33067846298217773
Sampling 10 with 77 - sampling time: 0.31120944023132324
Sampling 11 with 5763 - sampling time: 0.32260847091674805
Sampling 12 with 8726 - sampling time: 0.3087306022644043
Sampling 13 with 7158 - sampling time: 0.29463720321655273
Sampling 14 with 6650 - sampling time: 0.33786702156066895
Sampling 15 with 5913 - sampling time: 0.3317446708679199
Sampling 16 with 10577 - sampling time: 0.3018612861633301
Sampling 17 with 4780 - sampling time: 0.32591891288757324
Sampling 18 with 7495 - sampling time: 0.31287097930908203
Sampling 19 with 4793 - sampling time: 0.31446266174316406
Sampling 20 with 12462 - sampling time: 0.3279869556427002
Sampling 21 with 4136 - sampling time: 0.25726819038391113
Sampling 22 with 2074 - sampling time: 0.3293113708496094
Sampling 23 with 10658 - sampling time: 0.31299781799316406
Sampling 24 with 8483 - sampling time: 0.3212289810180664
Sampling 25 with 6649 - sampling time: 0.335665225982666
Sampling 26 with 8051 - sampling time: 0.30550098419189453
Sampling 27 with 9401 - sampling time: 0.32598280906677246
Sampling 28 with 1672 - sampling time: 0.310779333114624
Sampling 29 with 8415 - sampling time: 0.3468813896179199
Sampling 30 with 4558 - sampling time: 0.31501007080078125
Sampling 31 with 12798 - sampling time: 0.3526115417480469
Sampling 32 with 7205 - sampling time: 0.3181028366088867
Sampling 33 with 11834 - sampling time: 0.3626270294189453
Sampling 34 with 7178 - sampling time: 0.29920506477355957
Sampling 35 with 1506 - sampling time: 0.28531384468078613
Sampling 36 with 13382 - sampling time: 0.3398606777191162
Sampling 37 with 6485 - sampling time: 0.34980225563049316
Sampling 38 with 7980 - sampling time: 0.3417847156524658
Sampling 39 with 1773 - sampling time: 0.3410508632659912
Sampling 40 with 8505 - sampling time: 0.3871793746948242
Sampling 41 with 3757 - sampling time: 0.32950544357299805
Sampling 42 with 2949 - sampling time: 0.33049631118774414
Sampling 43 with 13281 - sampling time: 0.3592543601989746
Sampling 44 with 12003 - sampling time: 0.33687281608581543
Sampling 45 with 5122 - sampling time: 0.30928730964660645
Sampling 46 with 2804 - sampling time: 0.3229031562805176
Sampling 47 with 11359 - sampling time: 0.34484076499938965
Sampling 48 with 5261 - sampling time: 0.3234705924987793
Sampling 49 with 8843 - sampling time: 0.34775424003601074
Sampling 50 with 1862 - sampling time: 0.3289470672607422
Sampling 51 with 7708 - sampling time: 0.3241117000579834
Sampling 52 with 4982 - sampling time: 0.32187461853027344
Sampling 53 with 12169 - sampling time: 0.36161327362060547
Sampling 54 with 1542 - sampling time: 0.2950096130371094
Sampling 55 with 8802 - sampling time: 0.3294203281402588
Sampling 56 with 7638 - sampling time: 0.3182961940765381
Sampling 57 with 6823 - sampling time: 0.3494715690612793
Sampling 58 with 5503 - sampling time: 0.3247406482696533
Sampling 59 with 4272 - sampling time: 0.28870677947998047
Sampling 60 with 7653 - sampling time: 0.30759191513061523
Sampling 61 with 10247 - sampling time: 0.2737250328063965
Sampling 62 with 3158 - sampling time: 0.3230469226837158
Sampling 63 with 1227 - sampling time: 0.26116371154785156
Sampling 64 with 2936 - sampling time: 0.3007051944732666
Sampling 65 with 6796 - sampling time: 0.3185842037200928
Sampling 66 with 9345 - sampling time: 0.3536405563354492
Sampling 67 with 8099 - sampling time: 0.32581090927124023
Sampling 68 with 5142 - sampling time: 0.3195216655731201
Sampling 69 with 7210 - sampling time: 0.31165432929992676
Sampling 70 with 8430 - sampling time: 0.3324885368347168
Sampling 71 with 11872 - sampling time: 0.3355693817138672
Sampling 72 with 1055 - sampling time: 0.33612632751464844
Sampling 73 with 3742 - sampling time: 0.3116757869720459
Sampling 74 with 12544 - sampling time: 0.352724552154541
Sampling 75 with 5132 - sampling time: 0.3153378963470459
Sampling 76 with 12626 - sampling time: 0.3251359462738037
Sampling 77 with 2737 - sampling time: 0.3695070743560791
Sampling 78 with 11250 - sampling time: 0.3382582664489746
Sampling 79 with 6188 - sampling time: 0.33466124534606934
Sampling 80 with 3924 - sampling time: 0.35222625732421875
Sampling 81 with 12372 - sampling time: 0.342972993850708
Sampling 82 with 8794 - sampling time: 0.34359312057495117
Sampling 83 with 12795 - sampling time: 0.37027525901794434
Sampling 84 with 10846 - sampling time: 0.2980155944824219
Sampling 85 with 12851 - sampling time: 0.34230804443359375
Sampling 86 with 6510 - sampling time: 0.35007190704345703
Sampling 87 with 3021 - sampling time: 0.3100578784942627
Sampling 88 with 10775 - sampling time: 0.3137044906616211
Sampling 89 with 6825 - sampling time: 0.3730928897857666
Sampling 90 with 5979 - sampling time: 0.32769322395324707
Sampling 91 with 10137 - sampling time: 0.2668898105621338
Sampling 92 with 8465 - sampling time: 0.3579707145690918
Sampling 93 with 2710 - sampling time: 0.3433241844177246
Sampling 94 with 5106 - sampling time: 0.3082869052886963
Sampling 95 with 1405 - sampling time: 0.34229087829589844
Sampling 96 with 10268 - sampling time: 0.29946041107177734
Sampling 97 with 398 - sampling time: 0.3095088005065918
Sampling 98 with 2004 - sampling time: 0.3372013568878174
Sampling 99 with 7998 - sampling time: 0.34813404083251953
Sampling 100 with 10164 - sampling time: 0.29332423210144043
--- total time: 32.67335772514343 seconds ---
