Input file:  ./FeatureModel/JavaGC.dimacs
Number of samples:  100
Output directory: ./Samples/smarch_base/smarch
Counting - Total configurations: 193536
Sampling 1 with 24506 - sampling time: 0.3210327625274658
Sampling 2 with 113940 - sampling time: 0.3719336986541748
Sampling 3 with 16695 - sampling time: 0.38886427879333496
Sampling 4 with 183187 - sampling time: 0.3735489845275879
Sampling 5 with 38679 - sampling time: 0.3575856685638428
Sampling 6 with 167445 - sampling time: 0.3633298873901367
Sampling 7 with 13302 - sampling time: 0.3193812370300293
Sampling 8 with 32443 - sampling time: 0.3661315441131592
Sampling 9 with 66531 - sampling time: 0.31769394874572754
Sampling 10 with 142057 - sampling time: 0.37747740745544434
Sampling 11 with 42391 - sampling time: 0.32335877418518066
Sampling 12 with 108549 - sampling time: 0.38846302032470703
Sampling 13 with 173693 - sampling time: 0.3739607334136963
Sampling 14 with 99252 - sampling time: 0.37047386169433594
Sampling 15 with 146998 - sampling time: 0.3701472282409668
Sampling 16 with 190702 - sampling time: 0.38275146484375
Sampling 17 with 129781 - sampling time: 0.3704807758331299
Sampling 18 with 140099 - sampling time: 0.4292471408843994
Sampling 19 with 38011 - sampling time: 0.4147377014160156
Sampling 20 with 181662 - sampling time: 0.3439218997955322
Sampling 21 with 137662 - sampling time: 0.3991849422454834
Sampling 22 with 69499 - sampling time: 0.40747976303100586
Sampling 23 with 20577 - sampling time: 0.3870964050292969
Sampling 24 with 29640 - sampling time: 0.4051837921142578
Sampling 25 with 67900 - sampling time: 0.3644223213195801
Sampling 26 with 125860 - sampling time: 0.3853628635406494
Sampling 27 with 127679 - sampling time: 0.4024951457977295
Sampling 28 with 110957 - sampling time: 0.35780787467956543
Sampling 29 with 182497 - sampling time: 0.33498358726501465
Sampling 30 with 17284 - sampling time: 0.3484354019165039
Sampling 31 with 68475 - sampling time: 0.38066673278808594
Sampling 32 with 20824 - sampling time: 0.38641810417175293
Sampling 33 with 1276 - sampling time: 0.342512845993042
Sampling 34 with 161800 - sampling time: 0.4036266803741455
Sampling 35 with 109645 - sampling time: 0.34906673431396484
Sampling 36 with 169148 - sampling time: 0.4336874485015869
Sampling 37 with 100850 - sampling time: 0.3306257724761963
Sampling 38 with 35942 - sampling time: 0.39107441902160645
Sampling 39 with 13381 - sampling time: 0.33978819847106934
Sampling 40 with 98329 - sampling time: 0.3414161205291748
Sampling 41 with 149069 - sampling time: 0.3760385513305664
Sampling 42 with 91161 - sampling time: 0.343644380569458
Sampling 43 with 2309 - sampling time: 0.31653285026550293
Sampling 44 with 73348 - sampling time: 0.35985732078552246
Sampling 45 with 160821 - sampling time: 0.3792872428894043
Sampling 46 with 34424 - sampling time: 0.35796260833740234
Sampling 47 with 173266 - sampling time: 0.39783143997192383
Sampling 48 with 104881 - sampling time: 0.32127928733825684
Sampling 49 with 145433 - sampling time: 0.34354567527770996
Sampling 50 with 60431 - sampling time: 0.4272627830505371
Sampling 51 with 62368 - sampling time: 0.37178587913513184
Sampling 52 with 60743 - sampling time: 0.34982800483703613
Sampling 53 with 165350 - sampling time: 0.34764814376831055
Sampling 54 with 92184 - sampling time: 0.3763585090637207
Sampling 55 with 151196 - sampling time: 0.4290740489959717
Sampling 56 with 120927 - sampling time: 0.4176826477050781
Sampling 57 with 17968 - sampling time: 0.3975248336791992
Sampling 58 with 29136 - sampling time: 0.40793752670288086
Sampling 59 with 72531 - sampling time: 0.4018843173980713
Sampling 60 with 154861 - sampling time: 0.36194634437561035
Sampling 61 with 157145 - sampling time: 0.4056234359741211
Sampling 62 with 138336 - sampling time: 0.40158915519714355
Sampling 63 with 156959 - sampling time: 0.4216423034667969
Sampling 64 with 44330 - sampling time: 0.39343810081481934
Sampling 65 with 189775 - sampling time: 0.3955845832824707
Sampling 66 with 181853 - sampling time: 0.3565208911895752
Sampling 67 with 85129 - sampling time: 0.3408935070037842
Sampling 68 with 50735 - sampling time: 0.3592095375061035
Sampling 69 with 111265 - sampling time: 0.33838462829589844
Sampling 70 with 105396 - sampling time: 0.39032697677612305
Sampling 71 with 183938 - sampling time: 0.3572580814361572
Sampling 72 with 33898 - sampling time: 0.377971887588501
Sampling 73 with 74174 - sampling time: 0.34942197799682617
Sampling 74 with 44142 - sampling time: 0.3756134510040283
Sampling 75 with 41373 - sampling time: 0.36613941192626953
Sampling 76 with 90317 - sampling time: 0.38509464263916016
Sampling 77 with 16787 - sampling time: 0.4222409725189209
Sampling 78 with 84526 - sampling time: 0.4290783405303955
Sampling 79 with 76094 - sampling time: 0.35693788528442383
Sampling 80 with 32182 - sampling time: 0.3766615390777588
Sampling 81 with 82694 - sampling time: 0.3574826717376709
Sampling 82 with 145362 - sampling time: 0.3355550765991211
Sampling 83 with 66961 - sampling time: 0.3217437267303467
Sampling 84 with 138013 - sampling time: 0.3831636905670166
Sampling 85 with 72946 - sampling time: 0.3591423034667969
Sampling 86 with 36881 - sampling time: 0.33697080612182617
Sampling 87 with 28804 - sampling time: 0.3596663475036621
Sampling 88 with 17239 - sampling time: 0.37570834159851074
Sampling 89 with 29477 - sampling time: 0.353320837020874
Sampling 90 with 16413 - sampling time: 0.36721205711364746
Sampling 91 with 120338 - sampling time: 0.37621521949768066
Sampling 92 with 128243 - sampling time: 0.36982131004333496
Sampling 93 with 17570 - sampling time: 0.35411596298217773
Sampling 94 with 95864 - sampling time: 0.3827550411224365
Sampling 95 with 71564 - sampling time: 0.4325540065765381
Sampling 96 with 25482 - sampling time: 0.36948442459106445
Sampling 97 with 56568 - sampling time: 0.3693420886993408
Sampling 98 with 69008 - sampling time: 0.3763697147369385
Sampling 99 with 58460 - sampling time: 0.42400360107421875
Sampling 100 with 116431 - sampling time: 0.36712002754211426
--- total time: 37.28315258026123 seconds ---
