Input file:  ./FeatureModel/JHipster.dimacs
Number of samples:  100
Output directory: ./Samples/smarch_base/smarch
Counting - Total configurations: 26256
Sampling 1 with 1885 - sampling time: 0.3690526485443115
Sampling 2 with 23736 - sampling time: 0.39373779296875
Sampling 3 with 18099 - sampling time: 0.3815762996673584
Sampling 4 with 7202 - sampling time: 0.3445889949798584
Sampling 5 with 5681 - sampling time: 0.38408899307250977
Sampling 6 with 5507 - sampling time: 0.3838324546813965
Sampling 7 with 5035 - sampling time: 0.38022947311401367
Sampling 8 with 17564 - sampling time: 0.41034650802612305
Sampling 9 with 4466 - sampling time: 0.3673686981201172
Sampling 10 with 19127 - sampling time: 0.36623406410217285
Sampling 11 with 24894 - sampling time: 0.4222238063812256
Sampling 12 with 11126 - sampling time: 0.37828707695007324
Sampling 13 with 17724 - sampling time: 0.44132518768310547
Sampling 14 with 206 - sampling time: 0.3476748466491699
Sampling 15 with 5794 - sampling time: 0.3739051818847656
Sampling 16 with 8442 - sampling time: 0.3953254222869873
Sampling 17 with 4730 - sampling time: 0.3592648506164551
Sampling 18 with 19950 - sampling time: 0.3796560764312744
Sampling 19 with 13722 - sampling time: 0.38524842262268066
Sampling 20 with 1822 - sampling time: 0.3837900161743164
Sampling 21 with 17839 - sampling time: 0.3633592128753662
Sampling 22 with 4198 - sampling time: 0.3852994441986084
Sampling 23 with 22618 - sampling time: 0.4058952331542969
Sampling 24 with 23691 - sampling time: 0.39223217964172363
Sampling 25 with 15756 - sampling time: 0.3929464817047119
Sampling 26 with 19293 - sampling time: 0.3800466060638428
Sampling 27 with 18545 - sampling time: 0.3509645462036133
Sampling 28 with 6449 - sampling time: 0.3874354362487793
Sampling 29 with 25504 - sampling time: 0.37473106384277344
Sampling 30 with 25467 - sampling time: 0.3857541084289551
Sampling 31 with 14577 - sampling time: 0.3877847194671631
Sampling 32 with 4726 - sampling time: 0.37271666526794434
Sampling 33 with 20584 - sampling time: 0.418032169342041
Sampling 34 with 7226 - sampling time: 0.36097288131713867
Sampling 35 with 6740 - sampling time: 0.3853316307067871
Sampling 36 with 23459 - sampling time: 0.38352227210998535
Sampling 37 with 11357 - sampling time: 0.3718867301940918
Sampling 38 with 10088 - sampling time: 0.37271571159362793
Sampling 39 with 10862 - sampling time: 0.3745572566986084
Sampling 40 with 6626 - sampling time: 0.3798995018005371
Sampling 41 with 22344 - sampling time: 0.4049243927001953
Sampling 42 with 22967 - sampling time: 0.40915393829345703
Sampling 43 with 24098 - sampling time: 0.3873107433319092
Sampling 44 with 23712 - sampling time: 0.3999333381652832
Sampling 45 with 25197 - sampling time: 0.3586270809173584
Sampling 46 with 17992 - sampling time: 0.38216376304626465
Sampling 47 with 2253 - sampling time: 0.3927783966064453
Sampling 48 with 17212 - sampling time: 0.4097156524658203
Sampling 49 with 24996 - sampling time: 0.36054372787475586
Sampling 50 with 8891 - sampling time: 0.3843066692352295
Sampling 51 with 10897 - sampling time: 0.4127967357635498
Sampling 52 with 1720 - sampling time: 0.3841054439544678
Sampling 53 with 7551 - sampling time: 0.37842893600463867
Sampling 54 with 6334 - sampling time: 0.3924984931945801
Sampling 55 with 397 - sampling time: 0.33850908279418945
Sampling 56 with 2421 - sampling time: 0.376035213470459
Sampling 57 with 23899 - sampling time: 0.38862085342407227
Sampling 58 with 17195 - sampling time: 0.3960897922515869
Sampling 59 with 5787 - sampling time: 0.37093353271484375
Sampling 60 with 18151 - sampling time: 0.38217973709106445
Sampling 61 with 15563 - sampling time: 0.4264054298400879
Sampling 62 with 14755 - sampling time: 0.49440956115722656
Sampling 63 with 12708 - sampling time: 0.4295315742492676
Sampling 64 with 22195 - sampling time: 0.36887526512145996
Sampling 65 with 4575 - sampling time: 0.3889956474304199
Sampling 66 with 4921 - sampling time: 0.3589189052581787
Sampling 67 with 20096 - sampling time: 0.3686988353729248
Sampling 68 with 9433 - sampling time: 0.3605353832244873
Sampling 69 with 25466 - sampling time: 0.3900268077850342
Sampling 70 with 26245 - sampling time: 0.4110434055328369
Sampling 71 with 25716 - sampling time: 0.380094051361084
Sampling 72 with 19702 - sampling time: 0.3749830722808838
Sampling 73 with 17703 - sampling time: 0.40465259552001953
Sampling 74 with 14645 - sampling time: 0.38435816764831543
Sampling 75 with 169 - sampling time: 0.35686516761779785
Sampling 76 with 17738 - sampling time: 0.34760475158691406
Sampling 77 with 1250 - sampling time: 0.34407639503479004
Sampling 78 with 23408 - sampling time: 0.3951101303100586
Sampling 79 with 18760 - sampling time: 0.39208006858825684
Sampling 80 with 20300 - sampling time: 0.37255024909973145
Sampling 81 with 9272 - sampling time: 0.37435150146484375
Sampling 82 with 180 - sampling time: 0.3805968761444092
Sampling 83 with 18643 - sampling time: 0.3896796703338623
Sampling 84 with 14122 - sampling time: 0.39292263984680176
Sampling 85 with 3715 - sampling time: 0.36115431785583496
Sampling 86 with 3833 - sampling time: 0.3857104778289795
Sampling 87 with 8508 - sampling time: 0.38934898376464844
Sampling 88 with 20456 - sampling time: 0.38187551498413086
Sampling 89 with 15850 - sampling time: 0.4031970500946045
Sampling 90 with 15147 - sampling time: 0.3901193141937256
Sampling 91 with 21862 - sampling time: 0.39400339126586914
Sampling 92 with 11684 - sampling time: 0.37478160858154297
Sampling 93 with 18416 - sampling time: 0.35979795455932617
Sampling 94 with 1107 - sampling time: 0.37883663177490234
Sampling 95 with 19476 - sampling time: 0.3626401424407959
Sampling 96 with 2884 - sampling time: 0.38152384757995605
Sampling 97 with 8651 - sampling time: 0.39242982864379883
Sampling 98 with 1999 - sampling time: 0.3653275966644287
Sampling 99 with 12897 - sampling time: 0.40120410919189453
Sampling 100 with 20490 - sampling time: 0.3807833194732666
--- total time: 38.385183811187744 seconds ---
