Input file:  ./FeatureModel/LLVM.dimacs
Number of samples:  100
Output directory: ./Samples/smarch_base/smarch
Counting - Total configurations: 1024
Sampling 1 with 372 - sampling time: 0.11332488059997559
Sampling 2 with 793 - sampling time: 0.09913015365600586
Sampling 3 with 676 - sampling time: 0.10430741310119629
Sampling 4 with 206 - sampling time: 0.10382390022277832
Sampling 5 with 241 - sampling time: 0.09758234024047852
Sampling 6 with 480 - sampling time: 0.12465429306030273
Sampling 7 with 270 - sampling time: 0.09860062599182129
Sampling 8 with 233 - sampling time: 0.09963488578796387
Sampling 9 with 959 - sampling time: 0.12411618232727051
Sampling 10 with 811 - sampling time: 0.10483217239379883
Sampling 11 with 927 - sampling time: 0.1196894645690918
Sampling 12 with 692 - sampling time: 0.11102080345153809
Sampling 13 with 949 - sampling time: 0.11040186882019043
Sampling 14 with 494 - sampling time: 0.11682701110839844
Sampling 15 with 447 - sampling time: 0.11777853965759277
Sampling 16 with 513 - sampling time: 0.07990455627441406
Sampling 17 with 892 - sampling time: 0.12339186668395996
Sampling 18 with 808 - sampling time: 0.11088848114013672
Sampling 19 with 347 - sampling time: 0.1050872802734375
Sampling 20 with 279 - sampling time: 0.0980064868927002
Sampling 21 with 674 - sampling time: 0.09831523895263672
Sampling 22 with 622 - sampling time: 0.11177706718444824
Sampling 23 with 551 - sampling time: 0.0978398323059082
Sampling 24 with 586 - sampling time: 0.09779858589172363
Sampling 25 with 723 - sampling time: 0.10428333282470703
Sampling 26 with 346 - sampling time: 0.10383439064025879
Sampling 27 with 332 - sampling time: 0.10359930992126465
Sampling 28 with 471 - sampling time: 0.11252713203430176
Sampling 29 with 109 - sampling time: 0.09855532646179199
Sampling 30 with 186 - sampling time: 0.10513043403625488
Sampling 31 with 670 - sampling time: 0.11077570915222168
Sampling 32 with 349 - sampling time: 0.10553860664367676
Sampling 33 with 974 - sampling time: 0.11778616905212402
Sampling 34 with 373 - sampling time: 0.10510778427124023
Sampling 35 with 195 - sampling time: 0.09203839302062988
Sampling 36 with 679 - sampling time: 0.10576701164245605
Sampling 37 with 143 - sampling time: 0.09801363945007324
Sampling 38 with 339 - sampling time: 0.09799528121948242
Sampling 39 with 914 - sampling time: 0.10482931137084961
Sampling 40 with 406 - sampling time: 0.10394167900085449
Sampling 41 with 658 - sampling time: 0.09774231910705566
Sampling 42 with 686 - sampling time: 0.11082053184509277
Sampling 43 with 386 - sampling time: 0.0912330150604248
Sampling 44 with 634 - sampling time: 0.11043572425842285
Sampling 45 with 79 - sampling time: 0.09798526763916016
Sampling 46 with 54 - sampling time: 0.09723210334777832
Sampling 47 with 596 - sampling time: 0.10535526275634766
Sampling 48 with 177 - sampling time: 0.09410953521728516
Sampling 49 with 887 - sampling time: 0.11779379844665527
Sampling 50 with 781 - sampling time: 0.09913444519042969
Sampling 51 with 7 - sampling time: 0.08581042289733887
Sampling 52 with 1008 - sampling time: 0.13042521476745605
Sampling 53 with 33 - sampling time: 0.07909536361694336
Sampling 54 with 467 - sampling time: 0.1052405834197998
Sampling 55 with 547 - sampling time: 0.09324526786804199
Sampling 56 with 10 - sampling time: 0.08772110939025879
Sampling 57 with 68 - sampling time: 0.09230852127075195
Sampling 58 with 85 - sampling time: 0.09260869026184082
Sampling 59 with 35 - sampling time: 0.08594655990600586
Sampling 60 with 369 - sampling time: 0.09921813011169434
Sampling 61 with 828 - sampling time: 0.11998939514160156
Sampling 62 with 469 - sampling time: 0.10434627532958984
Sampling 63 with 330 - sampling time: 0.09820961952209473
Sampling 64 with 288 - sampling time: 0.11078405380249023
Sampling 65 with 12 - sampling time: 0.09172654151916504
Sampling 66 with 451 - sampling time: 0.09781384468078613
Sampling 67 with 459 - sampling time: 0.10389518737792969
Sampling 68 with 837 - sampling time: 0.09800219535827637
Sampling 69 with 557 - sampling time: 0.09782218933105469
Sampling 70 with 745 - sampling time: 0.10442066192626953
Sampling 71 with 682 - sampling time: 0.10452508926391602
Sampling 72 with 999 - sampling time: 0.11663651466369629
Sampling 73 with 652 - sampling time: 0.10435104370117188
Sampling 74 with 490 - sampling time: 0.11025118827819824
Sampling 75 with 520 - sampling time: 0.09886574745178223
Sampling 76 with 26 - sampling time: 0.09195542335510254
Sampling 77 with 211 - sampling time: 0.09806966781616211
Sampling 78 with 607 - sampling time: 0.11052584648132324
Sampling 79 with 351 - sampling time: 0.11187291145324707
Sampling 80 with 594 - sampling time: 0.11118221282958984
Sampling 81 with 337 - sampling time: 0.09475564956665039
Sampling 82 with 105 - sampling time: 0.09278035163879395
Sampling 83 with 730 - sampling time: 0.11948537826538086
Sampling 84 with 899 - sampling time: 0.10079526901245117
Sampling 85 with 588 - sampling time: 0.10483717918395996
Sampling 86 with 110 - sampling time: 0.10500383377075195
Sampling 87 with 737 - sampling time: 0.10037827491760254
Sampling 88 with 1004 - sampling time: 0.12640047073364258
Sampling 89 with 704 - sampling time: 0.12499499320983887
Sampling 90 with 779 - sampling time: 0.09909272193908691
Sampling 91 with 757 - sampling time: 0.11209821701049805
Sampling 92 with 191 - sampling time: 0.11187887191772461
Sampling 93 with 465 - sampling time: 0.09902596473693848
Sampling 94 with 983 - sampling time: 0.11783361434936523
Sampling 95 with 407 - sampling time: 0.10532808303833008
Sampling 96 with 424 - sampling time: 0.11066961288452148
Sampling 97 with 427 - sampling time: 0.10474777221679688
Sampling 98 with 593 - sampling time: 0.09179186820983887
Sampling 99 with 219 - sampling time: 0.10414838790893555
Sampling 100 with 891 - sampling time: 0.11806964874267578
--- total time: 10.4517502784729 seconds ---
