Input file:  ./FeatureModel/lrzip.dimacs
Number of samples:  100
Output directory: ./Samples/smarch_base/smarch
Counting - Total configurations: 144
Sampling 1 with 19 - sampling time: 0.14366984367370605
Sampling 2 with 24 - sampling time: 0.17583441734313965
Sampling 3 with 83 - sampling time: 0.1575162410736084
Sampling 4 with 37 - sampling time: 0.14457035064697266
Sampling 5 with 109 - sampling time: 0.15180706977844238
Sampling 6 with 22 - sampling time: 0.16277456283569336
Sampling 7 with 141 - sampling time: 0.19994139671325684
Sampling 8 with 115 - sampling time: 0.18912029266357422
Sampling 9 with 18 - sampling time: 0.19482064247131348
Sampling 10 with 70 - sampling time: 0.1947636604309082
Sampling 11 with 129 - sampling time: 0.1715254783630371
Sampling 12 with 75 - sampling time: 0.15706944465637207
Sampling 13 with 46 - sampling time: 0.14960241317749023
Sampling 14 with 39 - sampling time: 0.15545988082885742
Sampling 15 with 82 - sampling time: 0.15260052680969238
Sampling 16 with 15 - sampling time: 0.174241304397583
Sampling 17 with 58 - sampling time: 0.16844511032104492
Sampling 18 with 95 - sampling time: 0.1782379150390625
Sampling 19 with 34 - sampling time: 0.18774008750915527
Sampling 20 with 142 - sampling time: 0.20257186889648438
Sampling 21 with 72 - sampling time: 0.20827937126159668
Sampling 22 with 113 - sampling time: 0.17619872093200684
Sampling 23 with 110 - sampling time: 0.15807247161865234
Sampling 24 with 2 - sampling time: 0.1429147720336914
Sampling 25 with 71 - sampling time: 0.20253896713256836
Sampling 26 with 60 - sampling time: 0.1816718578338623
Sampling 27 with 63 - sampling time: 0.1997368335723877
Sampling 28 with 45 - sampling time: 0.19741487503051758
Sampling 29 with 112 - sampling time: 0.1724405288696289
Sampling 30 with 118 - sampling time: 0.1593921184539795
Sampling 31 with 12 - sampling time: 0.15857267379760742
Sampling 32 with 30 - sampling time: 0.1724088191986084
Sampling 33 with 125 - sampling time: 0.24121546745300293
Sampling 34 with 117 - sampling time: 0.26049160957336426
Sampling 35 with 134 - sampling time: 0.21291637420654297
Sampling 36 with 66 - sampling time: 0.17875242233276367
Sampling 37 with 94 - sampling time: 0.1773834228515625
Sampling 38 with 126 - sampling time: 0.20767593383789062
Sampling 39 with 132 - sampling time: 0.18846678733825684
Sampling 40 with 32 - sampling time: 0.17686820030212402
Sampling 41 with 79 - sampling time: 0.18297314643859863
Sampling 42 with 1 - sampling time: 0.13799190521240234
Sampling 43 with 6 - sampling time: 0.16954803466796875
Sampling 44 with 48 - sampling time: 0.1636371612548828
Sampling 45 with 62 - sampling time: 0.2116847038269043
Sampling 46 with 93 - sampling time: 0.20743584632873535
Sampling 47 with 104 - sampling time: 0.2356126308441162
Sampling 48 with 20 - sampling time: 0.17586469650268555
Sampling 49 with 122 - sampling time: 0.18533897399902344
Sampling 50 with 100 - sampling time: 0.1589348316192627
Sampling 51 with 140 - sampling time: 0.18936467170715332
Sampling 52 with 7 - sampling time: 0.17403531074523926
Sampling 53 with 85 - sampling time: 0.17020845413208008
Sampling 54 with 25 - sampling time: 0.1805744171142578
Sampling 55 with 120 - sampling time: 0.17052221298217773
Sampling 56 with 99 - sampling time: 0.20258760452270508
Sampling 57 with 87 - sampling time: 0.18445706367492676
Sampling 58 with 13 - sampling time: 0.16248559951782227
Sampling 59 with 17 - sampling time: 0.1881084442138672
Sampling 60 with 114 - sampling time: 0.1845719814300537
Sampling 61 with 105 - sampling time: 0.1907205581665039
Sampling 62 with 67 - sampling time: 0.1758732795715332
Sampling 63 with 74 - sampling time: 0.15088129043579102
Sampling 64 with 103 - sampling time: 0.17840123176574707
Sampling 65 with 123 - sampling time: 0.1896989345550537
Sampling 66 with 96 - sampling time: 0.1834878921508789
Sampling 67 with 9 - sampling time: 0.18987464904785156
Sampling 68 with 26 - sampling time: 0.18950128555297852
Sampling 69 with 138 - sampling time: 0.17703676223754883
Sampling 70 with 5 - sampling time: 0.16199707984924316
Sampling 71 with 91 - sampling time: 0.15134930610656738
Sampling 72 with 106 - sampling time: 0.1962120532989502
Sampling 73 with 119 - sampling time: 0.16547536849975586
Sampling 74 with 107 - sampling time: 0.22187232971191406
Sampling 75 with 77 - sampling time: 0.18807220458984375
Sampling 76 with 29 - sampling time: 0.17451834678649902
Sampling 77 with 108 - sampling time: 0.23374533653259277
Sampling 78 with 111 - sampling time: 0.16750407218933105
Sampling 79 with 40 - sampling time: 0.1727743148803711
Sampling 80 with 78 - sampling time: 0.1857302188873291
Sampling 81 with 130 - sampling time: 0.17890071868896484
Sampling 82 with 21 - sampling time: 0.15933656692504883
Sampling 83 with 102 - sampling time: 0.19883322715759277
Sampling 84 with 3 - sampling time: 0.19179415702819824
Sampling 85 with 80 - sampling time: 0.18887805938720703
Sampling 86 with 97 - sampling time: 0.18942999839782715
Sampling 87 with 76 - sampling time: 0.165877103805542
Sampling 88 with 127 - sampling time: 0.16048455238342285
Sampling 89 with 50 - sampling time: 0.17602205276489258
Sampling 90 with 57 - sampling time: 0.16248106956481934
Sampling 91 with 68 - sampling time: 0.18296027183532715
Sampling 92 with 55 - sampling time: 0.1497189998626709
Sampling 93 with 36 - sampling time: 0.2008199691772461
Sampling 94 with 131 - sampling time: 0.1833057403564453
Sampling 95 with 139 - sampling time: 0.18335294723510742
Sampling 96 with 136 - sampling time: 0.1643517017364502
Sampling 97 with 135 - sampling time: 0.2098217010498047
Sampling 98 with 8 - sampling time: 0.1816864013671875
Sampling 99 with 88 - sampling time: 0.18904948234558105
Sampling 100 with 44 - sampling time: 0.18947839736938477
--- total time: 18.08381175994873 seconds ---
