Input file:  ./FeatureModel/m5272c3.dimacs
Number of samples:  100
Output directory: ./Samples/smarch_base/smarch
Counting - Total configurations: 236757456339671212343440515250085432063359623357232316062924436259830130424626561012504701024010470939571791003895046764699600
Sampling 1 with 124182560426337103080638746283327671032370078078735813223572535895366364819914761884762071390986819738687873913582364724428116 - sampling time: 51.64850330352783
Sampling 2 with 223238707142720283554138358496268050077337046057742914532830533460254587017548931339969301362513279919737311773180619458099814 - sampling time: 53.015345096588135
Sampling 3 with 66035247408200026687258692634486702835449682867154187641038765970500158160688547980307343882096116378831930814274863348541361 - sampling time: 50.35054683685303
Sampling 4 with 228359887371509383486690448018510596483294159670420369211224310625348620681058140299419886637691359917243961859784270388097135 - sampling time: 49.143463373184204
Sampling 5 with 9639775563001113182834881327635938720376845683689994221150315865271348919515587161412341040015378930266517047206766109674859 - sampling time: 45.814221143722534
Sampling 6 with 201678419228929095932065513605049406661112091564027245491524368950207044027588550802832576906423954714609845018605863369864679 - sampling time: 53.66703963279724
Sampling 7 with 187061810531251602768492356806736945294916942937791277996736004574706845877804435603235499236999201523807868656179320701971031 - sampling time: 49.017356395721436
Sampling 8 with 138187443770793804952186132234474993653552129390835304336507187221332959496631622308959964623092526829708977239569308419544697 - sampling time: 47.490533113479614
Sampling 9 with 135677337534030569397587821226060895200255574166599324438113615241707694018256645566507396013412277478780223508236439902875879 - sampling time: 50.38214111328125
Sampling 10 with 12095315813171107730446510457528587911884975385087909549431964013216810403545921443603315129872543544348517151431634739620108 - sampling time: 49.403369188308716
Sampling 11 with 100126820235299806420124566796113111692450819640006254464298536206739651259242716788187342696400453627417536211035757985697880 - sampling time: 54.08348059654236
Sampling 12 with 134056737206563631880184795447040511658975516868690038085312418152262484881146117777906360717334706840451995743102615506331901 - sampling time: 48.536166191101074
Sampling 13 with 74111647357934518214630432023057020310539402515723434108761050617358929999195458456838934319432545587554318975189446800030331 - sampling time: 50.293569564819336
Sampling 14 with 230275113700656466990190747513313639554310164648116810531484948908835831709682114678091646482490976938455144649988762528190233 - sampling time: 51.351303815841675
Sampling 15 with 49777239361274555489238168324584618629622937910824980525132194346948210480925219858817308255962099956190048173844833159141094 - sampling time: 47.246397972106934
Sampling 16 with 16082060404053192188612404681111227265237453736678628809189389228461358148166357439901700630956531193099993104607311144472095 - sampling time: 48.193302392959595
Sampling 17 with 72487034747182478495924651886890643954666759389691657181426353654173635266568465839286283912214358667313624215905832756911465 - sampling time: 51.19263410568237
Sampling 18 with 43261827221194423950243554474510412994555436687338629604235804444265936807969981280086332381513962317830909435164564800884141 - sampling time: 46.577319383621216
Sampling 19 with 40552105813957714085476686067958697274637183500359102662788686892201245496564813241364805256712898095312512217273118009519008 - sampling time: 47.254581928253174
Sampling 20 with 228638111511666562616729092114571192590319600340093284772589653339217350767269100544527977052505163055232148727669170357750150 - sampling time: 50.712040424346924
Sampling 21 with 137626174739374688492037040926310539036528081337245236531972308846005497785940689242240457714107954283741059762137562061748206 - sampling time: 53.833404541015625
Sampling 22 with 142303025091392657317140129464825013876057942206881325482922552852023121838371726868172153228035100906054039202561087255016520 - sampling time: 48.725194692611694
Sampling 23 with 35977964639172120458603048310602408606767537359053113089571408484997741078288759341820059499849095531234707721443535073624270 - sampling time: 47.0475378036499
Sampling 24 with 14543152248930883792800226248138070923938192431412064562863115014173573158814918636885503562056911218434735180572137343830846 - sampling time: 48.16403341293335
Sampling 25 with 132893170844963055594491239026292682849003738764195704600279105998660027276844623021869940695628056766584532004301202858397716 - sampling time: 49.58079814910889
Sampling 26 with 158781208014267030956653643304912148467039602605898378518580271818012498086761426602868334708249441695481191431355761188391956 - sampling time: 50.99380397796631
Sampling 27 with 7632003381466210921984196557223886766784759302899626635617617674979849928083437418393877280725744375449437208878858774416475 - sampling time: 45.894606828689575
Sampling 28 with 191037260460202253735746465956297044943001191478915295214745059635188967125596512139925715908285731649381634747753155508837560 - sampling time: 50.0202112197876
Sampling 29 with 224610466702198796789514548518711905929627627084108795709821124732199304955861609574685681410241167592282225549344206659598958 - sampling time: 51.8462393283844
Sampling 30 with 119196356540160641907713307089978290651632505025472270842731893238160173972827824446760347183648956061714699647753359932255397 - sampling time: 50.998475313186646
Sampling 31 with 188452432926269522544152474694052080004868722348058899837689797451144945384905273938767804820626608527739682981103766781724525 - sampling time: 50.34417223930359
Sampling 32 with 84948431681160546794009306119092788031089957161811861983908187001097675230012191175333182727966063875225771681250148847742216 - sampling time: 49.79341697692871
Sampling 33 with 184583108679100533608558447919449106218996546513998825577855508526633526879607102602342119948001444906447795855672804590009429 - sampling time: 51.61960482597351
Sampling 34 with 174590946932568116417056281466116506769808784670152426506200733279764872800354450814432231384011650768544071837270635929865791 - sampling time: 51.210166215896606
Sampling 35 with 5803026206538690108766830913235831719297202749441433381776614552612283657239201320877051095298157086722307196290455264960538 - sampling time: 45.38908672332764
Sampling 36 with 215229286195276677407857268569034209770793110897577923436656522756502750756360690544208147520017705806172528406810730605779533 - sampling time: 47.92185401916504
Sampling 37 with 83387695130745945674953500705931776363666838941222908287531831387520718410390198786385013907051256046364217207989487063568027 - sampling time: 48.016361236572266
Sampling 38 with 104077542515850029783395619946370381089211694877575526237159721904394573810511290025854273955202615979293017584350943484629544 - sampling time: 52.85420560836792
Sampling 39 with 220519461917561730457790725887528101203072286627535517080480515617820546523930137977010823787183098212196100043080980234454453 - sampling time: 50.95976686477661
Sampling 40 with 177570778335323654651641592226276815294567021500754553378427062691881612337825317450256591368094373440423383961248428919984963 - sampling time: 52.36686086654663
Sampling 41 with 104965231093847198444807188993404177861322290091170798859412662795286879467370445886352903391106441326461298141809146195702116 - sampling time: 54.769837856292725
Sampling 42 with 212506699177458052269964619612051299476805355404434292297370950998428376432443890516115370796890340498052128468423206521658189 - sampling time: 47.93969655036926
Sampling 43 with 202376204560719291748775080630939570077444779972396538864946212293783269719198279768536307657564759994029952960413717034373535 - sampling time: 53.03116512298584
Sampling 44 with 77867416592905297497447624591238546325350531822961461969232425580221110898912767957673558973577099188910179545110067525079400 - sampling time: 50.6206157207489
Sampling 45 with 14414991565923881689260521500205788946336131350751276826988622495568764526693044092162345167099505788605610501745281444495730 - sampling time: 47.93929409980774
Sampling 46 with 112605224265572375816823306673445211563708802935192253870143549527811773134845788236777321732361101617503334603659970640187699 - sampling time: 47.44843912124634
Sampling 47 with 75693397105541822983856211528214004748463763016548621151092879458546329653015721456724847433324256891153451077744183109226018 - sampling time: 49.8210825920105
Sampling 48 with 21999699139098077164386614849679617959670820663767219369963231344942896372331800247591280854461379950602697142265298727154712 - sampling time: 52.45906138420105
Sampling 49 with 111415978751993513313701442798363458921442405982990777126867584554761201252679408413153890584903946256298186648125578458844528 - sampling time: 47.34215760231018
Sampling 50 with 148018302130884855630494018694547565188239436508782947385536120957057449865434888121938640517606436676596446401852514824949078 - sampling time: 49.27799201011658
Sampling 51 with 186868082797841452519116646682779500140275474683603081249969502897113494859909858447224818285105611954117880872253335606783100 - sampling time: 49.97893691062927
Sampling 52 with 217211943050439321282042835608286843193638492239095737663367441592396794583051770625359301795991937100391823149121554392325813 - sampling time: 50.472840547561646
Sampling 53 with 199492514407078584302728093764723478375721782764610058206325870275993428203949822290194135253231081979277545418363518302860065 - sampling time: 53.3547945022583
Sampling 54 with 214514511967492546716884399300050471010483954811989681116061554305803645296270787669031831717779623884935589149431835671789418 - sampling time: 47.64235591888428
Sampling 55 with 79623127481373929706347539113528017852059452449940532882657048935741665430273662501472461040104880234194009635622291224450150 - sampling time: 50.899046659469604
Sampling 56 with 5137689564145707796541111243535969092949953018335805978282153206688953115634973147859403402788618192955019579280895640718171 - sampling time: 49.805885553359985
Sampling 57 with 165473946212596174604535535562405421667052777480317594400442312769739066762686814106540446227607865650524015991916252237242806 - sampling time: 51.82402300834656
Sampling 58 with 170554890490440489402891107807047393385251371938710483985228257326114178124018812383763248377609376401683195683140815368308477 - sampling time: 51.82005763053894
Sampling 59 with 215066803595474394541554650318614727402388082068741417649838261122146554471421476873476390941639559818123550616032881259842306 - sampling time: 48.834099769592285
Sampling 60 with 199836701349535182702866974234963760733248982443685703651567622670237666050276520461675720724473980079486519379610808733403825 - sampling time: 54.187474966049194
Sampling 61 with 230464657625259996986990823640718322289587303404457746151123416820021169801648720969702370644134638438112622788934010223522001 - sampling time: 52.588505029678345
Sampling 62 with 207110655603303057041994256410446493139999756369161651593989532740921614587366985813898480331541260637322280755362544576248914 - sampling time: 54.860236167907715
Sampling 63 with 122717246553030245115913653832760494915985868221178894347024725032971428928131791304012355346366958543682251537224261401781970 - sampling time: 50.47334432601929
Sampling 64 with 114159644448851240830513149978798239535236077784282927921326863794425309519803282491937368032330510616888723868176727086840024 - sampling time: 48.886852979660034
Sampling 65 with 155504670738042039337349606777100497618641124923920833314554856011222474607914374080022643817794197873347194552466224060348226 - sampling time: 48.549224615097046
Sampling 66 with 131611041712918483399285404139914990984448483581109262018592623446145205806177221172400749636167191282192262566077984221992310 - sampling time: 49.439247131347656
Sampling 67 with 136473840970130358334278338468368285501649770364841500475922378925689237111318024502862667905605196387166948274074563424312726 - sampling time: 52.676108598709106
Sampling 68 with 195204818189637722062206964696810310267005192490012507721264915139257728698096878048394294562929803335681772938127611926018215 - sampling time: 52.25950002670288
Sampling 69 with 234296071533374481749937840575706642574891407394477101403590877586345013923712083691728699024803769160814776180707043326207675 - sampling time: 56.01113271713257
Sampling 70 with 219738232996860315195043898812482739840320446281681506662136642449650570172886783835358472848939779795264009179381001924816842 - sampling time: 52.80967044830322
Sampling 71 with 113774680282123929234487701260090495589476422040957088327002471627227296954993864898673858953269306843430062779499715414156561 - sampling time: 48.93420958518982
Sampling 72 with 223672845650362286384749855673518557693688422868583769596219572379151536362814535982989128960208258052109372773622713293295359 - sampling time: 47.84015226364136
Sampling 73 with 93879976343210061168980938097050826982715662321300023281018487603881211586109019719083801301748783221442328525143239549166248 - sampling time: 52.04769444465637
Sampling 74 with 13838440025215019093139398060200758007003019941161816685253585364648776593145359450443662708677317573013120307304739489304317 - sampling time: 48.41093301773071
Sampling 75 with 142758514196480254065641853285808972310159233290809638190351743868787393941025728752286923221162443969468783011968337725495031 - sampling time: 47.565770626068115
Sampling 76 with 55245688186649130482629204217967318152336361625216440484419615933177459815243320942279565297149661862899695518415364837599341 - sampling time: 49.835182666778564
Sampling 77 with 174666308505027733614107014497668042307863807422014106942871547410144586402864166148595090075842607799081377271648550367672119 - sampling time: 52.815842628479004
Sampling 78 with 236580268992315402213970463971690377621498134178805567850124412496276641604213231212401795774769470205109683835716644709260162 - sampling time: 62.77815866470337
Sampling 79 with 97275978606747560155802208097287463315231170453431452628893448182460449524327773067333888403265937075499144448010446126059408 - sampling time: 53.26265859603882
Sampling 80 with 69543241439005473922953896656686001800256445681103949693314552199825205859717554152426427570131194173309084323137222068003065 - sampling time: 50.13310170173645
Sampling 81 with 219228983119510049283967531281874105322935129892366699573828948784794497353889411089861048532360075568188901547989711536118439 - sampling time: 51.67774820327759
Sampling 82 with 219777420755900853378461769674301791737517319811045186963734308222718655965901864751274360894603291494513650398222429179194803 - sampling time: 51.54251408576965
Sampling 83 with 225621123102961160421202231627915211240283374332405296293745753865104779956013392830990609751142390865302751368869262091906958 - sampling time: 48.81885862350464
Sampling 84 with 89441930652119085789508375304811054048431583658098371551215969989227724337724102001380708899730798156020461622973204268665709 - sampling time: 49.28062891960144
Sampling 85 with 71892421838305959376764507845214144958246374203036929084524378801356435312187268925877683100360168020520735590708505350886230 - sampling time: 49.88646173477173
Sampling 86 with 78673418947486803224547287751661976054018892053371166878230752807058364128858880799955615529846097173938672180128648541985734 - sampling time: 52.929850816726685
Sampling 87 with 39215991516924162023987070174970727373348815942672447917446140000514544476964742103541368568039553684373057753390306692923904 - sampling time: 47.84433627128601
Sampling 88 with 130009810188078099365510460231171527193405891633077992125528163130106879932748028518424601155434234151649954505474966097610598 - sampling time: 50.69566106796265
Sampling 89 with 75656530680747024245257478394450498784704572730430918880713829859934542067589687726967968863486370164558414657933935214776484 - sampling time: 50.91181468963623
Sampling 90 with 197530957239945440844776828015028430244006286511931453178744698474121442462487991008031879146382867279907155084230238324049305 - sampling time: 52.70359230041504
Sampling 91 with 76401446027062310136641955835206399977294556589626093637909011466967741118672486056273272891337275247995065043712814161245929 - sampling time: 50.83333468437195
Sampling 92 with 178779332258617385711548666698879195086425574315284694585419958336290841826676390418444121910529030066275011317043996946803764 - sampling time: 51.615700483322144
Sampling 93 with 222155315646427993887238309720966019550606061259286836156927314927512142335628191214309308575815495927914695788965106918221656 - sampling time: 53.4333393573761
Sampling 94 with 73938889513124690490418011824787582510710484490804593915893419859674518242119193950642162348855962118008793128171802787279306 - sampling time: 50.20043230056763
Sampling 95 with 228507409328296749158667008441637327004623531440323215363442518877577428324684958561177441940059260372709959091853104827639096 - sampling time: 50.47025442123413
Sampling 96 with 171455315350561984340177151446615643233149798306762783299142212980095414871251212110175090191084312623116187791314402128648638 - sampling time: 52.8361029624939
Sampling 97 with 123279782804486588277456359208441500228263738891206176311427629492820105559657928110377172980263093174610524824164205181257783 - sampling time: 52.181363582611084
Sampling 98 with 32983666667360302763899906433071257296879493108166313740466778725447586425036031759948390156784345191236298591319886843548773 - sampling time: 50.22674798965454
Sampling 99 with 18331024501454590337663408076268181976839060922624619591914970386849786954964328528737057264638043844543154684671681404973272 - sampling time: 47.588361740112305
Sampling 100 with 59906427016056471547437502545154240585415470834571036010691475859100912170620988878636972572768366922669232123386014180415985 - sampling time: 50.503013610839844
--- total time: 5053.3335926532745 seconds ---
