Input file:  ./FeatureModel/olpce2294.dimacs
Number of samples:  100
Output directory: ./Samples/smarch_base/smarch
Counting - Total configurations: 8187965460549119231483396615787248158155368266800312424131065943440817252513126522783934300430301226732870028793150127339472400
Sampling 1 with 6741875348917143129308447605294901796739426636009090414463920847845647162368988099117005269199204381063361212727605341807501536 - sampling time: 67.2834963798523
Sampling 2 with 855463329787481390665215532936129733745774970224210148064692822079955973789467882989006538256062031281997906945353831320248053 - sampling time: 60.319138526916504
Sampling 3 with 3539091417315672802176038621057325450359085392940913244934612943108367700263221348171556385497674722211191039146986256384888077 - sampling time: 57.405895948410034
Sampling 4 with 6564582186386819777196435229626339723179036250580829458421990522996782789405846210410915465432136659387919084963212444307160416 - sampling time: 64.58786916732788
Sampling 5 with 2422277804884878720082304894814129210390856488242592768205600477274610572662621136620218765875508906021109673892701665655389803 - sampling time: 63.390626192092896
Sampling 6 with 6237531132655015610654475818247556755440895218128628915906431616995557657470029133703888262934196676565700143178224965398489733 - sampling time: 64.92473793029785
Sampling 7 with 4010063635422936329630511956475261281756617160884965978243969706115169320571945735049412934229925444385013877176178654030274118 - sampling time: 62.81539034843445
Sampling 8 with 3705852503905773338147422251550077618879938372939195079753599063204567247965867218743176044026377570431639091733026196259433980 - sampling time: 58.33836340904236
Sampling 9 with 6580160491440108358457488858096522035485491838105365917625127071369817360526013665842994381720643201382762772196305476715199801 - sampling time: 64.14875984191895
Sampling 10 with 5924324053729169004582112110497253044299586867317349541956475441144281269723439539757377468876332413184195738860214421006658452 - sampling time: 60.27635931968689
Sampling 11 with 5092510509161314400712858026395943124923465621456373041071895756259577451236105149406343293909159344162515774368005210220035317 - sampling time: 64.34181141853333
Sampling 12 with 2791538150112108500084389424774156106179806130529683329420236390720658997604152182782616686758520513447686248436097512224424964 - sampling time: 63.31379580497742
Sampling 13 with 7603113198449448727510039407769204469464175348767162008642492563586522979436762548776165149177102312023297235968124119552656586 - sampling time: 66.56696844100952
Sampling 14 with 2817436353035729260235221489279180148781210331883882887222135413361513736388871546188071025643026127489162417156858170424092775 - sampling time: 64.57562923431396
Sampling 15 with 5727300621560246622012201919590748109280238986829371947664617460154122267217930948606200885339658773335390425373404124673805394 - sampling time: 63.53228044509888
Sampling 16 with 7544301102768761913141752572433526824609967605853179211610235160420826820034810427793136796150807547368847026959577417727496141 - sampling time: 62.853703022003174
Sampling 17 with 5251601971094054872394369882401424432249231764108297438267527021570091279930167552280992603788410460395006784195089273535607042 - sampling time: 59.642213582992554
Sampling 18 with 805986888059380862369303970070452206262724501982547755015236101303265238013350117611851626754442661897728269713689525521013976 - sampling time: 59.59457612037659
Sampling 19 with 7143332263645829125463230532214481567791990033844145923768710391226618810084139974499125443058785533839977762101782446771197361 - sampling time: 65.88930916786194
Sampling 20 with 2960340501748203067629700698040174731629869728778456124855110140928080313619302415634581333502576676695433047366549309938896767 - sampling time: 56.53254294395447
Sampling 21 with 315357938949350053123136434816545409842785666341006233577401352705563371951976443777630812739630988544992192926387205464930391 - sampling time: 60.84840631484985
Sampling 22 with 1832607613278252116273653337400115241237884449255505882800418115007594900696002800942176634366140119556504903126941940525058365 - sampling time: 58.28617334365845
Sampling 23 with 7434292576356419997726222143921903204645899330692548980473913987657050873747301377427516397688555038677049794862011383959170521 - sampling time: 65.85161995887756
Sampling 24 with 4919364528701910464930924025775871083397542851209974496793394658090868997636154122434245428430839558234010986142106725249957782 - sampling time: 62.415011167526245
Sampling 25 with 2780490701408545145774556565000538727857901893254088403883833475687986531268866648595313662440934685528832984178711205897343912 - sampling time: 62.2110059261322
Sampling 26 with 3745036670290628675846682056632156842473700598599334659922284993401621389225214942902201515677421286727173551538876204471954559 - sampling time: 59.140509366989136
Sampling 27 with 1823143248522468167575248100907800112337925288003473912309956033621824118498343668734362533733800997501152321857256569276341158 - sampling time: 56.48121094703674
Sampling 28 with 6241087785036598555800223743785693731955714301400839027712398688517204583330619435657476389030448917686272769479390561222462486 - sampling time: 64.79469799995422
Sampling 29 with 252020287989615336411388454087985548531246624296388920630745186998149879568429314987950992063328107857725504162053984828652529 - sampling time: 60.754281997680664
Sampling 30 with 7087588817232252071722038291589439620599957142421847867236103317559768053576347011548644211884388340002369114216196766543507705 - sampling time: 67.8120744228363
Sampling 31 with 884096059770650377074163777366950532660618788418559700760347702138099758593874033418141784088861242840523307503972060486841920 - sampling time: 61.1215238571167
Sampling 32 with 23858849460930862700468739920699283328571130302653205471405648209122744224009895897298158799636010649647923728363105149863237 - sampling time: 39.751418113708496
Sampling 33 with 6185437430975903923393254897610741112625643827152542745417661522309663746186401053630872955037786438231435898852391055384925428 - sampling time: 63.382755756378174
Sampling 34 with 2385545777660916120945052804827399965893523532115236966137326390597446554802353484189821081755960998767343226933370775644336957 - sampling time: 61.98442602157593
Sampling 35 with 7974493327622651613574670461279770638118277499484180148906822121360925371731249681219008425979606699992575659470204662018503366 - sampling time: 60.510717153549194
Sampling 36 with 1287205223258481966387465390059103017989655506064535702954334876600379959893208589244249589297294854261060945878798566792341611 - sampling time: 59.84225869178772
Sampling 37 with 3045626524159747728930376645488076561227034854694103044815645737144028364042336957968435345392110043596573320354175785331728481 - sampling time: 59.204575300216675
Sampling 38 with 2603765057466932635551484982126156945432054718434706535500625343363602158571626449087269257422293300023424898415339755069144467 - sampling time: 65.5122697353363
Sampling 39 with 8163080744114331503601442059861788899785393204621433412190416507290991152817888991174462058008644775500830186718078447146119928 - sampling time: 72.33773875236511
Sampling 40 with 3997171647126745134435180529917954654804934872158909590049256612006264634688536299387181349653592086486821365362046442745988300 - sampling time: 59.8135290145874
Sampling 41 with 6385322832934932400074632740655841045598959169137302326097538500483517484364097027681383153201671457189547406751165671664232640 - sampling time: 63.84817433357239
Sampling 42 with 3504128521414852032321078437887767274735056431113266727630439144759395481718383326566852660592012767926694786565138461766924997 - sampling time: 61.34986901283264
Sampling 43 with 4373489725792015819780032299244009411388496241195278985382689813371800402062020364586473952893804346534295064760275382774614464 - sampling time: 63.330421686172485
Sampling 44 with 327774104712540441356760235475526174194372048747962059664347203600338436464576506850814425948919139896638318764736180894757951 - sampling time: 60.595417737960815
Sampling 45 with 1763970144961804696201333313265557983189537036166459662772967218875163122998046019684130393237037671999992675098160574719777140 - sampling time: 62.298163175582886
Sampling 46 with 732907163375364439289787247670053488333669947359170994366341767949593026552618336781349404503201239698277749081878493899337475 - sampling time: 58.103726863861084
Sampling 47 with 8135326440514190348508957139586663068656578618358673227514495006621867124699690850720625101769373844146378671832392380500746241 - sampling time: 67.37462854385376
Sampling 48 with 6518869562674261435698793954704235227871375592483778622953938632719032005912697771249854652242396353358115335487801400188601047 - sampling time: 64.74530673027039
Sampling 49 with 6491344805384604424935877557485908173548148838422018857357012753739038531437540093494322747810200159213978169378626838085296350 - sampling time: 64.19942045211792
Sampling 50 with 984102107740511485402528587762971664441453014148443542155395996288840857440386368634138925000607333013626029492798597477102321 - sampling time: 60.5845365524292
Sampling 51 with 465504296989203390975359063679042904418042201905853752615229221552405402122449032879513948570326692288660561503380140875255945 - sampling time: 59.20618724822998
Sampling 52 with 6435873232564780454812557060478137665991941013783516639644087757520638795297846290924869253142175657632398178359297727314137732 - sampling time: 65.62085556983948
Sampling 53 with 4226847216141002574403160861578665196445599793854573510881297942996516804018983513190160828989704027778906221849391974656458727 - sampling time: 65.14521050453186
Sampling 54 with 3956196957893352915283402137373787942014421900173009882243340292048353615540304979257258999265823650591700470893640662894170264 - sampling time: 61.30555844306946
Sampling 55 with 3250082445839809666849856148836547517557533984655746795092339981272388178430746664560420710943069971497498874660965469891544206 - sampling time: 62.058982372283936
Sampling 56 with 2091518835989828661274330067132929361373098581490718409961467151061745185034131395366482083737759249796138056741796118048390471 - sampling time: 58.71305322647095
Sampling 57 with 6283986381433357454081883478749057572808933514600748102969963499595686063516131030527755158698590749897558828164923324819240068 - sampling time: 64.2822208404541
Sampling 58 with 7033802058757844804923534880113544034633911110734894450902105834847978413907899657604711666376734815265357856152604575233679933 - sampling time: 64.46692109107971
Sampling 59 with 3013367316048820722749964987601356553804616712475868178988303488998945194376047067881743674685793467754078697589749124635778989 - sampling time: 62.74069666862488
Sampling 60 with 5332339503481771733258168190128975609518658621326185504187566731647895486430421324552215176896318870227421823531227214675782849 - sampling time: 64.75515031814575
Sampling 61 with 6871684086955676280781058564686178216468833293824661370008757249231131367326170303892361033354192785879213901563278159487792131 - sampling time: 62.88548517227173
Sampling 62 with 365617175604297307693013681051571755855622109170300541811408072399246785972913207901874139388394442255080326441365942897509442 - sampling time: 55.79699730873108
Sampling 63 with 1911405010617171931002501075543179020628344491435450581772463899226997441859477016632930775467889717147709773844418918288846576 - sampling time: 57.651244163513184
Sampling 64 with 2713394364223917728350445443098581188595944704878213220585456474868051387370036177460241520646751206848781678380112910856514686 - sampling time: 59.32673001289368
Sampling 65 with 3138734995648595528695071292460783238983772462730956038357392091945435157181739755857438752853278688413680924873959358867626010 - sampling time: 59.08592915534973
Sampling 66 with 2749242120549226931501717846437057746039698800745650403365265976946495498806672983296210446100496386448561403974054185731906062 - sampling time: 60.30948495864868
Sampling 67 with 566192609585163072413501272868559390749814655827707312548681087050071156818687021705231369059087258693917078879319492652731191 - sampling time: 58.286065101623535
Sampling 68 with 2521013395999684470360377016135375221371976169070355545469313658089774374814736348307893231053236884093796002101034094804866158 - sampling time: 64.2806715965271
Sampling 69 with 2399653549170349357220218257160895274404737582853785881774662900347230419194137728116976317857456826147671621935777797710262451 - sampling time: 63.493051052093506
Sampling 70 with 115652043227565301639263341230508331926175608161790162416309379864092620150697217949590790132749982089191055942407369583786030 - sampling time: 57.368069648742676
Sampling 71 with 3287702383752510528880514246178619735369027383160460562607392045446528015388684298525115025534579614501313659365362024546859283 - sampling time: 57.77328586578369
Sampling 72 with 3874918584272993558235466317180142403433224778411387890788227007264263196394485223391016674273187569536843669518180476713374382 - sampling time: 58.941792488098145
Sampling 73 with 4886165907116075617934162584692119672941748777315080489254992563502260364825508012412503497733592347871542727755726317942153308 - sampling time: 63.700907945632935
Sampling 74 with 4301362860121519750956000225530825394968561204264302307195131185801803712174915273173012476885565804318869119441273332144464177 - sampling time: 61.89669156074524
Sampling 75 with 2917846578454954997896987761566604588017892201797911513437515919107381105444443546560325454188853826644215300687834344019046660 - sampling time: 65.06023168563843
Sampling 76 with 3272090977624363729933623425776291398739272564961515781120408108671516486457738319705573359459667148592443366920648202404628674 - sampling time: 59.51328492164612
Sampling 77 with 3580780111818565670860832850613417284350759329094618238129808918631078221103122761469142792225238699359465572987829945848107118 - sampling time: 63.92750859260559
Sampling 78 with 2048717448108096557991983305224516691993095433543286913403633911513152084283143571992088173230869354686834302159386521535799065 - sampling time: 58.65303707122803
Sampling 79 with 4447822081437527794895417589460861343591987671170271040079535318014623219723799462927189706931173794388837435803433935430244606 - sampling time: 63.18791723251343
Sampling 80 with 2531388301588713606820005978686452643761858837005841408247692043942691426646332544695474958161070643376105725612947394538533498 - sampling time: 62.466304063797
Sampling 81 with 762368212504136676417460421796754325494708303238650749241450205737995586109773727332379439599619979784593502906915455850474185 - sampling time: 57.26261782646179
Sampling 82 with 3705700067292020949994089405762834920243130890836750331774449566051932919480252506612456254450056231121317201233934895578032592 - sampling time: 57.99356555938721
Sampling 83 with 6649436131326746112930739864058929666634916934747137800896289740419012944706024866600266664469567719150144211850056067663283157 - sampling time: 66.97833299636841
Sampling 84 with 2066006091517473915000936604302844085666920072610370407427566508174618752400307938295342345883206328761256578642285658735945809 - sampling time: 60.27682662010193
Sampling 85 with 5638743205994404198760334039621850895743966331671146300296287876566993697097245624567410125796698480376693268987330213967376165 - sampling time: 63.761322259902954
Sampling 86 with 6723034142185497460116480405941859577479814611357239065802405997170322843877987640487255354114231462556439992077132657708970185 - sampling time: 65.20955300331116
Sampling 87 with 1107534423980807941398191481400076908631881633825095764967951992074214949076073633740381186669999184068843556964868446836460031 - sampling time: 61.41820740699768
Sampling 88 with 6815415792082561130493831101362521530164338239082894005183723574290843714960378634774551704939293045402540165333826705476868844 - sampling time: 61.71680021286011
Sampling 89 with 5276522814526962930524115848543601521849159673329362995395422618788835005582325720606573078473927547925923550068653362067611058 - sampling time: 62.582578897476196
Sampling 90 with 6167573350748689147858806033900453141390129151271280714128503638251547201375467812788073439839879007994261172579687932133432382 - sampling time: 62.666542053222656
Sampling 91 with 2384070346154117452002707149749490466849989661131603241300598821768566061649374951889159724130833250962905265967934944324231105 - sampling time: 64.26473355293274
Sampling 92 with 497513395274962666531255974293867233838053422730306704717348295476462444926021566026088235010999402334117127169611527603186589 - sampling time: 61.676623821258545
Sampling 93 with 5206712927628058141153325098741743590421273205460815623132068036182801109534480925342419817524955162524769871706555116877430354 - sampling time: 58.52421569824219
Sampling 94 with 4030090827004061544196841332160600318700441133654647684370302684900044864698613900371601481425620949984494285703227024542080328 - sampling time: 61.22920370101929
Sampling 95 with 6538864904731301290941411620034584901381429590131833670880243450375357367759702511702395879406240241406243078431247941760813280 - sampling time: 64.51615929603577
Sampling 96 with 3309622363376166859313072832202393765626072968010974918122494741474341062357661329618624836130264710566721724618198765415397766 - sampling time: 61.272804737091064
Sampling 97 with 5026509347741110189475204171094052755417094129813203814301101861538354480014931398807530257951322172223424312084458973663812334 - sampling time: 64.0644838809967
Sampling 98 with 4057289824138602866350247846944947053784817800389835426606085540073170108272579285030718923879277471558924427329872985950464773 - sampling time: 62.19038128852844
Sampling 99 with 1421709184096208459384909516168391954252765573194671315588491219427134356037316761969206367402343838575097320411513770207421522 - sampling time: 63.77429723739624
Sampling 100 with 3827380447853583524861638198827859871732663217554697295142155307815287444221798116202498276393763758638847408501105996186796487 - sampling time: 61.14304280281067
--- total time: 6186.143548488617 seconds ---
