Input file:  ./FeatureModel/pati.dimacs
Number of samples:  100
Output directory: ./Samples/smarch_base/smarch
Counting - Total configurations: 7901505627733039911417502588183195931419743370986593956111576213702116855966805459012822245118008186717339802422502437673492400
Sampling 1 with 3837710605493053592112374192942979439172514715832204376299691612809498637207011068082870799857358295634734882936490091343134596 - sampling time: 42.287524700164795
Sampling 2 with 6767175963697200889941693694023724162512676374081047091536402857727972736541722883990197243552488227572970777139034830446457315 - sampling time: 48.17052984237671
Sampling 3 with 4541422815322213345093778825050382371400887208608141893639161036896864335878317480155307155393631214049699969364786446351622187 - sampling time: 44.047701597213745
Sampling 4 with 6794819303238867010321461909976353932063814572367818277073823828365989923583587539438910213753560808441351481383963175924882098 - sampling time: 48.019455909729004
Sampling 5 with 2878848358722265773507971296193329078329430423929832255963794654118158496953155263900582328206723622596636904811936714600214187 - sampling time: 45.4000518321991
Sampling 6 with 6597130518813393707365884994014663470483200048108793094679171793653300321008198091678043276839510473168689327084693315209604685 - sampling time: 46.33091449737549
Sampling 7 with 765381442073009215602839256972609731811203739563958638260990173816814586292251721287348121681964155239094567677982621505838614 - sampling time: 40.88763761520386
Sampling 8 with 1743301082242941565416756182949522562007945862873947170570268004121142089353622019319337217436821297222485017415931230873426081 - sampling time: 42.398542404174805
Sampling 9 with 6088719923111591785154198258618769491496251171443855616362962660670370602086807957657346710022543759388110743102715874713791667 - sampling time: 45.96437740325928
Sampling 10 with 837133674348231645373962639532238978667515994443544048496320841751961824459468433851685968293991280304442128550218441935740834 - sampling time: 41.86505675315857
Sampling 11 with 2819200388386315815924375861554603450837036151163587183858285325514810918113484566812381277132331935313812626907750048343450100 - sampling time: 44.9041702747345
Sampling 12 with 5469863041917733969865744836997353068363000321598389141392821603648121554833705394973266921895342221913850775063162408096213087 - sampling time: 43.52470803260803
Sampling 13 with 2547451945948434204766815367243458000837903313848223950853335306461277165215697631773564541246658282301881197427909708610835161 - sampling time: 45.5257134437561
Sampling 14 with 3629599763696526048866621003859494835615742353627257043051324542124538270491114063892623834172949067001183037088273886478341651 - sampling time: 44.266233921051025
Sampling 15 with 2233337785319282997083737603296605360277105508118912317496173880816165040343010636180529717335889982406069569781657627620415433 - sampling time: 45.65422821044922
Sampling 16 with 3182896827570307208257522062438997727521615704611594725991740729369861417785645952441250131478631723370401983566078192870171310 - sampling time: 47.59702181816101
Sampling 17 with 7760705277182125137282991110505916978851731381778242442211900902942458650230826926769947682056433714864766863837555434363437977 - sampling time: 47.272178649902344
Sampling 18 with 6269678537784134063693441284396285921922294743080149865236208321606868409760039389787076761208961380539033941430123245134019212 - sampling time: 45.849756717681885
Sampling 19 with 3030045058485225801402273524395720909110952891326587707808458770950490363695760389478690117971201174667363199166331629985104609 - sampling time: 43.32279634475708
Sampling 20 with 2063532761641164362525416997078721483416239938263287753040778078109684501600592031018925158766687258671262008773938139100771363 - sampling time: 42.5180869102478
Sampling 21 with 4315540776906360331942093348863258619796511067415524437803571910758296490027844910581278487325991381287910517848922700904967337 - sampling time: 41.37368845939636
Sampling 22 with 7550439629889875799508804054300619268325538011664735636181044079082561900769752923497977417051589617874209568110568871878755626 - sampling time: 43.71976113319397
Sampling 23 with 7592489435924879285692776643348360104089740799709721252921122661014433831039108043411759848913071130921214060035790564624444964 - sampling time: 45.592522382736206
Sampling 24 with 3492394352632089609725778148168824638047178677081864247012097500208907892627963717247106207581585645034101304162740441391284067 - sampling time: 48.91064405441284
Sampling 25 with 3520867995572537624732696487164543175903561394321301219018312355263724334931288638177015816641359187132903971729412373596669745 - sampling time: 48.61681628227234
Sampling 26 with 1017467540537936260792659420908621440164779523293433150261985152767372766711092828487276946601396615738837936143694761781267945 - sampling time: 43.84739661216736
Sampling 27 with 5371861908363929920713654059033607322250357337317386718485518296834023176157431496573492740699996788952138443346879431945790542 - sampling time: 43.426602363586426
Sampling 28 with 7432951744764222911915966118537837281387078229322132988979208514172346945303313815024735305612551559990631254687568240624400964 - sampling time: 49.39482498168945
Sampling 29 with 2783554401729289995424439043034272400448446348469118246959348809162201953583862245397135533963425784614094634444384859465001286 - sampling time: 44.753047466278076
Sampling 30 with 1258333148235488071772974863214227246860329222863937806736005565320713936001904122096253780958208135196352413726053073128225475 - sampling time: 43.314319372177124
Sampling 31 with 2459313318271923252906867075654135011783924301336034149831357650632641411164737395308759443861729798594687925184825581715452762 - sampling time: 44.282416343688965
Sampling 32 with 6320386193541346146119704350073933923995542513922863569826824783753985959181339098142899487873454585388352072514813205719588493 - sampling time: 46.19057059288025
Sampling 33 with 6008120895617252925686234609140227812225985034265334901882358728130411712433139122274464560045673883847241535768237117587041485 - sampling time: 45.22889304161072
Sampling 34 with 6773990855347246339320539647825460847071751313536849215769899218885263372056917896414858242291203251399357291647027078567938038 - sampling time: 48.84950876235962
Sampling 35 with 2668975077144852121652232501279275896344783062563837360724051223088799281843201224571198818349815214416680880142652437380013731 - sampling time: 45.98499011993408
Sampling 36 with 7574932448748058378777008194994815013023078175938961844059347673490622844346088673411129786853465010185096979263068811488343234 - sampling time: 45.65693426132202
Sampling 37 with 2437666933859766848720437925154349581600078972872287566306658199440086720250601410125796519014903321160729642665825689606945250 - sampling time: 45.29009032249451
Sampling 38 with 7533324506482396597471334419209620634100660655153031872353877857933352046574209410278776609101933104163838100419644620983467557 - sampling time: 43.403605461120605
Sampling 39 with 329645183564695544238136238278273309373952949546198498185653915404463561133575728602039229457282767363315273067950380484087882 - sampling time: 40.855225563049316
Sampling 40 with 3954019913188528339067191855784378752632089832725570360328853930985822639352628223443381969246458119939162991251031691538261503 - sampling time: 43.866113901138306
Sampling 41 with 439207893266039399063955800772221859249400205131101330127506920067704631054547566128360560442665033606328044091900489954892617 - sampling time: 42.9521644115448
Sampling 42 with 7612504268110536289347319660183283963495344340675023737491685036863155256428968822662271451300988888953042781014256384543577982 - sampling time: 45.14878249168396
Sampling 43 with 6675220973798807073454579229853514611881064810362011571911234833635848965811180005698841188931390512893077522756058538384367034 - sampling time: 47.63048696517944
Sampling 44 with 2440123452557917715651305020545003787134532488184887390335496756690373079511936006395351432491194280493424283548385591334584152 - sampling time: 44.41595935821533
Sampling 45 with 1894550194021223759421431567717637713331206188013900259886188195319462856668141339434724957892887635139612271592248144620419813 - sampling time: 42.829298973083496
Sampling 46 with 925959113510018193570989730294722975480262993694958399701671047938839668820016550317171067908077484829409045955262620082813843 - sampling time: 42.030980825424194
Sampling 47 with 7031364251339946501278999032746826521024958949747544879618183761394712259625976689951758496562040084364495714914942576880994959 - sampling time: 45.44775080680847
Sampling 48 with 6519964233062518953666254860541413038517183322762330437714253104173204135263645965166636723401783179880749989170667413219760545 - sampling time: 45.83807635307312
Sampling 49 with 3587451416088203559549958334695402647693482525590742508506548555817022892959982577072802111798485006742109482363451150313551049 - sampling time: 42.35270977020264
Sampling 50 with 3982656351268219179017215586741193105898163967402182778844855077386657694020688194527242479230162690463388122261913334179267973 - sampling time: 43.95182538032532
Sampling 51 with 625123993561162745875130292326059110651226010620019710193617785919739142054903836708829724783701621978020107098504164846381413 - sampling time: 41.34994411468506
Sampling 52 with 2290251982577065598669986260111246459758418934898852387654563389928901329110493814360577402336510413578332541320191913907613845 - sampling time: 44.173553228378296
Sampling 53 with 4577090084693902934774473460937596854605997309859451646332065684690447908166998027725887733572787613157202654765064429848785520 - sampling time: 44.05982255935669
Sampling 54 with 2955751947410100906801999087801509743533799824925095304591748362335886974746492353035947495599922171879545237359781255612282628 - sampling time: 43.77007079124451
Sampling 55 with 1392051864864849666250269227330220600608946907630365377180885023353598630373622468089634585471906997644791773570777421387564304 - sampling time: 43.00451469421387
Sampling 56 with 4980577270795551217125352538412748976837786024802230419150020351007654886543211353268746084342766910627630851076445593959987751 - sampling time: 46.53790879249573
Sampling 57 with 5201267669654626197285099312743721809967112339611119151350195062628894640646554168011089409561875826026077536017958477569500538 - sampling time: 44.125871896743774
Sampling 58 with 7463913259735369798776732462358280970689344322767820493249094457704712601995359489340886091394349367354718167768198788933022703 - sampling time: 46.69078254699707
Sampling 59 with 2927321080544600235320099103661485621142748641646656285940282341109433770361199281139667605573464551181829435722333459400563638 - sampling time: 44.17905354499817
Sampling 60 with 6858390569551246172035660972266761992997920940608325635744473437908759015428951987529288450229578645606954721169311265356595333 - sampling time: 48.31829810142517
Sampling 61 with 4886709858213098325983130125125852597112030663891591180185171757889617045283567914538027136453967683024594197105145446039745161 - sampling time: 43.33560371398926
Sampling 62 with 5382793790483210025474753142075990827208083171852723813555999572471898431984426685550132229727755669835581227044353869148272535 - sampling time: 43.406665563583374
Sampling 63 with 7370118765592558457508492538478719419703665887706985543726084531149369812908613555537736755595347397167645558292436612057340765 - sampling time: 44.758293867111206
Sampling 64 with 7765875051721019159441142521736050990820456423528838073050231864101418975841676747673366139868710516144961466674398623117520090 - sampling time: 47.399428844451904
Sampling 65 with 4656732074296419332081852548853692505841215589889272915689472128172726419756145654247489536006379746156182035454340962882922195 - sampling time: 44.5944390296936
Sampling 66 with 1326273033178409476247863519447403880385032711533910874918203988184513192461489601129755545912853956972631203243992125564067713 - sampling time: 43.32122826576233
Sampling 67 with 6423997531775801155588944467348820414814825055219853719400862941641663743992051094279545994353333786850331957938024099846897660 - sampling time: 45.51688265800476
Sampling 68 with 6261535074902086356412962998650893751211767908853325339074868595776889308049304675535921966322076132550853923192766228738857542 - sampling time: 46.71848464012146
Sampling 69 with 7095624616654154159391156380994928129952793053629066697078671550143291366099236543129717292989167585711684097228502816509773031 - sampling time: 42.83065104484558
Sampling 70 with 1886368908181625658005834218668818057601227419032218904144355650061924824898492792693190130256824743622444412149250261843276718 - sampling time: 43.32031798362732
Sampling 71 with 6465526507377119045885771591157327143600772598133347428466110521742564057769603267009768491426199519984296639535797692365778007 - sampling time: 45.0695960521698
Sampling 72 with 5502657063231069366781945049321946213565503849193402330424202921880333315792760349089085329405834481910715176773789592413894543 - sampling time: 43.32927083969116
Sampling 73 with 3665166280203681299410411969656771535870968579468317519487406584018763674298896133366812750968990384770398631628946289320057171 - sampling time: 43.785175800323486
Sampling 74 with 851222471458377466694041283981270376433741498792002917888614093156602836365253754590305007748395952140532390887429825768615278 - sampling time: 41.6736855506897
Sampling 75 with 810173247442466867790063350890072255492149401126744719228775462097821845825918119525867844065186713492714605452834395000063902 - sampling time: 41.19462966918945
Sampling 76 with 6985572456366367130680567354486837906781249709141045840695512763800731387409653599998058708790389860225304949719476599451204389 - sampling time: 48.3466591835022
Sampling 77 with 990453157965005657994814745151730415260194940201694744207300198661983294421527754288451068949640277285096024893705250719157872 - sampling time: 42.587478160858154
Sampling 78 with 3071431859546651835896729784891581702786323032265533773577700033193968978083880654411720252810640597357923861676829721518213082 - sampling time: 44.70740342140198
Sampling 79 with 4016513546869112947880059169185298855659423785228879502050400629292259058111307730886071385790692917415969268354688096998121416 - sampling time: 45.330193519592285
Sampling 80 with 4045952084030430524273354915087434918385949474725721704129818431107073501065136289700578237541013275979314600788187399114062307 - sampling time: 45.63233232498169
Sampling 81 with 5788178979527809772742029976626554790576504944481669273968640859547011762912028547253676799490472426635178084306808928934889713 - sampling time: 46.21224284172058
Sampling 82 with 3101298520294555587392247995121373216542198936680304987870765695996215494252581584636248022451974388311181889427575581139301870 - sampling time: 44.85012602806091
Sampling 83 with 10360505651989415015937447674257432734208738997519204388156616193513650337367688306728832948248505911445551941166294940940413 - sampling time: 32.75892090797424
Sampling 84 with 6648805652885781201826778927040662057068853298107484574695219951915603328834617485278037854038925442862488860579604395717427658 - sampling time: 47.065751791000366
Sampling 85 with 2864622358788250632383551884953197478918540265267140933219178115075079917519435830898269429802157293600373314886964529902622403 - sampling time: 45.38179850578308
Sampling 86 with 166908738249458547603599754618859362592871390245207928211839082096617427804460471921886953350138357619326590571354406205681838 - sampling time: 42.17621922492981
Sampling 87 with 6287466269414963827724950941740907531874043028455687669726254637372070553391533093671240278369716909741909286401524533426356511 - sampling time: 46.27007174491882
Sampling 88 with 3750835992427588949620211111340784478380179712603766955388898504411812938884258618783087077374787545652007467289074174962232603 - sampling time: 45.37332487106323
Sampling 89 with 2712988342057358067058615482832502421767391684110252823033837917660780972131590089788377633667997564282570856473034994374539418 - sampling time: 45.86239576339722
Sampling 90 with 7166565927211267886447937647046796829511324578907993613507681978722823826162922880420841126307440102862547566692873478769670697 - sampling time: 45.529661417007446
Sampling 91 with 5441212731508585393753702615283624837062701863393254838725344544288079120436220845231512673005767881769690528653864147025187024 - sampling time: 43.93979620933533
Sampling 92 with 173403661713774166568800958239593467134866739359705861332812081433752343795053602919273680126849079979546740554273903428347671 - sampling time: 43.98507308959961
Sampling 93 with 2477204987147137784361389267150533359103077434695468216840006187638891817417223242276414317537810054232749509437258422173046104 - sampling time: 44.966381311416626
Sampling 94 with 4728785663869343309102996172944959384367384769354569656201720218332585494459821269458972414678869626152405023255616551605550907 - sampling time: 44.37092924118042
Sampling 95 with 278354120059377147920271124485070017481763959417230821799788911885842335084181141978476694990079372888310424647735379237906079 - sampling time: 43.98087930679321
Sampling 96 with 3343834492326720102733136182253150127613584935107901737883004460790015769236438899758813077092439904565863728582830291554326279 - sampling time: 46.32099461555481
Sampling 97 with 6662947814719148775964996883202459927998513359720157233513240327627853604412746839058826725625176397255525613359745861711161916 - sampling time: 47.883296728134155
Sampling 98 with 4471660746362051832095199140790463781909741565707332093417871643673818839502459538347183415116182705964340252603514256162447663 - sampling time: 43.34826397895813
Sampling 99 with 271165265736473091914288251094098121717655185750187664724896614479559460219315737590452559407196670058530046414603291326238899 - sampling time: 44.840916872024536
Sampling 100 with 4332629588404572129189797859059536027749810262232662729093244656526624454842561647722562400153543581695394120949206514271563253 - sampling time: 42.80066967010498
--- total time: 4463.831172466278 seconds ---
