Input file:  ./FeatureModel/phycore229x.dimacs
Number of samples:  100
Output directory: ./Samples/smarch_base/smarch
Counting - Total configurations: 17690241291695326522257789817466990270511110167732440205850532019265621118320902296911567073878924836323606003183874302922311817581561360
Sampling 1 with 17414987067662972083205296140324692197563068425396576993383798233176863732234601157044185058781504973509185636336222208206857124623491926 - sampling time: 62.89742422103882
Sampling 2 with 13517404250525843790639254385547946132360424360217095207844391444579564726154075917629479315242240905174995147658445846296008641728951257 - sampling time: 62.758657932281494
Sampling 3 with 7033438029089034819627778972975792295583940447773929502584226096696212355169015622495198966691303877105278632747725684227027001070796174 - sampling time: 64.3066074848175
Sampling 4 with 14073831649687606714775348249839200318056286968595416654006129680288780967705842414511786428564611849485194751642895732833646717630219954 - sampling time: 61.28283095359802
Sampling 5 with 2546365490195713777311999590843090377744026473895860159489073297350716365202244784840079160359429632638997939507077699270773736744345724 - sampling time: 61.59167718887329
Sampling 6 with 7905783911215211125764579942488075083690515127063277262546342200974463521625616065797254680169829493925216628636540370684975598915489346 - sampling time: 68.64773392677307
Sampling 7 with 5096030492250494482883994816520802475358767402040937482933824525932903604243049836220708875233383038242662929240086043228137676344548553 - sampling time: 64.13920402526855
Sampling 8 with 2295868309510844514421227545491644418466130746883141624048437572263431734814676221399228189409666610508561186856461648752559947325410758 - sampling time: 59.56924605369568
Sampling 9 with 5996637043014863429152993792639979504839690880773430502038727634482229848308695559452592812219134735025152196111844196380777996919197604 - sampling time: 59.39827752113342
Sampling 10 with 16446042950246891908068024600775259221043555779762413341885505661380823597782523875989349259694324998802812109578342216877275183054663118 - sampling time: 59.65681219100952
Sampling 11 with 10935929437154262407112916661673962077126073643669034647248011191794881836376535018317833087051790644364184425570702463123474476747679722 - sampling time: 67.33035016059875
Sampling 12 with 8025443377037541539473050830955046914850560523394685112459998268663818247055521829241435538375715817859252726115973008899897550185575527 - sampling time: 57.2215621471405
Sampling 13 with 7924590667564068369563151475718544619039974808733614121039369560578654258734908505883761934247494800451549814856885194653441966490607843 - sampling time: 69.94859743118286
Sampling 14 with 7215115090241681753615600419408811558070594811560970880763585845787027103022070009474703860016745381804167753493447016103204643869984205 - sampling time: 64.53118467330933
Sampling 15 with 9215771160285275307491443636035271916932787429574807822636183649975651418650394968561047074094313297261567902654074553996062006261797624 - sampling time: 69.7209415435791
Sampling 16 with 13062961776252411694335551181824898721844847816821072430128630495636313083925922248111197836572355982812705186311802099749727180046275796 - sampling time: 74.24736595153809
Sampling 17 with 5033835150030003338302521793156567554271992001644865687580191865762030129693249376793617887081060837706678953994515159811114075121097640 - sampling time: 65.79651665687561
Sampling 18 with 16724502662961904599671517907850800520481393281023012823704024831727345546612429683190571390911034525991144294772644529012759071326564293 - sampling time: 60.15422439575195
Sampling 19 with 7961701142075055285099380937697795307082025307743466912419812354061666895320164979948744394578372695843269620904433676505199181024371703 - sampling time: 57.29013514518738
Sampling 20 with 3315500632704365914407146190707575642230956618257475140445144577911151993692717237080553548425312255732407749672156039906858651995361003 - sampling time: 56.369730949401855
Sampling 21 with 11291536360142025710799419279867878846711952664281555653463192242316651399296838552065125171933806314978240210980493671248272781878321020 - sampling time: 57.208454608917236
Sampling 22 with 16352555410236094988193135861438032340148125864672474193262850805366040595171835281656250047820613838766028186375242096185891052456658938 - sampling time: 69.00840020179749
Sampling 23 with 5840118969582325416166828034899535909748657329877206566337244108840660147464469765821980092705521395559373091426407868889674408088543193 - sampling time: 57.64138460159302
Sampling 24 with 14102754641581592157565640370671802084622136811204508176367438721308742125348931307604280473900921428132061385260166508099654837951327986 - sampling time: 63.0637993812561
Sampling 25 with 10532778187963146626017202912189484330692559156193192576305462493330326181662518607345430414194237800639236369344281317500303684247070264 - sampling time: 71.28901982307434
Sampling 26 with 954642831751153597605375970901084083596626289170886712045306254230749153795938447556193620011180395955239390591831007366765298517553420 - sampling time: 63.81579399108887
Sampling 27 with 3677074257163380727474583971861408574700063816858118577941105652221448728025650623528407318393264694096425243518685271263330257952868991 - sampling time: 56.194183588027954
Sampling 28 with 16623773732059800482361126435287836135077902548351498815090536349360133281234368508933063278952342852174400481584804526625468311474914371 - sampling time: 69.7493577003479
Sampling 29 with 14126632727420914154270290309254416209639532764097793873153495422912564440815284156898237242714848723801381626301061136680143477894703121 - sampling time: 61.48715949058533
Sampling 30 with 11701234159480467143013161233180158496619991787155172022425970076643744607006831440350231968247528003193647035809820648369794172110657696 - sampling time: 59.3717839717865
Sampling 31 with 16087472722300087096602564471624663186872482569236201121079229315705841257178468309250016846806265342664012034026589640990246449043552552 - sampling time: 58.25665497779846
Sampling 32 with 6193770493053950205032666421292642995081920590294608523339303499613658973978777545618791450739478214341182002814837422958559560298962282 - sampling time: 59.09565567970276
Sampling 33 with 8729669325929313234713261153571587973531167571297888128159967614229801957891821141824688951941507992663772778549545694929311051085256234 - sampling time: 65.90560579299927
Sampling 34 with 16191439488474226459875405804560826968316034540888764679668050554552924845490776624153641722508362566286347254309330987814368571829727724 - sampling time: 58.29297399520874
Sampling 35 with 14645912010023127276391725329488581681357270918247832726295365654642623388874395524173325288951349984387782138466992654587331374468543689 - sampling time: 71.11514186859131
Sampling 36 with 11976864296564519894687516180551673459499353381384160494331083313438203328786985766768819610957940938376264652533812864544232116125908646 - sampling time: 60.143776178359985
Sampling 37 with 8894139802090742391924935330959727735688407089704344978254764184917666341872197776597681668281747496245432092873800754145735991732998695 - sampling time: 63.64408469200134
Sampling 38 with 11040057374314289150030500374054418959581645649848797009179662298079023372149491311441821294343431742472946121277268567227461309648587181 - sampling time: 57.23471689224243
Sampling 39 with 707408970521481844719118978146650297427180759538434005061991657571219941238187142605001674698438124864995436324050327133999054856179764 - sampling time: 57.21861505508423
Sampling 40 with 11776955428841753724270120703417419070203855708227503095709427832662417445201011865764336833965665431959544072392496030948392213857553312 - sampling time: 61.72480130195618
Sampling 41 with 14711147001122373306913013281213009034799435576745021454071630354658887200004244241567341635068402922661936987084915436381319214769434745 - sampling time: 72.32447624206543
Sampling 42 with 17289282100839872181063627056561922733060682369180317770762378911470692902734328471124370081764349512847524614599720130494174563449921634 - sampling time: 72.62643766403198
Sampling 43 with 10124665602036690253523313865141137257675654274429054453835886074526394220128232354244805921081293771434680822499346689054422613619043824 - sampling time: 57.96452474594116
Sampling 44 with 11454927946316006859093769735414188616057116144449002498080053276548577497601083983052804220957959611585543103214826990009560346216355924 - sampling time: 59.230167627334595
Sampling 45 with 4552648297591456746137628715946719043973326497137050261501257755990790139683804262517138219083030756088357012132474302652868670433720621 - sampling time: 65.95592641830444
Sampling 46 with 10694407809322235877294812219886178009494385114752711154865987895587668367411908827746794554905989568644546990113205056131113747309551289 - sampling time: 67.75023221969604
Sampling 47 with 11193483765552891331583763393754810275384510259660756422873833039387882183556181300736265757468032380564413189806129586919493426534861849 - sampling time: 61.07465362548828
Sampling 48 with 8506543566206826150704005062625093775469862283700310307616130153900808775698753393383042764543921486046395252798731286825720112910789830 - sampling time: 59.83059763908386
Sampling 49 with 2328890096026577887703344776683757785825459811619819587135097692755356885690119163528458352313530948069164596478496838665231011145821612 - sampling time: 57.812255859375
Sampling 50 with 8385486972319288387291021332186319215704622564548906816192916187614053861363015224909133913558015987414757107691823055799049620391986156 - sampling time: 57.40101623535156
Sampling 51 with 11533285245899448780680870995308400191871497514225890930225208406364952949188218327186105651512122695207311277575082753364568562249090766 - sampling time: 59.32363843917847
Sampling 52 with 9414915522828737795029434206433677501938548981664802916745446924721136697467676779619682994256433498538088198861838976067663374076180111 - sampling time: 70.30388188362122
Sampling 53 with 16547777441449597114231384753298006394535973678363917103667102465692271536871191818347443425549116094484579931109760891794164568697658154 - sampling time: 66.42607975006104
Sampling 54 with 8784084179133464817747211691399037366817467644472697852337593567406878230765018390620347098472265500366686877890384482869930846668011583 - sampling time: 69.16422939300537
Sampling 55 with 16365977208950350832965651055470625515275508394742096453930843509033945313561623327451263662257219989455066652745298728839246015422142059 - sampling time: 73.33377289772034
Sampling 56 with 7187691325586490766160994846942193358525130008710299201451122470897614738812823158879116498743152918005568206044520842820536650384146416 - sampling time: 70.18778800964355
Sampling 57 with 17690046415782997734726797694373595735504937529363509978431991593427815724842597540455128126564649011535806926145754416911057442720725305 - sampling time: 85.15680575370789
Sampling 58 with 17142155827710766069999727179933986296003451503634718325195681241368166139939593798009352162596163432633302441970532692302657893611089500 - sampling time: 61.783897399902344
Sampling 59 with 5491076735822414027788829268105982405534679872179709645973303659601295790123480142949385747455165610492519203408662363760000819774873104 - sampling time: 67.97875881195068
Sampling 60 with 2180788125514633226833785695009456678473783056870820786444216695069493986454678668504860608883752055581444999040419433592966327545317517 - sampling time: 56.62873125076294
Sampling 61 with 14201008096808695684957239188052245188423384921247703241336525164502462778015762151196567067502576712501297818263135346544588847319342485 - sampling time: 63.82064890861511
Sampling 62 with 4280873856034255070666135989393293212462519063649492170116227507587247051034819519212821231554997272939575346679665432156012038536587985 - sampling time: 58.19516038894653
Sampling 63 with 6867901678967136429610437396386745289957034961783583110037488162912283940215215751201800199231223583627416987485536368645491719423825330 - sampling time: 68.83638644218445
Sampling 64 with 3821354086061780854927504626670100346111007072141978368077658209110206146730484767615261811663761997959206522958268551265085273513862924 - sampling time: 56.445470094680786
Sampling 65 with 17641141806403987468878594959516971794563053484938994765614647031415182468477929125261549849331297615151640614369242307271084563764114657 - sampling time: 62.939735651016235
Sampling 66 with 13416098860497736899034823748551437766638895142976661786935482407945379343285856929684662456262786204258653252188061452390816841338897594 - sampling time: 60.11525201797485
Sampling 67 with 3970644452513680307435072677006145768538660160843238751215645934148944896488802188137054704032381209334836729090900428666381607897437728 - sampling time: 55.990816831588745
Sampling 68 with 8121424374254291902375225495012124463556314969366668053074918198178679729327579257502655077122792003770546391151662275348083559858967957 - sampling time: 56.67145490646362
Sampling 69 with 7155232821010795373721762741268518230252109352704104415509324258549139871339995684193446262172999335705703899609057053244670196573428878 - sampling time: 69.43108892440796
Sampling 70 with 10948007526581219299642993798054978701808528375631739402954139428874386321626107529780274384965503466068970513936057227244089246852423273 - sampling time: 69.91453790664673
Sampling 71 with 9201557319978917047006222602367770415262086611538164658089911020585001388672989840494717679756951087627699438072797826761721521119683147 - sampling time: 70.15125322341919
Sampling 72 with 3041082450464258872143715647917318556955311687923921600958064505481595728015389563493517682365530104138923345629863564469798647113917579 - sampling time: 67.90706872940063
Sampling 73 with 15862834154096478005857899645874764003508800981884408922607570715290942889870806436475409185344929428759358431188624700457836384674888848 - sampling time: 69.0503420829773
Sampling 74 with 9084750409504356963806609158328618215564616455012581481263998396279877464692982326089477144510164601169582478807834504522238938571923025 - sampling time: 66.81703400611877
Sampling 75 with 14104808376361843107223114788686333211515807825322535462098057542894094372790269293099067923767425628167336911709414019929732183984169263 - sampling time: 62.35436773300171
Sampling 76 with 10600027204231649009349503923812944986265248465266189801193507546923262384180732885961013556426877753002495780760265553418540626389132815 - sampling time: 72.13509893417358
Sampling 77 with 4421562827268259876720820296584819099437061164932686165704219057957185922518560231284690226440588989607044866208567349740818478722336344 - sampling time: 62.92494177818298
Sampling 78 with 9414655942461235842346118673234077262151356543006199892735629328500870308906412011264741874620570797401773702552121348654663119287106796 - sampling time: 72.25698757171631
Sampling 79 with 11338958328113257145010574578151631041664847378670147055390003108194995327313187994542492593216098200252935959864972440339925137649077427 - sampling time: 59.005335330963135
Sampling 80 with 7817663596231668084827278655361870253050734058925311090025066692110281849269375906068673871794608187630005955556042190157293408888725594 - sampling time: 70.62086486816406
Sampling 81 with 8823394946741191419775635465252528266710460693550017798542721782804924342888122247615371673362282839615970849288436325642470130695497261 - sampling time: 64.49297976493835
Sampling 82 with 4002667205977880203258417811702676879531959584409941771611585799876641497336541701426705030580821676320060908835542560296096737763174504 - sampling time: 56.86473250389099
Sampling 83 with 2309797609377230545156343243119220930329621944551635296089592966821924858857719277223729817075319332251525822312286940279405047029037800 - sampling time: 58.549365282058716
Sampling 84 with 12469022360346445436242909781343314231860280836248812889559458652894338857801155519130199078323616568807575755387840373620170591916204797 - sampling time: 69.05132484436035
Sampling 85 with 6456598488143963360385233675124161121421253013456656508334219221161198213158658997077512714979110203928241181706166126901896634104506587 - sampling time: 59.82034969329834
Sampling 86 with 13003269882471707120694470497858725590518336275571306419523416281914811932135516282749255110701298176516038197335146359799369977408096425 - sampling time: 71.4801390171051
Sampling 87 with 11962923920141329822159722592408196902387808538652764238758243087268372497033967873519699249482256101859095690435133046413815507099306830 - sampling time: 61.00844383239746
Sampling 88 with 6324505262795885664201707891188067597708222129157958863499577257186659743575852706588733932507002104426207970978613448864249716677117161 - sampling time: 58.42697310447693
Sampling 89 with 774414467132411613792199591785817116728983417246101019059793999927141926107875922968050712577117105754494147964733398374783153748905334 - sampling time: 57.05120325088501
Sampling 90 with 8626481062807990333862382930501224874394332980443168353752449641150966182136211255149739356180660194694022025809840201998518673268321101 - sampling time: 58.76347303390503
Sampling 91 with 2938253440171008148196973269887067567867022453592201867787557842439468564682190061923564711997203488536373182918249643074211170435337901 - sampling time: 65.71741557121277
Sampling 92 with 13220838992727365891468623557822925409613046873633615725772015656107705981339908678982576238335175350534466610811433857685209799116492787 - sampling time: 71.67977690696716
Sampling 93 with 9478994674528868205221452638879410398465729725599568339013237647905575367777596843451336925932800830127362108702400685354686765551574218 - sampling time: 73.0986499786377
Sampling 94 with 12919789780738423073290755012856914159886637902858210810909435271812529802344690683465792017446367987800923099912047835031822903301243619 - sampling time: 71.68753504753113
Sampling 95 with 15049579232905689841730595433875195085293818903515246197258456341280971605983662848594695535277123259148848879524444069704247682616599811 - sampling time: 68.36966466903687
Sampling 96 with 5520886274932458618084046123191217077529887071756724929963166693048377558138153269008160007986947966399918582287191458601985733591671408 - sampling time: 68.27634739875793
Sampling 97 with 7111093505647257030719708858753720189541969482274185862786623785253318976466736340180246635079922870441058277458251967235168598060245042 - sampling time: 68.58320474624634
Sampling 98 with 6440100031225424739685369092397795272193928669333174233319460134237988490265996973542268295262947480917278288643127441973643869400595814 - sampling time: 60.451364040374756
Sampling 99 with 15840199633245017526955794639696477994344547045499301383148057943680405222735533245312543558457155740460374938730375012322656803341486247 - sampling time: 66.41245913505554
Sampling 100 with 13335811767873426909815415353468291241196515372583517472021206101842953911880099283857590774826008927020263942378005440024603534061019226 - sampling time: 75.04506301879883
--- total time: 6423.998462438583 seconds ---
