Input file:  ./FeatureModel/Polly.dimacs
Number of samples:  100
Output directory: ./Samples/smarch_base/smarch
Counting - Total configurations: 40000
Sampling 1 with 1125 - sampling time: 0.3395063877105713
Sampling 2 with 18320 - sampling time: 0.37909507751464844
Sampling 3 with 17522 - sampling time: 0.3392605781555176
Sampling 4 with 36991 - sampling time: 0.49300408363342285
Sampling 5 with 19603 - sampling time: 0.5303230285644531
Sampling 6 with 6087 - sampling time: 0.5200457572937012
Sampling 7 with 20415 - sampling time: 0.4655568599700928
Sampling 8 with 12684 - sampling time: 0.36815595626831055
Sampling 9 with 5217 - sampling time: 0.33270883560180664
Sampling 10 with 25886 - sampling time: 0.3588986396789551
Sampling 11 with 2128 - sampling time: 0.33818936347961426
Sampling 12 with 25275 - sampling time: 0.3526279926300049
Sampling 13 with 15244 - sampling time: 0.33139705657958984
Sampling 14 with 8382 - sampling time: 0.35389065742492676
Sampling 15 with 24535 - sampling time: 0.35134005546569824
Sampling 16 with 17385 - sampling time: 0.37224507331848145
Sampling 17 with 24128 - sampling time: 0.34803295135498047
Sampling 18 with 7264 - sampling time: 0.358717679977417
Sampling 19 with 20927 - sampling time: 0.34076738357543945
Sampling 20 with 24061 - sampling time: 0.33426976203918457
Sampling 21 with 6008 - sampling time: 0.33079075813293457
Sampling 22 with 36435 - sampling time: 0.3736720085144043
Sampling 23 with 39000 - sampling time: 0.42826199531555176
Sampling 24 with 10180 - sampling time: 0.36160731315612793
Sampling 25 with 8695 - sampling time: 0.3822638988494873
Sampling 26 with 8116 - sampling time: 0.3581116199493408
Sampling 27 with 14473 - sampling time: 0.3843047618865967
Sampling 28 with 35697 - sampling time: 0.42377805709838867
Sampling 29 with 37900 - sampling time: 0.41709208488464355
Sampling 30 with 6739 - sampling time: 0.36229515075683594
Sampling 31 with 16025 - sampling time: 0.3221156597137451
Sampling 32 with 13760 - sampling time: 0.37372851371765137
Sampling 33 with 32699 - sampling time: 0.37538576126098633
Sampling 34 with 14665 - sampling time: 0.3636307716369629
Sampling 35 with 21610 - sampling time: 0.3395237922668457
Sampling 36 with 35700 - sampling time: 0.39171409606933594
Sampling 37 with 7777 - sampling time: 0.3543367385864258
Sampling 38 with 28847 - sampling time: 0.3639028072357178
Sampling 39 with 28518 - sampling time: 0.3456745147705078
Sampling 40 with 8013 - sampling time: 0.3204166889190674
Sampling 41 with 23399 - sampling time: 0.3855171203613281
Sampling 42 with 11200 - sampling time: 0.3721020221710205
Sampling 43 with 17620 - sampling time: 0.3482224941253662
Sampling 44 with 6180 - sampling time: 0.36533570289611816
Sampling 45 with 14904 - sampling time: 0.36055541038513184
Sampling 46 with 28540 - sampling time: 0.3620631694793701
Sampling 47 with 34444 - sampling time: 0.37784600257873535
Sampling 48 with 22055 - sampling time: 0.3689439296722412
Sampling 49 with 16531 - sampling time: 0.34395408630371094
Sampling 50 with 30659 - sampling time: 0.37422966957092285
Sampling 51 with 11048 - sampling time: 0.34375667572021484
Sampling 52 with 24677 - sampling time: 0.3992917537689209
Sampling 53 with 3986 - sampling time: 0.40188097953796387
Sampling 54 with 21149 - sampling time: 0.3581056594848633
Sampling 55 with 38418 - sampling time: 0.3805081844329834
Sampling 56 with 8333 - sampling time: 0.35041022300720215
Sampling 57 with 38489 - sampling time: 0.384552001953125
Sampling 58 with 26522 - sampling time: 0.3331339359283447
Sampling 59 with 8856 - sampling time: 0.40321803092956543
Sampling 60 with 1942 - sampling time: 0.35408687591552734
Sampling 61 with 2887 - sampling time: 0.3533294200897217
Sampling 62 with 1506 - sampling time: 0.3266434669494629
Sampling 63 with 19274 - sampling time: 0.4176638126373291
Sampling 64 with 20979 - sampling time: 0.37958502769470215
Sampling 65 with 4626 - sampling time: 0.36949801445007324
Sampling 66 with 14182 - sampling time: 0.3591306209564209
Sampling 67 with 6053 - sampling time: 0.3366267681121826
Sampling 68 with 9929 - sampling time: 0.3721485137939453
Sampling 69 with 21570 - sampling time: 0.350661039352417
Sampling 70 with 3135 - sampling time: 0.33586859703063965
Sampling 71 with 31461 - sampling time: 0.374330997467041
Sampling 72 with 23962 - sampling time: 0.37682247161865234
Sampling 73 with 36705 - sampling time: 0.3701603412628174
Sampling 74 with 35265 - sampling time: 0.3529391288757324
Sampling 75 with 11637 - sampling time: 0.3536834716796875
Sampling 76 with 7549 - sampling time: 0.32559967041015625
Sampling 77 with 1492 - sampling time: 0.394317626953125
Sampling 78 with 36562 - sampling time: 0.3574080467224121
Sampling 79 with 6536 - sampling time: 0.35924792289733887
Sampling 80 with 30388 - sampling time: 0.36318230628967285
Sampling 81 with 30329 - sampling time: 0.34424281120300293
Sampling 82 with 16046 - sampling time: 0.34146642684936523
Sampling 83 with 10033 - sampling time: 0.3193526268005371
Sampling 84 with 21591 - sampling time: 0.3621058464050293
Sampling 85 with 27592 - sampling time: 0.3663749694824219
Sampling 86 with 16405 - sampling time: 0.34355735778808594
Sampling 87 with 8683 - sampling time: 0.35312700271606445
Sampling 88 with 19745 - sampling time: 0.3659799098968506
Sampling 89 with 9281 - sampling time: 0.35750389099121094
Sampling 90 with 33950 - sampling time: 0.38436460494995117
Sampling 91 with 4138 - sampling time: 0.3578219413757324
Sampling 92 with 19736 - sampling time: 0.3997926712036133
Sampling 93 with 32914 - sampling time: 0.3593621253967285
Sampling 94 with 8403 - sampling time: 0.36209821701049805
Sampling 95 with 26464 - sampling time: 0.37987589836120605
Sampling 96 with 26246 - sampling time: 0.35573768615722656
Sampling 97 with 18634 - sampling time: 0.3659951686859131
Sampling 98 with 35405 - sampling time: 0.34294819831848145
Sampling 99 with 32654 - sampling time: 0.36782026290893555
Sampling 100 with 26734 - sampling time: 0.3638274669647217
--- total time: 36.78143382072449 seconds ---
