Input file:  ./FeatureModel/ref4955.dimacs
Number of samples:  100
Output directory: ./Samples/smarch_base/smarch
Counting - Total configurations: 8203198042416968764079367091185189410943931043684647241651574451763954390208350344320638479971108519696005910647887522258800
Sampling 1 with 2150725478841923557219724439934971828795123708324477094914162434344147659524065584887320156190586493445478111981949853426029 - sampling time: 40.962613344192505
Sampling 2 with 5613725389498351107576563798444056405525414299169462689804864817396665321459271849290196522625648381883899067947691627319874 - sampling time: 43.92826700210571
Sampling 3 with 5389677435144924911405874728167337431834706399846436628004767372900464381448162625898026105179530645045926803990366360144459 - sampling time: 41.43683624267578
Sampling 4 with 6759284523968978245477705440002000724538206380878856570619971294166131793680433811111539394117382332211895790008021851962075 - sampling time: 42.91814064979553
Sampling 5 with 4613467582607752617442901406558554749562951354640180558017923634421477400604279912491269017045737538371541890379568603903953 - sampling time: 42.90893006324768
Sampling 6 with 3616788087554778053241113056655335368596172618385261082908777692129275905781836726064516563107299640731309596839500698575446 - sampling time: 45.760883808135986
Sampling 7 with 3805360174887306893091475477407041285655247820039247800274411329136283678597859299108609947140002865520647779579283573738082 - sampling time: 43.50020098686218
Sampling 8 with 7380884362977581846926591283865048915830156872312536189077595167129134310413192634490138074704855788396288897514355840473116 - sampling time: 45.12044715881348
Sampling 9 with 2805231358003081759625655534592663468420904771614709737338078584602733336494529586946785786645358140078584475936865405019294 - sampling time: 43.93392539024353
Sampling 10 with 6661295506452547044495314044485708650938334292097746032131155735745703084467182605715295085230035785596976811634576957856644 - sampling time: 44.78562140464783
Sampling 11 with 6884676092517737258937687026129208843326181941376739745599816028691577945228366541926243215528854383883392421063744073571982 - sampling time: 42.95064377784729
Sampling 12 with 4864601200765731269543013904111626307916179782626964407519949335788825224394127583495852953586421719696677851750505790410436 - sampling time: 45.269710540771484
Sampling 13 with 7573066512211558256385438680018092175617203214988533647528818537650867114650316607262500073994031764639195413813122316969346 - sampling time: 44.21679663658142
Sampling 14 with 8131324810486330361722253994364254127055431981598923603244996068979283521992108421586902476182634541121792239518090946982478 - sampling time: 43.88181948661804
Sampling 15 with 7166786676131468327115948433917718627686551156542603494680186940842361344145327011967595685837417420368880488796799070250766 - sampling time: 45.33552408218384
Sampling 16 with 6965442002378412259006148579684326820364081639509049486229498832086926511810954298701262099082634757858040103420143766081361 - sampling time: 45.53735041618347
Sampling 17 with 1326490983785704755094082484183718722066014877854186463906249251396052328497337410122076780404572347697417005130241922446010 - sampling time: 41.43691372871399
Sampling 18 with 6029868311705682258993787333060989631040205061711520312270331921096997633579537313722095410271678746773237081824988253346946 - sampling time: 43.186004877090454
Sampling 19 with 3328179527400112046301261706928241130900974287423351022609783285792696491236434268299526789081034086776175770357544608458733 - sampling time: 42.723602056503296
Sampling 20 with 4797524597323485225239503454012863515697718618415012162913381766425576964118867098957513299976479843640565402839079960504261 - sampling time: 44.51712775230408
Sampling 21 with 1552855395302138658473915773563180300450648205727095494779252328871428904872139338245470858794896456738624958768202323132751 - sampling time: 42.27078056335449
Sampling 22 with 3820464532852419785206120167094702825433035576234570161673669990012253871279721525738661345961482428698520705547539804655685 - sampling time: 42.74224400520325
Sampling 23 with 6700338221064156241363179311462488160347823814720022825708874144261875881418264213247633792900720807910772991382930191593362 - sampling time: 45.16994595527649
Sampling 24 with 2073166192339826816544149935499656348807729288071109044774046444669693775136525624259745931629415856533375002397644386599722 - sampling time: 41.16175961494446
Sampling 25 with 7895972189061985317878743404062089282814859834220630164413563320322961910847490611926072384984264749703844979400744036091353 - sampling time: 45.640066146850586
Sampling 26 with 7309585895862967245832119070283607643894899731420189639747329899956217578835153886530731813092556473393431141464371449688829 - sampling time: 42.368354082107544
Sampling 27 with 1728977534175419897190990233258905303288673855431372645794946745494021519587456380236355621513617643579804924832758548433857 - sampling time: 44.20516777038574
Sampling 28 with 5108656257004596113779262814926732141394948671035845763684547032247707608898012816664597489687513009036033315178492683354928 - sampling time: 43.890602827072144
Sampling 29 with 556903596679215569815196551301759152160426689385565624709361166882244571035525546485766792496666462806929694042216664424988 - sampling time: 41.39609694480896
Sampling 30 with 4820515587959736712698920656217809128083503990334862869730112860149906460751726296669525898564133956556699934095773693363177 - sampling time: 45.18143129348755
Sampling 31 with 4452518090071184036747835689102908891086424389363841373119582932982346946281716266513263742555793547410113018028048144598929 - sampling time: 44.603858947753906
Sampling 32 with 4681755674494555227378351387610219831854517953962240714315299247401717435847354971911245423180697364975297719223034496410638 - sampling time: 42.38141441345215
Sampling 33 with 2625215023735237278349747750814211268257537880906280706023834299945443952841481814391780092532200192924817083951154631975183 - sampling time: 43.568931341171265
Sampling 34 with 3097695558111670407324082705537670893849380648719176468943332014718911865663493409040931704407911616345336899742375845046546 - sampling time: 44.471362590789795
Sampling 35 with 1411267466736031071754868364220934151232361108883222948831354693646069647095567682798781923540497148270412722633024090738775 - sampling time: 40.729408740997314
Sampling 36 with 1302231519558306308523515156842943594396771636939431943500857092035855471930766012685726806616652779414038939422246691009697 - sampling time: 41.353630781173706
Sampling 37 with 551885182797054392511309413868329998522235238610470591707935796783712137020093633689035117349066367681964887397022183020484 - sampling time: 40.9884717464447
Sampling 38 with 5855417184873318311926814320194995592608277170784515336946009587500427888823636715152824834038347125965895436211069801799280 - sampling time: 43.58061599731445
Sampling 39 with 6032699869595966552040857567534159585296082949819132055858032541442922132319138456761778844792801510552601545388169628615551 - sampling time: 43.740898847579956
Sampling 40 with 1136518223830677497556076528181219044723244657094608713251592700149869054498300793563820519060378730274573766124388514509815 - sampling time: 44.25049185752869
Sampling 41 with 875204971990131748391829551902915379327776470119395400157076463060055298371982454318425784009861127877639148961066375515934 - sampling time: 44.23273253440857
Sampling 42 with 4363508778733199420282748356895653534929928344011146298234988556724251680031029402344999370506383054786714990682238249366396 - sampling time: 44.09698224067688
Sampling 43 with 4785372058653274533272710756203573133272140636190937053317314932504898866976057428972823377836184916115470917681332544899095 - sampling time: 44.11200928688049
Sampling 44 with 2352111963744131955546466044274556548254774015104990053207102300770924606859070502702120802138906062818153912138010912793031 - sampling time: 41.81615090370178
Sampling 45 with 6952903768992824969020637954473682847705539255081016398457328309975010541107087547790447048443405737681889318786672432727307 - sampling time: 44.61841320991516
Sampling 46 with 789735420990854498185025414463494466022638911307896066409957430176307504735510460946927695434145786141674094544521640784807 - sampling time: 43.149335861206055
Sampling 47 with 3636315777752294815490945859295029149657439857681601653770494599234402567240991089882665910443104764496078273323927582835677 - sampling time: 45.52328133583069
Sampling 48 with 5233404220286552798879416483114126826625317088513203766575266575272427285008674714356693797059033888745444564535319731212950 - sampling time: 42.239641427993774
Sampling 49 with 482404481054916405003805892848153740595175099323683556577326384452034935264200785853166265959020968759337334841902878531141 - sampling time: 41.24314332008362
Sampling 50 with 4559640209095293441231781609842356033538063146442297556793516964704662383809182817874505756005266254696094287339310961641773 - sampling time: 44.956772327423096
Sampling 51 with 5618352822252798655865566519951573570262441777425924606180800067206263593278207976202598211845822991469625036449397932625915 - sampling time: 42.80822396278381
Sampling 52 with 4940374931568606613882368419874302875931460728134650804244267902896964667045059170143276565755306451723094030152043961173383 - sampling time: 44.381773948669434
Sampling 53 with 1590336123818619492351417047135098963748138965450181307579238821851942959250376119712208297355244506539751259258298006069864 - sampling time: 42.87484049797058
Sampling 54 with 5526040118303571221520380083174431368409513074062285192554362950145347254515628715156871635409288889143383649971751002349729 - sampling time: 41.96685862541199
Sampling 55 with 1369037709825946592930981254522060632896285139991662346248336520825350638634908396886555822212431738313876557638833616780536 - sampling time: 40.13011336326599
Sampling 56 with 3733772829900589490048935976057290762128268744513623755230645765237425018497074333979715643929554502787871951611001507407013 - sampling time: 40.0298113822937
Sampling 57 with 2435873630374158710333926062783005197201476554833631683336202506337489241167381256688700921346870504249942508202142545980898 - sampling time: 42.2199387550354
Sampling 58 with 5253206013276283172154228222624597077111156210662190272726841121829468139056586986272829789141858142281116585935052293089036 - sampling time: 42.19329762458801
Sampling 59 with 4828258091495739829626513208503538179361456583328020839804270526586147947147260103372993317974031397416458208897597007401077 - sampling time: 44.52641439437866
Sampling 60 with 7140981962226218154010808689336485005317065792133660397698828610653222847544946946023596533012761776588461844376803269768267 - sampling time: 45.58731412887573
Sampling 61 with 5609546573415243623366857965140830393146801447299225980835356512758635360108274259379670147205170782363507798432047062810133 - sampling time: 45.044129848480225
Sampling 62 with 1725355222049226960970185756342828347110597621440765762330417863684135142769144386437878442044455070119886767169202084762473 - sampling time: 44.17611527442932
Sampling 63 with 1606397644320715229688118074682958888175623329301001707284674535930264582960633595527015083095034013998520522974923017925896 - sampling time: 43.884130001068115
Sampling 64 with 493180804904448995284335287532108549642678903443205884678144388547419061345539480569788492222893886720970121678100131009504 - sampling time: 41.187849283218384
Sampling 65 with 5567533790276054922099519235315763233192315852895882201890542336398975379702323105999083082171312984505597999890147283533071 - sampling time: 44.39397478103638
Sampling 66 with 3517715988037869953430331111134895442562586283560688006319575956505404956145857905140669002671043447464720181682113577382066 - sampling time: 43.64368772506714
Sampling 67 with 2445377889855642397264038818492327783191872258808530026884642097298839662048871250168548501927124810770925654327642543129729 - sampling time: 42.10811114311218
Sampling 68 with 4384671066876207353308841678197690234225554531716287177037311950686138632317098634845205448824254402034678588910741170225723 - sampling time: 43.45395278930664
Sampling 69 with 4312887273274925110725208215324757729107923144903010076868225426269307591794483380981931791865410271896081635441513744049771 - sampling time: 43.56372547149658
Sampling 70 with 8112621939014503089669182295280730313711499812488961479811806389024296469395884719162510464339173087285724092367126064657189 - sampling time: 44.03715991973877
Sampling 71 with 4065565615659844468211215514547455854986230322912794164813595935186165985926336070247384876605099601226842370249486091288687 - sampling time: 42.0557587146759
Sampling 72 with 5296672944571591742600264860422736074378662180309929802895990185043287177402327888459297248825371893641790772851193990224942 - sampling time: 43.7324333190918
Sampling 73 with 968545810853146488820318359898319303518990045558864626385950117435446601611186471224663445960989964593347822121942980860668 - sampling time: 43.91134762763977
Sampling 74 with 3686808179795666167363363380520094615635393079614582632605504572817647932556523617931492478224568652606386419578517701897339 - sampling time: 42.35661339759827
Sampling 75 with 5112805120003164932116687677016095873140694747177954973852922069962448631402380074316852706499727944291718042762578555610727 - sampling time: 43.5299334526062
Sampling 76 with 256840483136538991915934965842996842246638572083675492533548086077560145553891581002623589786837413429558677549294614012719 - sampling time: 40.31864619255066
Sampling 77 with 3338800179176683616311403425368420123891117750878603107676589304489466918176438740110101556695196486148206780590155413484675 - sampling time: 43.23117423057556
Sampling 78 with 419071478397070954850463419865269000768338769477595858076251666294656390104319262148738671557984849232366433288280188565867 - sampling time: 40.459306716918945
Sampling 79 with 167048415797208960031786775770179908838634294940116292440276798676863838582335245984390454181821198038011258986303589333835 - sampling time: 40.39850926399231
Sampling 80 with 1660949405968577078757230196928289421222280363872035474679652698385998097272735783845027078734627662500509078265382294176792 - sampling time: 41.8487491607666
Sampling 81 with 2055717130235731022222675881167439441467544073076391407228159539658537476795430427135650267023774159354815951630722385131752 - sampling time: 41.60262656211853
Sampling 82 with 4348505333320658048493927154915613831193026304368273552786042077052337957456234082642750272785498440741245457540503656030022 - sampling time: 43.880581855773926
Sampling 83 with 1256515436415665060867668099435985434966462583283618063902817240847102689246689389572962175542727648727093588580729267074247 - sampling time: 44.960392475128174
Sampling 84 with 8142480134012623492777212950940912649272795635221641167512211355868341112862956038428469195244817210209660869002430638921259 - sampling time: 46.38101577758789
Sampling 85 with 4351519468297594335678657845006600225165579918522084971691607190768734375629308790319492043531620118019266696053655266125798 - sampling time: 44.114473819732666
Sampling 86 with 5683936953429317967218331807038312938275726898362358412972006408902636807147847532883176873907325344382147794881735538707828 - sampling time: 42.239837884902954
Sampling 87 with 5974428948894885448911978776593141075662169243446295842791425233975188857695367591739104347146683441457754560699203320648595 - sampling time: 42.97847843170166
Sampling 88 with 5318971278811076779043482097860524811217937531999494121865717064803448259306726362093608657933199690398277178986145902561447 - sampling time: 43.66096782684326
Sampling 89 with 2156667440264835746759025028490754266687278002648192714743342712359971089183961883477784677614399715370107383186272076125248 - sampling time: 41.966336727142334
Sampling 90 with 1697916824967811450569380671699672813326813058708744358154728743637080944238459456703345783904200568935449182566399162434218 - sampling time: 42.25030970573425
Sampling 91 with 4426082077554988814565191222564144045199498000189190738803456845878810738373561584404575667116795525603190785106139365865105 - sampling time: 43.70166349411011
Sampling 92 with 4831450917227989215470459536684977395989246384914360354793893445323311620000398893721947548422165800194511271018083200294865 - sampling time: 44.85909938812256
Sampling 93 with 1227676662178902503665192699952388534462859191751887390652371393810310203509877758165390593809905301399306510208822145379214 - sampling time: 44.34638786315918
Sampling 94 with 341954659516230235861384686884155904996551974569645272391196400108075945783976519550456014288236996595180607846061349622653 - sampling time: 41.08672857284546
Sampling 95 with 462588541440055825287989406975178469702243920299563322440352807509688254941257893873209426950971847574517736806773129398107 - sampling time: 41.28729438781738
Sampling 96 with 4782785666686286980112682690196782958192487464783923006490079614443866124462566459570356744547003107407592298634647816266660 - sampling time: 45.063034534454346
Sampling 97 with 3772829396384073052789427726413498328798255145223909795944319831696053829049757617346139291833933033825213519041515411544658 - sampling time: 43.21488690376282
Sampling 98 with 8066554358629965608776394408791270243442187399193680107851373911013371191785010273596194476544974870483635224899908979681665 - sampling time: 45.08853721618652
Sampling 99 with 3900812194737563101332114656352896907879739673166049808940654750194183157872366220906057163410809732625765359416158321201044 - sampling time: 44.235148191452026
Sampling 100 with 6184297870476859138830636048436061369121680112076940551238853322879277211867057908731922488639208206070254749359668228825924 - sampling time: 43.83531308174133
--- total time: 4331.282907247543 seconds ---
