Input file:  ./FeatureModel/toybox.dimacs
Number of samples:  100
Output directory: ./Samples/smarch_base/smarch
Counting - Total configurations: 144991790900969472
Sampling 1 with 39612946219825050 - sampling time: 7.6865785121917725
Sampling 2 with 128893234387444645 - sampling time: 7.628572463989258
Sampling 3 with 101650474942945168 - sampling time: 7.694180011749268
Sampling 4 with 8765101964831041 - sampling time: 7.551146745681763
Sampling 5 with 123897238470059123 - sampling time: 7.594603061676025
Sampling 6 with 116769397165762022 - sampling time: 7.768178462982178
Sampling 7 with 23443741254037802 - sampling time: 7.751115560531616
Sampling 8 with 59540720305129411 - sampling time: 7.751447916030884
Sampling 9 with 80199426180676088 - sampling time: 7.564460515975952
Sampling 10 with 21477195981536872 - sampling time: 7.672554969787598
Sampling 11 with 44799204169795486 - sampling time: 7.823629379272461
Sampling 12 with 20994233576211251 - sampling time: 7.4981958866119385
Sampling 13 with 121772378689939701 - sampling time: 7.7561750411987305
Sampling 14 with 108636917512898547 - sampling time: 8.131055116653442
Sampling 15 with 129958285192088085 - sampling time: 7.526312351226807
Sampling 16 with 111993945812165838 - sampling time: 7.7269370555877686
Sampling 17 with 88132942284477899 - sampling time: 7.577542066574097
Sampling 18 with 37348894968210249 - sampling time: 7.537008047103882
Sampling 19 with 63642797395804197 - sampling time: 7.430647850036621
Sampling 20 with 34436148019125000 - sampling time: 7.563759088516235
Sampling 21 with 120970853611297222 - sampling time: 7.543930292129517
Sampling 22 with 70434766606233716 - sampling time: 7.534541368484497
Sampling 23 with 128044173577614075 - sampling time: 7.542753458023071
Sampling 24 with 85204131655310834 - sampling time: 7.594868421554565
Sampling 25 with 20313052071307461 - sampling time: 7.477675199508667
Sampling 26 with 128399108968837510 - sampling time: 7.458104372024536
Sampling 27 with 141544435797409638 - sampling time: 7.611250877380371
Sampling 28 with 77345642506334153 - sampling time: 7.512195587158203
Sampling 29 with 50385131598272260 - sampling time: 7.522500038146973
Sampling 30 with 7775090399620106 - sampling time: 7.79052209854126
Sampling 31 with 34976464431515563 - sampling time: 7.535834312438965
Sampling 32 with 89063807277428567 - sampling time: 7.568596839904785
Sampling 33 with 55700019865694927 - sampling time: 7.5278191566467285
Sampling 34 with 49895015633566040 - sampling time: 7.868920803070068
Sampling 35 with 7028667126439625 - sampling time: 7.614556074142456
Sampling 36 with 20305518017460810 - sampling time: 7.513017892837524
Sampling 37 with 40813677559868379 - sampling time: 7.674654006958008
Sampling 38 with 136339728427922315 - sampling time: 7.630792617797852
Sampling 39 with 68145077378031620 - sampling time: 7.606968879699707
Sampling 40 with 3704425381533628 - sampling time: 7.564635992050171
Sampling 41 with 88907918805291173 - sampling time: 7.461572170257568
Sampling 42 with 124700143432487508 - sampling time: 7.570318937301636
Sampling 43 with 109829718439245091 - sampling time: 7.570822477340698
Sampling 44 with 13579500655919038 - sampling time: 7.581841468811035
Sampling 45 with 37308095657240096 - sampling time: 7.593836307525635
Sampling 46 with 134256819830274940 - sampling time: 7.773602724075317
Sampling 47 with 105934352947578260 - sampling time: 7.490751028060913
Sampling 48 with 103197598143700171 - sampling time: 7.5658440589904785
Sampling 49 with 136953469155783561 - sampling time: 7.487995862960815
Sampling 50 with 82795290342408061 - sampling time: 7.539066791534424
Sampling 51 with 126789427116907569 - sampling time: 7.608001947402954
Sampling 52 with 17687178298689001 - sampling time: 7.458583116531372
Sampling 53 with 131292614026045249 - sampling time: 7.525667190551758
Sampling 54 with 126316642334526481 - sampling time: 7.43388557434082
Sampling 55 with 140608964848353284 - sampling time: 7.46269965171814
Sampling 56 with 15950904490180193 - sampling time: 7.894291162490845
Sampling 57 with 18327723802883214 - sampling time: 7.575104713439941
Sampling 58 with 56642517719600866 - sampling time: 7.730091094970703
Sampling 59 with 129420079440772934 - sampling time: 7.9599769115448
Sampling 60 with 51789174827411119 - sampling time: 7.89016318321228
Sampling 61 with 44264714561776511 - sampling time: 7.6914591789245605
Sampling 62 with 121323725504156468 - sampling time: 7.7545554637908936
Sampling 63 with 91813859364759003 - sampling time: 7.71729040145874
Sampling 64 with 24250562989190877 - sampling time: 8.057847499847412
Sampling 65 with 13760260798373382 - sampling time: 7.5590105056762695
Sampling 66 with 60788328902251274 - sampling time: 7.7100372314453125
Sampling 67 with 86927965289708032 - sampling time: 7.60786771774292
Sampling 68 with 55509666636433562 - sampling time: 7.6498425006866455
Sampling 69 with 130805892269719727 - sampling time: 7.533956527709961
Sampling 70 with 38413388157935383 - sampling time: 7.596137046813965
Sampling 71 with 125367557655005157 - sampling time: 7.669548988342285
Sampling 72 with 34289673309902217 - sampling time: 7.526461362838745
Sampling 73 with 19266738525731699 - sampling time: 7.841207265853882
Sampling 74 with 28250258674304856 - sampling time: 7.639119863510132
Sampling 75 with 65787701158925385 - sampling time: 7.861263275146484
Sampling 76 with 80211523040490101 - sampling time: 7.528191566467285
Sampling 77 with 126981480061857608 - sampling time: 7.753018140792847
Sampling 78 with 37809456747261746 - sampling time: 7.684870958328247
Sampling 79 with 33962284894722922 - sampling time: 7.571500301361084
Sampling 80 with 15658451618750277 - sampling time: 7.836781024932861
Sampling 81 with 116110172806034101 - sampling time: 7.5920844078063965
Sampling 82 with 86360967673590239 - sampling time: 7.616299390792847
Sampling 83 with 73939461728423702 - sampling time: 7.6159987449646
Sampling 84 with 1977745177633865 - sampling time: 7.596134424209595
Sampling 85 with 92025758069520192 - sampling time: 7.578730821609497
Sampling 86 with 125776444060739327 - sampling time: 7.637928009033203
Sampling 87 with 19453431726104654 - sampling time: 7.510505437850952
Sampling 88 with 83614319619124106 - sampling time: 7.410036563873291
Sampling 89 with 44411755718336945 - sampling time: 7.552186489105225
Sampling 90 with 105541789703584536 - sampling time: 7.7149434089660645
Sampling 91 with 53939030606572583 - sampling time: 7.683096170425415
Sampling 92 with 81397097674374649 - sampling time: 7.651878118515015
Sampling 93 with 45453174380097806 - sampling time: 7.611910820007324
Sampling 94 with 12629586556337747 - sampling time: 7.519897937774658
Sampling 95 with 141174682657838720 - sampling time: 7.514002323150635
Sampling 96 with 82260442088481971 - sampling time: 7.430401086807251
Sampling 97 with 54565050120891976 - sampling time: 7.635702610015869
Sampling 98 with 55282541735641926 - sampling time: 7.8486104011535645
Sampling 99 with 84444964011191579 - sampling time: 7.453470230102539
Sampling 100 with 71386109507222342 - sampling time: 7.630264043807983
--- total time: 762.7090604305267 seconds ---

real	12m42.776s
user	9m56.871s
sys	2m58.714s
