Input file:  ./FeatureModel/toybox_0_7_5.dimacs
Number of samples:  100
Output directory: ./Samples/smarch_base/smarch
Counting - Total configurations: 1438154000067851697694861014562526781510945521420563032741121595814326731127390208
Sampling 1 with 16170758383555594881658629123013118736517266358778279730865180903618355957497477 - sampling time: 3.726043462753296
Sampling 2 with 226546687312454362053582948514351410972619228690295999887393827221243083076160491 - sampling time: 3.7135889530181885
Sampling 3 with 483131158682982202043773520502967951536010974223460044297556817658091941023044875 - sampling time: 3.4284744262695312
Sampling 4 with 967527905498799908123687414862608774235905899028068313024899337548586407874690108 - sampling time: 3.4579074382781982
Sampling 5 with 558549631908908644997480587230751537967505822681445043866003008276498721060953 - sampling time: 3.8654987812042236
Sampling 6 with 740760002513298147549576655862548036407860735030049211106584767851118758111950871 - sampling time: 3.4092767238616943
Sampling 7 with 115155725089874917155895672844048842995327605513558510171571105088603144238502067 - sampling time: 3.448230028152466
Sampling 8 with 756540116925306933368135681933509116439881669487263818628416873017054612418661536 - sampling time: 3.521200180053711
Sampling 9 with 990880570547402443566611819666852752841179068906982224971947225764518543599267120 - sampling time: 3.4942572116851807
Sampling 10 with 912124513309646116372827421034694801785504600592823199145701518116836672669235205 - sampling time: 3.3977205753326416
Sampling 11 with 289422271470842307042462911502466519392211306444946150775733379319388882840383243 - sampling time: 3.3360435962677
Sampling 12 with 703489788907972452901569374409185038179360082505716890659870067067645128247618017 - sampling time: 3.5837159156799316
Sampling 13 with 757666858106265839557126792196386780897029244964850095542809684987953672589800825 - sampling time: 3.543466091156006
Sampling 14 with 486965422800716782355191090403700021206252899399146115571927188827940567289884500 - sampling time: 3.3728322982788086
Sampling 15 with 1421715089034815603258196048843805296234455824850091182130331702425601655285743076 - sampling time: 3.582026481628418
Sampling 16 with 89714352048623295387869957683176868752574395465299457173706921869077190762087447 - sampling time: 3.4985430240631104
Sampling 17 with 1034026240843703456033835581254767398123118746681976440386901162088687103536647711 - sampling time: 3.59417986869812
Sampling 18 with 1261950238913726495457933921618847394794576688101571721442597232294324500557949185 - sampling time: 3.3321192264556885
Sampling 19 with 956461803473979819955184671969703380727886827310187018428312452222478407991144760 - sampling time: 3.442253589630127
Sampling 20 with 720380388747170159261687257564138154928804306891654345029420443635985723441647373 - sampling time: 3.330986976623535
Sampling 21 with 1156648525256046934943817886262122993509539951285493752083549939024575693445561583 - sampling time: 3.725878953933716
Sampling 22 with 119590785818567169342377636066276122843233312089119389517705478438969327166704674 - sampling time: 3.3210649490356445
Sampling 23 with 355640908608512933009218021548549891982361566013023650181117005595570533142838679 - sampling time: 3.4635932445526123
Sampling 24 with 1363387690177514949324650952413463566620804751026189548099346326156384712032788595 - sampling time: 3.4270997047424316
Sampling 25 with 1314880807468858245212705903037705881478114899489517015911245574800972254474284601 - sampling time: 3.4300434589385986
Sampling 26 with 503470305879810039317968788800062881908837863129891045683677789610257998634583203 - sampling time: 3.2366943359375
Sampling 27 with 201444764432353173792720485772933777998337805045654765281614900199362660270034324 - sampling time: 3.5042808055877686
Sampling 28 with 63508503785975019308843186124158139714165021639193031011960866177152540085812368 - sampling time: 3.3676984310150146
Sampling 29 with 319705076560642257257008824242025643168399476771443062788415956083118082553013617 - sampling time: 3.5426535606384277
Sampling 30 with 1079698620454428099745007819456543570432102040484814810480549284324129700435070781 - sampling time: 3.3604321479797363
Sampling 31 with 607932263229324108711501100039399153740303940926806520872116331729411555487476771 - sampling time: 3.486339807510376
Sampling 32 with 1411222596909428816739883438551020041863787032188291698841152265763384662256770443 - sampling time: 3.6880650520324707
Sampling 33 with 1400263699312647862901587863279414575262847887667891906740630687136774413776059226 - sampling time: 3.6763737201690674
Sampling 34 with 1249084476532417202372930647116877175985624433004844306064784793233280666884212374 - sampling time: 3.48077392578125
Sampling 35 with 840604654737317937448511097864013638749707961965625442765221534346854140686907875 - sampling time: 3.3366787433624268
Sampling 36 with 605889867353435376412894114763666288306253329420692444331955524091849286604447740 - sampling time: 3.7392578125
Sampling 37 with 1217464964988326198792214405076980739656124903738308324283298973979743123139886811 - sampling time: 3.4626872539520264
Sampling 38 with 1082705282524183567510706759224919910956804912887944889254406352647596286856098313 - sampling time: 3.561819553375244
Sampling 39 with 957151052803302790647812079344277406112462599953823546344517936158004561477459790 - sampling time: 3.6395938396453857
Sampling 40 with 810783621455820125555238874779178213211241153462855898390621594855877808836234710 - sampling time: 3.9280619621276855
Sampling 41 with 745098769437442361407100070374012135550802691941032568100499536202158740762789680 - sampling time: 3.3585050106048584
Sampling 42 with 93054883464230082050802055658545844725937763170587172081241875935581469648115139 - sampling time: 3.365210771560669
Sampling 43 with 1211469677537059936284777562949145455234788823380434984101649376829801452257773756 - sampling time: 3.433892011642456
Sampling 44 with 1010163935198371560453531916481653537669714708227410184144100888288007626812913482 - sampling time: 3.6453375816345215
Sampling 45 with 782262815038326250869585500044970640757601789528288163610081521263634792959836609 - sampling time: 3.613252639770508
Sampling 46 with 1425465688507501907192472268705398761476112146068615644029002557146017985928598266 - sampling time: 3.804011106491089
Sampling 47 with 768308030327407231189519119922901484825972197179818745259480408050703437268098383 - sampling time: 3.455808639526367
Sampling 48 with 523538504471735025308692883527204313866956151915988680124700540142197172192215160 - sampling time: 3.2509191036224365
Sampling 49 with 432141935327654841626010796243287015885773417487070441807653177422739322307706183 - sampling time: 3.8788981437683105
Sampling 50 with 1172705844058485929679930595826783703946375730516176324553689301989184242871271310 - sampling time: 3.399108409881592
Sampling 51 with 76134033607704935846820968216506407272237683583393583069122706581425816843982378 - sampling time: 3.4083056449890137
Sampling 52 with 382506033671048299665747193108123369090730078410213604717855748889398442059630999 - sampling time: 3.263808012008667
Sampling 53 with 262604237475186082144679874425944124856010140729248854816783790037789054067080231 - sampling time: 3.496112108230591
Sampling 54 with 148817257137606787605721374312437504569119377276137250860301463797505026412099977 - sampling time: 3.2786102294921875
Sampling 55 with 709543804430201392398089686925508958300490227354629711067906636291400680997985089 - sampling time: 3.3618698120117188
Sampling 56 with 766548280534122413958682953309802031305252257266712129163272633598119742786726578 - sampling time: 3.516611099243164
Sampling 57 with 1302845490449584069028040436281046630941456615520444102313247783015011527913256846 - sampling time: 3.501868963241577
Sampling 58 with 831318949143464835312914834639273871004861028206863263268004733653970268653811968 - sampling time: 3.4498417377471924
Sampling 59 with 699189770521943315932282670614377451838994980946380579832875289327575153741974296 - sampling time: 3.492682456970215
Sampling 60 with 123624792085578341394413305843850053056431137872828713098541103368680227431890569 - sampling time: 3.4707376956939697
Sampling 61 with 408971308769048750603975174644617823165440133260731257992549917109581431088240931 - sampling time: 3.4619314670562744
Sampling 62 with 632430366761340923534540371656946128346043512599679755067649831632831612035345810 - sampling time: 3.4887595176696777
Sampling 63 with 170692503118385378176777965297553166173567239434696579888139910146603466943809918 - sampling time: 3.449986457824707
Sampling 64 with 472016503946834856746830480128885926871004880455610016592556249054714114765779950 - sampling time: 3.510986089706421
Sampling 65 with 681700244082413728996297326723163356050574121932383510195010180397538649326273864 - sampling time: 3.3881163597106934
Sampling 66 with 996550035090082045401988324315411650923956300229183251798097567731150513858897983 - sampling time: 3.496971607208252
Sampling 67 with 275506345461147127041956038414272348135784870682219166525793107163488729792311270 - sampling time: 3.4284298419952393
Sampling 68 with 1270511499428707001657628035311033691563437655896104621872782107406108110585264847 - sampling time: 3.443107843399048
Sampling 69 with 1042302007895515655280649460388643673648143848086175421228285835254674733582976772 - sampling time: 3.4305436611175537
Sampling 70 with 35125453562224516794433946402169222589504657808549418282292841021859320845862100 - sampling time: 3.3992807865142822
Sampling 71 with 975383200907560511291541830717738739067946982949901254429332833831156116659979651 - sampling time: 3.4702956676483154
Sampling 72 with 1055827490894245706001851627107867474013297085315054220945620707265756024582582440 - sampling time: 3.4071335792541504
Sampling 73 with 1259872406555381721305452683251290144907303218029064707689101388979094341054511124 - sampling time: 3.438154697418213
Sampling 74 with 1395134746457680945777402220811978258096700636907454808079238054866954051730093980 - sampling time: 3.468730926513672
Sampling 75 with 1390616398025685260939868915915296859173291838386351754455640530445869622728326400 - sampling time: 3.5088539123535156
Sampling 76 with 960616907529871367132918506727506317016658311448905294009229358438210882286039289 - sampling time: 3.2909271717071533
Sampling 77 with 318452750295320805454019998119992046262096642376215646320343150211303834135370315 - sampling time: 3.467305898666382
Sampling 78 with 1203094318997265649370354434234289630065808746086989128235038287912636632582323876 - sampling time: 3.3956198692321777
Sampling 79 with 137367387134488921607929277733027323844617539122226064199083383010992712408597425 - sampling time: 3.4448459148406982
Sampling 80 with 328804736822180900544518576171417537319271363818389216256365245119999849801343060 - sampling time: 3.442365884780884
Sampling 81 with 504713465369636608194190652899619622005541961396664551119530578839530644273098170 - sampling time: 3.414984703063965
Sampling 82 with 864846331030645453463673308257101596818286538114046057398783389496713030186684713 - sampling time: 3.5619945526123047
Sampling 83 with 1400488774995223740050869433917210630581127903151214402923318401755247335998212104 - sampling time: 3.5262484550476074
Sampling 84 with 270362645761230003781593075563853476403575021047721824957652253892532190066533345 - sampling time: 3.468899726867676
Sampling 85 with 1006154576722417913527534021394197368752032750521603369808224654198611979090906708 - sampling time: 3.435366630554199
Sampling 86 with 108766406337880220488067033490781400035188484034422910109092026848616448400642463 - sampling time: 3.486021041870117
Sampling 87 with 647150752938742235945560889976718539919219582072427484041848170768830325084401710 - sampling time: 3.408275604248047
Sampling 88 with 596654464127620418530122264371499534933720179548700392371673822569676147082970768 - sampling time: 3.5038177967071533
Sampling 89 with 630669950547613488002148514523780583782226651932457185805940615386068705693914726 - sampling time: 3.378096103668213
Sampling 90 with 1269953331152157008203604844988065232202410827868271149378252872761905592034828400 - sampling time: 3.4781970977783203
Sampling 91 with 733361859918215833898872611552482679323166017357045320669932144082086565123253402 - sampling time: 3.475935935974121
Sampling 92 with 915932861616287426343586187104076534268018412411030200894426156774749614294368207 - sampling time: 3.535078763961792
Sampling 93 with 934098929592198489347362556701100109733689862404471985565234417411741021100136547 - sampling time: 3.373368740081787
Sampling 94 with 1389809262447364802539074298572700236316554303597651784557430173869340261311623876 - sampling time: 3.4388620853424072
Sampling 95 with 1326123202349952869122785782354653096229741953331643770204631927216946499434139866 - sampling time: 3.502711534500122
Sampling 96 with 584521749158262104752333889895806848471430242056671532412450233233180844612055596 - sampling time: 3.370600938796997
Sampling 97 with 1189754913610878972588927094214860393596178639540896559404092870449543291644689292 - sampling time: 3.520325183868408
Sampling 98 with 940517840513343236394505151905282129732442280005864172785926362527145892485021127 - sampling time: 3.470907688140869
Sampling 99 with 598244045439092264487300073532744760140087013406635184859769554494213201035073084 - sampling time: 3.408320665359497
Sampling 100 with 1273306060965625248148382886702543176496384969174458205894702374754104565504498988 - sampling time: 3.5252737998962402
--- total time: 348.0300974845886 seconds ---
