Input file:  ./FeatureModel/uClibc-ng_1_0_29.dimacs
Number of samples:  100
Output directory: ./Samples/smarch_base/smarch
Counting - Total configurations: 8027944014617489543924213817393807360
Sampling 1 with 3314962260736791922396361435141296840 - sampling time: 4.559839487075806
Sampling 2 with 944004340971267763968066935418353520 - sampling time: 4.543097972869873
Sampling 3 with 5940722155166301012462097801529989102 - sampling time: 4.45853328704834
Sampling 4 with 6563974343614049544090352403475074490 - sampling time: 4.362467288970947
Sampling 5 with 2151192931923276093359207505605414552 - sampling time: 4.524580955505371
Sampling 6 with 3402711336804279513639744943324631694 - sampling time: 5.248005151748657
Sampling 7 with 441513761871968791993305402541924284 - sampling time: 4.549658298492432
Sampling 8 with 6930440876111556937453061014859917715 - sampling time: 4.4151434898376465
Sampling 9 with 3117857817895868382863204915028415074 - sampling time: 4.686454772949219
Sampling 10 with 7027940535237054878774401919626553512 - sampling time: 4.620686769485474
Sampling 11 with 2912215773813967893284997320008617939 - sampling time: 4.455122232437134
Sampling 12 with 7118952452676785162110798928098201905 - sampling time: 4.287475347518921
Sampling 13 with 7370552369491573851957481046618754155 - sampling time: 4.566954135894775
Sampling 14 with 4514746256662169759796638667138421788 - sampling time: 4.468874216079712
Sampling 15 with 4758042919882714790594643760248757311 - sampling time: 4.5622687339782715
Sampling 16 with 4761112576290458219200710353245839052 - sampling time: 4.453610897064209
Sampling 17 with 4708688551320364941656935513672825586 - sampling time: 4.783280611038208
Sampling 18 with 2242118306683114685233568684832819155 - sampling time: 4.511181116104126
Sampling 19 with 3289672469172919787347785280418460008 - sampling time: 4.58254075050354
Sampling 20 with 2741228731331014951253285114351224728 - sampling time: 4.487687587738037
Sampling 21 with 7286671102478493163998025480621611685 - sampling time: 4.459821462631226
Sampling 22 with 3774151101276740025730501855291475798 - sampling time: 4.499887943267822
Sampling 23 with 6741575115011488035734045563377297058 - sampling time: 4.63051176071167
Sampling 24 with 6890867820909446013422591279811006475 - sampling time: 4.376899480819702
Sampling 25 with 4401863687608201550367417310548545118 - sampling time: 4.683246374130249
Sampling 26 with 6481546214258981126215049706621168873 - sampling time: 4.481187105178833
Sampling 27 with 6741454730485326871384345332273469058 - sampling time: 4.490393877029419
Sampling 28 with 3311790012448771465500979863740674631 - sampling time: 4.451152801513672
Sampling 29 with 267246209679559056404606400130617666 - sampling time: 4.404567718505859
Sampling 30 with 3837139048683411150215179269505449466 - sampling time: 4.479236602783203
Sampling 31 with 1927423694427250223029325192399582697 - sampling time: 4.588337659835815
Sampling 32 with 7190933958653849984719458403498163799 - sampling time: 4.440993785858154
Sampling 33 with 7398645104415578274723113952947178432 - sampling time: 4.562672138214111
Sampling 34 with 7393248303077107254120704187665338245 - sampling time: 4.662065505981445
Sampling 35 with 2510328464694214974891629846153220845 - sampling time: 4.595961809158325
Sampling 36 with 6416371055984569763470281348391092332 - sampling time: 4.454356670379639
Sampling 37 with 4878666200319911736268449272004562438 - sampling time: 4.61860203742981
Sampling 38 with 4804966841174701109632302648638604310 - sampling time: 4.420553922653198
Sampling 39 with 2685297872116119345698941732023304067 - sampling time: 4.421375274658203
Sampling 40 with 7331585399262865481217238287940258619 - sampling time: 4.476100921630859
Sampling 41 with 1353239620602664447458315924145396521 - sampling time: 4.473194122314453
Sampling 42 with 4624390997670148696802375932386314168 - sampling time: 4.577499151229858
Sampling 43 with 6785178794848041911276685975346244596 - sampling time: 4.571471452713013
Sampling 44 with 6382816050497321907342896744622741806 - sampling time: 4.57113790512085
Sampling 45 with 3769414200792336533866575160497753398 - sampling time: 4.535685300827026
Sampling 46 with 3679415047863343911278594855214821603 - sampling time: 4.445629835128784
Sampling 47 with 2975512007589634066812929906792492645 - sampling time: 4.446445941925049
Sampling 48 with 6009720282012110690988998256733828766 - sampling time: 4.5996294021606445
Sampling 49 with 6843442604571445249331333820416701205 - sampling time: 4.289494276046753
Sampling 50 with 6987120341221923923589799445899744827 - sampling time: 4.558390140533447
Sampling 51 with 6145357964601370512876941355967601999 - sampling time: 4.472254037857056
Sampling 52 with 346677067097092131529690997622930129 - sampling time: 4.533890962600708
Sampling 53 with 4749039576677738888828171340365940969 - sampling time: 4.484663724899292
Sampling 54 with 6773544220588755480170460392088277932 - sampling time: 4.6080474853515625
Sampling 55 with 3416112212114865851768862532370595067 - sampling time: 4.54635214805603
Sampling 56 with 4840553134375180586171602654158851664 - sampling time: 4.506413459777832
Sampling 57 with 6996747595849842043472897719962188915 - sampling time: 4.635655879974365
Sampling 58 with 4374067621932253178608571766898816550 - sampling time: 4.5082197189331055
Sampling 59 with 5917806729627052011681628794815091782 - sampling time: 4.62369966506958
Sampling 60 with 2704355940075822519643984812926561621 - sampling time: 4.668737888336182
Sampling 61 with 1686194247844147597708280249737689 - sampling time: 4.425466775894165
Sampling 62 with 4624047775230108997650963295049396456 - sampling time: 4.476525783538818
Sampling 63 with 6937797683744203423433451198589491035 - sampling time: 4.643265008926392
Sampling 64 with 7433813078247340140754194428740487158 - sampling time: 4.7424635887146
Sampling 65 with 5123798790145927569629198594148669734 - sampling time: 4.4210216999053955
Sampling 66 with 6874756035080987618132213320484400802 - sampling time: 4.552985906600952
Sampling 67 with 49635756686170608752570321787115615 - sampling time: 4.483411550521851
Sampling 68 with 8026563446379882279184704409867202223 - sampling time: 4.545367956161499
Sampling 69 with 6825750104224570891918280282428056018 - sampling time: 4.651844024658203
Sampling 70 with 1639878019030140928315331978493503223 - sampling time: 4.638582229614258
Sampling 71 with 5299314241553705058646163510067284015 - sampling time: 4.820528507232666
Sampling 72 with 1318549547312059423778767448221539451 - sampling time: 4.608093500137329
Sampling 73 with 5476707754748593865090671474473929841 - sampling time: 4.368630647659302
Sampling 74 with 6122684221564003881647530912554491460 - sampling time: 4.613651275634766
Sampling 75 with 3571515786300878205478903406275939648 - sampling time: 4.715818405151367
Sampling 76 with 5645578503360235114021506601531455323 - sampling time: 4.719393491744995
Sampling 77 with 6666569916434801936550275045668233400 - sampling time: 4.4363226890563965
Sampling 78 with 8026037291983271586268237209027217326 - sampling time: 4.8912293910980225
Sampling 79 with 2773754582150707989476584771882566396 - sampling time: 4.652611017227173
Sampling 80 with 3684454300124236067738768291127333479 - sampling time: 4.522709608078003
Sampling 81 with 5308709156970154307352833410834648258 - sampling time: 4.458021640777588
Sampling 82 with 2336396780547279786103355045337617013 - sampling time: 4.497210502624512
Sampling 83 with 5658765483286822996900499713603609462 - sampling time: 4.631580829620361
Sampling 84 with 1221643506838389004068750261679164593 - sampling time: 4.516883850097656
Sampling 85 with 5806524010814830781348172270542405071 - sampling time: 4.554863929748535
Sampling 86 with 4195231647908217318815740173270699322 - sampling time: 4.563859462738037
Sampling 87 with 2072215803234972790206401768462072508 - sampling time: 4.590108156204224
Sampling 88 with 2479540520279911325086288792800046372 - sampling time: 4.5933146476745605
Sampling 89 with 4451180215074717164471386726689113086 - sampling time: 4.670847415924072
Sampling 90 with 5592834268212774125353585777985603160 - sampling time: 4.578394889831543
Sampling 91 with 5756042754950955034040737481446147932 - sampling time: 4.681097507476807
Sampling 92 with 6220596419813048928786944226711040514 - sampling time: 4.3172032833099365
Sampling 93 with 6972098077921632362521940047331293111 - sampling time: 4.614079475402832
Sampling 94 with 5566813796100221697556983454674786937 - sampling time: 4.516912460327148
Sampling 95 with 6009809079326466917250691074670159886 - sampling time: 4.631841659545898
Sampling 96 with 1001964455733907207658325488210738086 - sampling time: 4.551187038421631
Sampling 97 with 1234009451421424310078940396057213450 - sampling time: 4.445785999298096
Sampling 98 with 4094079256896219781183320441338636874 - sampling time: 4.375482082366943
Sampling 99 with 5940774971919919494529686948760149180 - sampling time: 4.5753867626190186
Sampling 100 with 2810729807826456827441862012748439138 - sampling time: 4.488532304763794
--- total time: 454.7854027748108 seconds ---

real	7m34.832s
user	5m53.540s
sys	1m48.823s
