Input file:  ./FeatureModel/VP9.dimacs
Number of samples:  100
Output directory: ./Samples/smarch_base/smarch
Counting - Total configurations: 216000
Sampling 1 with 45518 - sampling time: 0.3764612674713135
Sampling 2 with 44942 - sampling time: 0.3707852363586426
Sampling 3 with 90850 - sampling time: 0.3894174098968506
Sampling 4 with 122009 - sampling time: 0.37380528450012207
Sampling 5 with 159787 - sampling time: 0.3899495601654053
Sampling 6 with 57495 - sampling time: 0.3539302349090576
Sampling 7 with 23101 - sampling time: 0.3980720043182373
Sampling 8 with 53218 - sampling time: 0.4037444591522217
Sampling 9 with 16041 - sampling time: 0.40528082847595215
Sampling 10 with 8634 - sampling time: 0.38924193382263184
Sampling 11 with 177667 - sampling time: 0.3569204807281494
Sampling 12 with 215879 - sampling time: 0.4329860210418701
Sampling 13 with 137364 - sampling time: 0.38922595977783203
Sampling 14 with 5305 - sampling time: 0.36928606033325195
Sampling 15 with 215003 - sampling time: 0.39333415031433105
Sampling 16 with 62885 - sampling time: 0.37428736686706543
Sampling 17 with 65677 - sampling time: 0.36841750144958496
Sampling 18 with 89957 - sampling time: 0.38732290267944336
Sampling 19 with 20307 - sampling time: 0.3659954071044922
Sampling 20 with 75980 - sampling time: 0.3785884380340576
Sampling 21 with 129642 - sampling time: 0.36685752868652344
Sampling 22 with 93711 - sampling time: 0.416811466217041
Sampling 23 with 175810 - sampling time: 0.3699953556060791
Sampling 24 with 172718 - sampling time: 0.4147028923034668
Sampling 25 with 114942 - sampling time: 0.39095306396484375
Sampling 26 with 149957 - sampling time: 0.3846468925476074
Sampling 27 with 50019 - sampling time: 0.3910675048828125
Sampling 28 with 38006 - sampling time: 0.4077877998352051
Sampling 29 with 81885 - sampling time: 0.40710020065307617
Sampling 30 with 123244 - sampling time: 0.35741591453552246
Sampling 31 with 155051 - sampling time: 0.38836145401000977
Sampling 32 with 172695 - sampling time: 0.3963806629180908
Sampling 33 with 212601 - sampling time: 0.4336373805999756
Sampling 34 with 73560 - sampling time: 0.37454819679260254
Sampling 35 with 134590 - sampling time: 0.4014253616333008
Sampling 36 with 145807 - sampling time: 0.3554255962371826
Sampling 37 with 90820 - sampling time: 0.40974998474121094
Sampling 38 with 197018 - sampling time: 0.4667816162109375
Sampling 39 with 124533 - sampling time: 0.38202810287475586
Sampling 40 with 204485 - sampling time: 0.39136528968811035
Sampling 41 with 14082 - sampling time: 0.3357422351837158
Sampling 42 with 82884 - sampling time: 0.3759322166442871
Sampling 43 with 212968 - sampling time: 0.40854597091674805
Sampling 44 with 39371 - sampling time: 0.4019756317138672
Sampling 45 with 98104 - sampling time: 0.36641836166381836
Sampling 46 with 176988 - sampling time: 0.38077306747436523
Sampling 47 with 190806 - sampling time: 0.39276885986328125
Sampling 48 with 143866 - sampling time: 0.3553462028503418
Sampling 49 with 9344 - sampling time: 0.36202478408813477
Sampling 50 with 186587 - sampling time: 0.40269947052001953
Sampling 51 with 30290 - sampling time: 0.34765052795410156
Sampling 52 with 183274 - sampling time: 0.4093472957611084
Sampling 53 with 170326 - sampling time: 0.3510098457336426
Sampling 54 with 139322 - sampling time: 0.34369611740112305
Sampling 55 with 184341 - sampling time: 0.3882415294647217
Sampling 56 with 32059 - sampling time: 0.3667175769805908
Sampling 57 with 100881 - sampling time: 0.38797664642333984
Sampling 58 with 19269 - sampling time: 0.36710548400878906
Sampling 59 with 35245 - sampling time: 0.3355734348297119
Sampling 60 with 178423 - sampling time: 0.3475525379180908
Sampling 61 with 170990 - sampling time: 0.3875455856323242
Sampling 62 with 143011 - sampling time: 0.39460229873657227
Sampling 63 with 91096 - sampling time: 0.39591264724731445
Sampling 64 with 158959 - sampling time: 0.3982515335083008
Sampling 65 with 69361 - sampling time: 0.3676421642303467
Sampling 66 with 150963 - sampling time: 0.41185998916625977
Sampling 67 with 38766 - sampling time: 0.40415000915527344
Sampling 68 with 80575 - sampling time: 0.38810157775878906
Sampling 69 with 61695 - sampling time: 0.4055037498474121
Sampling 70 with 184865 - sampling time: 0.38489437103271484
Sampling 71 with 12579 - sampling time: 0.37923717498779297
Sampling 72 with 81030 - sampling time: 0.3548402786254883
Sampling 73 with 24206 - sampling time: 0.42723512649536133
Sampling 74 with 72686 - sampling time: 0.40683460235595703
Sampling 75 with 200778 - sampling time: 0.39414095878601074
Sampling 76 with 157770 - sampling time: 0.3938448429107666
Sampling 77 with 200865 - sampling time: 0.4125633239746094
Sampling 78 with 100625 - sampling time: 0.37058329582214355
Sampling 79 with 74485 - sampling time: 0.3747706413269043
Sampling 80 with 131900 - sampling time: 0.39482688903808594
Sampling 81 with 45376 - sampling time: 0.36676549911499023
Sampling 82 with 88520 - sampling time: 0.4336059093475342
Sampling 83 with 171983 - sampling time: 0.38334226608276367
Sampling 84 with 145537 - sampling time: 0.4045591354370117
Sampling 85 with 177444 - sampling time: 0.4088900089263916
Sampling 86 with 76682 - sampling time: 0.35196614265441895
Sampling 87 with 13274 - sampling time: 0.4119431972503662
Sampling 88 with 110738 - sampling time: 0.3248167037963867
Sampling 89 with 77103 - sampling time: 0.4175386428833008
Sampling 90 with 95307 - sampling time: 0.3739485740661621
Sampling 91 with 6059 - sampling time: 0.3489382266998291
Sampling 92 with 108754 - sampling time: 0.3927488327026367
Sampling 93 with 171493 - sampling time: 0.43062472343444824
Sampling 94 with 60921 - sampling time: 0.39031195640563965
Sampling 95 with 113350 - sampling time: 0.3931288719177246
Sampling 96 with 211198 - sampling time: 0.3762028217315674
Sampling 97 with 90444 - sampling time: 0.38246679306030273
Sampling 98 with 166623 - sampling time: 0.3905470371246338
Sampling 99 with 121614 - sampling time: 0.4084627628326416
Sampling 100 with 46701 - sampling time: 0.3896780014038086
--- total time: 38.64036798477173 seconds ---
