Input file:  ./FeatureModel/X264.dimacs
Number of samples:  100
Output directory: ./Samples/smarch_base/smarch
Counting - Total configurations: 1152
Sampling 1 with 164 - sampling time: 0.13513588905334473
Sampling 2 with 300 - sampling time: 0.14966368675231934
Sampling 3 with 446 - sampling time: 0.14491939544677734
Sampling 4 with 242 - sampling time: 0.13872265815734863
Sampling 5 with 956 - sampling time: 0.15832829475402832
Sampling 6 with 124 - sampling time: 0.14477038383483887
Sampling 7 with 688 - sampling time: 0.15860819816589355
Sampling 8 with 167 - sampling time: 0.1334519386291504
Sampling 9 with 204 - sampling time: 0.13843846321105957
Sampling 10 with 1059 - sampling time: 0.14750027656555176
Sampling 11 with 1122 - sampling time: 0.15074872970581055
Sampling 12 with 888 - sampling time: 0.15804529190063477
Sampling 13 with 325 - sampling time: 0.13156437873840332
Sampling 14 with 770 - sampling time: 0.12448453903198242
Sampling 15 with 615 - sampling time: 0.14496493339538574
Sampling 16 with 139 - sampling time: 0.12654709815979004
Sampling 17 with 612 - sampling time: 0.14560246467590332
Sampling 18 with 601 - sampling time: 0.13693642616271973
Sampling 19 with 313 - sampling time: 0.13710689544677734
Sampling 20 with 724 - sampling time: 0.1499793529510498
Sampling 21 with 634 - sampling time: 0.15111494064331055
Sampling 22 with 979 - sampling time: 0.14336681365966797
Sampling 23 with 261 - sampling time: 0.12503457069396973
Sampling 24 with 475 - sampling time: 0.13744616508483887
Sampling 25 with 46 - sampling time: 0.13114356994628906
Sampling 26 with 285 - sampling time: 0.1368720531463623
Sampling 27 with 843 - sampling time: 0.14025115966796875
Sampling 28 with 669 - sampling time: 0.1464395523071289
Sampling 29 with 491 - sampling time: 0.14822173118591309
Sampling 30 with 269 - sampling time: 0.1340925693511963
Sampling 31 with 1014 - sampling time: 0.15968799591064453
Sampling 32 with 867 - sampling time: 0.13906526565551758
Sampling 33 with 591 - sampling time: 0.14792680740356445
Sampling 34 with 648 - sampling time: 0.145158052444458
Sampling 35 with 929 - sampling time: 0.13168549537658691
Sampling 36 with 661 - sampling time: 0.1370103359222412
Sampling 37 with 973 - sampling time: 0.14298105239868164
Sampling 38 with 1002 - sampling time: 0.15083098411560059
Sampling 39 with 212 - sampling time: 0.137556791305542
Sampling 40 with 754 - sampling time: 0.15013694763183594
Sampling 41 with 522 - sampling time: 0.13124847412109375
Sampling 42 with 349 - sampling time: 0.14423775672912598
Sampling 43 with 455 - sampling time: 0.1353130340576172
Sampling 44 with 866 - sampling time: 0.13763952255249023
Sampling 45 with 766 - sampling time: 0.16281533241271973
Sampling 46 with 514 - sampling time: 0.12490415573120117
Sampling 47 with 643 - sampling time: 0.13114285469055176
Sampling 48 with 371 - sampling time: 0.1444997787475586
Sampling 49 with 376 - sampling time: 0.15634632110595703
Sampling 50 with 789 - sampling time: 0.13144302368164062
Sampling 51 with 857 - sampling time: 0.13888096809387207
Sampling 52 with 40 - sampling time: 0.13210654258728027
Sampling 53 with 386 - sampling time: 0.11831021308898926
Sampling 54 with 931 - sampling time: 0.13841676712036133
Sampling 55 with 662 - sampling time: 0.14492535591125488
Sampling 56 with 492 - sampling time: 0.14374971389770508
Sampling 57 with 922 - sampling time: 0.14359378814697266
Sampling 58 with 723 - sampling time: 0.14360952377319336
Sampling 59 with 32 - sampling time: 0.13877511024475098
Sampling 60 with 517 - sampling time: 0.12644410133361816
Sampling 61 with 308 - sampling time: 0.14629554748535156
Sampling 62 with 1056 - sampling time: 0.16551518440246582
Sampling 63 with 681 - sampling time: 0.15606379508972168
Sampling 64 with 481 - sampling time: 0.15947580337524414
Sampling 65 with 96 - sampling time: 0.1450965404510498
Sampling 66 with 403 - sampling time: 0.1271653175354004
Sampling 67 with 464 - sampling time: 0.14487314224243164
Sampling 68 with 251 - sampling time: 0.14603781700134277
Sampling 69 with 525 - sampling time: 0.13162469863891602
Sampling 70 with 462 - sampling time: 0.13779163360595703
Sampling 71 with 485 - sampling time: 0.1367192268371582
Sampling 72 with 1086 - sampling time: 0.16281843185424805
Sampling 73 with 1020 - sampling time: 0.16295242309570312
Sampling 74 with 506 - sampling time: 0.14405226707458496
Sampling 75 with 530 - sampling time: 0.13149046897888184
Sampling 76 with 141 - sampling time: 0.12688302993774414
Sampling 77 with 839 - sampling time: 0.13848662376403809
Sampling 78 with 957 - sampling time: 0.14988231658935547
Sampling 79 with 129 - sampling time: 0.11272907257080078
Sampling 80 with 291 - sampling time: 0.13144755363464355
Sampling 81 with 331 - sampling time: 0.1384572982788086
Sampling 82 with 127 - sampling time: 0.14565610885620117
Sampling 83 with 152 - sampling time: 0.13793635368347168
Sampling 84 with 298 - sampling time: 0.13956141471862793
Sampling 85 with 537 - sampling time: 0.13262057304382324
Sampling 86 with 214 - sampling time: 0.13864469528198242
Sampling 87 with 695 - sampling time: 0.1509389877319336
Sampling 88 with 584 - sampling time: 0.14609384536743164
Sampling 89 with 1140 - sampling time: 0.16650629043579102
Sampling 90 with 513 - sampling time: 0.11889195442199707
Sampling 91 with 694 - sampling time: 0.1502845287322998
Sampling 92 with 326 - sampling time: 0.14064764976501465
Sampling 93 with 933 - sampling time: 0.1390705108642578
Sampling 94 with 1030 - sampling time: 0.14519739151000977
Sampling 95 with 767 - sampling time: 0.16404485702514648
Sampling 96 with 177 - sampling time: 0.12488484382629395
Sampling 97 with 333 - sampling time: 0.13722658157348633
Sampling 98 with 263 - sampling time: 0.13226032257080078
Sampling 99 with 398 - sampling time: 0.13231229782104492
Sampling 100 with 406 - sampling time: 0.1318221092224121
--- total time: 14.140959978103638 seconds ---
