Target: BerkeleyDBC

----------PARSING----------

BerkeleyDBC: 18 / 29 / 0 / 0
Heap: 254741016/257425408
Number of variables: 18
Number of nodes: 31
Number of solutions: 2560
BerkeleyDBC: 18 / 29 / 0 / 2560
s:1,12,2,3,4,16,8,9,10,
s:11,12,3,4,16,6,10,
s:11,1,3,14,16,17,9,
s:1,12,3,14,16,18,8,9,10,
s:11,1,12,3,14,4,15,16,8,
s:12,3,16,17,18,9,
s:3,14,5,16,6,8,10,
s:1,13,3,14,4,16,6,18,8,
s:1,13,3,16,18,
s:2,3,14,16,8,9,10,
s:11,3,14,15,16,6,9,
s:11,1,3,16,6,17,8,
s:1,3,14,16,17,18,9,
s:3,14,16,17,7,8,9,
s:11,12,3,14,16,17,9,
s:3,14,5,16,17,
s:1,3,4,5,16,9,10,
s:1,3,14,5,16,6,8,9,10,
s:11,3,15,16,9,
s:13,3,5,16,8,
s:3,15,16,18,8,9,
s:3,4,15,16,18,8,
s:1,3,14,16,17,18,8,9,
s:12,13,3,4,5,16,8,
s:1,12,3,14,4,16,6,18,9,10,
s:1,12,3,4,16,17,7,8,
s:11,3,14,4,16,6,17,8,
s:3,14,16,7,9,10,
s:1,12,3,4,15,16,6,7,9,
s:12,2,3,14,16,6,8,10,
s:2,3,15,16,6,9,
s:11,1,13,3,14,4,16,8,
s:11,12,3,14,16,6,8,9,10,
s:1,12,2,13,3,14,4,16,6,8,
s:3,15,5,16,9,
s:1,12,3,14,5,16,8,9,10,
s:12,13,3,14,16,6,18,9,
s:1,2,3,14,4,15,16,8,9,
s:1,12,13,3,14,16,18,
s:12,3,14,4,16,17,7,8,
s:12,2,3,16,6,17,9,
s:1,12,3,5,16,8,9,10,
s:2,3,4,16,6,17,
s:11,1,13,3,14,4,16,6,8,
s:1,12,3,14,4,16,17,18,8,
s:1,3,4,16,18,10,
s:1,3,14,4,5,16,6,8,10,
s:3,14,4,15,16,6,7,8,
s:3,4,15,16,7,8,
s:1,12,3,5,16,6,8,9,10,
s:3,14,4,15,5,16,9,
s:1,2,13,3,4,16,6,
s:11,3,4,16,6,17,8,
s:1,12,13,3,16,6,18,9,
s:12,3,4,16,17,18,8,9,
s:1,12,2,3,15,16,8,9,
s:13,3,14,16,18,
s:1,12,2,13,3,16,
s:1,12,2,13,3,14,4,16,6,8,9,
s:1,2,3,14,16,17,8,9,
s:11,3,14,4,16,10,
s:1,3,14,4,16,6,18,10,
s:1,12,13,3,14,4,5,16,6,9,
s:1,3,14,16,6,18,8,9,10,
s:11,1,12,3,4,16,8,9,10,
s:3,4,16,7,8,10,
s:3,4,5,16,6,17,9,
s:12,3,14,15,16,6,18,9,
s:2,3,14,15,16,8,
s:1,12,13,3,14,5,16,9,
s:11,13,3,14,16,6,
s:3,14,16,6,17,7,9,
s:1,12,3,14,4,5,16,8,10,
s:3,14,4,16,6,17,7,8,
s:1,2,3,16,10,
s:1,3,4,16,17,18,9,
s:1,3,4,5,16,6,8,9,10,
s:12,2,3,14,15,16,6,8,
s:12,3,15,16,6,7,9,
s:1,12,13,3,14,5,16,6,8,
s:11,12,3,16,17,
s:11,12,13,3,14,16,9,
s:12,3,14,16,18,8,9,10,
s:1,12,2,13,3,16,6,8,
s:3,14,16,6,17,7,8,
s:1,3,15,16,18,8,
s:13,3,14,4,16,7,
s:12,3,4,16,6,7,10,
s:1,12,13,3,4,16,7,8,9,
s:2,13,3,14,4,16,6,8,9,
s:1,12,3,4,15,16,18,
s:3,4,15,5,16,8,9,
s:1,3,15,16,7,9,
s:1,12,3,14,4,5,16,17,
s:1,13,3,14,4,16,7,
s:11,3,14,15,16,
s:11,1,12,3,14,4,15,16,9,
s:11,3,4,15,16,6,8,
s:1,3,14,4,5,16,8,10,
s:1,12,3,14,4,16,7,8,9,10,
BDD time: 22
Total time: 25

