Target: Dune

----------PARSING----------

Dune: 17 / 16 / 0 / 0
Heap: 254741016/257425408
Number of variables: 17
Number of nodes: 25
Number of solutions: 2304
Dune: 17 / 16 / 0 / 2304
s:11,1,2,13,4,6,17,9,
s:1,2,13,4,15,5,17,10,
s:1,2,14,4,15,17,8,9,
s:11,1,2,14,4,16,8,9,
s:1,12,2,13,4,8,9,
s:1,2,13,14,4,6,17,9,10,
s:1,13,3,4,7,9,
s:1,12,13,3,4,15,5,10,
s:11,1,12,2,14,4,16,8,9,
s:11,1,12,13,3,4,17,8,9,
s:1,13,3,14,4,5,16,17,10,
s:11,1,2,14,4,8,9,
s:1,12,13,3,4,15,8,
s:11,1,12,3,14,4,5,16,17,9,
s:11,1,12,2,4,16,17,7,10,
s:1,12,13,3,4,17,7,
s:11,1,13,3,14,4,6,17,
s:11,1,2,13,4,6,17,
s:1,12,2,13,4,6,17,
s:1,12,2,4,16,6,
s:1,12,13,3,4,7,9,10,
s:11,1,13,3,4,16,8,9,
s:11,1,12,3,4,15,5,17,
s:1,12,3,14,4,15,17,7,9,10,
s:11,1,12,2,14,4,16,6,17,10,
s:11,1,13,3,4,16,17,8,9,
s:1,13,3,4,5,16,10,
s:1,12,2,4,16,8,
s:11,1,2,4,15,8,9,
s:1,13,3,4,15,6,17,10,
s:1,12,13,3,4,15,7,9,10,
s:1,3,14,4,5,9,10,
s:11,1,12,3,4,16,8,
s:1,12,3,14,4,15,17,8,
s:11,1,12,2,14,4,16,17,7,10,
s:1,13,3,4,6,
s:1,12,13,3,4,16,6,
s:1,2,13,4,15,5,9,
s:1,3,4,5,17,10,
s:11,1,2,13,4,16,7,9,
s:1,3,4,15,6,17,9,
s:1,12,2,13,4,15,5,9,10,
s:11,1,2,13,4,8,9,
s:1,2,13,14,4,5,9,
s:11,1,2,13,4,5,10,
s:11,1,3,4,17,7,10,
s:11,1,12,2,13,4,15,5,17,10,
s:11,1,12,3,4,6,17,
s:1,2,14,4,15,6,17,10,
s:11,1,2,4,15,6,
s:11,1,3,4,7,
s:11,1,12,3,4,15,5,17,9,
s:1,12,2,13,4,16,6,9,10,
s:11,1,2,14,4,15,17,8,10,
s:1,3,14,4,5,10,
s:11,1,12,2,14,4,16,17,8,9,
s:11,1,2,14,4,16,6,10,
s:1,12,13,3,4,16,17,7,9,10,
s:1,13,3,4,6,17,
s:1,12,2,13,4,6,9,10,
s:11,1,13,3,4,16,7,10,
s:1,2,14,4,5,16,17,9,
s:1,13,3,4,5,
s:11,1,2,4,16,17,8,9,
s:11,1,12,3,14,4,7,
s:11,1,2,13,14,4,15,6,17,
s:11,1,12,13,3,4,5,16,10,
s:1,12,2,14,4,16,6,10,
s:1,2,13,14,4,5,17,
s:11,1,12,3,4,16,17,8,10,
s:11,1,2,4,15,6,17,9,
s:11,1,2,14,4,17,7,10,
s:1,12,2,14,4,15,17,8,
s:11,1,12,2,14,4,5,16,17,10,
s:1,2,14,4,16,7,9,10,
s:1,12,2,4,6,17,10,
s:11,1,12,2,13,4,15,5,
s:11,1,2,14,4,15,6,17,9,
s:11,1,12,3,4,5,16,10,
s:1,2,14,4,8,10,
s:11,1,13,3,4,6,10,
s:1,3,14,4,5,16,9,
s:11,1,12,3,14,4,15,8,10,
s:11,1,2,13,14,4,15,17,8,
s:1,13,3,14,4,5,16,9,
s:1,12,13,3,4,16,7,10,
s:11,1,12,3,4,16,17,7,9,
s:1,13,3,14,4,15,17,7,10,
s:11,1,2,14,4,15,17,8,
s:11,1,2,14,4,7,10,
s:1,13,3,4,8,10,
s:11,1,2,13,4,17,7,10,
s:11,1,13,3,14,4,16,7,10,
s:11,1,12,2,13,4,15,17,7,9,
s:1,2,4,15,8,9,
s:1,3,14,4,16,6,9,
s:1,12,13,3,4,16,8,
s:11,1,12,2,4,17,7,9,
s:1,12,2,13,4,5,9,
s:11,1,12,2,14,4,7,10,
BDD time: 18
Total time: 21

