Target: HiPAcc

----------PARSING----------

HiPAcc: 31 / 104 / 0 / 0
Heap: 254741016/257425408
Number of variables: 31
Number of nodes: 561
Number of solutions: 13485
HiPAcc: 31 / 104 / 0 / 13485
s:1,13,3,14,4,5,31,
s:1,13,3,4,5,28,19,9,21,
s:11,1,12,3,14,16,17,9,
s:11,1,12,2,13,14,4,8,9,31,
s:1,13,3,14,31,
s:11,13,14,16,18,19,1,3,4,6,30,20,21,
s:1,3,4,6,17,28,18,19,10,21,
s:1,12,13,3,14,4,16,17,28,7,19,21,
s:11,12,14,16,17,18,1,3,4,7,30,20,21,
s:1,2,14,18,30,20,21,
s:11,1,3,14,16,17,9,
s:1,2,13,14,26,29,19,20,10,
s:1,12,13,3,14,4,6,29,9,20,31,
s:1,12,3,16,18,19,9,
s:1,13,3,4,5,16,28,18,10,21,
s:1,12,13,3,14,16,28,18,21,
s:11,1,12,3,14,17,18,29,19,9,20,
s:1,3,4,17,7,18,29,20,
s:22,12,14,17,28,18,19,1,3,4,5,9,21,
s:1,3,14,4,6,19,9,
s:11,1,12,13,3,14,4,16,17,7,29,20,
s:11,1,3,4,28,7,18,19,21,
s:1,3,4,16,6,17,18,19,9,30,20,21,
s:11,1,12,3,14,4,5,17,18,19,
s:11,1,13,3,14,4,17,7,29,20,
s:11,1,12,2,14,17,18,29,19,20,
s:11,12,14,16,17,18,29,19,1,3,4,5,9,20,
s:11,1,23,13,3,17,28,18,9,21,
s:11,1,23,13,3,4,5,28,31,21,
s:11,12,13,24,16,28,19,1,3,4,6,9,21,
s:1,3,14,25,4,5,16,17,28,9,10,21,
s:11,1,12,13,24,3,4,8,31,
s:11,1,12,3,4,28,7,31,21,
s:11,12,16,17,19,1,3,4,6,9,30,20,21,
s:11,23,13,16,17,28,18,19,1,3,4,7,9,21,
s:1,2,17,30,20,21,
s:1,2,13,14,26,16,18,29,19,20,10,
s:11,1,12,2,16,17,19,
s:1,13,3,14,4,5,30,20,31,21,
s:11,1,13,3,14,16,
s:1,12,3,16,18,29,19,9,20,
s:11,1,13,3,14,18,30,20,21,
s:1,13,3,4,6,17,28,19,21,
s:11,1,12,3,4,7,18,9,30,20,21,
s:1,12,3,4,16,27,6,18,19,10,
s:1,12,2,13,14,16,17,19,30,20,21,
s:11,1,12,13,3,14,4,17,28,7,18,21,
s:1,2,14,25,16,17,28,18,19,10,21,
s:1,13,3,4,17,7,19,30,20,21,
s:1,13,3,4,16,7,18,29,20,10,
s:11,1,3,4,16,6,17,29,20,
s:11,1,12,13,3,14,17,28,21,
s:1,12,3,18,19,30,20,21,
s:1,3,4,5,16,17,29,20,
s:11,1,13,3,14,4,16,28,7,18,21,
s:1,13,3,4,5,17,9,10,
s:11,1,13,3,14,4,16,6,28,9,21,
s:11,1,3,14,16,17,18,19,9,
s:11,1,12,2,29,19,20,
s:1,13,3,4,15,7,9,
s:22,1,12,2,14,16,17,28,18,21,
s:11,1,2,13,14,15,
s:1,3,14,29,9,20,31,
s:1,3,14,25,4,16,17,28,7,18,10,21,
s:1,13,3,4,5,16,18,29,19,20,10,
s:22,1,12,3,14,4,16,6,18,
s:11,1,2,14,19,9,
s:11,1,2,13,14,17,18,30,20,21,
s:11,1,12,13,24,3,4,5,17,29,19,20,
s:11,1,3,4,6,29,19,9,20,
s:1,12,3,4,27,6,17,18,29,20,10,
s:1,12,13,3,4,5,16,17,18,30,20,21,
s:22,1,12,2,14,16,18,19,9,
s:1,3,14,25,4,7,18,29,19,20,10,
s:1,13,3,14,16,28,9,21,
s:11,1,12,13,24,3,4,15,6,9,
s:11,12,13,24,17,18,19,1,3,4,7,30,20,21,
s:11,1,13,3,14,4,16,6,29,19,20,
s:1,12,3,4,5,17,28,18,19,9,21,
s:11,1,12,2,13,24,16,17,18,19,
s:1,12,3,9,30,20,31,21,
s:1,3,14,25,16,28,9,10,21,
s:1,13,3,14,17,29,19,9,20,
s:1,12,13,3,14,4,5,28,31,21,
s:11,1,12,2,14,16,17,28,18,19,9,21,
s:11,14,16,17,18,19,1,3,4,7,9,30,20,21,
s:1,13,3,14,4,5,16,17,18,9,
s:11,1,12,13,3,14,16,
s:1,13,3,14,4,5,16,17,28,19,9,21,
s:11,1,3,16,17,18,19,9,
s:11,1,12,13,24,3,4,6,18,
s:11,1,12,3,4,6,19,9,
s:11,1,2,14,16,17,9,
s:1,13,3,4,5,28,18,21,
s:11,1,2,14,16,17,18,9,
s:1,13,3,14,16,9,30,20,21,
s:11,1,2,16,28,18,19,21,
s:1,12,13,3,14,18,
s:11,1,3,4,6,17,18,
s:11,1,3,14,4,5,16,17,18,30,20,21,
BDD time: 63
Total time: 66

