Target: JavaGC

----------PARSING----------

JavaGC: 39 / 105 / 0 / 0
Heap: 254741016/257425408
Number of variables: 39
Number of nodes: 55
Number of solutions: 193536
JavaGC: 39 / 105 / 0 / 193536
s:11,33,24,15,16,38,28,19,1,2,4,7,20,10,
s:11,12,25,16,17,28,39,1,2,5,7,9,20,31,
s:11,34,14,26,37,16,38,17,28,39,1,2,5,7,9,20,
s:11,35,14,37,16,38,17,28,1,2,6,7,9,20,31,21,
s:11,22,35,15,37,16,28,39,18,1,2,3,7,20,10,32,
s:11,23,35,36,15,16,17,28,39,29,1,2,3,7,8,20,
s:11,23,13,36,16,38,17,28,39,1,2,3,7,8,20,31,
s:11,14,36,37,16,17,28,39,1,2,3,7,8,20,31,21,
s:11,12,34,25,36,16,28,39,18,1,2,5,7,20,10,
s:11,13,35,36,26,37,16,38,28,39,19,1,2,4,7,8,20,31,
s:11,15,37,16,27,38,17,28,39,1,2,5,7,20,10,32,
s:11,14,36,37,16,38,17,28,39,29,1,2,3,7,8,20,21,
s:11,34,14,36,37,16,27,17,28,1,2,6,7,8,20,
s:11,34,36,15,37,16,27,28,39,18,1,2,5,7,8,20,
s:11,12,36,16,27,17,28,39,1,2,3,7,8,30,20,
s:11,35,15,26,37,16,28,39,18,1,2,3,7,20,10,32,
s:11,13,25,37,16,17,28,1,2,4,7,30,20,10,
s:11,12,35,36,26,37,16,28,39,18,29,1,2,3,7,8,20,
s:11,33,13,26,37,16,38,28,18,1,2,3,7,20,10,
s:11,33,14,37,16,28,18,1,2,5,7,20,10,21,
s:11,22,12,37,16,28,39,18,1,2,5,7,8,20,32,
s:11,34,13,36,37,16,27,28,39,19,1,2,3,7,20,10,
s:11,23,34,35,15,16,38,28,19,1,2,4,7,20,10,
s:11,12,24,37,16,28,39,19,1,2,6,7,30,20,10,
s:11,23,35,14,16,28,39,18,1,2,4,7,20,31,10,
s:11,12,36,26,37,16,17,28,39,29,1,2,3,7,9,20,
s:11,34,35,36,15,16,27,38,17,28,1,2,3,7,9,20,
s:11,15,26,16,28,39,29,19,1,2,6,7,8,20,
s:11,33,35,36,15,37,16,28,39,18,1,2,5,7,9,20,21,
s:11,12,36,26,37,16,38,17,28,39,1,2,3,7,9,30,20,
s:11,13,36,26,16,28,18,1,2,6,7,8,20,31,
s:11,33,12,23,35,37,16,38,28,39,18,1,2,3,7,20,10,
s:11,22,35,36,15,37,16,38,28,18,1,2,5,7,20,31,10,
s:11,22,35,14,16,28,39,18,29,1,2,6,7,8,20,
s:11,35,15,26,37,16,17,28,1,2,5,7,8,30,20,
s:11,34,35,15,37,16,38,28,39,19,1,2,3,7,8,20,21,
s:11,23,13,16,38,28,39,18,1,2,6,7,9,20,31,
s:11,13,16,38,28,19,1,2,3,7,8,20,31,21,
s:11,34,24,35,14,36,37,16,38,28,19,1,2,6,7,9,20,
s:11,22,13,16,28,18,1,2,4,7,8,20,32,
s:11,22,14,16,28,18,1,2,3,7,8,30,20,
s:11,12,16,27,17,28,29,1,2,4,7,20,10,
s:11,22,34,13,35,36,16,28,18,1,2,5,7,9,20,
s:11,13,36,26,37,16,28,18,1,2,5,7,9,20,32,
s:11,13,37,16,38,17,28,39,1,2,3,7,9,20,21,32,
s:11,23,35,14,36,16,28,18,1,2,4,7,30,20,10,
s:11,23,13,36,16,38,28,39,18,1,2,6,7,20,10,32,
s:11,33,12,26,16,17,28,39,1,2,3,7,20,10,
s:11,33,12,35,26,16,38,28,18,1,2,3,7,20,10,
s:11,22,12,35,36,16,28,18,29,1,2,3,7,20,10,
s:11,13,37,16,28,18,1,2,3,7,9,20,31,21,
s:11,12,35,16,27,17,28,1,2,5,7,9,20,32,
s:11,13,24,37,16,38,28,19,1,2,3,7,20,10,32,
s:11,13,35,36,16,28,39,19,1,2,6,7,30,20,10,21,
s:11,15,16,17,28,39,1,2,5,7,9,30,20,21,
s:11,12,35,16,38,28,18,1,2,4,7,9,20,21,32,
s:11,22,34,35,14,36,16,38,28,39,19,1,2,4,7,8,20,
s:11,34,14,36,26,16,38,28,18,1,2,4,7,8,20,
s:11,22,12,37,16,28,39,29,19,1,2,3,7,20,10,
s:11,12,24,36,37,16,28,18,1,2,3,7,30,20,10,
s:11,34,35,14,25,36,37,16,28,39,18,1,2,6,7,8,20,
s:11,36,15,16,38,28,39,18,1,2,5,7,9,30,20,21,
s:11,36,15,16,27,17,28,29,1,2,3,7,8,20,
s:11,33,23,36,15,37,16,17,28,1,2,5,7,9,20,
s:11,34,15,37,16,27,38,28,18,1,2,4,7,20,10,
s:11,13,35,36,37,16,27,38,17,28,39,1,2,6,7,20,10,32,
s:11,13,16,38,28,19,1,2,4,7,20,10,21,32,
s:11,34,13,16,27,38,28,19,1,2,6,7,20,10,
s:11,33,23,13,36,37,16,38,17,28,39,1,2,6,7,9,20,
s:11,12,24,35,36,16,38,28,39,19,1,2,3,7,9,20,31,
s:11,22,34,13,35,37,16,28,19,1,2,5,7,8,20,
s:11,35,36,15,37,16,17,28,1,2,3,7,30,20,10,21,
s:11,23,35,14,37,16,38,17,28,1,2,5,7,9,30,20,
s:11,22,35,36,15,16,38,17,28,1,2,4,7,8,30,20,
s:11,33,14,37,16,27,38,28,18,1,2,3,7,20,10,
s:11,23,15,16,38,28,39,19,1,2,3,7,20,31,10,
s:11,33,12,23,36,37,16,38,28,39,18,1,2,3,7,20,10,
s:11,12,34,25,16,38,17,28,1,2,5,7,20,10,
s:11,33,12,35,36,16,38,17,28,39,1,2,5,7,8,20,21,
s:11,22,12,35,36,16,38,28,19,1,2,6,7,20,10,32,
s:11,12,35,25,16,38,28,19,1,2,5,7,20,31,10,
s:11,24,14,16,28,39,29,19,1,2,3,7,9,20,
s:11,13,24,35,16,38,28,18,29,1,2,4,7,8,20,
s:11,13,16,27,17,28,39,29,1,2,6,7,8,20,
s:11,24,14,36,37,16,38,28,18,1,2,3,7,20,10,32,
s:11,22,13,16,38,17,28,39,1,2,4,7,9,30,20,
s:11,33,12,24,36,16,38,28,18,1,2,6,7,8,20,
s:11,13,25,36,16,38,28,39,18,29,1,2,5,7,8,20,
s:11,22,12,37,16,28,19,1,2,4,7,30,20,10,
s:11,22,36,15,16,28,39,19,1,2,6,7,8,20,32,
s:11,13,35,25,36,16,17,28,29,1,2,4,7,9,20,
s:11,23,35,14,16,28,19,1,2,6,7,8,20,31,
s:11,35,14,36,26,37,16,28,18,1,2,3,7,8,20,32,
s:11,15,26,16,17,28,39,1,2,5,7,8,20,32,
s:11,35,15,37,16,28,18,1,2,5,7,20,31,10,21,
s:11,14,25,36,16,38,28,39,18,1,2,6,7,20,10,32,
s:11,13,35,25,36,37,16,38,28,19,1,2,5,7,20,10,32,
s:11,14,16,27,38,28,39,18,1,2,6,7,9,20,32,
s:11,35,14,16,28,18,1,2,4,7,20,10,21,32,
s:11,13,35,36,37,16,17,28,39,29,1,2,4,7,8,20,21,
BDD time: 71
Total time: 74

