Target: JHipster

----------PARSING----------

JHipster: 45 / 104 / 0 / 0
Heap: 254741016/257425408
Number of variables: 45
Number of nodes: 362
Number of solutions: 26256
JHipster: 45 / 104 / 0 / 26256
s:11,44,12,24,35,14,25,17,28,39,1,2,4,8,9,40,30,41,20,42,21,43,
s:22,45,25,28,29,11,33,12,35,14,37,17,18,19,1,2,4,8,9,40,41,20,42,21,43,
s:11,22,12,45,14,25,36,15,16,28,18,1,2,4,8,9,40,41,20,42,21,32,43,
s:11,12,45,13,24,14,25,16,17,28,39,1,2,4,8,40,30,41,20,42,10,21,43,
s:11,44,12,23,35,14,25,15,16,28,39,18,1,8,9,40,41,20,31,42,21,43,
s:11,12,45,24,35,14,25,36,15,17,28,18,1,8,40,30,41,20,42,10,21,43,
s:11,12,23,45,14,25,16,17,28,39,19,1,2,4,8,40,41,20,31,42,10,21,43,
s:23,45,25,28,29,11,33,12,13,35,14,16,17,39,18,1,2,4,8,9,40,41,20,42,21,43,
s:11,44,12,34,24,14,25,15,16,28,39,29,1,8,40,41,20,42,10,21,43,
s:11,12,23,34,45,13,14,25,36,28,29,19,1,8,40,41,20,42,10,21,43,
s:45,24,25,28,30,10,11,12,35,14,36,15,16,17,18,19,1,2,3,8,40,41,20,42,21,43,
s:11,22,44,12,14,25,38,28,18,1,8,40,41,20,42,10,21,32,43,
s:11,12,45,24,35,14,25,36,16,28,19,1,2,3,8,9,40,30,41,20,42,21,43,
s:44,23,25,28,29,10,11,12,34,35,14,15,38,17,18,19,1,2,4,8,40,41,20,42,21,43,
s:11,44,12,23,14,25,16,38,17,28,19,1,8,9,40,41,20,31,42,21,43,
s:11,33,12,23,45,35,14,25,36,16,28,29,1,8,40,41,20,42,10,21,43,
s:11,12,45,24,35,14,25,36,28,18,1,2,3,8,40,30,41,20,42,10,21,43,
s:11,33,12,45,13,24,14,25,15,28,39,29,19,1,2,3,8,40,41,20,42,10,21,43,
s:11,12,45,24,35,14,25,15,28,39,18,1,2,3,8,40,30,41,20,42,10,21,43,
s:11,12,34,45,24,35,14,25,15,16,17,28,39,29,1,8,40,41,20,42,10,21,43,
s:11,12,23,45,14,25,36,15,28,1,2,4,8,40,41,20,31,42,10,21,43,
s:11,12,23,45,14,25,37,17,28,1,2,4,8,40,41,20,31,42,10,21,43,
s:11,22,12,34,45,14,25,37,16,17,28,29,1,2,4,8,9,40,41,20,42,21,43,
s:11,22,12,45,14,25,16,28,39,18,1,2,3,8,40,41,20,42,10,21,32,43,
s:44,23,25,28,29,10,11,12,34,35,14,15,16,39,18,19,1,2,3,8,40,41,20,42,21,43,
s:11,22,12,45,14,25,28,39,18,19,1,8,40,41,20,42,10,21,32,43,
s:11,12,23,34,35,14,25,28,39,29,1,2,3,5,6,8,41,20,42,10,21,
s:11,33,44,12,24,14,25,16,17,28,39,18,29,1,8,9,40,41,20,42,21,43,
s:11,12,14,27,38,1,5,6,8,9,41,20,42,
s:45,24,25,28,29,10,11,12,34,13,35,14,36,15,16,17,1,2,4,8,40,41,20,42,21,43,
s:11,33,44,12,24,35,14,25,15,38,28,29,19,1,8,9,40,41,20,42,21,43,
s:11,22,44,12,35,14,25,16,17,28,39,19,1,8,40,41,20,42,10,21,32,43,
s:11,12,34,45,24,35,14,25,37,16,28,29,19,1,2,4,8,9,40,41,20,42,21,43,
s:11,12,23,34,45,14,25,37,17,28,18,29,19,1,2,3,8,9,40,41,20,42,21,43,
s:22,45,25,28,29,10,11,12,34,14,36,15,16,17,18,1,2,3,8,40,41,20,42,21,43,
s:11,33,12,23,45,14,25,15,17,28,39,18,29,19,1,8,9,40,41,20,42,21,43,
s:11,44,12,23,34,14,25,16,38,17,28,18,29,1,2,3,8,40,41,20,42,10,21,43,
s:11,33,12,23,45,14,25,15,16,28,39,29,19,1,2,3,8,9,40,41,20,42,21,43,
s:11,44,12,23,14,25,38,28,18,19,1,2,4,8,40,41,20,31,42,10,21,43,
s:11,33,12,45,24,14,25,15,37,16,28,29,19,1,2,4,8,40,41,20,42,10,21,43,
s:11,33,44,12,24,14,25,15,28,39,29,1,2,4,8,40,41,20,42,10,21,43,
s:44,23,25,28,29,10,11,33,12,35,14,15,38,17,19,1,2,4,8,40,41,20,42,21,43,
s:11,22,12,34,45,35,14,25,37,17,28,18,29,1,8,40,41,20,42,10,21,43,
s:11,44,12,24,35,14,25,15,16,38,17,28,1,2,4,8,9,40,30,41,20,42,21,43,
s:23,45,25,28,29,11,12,34,35,14,36,15,16,19,1,2,3,8,9,40,41,20,42,21,43,
s:22,44,25,28,29,10,11,12,34,14,15,17,39,18,19,1,2,3,8,40,41,20,42,21,43,
s:11,33,44,12,23,14,25,28,39,18,29,1,2,4,8,40,41,20,42,10,21,43,
s:11,22,33,12,45,14,25,15,37,16,28,29,1,8,40,41,20,42,10,21,43,
s:11,22,12,45,13,14,25,36,16,17,28,1,8,9,40,41,20,42,21,32,43,
s:23,45,25,28,29,11,33,12,14,36,15,16,18,19,1,2,3,8,9,40,41,20,42,21,43,
s:22,45,25,28,29,10,11,33,12,13,35,14,36,15,18,1,2,4,8,40,41,20,42,21,43,
s:11,12,45,13,14,27,17,39,1,8,9,40,41,20,42,43,
s:11,22,12,45,14,25,15,17,28,39,18,19,1,8,40,41,20,42,10,21,32,43,
s:11,33,44,12,24,35,14,25,16,38,17,28,29,1,8,9,40,41,20,42,21,43,
s:11,22,33,12,45,14,25,36,15,16,28,18,29,19,1,8,40,41,20,42,10,21,43,
s:11,22,33,12,45,35,14,25,15,37,16,28,29,1,8,40,41,20,42,10,21,43,
s:11,12,23,34,45,14,25,16,17,28,39,29,1,2,4,8,40,41,20,42,10,21,43,
s:11,22,12,45,13,14,25,36,15,16,28,1,2,4,8,9,40,41,20,42,21,32,43,
s:11,44,12,24,14,25,15,38,28,18,19,1,2,4,8,40,30,41,20,42,10,21,43,
s:11,12,34,45,24,35,14,25,15,37,16,28,18,29,1,8,9,40,41,20,42,21,43,
s:11,33,12,45,24,35,14,25,28,39,18,29,1,2,3,8,40,41,20,42,10,21,43,
s:23,45,25,28,29,11,33,12,14,15,16,17,39,18,1,2,4,8,9,40,41,20,42,21,43,
s:11,22,44,12,34,35,14,25,38,28,29,19,1,2,4,8,40,41,20,42,10,21,43,
s:11,22,12,45,35,14,25,16,17,28,39,18,1,8,40,41,20,42,10,21,32,43,
s:11,22,12,34,45,14,25,36,28,18,29,1,8,40,41,20,42,10,21,43,
s:11,12,23,45,13,35,14,25,17,28,39,18,19,1,8,9,40,41,20,31,42,21,43,
s:11,22,33,44,12,14,25,16,38,17,28,29,19,1,2,3,8,40,41,20,42,10,21,43,
s:11,33,12,45,13,24,14,25,17,28,39,18,29,1,2,4,8,9,40,41,20,42,21,43,
s:11,44,12,23,14,25,15,16,28,39,18,1,8,9,40,41,20,31,42,21,43,
s:11,44,12,23,14,25,15,16,17,28,39,1,8,40,41,20,31,42,10,21,43,
s:45,24,25,28,29,11,33,12,13,35,14,15,16,39,18,19,1,2,4,8,9,40,41,20,42,21,43,
s:11,12,23,34,45,13,14,25,15,28,39,29,1,2,4,8,40,41,20,42,10,21,43,
s:11,44,12,24,35,14,25,38,28,1,2,4,8,9,40,30,41,20,42,21,43,
s:11,12,23,34,45,35,14,25,37,28,29,19,1,2,4,8,9,40,41,20,42,21,43,
s:11,33,44,12,24,35,14,25,16,38,28,29,19,1,2,3,8,9,40,41,20,42,21,43,
s:11,33,12,45,13,24,14,25,36,15,28,29,19,1,8,9,40,41,20,42,21,43,
s:11,12,45,13,24,35,14,25,15,28,39,1,2,3,8,9,40,30,41,20,42,21,43,
s:11,44,12,23,14,25,15,16,28,39,19,1,8,9,40,41,20,31,42,21,43,
s:11,22,12,45,14,25,36,17,28,19,1,2,3,8,40,41,20,42,10,21,32,43,
s:22,45,25,28,29,10,11,33,12,35,14,37,16,17,18,19,1,2,3,8,40,41,20,42,21,43,
s:11,12,23,45,13,14,25,15,28,39,18,19,1,8,40,41,20,31,42,10,21,43,
s:11,22,12,45,35,14,25,36,15,17,28,18,1,2,3,8,9,40,41,20,42,21,32,43,
s:11,12,34,45,13,24,35,14,25,28,39,29,19,1,2,4,8,9,40,41,20,42,21,43,
s:11,33,12,45,24,14,25,15,17,28,39,18,29,1,8,40,41,20,42,10,21,43,
s:11,22,44,12,14,25,16,17,28,39,19,1,8,9,40,41,20,42,21,32,43,
s:11,12,23,45,13,14,25,16,28,39,18,19,1,2,3,8,40,41,20,31,42,10,21,43,
s:11,12,45,24,14,25,36,17,28,19,1,2,4,8,40,30,41,20,42,10,21,43,
s:11,12,45,13,14,16,27,17,39,19,1,8,9,40,41,20,42,43,
s:11,33,12,45,24,14,25,15,37,28,29,19,1,8,40,41,20,42,10,21,43,
s:45,24,25,28,29,10,11,33,12,35,14,36,16,17,18,1,2,3,8,40,41,20,42,21,43,
s:11,22,12,34,45,14,25,36,17,28,18,29,1,2,3,8,40,41,20,42,10,21,43,
s:11,33,44,12,23,14,25,38,17,28,18,29,1,2,4,8,9,40,41,20,42,21,43,
s:11,12,24,35,14,25,38,28,1,2,3,5,6,8,9,30,41,20,42,21,
s:11,33,44,12,23,35,14,25,15,17,28,39,29,1,8,9,40,41,20,42,21,43,
s:11,22,12,35,14,25,28,39,18,19,1,2,4,5,6,8,41,20,42,10,21,32,
s:44,23,25,28,29,10,11,33,12,35,14,15,16,17,39,19,1,2,3,8,40,41,20,42,21,43,
s:11,33,12,45,24,14,25,15,37,16,28,18,29,19,1,8,9,40,41,20,42,21,43,
s:11,12,23,35,14,25,38,28,18,19,1,2,4,5,7,8,41,20,31,42,10,21,
s:45,24,25,28,30,11,12,13,35,14,15,17,39,18,1,2,3,8,9,40,41,20,42,21,43,
s:11,33,12,23,45,14,25,15,37,28,18,29,19,1,2,3,8,40,41,20,42,10,21,43,
BDD time: 42
Total time: 45

