Target: LLVM

----------PARSING----------

LLVM: 11 / 1 / 0 / 0
Heap: 254741016/257425408
Number of variables: 11
Number of nodes: 1
Number of solutions: 1024
LLVM: 11 / 1 / 0 / 1024
s:1,2,4,8,
s:1,4,5,6,7,8,9,
s:11,1,3,4,5,6,8,9,10,
s:11,1,3,4,5,7,8,9,10,
s:11,1,2,5,8,9,10,
s:1,6,8,9,10,
s:11,1,3,4,6,9,10,
s:11,1,3,6,7,9,10,
s:11,1,3,4,8,9,10,
s:11,1,3,8,9,10,
s:1,2,4,10,
s:11,1,2,4,7,9,10,
s:11,1,2,4,5,6,7,
s:11,1,2,5,9,
s:11,1,2,9,10,
s:11,1,2,5,
s:11,1,4,8,9,10,
s:11,1,2,6,7,8,9,10,
s:1,2,5,6,8,9,10,
s:11,1,8,10,
s:11,1,2,3,5,9,10,
s:1,2,5,9,10,
s:1,5,6,7,8,10,
s:11,1,2,3,4,5,7,
s:1,6,
s:1,2,3,4,6,8,9,
s:11,1,3,5,6,8,
s:11,1,2,3,6,7,8,10,
s:1,3,6,9,
s:1,3,4,5,
s:1,2,4,5,6,
s:1,4,5,7,8,
s:1,2,3,4,5,
s:11,1,3,4,5,6,9,
s:1,2,3,4,7,8,9,
s:1,2,4,5,6,7,9,
s:11,1,3,8,9,
s:1,4,6,7,10,
s:11,1,2,4,6,7,8,9,
s:1,2,4,5,6,7,
s:11,1,2,4,7,8,9,10,
s:1,2,3,5,6,7,9,
s:1,4,7,8,10,
s:1,5,6,7,
s:1,8,9,10,
s:1,3,8,10,
s:11,1,2,5,6,9,
s:1,2,3,6,8,9,
s:1,
s:11,1,2,3,4,
s:1,2,3,4,7,9,10,
s:11,1,2,4,9,
s:11,1,2,5,6,10,
s:11,1,2,4,6,8,
s:1,2,3,7,8,
s:11,1,3,6,7,8,10,
s:11,1,3,4,5,6,7,8,
s:1,4,5,7,8,9,10,
s:1,2,5,6,8,9,
s:1,5,7,8,
s:11,1,3,4,5,6,7,8,10,
s:1,3,5,6,8,9,
s:1,2,5,6,7,8,
s:11,1,6,8,9,10,
s:11,1,2,3,5,6,7,9,10,
s:1,2,3,4,5,6,7,10,
s:1,2,5,8,
s:1,3,4,5,6,
s:1,2,4,5,7,8,9,10,
s:1,2,6,10,
s:11,1,4,6,7,9,
s:1,2,3,4,9,
s:1,3,6,9,10,
s:11,1,2,3,6,7,8,9,10,
s:11,1,3,4,5,6,9,10,
s:1,2,7,10,
s:11,1,5,10,
s:11,1,2,3,5,10,
s:1,3,4,5,7,10,
s:11,1,5,9,
s:11,1,2,3,4,6,9,
s:11,1,3,4,5,6,10,
s:1,2,4,6,7,10,
s:11,1,5,6,7,9,10,
s:11,1,2,5,6,7,8,
s:11,1,3,4,5,6,8,
s:11,1,2,7,10,
s:11,1,4,6,8,10,
s:11,1,2,3,4,8,9,10,
s:1,5,6,8,9,
s:11,1,2,3,4,5,7,8,10,
s:11,1,3,5,7,9,10,
s:11,1,3,5,6,9,10,
s:1,2,4,5,8,10,
s:11,1,2,3,5,6,10,
s:1,2,3,5,6,
s:11,1,4,5,7,10,
s:11,1,4,6,10,
s:11,1,2,6,8,9,
s:11,1,2,3,4,7,
BDD time: 21
Total time: 23

