Target: Polly

----------PARSING----------

Polly: 40 / 100 / 0 / 0
Heap: 254741016/257425408
Number of variables: 40
Number of nodes: 63
Number of solutions: 40000
Polly: 40 / 100 / 0 / 40000
s:33,23,34,14,36,26,37,18,1,2,3,5,7,8,30,20,10,32,
s:33,12,23,34,35,14,36,26,38,39,18,1,2,4,5,7,8,40,20,31,32,
s:22,33,35,14,36,15,26,27,38,39,1,2,4,5,7,8,9,40,20,32,
s:33,34,35,14,25,36,15,26,37,39,1,2,3,5,7,8,9,40,20,31,
s:33,13,24,35,14,36,26,38,28,39,18,1,2,3,5,7,8,40,20,
s:33,14,36,15,26,37,1,2,3,5,7,8,9,20,31,21,
s:33,34,14,36,26,37,28,18,1,2,4,5,7,8,20,10,21,
s:33,23,14,36,26,37,19,1,2,4,5,7,8,9,30,20,32,
s:33,24,35,14,36,26,38,17,28,39,1,2,3,5,7,8,9,40,20,32,
s:33,14,36,26,37,18,1,2,4,5,7,8,30,20,10,21,32,
s:33,12,34,14,36,26,37,18,29,1,2,3,5,6,8,20,21,32,
s:33,12,34,24,14,36,26,38,17,1,2,3,5,6,8,20,31,
s:33,12,23,14,36,26,27,38,17,1,2,4,5,7,8,20,32,
s:22,33,14,36,26,38,28,18,1,2,4,5,6,8,9,20,
s:11,33,34,14,36,26,16,27,38,1,2,4,5,6,8,20,21,
s:33,13,24,14,36,26,38,17,1,2,3,5,6,8,30,20,32,
s:22,33,35,14,36,26,16,38,39,1,2,4,5,6,8,40,20,31,10,32,
s:33,13,14,25,36,15,26,38,28,1,2,4,5,7,8,20,32,
s:33,23,13,35,14,36,26,16,27,38,39,1,2,4,5,7,8,40,20,
s:33,23,34,13,35,14,36,15,26,37,27,39,1,2,3,5,6,8,40,20,
s:11,33,34,24,14,36,26,27,38,19,1,2,4,5,6,8,20,32,
s:33,12,23,34,14,36,26,37,27,18,1,2,4,5,7,8,20,
s:33,34,14,36,26,37,19,1,2,3,5,7,8,30,20,10,21,
s:22,33,34,13,14,36,26,37,19,1,2,3,5,6,8,20,31,
s:33,13,14,25,36,26,38,17,1,2,4,5,7,8,20,31,32,
s:22,33,34,13,14,36,26,37,29,19,1,2,3,5,7,8,20,32,
s:22,33,34,13,35,14,36,26,37,16,28,39,1,2,4,5,6,8,40,20,32,
s:33,23,34,35,14,36,26,38,39,19,1,2,3,5,6,8,9,40,20,31,
s:33,34,14,36,15,26,37,1,2,3,5,7,8,9,30,20,21,
s:33,35,14,25,36,15,26,37,39,1,2,3,5,6,8,9,40,30,20,32,
s:33,12,24,35,14,36,15,26,37,39,1,2,3,5,7,8,40,30,20,32,
s:33,23,34,14,36,26,38,19,1,2,3,5,7,8,9,20,31,
s:22,33,12,34,14,36,26,37,29,19,1,2,4,5,6,8,20,
s:33,12,35,14,25,36,26,37,17,39,29,1,2,3,5,7,8,40,20,32,
s:33,14,25,36,26,37,16,28,1,2,4,5,7,8,9,20,32,
s:33,34,35,14,25,36,26,38,39,18,1,2,4,5,7,8,40,30,20,10,
s:33,23,14,36,26,27,38,17,1,2,4,5,6,8,20,10,
s:11,33,24,35,14,36,26,38,28,39,19,1,2,3,5,7,8,40,20,32,
s:11,22,33,35,14,36,26,38,17,39,29,1,2,4,5,7,8,40,20,32,
s:33,14,36,15,26,38,29,1,2,3,5,7,8,20,10,21,32,
s:22,33,35,14,36,26,38,17,39,29,1,2,4,5,6,8,40,20,10,32,
s:33,34,24,35,14,36,26,38,17,28,39,1,2,3,5,7,8,40,20,10,
s:33,12,23,34,14,36,26,37,19,1,2,4,5,6,8,20,31,32,
s:22,33,34,14,36,26,37,17,29,1,2,3,5,6,8,20,10,32,
s:11,33,35,14,36,26,38,39,18,1,2,4,5,7,8,40,30,20,21,32,
s:33,12,34,35,14,25,36,15,26,37,39,29,1,2,4,5,7,8,40,20,32,
s:33,23,14,36,26,37,28,18,1,2,4,5,7,8,20,10,
s:11,33,14,25,36,26,37,16,1,2,4,5,7,8,20,31,32,
s:11,33,23,14,36,15,26,37,1,2,4,5,7,8,20,31,
s:33,34,13,14,25,36,26,38,29,19,1,2,3,5,6,8,20,
s:22,33,13,14,36,26,37,16,1,2,3,5,6,8,30,20,
s:33,13,14,36,15,26,27,38,1,2,4,5,7,8,20,21,
s:22,33,34,14,36,15,26,37,1,2,4,5,7,8,9,30,20,
s:33,34,13,35,14,25,36,15,26,38,39,1,2,4,5,7,8,40,30,20,
s:33,34,13,24,35,14,36,26,38,17,39,29,1,2,4,5,7,8,40,20,32,
s:33,34,14,36,26,38,17,29,1,2,4,5,6,8,9,20,21,
s:33,12,23,34,35,14,36,26,37,27,39,19,1,2,4,5,6,8,40,20,32,
s:11,22,33,34,14,36,26,16,38,29,1,2,4,5,7,8,20,32,
s:33,34,13,35,14,36,26,16,27,38,39,1,2,3,5,6,8,40,20,21,32,
s:33,24,14,36,15,26,38,29,1,2,3,5,7,8,20,10,
s:33,13,35,14,25,36,26,37,27,39,19,1,2,4,5,6,8,40,20,32,
s:33,34,24,14,36,26,27,38,17,1,2,3,5,6,8,9,20,
s:33,23,34,14,36,26,16,38,1,2,3,5,7,8,30,20,10,32,
s:11,33,34,24,35,14,36,26,37,17,39,1,2,3,5,7,8,40,20,31,32,
s:33,24,14,36,26,27,38,17,1,2,3,5,7,8,20,10,32,
s:11,33,23,34,35,14,36,26,27,38,17,39,1,2,4,5,7,8,40,20,32,
s:33,13,24,35,14,36,26,37,17,39,1,2,4,5,7,8,40,30,20,
s:22,33,12,14,36,26,38,19,1,2,4,5,7,8,30,20,32,
s:33,34,14,25,36,26,27,38,17,1,2,3,5,7,8,9,20,32,
s:22,33,34,14,36,26,38,18,1,2,4,5,6,8,30,20,10,32,
s:33,34,35,14,36,15,26,38,28,39,1,2,4,5,7,8,40,20,10,21,32,
s:33,12,23,35,14,36,15,26,37,27,39,1,2,4,5,6,8,40,20,
s:33,14,36,15,26,37,1,2,3,5,7,8,9,30,20,21,
s:11,33,34,35,14,25,36,26,37,17,39,1,2,4,5,6,8,40,20,31,32,
s:33,12,23,35,14,36,26,37,39,18,1,2,4,5,6,8,40,20,31,
s:11,22,33,34,14,36,26,38,19,1,2,4,5,6,8,20,31,32,
s:33,34,35,14,36,26,37,16,39,1,2,3,5,6,8,9,40,30,20,21,32,
s:11,33,35,14,36,15,26,37,27,39,1,2,4,5,6,8,40,20,21,
s:33,12,14,36,26,37,16,1,2,3,5,7,8,30,20,21,32,
s:33,13,35,14,25,36,15,26,27,38,39,1,2,3,5,7,8,40,20,32,
s:33,35,14,25,36,26,38,39,19,1,2,4,5,7,8,40,20,31,10,
s:33,23,34,14,36,15,26,37,28,1,2,4,5,7,8,20,10,
s:33,23,34,14,36,26,37,18,29,1,2,4,5,7,8,20,10,
s:22,33,13,35,14,36,26,37,16,39,1,2,4,5,6,8,40,20,31,32,
s:33,34,14,25,36,26,38,19,1,2,3,5,7,8,30,20,10,32,
s:22,33,35,14,36,26,37,39,19,1,2,3,5,6,8,9,40,20,31,
s:33,34,14,36,15,26,27,38,1,2,4,5,7,8,20,10,21,32,
s:33,35,14,25,36,15,26,37,39,1,2,3,5,6,8,40,20,31,10,32,
s:33,24,35,14,36,26,37,16,39,29,1,2,3,5,6,8,40,20,10,32,
s:11,22,33,34,14,36,15,26,37,28,1,2,4,5,6,8,20,
s:22,33,34,14,36,26,37,28,19,1,2,3,5,7,8,9,20,32,
s:11,33,14,25,36,26,37,17,1,2,4,5,6,8,30,20,
s:33,12,23,35,14,36,26,37,16,28,39,1,2,3,5,7,8,40,20,32,
s:11,33,23,34,35,14,36,26,16,38,28,39,1,2,3,5,6,8,40,20,
s:22,33,12,34,35,14,36,26,37,39,29,19,1,2,3,5,6,8,40,20,32,
s:33,12,14,36,26,38,17,1,2,4,5,7,8,30,20,21,32,
s:11,33,34,24,14,36,15,26,38,29,1,2,3,5,7,8,20,32,
s:33,34,13,14,36,26,37,16,28,1,2,3,5,7,8,20,21,
s:33,23,35,14,36,26,37,39,18,29,1,2,4,5,6,8,40,20,10,
s:33,12,14,36,26,37,16,29,1,2,3,5,6,8,20,21,
BDD time: 88
Total time: 92

