Target: VP9

----------PARSING----------

VP9: 42 / 104 / 0 / 0
Heap: 254741016/257425408
Number of variables: 42
Number of nodes: 61
Number of solutions: 216000
VP9: 42 / 104 / 0 / 216000
s:24,14,25,36,15,26,16,38,39,19,1,2,5,6,9,40,31,42,10,
s:12,34,25,15,37,16,38,19,1,2,5,6,7,40,30,31,42,10,21,
s:11,33,25,15,26,37,17,19,1,2,3,6,9,40,41,20,31,10,
s:14,25,15,28,18,19,1,2,5,6,8,40,41,31,10,21,32,
s:12,35,25,15,39,18,29,19,1,2,3,6,7,40,41,20,31,10,
s:35,14,25,15,37,27,17,39,19,1,2,4,6,8,40,41,31,10,21,
s:22,13,35,25,15,16,19,1,2,5,6,7,40,30,31,42,10,
s:13,25,15,37,17,29,19,1,2,3,6,9,40,41,20,31,10,32,
s:11,22,34,25,15,26,37,17,19,1,2,4,6,9,40,41,31,10,
s:33,13,25,15,37,16,39,29,19,1,2,3,6,8,40,41,20,31,10,
s:11,34,25,15,28,18,19,1,2,4,6,9,40,31,42,10,21,
s:12,35,25,15,26,37,16,39,19,1,2,3,6,7,40,20,31,42,10,
s:12,25,36,15,26,37,16,19,1,2,5,6,8,40,20,31,42,10,
s:11,22,34,25,15,39,18,29,19,1,2,4,6,7,40,41,31,10,
s:12,25,15,26,37,16,38,39,19,1,2,3,6,9,40,41,20,31,10,32,
s:22,12,25,36,15,16,38,28,39,19,1,2,4,6,8,40,31,42,10,
s:12,25,36,15,37,27,38,17,19,1,2,3,6,8,40,41,31,10,21,
s:34,13,25,15,37,16,39,29,19,1,2,4,6,9,40,41,31,10,21,
s:23,34,13,25,15,37,27,39,18,19,1,2,3,6,9,40,41,31,10,
s:23,35,14,25,15,37,38,28,18,19,1,2,4,6,7,40,41,31,10,
s:34,24,14,25,15,38,17,19,1,2,5,6,8,40,30,41,31,10,
s:35,14,25,15,37,39,18,29,19,1,2,4,6,8,40,20,31,42,10,
s:13,24,35,25,15,37,16,27,19,1,2,5,6,9,40,31,42,10,
s:33,12,25,15,16,28,19,1,2,4,6,9,40,41,31,10,21,
s:12,23,34,25,15,16,27,19,1,2,3,6,7,40,41,31,10,
s:12,34,25,15,26,37,38,17,19,1,2,4,6,8,40,41,31,10,21,
s:22,12,35,25,15,37,16,29,19,1,2,3,6,7,40,31,42,10,
s:11,23,25,15,28,18,19,1,2,5,6,7,40,41,31,10,32,
s:11,25,15,38,18,29,19,1,2,4,6,9,40,31,42,10,21,32,
s:11,22,25,36,15,16,29,19,1,2,3,6,8,40,31,42,10,
s:13,25,36,15,37,16,27,38,19,1,2,3,6,9,40,20,31,42,10,
s:33,12,25,15,37,27,38,17,39,19,1,2,5,6,9,40,31,42,10,21,
s:12,23,34,25,15,17,29,19,1,2,3,6,9,40,41,31,10,
s:13,25,36,15,37,16,39,19,1,2,3,6,9,40,30,31,42,10,21,
s:22,33,14,25,15,17,28,39,19,1,2,4,6,8,40,41,31,10,
s:33,23,14,25,15,16,27,19,1,2,4,6,9,40,41,31,10,
s:11,35,25,15,26,16,19,1,2,5,6,9,40,31,42,10,21,
s:33,23,14,25,15,26,37,39,18,19,1,2,4,6,7,40,41,31,10,
s:33,23,14,25,15,37,38,17,39,29,19,1,2,4,6,9,40,41,31,10,
s:11,25,15,37,17,28,19,1,2,3,6,8,40,41,20,31,10,32,
s:12,25,36,15,38,17,29,19,1,2,4,6,9,40,31,42,10,21,
s:11,25,15,37,38,39,18,19,1,2,5,6,9,40,30,31,42,10,21,32,
s:12,23,34,25,15,37,16,29,19,1,2,5,6,7,40,41,31,10,
s:33,12,24,25,15,37,27,38,39,18,19,1,2,5,6,8,40,31,42,10,
s:24,14,25,15,26,37,17,19,1,2,4,6,9,40,31,42,10,32,
s:11,25,36,15,37,17,39,19,1,2,5,6,9,40,30,41,31,10,21,
s:22,12,35,25,15,26,37,16,19,1,2,5,6,8,40,41,31,10,
s:13,24,25,15,37,16,39,19,1,2,3,6,9,40,30,41,31,10,32,
s:12,25,36,15,16,38,28,19,1,2,3,6,8,40,20,31,42,10,
s:13,25,15,16,38,19,1,2,3,6,7,40,30,20,31,42,10,32,
s:12,23,25,36,15,37,16,38,39,29,19,1,2,3,6,8,40,41,31,10,
s:23,13,35,25,15,37,17,28,39,19,1,2,5,6,8,40,31,42,10,
s:23,13,35,25,15,38,17,29,19,1,2,5,6,9,40,41,31,10,
s:23,14,25,36,15,37,27,38,17,19,1,2,5,6,8,40,41,31,10,
s:22,33,14,25,15,37,39,18,29,19,1,2,3,6,9,40,31,42,10,
s:12,34,25,15,37,39,18,29,19,1,2,4,6,7,40,41,20,31,10,
s:12,23,35,25,15,38,28,39,18,19,1,2,3,6,7,40,41,31,10,
s:22,33,13,25,15,37,28,18,19,1,2,3,6,9,40,41,31,10,
s:11,23,35,25,15,16,27,38,39,19,1,2,4,6,9,40,41,31,10,
s:33,12,23,25,15,38,39,18,19,1,2,5,6,8,40,30,31,42,10,
s:12,25,36,15,37,27,17,39,19,1,2,5,6,7,40,41,20,31,10,
s:12,25,36,15,37,38,18,19,1,2,4,6,8,40,30,20,31,42,10,
s:22,12,25,36,15,37,16,38,39,19,1,2,5,6,7,40,30,41,31,10,
s:22,12,34,25,15,16,19,1,2,3,6,8,40,30,41,31,10,
s:11,23,25,15,26,38,17,19,1,2,5,6,8,40,41,31,10,32,
s:12,24,35,25,15,17,39,19,1,2,3,6,9,40,30,41,31,10,
s:11,24,25,36,15,37,16,27,19,1,2,4,6,9,40,41,31,10,
s:11,33,25,15,37,27,17,39,19,1,2,5,6,7,40,20,31,42,10,
s:11,24,25,15,37,38,17,28,19,1,2,5,6,9,40,31,42,10,32,
s:34,14,25,15,26,16,39,19,1,2,4,6,7,40,41,31,10,21,
s:22,12,35,25,15,37,39,18,19,1,2,4,6,7,40,30,31,42,10,
s:33,12,24,25,15,37,18,19,1,2,3,6,9,40,30,31,42,10,
s:11,23,25,15,38,39,18,29,19,1,2,5,6,8,40,41,31,10,32,
s:12,24,25,36,15,26,16,19,1,2,5,6,8,40,31,42,10,
s:22,34,13,25,15,37,16,29,19,1,2,4,6,9,40,41,31,10,
s:22,12,25,36,15,17,29,19,1,2,4,6,7,40,31,42,10,
s:12,25,36,15,37,28,18,19,1,2,3,6,8,40,20,31,42,10,
s:34,13,24,25,15,37,38,28,18,19,1,2,5,6,9,40,31,42,10,
s:23,13,35,25,15,37,16,27,19,1,2,4,6,9,40,31,42,10,
s:34,24,14,25,15,38,28,18,19,1,2,3,6,9,40,31,42,10,
s:11,25,36,15,37,16,39,29,19,1,2,3,6,9,40,31,42,10,21,
s:13,24,25,15,16,38,39,19,1,2,4,6,7,40,30,31,42,10,32,
s:34,14,25,15,27,17,19,1,2,3,6,7,40,41,20,31,10,
s:22,33,12,25,15,37,38,17,39,29,19,1,2,3,6,8,40,31,42,10,
s:23,34,13,25,15,16,38,28,39,19,1,2,5,6,7,40,41,31,10,
s:24,35,14,25,15,38,17,28,19,1,2,5,6,8,40,31,42,10,
s:11,34,25,15,37,16,29,19,1,2,4,6,8,40,31,42,10,21,
s:11,23,25,36,15,38,18,29,19,1,2,5,6,8,40,31,42,10,
s:22,33,13,25,15,37,38,39,18,19,1,2,3,6,9,40,30,41,31,10,
s:24,14,25,36,15,27,39,18,19,1,2,4,6,8,40,41,31,10,
s:13,25,15,16,39,19,1,2,4,6,9,40,30,41,31,10,21,32,
s:35,14,25,15,37,16,38,28,39,19,1,2,3,6,8,40,20,31,42,10,
s:33,13,25,15,18,29,19,1,2,5,6,8,40,41,20,31,10,
s:13,25,15,37,28,18,19,1,2,4,6,9,40,41,20,31,10,32,
s:11,33,24,25,15,16,19,1,2,4,6,7,40,30,31,42,10,
s:13,25,15,38,28,18,19,1,2,5,6,9,40,41,31,10,21,32,
s:22,34,14,25,15,38,17,28,39,19,1,2,5,6,7,40,41,31,10,
s:14,25,36,15,37,28,18,19,1,2,5,6,9,40,41,20,31,10,
s:13,24,35,25,15,37,39,18,19,1,2,5,6,9,40,30,41,31,10,
s:11,22,35,25,15,37,38,39,18,29,19,1,2,3,6,9,40,31,42,10,
BDD time: 337
Total time: 342

