Target: X264

----------PARSING----------

X264: 16 / 11 / 0 / 0
Heap: 254741016/257425408
Number of variables: 16
Number of nodes: 13
Number of solutions: 1152
X264: 16 / 11 / 0 / 1152
s:1,12,3,4,16,6,9,10,
s:1,12,3,15,7,8,9,10,
s:11,1,2,3,4,16,6,7,9,10,
s:1,13,14,8,9,10,
s:11,1,2,16,7,8,9,10,
s:11,1,3,4,5,16,6,7,8,9,10,
s:11,1,2,3,4,15,5,6,9,10,
s:11,1,2,4,15,6,9,10,
s:1,13,15,5,6,7,9,10,
s:1,12,3,5,16,8,9,10,
s:11,1,2,3,16,8,9,10,
s:11,1,3,14,4,5,6,7,9,10,
s:1,13,14,4,6,9,10,
s:11,1,2,4,16,7,9,10,
s:1,12,2,14,4,7,9,10,
s:1,12,2,4,15,5,8,9,10,
s:1,12,2,3,16,6,9,10,
s:1,2,13,14,5,6,7,9,10,
s:11,1,2,3,16,9,10,
s:1,12,3,4,15,5,6,9,10,
s:11,1,2,3,14,4,7,9,10,
s:1,2,13,15,6,8,9,10,
s:1,12,2,3,14,4,5,6,7,9,10,
s:11,1,2,14,4,6,7,8,9,10,
s:1,13,14,4,5,6,7,9,10,
s:11,1,3,15,5,6,7,9,10,
s:11,1,15,6,7,9,10,
s:1,12,3,14,4,5,6,7,9,10,
s:1,12,3,4,15,6,9,10,
s:1,2,13,3,14,4,5,6,8,9,10,
s:11,1,16,6,7,9,10,
s:11,1,2,3,14,5,9,10,
s:1,2,13,5,16,8,9,10,
s:1,12,15,5,6,9,10,
s:11,1,14,7,9,10,
s:1,2,13,14,5,8,9,10,
s:1,12,2,14,7,9,10,
s:11,1,3,4,15,5,7,8,9,10,
s:11,1,4,15,7,8,9,10,
s:1,12,2,14,4,5,6,7,8,9,10,
s:1,13,3,4,15,8,9,10,
s:1,13,3,5,16,7,9,10,
s:1,12,3,14,8,9,10,
s:1,12,2,3,14,8,9,10,
s:1,2,13,3,14,5,6,8,9,10,
s:1,12,4,16,6,7,8,9,10,
s:1,13,3,14,4,6,8,9,10,
s:11,1,14,4,5,6,7,8,9,10,
s:1,12,2,14,4,7,8,9,10,
s:11,1,2,4,15,5,7,9,10,
s:1,12,2,4,5,16,6,7,8,9,10,
s:1,13,4,16,6,7,8,9,10,
s:1,13,15,9,10,
s:1,12,3,15,7,9,10,
s:1,2,13,3,14,4,5,7,9,10,
s:1,12,14,6,8,9,10,
s:11,1,2,3,15,8,9,10,
s:1,13,16,8,9,10,
s:11,1,3,4,16,6,9,10,
s:1,13,3,4,15,6,9,10,
s:1,12,3,4,16,8,9,10,
s:1,13,14,5,6,7,9,10,
s:1,2,13,3,5,16,6,9,10,
s:1,12,3,14,4,8,9,10,
s:1,12,2,3,4,15,6,7,9,10,
s:11,1,2,3,16,7,8,9,10,
s:1,13,14,6,7,8,9,10,
s:11,1,2,3,4,16,7,8,9,10,
s:1,12,2,3,4,16,6,7,9,10,
s:1,13,3,14,4,6,7,9,10,
s:1,12,2,3,14,5,7,9,10,
s:11,1,2,3,5,16,7,8,9,10,
s:11,1,3,4,15,5,6,7,8,9,10,
s:1,2,13,3,14,4,8,9,10,
s:11,1,3,14,5,6,7,8,9,10,
s:1,12,14,4,6,9,10,
s:1,13,3,14,4,7,8,9,10,
s:11,1,4,5,16,7,8,9,10,
s:1,13,3,16,8,9,10,
s:11,1,2,3,14,4,5,6,7,9,10,
s:1,12,2,14,5,7,9,10,
s:11,1,2,4,15,5,6,7,9,10,
s:11,1,3,15,8,9,10,
s:1,12,2,15,5,9,10,
s:1,12,2,4,5,16,7,8,9,10,
s:1,12,4,5,16,9,10,
s:1,12,2,3,5,16,9,10,
s:11,1,14,4,9,10,
s:11,1,2,4,15,5,9,10,
s:1,12,4,15,7,8,9,10,
s:1,12,15,9,10,
s:1,12,2,4,16,8,9,10,
s:1,13,4,16,7,8,9,10,
s:11,1,2,14,4,5,9,10,
s:1,12,3,4,16,6,7,8,9,10,
s:11,1,4,15,6,7,9,10,
s:1,13,4,15,5,9,10,
s:11,1,2,4,16,9,10,
s:1,12,2,3,4,15,5,7,9,10,
s:1,13,15,6,7,8,9,10,
BDD time: 17
Total time: 18

