Target: 7z

----------PARSING----------

7z: 44 / 210 / 0 / 0
Heap: 254741016/257425408
Number of variables: 44
Number of nodes: 71
Number of solutions: 68640
7z: 44 / 210 / 0 / 68640
s:44,1,12,2,15,37,7,29,8,20,
s:44,1,12,2,3,15,37,28,29,8,
s:1,2,36,15,5,29,8,19,9,42,43,
s:44,1,2,35,15,7,29,8,9,41,20,43,
s:1,2,25,15,6,29,8,9,40,42,43,
s:44,1,12,34,2,15,16,7,29,8,42,43,
s:1,2,14,25,36,15,5,29,8,41,42,43,
s:11,1,34,2,4,15,26,29,8,
s:44,12,15,38,29,1,2,3,8,41,42,21,43,
s:44,1,12,2,24,3,36,15,29,8,42,43,
s:1,2,35,15,5,29,8,9,41,20,
s:44,1,2,13,35,4,15,26,29,8,42,43,
s:44,1,2,13,15,27,6,29,8,31,42,43,
s:1,2,14,25,4,15,39,29,8,41,
s:11,1,2,15,26,5,29,8,30,
s:1,2,14,15,27,6,29,8,31,42,
s:44,1,2,13,35,3,15,26,29,8,42,
s:1,2,13,15,37,6,29,8,19,41,43,
s:1,2,35,14,15,26,6,29,8,43,
s:1,2,13,35,3,25,15,29,8,43,
s:44,23,15,29,1,2,6,8,41,42,10,32,43,
s:1,12,2,24,36,15,6,29,8,42,
s:44,1,12,2,36,4,15,29,8,19,41,
s:11,44,1,2,35,15,5,28,29,8,43,
s:11,44,1,2,35,4,15,28,29,8,43,
s:1,2,13,15,7,29,8,30,20,42,43,
s:44,1,2,4,15,16,29,8,9,41,31,43,
s:1,2,13,15,5,27,38,29,8,43,
s:44,1,23,2,13,4,15,38,29,8,
s:44,1,2,13,36,15,7,18,29,8,41,42,
s:44,1,2,35,14,15,16,7,29,8,
s:1,34,2,14,25,15,6,29,8,41,42,
s:1,2,15,5,39,29,8,19,9,42,
s:44,1,2,14,15,37,5,29,8,21,43,
s:1,12,2,35,3,15,17,29,8,42,
s:44,1,23,2,14,15,6,29,8,31,43,
s:1,34,2,4,15,18,29,8,10,43,
s:1,2,15,37,27,6,29,8,41,10,43,
s:1,2,3,14,15,38,29,8,42,21,43,
s:1,2,13,35,4,15,28,29,8,41,
s:1,2,3,15,16,39,29,8,9,42,43,
s:33,1,2,14,4,15,29,8,21,43,
s:11,44,1,34,2,15,28,7,29,8,41,43,
s:1,34,2,14,15,5,18,29,8,41,43,
s:1,2,35,4,15,29,8,41,10,21,43,
s:11,1,23,2,3,15,38,29,8,41,
s:44,1,2,15,26,37,5,29,8,41,10,43,
s:1,23,2,13,15,5,39,29,8,41,43,
s:1,2,13,3,15,38,18,29,8,42,
s:22,44,1,2,14,15,5,29,8,42,32,43,
s:11,44,1,2,4,15,18,29,8,41,31,42,
s:33,1,2,15,7,29,8,19,9,41,42,43,
s:11,44,1,2,24,15,6,29,8,30,41,43,
s:1,2,24,3,15,29,8,41,10,32,
s:11,1,2,35,4,15,29,8,19,42,
s:1,12,2,25,15,5,29,8,40,42,43,
s:44,1,2,13,4,15,29,8,30,41,21,
s:44,1,2,24,14,15,39,7,29,8,41,
s:1,2,13,15,16,7,29,8,31,42,
s:44,1,2,15,5,27,38,29,8,41,10,
s:44,1,2,15,26,5,29,8,41,10,32,43,
s:1,12,2,15,5,27,39,29,8,42,43,
s:1,2,13,15,5,38,28,29,8,41,42,43,
s:11,44,1,2,15,7,29,8,40,41,20,43,
s:1,12,2,3,25,36,15,29,8,41,42,43,
s:33,1,23,2,15,7,29,8,42,10,
s:44,13,15,29,19,1,2,5,8,40,41,42,43,
s:1,2,13,35,15,5,27,29,8,41,
s:1,2,13,36,15,5,27,29,8,41,43,
s:1,2,35,25,15,7,29,8,10,
s:11,44,1,2,4,15,39,18,29,8,41,
s:1,34,2,3,15,28,29,8,9,
s:1,2,25,15,5,29,8,30,41,10,43,
s:1,23,34,2,14,15,6,29,8,43,
s:1,2,15,26,37,7,29,8,41,10,43,
s:44,1,12,2,35,3,15,28,29,8,42,
s:22,44,1,2,15,7,29,8,42,10,32,
s:1,2,3,14,15,27,29,8,31,42,43,
s:44,1,2,3,14,36,15,16,29,8,43,
s:44,1,2,13,15,5,29,8,42,21,32,
s:44,1,2,14,36,15,26,6,29,8,
s:1,2,14,15,5,38,29,8,19,41,42,
s:11,33,1,2,15,6,28,29,8,41,43,
s:44,1,12,34,2,3,15,18,29,8,43,
s:44,1,12,2,24,15,6,39,29,8,41,43,
s:1,2,3,15,29,8,9,20,31,
s:1,2,13,15,5,16,29,8,41,31,42,
s:44,1,12,23,2,4,15,29,8,32,43,
s:33,44,1,2,13,15,7,18,29,8,41,
s:11,44,1,34,2,15,7,29,8,42,21,
s:11,44,1,2,4,15,37,29,8,19,41,
s:44,1,2,4,15,37,29,8,20,42,10,43,
s:11,44,1,34,2,3,15,16,29,8,42,
s:22,1,2,15,38,7,29,8,9,42,
s:11,44,1,2,15,16,6,39,29,8,41,
s:1,34,2,24,4,15,29,8,9,41,43,
s:44,1,2,15,37,5,29,8,19,10,
s:44,1,2,3,15,18,29,8,9,31,
s:1,2,24,4,15,38,29,8,42,10,43,
s:1,2,15,28,7,29,8,41,42,10,32,
BDD time: 82
Total time: 87

