Target: lrzip

----------PARSING----------

lrzip: 20 / 63 / 0 / 0
Heap: 254741016/257425408
Number of variables: 20
Number of nodes: 30
Number of solutions: 144
lrzip: 20 / 63 / 0 / 144
s:1,12,2,14,15,16,17,18,8,19,20,
s:11,1,12,2,15,
s:11,1,12,2,13,14,15,16,17,18,19,20,
s:1,2,13,14,15,16,17,18,19,20,10,
s:1,2,14,4,15,16,17,18,19,20,
s:11,1,2,15,
s:1,12,2,14,4,15,16,17,18,19,20,
s:1,12,2,3,
s:1,2,7,
s:1,12,2,13,10,
s:1,2,13,15,7,
s:1,2,6,
s:1,2,13,14,16,17,7,18,19,20,
s:1,12,2,14,16,17,18,8,19,20,
s:1,2,15,7,
s:1,2,4,
s:11,1,2,13,14,15,16,17,18,19,20,
s:11,1,12,2,13,14,16,17,18,19,20,
s:1,2,13,14,5,16,17,18,19,20,
s:1,2,3,
s:1,12,2,13,14,16,17,18,19,9,20,
s:1,12,2,14,15,16,17,18,19,9,20,
s:1,2,14,16,6,17,18,19,20,
s:1,12,2,6,
s:1,2,14,15,5,16,17,18,19,20,
s:1,12,2,3,14,15,16,17,18,19,20,
s:1,12,2,4,15,
s:1,2,14,15,16,17,18,19,20,10,
s:1,2,13,15,9,
s:1,12,2,14,15,16,17,18,19,20,10,
s:1,2,13,3,
s:1,2,14,15,16,17,18,8,19,20,
s:1,12,2,13,9,
s:1,2,13,3,14,15,16,17,18,19,20,
s:1,12,2,13,4,15,
s:1,12,2,13,15,7,
s:1,12,2,14,5,16,17,18,19,20,
s:1,2,14,16,17,18,8,19,20,
s:1,12,2,13,15,6,
s:1,12,2,13,15,9,
s:1,2,15,5,
s:1,2,13,3,14,16,17,18,19,20,
s:1,12,2,13,6,
s:1,12,2,15,8,
s:1,2,4,15,
s:1,12,2,3,15,
s:1,2,10,
s:11,1,2,14,15,16,17,18,19,20,
s:1,2,13,14,15,16,17,18,19,9,20,
s:1,2,14,15,16,6,17,18,19,20,
s:1,2,9,
s:11,1,12,2,13,
s:1,12,2,14,16,17,18,19,9,20,
s:1,12,2,13,14,16,17,18,19,20,10,
s:11,1,2,
s:1,12,2,13,14,15,16,17,18,19,20,10,
s:1,2,13,5,
s:11,1,2,13,15,
s:1,12,2,13,3,
s:1,2,13,14,16,17,18,8,19,20,
s:1,12,2,13,14,15,16,17,18,8,19,20,
s:1,2,13,14,16,17,18,19,9,20,
s:1,12,2,4,
s:1,2,13,3,15,
s:1,2,13,4,
s:11,1,12,2,14,15,16,17,18,19,20,
s:1,12,2,13,14,16,17,7,18,19,20,
s:1,2,14,15,16,17,18,19,9,20,
s:1,12,2,13,3,15,
s:1,12,2,13,3,14,16,17,18,19,20,
s:1,2,14,16,17,18,19,9,20,
s:1,12,2,10,
s:11,1,12,2,
s:1,2,13,10,
s:1,2,13,14,15,16,6,17,18,19,20,
s:1,12,2,14,15,16,17,7,18,19,20,
s:1,12,2,13,14,16,6,17,18,19,20,
s:1,2,15,6,
s:1,12,2,13,3,14,15,16,17,18,19,20,
s:1,2,13,14,4,15,16,17,18,19,20,
s:1,12,2,14,15,16,6,17,18,19,20,
s:1,12,2,13,14,15,16,17,18,19,9,20,
s:1,12,2,13,14,16,17,18,8,19,20,
s:1,2,13,8,
s:1,2,13,14,15,5,16,17,18,19,20,
s:1,12,2,15,10,
s:1,2,13,14,4,16,17,18,19,20,
s:1,12,2,15,5,
s:1,2,15,10,
s:1,12,2,13,14,15,5,16,17,18,19,20,
s:1,2,13,15,5,
s:1,12,2,13,14,15,16,17,7,18,19,20,
s:1,2,15,8,
s:1,12,2,14,16,6,17,18,19,20,
s:1,12,2,7,
s:1,2,3,14,15,16,17,18,19,20,
s:1,2,13,14,16,6,17,18,19,20,
s:1,12,2,13,5,
s:1,2,13,14,15,16,17,18,8,19,20,
s:1,2,13,4,15,
BDD time: 26
Total time: 30

