10100011111010011011000011111110100111000000010111010001010110001000101010000011110110110001001101010011001001100101011011111001011101000100010010111011000100101001010000000001000001001101000100111100100101011001100000011000011101010011111000011000001100100000001010101110111011011111010010011001000001010110100100001001100010010000000011001011111001010101011011110110000001110000111010111001110100101101010010110011101011010010000110010000110010000111000101010101001001010101110000001110101111011111000011010011100001011100001101101010110000100101011100010000111010011000110110111110001101111010011110110111001110110010001000100100111011111011100100000110010000110111010111000101000111110010011001100101010000100111011010011101001011010010110000101000101011001100001000101000101001010101101011010110101011001000100111001 STARTING
Samples 2
Execution time 0.0429344
Samples 4
Execution time 0.0525947
Samples 8
Execution time 0.0623426
Samples 16
Execution time 0.0723875
Samples 32
Execution time 0.0825726
Samples 64
Execution time 0.0923675
Samples 127
Execution time 0.10212
Stopping: samples
Samples 127
Execution time 0.102128
Solver time: 0.0890851
Epochs 0, Flips 7, Unsat 0, Calls 8
