0000000000111111001100000011001100000000111111000000000011110011000000001100001111110000000000000000000000000011000011111100110011001100100000000000000000000000000000000000000110000000000000000000000000110000000000000000000000000110000000000000000000000000000000000110000000000000000000000000000000000000000000000000100100100000000000000000000000000000000000000000000000000000000000000000000000000000000000000000000000000000000000000000000000000000000000000000000000000000000000000000000000000000000000000000000000000000000000000000000000000000 STARTING
Samples 2
Execution time 0.025942
Samples 2
Execution time 0.0317646
Samples 4
Execution time 0.0372821
Samples 4
Execution time 0.0425838
Samples 8
Execution time 0.047633
Samples 8
Execution time 0.0525734
Samples 16
Execution time 0.0575127
Samples 16
Execution time 0.0623995
Samples 32
Execution time 0.0673606
Samples 32
Execution time 0.0722627
Samples 64
Execution time 0.0772383
Samples 64
Execution time 0.0820719
Samples 96
Execution time 0.0862241
Samples 96
Execution time 0.0903789
Samples 187
Execution time 0.0956383
Stopping: samples
Samples 187
Execution time 0.0956456
Solver time: 0.0799816
Epochs 0, Flips 8, Unsat 0, Calls 16
