1010010000000010001010001010110000110010001000010000000000101010110000100001000000000001011101101101010010010001011011010010000001100101001110011010111110000011000000000011001010010101000100000101000000110010000101000011011100001001 STARTING
Samples 2
Execution time 0.0323219
Samples 4
Execution time 0.0403986
Samples 8
Execution time 0.0489203
Samples 12
Execution time 0.0639442
Samples 20
Execution time 0.0691116
unsat
Samples 20
Execution time 0.0696438
Samples 40
Execution time 0.077708
Samples 80
Execution time 0.0862059
Samples 158
Execution time 0.0914012
Samples 304
Execution time 0.0963662
Stopping: samples
Samples 304
Execution time 0.0963735
Solver time: 0.0883581
Epochs 0, Flips 9, Unsat 1, Calls 11
