000011110000001100110000000011001100110000000000000000000000110000000011000011110011111100111100000011000000000000000011000000000011110000110000001100001100001100000011001111001100100000000000000000000011011000000000000000000000000000000000101010000000011100001100000000001000000000000000000000000000000000000000000000000000000000000000000000000000000000000000000000000001101100001100000000001100001101100000000000000001100000000000000000000000000000000000000000000000000000000000000000000000000000000000000000000000000000000000000000000000000000000000000000000000000000000000000000000000000000000000000000000000000000000000000000000000000000000000000000000000000000000000000000000000 STARTING
Samples 2
Execution time 0.0827351
Samples 2
Execution time 0.0940889
Samples 4
Execution time 0.109337
Samples 4
Execution time 0.124476
Samples 8
Execution time 0.135513
Samples 8
Execution time 0.146528
Samples 16
Execution time 0.157891
Samples 16
Execution time 0.169065
Samples 32
Execution time 0.180634
Samples 32
Execution time 0.191739
Samples 48
Execution time 0.226609
Samples 48
Execution time 0.261604
Samples 79
Execution time 0.294749
Samples 79
Execution time 0.327187
Samples 153
Execution time 0.338668
Stopping: samples
Samples 153
Execution time 0.338677
Solver time: 0.304725
Epochs 0, Flips 8, Unsat 0, Calls 16
