Input file:  ./FeatureModel/adderII.dimacs
Number of samples:  100
Output directory: ./Samples/smarch_opt
Counting - Total configurations: 357233331438474273590626824681565857027641819540954698027428669566207833086768331792060153109444189191294237070396678187982800
Counting time: 3.389326333999634
22002: Sampled 1 with 2844210598651199532700321655342762843944257326321038321372468434369514432496198090726942305340772267914981745267741881946198 - sampling time: 8.428968906402588
22003: Sampled 1 with 45350810341519638435033743755218859201378259554880548068908986743489542322711742125072801010575676470460280495160862299470005 - sampling time: 8.511253356933594
22004: Sampled 1 with 84222813699475135482501084621206813018949685040638844605637138283703682706897234936772053829203852138346045509890420257239099 - sampling time: 12.177696228027344
22007: Sampled 1 with 131633764706869549077142249512312785066417350823849768792627284344235793398822818858167012731045632007250728676754314837112332 - sampling time: 12.288246393203735
22009: Sampled 1 with 197609142321358022311410754430387937819723153284323743581074680844169201249034836265522185257595670722395424868477517016304397 - sampling time: 12.790035963058472
22010: Sampled 1 with 248061772236958122199404973227325447146199639672629696530975075300713570398958457734031810035543841721928537479349442825226438 - sampling time: 13.583073377609253
22012: Sampled 1 with 289990818992990466609849315988829206803167225843664414973024637970402273369472361358076083002846330106684241649118248399355949 - sampling time: 13.84982442855835
22003: Sampled 2 with 49815445723026639798080139110807280567254527199180570730347143026522307554841852984158676657278593451640970299600165193677151 - sampling time: 7.710885763168335
22002: Sampled 2 with 4888362713508779079236479797478800998823322766666727324390382918311591415526519171240392062778690463279929708313493086380248 - sampling time: 7.88963770866394
22007: Sampled 2 with 140257951937027565762219997950059894135942853450422435111674960929091314698996850221048578968328084405299042559543842079799121 - sampling time: 6.983285903930664
22009: Sampled 2 with 199598445176467519486971598888840240800049992832116366033341449458643802442501820737654105817734314421383470787396790508903226 - sampling time: 7.189151048660278
22010: Sampled 2 with 250908698517587714272210381606180947424307912367260752530573029167151023303737084974324412789989219023488374235951294240449256 - sampling time: 6.976041078567505
22012: Sampled 2 with 301888578500903854194056667870152715487637153759738703331944699663845862537914963948323825155325778008008782059823451606106102 - sampling time: 7.6145102977752686
22003: Sampled 3 with 51599040064116129480602465398055983205175954413050211411163456932692151594435888150863267193811437397808064967361369918713159 - sampling time: 6.85746955871582
22002: Sampled 3 with 9580251948246815648784616733793458398081803356120667796837347877168474197588122219259185106321643471880147785180942075930379 - sampling time: 8.250415086746216
22004: Sampled 2 with 86431288228528212640651018020169454180810529631547866621036368531355953676878636354177000574617693087101808323138574735619936 - sampling time: 14.040245056152344
22007: Sampled 3 with 144345365384171531551298551744898483219121516762140590880098886754377257174640542563444023411173210553469784641256327920364588 - sampling time: 7.553399085998535
22010: Sampled 3 with 251197703137372638584428369841663001456444701993764463551330101935756411873027476269979786908943212261697307145744282834568947 - sampling time: 7.011084794998169
22009: Sampled 3 with 211474183372336772980629334442093489322952425746906833110753721773233171383432258530338739699658245759816966377658411309998396 - sampling time: 8.533552646636963
22012: Sampled 3 with 303401926262927785053394844819591320309200803006693883599898001246282672679509899471663830630799753113087885408442627274572757 - sampling time: 7.4560866355896
22003: Sampled 4 with 52047562175209230930496853726795446446655657854108826780868642232388527496421859133130861397042695085547518885905603238785776 - sampling time: 6.71114706993103
22002: Sampled 4 with 11088248839704343929675448249473254879431727060382638206344537083809793220174453940219028967760670922947272079610359706923859 - sampling time: 7.31902551651001
22007: Sampled 4 with 144439016021465360124024398841590122438400034630124062494629588652661980566316795338893590385549641233905006956668997917215350 - sampling time: 6.948528051376343
22010: Sampled 4 with 256075241806022905819056934159622049134082331962932365738573507562203133775352118748084643024882732656231839208571821809435806 - sampling time: 7.324797630310059
22012: Sampled 4 with 309192149486304392535851207155714159862732751836216029814676546740640647371779478985503865038053529515643673996883274544619046 - sampling time: 7.4978203773498535
22009: Sampled 4 with 211730249867883016713525549835753342515857685944684389412078205722423212091664675976527079188741803137521188897869330621918439 - sampling time: 7.998487949371338
22003: Sampled 5 with 53827101867214662710626980028855202540292976027034589679821821826330331659536330615422519244659555617544669066994386523286169 - sampling time: 7.525495767593384
22002: Sampled 5 with 11886979777994190555490741546434571436264342002307068039058284826988256888646613871984354292400090980901981445750888091320201 - sampling time: 7.2861104011535645
22004: Sampled 3 with 88123251062563754718329777139186802698812967845835854263723706498110046960504215125742230207095379520627686937559358206290637 - sampling time: 13.917424201965332
22007: Sampled 5 with 147293945158484558559105442877683656068587552673832045035904335998692175100310587564545896975109962232643752952518875939151235 - sampling time: 7.0655553340911865
22010: Sampled 5 with 266491204154247486056300759977190294573819725574802823285131771248914981151473788209950422887781425096947637043956072787823098 - sampling time: 7.654961824417114
22009: Sampled 5 with 213314033079916430971725960035163479742168467639501960501988293593259290031203553228781633937302401016170358745368304320028536 - sampling time: 7.226732969284058
22003: Sampled 6 with 60924875416487636623798336226796560818168591881593452197506581233489447562586142530357986537465056729823081226773305966694631 - sampling time: 6.7584943771362305
22012: Sampled 5 with 321833627225570477838908012066982368391878518129233293236329756560740499016838751677425011523218365279027281770836921140809814 - sampling time: 8.385771751403809
22004: Sampled 4 with 89572022754218097729105696850852784916483326590079923835709479569429685113658216865703369260670772221165505473749625820349343 - sampling time: 7.3821141719818115
22010: Sampled 6 with 270078980844945057462057912157510514344717052785518048165466333531844555560370652463305699172989960884503544725670313959228222 - sampling time: 7.045478105545044
22009: Sampled 6 with 213404575646861050934008290426467976517877848989063823762494841288674968264800916126071060048322170621936376008185657384641856 - sampling time: 6.687838315963745
22003: Sampled 7 with 63013909027008399244347291851539610160747831676743336878824669957242771475606126327457190011302032698587151656425529001917235 - sampling time: 7.288088321685791
22002: Sampled 6 with 14913568179298434096126740482572572204357616743082769243549812217356846933753828604828872778280866503068166026563682436574470 - sampling time: 12.464375734329224
22007: Sampled 6 with 155327130742292450986943027518467339317416441604269291720255810022892887481081135413590616296402708026279423608459139850225119 - sampling time: 14.221049308776855
22004: Sampled 5 with 94192839166446739163911005579862150017457689273720212122223964384536702442101500702361016413429331274497445067776976111621705 - sampling time: 8.128229141235352
22010: Sampled 7 with 270631602887146872863370990576134836672897452026117026151422048204434211544450030490184346827020284178840846910396261973575595 - sampling time: 7.382015705108643
22009: Sampled 7 with 214099966649064282337055173599273850553451883314410232415162030962208235067451791661441243732961429381303576150001791782734488 - sampling time: 6.954070091247559
22003: Sampled 8 with 63733950262730720926307893447031559673202457438492791585072444567537325682686306497324223470235335609259913589107812429242856 - sampling time: 7.663690567016602
22002: Sampled 7 with 15724071513473025374469408697754449886633473244678220674582592168591993390539308861300261837588072450570960764615073616888049 - sampling time: 9.087479591369629
22007: Sampled 7 with 156875088467637026231271038670127679570449189266643810832546323010145531355432088832089570464658910028000118242612625792593641 - sampling time: 7.3269922733306885
22012: Sampled 6 with 330340291734626014287286063021289304946269209081413849156272176011418062248528549982432822514316792593656989045190808543257779 - sampling time: 18.666921854019165
22010: Sampled 8 with 271444940937189730637865616623593969644458199338618837943789378939184666016104067730967969961893601148323867041977797491811416 - sampling time: 6.610253095626831
22004: Sampled 6 with 99673530256133321677151668391996967509260443504414355079952548646114369935339462621193851518913979486150840282630819986758453 - sampling time: 8.497624158859253
22009: Sampled 8 with 219791591711668747475276307936442619903836998429296800641812514239636237190577746319600137900633101712812838515334186179733366 - sampling time: 7.484226226806641
22003: Sampled 9 with 65314059809686814919053946181591123864550063477943910525934591009886874115608278267712215228657822010657227987954961746126585 - sampling time: 8.657561540603638
22002: Sampled 8 with 16444346153278272988852260043238871233179718350940427411821915614268509211787944791916813050345126094323545991883946462245728 - sampling time: 7.18765115737915
22007: Sampled 8 with 159217680889335205754463404032390676789280162774208614128763272049488272675660332842073606857256982419561842091588107753719298 - sampling time: 7.225192070007324
22010: Sampled 9 with 272748262070975660784095199979648689179856724856458508358640011231599400759945105292983951858511460106676281460185856206175454 - sampling time: 7.008590936660767
22004: Sampled 7 with 108741726968224600586618202993302167985556614667097565685414509765277778071938633953725139058714048915268139962728787001798811 - sampling time: 8.429794311523438
22009: Sampled 9 with 222960807475617429521311549760008744418631590666978124829570999293707540617655119962776643877174860304292474070287073712873364 - sampling time: 9.254108667373657
22002: Sampled 9 with 17165970186934768884058447472497977213995921986433867239738360140623848328748628584097189539391297738690769295115406094056994 - sampling time: 7.324275970458984
22012: Sampled 7 with 334500917855716374318397567277656791147752572075110360796107445520763475718343319118020718610341550409783442111132024556675481 - sampling time: 11.934595108032227
22007: Sampled 9 with 160751759617121518885077680902573085628240568747127693676824138745915497130935839872919103281027691543025470542975510074174843 - sampling time: 7.105443477630615
22003: Sampled 10 with 70495139169167838886745743162653177064418833354787568496063049452826374403992597095286845297502816110996282657403539241339153 - sampling time: 9.84749698638916
22010: Sampled 10 with 273276242023919382964643736931980412223697227088355701978337923564039207795673926766334828579155322746117916897260241915822782 - sampling time: 7.0822625160217285
22002: Sampled 10 with 22468593794924589742789274972907535127115358105646690032795202649230584523219877415044348680767670991272615023946457464685678 - sampling time: 7.510714530944824
22009: Sampled 10 with 225289789130008400128311030461631383445221134547391264617880140025929268935455050658191976132717492543294257418605385979490320 - sampling time: 8.75970983505249
22012: Sampled 8 with 335366362544804603401847693718065196033682407451025827478889765075465108011617635018588672983424873828804828826555966141576723 - sampling time: 7.938674449920654
22007: Sampled 10 with 167355010351220924599453064085830815066424262302603400260825634650183003945217690129851613488499878371622789381850234912187878 - sampling time: 8.051180362701416
22004: Sampled 8 with 111477453354393152636765822426094291867582186053160966438573080918077113401272819164818747607012720248948147018505209458299094 - sampling time: 14.960450649261475
22002: Sampled 11 with 27236878198688689444427986113024774437272390089235240489643230993699362359228866545913271598399735836400132282620578663378646 - sampling time: 7.291680812835693
22012: Sampled 9 with 345974131876932443425699187346579039446338375702844478992660821409257385345877063636733145921125694384759057236226367158031747 - sampling time: 8.06480073928833
22007: Sampled 11 with 171947022347891933036540392157208391697187102947600426210842808178034797399232849297498290694971743913959509936158075745986731 - sampling time: 6.687173843383789
22009: Sampled 11 with 229120631889070955673507206444912238003023006309469319952428577637126744050976150411194344658368233196566484468023102392709452 - sampling time: 9.222806453704834
22010: Sampled 11 with 276774183177686113231825420274613214875079506021309120701796452830807887959444881764287402703858574942219646887525601843461471 - sampling time: 14.450366258621216
22003: Sampled 11 with 71318639400854615726938909962565375816138349444895532583614962139925254517871559138854652931409093939671897939328162002269392 - sampling time: 14.733214139938354
22004: Sampled 9 with 114954069956067965015163325644278438706568262313615685513358099274270251236426921853909007772625390957979027533257143558802842 - sampling time: 7.028624534606934
22002: Sampled 12 with 27272504668051203410068742478160180901565130053201517288886954739280741417120362483870046094902554091188557563147938059261569 - sampling time: 6.810249090194702
22007: Sampled 12 with 175467949320674304659124630247026107840810733698324830472853897535595407430706449353280365059757093301667743514190157957721565 - sampling time: 7.637058973312378
22010: Sampled 12 with 284781276978282353391828009784009279736252488458936886320456998022216742095425149319748218938033486674499579623907644703124845 - sampling time: 7.394660234451294
22009: Sampled 12 with 230704671624898848665511048787209452387150783993978217477245004305243113321802059055683285711950075796981407147039072266831376 - sampling time: 7.829496383666992
22003: Sampled 12 with 73545582368089297920327123020664777239342457124409347155784948657107732336641073311461779436644403339823594828665224068519206 - sampling time: 9.110798597335815
22004: Sampled 10 with 119525634603819538383715831134344824137956580352435523444034401398158759566156934635317653905867657449057120134981489207038235 - sampling time: 7.003035306930542
22002: Sampled 13 with 31806341249657274361695985324413225608962099606767234636755369567816075155875802164326851710687334835374306833415596313885423 - sampling time: 6.990450382232666
22007: Sampled 13 with 176259102786283967981438211538688192752372196288906675785354534444572976459684184109485064773632689865270065843757837366827256 - sampling time: 6.644029140472412
22012: Sampled 10 with 353986297443689599770786019013564913766218504656670126504160233735573187624246193391909828318565600650869578658081224298814951 - sampling time: 14.39416217803955
22010: Sampled 13 with 285976344653325033538575618550116808474482332413882562611468880074565305022462321019994934089684043328545402788793786988308231 - sampling time: 7.011228799819946
22009: Sampled 13 with 232613511224190558889082757205860654901957747502894295502678772189104935512428836006452938367122580975015993708640194657645883 - sampling time: 7.492345094680786
22004: Sampled 11 with 120881646631667196854212666897954720023058073836644319056202266143345714476040506086493348322465368937268505755301200356062252 - sampling time: 7.2963738441467285
22003: Sampled 13 with 75733002547809032077135666138883909119809912416994480643733582227073418163928637283896221005597316507901338437967871527040396 - sampling time: 11.498783349990845
22007: Sampled 14 with 192175426163420945389457369993875241406667202838234719623581706538282500508269785181855110190699107514902563029396733000781764 - sampling time: 7.2034735679626465
22009: Sampled 14 with 237314624779267472247227586411559813140866462058958413164493307440092920107541812237479139409368913902257478247840791438050398 - sampling time: 7.264525413513184
22004: Sampled 12 with 123120175018499792290091181522520966162381727792754197700488997706602330635086718941191059277417632183004567601568952699531229 - sampling time: 7.197981834411621
22002: Sampled 14 with 33683677869837616417269719254991644098423210953499090496568280877307408463323600331354708712222450219149713652686606754089714 - sampling time: 13.854967832565308
22010: Sampled 14 with 286977620401674221900411972206361524015117902839710163329506109353479633022557518206764825655440308555331992578023878428246387 - sampling time: 13.55541205406189
22007: Sampled 15 with 197454554321260542968815598017435430558033800989899499299047388785994198039063700070341746216737741348420491437010622578898635 - sampling time: 7.962622165679932
22009: Sampled 15 with 237806322928061493508415310576263816923821292529943627972193697292767135099633606680453969709569477745925245004408443266322854 - sampling time: 6.572284698486328
22004: Sampled 13 with 125610195769974762893347543160173857282598475770637047063070664334191418878110505935833968206358397552928275470253710461762283 - sampling time: 6.5375823974609375
22002: Sampled 15 with 42989231093321603285607644840907045970096624214052946643480902456711784293032910890203840666515440271937642440320565058433081 - sampling time: 6.971719980239868
22003: Sampled 14 with 77299110751178117377007254618546290012498992779220349878145179105791203594228983389253028494760288864377617617482875246998185 - sampling time: 12.506584644317627
22010: Sampled 15 with 287434823397432075333062328943973466867637941961127192663118676686732821717679110606823170945683634309882093815029440965656926 - sampling time: 5.797393083572388
22004: Sampled 14 with 126644340102858245150293091940784037467736351595136997631860100049893849280948766807785961351756426340891105646774509739145478 - sampling time: 4.91820502281189
22003: Sampled 15 with 81546333881137807419359585136925370366485483071992436019244167449633476409568161101464125727060842875290340405858702979630403 - sampling time: 5.834319591522217
22004: Sampled 15 with 129825404853092312921588026461462650069618985125694016145300516406115638946560714122331257126463620342354138650399350381401974 - sampling time: 4.644219636917114
--- total time: 135.57815504074097 seconds ---
Output samples created on:  ./Samples/smarch_opt/adderII_100.samples
