Input file:  ./FeatureModel/at91sam7sek.dimacs
Number of samples:  100
Output directory: ./Samples/smarch_opt
Counting - Total configurations: 25892172695631707467339544510355380330925246273138094412939752157280397331800857701433969660218983783924368850353132622389972000
Counting time: 2.492263078689575
14120: Sampled 1 with 8027946632534785986538724224408818865338147626711905752969247370152664219409801389262229952469944903393985721140503907375391256 - sampling time: 11.10214900970459
14118: Sampled 1 with 280385509389640264425260494616922145208525999114047484618910558858319724934512177216949238221433562645661587596185797786847045 - sampling time: 14.052211046218872
14119: Sampled 1 with 3643566291963497898939767887623964585189466718606962942872023960191873515980884650601403950731693097167853310475545284216907685 - sampling time: 14.062249183654785
14126: Sampled 1 with 23592147024589900512636425958955029274568221416519008147603764630235655187599840432108932360331519684407304662155483173273544763 - sampling time: 16.48605227470398
14125: Sampled 1 with 18818989267575870651526269877366852700291816795014683626447624285380993108272958696299613528482768995848661555749236055670790711 - sampling time: 17.26387643814087
14122: Sampled 1 with 11828280995930733552103166425921538536516269969672318024118176262443874546693893552094431595786236982020424199758367867139138363 - sampling time: 18.56429100036621
14124: Sampled 1 with 15358350686121926031339044306326760100713791726518887562272002622737974164765451482154543380462264346334694106007131711055657864 - sampling time: 18.78025794029236
14119: Sampled 2 with 4162451105939834344083400377097963661797987815549195077983457812990039552069683691611745407707885001700890422780390704191041631 - sampling time: 13.068142175674438
14118: Sampled 2 with 447938758216215431792474067607478858567055115429346692066747174686070703682621368691627116313184966141058393830572610372326130 - sampling time: 13.344017744064331
14126: Sampled 2 with 23611131294634780128975933350267400748178524596630220467630127326131921055508056036998729223864647726007015077806440014559780317 - sampling time: 13.333024263381958
14125: Sampled 2 with 19375481047440438753822338927627659473754704785696281522314133253748027966219506048392914129249328086379746080192539446763890510 - sampling time: 12.811997652053833
14120: Sampled 2 with 8135932022118798387131896250598054829158730586158357094822585853234207907020893166162897771703301160483517445670785017832863097 - sampling time: 19.365184783935547
14124: Sampled 2 with 15577545104469183527515071003513485431895525645025914235646457730522400883898414486352329631363219039237263976710389577693158296 - sampling time: 12.827946662902832
14122: Sampled 2 with 11836034118747990734304109831728704396522704155986251051995891010365340644188987856228407663615809208983488679092202900686728555 - sampling time: 13.06464958190918
14120: Sampled 3 with 8148061452195875159081426892102345837648941653165175251037349074105946764161347333691433239386108850815217432421522250671664405 - sampling time: 8.61011815071106
14119: Sampled 3 with 4779690501231216141728474158372902229566093469316767771967396344577669490051448181449303240823390798014982789476117178725515347 - sampling time: 13.5530104637146
14118: Sampled 3 with 1052388302558234533744733277008022986943973063982317829585901396626531201457477944075189924639451595351862867953533569191518526 - sampling time: 13.506560325622559
14124: Sampled 3 with 15706716979066336870514231102626356026366105185324618361968052550571232889579756983467651642675340845744370461437280759228261578 - sampling time: 12.778515577316284
14122: Sampled 3 with 12263770072164879260871390418539948388837657527460205827445871912774824161187816372815873719227498656813852696838237436979185828 - sampling time: 12.876142740249634
14125: Sampled 3 with 20001052669929672403994529171771744714779354069791238097884419490112903977026921527463795509779879159659591683171629299325853022 - sampling time: 16.900315761566162
14126: Sampled 3 with 24072972655204654868235913376601696740916910415115662524685182684848718076364372587688150867487722746997051705847672206242824181 - sampling time: 17.58800506591797
14120: Sampled 4 with 8776894837367534040020232879203012273147964621005317229816824890044962155964804505244113903653460916556992001977180707470224191 - sampling time: 12.50705361366272
14118: Sampled 4 with 1419269959398187519472499898636362810462230618534241138853645042545821843740499658756050085090002402923220170549658699597396685 - sampling time: 12.95099925994873
14124: Sampled 4 with 15772248071127164749808976115661134603176675361128931375003713602483633442387829085876693057031623960638329278223409724101781481 - sampling time: 12.521726608276367
14119: Sampled 4 with 4863761714835583136913343444554464892818972434801820748141889786671363334115657025267493030181975686278496417691849425550305075 - sampling time: 17.287094354629517
14122: Sampled 4 with 12599235106482464904290267915189155107698159741122869852813635509031423986876483099142056814138451286503342687105560626942405005 - sampling time: 13.50972843170166
14120: Sampled 5 with 9122127150983373853668190495667675563771464053346892383203022342116151175253864322542622945027056237914892022605819217098514140 - sampling time: 8.444527387619019
14125: Sampled 4 with 20222437050872748673523241704089753617896821125468222563410603547883649936202595721550537893763176837304466188972153024725296892 - sampling time: 13.47007441520691
14118: Sampled 5 with 1460679816696107292922644131176298670455225422202900412253200897781844328454307300656452281849109989311699741664152365014554937 - sampling time: 13.106192350387573
14120: Sampled 6 with 9369275710250149234503020912009530763194352321776974335610756127371961724963136800655628789956173834668230427323305491704035989 - sampling time: 7.637372732162476
14124: Sampled 5 with 16167878310191457655728814725195579153670466301484374830450478122949831629923012254349102745420792882041323060025821415037446341 - sampling time: 13.89378547668457
14126: Sampled 4 with 24662600800525019254464238326915504683297304492002451839215766675007684468621429685097698432909311975664488989903173648512102280 - sampling time: 23.68766450881958
14122: Sampled 5 with 12973108719625479094847536175357359281395257950043045170964305014318560267415200889786645583210797905445868995183065260633866862 - sampling time: 13.34826111793518
14119: Sampled 5 with 6043022840780499983818012578076304995840973249327193598867736889532047778125422108333039387636795192847850214338757913790285993 - sampling time: 15.079630851745605
14125: Sampled 5 with 20621214967910101733308785793699832976980814224546939327656434418010530846089627004844208728163425314885909663730950622099176964 - sampling time: 13.059091806411743
14120: Sampled 7 with 9377178264472055504778139400294210934776436655787779267405518393464274280125507124191676630523540057411777519030379858530953139 - sampling time: 7.1698219776153564
14118: Sampled 6 with 1804071203408457417732556783374668469516395364602401044739376674538398063599857029098483408316369211387503415132124745381591785 - sampling time: 13.37938904762268
14124: Sampled 6 with 16231422089598679275542428278306591649814270031232983897039775426728100853366825366490429210017929623294896495047158196951379218 - sampling time: 13.103162288665771
14122: Sampled 6 with 13433037883363078905494207346961580444373744572349187471492934189982053015083428662618666229834965058153750632037336860837042867 - sampling time: 13.005261421203613
14119: Sampled 6 with 6084374794772712009701537733517803913532981709307605936534486346662668631607525693039231260406751530448744196295946316949864070 - sampling time: 13.234806299209595
14125: Sampled 6 with 21261719910688676778480801974632856230202313577153108020156630518716216444084230827315006414318584468397721767133524292399926627 - sampling time: 13.196259021759033
14126: Sampled 5 with 24672750365301713259921412726970745269654273948309682524241502655613830563733560699113743255727209553645448523472025958721904121 - sampling time: 16.673879623413086
14120: Sampled 8 with 9589555911671367801632885121658925748226994538168270251454095052839370693566788339454788659752909718574985867760039574447484574 - sampling time: 14.869387865066528
14118: Sampled 7 with 1884898101434953753159627862765846032039825378656865482240528045428143848923530969022922856972195289082938421846400967264380222 - sampling time: 12.982104778289795
14122: Sampled 7 with 13468377920516808249577759218246535002061241215393508763575956538078445862184112887117741617017466740479873935837339801551907627 - sampling time: 12.946615934371948
14124: Sampled 7 with 16658450228810545914151552743182311708869388452864226428397687610489343927858325443407106710493460772915057691121462699974291842 - sampling time: 13.745476722717285
14119: Sampled 7 with 6195516058054168926452591858924793489310108574059361310217847497436168488499017162419706029458678205009058917892663473064073735 - sampling time: 13.104458093643188
14126: Sampled 6 with 25302195922232333563809980207011573116509249138068567462825567791571592113466492023717120571318047771167216358896751582045589443 - sampling time: 12.6640043258667
14125: Sampled 7 with 21385936401863567803218064963654978346712700029430366442751310607534835430513986518950123916627207467204488412424076698051177064 - sampling time: 13.800686120986938
14118: Sampled 8 with 1970530969768223424883418549817059802197271254467408124136236688903055030442391693683644979559429712267894247524988191932607509 - sampling time: 8.45850419998169
14120: Sampled 9 with 9693576778960238323025606322264986531348024079339783052638851191418918807158119445096976444642573755482049421009086236894571931 - sampling time: 14.17963695526123
14119: Sampled 8 with 6623773152330313412612166388015413768174582696933218275919516021101218265810565316940988286407433882037839523180202671524130097 - sampling time: 8.400477886199951
14125: Sampled 8 with 21445887399477230055166640615329018053271801877669713905192822075583488024223038005788603000512242860118624026512657571198450886 - sampling time: 7.863956689834595
14122: Sampled 8 with 13472145335561336272245978958707002364213141658269356421408047454884320049864588561446310676588928936561056454476150690705517034 - sampling time: 12.372592687606812
14124: Sampled 8 with 16679633636299611970651236069914170475486732219270356579978554722638065558055256746639460866274531222526607878387901720700143177 - sampling time: 13.083516120910645
14126: Sampled 7 with 25408662224958175512450200862759791961328122490712225686645515376635969515500334341517123066344075160905276712237705206598916635 - sampling time: 13.622639417648315
14118: Sampled 9 with 2018519721706350413886073853903974826798691242478256213536791140129376537325969066328093096029423406566238250502953924818528624 - sampling time: 12.896906614303589
14120: Sampled 10 with 10921457575232261932452195070960241668137586954572157441023368197788674053974240905265955983710773669490350713570106640084754526 - sampling time: 13.215108394622803
14119: Sampled 9 with 6800025126426799230854840218570353252109591444855684150629354741851420070190930140116664403537521545267368275957673954147128002 - sampling time: 13.510056018829346
14125: Sampled 9 with 21873833902680645392923916215659746737719970600694191786277199247449671734147271571837145078045885853732729100473029123414726208 - sampling time: 12.987778902053833
14126: Sampled 8 with 25681014505852805777827276566160872777506821948970824751215102817345597967176067597342912266184481063615945651823520011023615529 - sampling time: 8.531147718429565
14122: Sampled 9 with 13599196946655614250712832832550499926219534766006070488839172153473041338687428963143733218417911380394938074410701053989394865 - sampling time: 13.203007221221924
14124: Sampled 9 with 16837051503724209942813239996154572833248575795592435974333133993617810816550866902440688118426154485659814159830737248818066419 - sampling time: 12.915276765823364
14118: Sampled 10 with 2235183901637344260727788232310148201456192646200714657354932709003278527658346166108856937250222028066584267590924307945110892 - sampling time: 13.92471432685852
14126: Sampled 9 with 25682095305768619985776129340514961469255025315829125140150810262990472621671727598213062425580578369427834296370670096795920744 - sampling time: 7.852710962295532
14120: Sampled 11 with 11175069328185530450510533536569836971829078402015458132215493165447351946094025740903447260311817328869274713077068644930388796 - sampling time: 13.67992615699768
14119: Sampled 10 with 6889522978879536466044118522903410128140800738542632717526830365112178027990808785892821354483406409749088336367201154654131046 - sampling time: 13.201472759246826
14125: Sampled 10 with 21889504729748460761510112806152126743792497450060887914659771738462672785821304722571198248980837787122561425533587484785029049 - sampling time: 13.343762159347534
14122: Sampled 10 with 13782172732606228102437905566639489539098791086566526476861515482101254860520132257122017640593504066525810838518499770100518680 - sampling time: 13.33478307723999
14124: Sampled 10 with 17782885946630522938013171427240966515535356280355464954822606071932017555943738011274876594582851467314620919975678338582309338 - sampling time: 13.421207666397095
14126: Sampled 10 with 25691506099722695822173502024323753567574938008065921904181753533128283797151736098802735377553690827067531834649930623058867291 - sampling time: 8.631728887557983
14118: Sampled 11 with 2534773922492010047152944896617459566794826932192663988754737087451300308523365851504899187225570874652368259820440961754510134 - sampling time: 13.265204906463623
14120: Sampled 12 with 11370927177132408639593630514618101047823390136548566158565237175448784682528157260532706088766961999020108705449595578142800682 - sampling time: 12.990689516067505
14119: Sampled 11 with 6992729687106528265659519716011566894896231068150323674310036104031391502894389626822832562760321816048553943378956063338491905 - sampling time: 12.991276502609253
14125: Sampled 11 with 22126620320439321544100121437020112776202185811154781079076082276981724200497194174264167457062561106479384689989452642475553607 - sampling time: 12.814976930618286
14122: Sampled 11 with 14032921163755981257544416213755412636606522417179233462641561914700705680044736427205068352835803287540782994482229906611476050 - sampling time: 12.40271544456482
14124: Sampled 11 with 17859185153832322538459109269151163301969714106606829216290040381946773880739892858485527009077160717998794837104506931787172892 - sampling time: 12.514572381973267
14118: Sampled 12 with 2783770788851811852871611391133580957511277585994227435671906640630611657243456832579290714186916117058317061275867397182463515 - sampling time: 9.288488864898682
14120: Sampled 13 with 11437043402840321164444585679249757673892491818658785890840231177371823716709614040930192071004184232818183085631298698913850584 - sampling time: 12.30864953994751
14124: Sampled 12 with 18188190738751448982667665886368308153073578991847047437570828143442267990861594862760784797735055155377536797912789036555253108 - sampling time: 9.120368480682373
14118: Sampled 13 with 3031408662755158033566417159398337872107121737526906555949286839004212599935469874259440628535988619157809162870223937601623191 - sampling time: 8.470359086990356
14119: Sampled 12 with 7037189232366434896205786829344562837863577813730621869825487855791927877054837390044263607645605225896588518712673381348597107 - sampling time: 12.477205276489258
14125: Sampled 12 with 22488619358667868864714702788027433673425873689847903787135195213109591627895213070050983253091317092240187286834890671644784208 - sampling time: 12.857106447219849
14122: Sampled 12 with 14114270403849499474881231440013661689486360049614129189988995712078753751513787392939715056711741120504788080943557677293280350 - sampling time: 12.844815731048584
14124: Sampled 13 with 18416140661436574988512604690824407415062073022276204158434093693717224869735986058232248173574724738792955413240146170268524325 - sampling time: 7.447278022766113
14118: Sampled 14 with 3123859187765699307269113057992469880254462839347287406925104195855828898595662531131768720602979435616075301536378986396938062 - sampling time: 7.503539323806763
14120: Sampled 14 with 11492717889366749151269613508891578818239616361704176630171018843581278453594111145891309493079858294494006926966007286445348199 - sampling time: 12.389719486236572
14125: Sampled 13 with 22518077346753282305785264367013828371865371544029096531149025072716606085045258378547037534272693692282754822470729683761272269 - sampling time: 12.32314419746399
14119: Sampled 13 with 7234263074198878129608035639971314834457179244079368098640946426647559242225219263469217390314662004957438925674987950435918406 - sampling time: 13.30253005027771
14122: Sampled 13 with 14193698194839329560717080813128465905265692334387953585410302387172599529088720552717377541247651779310488983674537788100006988 - sampling time: 12.378281116485596
14118: Sampled 15 with 3178465312066959528426483097587593721254724070085635718821105248189382322756506619063979925426644699047152764886947721468151882 - sampling time: 6.90601372718811
14124: Sampled 14 with 18616018780884871927346978755604884004418299102724670984649471166742866731829889655760323247852673843514253056481558561294056261 - sampling time: 11.95197582244873
14120: Sampled 15 with 11814042438158067256566994666001633501781119911850716251861465666429760428368248565075147461141641502406535867666513316765180049 - sampling time: 11.986209869384766
14122: Sampled 14 with 14810270290072241973945280640994970871128696134875109020650608206544015295452338102481975753098773184681350811927205785621289838 - sampling time: 7.420963525772095
14125: Sampled 14 with 22674333950924840367598422070021481575178761662717307390755925270616454570626595901040311778972582871799573112014084861386221144 - sampling time: 11.011226654052734
14122: Sampled 15 with 14876372456130280808444569082736226818384931707358038724057385500898351606823842300092973793748316482588228873530818725976785876 - sampling time: 5.5289928913116455
14119: Sampled 14 with 7857168518393746743368359460676876994524494874628632946318823487728684461804272385380410677374789009594542290385118969483793727 - sampling time: 13.80305027961731
14124: Sampled 15 with 18815425726949110521569248287996049148647527086987380044165719202241937670455882381835581377015506420443519214596096281164324409 - sampling time: 10.337546825408936
14125: Sampled 15 with 23356786198983078927682640481006122710368160424385187661751325306699177546943995589123243160535173401127155341101967952204025427 - sampling time: 9.521191596984863
14119: Sampled 15 with 7875827328414894173676529978585795915185195893719473837649935556476050138732426791966510622722889072550943414239806497488971638 - sampling time: 9.125245571136475
--- total time: 198.72270941734314 seconds ---
Output samples created on:  ./Samples/smarch_opt/at91sam7sek_100.samples
