Input file:  ./FeatureModel/axTLS.dimacs
Number of samples:  100
Output directory: ./Samples/smarch_opt
Counting - Total configurations: 428726493299198656512
Counting time: 0.11238312721252441
5838: Sampled 1 with 4817125211840735166 - sampling time: 1.546790361404419
5840: Sampled 1 with 166772918637982717445 - sampling time: 1.6766231060028076
5843: Sampled 1 with 273689788425862553837 - sampling time: 1.7216558456420898
5848: Sampled 1 with 388446519489757869771 - sampling time: 1.7227375507354736
5842: Sampled 1 with 234888037247893596068 - sampling time: 1.7358520030975342
5839: Sampled 1 with 106164891784514268787 - sampling time: 1.7750136852264404
5846: Sampled 1 with 328503452008845170798 - sampling time: 1.7740273475646973
5838: Sampled 2 with 9662865209610019824 - sampling time: 1.6612544059753418
5840: Sampled 2 with 168040637888468360837 - sampling time: 1.5825011730194092
5848: Sampled 2 with 389652276425861989635 - sampling time: 1.5781164169311523
5846: Sampled 2 with 330340290323057142897 - sampling time: 1.6351590156555176
5839: Sampled 2 with 108530820915636442484 - sampling time: 1.7144219875335693
5842: Sampled 2 with 243539756357360181015 - sampling time: 1.8204097747802734
5843: Sampled 2 with 276648578340990734800 - sampling time: 1.8536710739135742
5840: Sampled 3 with 168901103267020670249 - sampling time: 1.6093051433563232
5848: Sampled 3 with 393326627626888424977 - sampling time: 1.628408432006836
5838: Sampled 3 with 9825069250113754846 - sampling time: 1.793851613998413
5846: Sampled 3 with 331996664742711227158 - sampling time: 1.7419805526733398
5839: Sampled 3 with 111129314865475456822 - sampling time: 1.6995172500610352
5842: Sampled 3 with 243869822963040078741 - sampling time: 1.7041749954223633
5843: Sampled 3 with 278066790747638985668 - sampling time: 1.9050946235656738
5848: Sampled 4 with 393550902000439913114 - sampling time: 1.5474600791931152
5840: Sampled 4 with 182850731361723004084 - sampling time: 1.7204911708831787
5838: Sampled 4 with 12528051935432864943 - sampling time: 1.6372697353363037
5846: Sampled 4 with 333766500785492130932 - sampling time: 1.8112926483154297
5842: Sampled 4 with 245331775818033032427 - sampling time: 1.7820181846618652
5839: Sampled 4 with 123277361999018524552 - sampling time: 1.8986172676086426
5843: Sampled 4 with 278219798850050988263 - sampling time: 1.8547766208648682
5848: Sampled 5 with 396519719324529227929 - sampling time: 1.5887327194213867
5838: Sampled 5 with 18139529919910238801 - sampling time: 1.5352563858032227
5840: Sampled 5 with 183562826717167559548 - sampling time: 1.75124192237854
5846: Sampled 5 with 335412028688488411409 - sampling time: 1.5394694805145264
5839: Sampled 5 with 124657399961635842078 - sampling time: 1.5113813877105713
5842: Sampled 5 with 251049681452523456874 - sampling time: 1.783125400543213
5843: Sampled 5 with 280615505652594636763 - sampling time: 1.8040423393249512
5848: Sampled 6 with 398423546349997826878 - sampling time: 1.550363540649414
5838: Sampled 6 with 39165255950264593999 - sampling time: 1.7112410068511963
5840: Sampled 6 with 187642431529133706518 - sampling time: 1.7475171089172363
5839: Sampled 6 with 127250591891290305984 - sampling time: 1.621575117111206
5846: Sampled 6 with 337220743697561911954 - sampling time: 1.8130707740783691
5842: Sampled 6 with 252741623409031419533 - sampling time: 1.8118915557861328
5843: Sampled 6 with 283644684673308812607 - sampling time: 1.8412353992462158
5848: Sampled 7 with 403364876522608384769 - sampling time: 1.5923540592193604
5838: Sampled 7 with 41799704364724956789 - sampling time: 1.7752134799957275
5846: Sampled 7 with 338872976193564850451 - sampling time: 1.60817289352417
5839: Sampled 7 with 132138830795720468939 - sampling time: 1.7611007690429688
5840: Sampled 7 with 188110833043779201984 - sampling time: 1.9194331169128418
5842: Sampled 7 with 252971482645590317299 - sampling time: 1.721409559249878
5843: Sampled 7 with 287607671532281845538 - sampling time: 1.9206836223602295
5848: Sampled 8 with 412292292225058354742 - sampling time: 1.7114794254302979
5838: Sampled 8 with 44420829566198594647 - sampling time: 1.719376802444458
5840: Sampled 8 with 191525594391516884627 - sampling time: 1.713521957397461
5846: Sampled 8 with 354203308897906196236 - sampling time: 1.8306279182434082
5839: Sampled 8 with 135100913314973743482 - sampling time: 1.807422399520874
5842: Sampled 8 with 255276303827662387346 - sampling time: 1.7447431087493896
5848: Sampled 9 with 416719064578597834472 - sampling time: 1.5337646007537842
5843: Sampled 8 with 293155165274354113301 - sampling time: 1.6195664405822754
5838: Sampled 9 with 51717214404655936097 - sampling time: 1.7409915924072266
5839: Sampled 9 with 138872792264242203010 - sampling time: 1.712205410003662
5840: Sampled 9 with 201964929990022858128 - sampling time: 1.7985758781433105
5846: Sampled 9 with 357656268912621433699 - sampling time: 1.7902553081512451
5842: Sampled 9 with 257878166599390428204 - sampling time: 1.8562743663787842
5843: Sampled 9 with 293675351909408223773 - sampling time: 1.5590336322784424
5848: Sampled 10 with 421559217853626253844 - sampling time: 1.6639289855957031
5838: Sampled 10 with 68970936210221210252 - sampling time: 1.5617613792419434
5839: Sampled 10 with 140129944687425759698 - sampling time: 1.511307954788208
5846: Sampled 10 with 370325559069895035696 - sampling time: 1.5472934246063232
5840: Sampled 10 with 204414952653345893962 - sampling time: 1.6298727989196777
5842: Sampled 10 with 259135294863704537716 - sampling time: 1.621349811553955
5843: Sampled 10 with 296707291327903065437 - sampling time: 1.542741060256958
5838: Sampled 11 with 76949827847779464069 - sampling time: 1.4831371307373047
5839: Sampled 11 with 141016367987411806304 - sampling time: 1.5057766437530518
5840: Sampled 11 with 209290736866646395556 - sampling time: 1.5291807651519775
5846: Sampled 11 with 371135358385229079089 - sampling time: 1.6155407428741455
5843: Sampled 11 with 309405905601306317490 - sampling time: 1.4670498371124268
5842: Sampled 11 with 260043305528242948354 - sampling time: 1.5801637172698975
5838: Sampled 12 with 91314909661314445794 - sampling time: 1.4818520545959473
5839: Sampled 12 with 142755918003482737863 - sampling time: 1.4793343544006348
5846: Sampled 12 with 372371299475928552580 - sampling time: 1.4895780086517334
5840: Sampled 12 with 216274030770320455751 - sampling time: 1.6438407897949219
5843: Sampled 12 with 318400297228719397884 - sampling time: 1.670630693435669
5842: Sampled 12 with 260283658346523137236 - sampling time: 1.6249730587005615
5838: Sampled 13 with 94640294318993169958 - sampling time: 1.5315845012664795
5839: Sampled 13 with 149964309138890763016 - sampling time: 1.6368815898895264
5840: Sampled 13 with 220237402943678131460 - sampling time: 1.4050157070159912
5846: Sampled 13 with 373799041577674072559 - sampling time: 1.5674643516540527
5842: Sampled 13 with 263972312482382350681 - sampling time: 1.5987787246704102
5843: Sampled 13 with 321801573833024710960 - sampling time: 1.6319944858551025
5838: Sampled 14 with 97979219962477558906 - sampling time: 1.509474277496338
5846: Sampled 14 with 377620100112609493792 - sampling time: 1.4314899444580078
5839: Sampled 14 with 154956421292279606318 - sampling time: 1.6289570331573486
5840: Sampled 14 with 225323734686336370205 - sampling time: 1.6193032264709473
5842: Sampled 14 with 270480950121951896975 - sampling time: 1.4985191822052002
5843: Sampled 14 with 322056106507335948022 - sampling time: 1.5189557075500488
5838: Sampled 15 with 99683464333779302387 - sampling time: 1.6217174530029297
5846: Sampled 15 with 379592296907285833026 - sampling time: 1.3726778030395508
5839: Sampled 15 with 157466957442902172979 - sampling time: 1.4786438941955566
5840: Sampled 15 with 232721463844258908033 - sampling time: 1.592378854751587
5842: Sampled 15 with 270973259557094162587 - sampling time: 1.2935516834259033
5843: Sampled 15 with 326754420626639111171 - sampling time: 1.3208634853363037
--- total time: 25.365248203277588 seconds ---
Output samples created on:  ./Samples/smarch_opt/axTLS_100.samples
