Input file:  ./FeatureModel/axtls_2_1_4.dimacs
Number of samples:  100
Output directory: ./Samples/smarch_opt
Counting - Total configurations: 1962126104736
Counting time: 0.08581876754760742
20061: Sampled 1 with 1347734382650 - sampling time: 0.3228456974029541
20055: Sampled 1 with 23633350669 - sampling time: 0.32857275009155273
20059: Sampled 1 with 1083203751618 - sampling time: 0.34618377685546875
20065: Sampled 1 with 1768530938077 - sampling time: 0.3778519630432129
20057: Sampled 1 with 763421986821 - sampling time: 0.38144564628601074
20063: Sampled 1 with 1556807593569 - sampling time: 0.4560093879699707
20056: Sampled 1 with 465770432326 - sampling time: 0.4618411064147949
20055: Sampled 2 with 38004824521 - sampling time: 0.3626992702484131
20061: Sampled 2 with 1376771023039 - sampling time: 0.41675519943237305
20059: Sampled 2 with 1106243922558 - sampling time: 0.43685436248779297
20057: Sampled 2 with 851779693460 - sampling time: 0.42553186416625977
20065: Sampled 2 with 1773279513594 - sampling time: 0.4305887222290039
20063: Sampled 2 with 1565705202158 - sampling time: 0.4167604446411133
20056: Sampled 2 with 473640470551 - sampling time: 0.42118096351623535
20055: Sampled 3 with 58023162157 - sampling time: 0.43215298652648926
20059: Sampled 3 with 1123107541976 - sampling time: 0.3618957996368408
20061: Sampled 3 with 1435832700346 - sampling time: 0.4489011764526367
20065: Sampled 3 with 1799545389003 - sampling time: 0.41727495193481445
20057: Sampled 3 with 852091411557 - sampling time: 0.4428215026855469
20056: Sampled 3 with 492920798786 - sampling time: 0.3818633556365967
20063: Sampled 3 with 1591790550629 - sampling time: 0.43611669540405273
20059: Sampled 4 with 1123936990943 - sampling time: 0.3802502155303955
20055: Sampled 4 with 174084935767 - sampling time: 0.45402097702026367
20056: Sampled 4 with 501599189465 - sampling time: 0.3911283016204834
20061: Sampled 4 with 1437457500417 - sampling time: 0.46582722663879395
20057: Sampled 4 with 854715790867 - sampling time: 0.4111967086791992
20063: Sampled 4 with 1600133802854 - sampling time: 0.3546290397644043
20065: Sampled 4 with 1803288364479 - sampling time: 0.4477548599243164
20059: Sampled 5 with 1175247567378 - sampling time: 0.4213547706604004
20056: Sampled 5 with 512150626807 - sampling time: 0.3429274559020996
20065: Sampled 5 with 1807874959216 - sampling time: 0.39501428604125977
20061: Sampled 5 with 1451413484702 - sampling time: 0.419996976852417
20055: Sampled 5 with 200454193957 - sampling time: 0.510617733001709
20063: Sampled 5 with 1611550589780 - sampling time: 0.4292867183685303
20057: Sampled 5 with 900394006391 - sampling time: 0.5124855041503906
20059: Sampled 6 with 1176244456462 - sampling time: 0.42534780502319336
20056: Sampled 6 with 528364999370 - sampling time: 0.4004945755004883
20065: Sampled 6 with 1835328415459 - sampling time: 0.3945653438568115
20055: Sampled 6 with 216224034170 - sampling time: 0.3974423408508301
20063: Sampled 6 with 1619519904134 - sampling time: 0.3974893093109131
20061: Sampled 6 with 1459641591942 - sampling time: 0.42381715774536133
20057: Sampled 6 with 901394033053 - sampling time: 0.45803308486938477
20059: Sampled 7 with 1244582159934 - sampling time: 0.3733174800872803
20056: Sampled 7 with 564748875566 - sampling time: 0.42645907402038574
20065: Sampled 7 with 1861645165908 - sampling time: 0.3740692138671875
20063: Sampled 7 with 1640077025600 - sampling time: 0.3686668872833252
20055: Sampled 7 with 225921783989 - sampling time: 0.3884909152984619
20061: Sampled 7 with 1475800176913 - sampling time: 0.38091468811035156
20057: Sampled 7 with 939755643129 - sampling time: 0.361889123916626
20059: Sampled 8 with 1261018014181 - sampling time: 0.34014463424682617
20061: Sampled 8 with 1481474564120 - sampling time: 0.360614538192749
20065: Sampled 8 with 1887707790938 - sampling time: 0.42928290367126465
20055: Sampled 8 with 227696177078 - sampling time: 0.40473008155822754
20056: Sampled 8 with 586295567957 - sampling time: 0.4582223892211914
20063: Sampled 8 with 1648588435370 - sampling time: 0.43630433082580566
20059: Sampled 9 with 1263232304805 - sampling time: 0.32991957664489746
20057: Sampled 8 with 940978137352 - sampling time: 0.43396615982055664
20055: Sampled 9 with 265594111069 - sampling time: 0.35041141510009766
20065: Sampled 9 with 1908296318227 - sampling time: 0.37241482734680176
20061: Sampled 9 with 1495096370166 - sampling time: 0.4297773838043213
20063: Sampled 9 with 1663214197953 - sampling time: 0.3838021755218506
20056: Sampled 9 with 616149410794 - sampling time: 0.4172964096069336
20059: Sampled 10 with 1277988370981 - sampling time: 0.4118309020996094
20057: Sampled 9 with 942488469733 - sampling time: 0.49533820152282715
20055: Sampled 10 with 271296973151 - sampling time: 0.368105411529541
20065: Sampled 10 with 1916276729419 - sampling time: 0.3863410949707031
20056: Sampled 10 with 619976743118 - sampling time: 0.374755859375
20063: Sampled 10 with 1672458970205 - sampling time: 0.4483611583709717
20061: Sampled 10 with 1524654955087 - sampling time: 0.4580647945404053
20059: Sampled 11 with 1282592040226 - sampling time: 0.368640661239624
20055: Sampled 11 with 274435775292 - sampling time: 0.35673093795776367
20057: Sampled 10 with 950658493810 - sampling time: 0.47931623458862305
20056: Sampled 11 with 638447507675 - sampling time: 0.38340020179748535
20063: Sampled 11 with 1683224286501 - sampling time: 0.3894994258880615
20061: Sampled 11 with 1529094492175 - sampling time: 0.42607736587524414
20059: Sampled 12 with 1284021930313 - sampling time: 0.3705017566680908
20055: Sampled 12 with 303075862074 - sampling time: 0.38226866722106934
20057: Sampled 11 with 970707551142 - sampling time: 0.43985438346862793
20056: Sampled 12 with 690801057380 - sampling time: 0.39825963973999023
20063: Sampled 12 with 1685297868737 - sampling time: 0.367903470993042
20061: Sampled 12 with 1541124018321 - sampling time: 0.3332405090332031
20059: Sampled 13 with 1302651192815 - sampling time: 0.40015125274658203
20057: Sampled 12 with 978902988638 - sampling time: 0.2540292739868164
20055: Sampled 13 with 339383078566 - sampling time: 0.3941526412963867
20056: Sampled 13 with 710715292588 - sampling time: 0.3766326904296875
20061: Sampled 13 with 1541791374150 - sampling time: 0.3640727996826172
20063: Sampled 13 with 1689587133172 - sampling time: 0.39943981170654297
20059: Sampled 14 with 1303167784932 - sampling time: 0.41483139991760254
20057: Sampled 13 with 987481950165 - sampling time: 0.34000420570373535
20055: Sampled 14 with 360250954427 - sampling time: 0.3967137336730957
20061: Sampled 14 with 1544685085025 - sampling time: 0.34035682678222656
20056: Sampled 14 with 711450145931 - sampling time: 0.41240382194519043
20063: Sampled 14 with 1697936872182 - sampling time: 0.44459033012390137
20059: Sampled 15 with 1333176292179 - sampling time: 0.3892033100128174
20057: Sampled 14 with 1015135787319 - sampling time: 0.3527541160583496
20055: Sampled 15 with 417569914366 - sampling time: 0.36603212356567383
20061: Sampled 15 with 1548498485283 - sampling time: 0.3733401298522949
20056: Sampled 15 with 740979300764 - sampling time: 0.34426045417785645
20063: Sampled 15 with 1729007956347 - sampling time: 0.3054797649383545
20057: Sampled 15 with 1034825194400 - sampling time: 0.303086519241333
--- total time: 6.1952290534973145 seconds ---
Output samples created on:  ./Samples/smarch_opt/axtls_2_1_4_100.samples
