Input file:  ./FeatureModel/BerkeleyDBC.dimacs
Number of samples:  100
Output directory: ./Samples/smarch_opt
Counting - Total configurations: 2560
Counting time: 0.051311492919921875
11458: Sampled 1 with 14 - sampling time: 0.011757135391235352
11466: Sampled 1 with 1768 - sampling time: 0.016268014907836914
11459: Sampled 1 with 271 - sampling time: 0.02163410186767578
11462: Sampled 1 with 930 - sampling time: 0.020457983016967773
11460: Sampled 1 with 545 - sampling time: 0.02107524871826172
11458: Sampled 2 with 21 - sampling time: 0.013513326644897461
11466: Sampled 2 with 1837 - sampling time: 0.01357269287109375
11462: Sampled 2 with 982 - sampling time: 0.013572216033935547
11469: Sampled 1 with 2245 - sampling time: 0.03366899490356445
11459: Sampled 2 with 283 - sampling time: 0.0154876708984375
11458: Sampled 3 with 45 - sampling time: 0.015427112579345703
11460: Sampled 2 with 582 - sampling time: 0.018624305725097656
11464: Sampled 1 with 1315 - sampling time: 0.04045748710632324
11459: Sampled 3 with 301 - sampling time: 0.0106353759765625
11466: Sampled 3 with 1848 - sampling time: 0.016859054565429688
11462: Sampled 3 with 985 - sampling time: 0.01584935188293457
11460: Sampled 3 with 600 - sampling time: 0.01603984832763672
11458: Sampled 4 with 48 - sampling time: 0.017514467239379883
11459: Sampled 4 with 314 - sampling time: 0.011232614517211914
11462: Sampled 4 with 1116 - sampling time: 0.014294862747192383
11469: Sampled 2 with 2303 - sampling time: 0.03232526779174805
11466: Sampled 4 with 1896 - sampling time: 0.023139238357543945
11460: Sampled 4 with 617 - sampling time: 0.01573324203491211
11458: Sampled 5 with 55 - sampling time: 0.015227794647216797
11459: Sampled 5 with 334 - sampling time: 0.015484809875488281
11462: Sampled 5 with 1126 - sampling time: 0.016225099563598633
11464: Sampled 2 with 1332 - sampling time: 0.041100263595581055
11466: Sampled 5 with 1903 - sampling time: 0.014437198638916016
11460: Sampled 5 with 675 - sampling time: 0.013581275939941406
11458: Sampled 6 with 73 - sampling time: 0.01358175277709961
11459: Sampled 6 with 362 - sampling time: 0.016293764114379883
11469: Sampled 3 with 2304 - sampling time: 0.02713799476623535
11458: Sampled 7 with 129 - sampling time: 0.012816429138183594
11460: Sampled 6 with 695 - sampling time: 0.016574621200561523
11466: Sampled 6 with 1945 - sampling time: 0.016695737838745117
11459: Sampled 7 with 378 - sampling time: 0.01764225959777832
11458: Sampled 8 with 135 - sampling time: 0.013282060623168945
11462: Sampled 6 with 1192 - sampling time: 0.03195905685424805
11466: Sampled 7 with 1952 - sampling time: 0.016945838928222656
11464: Sampled 3 with 1374 - sampling time: 0.03780817985534668
11460: Sampled 7 with 718 - sampling time: 0.01854705810546875
11459: Sampled 8 with 389 - sampling time: 0.014182567596435547
11458: Sampled 9 with 138 - sampling time: 0.015260696411132812
11466: Sampled 8 with 2038 - sampling time: 0.015572071075439453
11460: Sampled 8 with 719 - sampling time: 0.014065980911254883
11469: Sampled 4 with 2320 - sampling time: 0.04167962074279785
11459: Sampled 9 with 449 - sampling time: 0.014632463455200195
11462: Sampled 7 with 1197 - sampling time: 0.027846336364746094
11458: Sampled 10 with 167 - sampling time: 0.01649761199951172
11460: Sampled 9 with 802 - sampling time: 0.011482477188110352
11466: Sampled 9 with 2085 - sampling time: 0.014336824417114258
11459: Sampled 10 with 456 - sampling time: 0.015857696533203125
11458: Sampled 11 with 189 - sampling time: 0.01747727394104004
11460: Sampled 10 with 809 - sampling time: 0.01551961898803711
11464: Sampled 4 with 1410 - sampling time: 0.042491912841796875
11466: Sampled 10 with 2091 - sampling time: 0.013566970825195312
11459: Sampled 11 with 483 - sampling time: 0.01686573028564453
11462: Sampled 8 with 1215 - sampling time: 0.031119108200073242
11469: Sampled 5 with 2327 - sampling time: 0.03871655464172363
11458: Sampled 12 with 191 - sampling time: 0.014725685119628906
11460: Sampled 11 with 828 - sampling time: 0.014756441116333008
11466: Sampled 11 with 2127 - sampling time: 0.014125823974609375
11459: Sampled 12 with 492 - sampling time: 0.0158538818359375
11458: Sampled 13 with 198 - sampling time: 0.012719392776489258
11460: Sampled 12 with 837 - sampling time: 0.017909526824951172
11459: Sampled 13 with 498 - sampling time: 0.013724565505981445
11462: Sampled 9 with 1219 - sampling time: 0.028261423110961914
11458: Sampled 14 with 235 - sampling time: 0.013305187225341797
11464: Sampled 5 with 1472 - sampling time: 0.04022622108459473
11460: Sampled 13 with 866 - sampling time: 0.014637470245361328
11459: Sampled 14 with 501 - sampling time: 0.010589122772216797
11466: Sampled 12 with 2182 - sampling time: 0.0328061580657959
11469: Sampled 6 with 2347 - sampling time: 0.0361173152923584
11458: Sampled 15 with 260 - sampling time: 0.016468524932861328
11459: Sampled 15 with 509 - sampling time: 0.01391911506652832
11460: Sampled 14 with 893 - sampling time: 0.015979528427124023
11462: Sampled 10 with 1240 - sampling time: 0.02897930145263672
11460: Sampled 15 with 927 - sampling time: 0.010824441909790039
11466: Sampled 13 with 2200 - sampling time: 0.026428699493408203
11464: Sampled 6 with 1490 - sampling time: 0.041916608810424805
11469: Sampled 7 with 2353 - sampling time: 0.035846710205078125
11462: Sampled 11 with 1244 - sampling time: 0.025191545486450195
11466: Sampled 14 with 2208 - sampling time: 0.020617961883544922
11464: Sampled 7 with 1518 - sampling time: 0.029191017150878906
11462: Sampled 12 with 1258 - sampling time: 0.02045440673828125
11469: Sampled 8 with 2388 - sampling time: 0.028792619705200195
11466: Sampled 15 with 2230 - sampling time: 0.025004148483276367
11462: Sampled 13 with 1269 - sampling time: 0.018661975860595703
11464: Sampled 8 with 1526 - sampling time: 0.027419328689575195
11469: Sampled 9 with 2397 - sampling time: 0.026898622512817383
11464: Sampled 9 with 1537 - sampling time: 0.009564399719238281
11462: Sampled 14 with 1270 - sampling time: 0.01806330680847168
11464: Sampled 10 with 1560 - sampling time: 0.009124279022216797
11464: Sampled 11 with 1621 - sampling time: 0.009321212768554688
11469: Sampled 10 with 2485 - sampling time: 0.030074596405029297
11464: Sampled 12 with 1638 - sampling time: 0.008909940719604492
11462: Sampled 15 with 1287 - sampling time: 0.028706789016723633
11464: Sampled 13 with 1724 - sampling time: 0.009023189544677734
11464: Sampled 14 with 1755 - sampling time: 0.00835418701171875
11464: Sampled 15 with 1767 - sampling time: 0.008347511291503906
--- total time: 0.4317617416381836 seconds ---
Output samples created on:  ./Samples/smarch_opt/BerkeleyDBC_100.samples
