Input file:  ./FeatureModel/busybox_1_28_0.dimacs
Number of samples:  100
Output directory: ./Samples/smarch_opt
Counting - Total configurations: 131015637986869066594955808134501079028008039381985671612410564630862006108883152140836568227782153439006643161483440812593354976024587487374556603949573514223359777319658981065823636430801458215710142246414031293804813368688640000000000000000000000
Counting time: 1.793288230895996
12537: Sampled 1 with 31680135859991422008457768457727647708684945814201884055648925658011912328191539974741676219182050136889856945411709768642967917303022309266471585055480810547148421178005347240122993641900583879429933097095054444095899302016432766938417207292563854 - sampling time: 6.265981197357178
12535: Sampled 1 with 15995258929555054470360605896652043311685543957305335208407647747880727121273455742107847791083677372644008450925976427088984617860235184149197126047877859171247581670813557828657579551243300495552646095637524684206634291815230462961589920667858229 - sampling time: 6.35229754447937
12538: Sampled 1 with 56888390085510585370567637802907040490146294782279819758062248239585839935826848193805945078412833289720799589904222363768776484359109585660602845359404232524493829275013591704795461515653379955750511528019803647925732162040965265508883101572207161 - sampling time: 6.498080015182495
12534: Sampled 1 with 350340770749529269552862610614297328614852267769533425671701570458323682905105263630094703521082390481290921999878507866542559320634644185500640590134234382248269942729816566731887620348407952719049368193764553284786900563101889162309867141336144 - sampling time: 6.616265058517456
12542: Sampled 1 with 124497532608138419127033360555724780160788922479894067022286950073883828872594390996055330998966102930045351310428668263025862387935871560589194797732849544923811238715362854529712763453807440130256401927681855904096544113925124221698306124692440117 - sampling time: 6.7981414794921875
12541: Sampled 1 with 100177509050903331100492077152104543037334178730199517920585286312023973791178101957920722307187366523110721323055759408476028928033093495165426442156376157318655352779541780180859821391194939772621469266268903914385429685761069667080049791418740817 - sampling time: 6.8340418338775635
12540: Sampled 1 with 72986549668597761304332884798787884119979968791946522189068473140155144676692409102261477111014698321568944620658782704232077827413462139408726510484695017915053677133726665326200330541966646020083893304205745560837154722830672395627672794370369535 - sampling time: 6.902510166168213
12535: Sampled 2 with 16192042226258597824675662742464853262409846498722709655627626283165443988360914338600824571111507020316183852274800465756184869391126615532860980127056711615905411808055048184924956692294660549485611229169494412001523647757216524822077379452629864 - sampling time: 6.412888526916504
12537: Sampled 2 with 32105095783130025803802314957420854907447105687532715877401386697492943428291199824579358884593248629353094781751904577826884228111090006868248053037101719074480482361591997454145902284428493473600677784168679107310063172956122467643190391738536985 - sampling time: 6.622279405593872
12534: Sampled 2 with 1956213339523878983144226220168342237598871944598215411223936330927876111663191079894475080643515717076403612578529294724172975107198187719798153486332859994716112299278985171033882812730375894678204129023428919625366487465442559164422711533257022 - sampling time: 6.286302804946899
12542: Sampled 2 with 125319303866391926608870721543118255108911292459698376197429122768631642125157812338466244843650098069030999924042121638255912479941557659241627552180017045496194798573066068175314085176309300882286775730894226410630908440570065989130950040835578745 - sampling time: 6.4362499713897705
12541: Sampled 2 with 100518352678995892077213288720410188274596774823638756731451178548672248439099917382281432327462606255328209808180523402140694676177364062699841811656458232479087212823394472048007273810030425402892756601497777300273304612398324302413379286202553322 - sampling time: 6.527769088745117
12540: Sampled 2 with 79571842743370316158518008044216130254314229652439290250669384197424797108396915504666556496816126825148635644377490145247613109503702095711562266651999007611890587828632001524862301463393902607475660065196274941387316596379930324046981742786102470 - sampling time: 6.4676594734191895
12538: Sampled 2 with 58073695472423289555527896011614220368018533152799414693749014856955509608011922420981999684788251597561158148492689144259961857556351570945768038597241869474983182330077437507002134584392323882005344418918527773618917369344350349998386811648989537 - sampling time: 6.909697532653809
12535: Sampled 3 with 16422526369082233477689268738075754445966336448646445035920567789754430642001610927996677405647642897807981002273688838842104158982147641375544909113354634913344621434023328766202408058260934104229459409208718648764431193312051473243103815526380194 - sampling time: 6.119069337844849
12537: Sampled 3 with 34423256514750498459324439877018360348758696720434707469542437603217301896404670149712681973710339452939640848896519717776788425990545999534965431422662006762680344218805993599035913910570673363239044971691247739416568928622808938590714717156901991 - sampling time: 6.41274094581604
12534: Sampled 3 with 2231036896746089545754179338137409995279151690894132282483551761365465249895706152681360417126500128649518335215286622227458651354279802921227864569869125189635186700932816464640171406769362935514012636050480165500633384291261039779332846240131833 - sampling time: 6.45817232131958
12542: Sampled 3 with 125487636675220095782549114556414680917222248237253083726373579645734064976066934345882553881890200921483577623175353876740167947940169506544951027574139619235088724431749691832522916141500014405875228667834506335943746594590415177538009507941928986 - sampling time: 6.267829418182373
12538: Sampled 3 with 58962809786406255776164121942493060319062687994591930379937484838808426159636898931395798298410870887989454545683551196405806551670028777321980661698575712391718850932561603373671674598103968951350719749768015053888662251620561186229603348568502376 - sampling time: 6.314595699310303
12540: Sampled 3 with 83196847536536106081544500695704338024712875018228273774446680972609826952875326915740032313445930383011805723880176423305176450592322479549302968476351930397565075833024502196215069875068757767264594665381991165468996653161150189725864680751096473 - sampling time: 6.9321300983428955
12541: Sampled 3 with 102741198755058091905773453482681625253769397857505271018952930096091065032436565521787448810088808728371616341075506379177419742147106137326724129391953169489346396559398327862987677715181141144848913188299741984806512734775945407032544924053862596 - sampling time: 7.193014621734619
12535: Sampled 4 with 18208506653799598649140864621781914435144316688715928670947139652576186156434825271721367107026553527196300744042195832015522506049621713234922301383404435752182737346940523678720525283807234715266479537136514226059258632038389406994415145839547684 - sampling time: 5.98017144203186
12537: Sampled 4 with 34485392400789194352322594222645427697690341388607569947710971649926658360203993277404903609081709546775276453327458171218846963688981030306587619889493011618895457191435542857946562135797582405594310835473463767364198156715163067433409877487923259 - sampling time: 6.392498254776001
12542: Sampled 4 with 126771268313809204934671622443272863659955681821839070143064919359364777639620125058519700454829582964027957853803622643297732678015568400587926599400624656015654407702452754198943310325234682429458037501846395482648575308665989310419267619342214326 - sampling time: 6.370161771774292
12534: Sampled 4 with 2379283124299005004472170786604476530724129088050337711157728640741602372018255178956545481304101477418837140017530833797701974989508208872983771377087794946206976933040178610984040361453545016894490508702567492659924743903576919289947948222211485 - sampling time: 6.523017168045044
12538: Sampled 4 with 59220202196071232224206781221278728649386802490443507380601645846823931492076459343408058767860519565508479635325776069768050715224575317362378237974784140253489836518122782657343174974398306489054347933583857563865016189511986952871031781453096847 - sampling time: 6.4159605503082275
12540: Sampled 4 with 83480282346758929656315821200653391084580521963528003362432200503903207638025394746876763420883462408003971835240797756455592236929833963733006116006500808023493211626795842042516009245536925568283794103955913807470117113019279943772200756028774725 - sampling time: 6.885567665100098
12541: Sampled 4 with 106702959502880787868905387047315313300161836848043225186395217840028362178725473035235735806824161474982938607709377024759200841042733185544600478683473620803224252299891306083820835876305355061283216001934812439337914532947342773101164119032858310 - sampling time: 7.064310789108276
12535: Sampled 5 with 18371562402845155687875212686878393530963600902762891549222671277504397910626391516372325924442790460242886579684526948820695238469193972183388220423165876489575674370524732285480081020472263008066491858687264559278736934306539838856080838618414476 - sampling time: 6.462728023529053
12537: Sampled 5 with 38582196275985812060327057317878596630097098008804802234628711349621743253656251790281179825407564811899782426748976843438470045149892812357241412248049770082015722008943690383098471913417184425773820827491449917565117247525305180326089208502123392 - sampling time: 6.631640434265137
12542: Sampled 5 with 127356316805828249041026169130774568694630169456857119262185064879131179665277790630721477208684507918628402458467134604958722361927464276412940289494690800669355172687955349600436206021359133021963929162076052142211982308033070147212185919232583565 - sampling time: 6.4582085609436035
12534: Sampled 5 with 6266730322331713295158864852284870302060350863129318836232939198230056720431372592367874166938047843343680172239549757791738268122749627171552816960202938794797658878486379014121806798454536542669718133114480093399984904590071296112316334396024444 - sampling time: 6.5035459995269775
12538: Sampled 5 with 60259419474944316421427151568407838060000512437822970651141507015882125159267023858956610718553132305796238922443655665621946833590100788844672061969417275090311443969836285891960396223357057286340214430133530676916832682163109817275197890657510065 - sampling time: 6.584951162338257
12540: Sampled 5 with 89413322281818921640068765910989295066421288799749494550676261749400412108266110550858274879934582453529564747063140777683914134764759425863945608872074029956457914911967976444268213312580353755506553906417694592948996976160349519066686223723417689 - sampling time: 7.011766672134399
12541: Sampled 5 with 107101204743498026209417788366183396920925117883256146762436997510165215708209597540989115133628017424862575850644037035349415629410546236347998158999303883992431244785545844162760733652286836964971017107917773171495793488703532964785694638342757909 - sampling time: 6.634099245071411
12535: Sampled 6 with 20262377104790562200150510693476050117429356045324516446975744181322373148030681617873536323743094015639899060446202838436758404914220006925774630036733985478193499464708853872389147879603270486188797333838533259728341694575045275158591441695553522 - sampling time: 6.619235277175903
12542: Sampled 6 with 127618717901598561424753556491772370327102849705079110545103845291475592783418062704708899448922855244176184096545297711019391612796794880038766474089608183559544102153546368003369244998676155132168195466740797394197573338327848282937834042492438235 - sampling time: 6.63525128364563
12537: Sampled 6 with 39508980300858720209155525150335057463418971707305806234634709753232664318396138072620759006677119558281673958320350721474052362292546979592863830202755333186656532200691289004349471368363513849115981601306643304528027177247360840502485620573616632 - sampling time: 6.662327527999878
12534: Sampled 6 with 7724596754949568372309303253085577230756276925713260877838940986469548968917630119832752429321814541628900694158616284482993286742626273160329078212586038665539796166039561372853199970627187107363375137038965457924007122123805155351654106080289968 - sampling time: 6.697890520095825
12538: Sampled 6 with 62746154018045949575501382121312092712716361467013828118872086534836374228464677913094521991082360892340979157256543683025304972510893294794859923786360708992497604216601746822793943490160330144010526641548424115828706928143894952494511276193295862 - sampling time: 7.018738508224487
12540: Sampled 6 with 90099873310054940987512192305721470910583259445257212696956621798918433629781080752309434253471870541473354701969718186506737054067568943190163854302707741346633926446163067423719137953353040002148848446627346290484866966163671592239433026487282011 - sampling time: 6.419658899307251
12541: Sampled 6 with 108610839614908932603062920353925970705236229800460862236900053015422164485944658395726322780510889516509325118663567823659529336265341185805651124137690086187703566488391169618029425574186568929669667664444023180593264826641962515659391768022959369 - sampling time: 6.74041223526001
12535: Sampled 7 with 22243309672146534248913869995799640492319805617214307768008806205031403291245703908947664970292882084931087892347079967824367779825507062296538345681762718584574785781229727215495067947867104211112342964245525055718340613845758299579287949727963527 - sampling time: 6.520877838134766
12537: Sampled 7 with 41898547024224838531737800367320391370665089481299197470069729626933509546078440609448612989443382009290953905089688039879337105913978907527967356302065479843041188339552425497742124289420049063044069498790830622410673066622920639800737500679352571 - sampling time: 6.47129225730896
12542: Sampled 7 with 128599541505207883976601903147547567895012211178984203047989510625285697271838305772559658667937540794278530073649199561102559372133069311667614159867327513123121522903532841379327800968245177747690222772838525829986712435680550027051200391601594636 - sampling time: 6.512798309326172
12534: Sampled 7 with 10136863468491128603111776013792048017261685469441503391648446582739229512156818432047208021774778327772103638768405138957110543563589898522996639373347980046645089820663951057605287003712552053994788212846573067909091586982011710779742212319920660 - sampling time: 6.669586658477783
12538: Sampled 7 with 62748853167605490607995727145225401299014415007921905636339207464434536168326076270218218110221779221351472915585302462741897376624978293017043340720120309018277924547498604408342691842745031990706148454320841037544020733463466405142647453337377522 - sampling time: 6.55923056602478
12540: Sampled 7 with 91665323468080903089894955335417607485318852942851715893639218441481629884341561615718572653299237911841765366882338306587772440975398524977203134314803770212032465426316924373764430236959575752508489395321826495362550925400077061474498521366257474 - sampling time: 6.524444103240967
12541: Sampled 7 with 108967994839131260688169324493506151314588483682737544502272839777986407003222127281619864077680187391692705773844987760066834061799052008346407373069545755189811469890500669597938305560640140553954745019274200841323922467988491127378238133493869002 - sampling time: 6.587554693222046
12535: Sampled 8 with 22918951968828785137620592922810403775441257270558100684820075045409402280366389175578588848977179127192907363473983520554637625710947321377428622108228155613313398063587236390169230664894114472305654053034850128566231147677973084689801955637715208 - sampling time: 6.582205057144165
12542: Sampled 8 with 129423086986790350992106968939890706754091849783276290838266564401410080923682618783906805344859459491265323818446967688762844123510003211563338329007998455864311701744425668743900067189759250029532477946033679942263181083963339454690774471786702873 - sampling time: 6.244627952575684
12537: Sampled 8 with 43314471333112094791831189708423000492526817721388227337397569800464525255402030150523035473962369768511823330389551945399000134637412247759979273342319067615126514838734296487625425467254486759609564595587480729692475640497857693099591490073639277 - sampling time: 6.42693305015564
12534: Sampled 8 with 10144373992657899193983925087090159151673997859278378132440820060879490388567218544331086246677937356384899039901966661069125702937865268880643740638102384766408213116887182537722582489157944315900549890369539799447742015632574258432078942092939325 - sampling time: 6.457497835159302
12538: Sampled 8 with 64922158437494076270218938778527542071121838261536386299870972127561958462338711441457686380911680564759231686139809550819054381163252221374482745502327661583972834857521479169714854576008414178570694134462860777598923054201053730001820849522132681 - sampling time: 6.781796932220459
12540: Sampled 8 with 91919615406479059954113656271944204576686973217228494098057677112352399684450069734328530898669064097316495861132944917741580701107811597127820202251312683272208961913997229841123070057407704105609112740566116062723740301151851358745603172051645944 - sampling time: 6.485994815826416
12541: Sampled 8 with 109870163236209003987348040005229851779199222433878144981818380195036544044580052749553217632872006393945337540186159955841158790527423818124363214098014572383495859579964623428425845844644707025767992157489939254945798203565992474309939431429277797 - sampling time: 6.50709867477417
12535: Sampled 9 with 24225765300664086801254853470656479335459339875246379337039598397761296015756084857933653393170029851612151898374771907136612911662456073595463839223896247484223503544907046078246969171099975945300017862207030887110452115354164868546788191929114421 - sampling time: 6.445888996124268
12542: Sampled 9 with 129630028297533679474843895789322977415972891765314422921181107957841886455557808445309857740955914568516216789794970367683847627934915226777876912942661729850053936503621184647847898929675225017592660359355382232968678700640220822188740135850637144 - sampling time: 6.462137222290039
12537: Sampled 9 with 44129126342935718115291194458452821585122388446396821012794362996076189326127724634051529878183003223219320209209882471960722009549936076004311641788639695536794514888749919688294102771297309767720643137890921763512399911171108769824322885575002942 - sampling time: 6.397007465362549
12534: Sampled 9 with 10491147803437090244926312555627215400074132850375132537719926516272652420141926170836902524740223892615078730801529679685098411120187822497032823339536286821732486413940692065954425114560597785986508052773422296537555518809805866285971158004427975 - sampling time: 6.421162843704224
12538: Sampled 9 with 66359670141641830162320807460380590714063643569370558982967880262677648785247942822039535209512145306218152271347658600476140147857707043112845123830555226138278160523684911719953205667839149659977010611379014589815115752035843911782045304146047146 - sampling time: 6.47925877571106
12540: Sampled 9 with 92475825697646288665252752692094369011277048416821560977998546430660622994328754693780956935001951048583643841047310972158563095795120238906961837094089948313149488010254372169699638031117145883625054885722726392457357523046833029042487979722808324 - sampling time: 6.5463786125183105
12541: Sampled 9 with 111153991120990080478183660565173490897264386904419659272742213242008805377418990103811285900640691741407130230253733329593570139861872583023442143764697179372123680587801226287828263803233553002546560845693122816576487280262337836064431463541305114 - sampling time: 6.31127142906189
12535: Sampled 10 with 24688333360555335978860999376566339600099420173464906419890736712935475187063636789619339430388597774004446388922261175266053618690219831283570820232444551790490518298355171526575497549429710520078882893945637177994972232043085620426987511133016240 - sampling time: 6.405869960784912
12537: Sampled 10 with 47445020948132627425622774919750261882066700915317974101079294022034996762231771035910583253033380429613086398806707268627864767767565155035944385152856350422452547911880867303935101807704228274398079441720111301041294417224100623836007695959550416 - sampling time: 6.240056991577148
12534: Sampled 10 with 10988379375823474699929082849458753418164837827345348734476237337907070128050841603755352052456435539192293485990105667950558332301329255332136723049476941469307538517999192918332823219601938813649360229062829618847714345346148704191592199899018059 - sampling time: 6.2095046043396
12542: Sampled 10 with 130096566243128973804946525884043983430770464485082957239286075984965671398316933615134018886434251732456719183677942884631196562059436743774186820932066099581439117840204176819405660861001456174491158377788706423914858718143399931364423458957224192 - sampling time: 6.827975034713745
12538: Sampled 10 with 68906644591888011981521321088705039482749340399440180577770201402899811921987867141433772429441734094591959659786139602480834528888049723735743207043779952305623503798897413367982464710511705485931973842761357209395129407282040106901559928086631521 - sampling time: 6.743706226348877
12541: Sampled 10 with 111960622665723584490852973839640645154966440099791884201942906026264403834253695231832589701830989712706009004174433561706682522429951192225989133770048955174505143401890370445159126959791880221532858307518783379891483715975068646876684265260625628 - sampling time: 6.245028972625732
12540: Sampled 10 with 95620822132438539499534864058483697363704080519972291515520311901066431924428162309164184322168481673137457391979497884826310525946219608816351637557664877344546854758774565197271646225602888861166705630782348488102852860566436200413138966769351861 - sampling time: 6.758885145187378
12535: Sampled 11 with 24894460418261539311837456923157122012823494829754046911476462489813104808590833103063367379860349802208435137576044859637985350276775079647045085927869730363153473856104711354833616899919651256922111412339965985100433874798752542758799344969342128 - sampling time: 5.734112739562988
12537: Sampled 11 with 47623371763261135107233786107893111789714196163511637213569295081011974576074588208103086939493600434312958831148100220239034976815220546547234747828867291962790296092898815264212915607349323235035358085154475658264929269750381636553938658445573660 - sampling time: 5.929510593414307
12534: Sampled 11 with 11247433624880020527461084153150139973753717554944404444098541616096820902148852988576676647931659143663283164267155864019505585716945158608572668169254634012894894162010735868856180882638206055234060453935258806881889172597035861586354421281268582 - sampling time: 6.374121189117432
12538: Sampled 11 with 69046480289031088576645126673399044355133942008436289424154135012750745376625751405227564976258284794244537006430325384068140916295594720072349009014131889618767735484773159013462234973025161060380043923824613337766239283681017782947092920823523304 - sampling time: 6.0801897048950195
12540: Sampled 11 with 95656734655046719005478518270260351117536950902231918273185579806650848893408702964815387400244707307413099126917647959675585263025190966014881440219745678083148996395119039537012513728896990190580466590952862196760609597531137143512026833088803835 - sampling time: 5.905411243438721
12541: Sampled 11 with 112679708263055826972535363305716922446635835984122525135762891482093097352852827833191642009192159878816675291680170820640695934738901880443804875213283812402257856577999057660611594809606894199641053261185963167582216352533851667712776785610189413 - sampling time: 6.234459161758423
12535: Sampled 12 with 25228380734987133371984502379801968277224733033878373152657963504798407454632167455536008138458010082501227928617773109981408640696516742498202235407382467995279675053786065172168078589222772485603467122948636087305963284844034451155041540898014266 - sampling time: 5.99296760559082
12537: Sampled 12 with 49417046785229479479374559901406617066319471361151533968313743864506555823719258507603428651344443887955013976408454926461754450297745094479347687102352397206917912820357903903376908571175358093891749823599291017848685297962140236723329560417138989 - sampling time: 5.94692850112915
12534: Sampled 12 with 12508918804909224449025718118965417245913658432279113208669511328954516999769090742800037539879201799555677019894249460706048754022353435822018036535788715097795628565398299475195620589161875706032544727182204850302760123582209718689773279678028153 - sampling time: 5.960320949554443
12540: Sampled 12 with 96174772255766396550388260384131516350918197070877771666936565930521719288213516878738957356788292860546156579593200710303184079281726663211699174941347367105050084448931177355603874034399204035054455916303915254223683345858555280544075064788334960 - sampling time: 5.548294544219971
12538: Sampled 12 with 69114436643150111894200331251547752940751617323057804110195415285764895678557786633039448499214239723250441577325067958282549995663648377565361722433221762621822734175201066327100658357339476688254009845975816539746466916042036745466754464247027519 - sampling time: 6.180545091629028
12541: Sampled 12 with 113754862798833168337474122256815028663114072620017853732938094289924229596025637051626141462972620699364423116174819280973632133439645824457619608056768800165844053412636661380791309645945460732960953227231600647737224791574356681631759148499989518 - sampling time: 5.840771198272705
12535: Sampled 13 with 27679958605733260240021567579421121503686435895468623935530621431593092952211148688934412288334586002825981126406558556725298220225139137141248981554259873841107192016146619910164784583374102661850729814020967045735965993680425195157890669683369341 - sampling time: 5.6453986167907715
12537: Sampled 13 with 50750728635325631245671815155667752899675443846731220365514314365006387774705089479345128478187175676188808211881768779289621449833477086435819777480334704134820592057176651575236292944423171804350275760630707124454768374759813869140808162493542888 - sampling time: 6.041674613952637
12534: Sampled 13 with 15075082090085276529649046832196117698964349205084055100807481533353937463863605165683225162702809638614159498887267912711696665042919978048232004999700987571071110236940408627401656958919119329398816315989747559757314705714054168645172101113516634 - sampling time: 5.743258714675903
12540: Sampled 13 with 96542587655477731001423354244655043112838645905393531990698548233652634956193252132239544066255159054400342708593392555967487980555088967142810755508008977895682551290361654384928509869157470638200829895020471413849303403691610224439400479118264456 - sampling time: 5.974079847335815
12541: Sampled 13 with 116740286776481902249560190703631096274633111785281753204703762749104726292253430125888447973162525839387406871434424890468074351471984552873303835580581855193179538112580592365452996519844259572037845636158567441119213700152389379302821784511684865 - sampling time: 5.856169700622559
12538: Sampled 13 with 70192734456130099541376133321740032335842348007620434975716634070173365027171454272409135148766093857124140708582710284166791968462272377831342348461000978808428553959711617048188106145779628726724258568096318370294641792603960175835040986442732533 - sampling time: 6.515891075134277
12535: Sampled 14 with 28378728257005471227350452086163111628629253566165902783796401291960710923257989626904193865698924483772470511950819598657973875305025236003955337084379408429850049656768653877822622876796653276409896193802546429258233547054920718678268024016183080 - sampling time: 5.738965034484863
12537: Sampled 14 with 54595131138650495076765131387998673058457349287379622684257781488279578466769670052202544577952844712221550208542443329469603870035936004659133425055806365315540339922521049481365529482126780375958540120498546477243613606392046929129232908685639548 - sampling time: 5.983404874801636
12534: Sampled 14 with 15295441089646764057875866044894001865439786671776284770772351654232876079512823645413597207222793856723280566229763738437240999925446319634985903753870340213747697307207350247104810169341488778223678678362832673205227719125777919842256431858375888 - sampling time: 5.852432727813721
12540: Sampled 14 with 97992331351340793415241407243633227370916908314125253508338754248739902745288531987087338601641296609495209854838566615018221508570076720304662865532413833437639839470994708712992308200818355062413930739505636385461390846563491862097335786473709476 - sampling time: 5.72648811340332
12541: Sampled 14 with 118870819221117524868425582963231133317632835136552290428003523330852705571371479410628517363977677193839482772593124101855200263891616258390219326318386213301081233102112123674000186844844383826547296580206483118782361301766868538720525158006062342 - sampling time: 5.8674657344818115
12538: Sampled 14 with 71087631528413800841793269827494229237639262979920981729450934003189017672504250894423706803949281770928977257746748801027492587951709910119160551522453853320206089374402309876090228457368730219400952799052098625017778344091202146911907926769332694 - sampling time: 5.914386034011841
12535: Sampled 15 with 28706853414256950366385276040035153092367599631885591770156228228842872472708658074010665221752191987468086064662413823837288817912131345789621129049933020832357649718528581554173322514895536612020224134147406682821727744176092010827534828804280463 - sampling time: 6.215088129043579
12537: Sampled 15 with 54811529202841860630673897219623774294845183570580241065581480135340585601402813826795252996253967783068965799672303906818930905379215613146063830737929214326724981055441562940385231964262087350314005117467302090823228530998169449675897497734516272 - sampling time: 5.873888731002808
12534: Sampled 15 with 15623954946439073210444450639911597474942633736699559708912157039486519117573418128350951814435202320461700134432964643235514034346553649891253376575697659706080999628927246445492238726124237328780730917223567043767478994819390975120478328536171545 - sampling time: 5.533047914505005
12541: Sampled 15 with 118895148504135673292375012861726912266155765126435783549215505342983009283125412662320881607893707453916695964138463851712665574054508980570586550857283456108329319900601586450126166160175933278373433906824582436843998865640967146999867054921995792 - sampling time: 5.3618409633636475
12540: Sampled 15 with 99336195934236337312726912263390517207572342527779270487699644524781373284609731587420052167166893424467907863645144111023559277509232580177199740736513806169444034662728299578471653341725557374193481441945195454654576905806614410358196347651463049 - sampling time: 5.739325761795044
12538: Sampled 15 with 71457861786117589983546582564262385706063767781637312772819930132486809893110489421963727599047966211947792136370317000739785481966452125595238687543062903732113213279433996593942917622904044921362103836589622633733803980912752780764135595236063139 - sampling time: 5.367561340332031
--- total time: 98.19058632850647 seconds ---
Output samples created on:  ./Samples/smarch_opt/busybox_1_28_0_100.samples
