Input file:  ./FeatureModel/busybox-1.18.0.dimacs
Number of samples:  100
Output directory: ./Samples/smarch_opt
Counting - Total configurations: 8499026160620020403367645609748828077599547731944348313212511374919300627064386211679237748086064676313113142858080550738779241823829059380356178815074465955879778303194438133158537394351918302936170496000000000000000
Counting time: 0.489391565322876
1695: Sampled 1 with 8140122012341176699104839342983434761710429541272526977900503700983944567422991179122607094565894122809378341800583752551391938569323306858632062470417477386761864957582186998369991114592159167167197328665947157423005 - sampling time: 84.28070521354675
1686: Sampled 1 with 2583495549527047186734784172157372606426867121354076317827557572599713157362662777792898967750421907999076326266276862184874797411260016350965147029874585169844118246989036551330909326599816930649956242522504521816270 - sampling time: 84.42576003074646
1691: Sampled 1 with 5537750612206077454700544835293884595045370372649986793152148070905927934366141929145261316827181431748820424494812737150821942627814726233748748717425543049226392692339717078198470185532506355602243975985615199041868 - sampling time: 84.58777141571045
1684: Sampled 1 with 103733225270290542973756573395519243839762656877721356995571855778307123148738141215946791540419057743449440594687587986678586805031786889197383935697987972305535191011414020585987540867248929385648534669334718375653 - sampling time: 85.08710956573486
1685: Sampled 1 with 1655541404025987311203452534860254382738582740683502318979030856067038383873814407683812675847043124980762915352886220942322924960219386145616348106563548238181334877837774088624669868143255088275318694995530164912639 - sampling time: 85.13944911956787
1689: Sampled 1 with 4104217373283518737244688230372263163485155111350948801089887898251010291135423988137543991174692652955803614950917508761258762604097692783989007763588076700848459258538295964561583175630424814174802106259431956627813 - sampling time: 86.6598961353302
1693: Sampled 1 with 7031344996330941365617411687454086099216154960239314311079967418364512817977331784109301484489206344584444956189364330099723637360367713702436500794709225485519270020440307651429714725341400931613883205583600997928090 - sampling time: 88.67317032814026
1685: Sampled 2 with 1663665460138951579123988943988666820890594931399924030293298428777335382795165692257547160434400349844057865500438512141651280775237282374494277700815220348055373492326621829769360481302373491603770982641641101924820 - sampling time: 83.01617097854614
1684: Sampled 2 with 228464114796238524160036416826517199723159916199436003682781928594994405160405095908014591895873563478061698201166808591424450915402170367061466765764063293720875180498761876285512819402361156488428675094582583188734 - sampling time: 83.67172622680664
1686: Sampled 2 with 2646043485874511478727295580849702920581747708971893837449944507564680229645475323205942508567676395971776768652779666821713152336059732313840641172439234794992255283948570041435709074522721386505259903837951611030611 - sampling time: 84.6940712928772
1691: Sampled 2 with 5596875367845436839848070962478896151960751058492892803960947307914237999865314797566701703313145602323692244717180062928133805010939159031727352530591577107444888291613000947795829705160179121235653222929066881860902 - sampling time: 84.60758233070374
1689: Sampled 2 with 4127869773683856468318843637795421625956055641037665669540708960839218785132229506371969810120523407371089854380464029558083556850170894094915936955303465082400608118245039347049509772910804970869553107088253095721194 - sampling time: 82.80103492736816
1695: Sampled 2 with 8150176585050874843217812563311831943247265758890703714675609494041832093014844393658117919764053492030025351686380726792137347336960335791800365682635586845370419806562160487658411053119397473490959299774619479478671 - sampling time: 87.08597779273987
1693: Sampled 2 with 7036020377580628654536259288254623141140666017801155009588681632403646572750149987048694467576934843610426738148654973663414119447004895233612145234838068950077963759410983945682309565540044696953696167439757322181489 - sampling time: 83.6622166633606
1684: Sampled 3 with 266429790625140798884622488363314029070047419197994385374452604081984882067251476754627852461575315051418985359301988429350628879710273674882969882098636019118701185335464055968946223107330346888826554802353699813216 - sampling time: 83.47601509094238
1685: Sampled 3 with 1672450136474320091436304638728371231664778079815976916121120833010735319276127427868788761702748437438613929430986602031193704219948400067118855383203890904720183834367745502434425245864591966411600730243752878546283 - sampling time: 84.48261141777039
1689: Sampled 3 with 4163304376964963297174810358197745863308937927184184981917843601077577030529789452624769341367648658433979437378421743061211280483211575836406475933413942939649726798278403601274408931002278259724659176827466593229358 - sampling time: 84.61533117294312
1686: Sampled 3 with 2861803325425394313110339694149292579415259363492556101912663027927977877644761675849628526650662812455898966310693478038531649137996200005343786674198062650437518411734486739539446872716717003030358068523990821002219 - sampling time: 86.48225164413452
1691: Sampled 3 with 5662561307013401376981333474772283177434415734491185638845350207558227961752399165122932714809958584394729930289674009788991420985586014501104895374266427173380761852788393084953044701720443754060608662450071804561957 - sampling time: 86.76715087890625
1695: Sampled 3 with 8167788345844119025821916868710581234148804539708720240904224535079016044950872175797135875632521938874633064641228213043232531396148501903374111643009890704214206636332066634289601133583186547396898856469866550756467 - sampling time: 88.2791645526886
1693: Sampled 3 with 7093638005313681005665075342067697557400883208837114417418048257917759817376963027886683804084827251674440583746075575291437710997763611834090045789842456975828652288597380376340353934687032862409040032667372207399762 - sampling time: 87.44738483428955
1685: Sampled 4 with 1692711086856774857771339252200256657581467003094458714507928656364680647655126908672184042512981096393523003650867407710995179236167671932549690519496484854708999209802442927645168833073602280725378425365966593667794 - sampling time: 83.00949287414551
1691: Sampled 4 with 5810523647926069233751041247298547068465071870738386998298686617491495465159583516901982760111496796536586530157797734295786635642468611860955324179166646312488479731753760460747456752326838796982143763545455348778043 - sampling time: 80.75614905357361
1686: Sampled 4 with 2900741115802675448741761152954740483150486114370198243438883221589131254257341352711398820616613453704678131275274514025410991709017202545277742206189915255670349011600796390404931859733892553098004520055609148551768 - sampling time: 82.21752905845642
1689: Sampled 4 with 4486569019510742311320529088888714169499503677302811801419345712142519830700122090241671586442688214782626769322006380287563081609254428999096108671689774017185019761411722731740532442471842374755658958602521387695564 - sampling time: 84.15113592147827
1684: Sampled 4 with 325924709190936983817267606457028559513758545589179957021791686170169409475108648382257346471992070898607864207797109654745442652809125319232660158185370216683861439781368570429967495076778317112315073551120240602196 - sampling time: 86.47324895858765
1695: Sampled 4 with 8183328406220084638722695855830269547236691671443113017959117752822892234060158701873143437406002636848949180660843420687422721014584001271905402686779825763789687170938703161700985968610939704171541088231847126862704 - sampling time: 83.61307907104492
1693: Sampled 4 with 7215453374206115941210090014170263297948275136029484605860999346513917555170281210205497883536248410849628497709189141741023687022224671270129207417194191157280668804501486873959119198847403755016903906897725102490956 - sampling time: 84.16425108909607
1691: Sampled 5 with 5863637245384315220014713160044438940299326722770511223568799389154328385841194194945778371495144237677511719507080417467442230057689081208961136883985474340033434872449414370830484841825537514916967940649920816495793 - sampling time: 80.17546677589417
1685: Sampled 5 with 1730997435670009707852131161436985066223997276781388317793331774145967375377907440522323388221505996213008622417004605947697012941583715183684252304047679175560357288499358453268080842745046679378197131304300517413137 - sampling time: 82.31829857826233
1689: Sampled 5 with 4514097484151724664907019899637941254117898896946704109081868258852458830624862749557546251729152937187507166820742618862074276460855740828411199592584990713400526447214619452389986018578932966251817024059026350273665 - sampling time: 81.4237163066864
1686: Sampled 5 with 2908355404057511541250122405459623185172654650989023374576866748095006541928681286307587259206703087029425163794062031151213824980012383671143065903784230753228600916905913667353297843178153637005261774554068366631303 - sampling time: 82.1400854587555
1684: Sampled 5 with 422033062928376220904488972078644719953783186772469088113947773015713907445175296333910710565633398040543438128326235027587411296428820165770293510702404716123555935877674472009205688671953426015732839459153053332089 - sampling time: 82.97193121910095
1695: Sampled 5 with 8190479184019799299319375944161146324261060347086538157236007366961732126114139276986832664323369614242980237723785545571599994455340032346267230723515237346853594664113292045722122325270613488726886805376596716902001 - sampling time: 80.92868852615356
1693: Sampled 5 with 7368064418908659050124670129268275572140546566937761994415022166165188220891605673951938659366054463843363054372373192290019442711876414490217590947722381995461891366381112675348587716827987901472742575494433386349452 - sampling time: 85.96718096733093
1686: Sampled 6 with 2956371525707891113571736465000547920419300467976986876300166916180054158943681914747203803259196967290321614785294711843214997620363917190316057357312218450046892713348778310594009803849879650228733502224471114875196 - sampling time: 78.90324568748474
1691: Sampled 6 with 5864988263042426048380259196988841657383358184376964774215200093342788600888763833518113083568240645438300271005301842332648851413226343682599149054629312110273985824202362833387741122613463172482666051194323425376712 - sampling time: 84.66892576217651
1685: Sampled 6 with 1783002959463939778261331749956258131479591500149786964453477260382941101531061389196927206656995653669759728880258422917393576914974088370063597782863927151056291597984584557068261561695192029125964033553267374258059 - sampling time: 84.92129182815552
1684: Sampled 6 with 460720966557817002756198493397390842499896311568503460803122844758593464825188729044607548758151585228985988124397622484665205357187338745846801220532499645538984346813336868247625892823600031707410736388694563920310 - sampling time: 82.50576448440552
1689: Sampled 6 with 4606540781774030043906253205552208419933347597606162081179766658593130583313206930070984315746705802431246316692855914655531575706760028987772452001042041274035280835174472149155305953321396736890983675572160525281532 - sampling time: 84.77690601348877
1695: Sampled 6 with 8321795051759566890860220198094682644513350099182093472275045961406686191016046420202812651381077301621717930460969376712120702691320236064471007344589817367397480155451341939886440695747374170690652110535900008541606 - sampling time: 86.25279927253723
1693: Sampled 6 with 7401411187526520371491812777060208097866531756915480786895850480741308184162792742160888979885277156242663867859366379543506628563431577929472181391746373467623628639678052544596190252492875693425966054801430748194969 - sampling time: 85.58789730072021
1686: Sampled 7 with 3177771056297230832419193172636701955728606232156551919706679996012036791504818249696229542083243248429544983239361770328180571207054051173674197026182068973390568907899529989353576600228766677995231619047412008763657 - sampling time: 81.9746515750885
1691: Sampled 7 with 6098105820563123327292856156806658694248310501931446725186639357646239885224821442394844751842221164696038299225667261860395760809238863356616044961880273497369706551903407468728869401062573886217211967068879001758739 - sampling time: 85.42068696022034
1685: Sampled 7 with 1869753336910008154538077038545432586882121793531361618115350304208142649886109401802334954487901529903077646124899938499672694439149863950626785032352936004821146065093954011443832438561200041384151490956401621572745 - sampling time: 84.96157193183899
1684: Sampled 7 with 600223426215139297038707088489875010332757995554598919681479906591227063977230298717574671373076176649772822711705397259329567644846426876969697495703750133215681498727850291697202192902584235032289307738022079039353 - sampling time: 84.106684923172
1689: Sampled 7 with 4810057413552767525637171558889739501741911406447615762487005707853759999516656733881750606339776443262322511304318002343646521077420795462284217785006442955053399141165449225559742263535506549881537354920346186742383 - sampling time: 87.01668548583984
1695: Sampled 7 with 8359201926345349391269563042327291961266557376275925917123845216924196946577924509638400400123688862421009128076451044704594702521120572527279443313203032598138306572523209402942726001633530015489501349977801833397653 - sampling time: 86.15061831474304
1693: Sampled 7 with 7598229061219796180861178855392398668105445378428770205488736824518474859686793269763235581220904879260599616264569039433952384173961581268510393473836532682709810313717795174261370433711457581151003539495453196666557 - sampling time: 88.61947894096375
1686: Sampled 8 with 3237460757513689201511419589048779845245006518366519612144676826802277674162551304694962254914872185003345939072353648180377278735922768400513299025095909288372796354156255320578447586819814602254224555680623463597239 - sampling time: 82.84784126281738
1685: Sampled 8 with 1878631987875648084686677148517529511892307362395310085737959922298791405498416254915375080210776261220653908072332665539484241687788494370065730481644946164736842885176692863500923868808864178925534234112502598114521 - sampling time: 84.16621017456055
1691: Sampled 8 with 6107160231220546767295351113125967677860839366860636672721810898509764942062146967665235817865035146025502776173561918661662243027346650852624116787058059519522572856301174218328709952887838913990446364822672896721764 - sampling time: 85.15477967262268
1684: Sampled 8 with 1139759969108428211440915363129225267925223358616109736499402941089756530731363805641103177521281092517409698780674576718060577858348693604593550462054558966560471854180813220378147982228645012447189351228127768568528 - sampling time: 84.98548746109009
1689: Sampled 8 with 5031229424778867181460953270214068322838385448531656077600724624788841146155585337663003247509229850592885384617581967018397665673607360025258185691552424979571426250469465262036470321769047695044005055824090164142573 - sampling time: 82.7653284072876
1695: Sampled 8 with 8362728206267804864881428114972478347161764689381606896402740324229937104698967297986885892090242355176357729691205172268270031077886438054805815085173409069051932820722060297775200143958862199721580511838893066463352 - sampling time: 80.76670527458191
1693: Sampled 8 with 7634462550306986223830667762298692923847343056040705388865181672315246906805990588239072141632062493706619779565272526848567572277880220671820152267799796882390082910514920124896333159797096897544086791916744139143755 - sampling time: 84.91259527206421
1686: Sampled 9 with 3304387280458636973250819730308594460269458642984893673152648567823216945809403367318154522436907490563281986721569820183942353335159429726507244314773373194123810302368837067008750077911536434552570618562927279504853 - sampling time: 80.30994296073914
1691: Sampled 9 with 6193829736395685591937197199929806366044731863284553653339097127476954957645039278421770784736047597412542013528997663092312018416226861021002497026515267542729583960686109757134314467448753146967637632562695523049608 - sampling time: 81.58887481689453
1685: Sampled 9 with 2042163034462490131604642994926011563728767264381950022203167314437813030284845420711283159044606859471698223135355872481836747350139420285883159224380500019872611290188761802981071672303403472683754368272507077155427 - sampling time: 83.94953346252441
1689: Sampled 9 with 5033922372530970545164943094261641925338761442263065720847861530315758425054132303147066258917263957082765513410548257501498605862564178770895414892184489860506204475561192703677846174321044483426400349378980995096212 - sampling time: 82.45509171485901
1684: Sampled 9 with 1162452699563707328444757291949209446380942531145201017556503540650460421803874953859857553531606849943346899110794512344474960502933931396787069215982574337339972137964636263299154555319887973108336499716688906308836 - sampling time: 83.91128849983215
1695: Sampled 9 with 8464485746136398416180372799691069718315483378924090879326224511143918104524384099992968916610085450624810652314913068248287249077454006348487617149752945487593031846272665307140010274844614922184269727228072147636059 - sampling time: 85.43242073059082
1693: Sampled 9 with 7780658487990940486045726926760108261226565960013195144636699487864301861750667489771911272183168362514195143548967131458242055386124801300830367144826486070156007656207887243477725380443318811317471775038924621160131 - sampling time: 82.73888993263245
1686: Sampled 10 with 3442491089257886986305079150131901107766420268310678781654104633180638745670267414088940232316625179881536094657106229462812794467269884215166896855344896171856893284816177321465015067096628597103181087164710770477909 - sampling time: 82.20260787010193
1684: Sampled 10 with 1194377287787283979690356307067842552898547340242620853314560397235279706052363631906776716365476312168025446373916418192757676227441699778904675884189064191729925751385120183999506034188092170585211541736478051088505 - sampling time: 81.45855474472046
1691: Sampled 10 with 6319013298673150623267920450807660595690781272261954368819170978929760080554430616447338326433264570569274256972792050363314396920437457013444626805271079338902955257314057909490063310102333102850875159434868191810891 - sampling time: 86.28860902786255
1685: Sampled 10 with 2086039343603740313202287058436959879299666453481043498466241443128950128509852495665327657317422533000750453650344053223695835703401223141032816727339462367888527853816184171544094363869526899217911826633548260979190 - sampling time: 85.05265951156616
1689: Sampled 10 with 5153864610890965795350815276590501447977562979865271889409888654380222068199955330387219690956231951912819168527914241453392832728765317493487546010153773092923430745075345750775358439026505049865967915369752454624784 - sampling time: 87.01283836364746
1695: Sampled 10 with 8497472619467744469295530845800884504381155337229684517307435671242383187632136343906181612557868174537910351857326502588198480178300134498550511134457271151090043771900977198732354814900275927656449990496490443386507 - sampling time: 83.52406668663025
1693: Sampled 10 with 7860394513794512014499049739432889057257260362445091183003824391383390658586484925189106569921725716103552080338846645746076186687302837549322423171528068209733804422667296906271098338993287073231195682115150459396773 - sampling time: 83.65599703788757
1686: Sampled 11 with 3482022054009616468530873509605009193110127264869966757568958512482275858712230769128438996251470009764718279132586342071002783548706847274886533498742188538918330111159815395897123168939055124567231406051504090311450 - sampling time: 77.2762382030487
1684: Sampled 11 with 1202265588967575928583465054705144204417249604427074733915717563617456469332281579578039514783872929335766789771656213937528923403205969545105941924325632974676902347023302099632383445829359525252283085336016035380759 - sampling time: 75.85101246833801
1685: Sampled 11 with 2162839654108593915166040277974426853584676191404928575075734067310428866200647775341834074239743472450922755059178599143418229764090874009626962124216818925391806554779328003995834732925323409873001500050730251272011 - sampling time: 77.1883156299591
1689: Sampled 11 with 5207779968742557060560589981924073934021888027688833117920970150570458691771598711413272404105924879680351949095300286288679008111454911826139692635678262039435169981458279442596669081663422031645505621870111622965152 - sampling time: 75.340749502182
1691: Sampled 11 with 6421452911033082086945350122822727695808238860750287804823268306126123973106787239112212678185753015135886737910404678905958831900521338582168416836744186986469328069101952350918090850273829562816500452874753822683679 - sampling time: 80.32124042510986
1693: Sampled 11 with 7864293703911468712097793731810959096226463080668395750155727546869128205953611427599206217719910268888647845211844094087982171233828041806842256783196948289273362447061384819630931504587005695655585011360363982470422 - sampling time: 76.44029831886292
1686: Sampled 12 with 3509201236516842551088136142669867532137664759940177766979645175001930233575470425315166678756920133128257743486439588121128357275151832722240353272524585802422534150943412401274207081994401729925036718281761478976498 - sampling time: 75.93878960609436
1684: Sampled 12 with 1411676502793523470025920327174829239581080980581105089192192023409810864261720139729062406769393979541861845567313906429333195069859631044108901484939374309459365049485807839697524979000442068649806353848085260829930 - sampling time: 75.73798394203186
1689: Sampled 12 with 5254567096103030688678299073584134267600765972599641884791914937626070238330811021596476363955945497681111568312206907331792643307061396768884279600962843729838022847624028482823984147122295610016368021029375515781044 - sampling time: 75.96594500541687
1685: Sampled 12 with 2257930257599917027239966472555991129278134353481367630336243458008244714094539853801956847579072909461458758670975941661132714193438704670034183164221502778200607699595709588621079443363902425504995193029788358975638 - sampling time: 78.08561730384827
1691: Sampled 12 with 6537285310654406530468061663843068598591916319421837889211161188842331723167564623196090520046329005385353390345751431408464461117908324741478680051932589472851145909777492117375057567005985281400314861920708071783698 - sampling time: 79.31082963943481
1693: Sampled 12 with 7902105987432142598576485321787104234771201563144975640157213659472549550266580729694206449269123038369656240945794917481702896084957215937603625120223697852556818747584718781953037726234545298818832099144960955023166 - sampling time: 79.77620339393616
1686: Sampled 13 with 3561699646214821389521308380717338259781911441153286894289540915907243848680634326538438144814564460054403131786879143187751877294302983933580870539618840718699901314616721236910526822645249649758161678275017939653257 - sampling time: 77.79604148864746
1684: Sampled 13 with 1443475986362338553024717913864335112643311354150211059766185726385706140237840787983223029900498156422333310416187866499175553569607244959825930960808594290695137698433038210904020604973868844716885873776111731802375 - sampling time: 77.60358715057373
1689: Sampled 13 with 5327530939294644491112696553145629135824815788129121120835217326170141319798935298624677296967201391027964884831849244510332809133819294380320928057267234524957890439641047888406945475406418892581665269288587493580408 - sampling time: 79.39220952987671
1685: Sampled 13 with 2347941213117685677337483405620486387549302998427729340594160458257303296991097842081543587097011041333447802075126778448756717163305242654300140297122831144373085306153720504048521743319350233431840872943239979243353 - sampling time: 78.17544555664062
1691: Sampled 13 with 6890441543297322727469430962270489361553219407156217462166570583766405188846431026474751811691570769763412082111624618807506854784131882605432632849297684474181763680207895925242926745442192506759697583576876655503931 - sampling time: 79.53224611282349
1693: Sampled 13 with 7992681617621520821964261519756793372522801503092269041684570380567748426001884791708605865692359624309817242002982911377634350283411654710199301106859892346389883768742228774118912278557595975856483071738332282436720 - sampling time: 76.21740818023682
1686: Sampled 14 with 3615783506430213367447834282392320956543421105100585800462288610127950017287595694108777161850359648738112187722792568782607910312900381546414616898967528333318502638064737665708660849029766851256553760604658014482661 - sampling time: 77.38120698928833
1684: Sampled 14 with 1483525786837564107130634645529118476788275984273189017701474473474455716412302887532347528529240281098591919620180553639647884334263043592445884380414289009632565899997498411527877543197256158914241142789500796102113 - sampling time: 77.22205686569214
1685: Sampled 14 with 2348832526179548113030745092994888491166798432490254359633584763888733806940499679892377427539076153964962327479999270186695374374017584627928004193755857124540843790114152540066324195144183819442106401614024941253574 - sampling time: 75.93548369407654
1689: Sampled 14 with 5457214985092760052926934016191984366687173284427192884760349146519253573424841405442082097428680884742702681637215973712548306319860108120185794483435590072405848277272364309557306926550910676930413567784290343765545 - sampling time: 78.94396734237671
1691: Sampled 14 with 6914710760943468455076221388177830225747310475642285547082349246604511807686420403708464147626671300548813605496941601045990894462982442321961740851324158521323319266862362250749731478483186924767173776656492388690895 - sampling time: 74.8295373916626
1693: Sampled 14 with 8020283094243943756404980610158297999627417763526452112698708438549550891269556635576719711603664625403760340276589153699446263218336110532552489109273631382397612576276820611818587504408171537573292387836305972390936 - sampling time: 80.77025508880615
1686: Sampled 15 with 3774788841661265149649062462401934631315214304223807154758972277243801851398438124114028565548303282601622094933858323690915729878837666368832069376144337111788281711644570921114428558109678096938397458762263456365393 - sampling time: 77.27542567253113
1684: Sampled 15 with 1565817297407915645658832804081761354665439579515784910638202998036589607365436643733255550757256398382177432740800205101835491517547277276312987600583936968705283704131275984020304761484484271268352258739956841275858 - sampling time: 76.57723784446716
1685: Sampled 15 with 2563060556662603083976729793623283251187548025231549685825685976243311903348434165088087165246224725402644758866648052674072391144230485057039452408782734236493530459575215212740042466163931527673460163110808491425148 - sampling time: 75.0762414932251
1691: Sampled 15 with 7006673349162765397414768751821581953908812065596511700434807441596148724559663617478197790396952433885876104230985788404168198110254741260742267769748480943197679551265489780271682686425890349438511123037101653686938 - sampling time: 73.2158453464508
1689: Sampled 15 with 5463069650261031342618568674214675859332065289426902440858156766688340198714862784861221679488651038733548921609273583593775614715002159727899562871787658371162087345156417095779798155941868996901961609564633019811520 - sampling time: 74.0509786605835
1693: Sampled 15 with 8060587518736122395016952312763043956452298974299324849176943036928413171485757345824741905630133490565219658356977477567199286707323301452080998712458000498137956349137542818277784104563056363926040636751369706724406 - sampling time: 69.85489225387573
--- total time: 1239.070279598236 seconds ---
Output samples created on:  ./Samples/smarch_opt/busybox-1.18.0_100.samples
