Input file:  ./FeatureModel/Dune.dimacs
Number of samples:  100
Output directory: ./Samples/smarch_opt
Counting - Total configurations: 2304
Counting time: 0.07964420318603516
8114: Sampled 1 with 739 - sampling time: 0.028438806533813477
8113: Sampled 1 with 344 - sampling time: 0.039839744567871094
8114: Sampled 2 with 778 - sampling time: 0.0317075252532959
8117: Sampled 1 with 1044 - sampling time: 0.06287193298339844
8118: Sampled 1 with 1351 - sampling time: 0.06684207916259766
8120: Sampled 1 with 1813 - sampling time: 0.06943702697753906
8124: Sampled 1 with 2102 - sampling time: 0.0720210075378418
8114: Sampled 3 with 787 - sampling time: 0.038283348083496094
8113: Sampled 2 with 354 - sampling time: 0.0691671371459961
8112: Sampled 1 with 23 - sampling time: 0.10976839065551758
8117: Sampled 2 with 1072 - sampling time: 0.0707099437713623
8113: Sampled 3 with 374 - sampling time: 0.027098417282104492
8118: Sampled 2 with 1386 - sampling time: 0.07573056221008301
8114: Sampled 4 with 819 - sampling time: 0.0474240779876709
8113: Sampled 4 with 402 - sampling time: 0.013407230377197266
8120: Sampled 2 with 1823 - sampling time: 0.08503317832946777
8124: Sampled 2 with 2137 - sampling time: 0.09108734130859375
8113: Sampled 5 with 416 - sampling time: 0.01772451400756836
8113: Sampled 6 with 434 - sampling time: 0.020923852920532227
8114: Sampled 5 with 820 - sampling time: 0.050926923751831055
8113: Sampled 7 with 452 - sampling time: 0.019382715225219727
8117: Sampled 3 with 1080 - sampling time: 0.07370996475219727
8112: Sampled 2 with 35 - sampling time: 0.09970831871032715
8113: Sampled 8 with 458 - sampling time: 0.014862060546875
8120: Sampled 3 with 1846 - sampling time: 0.06568598747253418
8118: Sampled 3 with 1389 - sampling time: 0.08269953727722168
8113: Sampled 9 with 477 - sampling time: 0.012441158294677734
8117: Sampled 4 with 1101 - sampling time: 0.0392611026763916
8113: Sampled 10 with 533 - sampling time: 0.014809131622314453
8113: Sampled 11 with 545 - sampling time: 0.013427495956420898
8124: Sampled 3 with 2145 - sampling time: 0.10479068756103516
8114: Sampled 6 with 842 - sampling time: 0.0742487907409668
8113: Sampled 12 with 550 - sampling time: 0.016566038131713867
8114: Sampled 7 with 864 - sampling time: 0.011771202087402344
8114: Sampled 8 with 873 - sampling time: 0.015391111373901367
8112: Sampled 3 with 53 - sampling time: 0.09637284278869629
8113: Sampled 13 with 667 - sampling time: 0.028734207153320312
8120: Sampled 4 with 1881 - sampling time: 0.08614158630371094
8118: Sampled 4 with 1393 - sampling time: 0.08189749717712402
8114: Sampled 9 with 911 - sampling time: 0.015746355056762695
8117: Sampled 5 with 1119 - sampling time: 0.07543301582336426
8114: Sampled 10 with 917 - sampling time: 0.02083563804626465
8114: Sampled 11 with 921 - sampling time: 0.01866626739501953
8117: Sampled 6 with 1134 - sampling time: 0.036432743072509766
8120: Sampled 5 with 1899 - sampling time: 0.05170869827270508
8114: Sampled 12 with 957 - sampling time: 0.013085365295410156
8113: Sampled 14 with 701 - sampling time: 0.06489348411560059
8124: Sampled 4 with 2148 - sampling time: 0.10968804359436035
8114: Sampled 13 with 984 - sampling time: 0.016964197158813477
8118: Sampled 5 with 1397 - sampling time: 0.0876762866973877
8114: Sampled 14 with 988 - sampling time: 0.014452934265136719
8112: Sampled 4 with 54 - sampling time: 0.10015296936035156
8118: Sampled 6 with 1506 - sampling time: 0.01391291618347168
8117: Sampled 7 with 1144 - sampling time: 0.05451393127441406
8120: Sampled 6 with 1907 - sampling time: 0.06421208381652832
8114: Sampled 15 with 994 - sampling time: 0.027202606201171875
8113: Sampled 15 with 728 - sampling time: 0.06527042388916016
8118: Sampled 7 with 1584 - sampling time: 0.041178226470947266
8112: Sampled 5 with 91 - sampling time: 0.07283544540405273
8120: Sampled 7 with 1932 - sampling time: 0.05433297157287598
8124: Sampled 5 with 2161 - sampling time: 0.10261058807373047
8117: Sampled 8 with 1188 - sampling time: 0.08405733108520508
8118: Sampled 8 with 1597 - sampling time: 0.051886558532714844
8112: Sampled 6 with 113 - sampling time: 0.05114006996154785
8124: Sampled 6 with 2179 - sampling time: 0.05701780319213867
8117: Sampled 9 with 1200 - sampling time: 0.05340290069580078
8120: Sampled 8 with 1937 - sampling time: 0.0777895450592041
8118: Sampled 9 with 1599 - sampling time: 0.06067514419555664
8117: Sampled 10 with 1229 - sampling time: 0.026113510131835938
8112: Sampled 7 with 127 - sampling time: 0.06174802780151367
8124: Sampled 7 with 2198 - sampling time: 0.058783531188964844
8117: Sampled 11 with 1253 - sampling time: 0.03265237808227539
8120: Sampled 9 with 1946 - sampling time: 0.053549766540527344
8117: Sampled 12 with 1254 - sampling time: 0.028818130493164062
8118: Sampled 10 with 1693 - sampling time: 0.07672405242919922
8124: Sampled 8 with 2230 - sampling time: 0.04653310775756836
8112: Sampled 8 with 135 - sampling time: 0.07346272468566895
8117: Sampled 13 with 1257 - sampling time: 0.03246808052062988
8120: Sampled 10 with 1949 - sampling time: 0.06278872489929199
8117: Sampled 14 with 1262 - sampling time: 0.03423643112182617
8118: Sampled 11 with 1723 - sampling time: 0.07108283042907715
8124: Sampled 9 with 2271 - sampling time: 0.07347583770751953
8112: Sampled 9 with 153 - sampling time: 0.06818604469299316
8120: Sampled 11 with 1954 - sampling time: 0.06247115135192871
8117: Sampled 15 with 1325 - sampling time: 0.03945159912109375
8118: Sampled 12 with 1741 - sampling time: 0.0582880973815918
8120: Sampled 12 with 2057 - sampling time: 0.034926414489746094
8124: Sampled 10 with 2291 - sampling time: 0.05886340141296387
8112: Sampled 10 with 209 - sampling time: 0.0662679672241211
8120: Sampled 13 with 2066 - sampling time: 0.03118443489074707
8118: Sampled 13 with 1749 - sampling time: 0.06476664543151855
8120: Sampled 14 with 2085 - sampling time: 0.04101085662841797
8112: Sampled 11 with 226 - sampling time: 0.053987979888916016
8120: Sampled 15 with 2094 - sampling time: 0.045931100845336914
8118: Sampled 14 with 1773 - sampling time: 0.06711506843566895
8112: Sampled 12 with 236 - sampling time: 0.0509343147277832
8112: Sampled 13 with 245 - sampling time: 0.06549549102783203
8118: Sampled 15 with 1800 - sampling time: 0.07272052764892578
8112: Sampled 14 with 279 - sampling time: 0.03927206993103027
8112: Sampled 15 with 328 - sampling time: 0.017243385314941406
--- total time: 1.121887445449829 seconds ---
Output samples created on:  ./Samples/smarch_opt/Dune_100.samples
