Input file:  ./FeatureModel/ecos-icse11.dimacs
Number of samples:  100
Output directory: ./Samples/smarch_opt
Counting - Total configurations: 497468225710631621747603296699889033272954921819172253991278234562183327622958116060862179163892950611831327207015661220531400
Counting time: 15.60208511352539
9771: Sampled 1 with 7676606055018250879571086775666617487827586767034520295693873604128124484510488005088960241550295783031012063371776127751464 - sampling time: 11.99329400062561
9778: Sampled 1 with 383204473755852539522509959517063784481582328120651708103618262046697781173899984818598318958161542983633298485259258251208327 - sampling time: 17.56512999534607
9775: Sampled 1 with 222552521359451345763310085517102036738036119859130032801545092351958249986449972983256043498871405525198591427885955328184800 - sampling time: 18.42398977279663
9771: Sampled 2 with 8176881584099372845532338477443563592066481748418678453892202290561551760557864781030043097361191003129089289823750449500579 - sampling time: 7.91778302192688
9773: Sampled 1 with 155253492009811908046157136321648119682779739950541807248689349728204066611316025887504054168306556922538569268073400838755760 - sampling time: 20.03278160095215
9776: Sampled 1 with 268545382131860257892363566184004545638519682499394097049562352753145631239864701471880341521721842069468878688315111112271017 - sampling time: 21.055625438690186
9772: Sampled 1 with 73648370629633036691366574706717966692068496804155877318301883471724817479324340287694949259589415753048639787718787818350135 - sampling time: 21.196808338165283
9775: Sampled 2 with 225390558808482295262236174155446250276741690436891882860960991865638299188648732229212577172198707223838111355570346215640827 - sampling time: 9.788929224014282
9771: Sampled 3 with 19138104735494936799348559640943394319900676799495977041276036743040767355261000119048899188283816433817696185258717359405684 - sampling time: 8.850365400314331
9778: Sampled 2 with 387727460604660890600908067158949521496175493515395044851192968725460236163243744253113839474084686661066968806661301619675224 - sampling time: 14.868847846984863
9779: Sampled 1 with 465906343956940741176948626765590686379511959450046980085396285145587608641218658155712652965290126741960818127192580632006819 - sampling time: 32.55483961105347
9772: Sampled 2 with 79540230387849163536307164983231444227445562681455672858935986878021530268563341062424745707003944015415028510460994357292150 - sampling time: 11.593817949295044
9776: Sampled 2 with 279426053707808783549170148543219190198631162277069901975437355526248648166433365480005604069433500584314179650743571511781218 - sampling time: 12.249326229095459
9773: Sampled 2 with 157150745095710306936189267956251518913123428356022215165504832830094541235834037733693101737699581456670409519898915286289819 - sampling time: 14.53157901763916
9771: Sampled 4 with 21106936469376120210602996378037127099669315821667651825641079405327598970398019339841957624140735803148147081157789891111061 - sampling time: 7.68657374382019
9775: Sampled 3 with 231712207988953027033083240530308497581721062264634022652244103304355583381528692610923804159900683605933478599811574135861903 - sampling time: 9.154019355773926
9772: Sampled 3 with 79685352568737855372381860610171234930057149204133002470534921633544442785765329996928152971054979287738995632013193521589591 - sampling time: 7.651729106903076
9778: Sampled 3 with 406501888677390602069996636426662091498331140160306814998101567680136351616051236113087291751346996085547910358510449563093096 - sampling time: 8.888313055038452
9776: Sampled 3 with 287776359880205616597171919223793368005055150575191611216933600390134355491338329079418497282268192100763857478533753868502348 - sampling time: 9.225521326065063
9775: Sampled 4 with 231869263901250104254743121942214177595437065711058001023925400432117089793357216618674509445203159292596082878206320830008163 - sampling time: 6.33458399772644
9773: Sampled 3 with 169185052738669722103405508178114484689632336303223072127862321795043770597455183470822235651669422745615464225295896928764065 - sampling time: 12.072896242141724
9772: Sampled 4 with 82360983044237085497578531964795239427112036400261972277514039424641009680428661763998940207973310981277065707413468231105446 - sampling time: 8.54599380493164
9778: Sampled 4 with 408934595743760521397219932379150554314033391000132293125094128240954233286859697048368762947715780466718988833336061409373416 - sampling time: 8.257257223129272
9779: Sampled 2 with 474079314833620771035557042971516227679300846504037694025573307268364816512955429733521768191120878673714461663362434465323264 - sampling time: 17.286719799041748
9776: Sampled 4 with 291747880909351455135901798273190764677037768134813094985496425631950566492775070956269203545644963701562326564000032909515141 - sampling time: 7.551356077194214
9771: Sampled 5 with 29853147372359078218515040290102915910213502881207677256637347105706333985064932483598018765649232918831781442352305655458158 - sampling time: 20.844681978225708
9775: Sampled 5 with 238341007202865617297018078170382236892874396533044639768387180555601120077786512612100617060604170795623384298855092500202627 - sampling time: 14.209985256195068
9779: Sampled 3 with 475215666406692071873515037401795751685743940889925504456691446724798412729121115177168813404847280593241101467098456242385081 - sampling time: 9.890432119369507
9776: Sampled 5 with 329106787528978745901816286792053761803451378763510242873994032842576330786402663197147298136746368905192986778495768950778078 - sampling time: 13.252638578414917
9772: Sampled 5 with 82736455412609336783168728523789015528474500364122221702888333168509264831827058271399825169038609314559766409187486081142238 - sampling time: 14.815775394439697
9775: Sampled 6 with 239291689444888481399551705311308211544693074709986229622619024208306335805387004480209806153376078117672836520884154373180345 - sampling time: 6.845755100250244
9773: Sampled 4 with 182046567364442192022465058736931834207618328785494900283531259936582188234236706238875711501030942749770155031742127871151038 - sampling time: 18.33078098297119
9778: Sampled 5 with 418155474599887033729027042492817509293166260996448201808977391720555999036823215786582569702325819959490654594075712273909524 - sampling time: 16.120709896087646
9775: Sampled 7 with 239348628987936851215054573475507646692630816658467170574876630734418032348186031705845049965034312953043990391910068199335358 - sampling time: 6.594119310379028
9776: Sampled 6 with 331535672188791010602728246464846190722601246172502391248592415272635711604284171771272317442305044942794486632998696482117983 - sampling time: 8.812671422958374
9779: Sampled 4 with 479941713916884098908635735170959168923206587780398321891927623304825934522317098423010807727202960008529595033191637227207736 - sampling time: 14.74016523361206
9778: Sampled 6 with 419667010216122691173496782110322822298784997730410015159342613403424153062892131259201483131568108195978359888686234388084927 - sampling time: 8.83677887916565
9771: Sampled 6 with 44112841625893519082703937829658186014327432197308911308758840115002010106921926705525862698744861635847297640438036191653891 - sampling time: 19.971437692642212
9775: Sampled 8 with 244999638710590127622356563066840718172270120363089028506899789499830148599111227688995767847494164126604495379116898143263799 - sampling time: 8.544467210769653
9776: Sampled 7 with 333125391898007375923637560111531260001833411957442189286618027291433913041446399641871139826888233280685373503714407757468258 - sampling time: 10.069852113723755
9778: Sampled 7 with 424561680346334803484392157555776885528233332735051070545981927144990074667104719539374162861429622379598862944367159098309526 - sampling time: 8.303385734558105
9773: Sampled 5 with 184440744361470730394087632396785550811085008248079929349256627048302834731410903184301674690706551447415180031562214379796348 - sampling time: 21.995525121688843
9779: Sampled 5 with 480305232173722122985911561729697720756121107381361251264908607319355741897779001089425425637333979555740257891557468164940846 - sampling time: 13.113708019256592
9771: Sampled 7 with 47420100722119015244734399790067471195162065906978264040068124119596665712512716415161764953841039877818076758972451937258733 - sampling time: 11.796588659286499
9772: Sampled 6 with 115827886846053711614618976091360386481936578429097289558669529532295779307309851978620942610641173036155096449025826260477962 - sampling time: 25.411675691604614
9775: Sampled 9 with 256866438643013704669066902919034973574951185832755557105406533843852851710781728424728665126521050330594396125065640324122636 - sampling time: 9.614223003387451
9776: Sampled 8 with 334473172296525405725733300666277664301917349363184871454750259008574747372108080926074602288136936405578624864840767876577091 - sampling time: 8.467576265335083
9778: Sampled 8 with 436342048930715590742527954963955617018679603683436769893098609855254534420916144387926803286479345037838910497934920510876795 - sampling time: 11.548471212387085
9775: Sampled 10 with 259431163755905974082269746964706514831609122147523932486482086282395326262040620584228125767120338123460323938163498614801847 - sampling time: 6.795339107513428
9772: Sampled 7 with 117842213015756988243663709379251272877692487737864448647961461814697272523994529740240355585963690073105045529060042099617050 - sampling time: 7.4747703075408936
9779: Sampled 6 with 483251061913090944052252222518370800852963797828257760459222814434817412296338503365644825263297963067284202284180857421289905 - sampling time: 12.014214277267456
9776: Sampled 9 with 336434763580586701397783415685216733175909907626185600156134427446285093601629600375757990713260243227558647892518316524832014 - sampling time: 10.12651014328003
9778: Sampled 9 with 436822172590101650635242028672235631555628225977961972686048771162052389911899939920566489472780627913665506507237925770074146 - sampling time: 8.421278953552246
9772: Sampled 8 with 119023049644149462502569431098404452950609350449416042601878294742663659463749927423163690920154523348648371314572227897682824 - sampling time: 7.553427457809448
9775: Sampled 11 with 262154859733514403893957803758832494145058484749317163628815339963501002143623766699428120382725973085252655714718686374842309 - sampling time: 8.344997644424438
9773: Sampled 6 with 191678078089537093783042053322136133434520430640987263192687228373457036182554664107250323379134145640600214620777113041765340 - sampling time: 18.883753776550293
9771: Sampled 8 with 48234519499203673237377815213493780727514440186681282514174395351604218090292013360881870812340737394660580282877002035261090 - sampling time: 19.09496235847473
9776: Sampled 10 with 341405796812134771415609674868476613827145156482503821131909475927927371442532156429187798142632802308631289784520025663107809 - sampling time: 10.06831407546997
9778: Sampled 10 with 438391536813493623972945508600929693925304743592654118387869791020766894267839159055045444110135724037063331507687984826572325 - sampling time: 8.94304633140564
9775: Sampled 12 with 262599533906129944811783639437869381564890005480703228394824560838258609214655576910637489646544438752480609170211051377239854 - sampling time: 7.138972043991089
9779: Sampled 7 with 489674377469577145266143527652113436752780620881617430374989692867342213672819922792500303118964195763939720744041986453823645 - sampling time: 12.537488222122192
9773: Sampled 7 with 191687378328746695655111550029852274465311866575130851246257825688833285949631005578615291388733870056841800840090592950481373 - sampling time: 6.992785215377808
9771: Sampled 9 with 51192043879295012641146232088334008818285439553593247598901827239941693822535565123307673033355607299895190481781948746124151 - sampling time: 9.688261270523071
9772: Sampled 9 with 121469786728203052180533916377825198877129823789808663981534706914355094836027571364252545523073671960427401426636048871951943 - sampling time: 15.805713653564453
9775: Sampled 13 with 265720617132233180133754870102466240314075032075472754062107364866723160460065709585878940107889770691871708125369284679807882 - sampling time: 8.656546354293823
9778: Sampled 11 with 446226500827327388930491208650204500901484859842201135412832292798159311455620954766244101405343879230809543880237527568562768 - sampling time: 8.91836404800415
9776: Sampled 11 with 350927143637475871352711841942029589009408899984378524490839924954086419177502559019363616925231425634112965429417975373630890 - sampling time: 11.267084121704102
9773: Sampled 8 with 202169860389281936828100037181059169405595963617527897097912606314161940868172772702461344083230919532860178863855419352218145 - sampling time: 9.68608570098877
9779: Sampled 8 with 490372156082432167454761338694566059755341728068735628673957940224364245589714539688292732280583916941201371747150971003998168 - sampling time: 11.193745613098145
9771: Sampled 10 with 53314643253953821884611033612132207292846635808588772829498643238346550088783505466704713573682958699935538944908578476375719 - sampling time: 8.450158596038818
9775: Sampled 14 with 265890416226714325358398644138660916725554206526543658437173590201649996895971669369486185855514397388210663915283772559310666 - sampling time: 7.918905258178711
9778: Sampled 12 with 449223262646845325577309038806625684590581830404066735620232831810286032718438167038097238026353484515697371465550198433451847 - sampling time: 8.026495933532715
9773: Sampled 9 with 202835447458975441706272052783965010334098588687134353253075553181476119713668925824577429264636738641845129941851311456778453 - sampling time: 8.164366960525513
9772: Sampled 10 with 124479058765457935433539934000010263114954309783817100084754473478315809811512118374076266769850109788205568866513913893057036 - sampling time: 14.648162126541138
9775: Sampled 15 with 266271426935339242370763398122775330325005415100100654172755252110983470930481054013905382299036088765687654753939333743647387 - sampling time: 6.9414684772491455
9776: Sampled 12 with 355157292589855410238005192958183141617424990089143798149889072676822769319057232464584729574440380494353568245298674594558750 - sampling time: 14.664600849151611
9773: Sampled 10 with 203241189397084890400435840091609965487910919382883698495414094718976564659398068021905403278394077072302888808085600953454460 - sampling time: 8.764698028564453
9779: Sampled 9 with 493017246250151980747270491576927736082185714180740348221964698448715846336674726078383648819153597894003936933053266905825726 - sampling time: 16.6316499710083
9771: Sampled 11 with 54395239677932378444868387668839647010736061753554255249878050217126356087898368346810685964269687717112785117969761988574337 - sampling time: 15.145183801651001
9776: Sampled 13 with 366691151812451991431215934644901092097122253818121633265215977443909753670530659297713473004577359369209522571948982472469367 - sampling time: 9.54239010810852
9773: Sampled 11 with 204313404930679596910990772211349864612036385138557531850116029570500669104024722405981714586052625592663958525246034249988207 - sampling time: 9.565315961837769
9772: Sampled 11 with 125797955130723109761991401944314088448647753539788711273490876211773988799356735170114108060449026107365599972333557461406067 - sampling time: 14.33816146850586
9778: Sampled 13 with 460782577305484659762584864154310286039284074833216027661854376468549726698459867076573131244577488785371927791555330224300059 - sampling time: 20.734419584274292
9779: Sampled 10 with 494736852613725685791209221396248178054008221622494269442597192739752125693077574347813574712487113959196336124930926573937948 - sampling time: 11.63143014907837
9771: Sampled 12 with 61794389480029946194178383657363644254975871649678689654310200511702345118876226702667843624371839378995081471541446957421726 - sampling time: 10.726459264755249
9778: Sampled 14 with 461423348906302019723573710822138283350556967320605244717852314622960412488735854093230099189458164581871486205728946966789255 - sampling time: 7.197125196456909
9772: Sampled 12 with 126942094834727353492304623547470708071613153934656343511049213384978536503623406095359876203584572315205246545565902356450233 - sampling time: 7.741755485534668
9773: Sampled 12 with 214834214245654670851894277765110813696134268798505773127995710238057931551578968803884957925451923899426449178077050437229245 - sampling time: 9.363887548446655
9776: Sampled 14 with 378322889648434963273759198055508950652330718802677816467053980749709212532667009876142872171353220936382110774134395339192252 - sampling time: 15.211192607879639
9771: Sampled 13 with 68496027215149303635476293901494513951125727648908191576182718257952516613467628855890864753139723563091717947930852923970219 - sampling time: 9.8442542552948
9773: Sampled 13 with 214937107604945961789009477781369459613070771848465663294545414615494642411439271069016406374033616368794486564555177692901676 - sampling time: 6.103794574737549
9778: Sampled 15 with 462631443082878129233809922770639039659632735342134764532468288626358762801773739061146835830977856773163870539623592107592193 - sampling time: 8.731814622879028
9772: Sampled 13 with 138366141158064322307828440375921438781794896924960301404496758168838202760472210277300048401420631450041144173856123333171761 - sampling time: 9.299829483032227
9776: Sampled 15 with 381140344929305559927785265664522796980233499837132307722918966373025262183841739609042309705399953105846789309265411900398190 - sampling time: 6.612966775894165
9771: Sampled 14 with 70405218677821604176015946102409594529471375686471233919436877374825344647136135614386611187729834144238865456702852734103104 - sampling time: 7.544941186904907
9773: Sampled 14 with 215372699618779734577662238758752968370612481598722576511222976534197452563820332062040870965169850493993260077470082516315353 - sampling time: 7.691796779632568
9772: Sampled 14 with 143574232747389938363443979385952191700446419143314080223350628017133341721325322490071469236091605623022035165815911470927651 - sampling time: 8.926547527313232
9771: Sampled 15 with 70707619783924535941825157722480383126908132466167776083968892442230920660499823995759490314651815614908882809237822307378076 - sampling time: 6.279022693634033
9773: Sampled 15 with 216020622350063044812827697810943596969084720611555932858266338102707650074382799481748189772113122155772273480746570713581368 - sampling time: 6.078667879104614
9772: Sampled 15 with 149115529111901521327124138800631191413526976771268423277675196302716273600261732454924423425843654526428272574117419120612266 - sampling time: 9.222924709320068
--- total time: 199.85707569122314 seconds ---
Output samples created on:  ./Samples/smarch_opt/ecos-icse11_100.samples
