Input file:  ./FeatureModel/embtoolkit.dimacs
Number of samples:  100
Output directory: ./Samples/smarch_opt
Counting - Total configurations: 210328704785134090920883923343773203220355249161479914212582545159559623036212205095390966771918325538344274226303897777803541450640853598106847087928919831355051597507901564467505197844847336874552641222679107469312000
Counting time: 55.952391624450684
24594: Sampled 1 with 69462707523643811997279000692762339325215017336182091665455203173706251437409576749723861300784297177386660880678325945027968325215259053796904315446539564005798778410838100688803823411057362799389024693034381428528038 - sampling time: 1060.8449401855469
24592: Sampled 1 with 35111241027674155720135707201346853733283675206996712889195182762190752109370392104616096820735564307521044688767333523020887353748708897955324525331583430280554991773009233671999545482643693743744534371283650655582735 - sampling time: 1088.1627252101898
24590: Sampled 1 with 4374576420070382275793354886577353293280355932981328895734439688354682348695873568698167179949006838136109759722507154081524913800977237991419955043899441308456575534516254881248592905720208969923175390135015604925629 - sampling time: 1094.8572452068329
24598: Sampled 1 with 133960410405035182780172822509778796440417189531506032626119760054424019279946243310557743880424278084669273960897942594724675186447758994968912634334596033373880181761047472074012516687006054067644141946219541443534183 - sampling time: 1106.0917482376099
24601: Sampled 1 with 194038158961269145413683167824372194974328577933786896069038953013453719720692237620935278646897109050604172546929138144037107096858573145946606189046646275215356186204749296956479413874837886018998991426212941496929062 - sampling time: 1132.1392877101898
24596: Sampled 1 with 102678237604669166186551802209944309773778886209972216769575378597256248471247342858267833692857163093518149495663740417483796361616630491998557615008370827505117869828997721266083336671548216908245013791899462816900649 - sampling time: 1135.952630519867
24600: Sampled 1 with 161062993629430496332124921024348110613089219559646917996887081388558671845087587285942151506041755429227913956721834832572067394434747607298597124608515225384994897103067762913287655107572092948533955384715242850045821 - sampling time: 1162.5844142436981
24594: Sampled 2 with 73266535611192740960042495054470986177975140271957394962013668758989836247741265654995362898551726420306932799830015463358200374090976769228739355953307139865419603536623461792637160037524852899108780956098921357476435 - sampling time: 1061.7673509120941
24592: Sampled 2 with 35938201901781813163834132490013588806041676908458103473530474181872057079577400317445603786639345882256196213136311587794025776799893160542135534401912954100753294782653539645655492217033227956022076929621654347560259 - sampling time: 1043.3902986049652
24598: Sampled 2 with 134362950955584826061094972626407091903876009281552400156982975522854961454848553196782595857591163534326723555684597120281500493413667209529536602329110043138831574193486743933838727608419334963572130668711542516719245 - sampling time: 1048.8729977607727
24596: Sampled 2 with 103770137322845720311940062665076125621659929844845196982197714980198030113878874958500562324425821977075968646249908571764402438297036087531514877746837385399965199085026804555162673791541976400644068870859114846369750 - sampling time: 1066.8855183124542
24601: Sampled 2 with 196945560935286155695281559527368220304368238629519557114774930716302549863771725906551540361413008552285252149650506838196516287967560169740361843055632638394787396730850333816103585033166671996926022973097232289070462 - sampling time: 1071.6628699302673
24590: Sampled 2 with 5029578702717336297436906010197191439065998494271508832100590127558171712899756840339318862982386297723492479673857510593314627142821536308841757466730773269377340124549779022346500563089879564394198944831766407119800 - sampling time: 1117.9854972362518
24600: Sampled 2 with 162628999563880913363383558228682267030226753848931842106287359274894792428664674078482332413767442609813413000318449496580188521556490561957956453962179282797575999159287591196812931115690150476009582846948708002447336 - sampling time: 1083.9681732654572
24594: Sampled 3 with 73536957984451719769208311150093901959912612590423659849156677331289208434522770727347568086680209376257528487749670032645908084771936792145325867904196832572377884984895875188084836175999589659132324814260367856841766 - sampling time: 1067.8019244670868
24598: Sampled 3 with 135676592477525915618778831322341742051245556513496342671046151422787604384940880608786287391374663968701198185850554988676387318073043213970889135927769985066702993931045551003255436896570651897961877097979107224754969 - sampling time: 1042.9805867671967
24592: Sampled 3 with 37839634497053182463550493207588482411401847217719187890833751604665577690281331960543823072931941915006521851443703524848806054311342364552759823205162492923966182002232673047690115376948171827626968489829799344041239 - sampling time: 1073.106796503067
24596: Sampled 3 with 104280525871225818151102782864634087958865953187159170955074302487218848857083461529231218008134771689136533340792706856266711978159349590014319073073260601015245798365585489716707483980578237030423730048326591578801589 - sampling time: 1052.6967368125916
24601: Sampled 3 with 198640617389174441236762218837950725062880355752521145957584539623398616650129827201584279126565576779509694168316368372085170297804717900031775216619492184161056583084590620091653659752505211286075342573065246503025907 - sampling time: 1089.385329246521
24590: Sampled 3 with 11943943629091287241099916897607809610189071845717806073989052825905386574747180693069218713470038477504398735086429697693837716909901942123528339625791459026722246085904115886220874762973855839350526872675748138027751 - sampling time: 1089.7461984157562
24600: Sampled 3 with 164642450743852648373559529562223187133514118681121097321525146143298922028409021943150982147477224922900228233409799571184498465582272570127009295332218727865103057231215765208804584283002187071908494419578080266156820 - sampling time: 1095.0348019599915
24598: Sampled 4 with 139508848616032611084058840473121198801843985170603765452999170971337730733940817738218807946566487555581113321541618293680869999177385582218841827902275260812248054627233663548081379527937961430286493418104754579738968 - sampling time: 1039.6053833961487
24594: Sampled 4 with 74838075214446657725157730687256617928884709025170295446935792368509281121676320984042001028406792635162743734765760217529128863081222649716565451902401490669426793215170188427738038032049209934808386445402992319221498 - sampling time: 1052.4706280231476
24592: Sampled 4 with 39175398731276036911518660693738862577543445187953379904512408225926494322426919911138676097855293366184143403477614137779005194199993808937540359047408865358962494748657069303143971448689802684786930418021939311016837 - sampling time: 1077.8819448947906
24596: Sampled 4 with 110140276105043469695769198745031763031888643371231513125292046596739134641079724035400573301223406618573497601709200937457237690552503305614398287908029424839841983444562201009580225439823370891222287201555496059743955 - sampling time: 1060.11146068573
24590: Sampled 4 with 13146775675645634658162901889636327371849672343517456200686535601173013325465972934600914606021789213678263938637205355134592287731265129456269834339981349570808588122720299162091866743948444001138122762810048090615417 - sampling time: 1040.1878657341003
24601: Sampled 4 with 199402927499822148384317933882534476634743195673095480728801696254197412961372795598593781143398795846726306514100334814754169770440484818112761208732485938457272223859626901019928916263756835985813997202391049859083834 - sampling time: 1057.2269377708435
24600: Sampled 4 with 164670059514032895595063451667998209828934380473582862637920392400135846109894218965208139472555375747360272234824114197860485687164809253924819323550674822728355325700249357597765924379183244309536312602434456159689668 - sampling time: 1061.3889291286469
24594: Sampled 5 with 75073818996027382956060487701563956908970102247828008488913680900685783993057605933088412577981249026804294226433863696513467640389450340271690113162097872095382634335554528369900899085861095844581852176238306698285614 - sampling time: 1011.1857883930206
24598: Sampled 5 with 140297140293596946081830421134572510552115501347090207036444509496809740805211231327834983188249740685771146018965300984053276414967871308042295291171193243693539292475773559440222759948461502921841571313378886823724129 - sampling time: 1041.4248485565186
24592: Sampled 5 with 48563474114684078112477523468992861200144547058691413096064500688313108278393983016550226871338610366400051180487237282594324579321681128394951138345045873837440702780856054992639325203949740610788125353100104859392515 - sampling time: 1078.4481406211853
24596: Sampled 5 with 113142917860076495031803799472983258723357297588178663583775348390068279218175718701726568907679133637990682733834457366269125068006392197537881333388469237776396599589341483214747412023848522348019623179333619478630464 - sampling time: 1062.9434251785278
24590: Sampled 5 with 13174268079159018638705327001662949363534159562529463639581581823211770448276627440413727455343068346804611568085477802762416976905537411823771901202727426812619964181259459208826532136161353203811945779521183284442163 - sampling time: 1037.3795447349548
24601: Sampled 5 with 203011533686228813203580874136356088693166685885232262094336502256399472656013938214491390534203994011033850948119574277872157583413574510441733059954395020884077763316862003045444219766060464649580409108522222712199729 - sampling time: 1095.5681686401367
24600: Sampled 5 with 168085458487135285311791531666591509322213958324843802860240608017348807164800165877032001594766907082394144024190421241325011806545955589491838277773419356437597049384175460033335939786130031404528353606207442976981019 - sampling time: 1087.006296634674
24598: Sampled 6 with 140956764446909846143877878449229555726913408625306279199628259608977764193304898208138100114521582492703047440514055660299051955434648686644173649019081798491887676117789195479816966704149450674865972987462137991301680 - sampling time: 1023.905344247818
24594: Sampled 6 with 80548090952531650392523776707193299593012875136334917655095656995298142155824791344204064253916201025121540716969906612574268972178192068171520155440900684953445491033600241671494236831533066063333159235018427829326020 - sampling time: 1052.923166513443
24596: Sampled 6 with 114599989275718201583858958864992929969636091509987708512164766408557656355144058914095490537956838150115531167955912243264443577210363650700602652817895576517911697737394316411540491890009885797338809946056236532417107 - sampling time: 1054.2448246479034
24590: Sampled 6 with 15444337808086026653235157516170618124590125388907374901159451328847356116651757251903691007679290272336145760763396286590114127023874400979060234151353666639941663944669484582839029495004647190700527169226018015657658 - sampling time: 1056.6244390010834
24592: Sampled 6 with 49209023721061660004972323295687687899391086558270266628589200065033666631520145204605111665513167566467380699292845651896416259527018408186313151896658821377881519807054101464488424082371277964037994963393447150829448 - sampling time: 1079.932196855545
24601: Sampled 6 with 204964933638589373751452704632531050188349682794816319748528703135333667804167653928369504554872370577850413260473112094819587707951171066753463478330199993791466197646708923350954923672196671554807033357607676306363218 - sampling time: 1066.9252564907074
24600: Sampled 6 with 175282060979917523167593610180283444824685632402649349904437197529125624826432834280178757435437676518545061343592165993404885747942230457110834470233960565808282905741324389340033572179103738687177502719093359857685419 - sampling time: 1071.4270241260529
24598: Sampled 7 with 146405727923353288163881717306007178365686493567175113628099420212401539145063610492809946505435676627965440299744900684495288936488626400663340687877595068234582863362806657409147818550732656604338835398372325758408728 - sampling time: 1063.8724431991577
24594: Sampled 7 with 84501179540198039494093187540796669626474663385997696364583957818548964614636772917581874500940588180183984941652589540984825065269200706221750865553199801352931200522568606872181884274123713929050299124170147108832161 - sampling time: 1093.6294968128204
24596: Sampled 7 with 114605718316558488806325530848113315572337241142954819938432604834463614394754047847057770807074772743727851565225623230113931772019941839854683631439734895822950706012026557753280651662378243859919697222886507642760158 - sampling time: 1001.3881714344025
24590: Sampled 7 with 17562120975969587632649032564183860362558073463360012855248544094342119090745885885823395077866977339855470551573729333461980474863085676927316233262079707112690813099251320884193940415199352611572796649759877796102591 - sampling time: 1080.1169669628143
24592: Sampled 7 with 53067462203640752703041358333948429002129471839772676484069258718525617621617477221166872700305319891992558341817742906384762463861738223702051418593066535702095832286348736409615468481547813746929164143906889171342364 - sampling time: 1077.063973903656
24601: Sampled 7 with 205124667642856535962980004774490711076778336222297016201144386590008394624063338083568172077678839589817306669614494076019899310446824717359476898835144953742650035346530909444163015477088758720720668084656148047699686 - sampling time: 1084.625893354416
24600: Sampled 7 with 175789364156691082187435146287907697315819891339874012742373546986495918134313765702394408282962169849981973280571984562659778199028562564328194659361163610005256428896858250975862510176096884032754423456205046644904680 - sampling time: 1079.0094435214996
24598: Sampled 8 with 146408291550831278732663010738092163244555956312901201768094161079888524266951490928986034260527316093756725323530539748319152078490684844470195082464002091166286116114129157273875938328626495073560419855167696796528393 - sampling time: 1037.697333574295
24594: Sampled 8 with 87150653372522312866377242605141551862697448477570468698753075610690660229445048709411573583096188989707876553596339530835726280716730654904667059363736254568048470247749018803793505156593139378826069682962254972971669 - sampling time: 1066.1534922122955
24596: Sampled 8 with 119010332104920540357849171166647942522323197705003084541067651665552901592354614892030248157638948852171552270103355663206244450974429632300705005211838285463507276967346710851045255354511444682306032342922447208008694 - sampling time: 1044.39577460289
24592: Sampled 8 with 53828183359693862998325486869515307776992898499813276187270006203452518208382467963462717048646912536204092697609697325359819391668421110831863177245678164882910679852141301064971856362302181549041639699439682733530323 - sampling time: 1061.1277618408203
24590: Sampled 8 with 17854051349513134384493635221675198883848386665091899634936096513004818658378038079421868761515732373562660185582189498044974630173127611002344208872492013454962954967758387777700251925843875298065106132144063723199855 - sampling time: 1082.7904875278473
24601: Sampled 8 with 207283983739631090192978374015508064331967416371296221951463434188970962578970041832215195813655907783668158389968160161668689847963996451561599380548470676672721125267415975691007300113268155685146677055664087281393485 - sampling time: 1110.303778886795
24600: Sampled 8 with 176743962158868359051016213873771697145196974718624949675194155800693550772591017152401479854966749402150210864784244149869054729785388747664527201796404033247729448663156099304950273716981988563038436316508220722236191 - sampling time: 1077.2174916267395
24598: Sampled 9 with 150792226262378205088516928713484682856118672851979019251818760885526473782992525822222907186588981294139667145719517388104355325899348929536031328399764794474920752216704710602398010233272301264877779307100172629782970 - sampling time: 1030.3019773960114
24594: Sampled 9 with 88848192904137574267429135774488136431205423771147132926113195787341885624956283330911252902810059717619233643065724986452268041333093413070147792981053836788350241971830955585113956327815500598539182840431541133527235 - sampling time: 1063.2469396591187
24592: Sampled 9 with 53893964056570193142774587169968682758979501774472689031529263637698242097121263726566912849882246153171731439621930634984269999348893936740906319601281645786471758220069036742967007649957298124802653962726798998757920 - sampling time: 994.4262113571167
24596: Sampled 9 with 120923812645968469306701183339967927483440088117718190240013909165004671838109526060887700489508592738308194247094429824834187986457681836323215044618097454696538410872523480228230021796606687199878022809582259955748901 - sampling time: 1103.6482949256897
24590: Sampled 9 with 18436002825067222864214661032625990969644312342945035572120293204684937810926033159360985815417098168835933979381260559725052194508831136900268040681639128851268116979735148224479954352674251736933378255829510514558303 - sampling time: 1095.4006509780884
24600: Sampled 9 with 181953576514129872858151125885110362586465214859979977112836057124321833875620114996348801703272753614529653867856742949000689027112912862095648336902405204230853390624091268820985703999527080378857370046176643764503992 - sampling time: 1064.6292457580566
24601: Sampled 9 with 208365516179828159714995545719391643932192157287234424739316632533978887584202105211421059074317650657611857305405445625483254900778635077473230257697486921676563389425879149317755268886030564532615807360675843765327102 - sampling time: 1077.6211161613464
24598: Sampled 10 with 152976483341493838203580287112448319893109139698257000977092420045983697893910253581932022220028147047777688111754029506918351126338364601285630281564333085572501129178745946612888968792288844013585642836222501679259108 - sampling time: 1040.916984319687
24596: Sampled 10 with 121752418309734974461600776827483892174292522961931739892871093769270669166603796988723544624421667126300012599747506619977231311438026684660963045154665273473360005206343903488736321161538522592125530404116188190225654 - sampling time: 1010.2143516540527
24592: Sampled 10 with 54125892803508088130165502884619667968701241240560374851161464533461763005457682412977853949668172411973227533417784769751974956083290700738193814951900591394481253556851712418532010966892491391003756422032585644639185 - sampling time: 1022.4304084777832
24594: Sampled 10 with 90802488813578729935467889805974896264160065515860172922427161499582362949934522710521064369539479094420217990885240825331709430971627665342942061332165001161192086000677405617515728619751887131471898254099990147000351 - sampling time: 1090.6788849830627
24590: Sampled 10 with 18957074088514599499024645591501210117014993514242916060668924292504179065336037494668161281595679287194950860072352418930567617374877101613191714349679678706151320664689723172593828362911678644937288207622055865397587 - sampling time: 1090.7455394268036
24600: Sampled 10 with 182321675147021775490053168826203351552631709367298959256747444521282359382571504161549127119092475420496484625452910149042029098676174197037993198828330529634495090225335593520056769587679312031390655636414925092509468 - sampling time: 1023.0393371582031
24601: Sampled 10 with 210042730704149664396256001903992254873042434793397115165666949490055842159993905084280941380427956602523233446644331271714136216863132521216276812025435045951451282397219425249078722298747527906571239035181266957446744 - sampling time: 1050.7812654972076
24598: Sampled 11 with 154002742362636302732318669559455262652619748086615003927614698044870917156565928090317475897765593686328775679999407653255196166595523163942698927253549574899917234895316814693772103521317688710254244743787722477607657 - sampling time: 1055.2937235832214
24596: Sampled 11 with 122875415117318671759100221936992030181572038722109391461624820264821767968659175799768027775993526985355685755902772967849600428321195791041792365959523080835808896624767546240738151275879990359488074023104795597069584 - sampling time: 950.7906813621521
24592: Sampled 11 with 56094261053117402816691125527696917229204974120339561243088899070887400443822285213326454546333274852533059217552132747488727942166799180304575094170185618262198604474230544824488102255298161196720113802156932920434027 - sampling time: 981.31778216362
24594: Sampled 11 with 92799588492438801903603160295043464099739622032615892050648755176030934160753841805183720620460977255050727581717134851984392634273445069909439576445300638017853720638460301871485233812714386820749413843584231381317756 - sampling time: 974.2033393383026
24590: Sampled 11 with 21611830986141603573269391057716603476070798113611052062170649121357919193295768445779807780048559441776493508026163412126615457923057712037402351572990173458878993249918287564986467077612116563412775868512882661941712 - sampling time: 955.2998950481415
24600: Sampled 11 with 186500055550680981255560201552843391312042028898231280385411260622370082761503540487043811283349709546548725934087113903339750688785853853021651869234079573537978119463743182056953642353031417243806970915163340615186286 - sampling time: 995.9636108875275
24598: Sampled 12 with 154783226226678756702323896671129343684412275356982684608186578839061136373552365015340368777481270847088644691267791638332395478923302046885608521103228150887798685047583347913702232998995708400340473983182946694973501 - sampling time: 937.60995054245
24596: Sampled 12 with 124564241639086223573572335589787597873639063237505402576635189265916807465426803107136000255654566020604134660936579218501624687321227685232699099761612825504139826594943349892996988110815196673571954950063733586040906 - sampling time: 958.675416469574
24594: Sampled 12 with 93665807950793719906138567572383480049379528780142443306132485453411680833882655032642404075262516268749581248180233642345032683487414680970919749771351228865759609005962801154047409622980153638493633075042931248488481 - sampling time: 940.5079843997955
24592: Sampled 12 with 57742387312892071848292949922849022586359978236575676780199980091677668697015254604341987076181057180211372155672404803429192136719089520553582554486525896255974608168064023217411936570467527055226220734686016052960925 - sampling time: 1031.3114576339722
24590: Sampled 12 with 24454100434687662738008002701671592023616301148910491781281983396760333817840529714997912145313624284774914526769619622618029328945606134862908747504571161215695878014602363170710767312206459413615600902233234297918824 - sampling time: 945.6824307441711
24600: Sampled 12 with 188024468988971649026149166380722140239964455458657581655736649900833260753403389210629442705755094282811016658161248959629618208901487248241508476034632648882667218932782972424846322692519522914991946600901823646130935 - sampling time: 1082.8588862419128
24596: Sampled 13 with 127897441193801698295471943175671922355944150904913544967589310969961449987433293706776155593540880388559426004043798285005434325997659594282319488708093904498171961100032298744568659939539402154242353793925665738227277 - sampling time: 936.0110805034637
24598: Sampled 13 with 155688024439464944184092775448840412440240321131884607976434230446615352022820683538254940925879458954622038915471549987974207201664730310479847052368646649735179950485070840831273194607483520180559918429678869646601038 - sampling time: 996.4697155952454
24594: Sampled 13 with 96170927532650116372103824761960155296243793343797603357241356043972395917298244948517145504951114764551580308053392260488848206891126780188935357846917615969662461623138393238750085794803427704693002134298617237335020 - sampling time: 934.0350902080536
24590: Sampled 13 with 24830644867541109882813059154098548947713463971788127788560033326100301842627002582461412717049901543542724325027236019848838068051794931440309630769934144590340591273884062861554269228784476531288002083597728547617851 - sampling time: 935.9859919548035
24592: Sampled 13 with 59801649633598258645445560386451576329044432714690938778852747928328485991278737866075789921209043116261972792103849324496741065597567812038799750557345345351536839574582211605710858420810633969107478897544997774994299 - sampling time: 1031.7445385456085
24600: Sampled 13 with 188242883485327285171984634608067293944906314391776596985198582088911707796537421245383915951667298152879074031093344505160723636982945647426436219302970078786613256386462605569942852707869593495181251995712642215148841 - sampling time: 975.0557248592377
24598: Sampled 14 with 155977902368648540466444214114046568262011890383961177213969752391944348045058573299443365809352421492228819014201203094479407632479073269597482408394192811860694238288675701534675774628921262832874016073668910493020898 - sampling time: 939.997038602829
24594: Sampled 14 with 96477121959482649808620253296972228044400996479526289003587755840104613752433866378606607441330975249806917995195142777809739539833988384034581494305861319450915659269319771705841517099865589792311695537672211664277818 - sampling time: 940.4260489940643
24596: Sampled 14 with 130798412706156271559034746225034552493428045839183746731527830722744207442491874270821018950861944645788021099843326137990385214148119085578131119085480934258398171802786783600636939800203044095986164067884407637678826 - sampling time: 972.4946887493134
24590: Sampled 14 with 30941312508405549877211839685087109719250987627877144164269203819052304987655647151882793782416404547950455924579902506537928327086537138721480587269069784844330573830897324015993365527295830343213632361403941350410789 - sampling time: 956.7074618339539
24592: Sampled 14 with 65655021053211969028068760620155563429207019729789262339373653243209102495492636132138829465129049768716026795797657907869246548181216726398950045042839595344759954352104946011110712715634089299662029042878834256198976 - sampling time: 955.3807501792908
24600: Sampled 14 with 189706291022140866288194671582408571111584101598396493981844266528122006091917461951343415897174973238152172104154616224433760967097518090700076500646419305712925852550446502031313234481147122585979141742145789009372505 - sampling time: 981.8214814662933
24598: Sampled 15 with 156106660136595897765534406305850074895092893919228745584292294327734808337634378332592266499662493557666839823134265223552657138665393343186456854090876427705166640631490691675835124551495104928107807831628019512577487 - sampling time: 930.6008868217468
24596: Sampled 15 with 131252645352355728589182333696300224562807614172240327420591052674840128093960187957280062716284570449623149435333105520502191758629513813286386507836723318023391928550937012987296681098476026489410432967731392969957645 - sampling time: 943.2923755645752
24594: Sampled 15 with 97416338525503423339943948425932532215127577934362380047389293970852824889343305020756032104142743384834790330597894377949500428733730783792019478350069907853921453391857266595078990150716125921903804647841430358026122 - sampling time: 952.4077336788177
24590: Sampled 15 with 34939044749329213139477068099550257050100336142797842903600865172460821503896578324764383791791872389472924201488237250545267721258862260034676710451267344063566353226637902166914743686321235704432486597625549759597654 - sampling time: 903.5168011188507
24592: Sampled 15 with 66286975887518045400483702552492241548338019308781805283756567908630536233168353596673077844414628650601512269726848773640801392445835397701354944357637380706783608179791881184514629639077626970275663079844959466223338 - sampling time: 889.4283366203308
24600: Sampled 15 with 191848649491373621645585774210303777440847881205116369838435766358986435919679241502396867957199598178783199117073626437510238569268147043382160020855557186022599637905757066310774027189386732130688810901556276002072150 - sampling time: 810.4830458164215
--- total time: 15707.6948056221 seconds ---
Output samples created on:  ./Samples/smarch_opt/embtoolkit_100.samples
