Input file:  ./FeatureModel/fiasco_17_10.dimacs
Number of samples:  500
Output directory: ./Samples/smarch_opt
Counting - Total configurations: 10298439168
Counting time: 0.11243343353271484
22273: Sampled 1 with 7054624515 - sampling time: 0.14054322242736816
22266: Sampled 1 with 305730 - sampling time: 0.15862512588500977
22271: Sampled 1 with 5731316306 - sampling time: 0.16603612899780273
22268: Sampled 1 with 2910905595 - sampling time: 0.18819522857666016
22269: Sampled 1 with 4260338966 - sampling time: 0.23055505752563477
22274: Sampled 1 with 8720530676 - sampling time: 0.24851751327514648
22267: Sampled 1 with 1368781978 - sampling time: 0.2611393928527832
22273: Sampled 2 with 7103920256 - sampling time: 0.17653131484985352
22271: Sampled 2 with 5739728383 - sampling time: 0.15947937965393066
22266: Sampled 2 with 49376135 - sampling time: 0.21786975860595703
22268: Sampled 2 with 2920466182 - sampling time: 0.21987104415893555
22269: Sampled 2 with 4274080811 - sampling time: 0.2414696216583252
22274: Sampled 2 with 8735489881 - sampling time: 0.23508787155151367
22271: Sampled 3 with 5740811536 - sampling time: 0.20105266571044922
22273: Sampled 3 with 7128887012 - sampling time: 0.21801304817199707
22268: Sampled 3 with 2988251775 - sampling time: 0.16258573532104492
22266: Sampled 3 with 62234132 - sampling time: 0.2244706153869629
22267: Sampled 2 with 1383632874 - sampling time: 0.3572547435760498
22268: Sampled 4 with 3000621063 - sampling time: 0.14364409446716309
22269: Sampled 3 with 4277126821 - sampling time: 0.24366545677185059
22271: Sampled 4 with 5756076552 - sampling time: 0.19414925575256348
22273: Sampled 4 with 7146690166 - sampling time: 0.2154550552368164
22274: Sampled 3 with 8791173647 - sampling time: 0.27552056312561035
22266: Sampled 4 with 109962791 - sampling time: 0.28119611740112305
22268: Sampled 5 with 3023017689 - sampling time: 0.16883087158203125
22271: Sampled 5 with 5760351811 - sampling time: 0.17690348625183105
22267: Sampled 3 with 1410469618 - sampling time: 0.31681227684020996
22273: Sampled 5 with 7165356159 - sampling time: 0.2006065845489502
22269: Sampled 4 with 4278972072 - sampling time: 0.2774162292480469
22274: Sampled 4 with 8807481964 - sampling time: 0.2589554786682129
22268: Sampled 6 with 3025630196 - sampling time: 0.18159079551696777
22271: Sampled 6 with 5765714004 - sampling time: 0.1785721778869629
22266: Sampled 5 with 144332493 - sampling time: 0.2633833885192871
22273: Sampled 6 with 7170573402 - sampling time: 0.23752188682556152
22268: Sampled 7 with 3044028982 - sampling time: 0.1627354621887207
22269: Sampled 5 with 4280679395 - sampling time: 0.26566648483276367
22274: Sampled 5 with 8827966046 - sampling time: 0.24297022819519043
22271: Sampled 7 with 5817634171 - sampling time: 0.19779658317565918
22267: Sampled 4 with 1444647653 - sampling time: 0.37820863723754883
22266: Sampled 6 with 162029091 - sampling time: 0.25968289375305176
22268: Sampled 8 with 3059664966 - sampling time: 0.19602274894714355
22273: Sampled 7 with 7173316700 - sampling time: 0.24795818328857422
22271: Sampled 8 with 5891407906 - sampling time: 0.22156095504760742
22274: Sampled 6 with 8831454087 - sampling time: 0.25177860260009766
22269: Sampled 6 with 4281782174 - sampling time: 0.2837696075439453
22268: Sampled 9 with 3075499464 - sampling time: 0.19031858444213867
22269: Sampled 7 with 4322832634 - sampling time: 0.11212468147277832
22267: Sampled 5 with 1457780460 - sampling time: 0.34685754776000977
22266: Sampled 7 with 168738338 - sampling time: 0.255892276763916
22273: Sampled 8 with 7182247028 - sampling time: 0.22992205619812012
22271: Sampled 9 with 5898849094 - sampling time: 0.23404288291931152
22274: Sampled 7 with 8832120529 - sampling time: 0.2301023006439209
22269: Sampled 8 with 4360327303 - sampling time: 0.1336205005645752
22268: Sampled 10 with 3092353351 - sampling time: 0.17802166938781738
22273: Sampled 9 with 7183606246 - sampling time: 0.23630380630493164
22269: Sampled 9 with 4368561238 - sampling time: 0.12220549583435059
22271: Sampled 10 with 5921288855 - sampling time: 0.19962668418884277
22266: Sampled 8 with 190230495 - sampling time: 0.2848694324493408
22268: Sampled 11 with 3104583860 - sampling time: 0.1879284381866455
22274: Sampled 8 with 8852153419 - sampling time: 0.27310872077941895
22267: Sampled 6 with 1504335508 - sampling time: 0.3738565444946289
22269: Sampled 10 with 4373810086 - sampling time: 0.1387319564819336
22273: Sampled 10 with 7228306564 - sampling time: 0.23580527305603027
22268: Sampled 12 with 3117217545 - sampling time: 0.17511510848999023
22271: Sampled 11 with 5936834235 - sampling time: 0.23544096946716309
22269: Sampled 11 with 4386682241 - sampling time: 0.13446831703186035
22266: Sampled 9 with 190894004 - sampling time: 0.29392194747924805
22273: Sampled 11 with 7270880172 - sampling time: 0.18960261344909668
22269: Sampled 12 with 4445511353 - sampling time: 0.1541740894317627
22274: Sampled 9 with 8891134988 - sampling time: 0.32448863983154297
22271: Sampled 12 with 5971474836 - sampling time: 0.18703269958496094
22268: Sampled 13 with 3154180918 - sampling time: 0.20563864707946777
22267: Sampled 7 with 1534630387 - sampling time: 0.37103939056396484
22266: Sampled 10 with 201196060 - sampling time: 0.25753211975097656
22269: Sampled 13 with 4456984822 - sampling time: 0.16040802001953125
22273: Sampled 12 with 7271154322 - sampling time: 0.17967796325683594
22271: Sampled 13 with 5984102225 - sampling time: 0.20397615432739258
22268: Sampled 14 with 3157932453 - sampling time: 0.2071669101715088
22274: Sampled 10 with 8901596044 - sampling time: 0.22383928298950195
22269: Sampled 14 with 4478341779 - sampling time: 0.18276500701904297
22273: Sampled 13 with 7301234001 - sampling time: 0.20621132850646973
22271: Sampled 14 with 5992509975 - sampling time: 0.1931302547454834
22266: Sampled 11 with 201744339 - sampling time: 0.25470900535583496
22267: Sampled 8 with 1554890852 - sampling time: 0.3874657154083252
22268: Sampled 15 with 3170579717 - sampling time: 0.2617919445037842
22274: Sampled 11 with 8912646655 - sampling time: 0.3383042812347412
22269: Sampled 15 with 4497374058 - sampling time: 0.24905753135681152
22273: Sampled 14 with 7317150213 - sampling time: 0.2846195697784424
22271: Sampled 15 with 5993857987 - sampling time: 0.27701497077941895
22266: Sampled 12 with 280248728 - sampling time: 0.3810410499572754
22268: Sampled 16 with 3197309141 - sampling time: 0.3046441078186035
22269: Sampled 16 with 4508517350 - sampling time: 0.22615504264831543
22274: Sampled 12 with 8932780039 - sampling time: 0.32707715034484863
22273: Sampled 15 with 7319696255 - sampling time: 0.2590184211730957
22271: Sampled 16 with 5999644054 - sampling time: 0.25803327560424805
22268: Sampled 17 with 3223458920 - sampling time: 0.17620539665222168
22267: Sampled 9 with 1556414165 - sampling time: 0.5731053352355957
22269: Sampled 17 with 4512360678 - sampling time: 0.23315811157226562
22266: Sampled 13 with 281384079 - sampling time: 0.35526371002197266
22274: Sampled 13 with 8942564738 - sampling time: 0.2727372646331787
22268: Sampled 18 with 3235381731 - sampling time: 0.27613139152526855
22271: Sampled 17 with 6019175142 - sampling time: 0.30414533615112305
22273: Sampled 16 with 7359061212 - sampling time: 0.41065239906311035
22269: Sampled 18 with 4571645300 - sampling time: 0.32717204093933105
22268: Sampled 19 with 3258528907 - sampling time: 0.2234666347503662
22274: Sampled 14 with 8974756487 - sampling time: 0.3326146602630615
22271: Sampled 18 with 6021094158 - sampling time: 0.31028223037719727
22267: Sampled 10 with 1581887699 - sampling time: 0.5492525100708008
22266: Sampled 14 with 309327578 - sampling time: 0.4377443790435791
22268: Sampled 20 with 3270480902 - sampling time: 0.1651611328125
22269: Sampled 19 with 4571648196 - sampling time: 0.28539180755615234
22273: Sampled 17 with 7443508852 - sampling time: 0.332442045211792
22274: Sampled 15 with 8975026298 - sampling time: 0.25980448722839355
22268: Sampled 21 with 3273712944 - sampling time: 0.12600970268249512
22271: Sampled 19 with 6030175966 - sampling time: 0.2582125663757324
22267: Sampled 11 with 1637955182 - sampling time: 0.27369189262390137
22269: Sampled 20 with 4595687572 - sampling time: 0.21579289436340332
22266: Sampled 15 with 310028473 - sampling time: 0.30887913703918457
22268: Sampled 22 with 3282490026 - sampling time: 0.14052438735961914
22273: Sampled 18 with 7467435703 - sampling time: 0.25861620903015137
22268: Sampled 23 with 3297612335 - sampling time: 0.14698338508605957
22274: Sampled 16 with 9025381468 - sampling time: 0.2991504669189453
22271: Sampled 20 with 6032561369 - sampling time: 0.25870442390441895
22269: Sampled 21 with 4620057023 - sampling time: 0.20355439186096191
22273: Sampled 19 with 7481618165 - sampling time: 0.20872879028320312
22266: Sampled 16 with 360542943 - sampling time: 0.25415635108947754
22267: Sampled 12 with 1708418717 - sampling time: 0.3296849727630615
22268: Sampled 24 with 3336412326 - sampling time: 0.1729576587677002
22271: Sampled 21 with 6048551437 - sampling time: 0.2286851406097412
22269: Sampled 22 with 4621231086 - sampling time: 0.23796463012695312
22273: Sampled 20 with 7511618582 - sampling time: 0.1925811767578125
22274: Sampled 17 with 9025632939 - sampling time: 0.30457115173339844
22268: Sampled 25 with 3340712522 - sampling time: 0.1737198829650879
22266: Sampled 17 with 368555101 - sampling time: 0.2670159339904785
22273: Sampled 21 with 7520131224 - sampling time: 0.18381476402282715
22268: Sampled 26 with 3369115547 - sampling time: 0.12619590759277344
22271: Sampled 22 with 6049108519 - sampling time: 0.22935724258422852
22269: Sampled 23 with 4652804694 - sampling time: 0.23128366470336914
22274: Sampled 18 with 9029424287 - sampling time: 0.2877342700958252
22273: Sampled 22 with 7551543987 - sampling time: 0.14703679084777832
22268: Sampled 27 with 3386322357 - sampling time: 0.1713731288909912
22266: Sampled 18 with 444543510 - sampling time: 0.27648448944091797
22271: Sampled 23 with 6058338005 - sampling time: 0.24805855751037598
22269: Sampled 24 with 4701282779 - sampling time: 0.23723649978637695
22267: Sampled 13 with 1718471972 - sampling time: 0.6851246356964111
22268: Sampled 28 with 3418755921 - sampling time: 0.2123429775238037
22274: Sampled 19 with 9030658285 - sampling time: 0.29436326026916504
22266: Sampled 19 with 445469913 - sampling time: 0.297976016998291
22269: Sampled 25 with 4775023466 - sampling time: 0.2675657272338867
22271: Sampled 24 with 6066690513 - sampling time: 0.28292346000671387
22268: Sampled 29 with 3443608728 - sampling time: 0.22858619689941406
22274: Sampled 20 with 9100375271 - sampling time: 0.24202871322631836
22266: Sampled 20 with 454426574 - sampling time: 0.28450655937194824
22271: Sampled 25 with 6122346437 - sampling time: 0.2592923641204834
22273: Sampled 23 with 7588330462 - sampling time: 0.6763577461242676
22269: Sampled 26 with 4781283583 - sampling time: 0.30188894271850586
22268: Sampled 30 with 3463339249 - sampling time: 0.39725732803344727
22274: Sampled 21 with 9109482684 - sampling time: 0.393892765045166
22271: Sampled 26 with 6181040901 - sampling time: 0.36852240562438965
22266: Sampled 21 with 472768844 - sampling time: 0.5361478328704834
22269: Sampled 27 with 4787056275 - sampling time: 0.5047364234924316
22268: Sampled 31 with 3509937949 - sampling time: 0.3652472496032715
22267: Sampled 14 with 1738618172 - sampling time: 1.1750738620758057
22274: Sampled 22 with 9157841157 - sampling time: 0.46085619926452637
22271: Sampled 27 with 6186185978 - sampling time: 0.454758882522583
22266: Sampled 22 with 475435740 - sampling time: 0.47998833656311035
22268: Sampled 32 with 3510512470 - sampling time: 0.39907121658325195
22269: Sampled 28 with 4820491050 - sampling time: 0.43927502632141113
22274: Sampled 23 with 9162974830 - sampling time: 0.49471211433410645
22271: Sampled 28 with 6203319629 - sampling time: 0.5066885948181152
22269: Sampled 29 with 4856139133 - sampling time: 0.4124166965484619
22273: Sampled 24 with 7612913027 - sampling time: 1.3850431442260742
22266: Sampled 23 with 475713933 - sampling time: 0.4878358840942383
22268: Sampled 33 with 3525474999 - sampling time: 0.4852895736694336
22274: Sampled 24 with 9254379507 - sampling time: 0.42469167709350586
22269: Sampled 30 with 4866248130 - sampling time: 0.25535011291503906
22271: Sampled 29 with 6253181999 - sampling time: 0.3568382263183594
22268: Sampled 34 with 3536848198 - sampling time: 0.25220394134521484
22266: Sampled 24 with 476361598 - sampling time: 0.3464086055755615
22269: Sampled 31 with 4875756867 - sampling time: 0.27292704582214355
22271: Sampled 30 with 6269316435 - sampling time: 0.24565362930297852
22267: Sampled 15 with 1754460017 - sampling time: 1.2438559532165527
22274: Sampled 25 with 9267135055 - sampling time: 0.34538912773132324
22268: Sampled 35 with 3556548325 - sampling time: 0.3231689929962158
22266: Sampled 25 with 488721222 - sampling time: 0.34707093238830566
22269: Sampled 32 with 4903188897 - sampling time: 0.24771571159362793
22271: Sampled 31 with 6310745737 - sampling time: 0.236525297164917
22268: Sampled 36 with 3571922137 - sampling time: 0.24408817291259766
22274: Sampled 26 with 9317398790 - sampling time: 0.3025639057159424
22267: Sampled 16 with 1767729850 - sampling time: 0.34200310707092285
22273: Sampled 25 with 7646593526 - sampling time: 0.9172582626342773
22269: Sampled 33 with 4915012362 - sampling time: 0.25386714935302734
22271: Sampled 32 with 6313353366 - sampling time: 0.2519063949584961
22268: Sampled 37 with 3583620454 - sampling time: 0.21697425842285156
22266: Sampled 26 with 508751276 - sampling time: 0.3528609275817871
22274: Sampled 27 with 9320545281 - sampling time: 0.32280993461608887
22271: Sampled 33 with 6356435446 - sampling time: 0.26389288902282715
22269: Sampled 34 with 5003934707 - sampling time: 0.26853179931640625
22268: Sampled 38 with 3586529609 - sampling time: 0.25740647315979004
22266: Sampled 27 with 550229569 - sampling time: 0.3515338897705078
22274: Sampled 28 with 9323575814 - sampling time: 0.30898070335388184
22271: Sampled 34 with 6357224057 - sampling time: 0.23468422889709473
22268: Sampled 39 with 3589271336 - sampling time: 0.18631696701049805
22269: Sampled 35 with 5007776776 - sampling time: 0.2575111389160156
22266: Sampled 28 with 560520153 - sampling time: 0.26902151107788086
22267: Sampled 17 with 1783056363 - sampling time: 0.8356778621673584
22271: Sampled 35 with 6365224883 - sampling time: 0.2223491668701172
22268: Sampled 40 with 3686114811 - sampling time: 0.21554803848266602
22269: Sampled 36 with 5032352932 - sampling time: 0.22375988960266113
22274: Sampled 29 with 9342830796 - sampling time: 0.27092719078063965
22273: Sampled 26 with 7683119226 - sampling time: 0.9062542915344238
22266: Sampled 29 with 577677772 - sampling time: 0.23112726211547852
22271: Sampled 36 with 6377184518 - sampling time: 0.21159648895263672
22268: Sampled 41 with 3688406923 - sampling time: 0.20415925979614258
22269: Sampled 37 with 5043676084 - sampling time: 0.22434425354003906
22274: Sampled 30 with 9377710519 - sampling time: 0.2877061367034912
22267: Sampled 18 with 1802668466 - sampling time: 0.35992908477783203
22268: Sampled 42 with 3689744312 - sampling time: 0.2069721221923828
22271: Sampled 37 with 6408139418 - sampling time: 0.2759101390838623
22269: Sampled 38 with 5045150281 - sampling time: 0.23943400382995605
22266: Sampled 30 with 600918737 - sampling time: 0.3359100818634033
22274: Sampled 31 with 9413180851 - sampling time: 0.27797412872314453
22267: Sampled 19 with 1865887995 - sampling time: 0.2824370861053467
22268: Sampled 43 with 3697679718 - sampling time: 0.25809526443481445
22271: Sampled 38 with 6408845269 - sampling time: 0.2273104190826416
22269: Sampled 39 with 5067827107 - sampling time: 0.25322484970092773
22273: Sampled 27 with 7704898616 - sampling time: 0.7341551780700684
22274: Sampled 32 with 9416660704 - sampling time: 0.23497819900512695
22266: Sampled 31 with 640685036 - sampling time: 0.30896663665771484
22267: Sampled 20 with 1899632110 - sampling time: 0.23253679275512695
22268: Sampled 44 with 3703161989 - sampling time: 0.20370030403137207
22271: Sampled 39 with 6434465328 - sampling time: 0.2313218116760254
22269: Sampled 40 with 5079850441 - sampling time: 0.22478461265563965
22274: Sampled 33 with 9421096193 - sampling time: 0.2206437587738037
22271: Sampled 40 with 6449859829 - sampling time: 0.1413707733154297
22268: Sampled 45 with 3705953476 - sampling time: 0.2048325538635254
22266: Sampled 32 with 666854115 - sampling time: 0.26027655601501465
22267: Sampled 21 with 1916137883 - sampling time: 0.26068592071533203
22269: Sampled 41 with 5098921837 - sampling time: 0.24530625343322754
22271: Sampled 41 with 6481148653 - sampling time: 0.17525601387023926
22268: Sampled 46 with 3765002935 - sampling time: 0.18361139297485352
22274: Sampled 34 with 9428807914 - sampling time: 0.24274921417236328
22266: Sampled 33 with 710602453 - sampling time: 0.2844250202178955
22267: Sampled 22 with 1928883138 - sampling time: 0.27812790870666504
22271: Sampled 42 with 6484973799 - sampling time: 0.19147634506225586
22268: Sampled 47 with 3780830728 - sampling time: 0.1931438446044922
22269: Sampled 42 with 5116838441 - sampling time: 0.26218199729919434
22273: Sampled 28 with 7716157325 - sampling time: 0.6752386093139648
22274: Sampled 35 with 9436299729 - sampling time: 0.25947141647338867
22271: Sampled 43 with 6486483765 - sampling time: 0.15131211280822754
22267: Sampled 23 with 1929884190 - sampling time: 0.25470519065856934
22269: Sampled 43 with 5136640504 - sampling time: 0.19912099838256836
22268: Sampled 48 with 3799373193 - sampling time: 0.21376681327819824
22266: Sampled 34 with 715197023 - sampling time: 0.28330445289611816
22274: Sampled 36 with 9440908443 - sampling time: 0.23983073234558105
22271: Sampled 44 with 6541315005 - sampling time: 0.22232413291931152
22269: Sampled 44 with 5140757184 - sampling time: 0.20404696464538574
22268: Sampled 49 with 3820522550 - sampling time: 0.2335350513458252
22266: Sampled 35 with 748845686 - sampling time: 0.3171699047088623
22271: Sampled 45 with 6552111246 - sampling time: 0.21601247787475586
22274: Sampled 37 with 9468514441 - sampling time: 0.26659464836120605
22268: Sampled 50 with 3836526460 - sampling time: 0.20934081077575684
22273: Sampled 29 with 7724224807 - sampling time: 0.6422417163848877
22269: Sampled 45 with 5188479842 - sampling time: 0.2601773738861084
22266: Sampled 36 with 762559705 - sampling time: 0.22278904914855957
22271: Sampled 46 with 6554158325 - sampling time: 0.2523345947265625
22268: Sampled 51 with 3858255845 - sampling time: 0.2324535846710205
22274: Sampled 38 with 9484966517 - sampling time: 0.29189205169677734
22269: Sampled 46 with 5221942487 - sampling time: 0.2653484344482422
22267: Sampled 24 with 1975493025 - sampling time: 0.7862851619720459
22266: Sampled 37 with 771080980 - sampling time: 0.2587456703186035
22271: Sampled 47 with 6568351434 - sampling time: 0.2707033157348633
22268: Sampled 52 with 3864077515 - sampling time: 0.24924778938293457
22274: Sampled 39 with 9534885081 - sampling time: 0.3060736656188965
22269: Sampled 47 with 5251864791 - sampling time: 0.28680968284606934
22268: Sampled 53 with 3895334509 - sampling time: 0.20241856575012207
22266: Sampled 38 with 775651461 - sampling time: 0.3275144100189209
22271: Sampled 48 with 6592101334 - sampling time: 0.2900538444519043
22273: Sampled 30 with 7741454153 - sampling time: 0.7858974933624268
22269: Sampled 48 with 5282284397 - sampling time: 0.24421048164367676
22274: Sampled 40 with 9570547755 - sampling time: 0.31917834281921387
22268: Sampled 54 with 3901200196 - sampling time: 0.24711942672729492
22271: Sampled 49 with 6603888420 - sampling time: 0.3089442253112793
22266: Sampled 39 with 785211183 - sampling time: 0.37622857093811035
22269: Sampled 49 with 5325169422 - sampling time: 0.2660553455352783
22274: Sampled 41 with 9575010514 - sampling time: 0.29037952423095703
22268: Sampled 55 with 3933785031 - sampling time: 0.26760125160217285
22271: Sampled 50 with 6648296653 - sampling time: 0.17354059219360352
22267: Sampled 25 with 1976909333 - sampling time: 0.9185605049133301
22269: Sampled 50 with 5326285909 - sampling time: 0.27626514434814453
22266: Sampled 40 with 787500753 - sampling time: 0.35173940658569336
22268: Sampled 56 with 3946169137 - sampling time: 0.24891400337219238
22274: Sampled 42 with 9575277735 - sampling time: 0.290783166885376
22271: Sampled 51 with 6662283171 - sampling time: 0.2382049560546875
22273: Sampled 31 with 7746959854 - sampling time: 0.8021869659423828
22269: Sampled 51 with 5338869946 - sampling time: 0.23726439476013184
22271: Sampled 52 with 6666765262 - sampling time: 0.18118524551391602
22266: Sampled 41 with 801624070 - sampling time: 0.2222909927368164
22268: Sampled 57 with 3949410122 - sampling time: 0.22227787971496582
22274: Sampled 43 with 9579755312 - sampling time: 0.3142247200012207
22271: Sampled 53 with 6673368857 - sampling time: 0.19774937629699707
22269: Sampled 52 with 5367312629 - sampling time: 0.3144376277923584
22266: Sampled 42 with 806506287 - sampling time: 0.2884361743927002
22268: Sampled 58 with 3958564688 - sampling time: 0.29233360290527344
22267: Sampled 26 with 1980954442 - sampling time: 0.750037670135498
22274: Sampled 44 with 9590965483 - sampling time: 0.25356125831604004
22271: Sampled 54 with 6685507053 - sampling time: 0.19880223274230957
22269: Sampled 53 with 5404081219 - sampling time: 0.23556113243103027
22266: Sampled 43 with 841669877 - sampling time: 0.23546552658081055
22268: Sampled 59 with 3978963107 - sampling time: 0.21649789810180664
22274: Sampled 45 with 9609184749 - sampling time: 0.19793057441711426
22271: Sampled 55 with 6707546718 - sampling time: 0.18813872337341309
22273: Sampled 32 with 7767923113 - sampling time: 0.7295677661895752
22269: Sampled 54 with 5406964400 - sampling time: 0.23138022422790527
22271: Sampled 56 with 6709979079 - sampling time: 0.19029021263122559
22268: Sampled 60 with 4029796635 - sampling time: 0.27627086639404297
22266: Sampled 44 with 847585607 - sampling time: 0.31863856315612793
22274: Sampled 46 with 9620366277 - sampling time: 0.2747945785522461
22269: Sampled 55 with 5412630071 - sampling time: 0.22179079055786133
22271: Sampled 57 with 6723689619 - sampling time: 0.20320677757263184
22268: Sampled 61 with 4053458185 - sampling time: 0.2776143550872803
22267: Sampled 27 with 1993059742 - sampling time: 0.761723518371582
22274: Sampled 47 with 9668865067 - sampling time: 0.2643423080444336
22266: Sampled 45 with 871580799 - sampling time: 0.27812743186950684
22271: Sampled 58 with 6797387125 - sampling time: 0.15732836723327637
22269: Sampled 56 with 5413652713 - sampling time: 0.17547273635864258
22268: Sampled 62 with 4063733834 - sampling time: 0.2131514549255371
22271: Sampled 59 with 6834237978 - sampling time: 0.1732797622680664
22269: Sampled 57 with 5438657337 - sampling time: 0.18900442123413086
22274: Sampled 48 with 9671631674 - sampling time: 0.2244579792022705
22273: Sampled 33 with 7785756585 - sampling time: 0.6740725040435791
22266: Sampled 46 with 895964875 - sampling time: 0.3164224624633789
22269: Sampled 58 with 5440092529 - sampling time: 0.20909881591796875
22271: Sampled 60 with 6845125470 - sampling time: 0.2360372543334961
22274: Sampled 49 with 9720232116 - sampling time: 0.209183931350708
22268: Sampled 63 with 4099449852 - sampling time: 0.25084662437438965
22266: Sampled 47 with 904768781 - sampling time: 0.23839902877807617
22269: Sampled 59 with 5440992972 - sampling time: 0.18719911575317383
22271: Sampled 61 with 6858885844 - sampling time: 0.20202016830444336
22268: Sampled 64 with 4144349953 - sampling time: 0.20305633544921875
22274: Sampled 50 with 9753442193 - sampling time: 0.21225738525390625
22267: Sampled 28 with 2003889362 - sampling time: 0.7566030025482178
22266: Sampled 48 with 950830516 - sampling time: 0.2535226345062256
22271: Sampled 62 with 6873962024 - sampling time: 0.20964503288269043
22268: Sampled 65 with 4151211361 - sampling time: 0.19614100456237793
22269: Sampled 60 with 5460461094 - sampling time: 0.246384859085083
22274: Sampled 51 with 9766206460 - sampling time: 0.20359253883361816
22273: Sampled 34 with 7832770477 - sampling time: 0.7622318267822266
22271: Sampled 63 with 6874211289 - sampling time: 0.19035053253173828
22268: Sampled 66 with 4153937913 - sampling time: 0.20399117469787598
22274: Sampled 52 with 9812173154 - sampling time: 0.19557452201843262
22266: Sampled 49 with 952544009 - sampling time: 0.26252198219299316
22269: Sampled 61 with 5484112317 - sampling time: 0.260284423828125
22271: Sampled 64 with 6892539456 - sampling time: 0.17408156394958496
22268: Sampled 67 with 4163922693 - sampling time: 0.22408366203308105
22274: Sampled 53 with 9878179173 - sampling time: 0.23019647598266602
22266: Sampled 50 with 959282554 - sampling time: 0.23015689849853516
22271: Sampled 65 with 6933466249 - sampling time: 0.15522122383117676
22269: Sampled 62 with 5511477714 - sampling time: 0.2593996524810791
22267: Sampled 29 with 2004348543 - sampling time: 0.7245874404907227
22274: Sampled 54 with 9899997119 - sampling time: 0.21284866333007812
22268: Sampled 68 with 4186995683 - sampling time: 0.2650783061981201
22271: Sampled 66 with 6938717124 - sampling time: 0.19894123077392578
22269: Sampled 63 with 5534908991 - sampling time: 0.2549724578857422
22266: Sampled 51 with 1053292898 - sampling time: 0.33031773567199707
22273: Sampled 35 with 7867308621 - sampling time: 0.7130758762359619
22271: Sampled 67 with 6959764798 - sampling time: 0.17695832252502441
22274: Sampled 55 with 9929328961 - sampling time: 0.2620725631713867
22268: Sampled 69 with 4188115849 - sampling time: 0.22610688209533691
22269: Sampled 64 with 5566035803 - sampling time: 0.2577333450317383
22274: Sampled 56 with 9972220263 - sampling time: 0.13946008682250977
22271: Sampled 68 with 6961367371 - sampling time: 0.19464588165283203
22268: Sampled 70 with 4197773135 - sampling time: 0.19930386543273926
22266: Sampled 52 with 1076830637 - sampling time: 0.33188676834106445
22269: Sampled 65 with 5623179439 - sampling time: 0.1612558364868164
22274: Sampled 57 with 9976777388 - sampling time: 0.2111661434173584
22271: Sampled 69 with 7017952862 - sampling time: 0.23009872436523438
22269: Sampled 66 with 5627728479 - sampling time: 0.14710664749145508
22268: Sampled 71 with 4213971928 - sampling time: 0.24712514877319336
22267: Sampled 30 with 2026245630 - sampling time: 0.7621965408325195
22269: Sampled 67 with 5663461793 - sampling time: 0.09896397590637207
22266: Sampled 53 with 1085014379 - sampling time: 0.324962854385376
22274: Sampled 58 with 10002738899 - sampling time: 0.26535916328430176
22271: Sampled 70 with 7019324527 - sampling time: 0.22412681579589844
22269: Sampled 68 with 5663583999 - sampling time: 0.09873175621032715
22273: Sampled 36 with 7892431914 - sampling time: 0.69063401222229
22268: Sampled 72 with 4257772996 - sampling time: 0.26225900650024414
22269: Sampled 69 with 5668679805 - sampling time: 0.10947465896606445
22274: Sampled 59 with 10011606739 - sampling time: 0.1722855567932129
22271: Sampled 71 with 7035401427 - sampling time: 0.20516419410705566
22266: Sampled 54 with 1098887358 - sampling time: 0.35500359535217285
22269: Sampled 70 with 5699090892 - sampling time: 0.15925145149230957
22271: Sampled 72 with 7052205613 - sampling time: 0.11235833168029785
22274: Sampled 60 with 10031370978 - sampling time: 0.21365618705749512
22269: Sampled 71 with 5709556960 - sampling time: 0.10573387145996094
22269: Sampled 72 with 5722612612 - sampling time: 0.09810495376586914
22274: Sampled 61 with 10056464671 - sampling time: 0.15639877319335938
22266: Sampled 55 with 1103158805 - sampling time: 0.29663753509521484
22267: Sampled 31 with 2031094508 - sampling time: 0.706871747970581
22273: Sampled 37 with 7894314887 - sampling time: 0.6235039234161377
22274: Sampled 62 with 10068077179 - sampling time: 0.1921396255493164
22267: Sampled 32 with 2046200588 - sampling time: 0.20758700370788574
22266: Sampled 56 with 1108234483 - sampling time: 0.24620294570922852
22274: Sampled 63 with 10169804987 - sampling time: 0.26006031036376953
22266: Sampled 57 with 1109795202 - sampling time: 0.2480618953704834
22273: Sampled 38 with 7898649944 - sampling time: 0.47679996490478516
22274: Sampled 64 with 10187241704 - sampling time: 0.22359013557434082
22273: Sampled 39 with 7940944108 - sampling time: 0.1548306941986084
22267: Sampled 33 with 2065554038 - sampling time: 0.5120289325714111
22266: Sampled 58 with 1121340343 - sampling time: 0.24837946891784668
22274: Sampled 65 with 10231715356 - sampling time: 0.19951415061950684
22273: Sampled 40 with 7961190787 - sampling time: 0.16986584663391113
22267: Sampled 34 with 2096838376 - sampling time: 0.19277739524841309
22266: Sampled 59 with 1122810463 - sampling time: 0.26378750801086426
22274: Sampled 66 with 10244502008 - sampling time: 0.22494053840637207
22273: Sampled 41 with 7966374750 - sampling time: 0.19956517219543457
22267: Sampled 35 with 2110231421 - sampling time: 0.2338113784790039
22266: Sampled 60 with 1183525747 - sampling time: 0.23847293853759766
22273: Sampled 42 with 7989017121 - sampling time: 0.16305041313171387
22274: Sampled 67 with 10268771342 - sampling time: 0.18983864784240723
22267: Sampled 36 with 2123313231 - sampling time: 0.22097253799438477
22273: Sampled 43 with 8013061039 - sampling time: 0.14130353927612305
22266: Sampled 61 with 1188130595 - sampling time: 0.2439899444580078
22274: Sampled 68 with 10278684327 - sampling time: 0.23820734024047852
22273: Sampled 44 with 8019264953 - sampling time: 0.21183252334594727
22267: Sampled 37 with 2138927728 - sampling time: 0.2865869998931885
22266: Sampled 62 with 1190958566 - sampling time: 0.241441011428833
22273: Sampled 45 with 8024189399 - sampling time: 0.18314719200134277
22267: Sampled 38 with 2151182298 - sampling time: 0.20926666259765625
22266: Sampled 63 with 1195525054 - sampling time: 0.2172229290008545
22273: Sampled 46 with 8036275158 - sampling time: 0.1938028335571289
22267: Sampled 39 with 2154130310 - sampling time: 0.20311999320983887
22273: Sampled 47 with 8105239389 - sampling time: 0.14614462852478027
22266: Sampled 64 with 1198346718 - sampling time: 0.21881437301635742
22273: Sampled 48 with 8115642464 - sampling time: 0.10294198989868164
22267: Sampled 40 with 2164159390 - sampling time: 0.1754899024963379
22273: Sampled 49 with 8122425658 - sampling time: 0.11701321601867676
22266: Sampled 65 with 1208241377 - sampling time: 0.2257087230682373
22273: Sampled 50 with 8195447848 - sampling time: 0.12377333641052246
22267: Sampled 41 with 2169889818 - sampling time: 0.2695930004119873
22273: Sampled 51 with 8224000306 - sampling time: 0.1463756561279297
22266: Sampled 66 with 1210319286 - sampling time: 0.23744916915893555
22273: Sampled 52 with 8247625561 - sampling time: 0.10842514038085938
22267: Sampled 42 with 2171684325 - sampling time: 0.23743629455566406
22273: Sampled 53 with 8256297049 - sampling time: 0.12052273750305176
22266: Sampled 67 with 1221519628 - sampling time: 0.2374582290649414
22267: Sampled 43 with 2247142515 - sampling time: 0.12765884399414062
22273: Sampled 54 with 8274725088 - sampling time: 0.1202235221862793
22267: Sampled 44 with 2256110787 - sampling time: 0.12782692909240723
22273: Sampled 55 with 8324392351 - sampling time: 0.14990234375
22266: Sampled 68 with 1266956502 - sampling time: 0.26546263694763184
22267: Sampled 45 with 2285226164 - sampling time: 0.13833928108215332
22267: Sampled 46 with 2352605415 - sampling time: 0.09580016136169434
22273: Sampled 56 with 8342263409 - sampling time: 0.1554889678955078
22266: Sampled 69 with 1317148782 - sampling time: 0.1604175567626953
22267: Sampled 47 with 2511020195 - sampling time: 0.13754749298095703
22273: Sampled 57 with 8351044772 - sampling time: 0.16224908828735352
22266: Sampled 70 with 1321657278 - sampling time: 0.16388583183288574
22267: Sampled 48 with 2527665224 - sampling time: 0.1576709747314453
22273: Sampled 58 with 8376300033 - sampling time: 0.1686410903930664
22266: Sampled 71 with 1332218916 - sampling time: 0.17740654945373535
22267: Sampled 49 with 2529813645 - sampling time: 0.16574358940124512
22273: Sampled 59 with 8388924018 - sampling time: 0.1339430809020996
22266: Sampled 72 with 1358835677 - sampling time: 0.19098925590515137
22273: Sampled 60 with 8406908687 - sampling time: 0.13135290145874023
22267: Sampled 50 with 2569883214 - sampling time: 0.1640615463256836
22273: Sampled 61 with 8427384634 - sampling time: 0.12966036796569824
22267: Sampled 51 with 2577941140 - sampling time: 0.15826058387756348
22273: Sampled 62 with 8446700306 - sampling time: 0.0948183536529541
22267: Sampled 52 with 2598801797 - sampling time: 0.14476227760314941
22273: Sampled 63 with 8456653938 - sampling time: 0.11661672592163086
22273: Sampled 64 with 8477216695 - sampling time: 0.12253904342651367
22267: Sampled 53 with 2603998473 - sampling time: 0.16255688667297363
22273: Sampled 65 with 8487731966 - sampling time: 0.09805798530578613
22267: Sampled 54 with 2608275972 - sampling time: 0.15207624435424805
22273: Sampled 66 with 8556058747 - sampling time: 0.11728405952453613
22267: Sampled 55 with 2617347475 - sampling time: 0.1571667194366455
22273: Sampled 67 with 8579413338 - sampling time: 0.1339726448059082
22267: Sampled 56 with 2617352237 - sampling time: 0.17652392387390137
22273: Sampled 68 with 8586383630 - sampling time: 0.16797924041748047
22273: Sampled 69 with 8637218951 - sampling time: 0.1314399242401123
22267: Sampled 57 with 2619394392 - sampling time: 0.1642918586730957
22267: Sampled 58 with 2628334609 - sampling time: 0.11771321296691895
22273: Sampled 70 with 8659783092 - sampling time: 0.1524507999420166
22267: Sampled 59 with 2655029406 - sampling time: 0.13084030151367188
22273: Sampled 71 with 8693573053 - sampling time: 0.12689971923828125
22267: Sampled 60 with 2665224453 - sampling time: 0.1536574363708496
22273: Sampled 72 with 8702802760 - sampling time: 0.1486225128173828
22267: Sampled 61 with 2675511691 - sampling time: 0.10214972496032715
22267: Sampled 62 with 2677470195 - sampling time: 0.3061861991882324
22267: Sampled 63 with 2728594838 - sampling time: 0.0953214168548584
22267: Sampled 64 with 2732121032 - sampling time: 0.0939168930053711
22267: Sampled 65 with 2743315069 - sampling time: 0.10835576057434082
22267: Sampled 66 with 2759733654 - sampling time: 0.11708474159240723
22267: Sampled 67 with 2847723640 - sampling time: 0.10137343406677246
22267: Sampled 68 with 2852355186 - sampling time: 0.12308597564697266
22267: Sampled 69 with 2884562861 - sampling time: 0.06548929214477539
22267: Sampled 70 with 2894154759 - sampling time: 0.12360739707946777
22267: Sampled 71 with 2903130301 - sampling time: 0.12291169166564941
22267: Sampled 72 with 2907185645 - sampling time: 0.13562583923339844
--- total time: 23.676536321640015 seconds ---
Output samples created on:  ./Samples/smarch_opt/fiasco_17_10_500.samples
