Input file:  ./FeatureModel/fiasco_17_10.dimacs
Number of samples:  1000
Output directory: ./Samples/smarch_opt
Counting - Total configurations: 10298439168
Counting time: 0.10732364654541016
9432: Sampled 1 with 5627616478 - sampling time: 0.14096879959106445
9426: Sampled 1 with 1058632 - sampling time: 0.14933180809020996
9428: Sampled 1 with 2810817006 - sampling time: 0.15604472160339355
9430: Sampled 1 with 4158445953 - sampling time: 0.20578742027282715
9434: Sampled 1 with 8716709983 - sampling time: 0.20673799514770508
9432: Sampled 2 with 5644981096 - sampling time: 0.09692025184631348
9433: Sampled 1 with 7172842155 - sampling time: 0.24283289909362793
9426: Sampled 2 with 5444439 - sampling time: 0.145890474319458
9428: Sampled 2 with 2816994379 - sampling time: 0.18027782440185547
9432: Sampled 3 with 5645822140 - sampling time: 0.09654808044433594
9427: Sampled 1 with 1479734227 - sampling time: 0.3768782615661621
9430: Sampled 2 with 4173220907 - sampling time: 0.21395301818847656
9432: Sampled 4 with 5661634785 - sampling time: 0.1028909683227539
9434: Sampled 2 with 8723196445 - sampling time: 0.24314045906066895
9426: Sampled 3 with 17370187 - sampling time: 0.18290185928344727
9433: Sampled 2 with 7183936681 - sampling time: 0.2437760829925537
9428: Sampled 3 with 2827592467 - sampling time: 0.20017170906066895
9432: Sampled 5 with 5689227337 - sampling time: 0.14018034934997559
9430: Sampled 3 with 4173718645 - sampling time: 0.22000956535339355
9426: Sampled 4 with 19352044 - sampling time: 0.1645956039428711
9434: Sampled 3 with 8732942785 - sampling time: 0.25098252296447754
9427: Sampled 2 with 1494136115 - sampling time: 0.35013508796691895
9432: Sampled 6 with 5689676084 - sampling time: 0.14781641960144043
9428: Sampled 4 with 2838067880 - sampling time: 0.19814276695251465
9433: Sampled 3 with 7193576259 - sampling time: 0.2621278762817383
9426: Sampled 5 with 26306597 - sampling time: 0.16125106811523438
9430: Sampled 4 with 4184800370 - sampling time: 0.22475981712341309
9432: Sampled 7 with 5735464878 - sampling time: 0.1744251251220703
9428: Sampled 5 with 2844023393 - sampling time: 0.18453431129455566
9433: Sampled 4 with 7199227472 - sampling time: 0.22167110443115234
9426: Sampled 6 with 27421182 - sampling time: 0.17578911781311035
9434: Sampled 4 with 8748952504 - sampling time: 0.2821831703186035
9427: Sampled 3 with 1508603093 - sampling time: 0.31992292404174805
9428: Sampled 6 with 2851221481 - sampling time: 0.1541578769683838
9432: Sampled 8 with 5777088768 - sampling time: 0.1929006576538086
9430: Sampled 5 with 4187078748 - sampling time: 0.24413275718688965
9426: Sampled 7 with 31170177 - sampling time: 0.20038557052612305
9433: Sampled 5 with 7215666599 - sampling time: 0.24072670936584473
9428: Sampled 7 with 2863159866 - sampling time: 0.14904427528381348
9434: Sampled 5 with 8750642958 - sampling time: 0.28116393089294434
9432: Sampled 9 with 5777706823 - sampling time: 0.19285178184509277
9430: Sampled 6 with 4203924806 - sampling time: 0.225205659866333
9428: Sampled 8 with 2878374979 - sampling time: 0.11299967765808105
9433: Sampled 6 with 7223183579 - sampling time: 0.13782024383544922
9427: Sampled 4 with 1515336706 - sampling time: 0.33724403381347656
9426: Sampled 8 with 41705877 - sampling time: 0.22907781600952148
9434: Sampled 6 with 8755350590 - sampling time: 0.22267961502075195
9432: Sampled 10 with 5785456536 - sampling time: 0.21097636222839355
9433: Sampled 7 with 7230290092 - sampling time: 0.16341805458068848
9428: Sampled 9 with 2903633085 - sampling time: 0.21704936027526855
9430: Sampled 7 with 4213770417 - sampling time: 0.25686049461364746
9426: Sampled 9 with 48206519 - sampling time: 0.25064826011657715
9433: Sampled 8 with 7235977034 - sampling time: 0.15326499938964844
9432: Sampled 11 with 5793847786 - sampling time: 0.18842053413391113
9427: Sampled 5 with 1532171849 - sampling time: 0.3577127456665039
9434: Sampled 7 with 8761602938 - sampling time: 0.262768030166626
9428: Sampled 10 with 2905240435 - sampling time: 0.21953272819519043
9430: Sampled 8 with 4216979525 - sampling time: 0.2206864356994629
9433: Sampled 9 with 7287496604 - sampling time: 0.17191576957702637
9432: Sampled 12 with 5801262452 - sampling time: 0.19344782829284668
9426: Sampled 10 with 79147854 - sampling time: 0.24561452865600586
9428: Sampled 11 with 2910127219 - sampling time: 0.19342684745788574
9434: Sampled 8 with 8766777696 - sampling time: 0.2294917106628418
9433: Sampled 10 with 7310854256 - sampling time: 0.1921405792236328
9430: Sampled 9 with 4230189436 - sampling time: 0.2601814270019531
9432: Sampled 13 with 5810507869 - sampling time: 0.1992480754852295
9427: Sampled 6 with 1532209617 - sampling time: 0.3430650234222412
9426: Sampled 11 with 79438938 - sampling time: 0.2632627487182617
9428: Sampled 12 with 2913964440 - sampling time: 0.22437262535095215
9434: Sampled 9 with 8798338039 - sampling time: 0.2118985652923584
9433: Sampled 11 with 7319686190 - sampling time: 0.16231632232666016
9432: Sampled 14 with 5812183798 - sampling time: 0.19986438751220703
9430: Sampled 10 with 4238685374 - sampling time: 0.2663283348083496
9433: Sampled 12 with 7336954527 - sampling time: 0.16819357872009277
9428: Sampled 13 with 2918045116 - sampling time: 0.20046281814575195
9434: Sampled 10 with 8804185755 - sampling time: 0.22321057319641113
9427: Sampled 7 with 1548751690 - sampling time: 0.3329498767852783
9426: Sampled 12 with 89205200 - sampling time: 0.26252269744873047
9432: Sampled 15 with 5815977939 - sampling time: 0.1945781707763672
9433: Sampled 13 with 7356728978 - sampling time: 0.1872880458831787
9430: Sampled 11 with 4253528695 - sampling time: 0.2728099822998047
9428: Sampled 14 with 2935709882 - sampling time: 0.2239990234375
9426: Sampled 13 with 89799489 - sampling time: 0.25740599632263184
9434: Sampled 11 with 8817457027 - sampling time: 0.2747926712036133
9432: Sampled 16 with 5826068723 - sampling time: 0.22104549407958984
9427: Sampled 8 with 1564284760 - sampling time: 0.30283689498901367
9433: Sampled 14 with 7388596663 - sampling time: 0.18685221672058105
9428: Sampled 15 with 2939439111 - sampling time: 0.17039704322814941
9430: Sampled 12 with 4254217404 - sampling time: 0.2648959159851074
9432: Sampled 17 with 5828101547 - sampling time: 0.22431111335754395
9434: Sampled 12 with 8833303979 - sampling time: 0.2628748416900635
9433: Sampled 15 with 7390365761 - sampling time: 0.22599458694458008
9426: Sampled 14 with 116243990 - sampling time: 0.2800171375274658
9428: Sampled 16 with 2943424175 - sampling time: 0.2100527286529541
9427: Sampled 9 with 1575379124 - sampling time: 0.28443169593811035
9430: Sampled 13 with 4259127711 - sampling time: 0.21430301666259766
9432: Sampled 18 with 5849367229 - sampling time: 0.18427610397338867
9428: Sampled 17 with 2959190100 - sampling time: 0.1613776683807373
9433: Sampled 16 with 7406854519 - sampling time: 0.2102360725402832
9426: Sampled 15 with 129794381 - sampling time: 0.21441960334777832
9434: Sampled 13 with 8848796682 - sampling time: 0.2515881061553955
9432: Sampled 19 with 5851684141 - sampling time: 0.1836400032043457
9428: Sampled 18 with 2961146103 - sampling time: 0.16654205322265625
9430: Sampled 14 with 4266861744 - sampling time: 0.2335214614868164
9427: Sampled 10 with 1579208058 - sampling time: 0.35373568534851074
9433: Sampled 17 with 7414862801 - sampling time: 0.23946309089660645
9426: Sampled 16 with 135074049 - sampling time: 0.239454984664917
9434: Sampled 14 with 8849254970 - sampling time: 0.26036977767944336
9428: Sampled 19 with 2965056332 - sampling time: 0.16145777702331543
9432: Sampled 20 with 5852974501 - sampling time: 0.1978318691253662
9430: Sampled 15 with 4310102650 - sampling time: 0.25490617752075195
9433: Sampled 18 with 7425503092 - sampling time: 0.19653797149658203
9428: Sampled 20 with 2966319160 - sampling time: 0.15704941749572754
9426: Sampled 17 with 146555355 - sampling time: 0.24015307426452637
9432: Sampled 21 with 5854834438 - sampling time: 0.18134546279907227
9430: Sampled 16 with 4329097488 - sampling time: 0.11568069458007812
9427: Sampled 11 with 1583410294 - sampling time: 0.3446037769317627
9434: Sampled 15 with 8849765370 - sampling time: 0.24263215065002441
9428: Sampled 21 with 2976025724 - sampling time: 0.13822221755981445
9433: Sampled 19 with 7425528533 - sampling time: 0.19855690002441406
9430: Sampled 17 with 4339325104 - sampling time: 0.12693381309509277
9432: Sampled 22 with 5858426115 - sampling time: 0.18717551231384277
9428: Sampled 22 with 2989971419 - sampling time: 0.14504742622375488
9426: Sampled 18 with 160113415 - sampling time: 0.27071547508239746
9430: Sampled 18 with 4345767313 - sampling time: 0.12527060508728027
9433: Sampled 20 with 7456275803 - sampling time: 0.16996431350708008
9434: Sampled 16 with 8857376183 - sampling time: 0.3017396926879883
9432: Sampled 23 with 5858662326 - sampling time: 0.16822314262390137
9427: Sampled 12 with 1584062785 - sampling time: 0.3570981025695801
9430: Sampled 19 with 4349390639 - sampling time: 0.12564301490783691
9428: Sampled 23 with 3031718452 - sampling time: 0.17773079872131348
9433: Sampled 21 with 7456923111 - sampling time: 0.16378521919250488
9426: Sampled 19 with 167089164 - sampling time: 0.26822710037231445
9430: Sampled 20 with 4353754979 - sampling time: 0.13431549072265625
9434: Sampled 17 with 8874613210 - sampling time: 0.2131204605102539
9432: Sampled 24 with 5872844055 - sampling time: 0.19943523406982422
9428: Sampled 24 with 3055216364 - sampling time: 0.19172072410583496
9433: Sampled 22 with 7468616722 - sampling time: 0.20229148864746094
9430: Sampled 21 with 4369205758 - sampling time: 0.1396009922027588
9427: Sampled 13 with 1605214912 - sampling time: 0.2859628200531006
9432: Sampled 25 with 5877893028 - sampling time: 0.20470356941223145
9428: Sampled 25 with 3076634424 - sampling time: 0.1373751163482666
9430: Sampled 22 with 4390880195 - sampling time: 0.10881185531616211
9426: Sampled 20 with 168579488 - sampling time: 0.2702300548553467
9433: Sampled 23 with 7481997694 - sampling time: 0.1663811206817627
9434: Sampled 18 with 8908952083 - sampling time: 0.30172085762023926
9427: Sampled 14 with 1606796651 - sampling time: 0.2111508846282959
9430: Sampled 23 with 4400956805 - sampling time: 0.10520005226135254
9428: Sampled 26 with 3083705722 - sampling time: 0.1684410572052002
9432: Sampled 26 with 5897126177 - sampling time: 0.2194070816040039
9430: Sampled 24 with 4404332683 - sampling time: 0.10634350776672363
9433: Sampled 24 with 7491792172 - sampling time: 0.18982577323913574
9434: Sampled 19 with 8921150834 - sampling time: 0.22936415672302246
9426: Sampled 21 with 191987238 - sampling time: 0.28412747383117676
9428: Sampled 27 with 3092231080 - sampling time: 0.18111467361450195
9430: Sampled 25 with 4426187741 - sampling time: 0.12342357635498047
9427: Sampled 15 with 1609206189 - sampling time: 0.2893376350402832
9432: Sampled 27 with 5910943493 - sampling time: 0.20527434349060059
9433: Sampled 25 with 7494641897 - sampling time: 0.19073247909545898
9430: Sampled 26 with 4459436063 - sampling time: 0.12264180183410645
9426: Sampled 22 with 233854491 - sampling time: 0.21505188941955566
9434: Sampled 20 with 8923355871 - sampling time: 0.21985554695129395
9428: Sampled 28 with 3092788802 - sampling time: 0.19215106964111328
9430: Sampled 27 with 4464133819 - sampling time: 0.11885261535644531
9432: Sampled 28 with 5920635674 - sampling time: 0.2191457748413086
9433: Sampled 26 with 7498157395 - sampling time: 0.19215750694274902
9427: Sampled 16 with 1612100663 - sampling time: 0.27826642990112305
9428: Sampled 29 with 3095918798 - sampling time: 0.1685476303100586
9426: Sampled 23 with 237515152 - sampling time: 0.22640299797058105
9430: Sampled 28 with 4477037602 - sampling time: 0.1674647331237793
9434: Sampled 21 with 8937345158 - sampling time: 0.23285865783691406
9433: Sampled 27 with 7518907116 - sampling time: 0.13120698928833008
9432: Sampled 29 with 5970975180 - sampling time: 0.1732637882232666
9428: Sampled 30 with 3114312536 - sampling time: 0.19546771049499512
9427: Sampled 17 with 1630272050 - sampling time: 0.21788811683654785
9433: Sampled 28 with 7520172520 - sampling time: 0.13998031616210938
9430: Sampled 29 with 4488907971 - sampling time: 0.17070436477661133
9426: Sampled 24 with 251401838 - sampling time: 0.2015244960784912
9434: Sampled 22 with 8948419764 - sampling time: 0.2151937484741211
9432: Sampled 30 with 5988840035 - sampling time: 0.18533873558044434
9428: Sampled 31 with 3130308749 - sampling time: 0.16469073295593262
9433: Sampled 29 with 7525115988 - sampling time: 0.16483545303344727
9430: Sampled 30 with 4503851619 - sampling time: 0.18196630477905273
9432: Sampled 31 with 5993162251 - sampling time: 0.18999981880187988
9427: Sampled 18 with 1642632175 - sampling time: 0.2856478691101074
9434: Sampled 23 with 8949634721 - sampling time: 0.21762490272521973
9433: Sampled 30 with 7526874627 - sampling time: 0.15572285652160645
9426: Sampled 25 with 273344232 - sampling time: 0.28610801696777344
9428: Sampled 32 with 3151029335 - sampling time: 0.19626665115356445
9430: Sampled 31 with 4506319439 - sampling time: 0.18205475807189941
9433: Sampled 31 with 7534514261 - sampling time: 0.12067723274230957
9432: Sampled 32 with 6014262927 - sampling time: 0.2186262607574463
9434: Sampled 24 with 8957181240 - sampling time: 0.24604201316833496
9427: Sampled 19 with 1645293707 - sampling time: 0.2635934352874756
9428: Sampled 33 with 3152663239 - sampling time: 0.20727109909057617
9430: Sampled 32 with 4508787315 - sampling time: 0.1767740249633789
9426: Sampled 26 with 277025590 - sampling time: 0.2879190444946289
9433: Sampled 32 with 7550168433 - sampling time: 0.19313788414001465
9432: Sampled 33 with 6019536432 - sampling time: 0.24996113777160645
9430: Sampled 33 with 4509303135 - sampling time: 0.18769431114196777
9428: Sampled 34 with 3163166632 - sampling time: 0.20255112648010254
9434: Sampled 25 with 8958498568 - sampling time: 0.25665926933288574
9427: Sampled 20 with 1673403530 - sampling time: 0.34178900718688965
9426: Sampled 27 with 289938729 - sampling time: 0.2858004570007324
9430: Sampled 34 with 4542542056 - sampling time: 0.1975114345550537
9428: Sampled 35 with 3164109275 - sampling time: 0.20849990844726562
9432: Sampled 34 with 6041722982 - sampling time: 0.24163293838500977
9434: Sampled 26 with 8960891115 - sampling time: 0.2593553066253662
9428: Sampled 36 with 3179004959 - sampling time: 0.15677452087402344
9430: Sampled 35 with 4546152758 - sampling time: 0.18448591232299805
9426: Sampled 28 with 292338395 - sampling time: 0.24471044540405273
9427: Sampled 21 with 1678864641 - sampling time: 0.2695798873901367
9432: Sampled 35 with 6049925653 - sampling time: 0.22066259384155273
9433: Sampled 33 with 7559486427 - sampling time: 0.6081511974334717
9434: Sampled 27 with 8972409129 - sampling time: 0.255267858505249
9428: Sampled 37 with 3199981611 - sampling time: 0.18524408340454102
9430: Sampled 36 with 4548368564 - sampling time: 0.19063186645507812
9426: Sampled 29 with 292970657 - sampling time: 0.2660658359527588
9432: Sampled 36 with 6058303258 - sampling time: 0.22327160835266113
9428: Sampled 38 with 3211996601 - sampling time: 0.1428542137145996
9427: Sampled 22 with 1683416989 - sampling time: 0.3012359142303467
9430: Sampled 37 with 4554095858 - sampling time: 0.17989897727966309
9434: Sampled 28 with 8998209316 - sampling time: 0.25629591941833496
9432: Sampled 37 with 6086083530 - sampling time: 0.16683030128479004
9428: Sampled 39 with 3216578402 - sampling time: 0.14111113548278809
9426: Sampled 30 with 305581359 - sampling time: 0.2542397975921631
9430: Sampled 38 with 4572993974 - sampling time: 0.21839547157287598
9428: Sampled 40 with 3221033815 - sampling time: 0.13630175590515137
9427: Sampled 23 with 1689921032 - sampling time: 0.27577948570251465
9432: Sampled 38 with 6089334381 - sampling time: 0.17377042770385742
9434: Sampled 29 with 9018417520 - sampling time: 0.22628092765808105
9433: Sampled 34 with 7569391510 - sampling time: 0.6196658611297607
9428: Sampled 41 with 3230862045 - sampling time: 0.18051528930664062
9426: Sampled 31 with 314752960 - sampling time: 0.23920416831970215
9430: Sampled 39 with 4575143063 - sampling time: 0.22145724296569824
9432: Sampled 39 with 6120728950 - sampling time: 0.17747926712036133
9434: Sampled 30 with 9023111068 - sampling time: 0.23150944709777832
9432: Sampled 40 with 6123327653 - sampling time: 0.17903852462768555
9428: Sampled 42 with 3236202643 - sampling time: 0.21462249755859375
9430: Sampled 40 with 4583666873 - sampling time: 0.21277427673339844
9426: Sampled 32 with 316798034 - sampling time: 0.27860379219055176
9434: Sampled 31 with 9026389914 - sampling time: 0.24071145057678223
9432: Sampled 41 with 6165723493 - sampling time: 0.1955738067626953
9427: Sampled 24 with 1693657667 - sampling time: 0.6081843376159668
9428: Sampled 43 with 3242519659 - sampling time: 0.21947193145751953
9430: Sampled 41 with 4588190416 - sampling time: 0.20535516738891602
9433: Sampled 35 with 7581334019 - sampling time: 0.6381278038024902
9426: Sampled 33 with 318342499 - sampling time: 0.32302355766296387
9432: Sampled 42 with 6178501355 - sampling time: 0.22195672988891602
9434: Sampled 32 with 9041188309 - sampling time: 0.2939765453338623
9428: Sampled 44 with 3247056479 - sampling time: 0.22275280952453613
9430: Sampled 42 with 4595683341 - sampling time: 0.2120661735534668
9428: Sampled 45 with 3256406940 - sampling time: 0.16036510467529297
9432: Sampled 43 with 6182272016 - sampling time: 0.18784475326538086
9430: Sampled 43 with 4598162664 - sampling time: 0.1663367748260498
9426: Sampled 34 with 322946689 - sampling time: 0.24461746215820312
9434: Sampled 33 with 9051304574 - sampling time: 0.21512556076049805
9427: Sampled 25 with 1704817366 - sampling time: 0.4920318126678467
9428: Sampled 46 with 3263760262 - sampling time: 0.16286826133728027
9430: Sampled 44 with 4599032971 - sampling time: 0.17855358123779297
9432: Sampled 44 with 6190532929 - sampling time: 0.2255535125732422
9426: Sampled 35 with 336200335 - sampling time: 0.22667527198791504
9428: Sampled 47 with 3282951177 - sampling time: 0.13251924514770508
9434: Sampled 34 with 9057646896 - sampling time: 0.2783317565917969
9430: Sampled 45 with 4605711418 - sampling time: 0.18897747993469238
9432: Sampled 45 with 6215846855 - sampling time: 0.19877958297729492
9433: Sampled 36 with 7583405714 - sampling time: 0.6582431793212891
9428: Sampled 48 with 3319031196 - sampling time: 0.14361929893493652
9426: Sampled 36 with 339282990 - sampling time: 0.22948145866394043
9434: Sampled 35 with 9087178079 - sampling time: 0.23337197303771973
9430: Sampled 46 with 4612556463 - sampling time: 0.1807568073272705
9428: Sampled 49 with 3319087898 - sampling time: 0.1516876220703125
9432: Sampled 46 with 6218347278 - sampling time: 0.19928693771362305
9426: Sampled 37 with 379444166 - sampling time: 0.24335217475891113
9428: Sampled 50 with 3323040451 - sampling time: 0.15926718711853027
9427: Sampled 26 with 1706633023 - sampling time: 0.6505722999572754
9430: Sampled 47 with 4617616827 - sampling time: 0.2087709903717041
9434: Sampled 36 with 9089085973 - sampling time: 0.24201703071594238
9432: Sampled 47 with 6223597519 - sampling time: 0.2037334442138672
9428: Sampled 51 with 3329586145 - sampling time: 0.14966464042663574
9426: Sampled 38 with 387694709 - sampling time: 0.22857332229614258
9430: Sampled 48 with 4622347710 - sampling time: 0.19301867485046387
9434: Sampled 37 with 9089118242 - sampling time: 0.2490551471710205
9428: Sampled 52 with 3336022913 - sampling time: 0.1639540195465088
9432: Sampled 48 with 6236529489 - sampling time: 0.2362825870513916
9433: Sampled 37 with 7583634289 - sampling time: 0.6653187274932861
9427: Sampled 27 with 1730839238 - sampling time: 0.4095287322998047
9430: Sampled 49 with 4626465900 - sampling time: 0.20691442489624023
9428: Sampled 53 with 3349207001 - sampling time: 0.1202554702758789
9426: Sampled 39 with 397253490 - sampling time: 0.25397229194641113
9434: Sampled 38 with 9089612952 - sampling time: 0.24160099029541016
9432: Sampled 49 with 6239588546 - sampling time: 0.2363417148590088
9428: Sampled 54 with 3349783950 - sampling time: 0.12188911437988281
9430: Sampled 50 with 4643898376 - sampling time: 0.19618797302246094
9428: Sampled 55 with 3358197652 - sampling time: 0.11573410034179688
9426: Sampled 40 with 405272260 - sampling time: 0.2643153667449951
9434: Sampled 39 with 9099009292 - sampling time: 0.22583961486816406
9432: Sampled 50 with 6239803834 - sampling time: 0.235107421875
9427: Sampled 28 with 1742721649 - sampling time: 0.37309694290161133
9428: Sampled 56 with 3368513830 - sampling time: 0.12232351303100586
9430: Sampled 51 with 4660206357 - sampling time: 0.21410393714904785
9428: Sampled 57 with 3369875985 - sampling time: 0.11952877044677734
9426: Sampled 41 with 411170910 - sampling time: 0.2560877799987793
9433: Sampled 38 with 7603944802 - sampling time: 0.6550445556640625
9434: Sampled 40 with 9124093861 - sampling time: 0.26792025566101074
9432: Sampled 51 with 6249488983 - sampling time: 0.24649930000305176
9430: Sampled 52 with 4662650881 - sampling time: 0.21557903289794922
9428: Sampled 58 with 3378527545 - sampling time: 0.16082215309143066
9432: Sampled 52 with 6280629116 - sampling time: 0.16040825843811035
9434: Sampled 41 with 9135352299 - sampling time: 0.19803309440612793
9430: Sampled 53 with 4667059308 - sampling time: 0.19597554206848145
9426: Sampled 42 with 415761148 - sampling time: 0.27684807777404785
9428: Sampled 59 with 3385367528 - sampling time: 0.18545246124267578
9432: Sampled 53 with 6285217790 - sampling time: 0.16620707511901855
9428: Sampled 60 with 3386767425 - sampling time: 0.172438383102417
9430: Sampled 54 with 4669296283 - sampling time: 0.19525885581970215
9434: Sampled 42 with 9136694721 - sampling time: 0.2085723876953125
9432: Sampled 54 with 6298899141 - sampling time: 0.14507770538330078
9426: Sampled 43 with 415765093 - sampling time: 0.272367000579834
9427: Sampled 29 with 1771130547 - sampling time: 0.7658638954162598
9430: Sampled 55 with 4676168329 - sampling time: 0.19791245460510254
9428: Sampled 61 with 3393348876 - sampling time: 0.21145296096801758
9434: Sampled 43 with 9138316066 - sampling time: 0.2279353141784668
9432: Sampled 55 with 6299790859 - sampling time: 0.16322588920593262
9433: Sampled 39 with 7609739350 - sampling time: 0.6645021438598633
9426: Sampled 44 with 440442257 - sampling time: 0.26921772956848145
9430: Sampled 56 with 4678285382 - sampling time: 0.18234944343566895
9432: Sampled 56 with 6300965720 - sampling time: 0.1635901927947998
9428: Sampled 62 with 3419951435 - sampling time: 0.19995546340942383
9434: Sampled 44 with 9138684902 - sampling time: 0.21914005279541016
9432: Sampled 57 with 6311392615 - sampling time: 0.18740272521972656
9430: Sampled 57 with 4694337673 - sampling time: 0.2218177318572998
9428: Sampled 63 with 3421442000 - sampling time: 0.21019935607910156
9434: Sampled 45 with 9138686876 - sampling time: 0.20671987533569336
9426: Sampled 45 with 442287905 - sampling time: 0.30075573921203613
9432: Sampled 58 with 6317817625 - sampling time: 0.15128374099731445
9427: Sampled 30 with 1784950019 - sampling time: 0.688645601272583
9430: Sampled 58 with 4696907056 - sampling time: 0.23479008674621582
9428: Sampled 64 with 3433724611 - sampling time: 0.2263472080230713
9434: Sampled 46 with 9165945358 - sampling time: 0.2260732650756836
9433: Sampled 40 with 7619140894 - sampling time: 0.6845042705535889
9426: Sampled 46 with 445799235 - sampling time: 0.26339244842529297
9432: Sampled 59 with 6337003066 - sampling time: 0.19858717918395996
9428: Sampled 65 with 3437516759 - sampling time: 0.19601130485534668
9430: Sampled 59 with 4700984056 - sampling time: 0.22972583770751953
9434: Sampled 47 with 9186620224 - sampling time: 0.24341440200805664
9432: Sampled 60 with 6337814070 - sampling time: 0.20745182037353516
9426: Sampled 47 with 447034083 - sampling time: 0.3026010990142822
9428: Sampled 66 with 3459333888 - sampling time: 0.22020173072814941
9430: Sampled 60 with 4709522820 - sampling time: 0.23999238014221191
9432: Sampled 61 with 6344305572 - sampling time: 0.1725306510925293
9434: Sampled 48 with 9187974854 - sampling time: 0.2706162929534912
9430: Sampled 61 with 4729592294 - sampling time: 0.1709306240081787
9426: Sampled 48 with 459755351 - sampling time: 0.2528367042541504
9432: Sampled 62 with 6362653527 - sampling time: 0.19369292259216309
9428: Sampled 67 with 3468756850 - sampling time: 0.25191688537597656
9427: Sampled 31 with 1785995561 - sampling time: 0.7119348049163818
9433: Sampled 41 with 7620253578 - sampling time: 0.7045993804931641
9430: Sampled 62 with 4730146282 - sampling time: 0.15856480598449707
9434: Sampled 49 with 9225025997 - sampling time: 0.2587461471557617
9432: Sampled 63 with 6370541893 - sampling time: 0.1926724910736084
9428: Sampled 68 with 3473550692 - sampling time: 0.20690679550170898
9426: Sampled 49 with 462173441 - sampling time: 0.2528374195098877
9427: Sampled 32 with 1809769794 - sampling time: 0.2774181365966797
9430: Sampled 63 with 4749877022 - sampling time: 0.18694353103637695
9434: Sampled 50 with 9229139761 - sampling time: 0.20109868049621582
9432: Sampled 64 with 6383616511 - sampling time: 0.20351600646972656
9428: Sampled 69 with 3473861821 - sampling time: 0.21279239654541016
9426: Sampled 50 with 487823120 - sampling time: 0.24726629257202148
9430: Sampled 64 with 4772124256 - sampling time: 0.22737836837768555
9434: Sampled 51 with 9262294554 - sampling time: 0.20801639556884766
9432: Sampled 65 with 6392584499 - sampling time: 0.17878079414367676
9427: Sampled 33 with 1812640892 - sampling time: 0.3023982048034668
9428: Sampled 70 with 3479401071 - sampling time: 0.22977662086486816
9426: Sampled 51 with 489264883 - sampling time: 0.253338098526001
9434: Sampled 52 with 9269218067 - sampling time: 0.19633746147155762
9432: Sampled 66 with 6393842691 - sampling time: 0.1848161220550537
9430: Sampled 65 with 4779765218 - sampling time: 0.24211549758911133
9433: Sampled 42 with 7621565221 - sampling time: 0.6697993278503418
9428: Sampled 71 with 3489137387 - sampling time: 0.2511448860168457
9434: Sampled 53 with 9284486852 - sampling time: 0.18934369087219238
9432: Sampled 67 with 6406293044 - sampling time: 0.2123584747314453
9430: Sampled 66 with 4793947616 - sampling time: 0.23562335968017578
9426: Sampled 52 with 501093797 - sampling time: 0.2907235622406006
9432: Sampled 68 with 6414736339 - sampling time: 0.12170290946960449
9434: Sampled 54 with 9286881811 - sampling time: 0.20330142974853516
9428: Sampled 72 with 3491007599 - sampling time: 0.2560744285583496
9432: Sampled 69 with 6416197212 - sampling time: 0.12362551689147949
9430: Sampled 67 with 4804270608 - sampling time: 0.22178077697753906
9426: Sampled 53 with 513226721 - sampling time: 0.28621840476989746
9428: Sampled 73 with 3493083656 - sampling time: 0.16175603866577148
9427: Sampled 34 with 1813910764 - sampling time: 0.7373695373535156
9432: Sampled 70 with 6428100497 - sampling time: 0.1472620964050293
9430: Sampled 68 with 4846118704 - sampling time: 0.1506359577178955
9434: Sampled 55 with 9293827481 - sampling time: 0.2785472869873047
9433: Sampled 43 with 7625137024 - sampling time: 0.6897776126861572
9428: Sampled 74 with 3493666294 - sampling time: 0.18456292152404785
9432: Sampled 71 with 6446112794 - sampling time: 0.1600816249847412
9426: Sampled 54 with 526036868 - sampling time: 0.2841329574584961
9430: Sampled 69 with 4864870581 - sampling time: 0.20528650283813477
9434: Sampled 56 with 9299684870 - sampling time: 0.24730920791625977
9428: Sampled 75 with 3496213808 - sampling time: 0.17414402961730957
9432: Sampled 72 with 6462193579 - sampling time: 0.16906428337097168
9430: Sampled 70 with 4867053352 - sampling time: 0.1968364715576172
9432: Sampled 73 with 6477685301 - sampling time: 0.16599011421203613
9426: Sampled 55 with 533033627 - sampling time: 0.27556538581848145
9428: Sampled 76 with 3498192903 - sampling time: 0.19776344299316406
9434: Sampled 57 with 9313902810 - sampling time: 0.23672723770141602
9430: Sampled 71 with 4889340197 - sampling time: 0.21005010604858398
9427: Sampled 35 with 1815698511 - sampling time: 0.723003625869751
9432: Sampled 74 with 6492544484 - sampling time: 0.2232956886291504
9428: Sampled 77 with 3498520254 - sampling time: 0.20305943489074707
9433: Sampled 44 with 7639589181 - sampling time: 0.6779181957244873
9434: Sampled 58 with 9314098794 - sampling time: 0.25397467613220215
9426: Sampled 56 with 550945456 - sampling time: 0.3164479732513428
9430: Sampled 72 with 4901005100 - sampling time: 0.18321466445922852
9428: Sampled 78 with 3525241727 - sampling time: 0.20991849899291992
9432: Sampled 75 with 6508357267 - sampling time: 0.21319293975830078
9430: Sampled 73 with 4908013087 - sampling time: 0.195112943649292
9426: Sampled 57 with 572208192 - sampling time: 0.21788978576660156
9427: Sampled 36 with 1825758995 - sampling time: 0.35672783851623535
9434: Sampled 59 with 9325916113 - sampling time: 0.25101494789123535
9432: Sampled 76 with 6512983663 - sampling time: 0.1981947422027588
9428: Sampled 79 with 3526095051 - sampling time: 0.21542072296142578
9430: Sampled 74 with 4909157096 - sampling time: 0.20990824699401855
9434: Sampled 60 with 9326366725 - sampling time: 0.26380181312561035
9426: Sampled 58 with 606671317 - sampling time: 0.27604222297668457
9432: Sampled 77 with 6512990549 - sampling time: 0.21698904037475586
9428: Sampled 80 with 3532290032 - sampling time: 0.22510194778442383
9430: Sampled 75 with 4920307486 - sampling time: 0.19475841522216797
9433: Sampled 45 with 7649951770 - sampling time: 0.6597206592559814
9432: Sampled 78 with 6513226939 - sampling time: 0.2210063934326172
9426: Sampled 59 with 607820447 - sampling time: 0.26697683334350586
9434: Sampled 61 with 9329694820 - sampling time: 0.2773094177246094
9428: Sampled 81 with 3541029669 - sampling time: 0.22096920013427734
9430: Sampled 76 with 4936343408 - sampling time: 0.20773601531982422
9432: Sampled 79 with 6514982502 - sampling time: 0.1863267421722412
9427: Sampled 37 with 1839570084 - sampling time: 0.7344560623168945
9430: Sampled 77 with 4938075473 - sampling time: 0.20585846900939941
9434: Sampled 62 with 9337751339 - sampling time: 0.2471311092376709
9428: Sampled 82 with 3549420134 - sampling time: 0.2568700313568115
9426: Sampled 60 with 608097421 - sampling time: 0.28086233139038086
9432: Sampled 80 with 6517129680 - sampling time: 0.18257737159729004
9430: Sampled 78 with 4951068811 - sampling time: 0.23051667213439941
9434: Sampled 63 with 9347370309 - sampling time: 0.23115301132202148
9428: Sampled 83 with 3557918232 - sampling time: 0.24061989784240723
9433: Sampled 46 with 7651085961 - sampling time: 0.6743731498718262
9427: Sampled 38 with 1841757428 - sampling time: 0.343489408493042
9426: Sampled 61 with 608491824 - sampling time: 0.27710676193237305
9432: Sampled 81 with 6532724024 - sampling time: 0.21964049339294434
9428: Sampled 84 with 3584045285 - sampling time: 0.1612684726715088
9430: Sampled 79 with 4959452887 - sampling time: 0.2238297462463379
9434: Sampled 64 with 9358555815 - sampling time: 0.235731840133667
9432: Sampled 82 with 6541084211 - sampling time: 0.20025038719177246
9428: Sampled 85 with 3596865555 - sampling time: 0.1805410385131836
9427: Sampled 39 with 1849823517 - sampling time: 0.3124873638153076
9426: Sampled 62 with 616829710 - sampling time: 0.30054736137390137
9430: Sampled 80 with 4965126347 - sampling time: 0.1638336181640625
9434: Sampled 65 with 9362907294 - sampling time: 0.19029617309570312
9432: Sampled 83 with 6545624879 - sampling time: 0.20429277420043945
9428: Sampled 86 with 3597221022 - sampling time: 0.17769527435302734
9427: Sampled 40 with 1857915951 - sampling time: 0.21719813346862793
9430: Sampled 81 with 4982237969 - sampling time: 0.21603989601135254
9434: Sampled 66 with 9374302053 - sampling time: 0.2199265956878662
9426: Sampled 63 with 618718083 - sampling time: 0.2927701473236084
9428: Sampled 87 with 3628067075 - sampling time: 0.15997719764709473
9432: Sampled 84 with 6548700517 - sampling time: 0.21416544914245605
9433: Sampled 47 with 7663942764 - sampling time: 0.7073020935058594
9430: Sampled 82 with 4983277208 - sampling time: 0.20740532875061035
9427: Sampled 41 with 1858947681 - sampling time: 0.27231407165527344
9428: Sampled 88 with 3628260507 - sampling time: 0.16453242301940918
9434: Sampled 67 with 9405823415 - sampling time: 0.2272171974182129
9432: Sampled 85 with 6551367763 - sampling time: 0.23709535598754883
9426: Sampled 64 with 629439458 - sampling time: 0.33876490592956543
9430: Sampled 83 with 4992772288 - sampling time: 0.23179006576538086
9428: Sampled 89 with 3642284083 - sampling time: 0.22796034812927246
9427: Sampled 42 with 1871311737 - sampling time: 0.26996684074401855
9434: Sampled 68 with 9417867359 - sampling time: 0.26482152938842773
9432: Sampled 86 with 6563614153 - sampling time: 0.2553260326385498
9428: Sampled 90 with 3652214522 - sampling time: 0.15006637573242188
9430: Sampled 84 with 4994866224 - sampling time: 0.22972464561462402
9426: Sampled 65 with 641217150 - sampling time: 0.2992258071899414
9428: Sampled 91 with 3655528741 - sampling time: 0.1331632137298584
9427: Sampled 43 with 1874891978 - sampling time: 0.2627127170562744
9434: Sampled 69 with 9434932158 - sampling time: 0.25513172149658203
9433: Sampled 48 with 7671260265 - sampling time: 0.6355991363525391
9432: Sampled 87 with 6578277775 - sampling time: 0.252962589263916
9430: Sampled 85 with 5014327887 - sampling time: 0.2427053451538086
9428: Sampled 92 with 3660198643 - sampling time: 0.1461658477783203
9426: Sampled 66 with 648311063 - sampling time: 0.26728224754333496
9427: Sampled 44 with 1902541571 - sampling time: 0.2583439350128174
9434: Sampled 70 with 9440018421 - sampling time: 0.2601814270019531
9432: Sampled 88 with 6598455058 - sampling time: 0.24142765998840332
9428: Sampled 93 with 3662618340 - sampling time: 0.1755509376525879
9430: Sampled 86 with 5017534311 - sampling time: 0.24290990829467773
9426: Sampled 67 with 656147711 - sampling time: 0.22248148918151855
9428: Sampled 94 with 3674072502 - sampling time: 0.12061858177185059
9430: Sampled 87 with 5020322232 - sampling time: 0.15285992622375488
9434: Sampled 71 with 9440193951 - sampling time: 0.25713181495666504
9432: Sampled 89 with 6608756875 - sampling time: 0.2471601963043213
9426: Sampled 68 with 657540230 - sampling time: 0.2156543731689453
9428: Sampled 95 with 3720124766 - sampling time: 0.22632789611816406
9433: Sampled 49 with 7686654111 - sampling time: 0.6835141181945801
9432: Sampled 90 with 6617805641 - sampling time: 0.14528751373291016
9430: Sampled 88 with 5021950558 - sampling time: 0.1873185634613037
9434: Sampled 72 with 9448047174 - sampling time: 0.2604043483734131
9432: Sampled 91 with 6618519863 - sampling time: 0.1559748649597168
9426: Sampled 69 with 679389045 - sampling time: 0.25855469703674316
9430: Sampled 89 with 5022222749 - sampling time: 0.1737971305847168
9428: Sampled 96 with 3720281223 - sampling time: 0.24097585678100586
9427: Sampled 45 with 1948837581 - sampling time: 0.6764349937438965
9432: Sampled 92 with 6619693640 - sampling time: 0.16579985618591309
9434: Sampled 73 with 9457388244 - sampling time: 0.2642035484313965
9430: Sampled 90 with 5025826857 - sampling time: 0.18248486518859863
9428: Sampled 97 with 3732101169 - sampling time: 0.17053532600402832
9426: Sampled 70 with 679561808 - sampling time: 0.24514508247375488
9432: Sampled 93 with 6629311874 - sampling time: 0.1636500358581543
9428: Sampled 98 with 3746378463 - sampling time: 0.12627840042114258
9434: Sampled 74 with 9461355527 - sampling time: 0.1982724666595459
9430: Sampled 91 with 5060152545 - sampling time: 0.20717859268188477
9428: Sampled 99 with 3748504102 - sampling time: 0.15071630477905273
9433: Sampled 50 with 7687380043 - sampling time: 0.6598482131958008
9432: Sampled 94 with 6635233226 - sampling time: 0.17617082595825195
9426: Sampled 71 with 682543689 - sampling time: 0.2767465114593506
9434: Sampled 75 with 9469298823 - sampling time: 0.23540854454040527
9428: Sampled 100 with 3750963338 - sampling time: 0.15839648246765137
9430: Sampled 92 with 5065639064 - sampling time: 0.2463827133178711
9432: Sampled 95 with 6642941356 - sampling time: 0.1952354907989502
9427: Sampled 46 with 1959597570 - sampling time: 0.6489293575286865
9426: Sampled 72 with 686980905 - sampling time: 0.23821401596069336
9428: Sampled 101 with 3756832378 - sampling time: 0.16967129707336426
9434: Sampled 76 with 9472108774 - sampling time: 0.2437729835510254
9432: Sampled 96 with 6653035258 - sampling time: 0.18967437744140625
9430: Sampled 93 with 5068101392 - sampling time: 0.23667049407958984
9428: Sampled 102 with 3763258915 - sampling time: 0.19070839881896973
9426: Sampled 73 with 687891497 - sampling time: 0.22717738151550293
9432: Sampled 97 with 6654480031 - sampling time: 0.19386839866638184
9434: Sampled 77 with 9479044954 - sampling time: 0.2192704677581787
9430: Sampled 94 with 5068789759 - sampling time: 0.22689032554626465
9428: Sampled 103 with 3769115688 - sampling time: 0.1470646858215332
9433: Sampled 51 with 7699763055 - sampling time: 0.6973073482513428
9426: Sampled 74 with 690280581 - sampling time: 0.21946024894714355
9432: Sampled 98 with 6680468149 - sampling time: 0.1934680938720703
9430: Sampled 95 with 5079991884 - sampling time: 0.2094564437866211
9434: Sampled 78 with 9484367132 - sampling time: 0.25442957878112793
9428: Sampled 104 with 3789256502 - sampling time: 0.20846796035766602
9432: Sampled 99 with 6681640959 - sampling time: 0.18127703666687012
9426: Sampled 75 with 709413408 - sampling time: 0.24549245834350586
9427: Sampled 47 with 1967976538 - sampling time: 0.7529489994049072
9430: Sampled 96 with 5082746984 - sampling time: 0.21535134315490723
9434: Sampled 79 with 9495887856 - sampling time: 0.2476973533630371
9432: Sampled 100 with 6682269826 - sampling time: 0.13843584060668945
9428: Sampled 105 with 3793134184 - sampling time: 0.24751067161560059
9426: Sampled 76 with 716054029 - sampling time: 0.2578740119934082
9432: Sampled 101 with 6697415217 - sampling time: 0.15873122215270996
9430: Sampled 97 with 5086807953 - sampling time: 0.2282705307006836
9434: Sampled 80 with 9525205620 - sampling time: 0.2183237075805664
9428: Sampled 106 with 3797552192 - sampling time: 0.23964214324951172
9433: Sampled 52 with 7701124916 - sampling time: 0.6754469871520996
9432: Sampled 102 with 6702264801 - sampling time: 0.21532559394836426
9426: Sampled 77 with 723282950 - sampling time: 0.2606205940246582
9430: Sampled 98 with 5087900806 - sampling time: 0.2162613868713379
9434: Sampled 81 with 9526923996 - sampling time: 0.2387850284576416
9428: Sampled 107 with 3798526810 - sampling time: 0.2389817237854004
9432: Sampled 103 with 6707537802 - sampling time: 0.14072751998901367
9427: Sampled 48 with 1972189717 - sampling time: 0.6367623805999756
9430: Sampled 99 with 5090086586 - sampling time: 0.21925687789916992
9426: Sampled 78 with 729436161 - sampling time: 0.25495338439941406
9434: Sampled 82 with 9527078476 - sampling time: 0.21848702430725098
9432: Sampled 104 with 6712147141 - sampling time: 0.20467424392700195
9428: Sampled 108 with 3811868522 - sampling time: 0.23418188095092773
9430: Sampled 100 with 5090681111 - sampling time: 0.24069952964782715
9426: Sampled 79 with 736464949 - sampling time: 0.2330160140991211
9434: Sampled 83 with 9530001823 - sampling time: 0.2272930145263672
9428: Sampled 109 with 3815243124 - sampling time: 0.21152210235595703
9433: Sampled 53 with 7707710805 - sampling time: 0.6751832962036133
9432: Sampled 105 with 6714420134 - sampling time: 0.2414686679840088
9430: Sampled 101 with 5104107179 - sampling time: 0.2251603603363037
9432: Sampled 106 with 6723140391 - sampling time: 0.17040538787841797
9434: Sampled 84 with 9543998470 - sampling time: 0.2617635726928711
9428: Sampled 110 with 3837164267 - sampling time: 0.22814035415649414
9426: Sampled 80 with 743777325 - sampling time: 0.29673027992248535
9427: Sampled 49 with 1975721691 - sampling time: 0.663055419921875
9430: Sampled 102 with 5104272710 - sampling time: 0.2317821979522705
9432: Sampled 107 with 6736744483 - sampling time: 0.18767046928405762
9428: Sampled 111 with 3839781979 - sampling time: 0.21973729133605957
9434: Sampled 85 with 9556381334 - sampling time: 0.29578304290771484
9426: Sampled 81 with 749099292 - sampling time: 0.30907607078552246
9432: Sampled 108 with 6740084814 - sampling time: 0.19966554641723633
9428: Sampled 112 with 3853783981 - sampling time: 0.18727946281433105
9430: Sampled 103 with 5121289282 - sampling time: 0.2621002197265625
9434: Sampled 86 with 9561382366 - sampling time: 0.1862328052520752
9433: Sampled 54 with 7709302026 - sampling time: 0.7044057846069336
9426: Sampled 82 with 751197823 - sampling time: 0.21407079696655273
9432: Sampled 109 with 6783351186 - sampling time: 0.18670868873596191
9430: Sampled 104 with 5137356866 - sampling time: 0.19507050514221191
9428: Sampled 113 with 3862622198 - sampling time: 0.23618459701538086
9434: Sampled 87 with 9566505475 - sampling time: 0.19978666305541992
9427: Sampled 50 with 1976634453 - sampling time: 0.7242519855499268
9432: Sampled 110 with 6794788877 - sampling time: 0.20438408851623535
9426: Sampled 83 with 751448145 - sampling time: 0.22185373306274414
9430: Sampled 105 with 5154633583 - sampling time: 0.19808244705200195
9428: Sampled 114 with 3905038258 - sampling time: 0.20139336585998535
9434: Sampled 88 with 9572200931 - sampling time: 0.2346057891845703
9432: Sampled 111 with 6799726137 - sampling time: 0.21274423599243164
9426: Sampled 84 with 759132683 - sampling time: 0.24767088890075684
9430: Sampled 106 with 5158223137 - sampling time: 0.21168184280395508
9428: Sampled 115 with 3918613724 - sampling time: 0.2084972858428955
9433: Sampled 55 with 7737404616 - sampling time: 0.6559031009674072
9434: Sampled 89 with 9592732832 - sampling time: 0.2700183391571045
9432: Sampled 112 with 6800159401 - sampling time: 0.23153090476989746
9426: Sampled 85 with 767975742 - sampling time: 0.21931242942810059
9430: Sampled 107 with 5160162998 - sampling time: 0.21964478492736816
9428: Sampled 116 with 3942105096 - sampling time: 0.24191761016845703
9432: Sampled 113 with 6812802234 - sampling time: 0.16513538360595703
9434: Sampled 90 with 9612607697 - sampling time: 0.24486732482910156
9427: Sampled 51 with 1977647445 - sampling time: 0.694657564163208
9430: Sampled 108 with 5170700087 - sampling time: 0.22281384468078613
9426: Sampled 86 with 782254545 - sampling time: 0.2722787857055664
9428: Sampled 117 with 3943258564 - sampling time: 0.2451646327972412
9432: Sampled 114 with 6824057272 - sampling time: 0.1937398910522461
9434: Sampled 91 with 9633714883 - sampling time: 0.2532832622528076
9430: Sampled 109 with 5182488304 - sampling time: 0.23483848571777344
9432: Sampled 115 with 6832332899 - sampling time: 0.15534472465515137
9426: Sampled 87 with 792364373 - sampling time: 0.22465968132019043
9428: Sampled 118 with 3954175575 - sampling time: 0.23978328704833984
9433: Sampled 56 with 7747244606 - sampling time: 0.6868231296539307
9432: Sampled 116 with 6833279533 - sampling time: 0.1594390869140625
9430: Sampled 110 with 5183716285 - sampling time: 0.24159741401672363
9426: Sampled 88 with 792827049 - sampling time: 0.24123764038085938
9434: Sampled 92 with 9639101975 - sampling time: 0.28868865966796875
9428: Sampled 119 with 3963585183 - sampling time: 0.20142865180969238
9432: Sampled 117 with 6835352763 - sampling time: 0.16922307014465332
9427: Sampled 52 with 1984271180 - sampling time: 0.7252860069274902
9430: Sampled 111 with 5200590761 - sampling time: 0.2341468334197998
9428: Sampled 120 with 3984462124 - sampling time: 0.2105560302734375
9426: Sampled 89 with 793213002 - sampling time: 0.23883485794067383
9432: Sampled 118 with 6845232021 - sampling time: 0.18200111389160156
9434: Sampled 93 with 9651721012 - sampling time: 0.31105637550354004
9430: Sampled 112 with 5231566706 - sampling time: 0.2058117389678955
9428: Sampled 121 with 3987614438 - sampling time: 0.22877073287963867
9432: Sampled 119 with 6853738298 - sampling time: 0.2168254852294922
9434: Sampled 94 with 9659603118 - sampling time: 0.1812119483947754
9426: Sampled 90 with 811250358 - sampling time: 0.25612640380859375
9433: Sampled 57 with 7748437634 - sampling time: 0.7363100051879883
9432: Sampled 120 with 6855279976 - sampling time: 0.18417644500732422
9430: Sampled 113 with 5242913180 - sampling time: 0.23667240142822266
9434: Sampled 95 with 9660681495 - sampling time: 0.17377400398254395
9428: Sampled 122 with 3999715842 - sampling time: 0.26526689529418945
9426: Sampled 91 with 843791959 - sampling time: 0.2597489356994629
9432: Sampled 121 with 6872316053 - sampling time: 0.1883697509765625
9434: Sampled 96 with 9668805454 - sampling time: 0.205535888671875
9430: Sampled 114 with 5248333911 - sampling time: 0.23018479347229004
9427: Sampled 53 with 1993246132 - sampling time: 0.764725923538208
9426: Sampled 92 with 850845620 - sampling time: 0.2187206745147705
9428: Sampled 123 with 4006369939 - sampling time: 0.2588024139404297
9432: Sampled 122 with 6875033009 - sampling time: 0.1697847843170166
9430: Sampled 115 with 5256933641 - sampling time: 0.20603442192077637
9434: Sampled 97 with 9679983488 - sampling time: 0.23084306716918945
9432: Sampled 123 with 6903860384 - sampling time: 0.167527437210083
9428: Sampled 124 with 4006813046 - sampling time: 0.24653911590576172
9426: Sampled 93 with 854810500 - sampling time: 0.2618553638458252
9434: Sampled 98 with 9701758003 - sampling time: 0.19184112548828125
9430: Sampled 116 with 5266161175 - sampling time: 0.22472882270812988
9433: Sampled 58 with 7751914254 - sampling time: 0.7369847297668457
9432: Sampled 124 with 6945765386 - sampling time: 0.20650768280029297
9428: Sampled 125 with 4020318772 - sampling time: 0.2382030487060547
9426: Sampled 94 with 858417336 - sampling time: 0.26947927474975586
9434: Sampled 99 with 9727234518 - sampling time: 0.21673870086669922
9430: Sampled 117 with 5281105483 - sampling time: 0.20891976356506348
9432: Sampled 125 with 6972863542 - sampling time: 0.19587349891662598
9427: Sampled 54 with 1993759935 - sampling time: 0.7261135578155518
9428: Sampled 126 with 4020530773 - sampling time: 0.23378300666809082
9434: Sampled 100 with 9729452445 - sampling time: 0.21899199485778809
9426: Sampled 95 with 871657080 - sampling time: 0.2672100067138672
9432: Sampled 126 with 6979635494 - sampling time: 0.20077729225158691
9430: Sampled 118 with 5297661761 - sampling time: 0.2747194766998291
9428: Sampled 127 with 4021484015 - sampling time: 0.24228835105895996
9433: Sampled 59 with 7769838849 - sampling time: 0.6222856044769287
9434: Sampled 101 with 9740239733 - sampling time: 0.2474510669708252
9432: Sampled 127 with 6981101633 - sampling time: 0.20535945892333984
9430: Sampled 119 with 5317843797 - sampling time: 0.2123422622680664
9426: Sampled 96 with 873151471 - sampling time: 0.29271483421325684
9428: Sampled 128 with 4034658177 - sampling time: 0.246718168258667
9432: Sampled 128 with 6993765526 - sampling time: 0.22300004959106445
9434: Sampled 102 with 9746533301 - sampling time: 0.2313072681427002
9430: Sampled 120 with 5324323221 - sampling time: 0.21741962432861328
9426: Sampled 97 with 874115399 - sampling time: 0.27097129821777344
9432: Sampled 129 with 7004545225 - sampling time: 0.18452167510986328
9434: Sampled 103 with 9748264048 - sampling time: 0.18634748458862305
9427: Sampled 55 with 1994284542 - sampling time: 0.7268626689910889
9430: Sampled 121 with 5333390014 - sampling time: 0.20105528831481934
9428: Sampled 129 with 4048423173 - sampling time: 0.247697114944458
9432: Sampled 130 with 7048543154 - sampling time: 0.1441659927368164
9434: Sampled 104 with 9764263645 - sampling time: 0.1863250732421875
9433: Sampled 60 with 7772297476 - sampling time: 0.6368656158447266
9428: Sampled 130 with 4059905901 - sampling time: 0.17040705680847168
9430: Sampled 122 with 5375830629 - sampling time: 0.2228834629058838
9426: Sampled 98 with 898779240 - sampling time: 0.3243246078491211
9432: Sampled 131 with 7068433621 - sampling time: 0.16841888427734375
9428: Sampled 131 with 4067147997 - sampling time: 0.19599676132202148
9434: Sampled 105 with 9772939463 - sampling time: 0.2219560146331787
9432: Sampled 132 with 7071130936 - sampling time: 0.15629911422729492
9430: Sampled 123 with 5376724451 - sampling time: 0.2469325065612793
9426: Sampled 99 with 903038127 - sampling time: 0.24007964134216309
9428: Sampled 132 with 4068366174 - sampling time: 0.19042348861694336
9434: Sampled 106 with 9782178179 - sampling time: 0.2158195972442627
9432: Sampled 133 with 7072812308 - sampling time: 0.17078733444213867
9427: Sampled 56 with 2015653983 - sampling time: 0.7069249153137207
9430: Sampled 124 with 5379422039 - sampling time: 0.263408899307251
9426: Sampled 100 with 946975738 - sampling time: 0.27867960929870605
9432: Sampled 134 with 7073232889 - sampling time: 0.1791839599609375
9428: Sampled 133 with 4074872904 - sampling time: 0.2299633026123047
9434: Sampled 107 with 9825202438 - sampling time: 0.26061177253723145
9433: Sampled 61 with 7772759706 - sampling time: 0.7036745548248291
9430: Sampled 125 with 5383836867 - sampling time: 0.19958758354187012
9432: Sampled 135 with 7075600224 - sampling time: 0.18867254257202148
9426: Sampled 101 with 968973859 - sampling time: 0.2627601623535156
9428: Sampled 134 with 4077386833 - sampling time: 0.23663020133972168
9434: Sampled 108 with 9832692622 - sampling time: 0.20090794563293457
9430: Sampled 126 with 5390539348 - sampling time: 0.18514227867126465
9432: Sampled 136 with 7103870624 - sampling time: 0.18539738655090332
9434: Sampled 109 with 9868898239 - sampling time: 0.20689105987548828
9426: Sampled 102 with 972057614 - sampling time: 0.25286436080932617
9428: Sampled 135 with 4095504073 - sampling time: 0.24052095413208008
9432: Sampled 137 with 7105776302 - sampling time: 0.17798733711242676
9430: Sampled 127 with 5400491201 - sampling time: 0.24696683883666992
9427: Sampled 57 with 2026901423 - sampling time: 0.7354836463928223
9428: Sampled 136 with 4097468554 - sampling time: 0.25551557540893555
9432: Sampled 138 with 7118322994 - sampling time: 0.21401453018188477
9434: Sampled 110 with 9883785820 - sampling time: 0.2892463207244873
9426: Sampled 103 with 981248524 - sampling time: 0.2851111888885498
9433: Sampled 62 with 7795162596 - sampling time: 0.7209043502807617
9430: Sampled 128 with 5401028108 - sampling time: 0.23385906219482422
9428: Sampled 137 with 4103581326 - sampling time: 0.22247314453125
9432: Sampled 139 with 7138027795 - sampling time: 0.20257139205932617
9426: Sampled 104 with 992668080 - sampling time: 0.2364356517791748
9430: Sampled 129 with 5403076922 - sampling time: 0.24103093147277832
9434: Sampled 111 with 9890822085 - sampling time: 0.298431396484375
9427: Sampled 58 with 2051776394 - sampling time: 0.5197408199310303
9432: Sampled 140 with 7142495794 - sampling time: 0.23016595840454102
9428: Sampled 138 with 4105038694 - sampling time: 0.23480010032653809
9426: Sampled 105 with 995238946 - sampling time: 0.24843788146972656
9430: Sampled 130 with 5415669328 - sampling time: 0.21665143966674805
9434: Sampled 112 with 9902241659 - sampling time: 0.2516200542449951
9428: Sampled 139 with 4105138707 - sampling time: 0.21937799453735352
9432: Sampled 141 with 7146308965 - sampling time: 0.2313992977142334
9433: Sampled 63 with 7823061603 - sampling time: 0.6342301368713379
9430: Sampled 131 with 5432781707 - sampling time: 0.24121689796447754
9426: Sampled 106 with 998461486 - sampling time: 0.26683521270751953
9434: Sampled 113 with 9904248056 - sampling time: 0.20445728302001953
9427: Sampled 59 with 2070483086 - sampling time: 0.4147326946258545
9432: Sampled 142 with 7154871310 - sampling time: 0.20740914344787598
9428: Sampled 140 with 4111477970 - sampling time: 0.24740314483642578
9430: Sampled 132 with 5451283612 - sampling time: 0.21539807319641113
9426: Sampled 107 with 1002768475 - sampling time: 0.2576925754547119
9434: Sampled 114 with 9920174731 - sampling time: 0.2814290523529053
9432: Sampled 143 with 7164739753 - sampling time: 0.23308825492858887
9428: Sampled 141 with 4117715676 - sampling time: 0.25023603439331055
9430: Sampled 133 with 5451713655 - sampling time: 0.19937419891357422
9427: Sampled 60 with 2070742518 - sampling time: 0.3977513313293457
9426: Sampled 108 with 1007369374 - sampling time: 0.226060152053833
9434: Sampled 115 with 9924844816 - sampling time: 0.24500584602355957
9430: Sampled 134 with 5453513046 - sampling time: 0.20319247245788574
9433: Sampled 64 with 7830361065 - sampling time: 0.6997513771057129
9428: Sampled 142 with 4120081781 - sampling time: 0.23978376388549805
9434: Sampled 116 with 9954758113 - sampling time: 0.17960381507873535
9426: Sampled 109 with 1026848110 - sampling time: 0.2877364158630371
9427: Sampled 61 with 2073443576 - sampling time: 0.335923433303833
9430: Sampled 135 with 5457120786 - sampling time: 0.2337932586669922
9428: Sampled 143 with 4124501731 - sampling time: 0.2510547637939453
9434: Sampled 117 with 9977767389 - sampling time: 0.18548345565795898
9427: Sampled 62 with 2090718510 - sampling time: 0.17818665504455566
9426: Sampled 110 with 1036338984 - sampling time: 0.2388303279876709
9430: Sampled 136 with 5460940973 - sampling time: 0.19343924522399902
9434: Sampled 118 with 10000509697 - sampling time: 0.17983245849609375
9427: Sampled 63 with 2099929353 - sampling time: 0.20503544807434082
9426: Sampled 111 with 1041793308 - sampling time: 0.23045921325683594
9433: Sampled 65 with 7830558235 - sampling time: 0.6324319839477539
9430: Sampled 137 with 5482565485 - sampling time: 0.21832609176635742
9434: Sampled 119 with 10008166870 - sampling time: 0.19409966468811035
9430: Sampled 138 with 5507834631 - sampling time: 0.1764218807220459
9434: Sampled 120 with 10011439116 - sampling time: 0.17894244194030762
9427: Sampled 64 with 2125593730 - sampling time: 0.2804300785064697
9426: Sampled 112 with 1047316534 - sampling time: 0.23148417472839355
9434: Sampled 121 with 10011440828 - sampling time: 0.16394281387329102
9430: Sampled 139 with 5509996424 - sampling time: 0.19986224174499512
9427: Sampled 65 with 2130633748 - sampling time: 0.24495148658752441
9426: Sampled 113 with 1084086342 - sampling time: 0.2625284194946289
9434: Sampled 122 with 10014596336 - sampling time: 0.1845402717590332
9433: Sampled 66 with 7845205449 - sampling time: 0.5692825317382812
9430: Sampled 140 with 5535344628 - sampling time: 0.21040105819702148
9427: Sampled 66 with 2156712884 - sampling time: 0.25960564613342285
9434: Sampled 123 with 10028611358 - sampling time: 0.1699509620666504
9426: Sampled 114 with 1085364878 - sampling time: 0.2415168285369873
9430: Sampled 141 with 5544465486 - sampling time: 0.21829557418823242
9434: Sampled 124 with 10032259145 - sampling time: 0.15912652015686035
9430: Sampled 142 with 5575432736 - sampling time: 0.09308624267578125
9430: Sampled 143 with 5590503854 - sampling time: 0.11445903778076172
9426: Sampled 115 with 1112910326 - sampling time: 0.30202674865722656
9434: Sampled 125 with 10032599391 - sampling time: 0.16336822509765625
9434: Sampled 126 with 10032800778 - sampling time: 0.14563393592834473
9433: Sampled 67 with 7846312449 - sampling time: 0.6188280582427979
9427: Sampled 67 with 2173483465 - sampling time: 0.5773158073425293
9426: Sampled 116 with 1117373773 - sampling time: 0.2910647392272949
9434: Sampled 127 with 10039621627 - sampling time: 0.20178604125976562
9427: Sampled 68 with 2180980243 - sampling time: 0.15372276306152344
9434: Sampled 128 with 10060143410 - sampling time: 0.13524556159973145
9427: Sampled 69 with 2191280263 - sampling time: 0.1110682487487793
9426: Sampled 117 with 1182894094 - sampling time: 0.24176883697509766
9427: Sampled 70 with 2192384973 - sampling time: 0.09493017196655273
9434: Sampled 129 with 10067827353 - sampling time: 0.1916813850402832
9433: Sampled 68 with 7852533051 - sampling time: 0.5509562492370605
9427: Sampled 71 with 2201889128 - sampling time: 0.1335902214050293
9426: Sampled 118 with 1190358697 - sampling time: 0.24707770347595215
9434: Sampled 130 with 10083070004 - sampling time: 0.15033769607543945
9427: Sampled 72 with 2212302572 - sampling time: 0.1257946491241455
9427: Sampled 73 with 2212303436 - sampling time: 0.12520527839660645
9426: Sampled 119 with 1229372042 - sampling time: 0.2601895332336426
9434: Sampled 131 with 10136029435 - sampling time: 0.24577808380126953
9427: Sampled 74 with 2218804236 - sampling time: 0.11696720123291016
9433: Sampled 69 with 7856929615 - sampling time: 0.5360057353973389
9427: Sampled 75 with 2233645484 - sampling time: 0.1361222267150879
9434: Sampled 132 with 10141110084 - sampling time: 0.23076772689819336
9426: Sampled 120 with 1229661277 - sampling time: 0.2721903324127197
9427: Sampled 76 with 2246849905 - sampling time: 0.1355583667755127
9434: Sampled 133 with 10142932677 - sampling time: 0.19959521293640137
9427: Sampled 77 with 2252341159 - sampling time: 0.13031935691833496
9426: Sampled 121 with 1252440500 - sampling time: 0.2721719741821289
9427: Sampled 78 with 2258250976 - sampling time: 0.15662145614624023
9433: Sampled 70 with 7860662429 - sampling time: 0.4852449893951416
9434: Sampled 134 with 10165310288 - sampling time: 0.23392629623413086
9427: Sampled 79 with 2259517617 - sampling time: 0.15053844451904297
9426: Sampled 122 with 1268537886 - sampling time: 0.2573723793029785
9433: Sampled 71 with 7883832354 - sampling time: 0.1733992099761963
9434: Sampled 135 with 10175961058 - sampling time: 0.21867156028747559
9427: Sampled 80 with 2270886139 - sampling time: 0.1555166244506836
9433: Sampled 72 with 7905687316 - sampling time: 0.1502525806427002
9426: Sampled 123 with 1271936759 - sampling time: 0.27094125747680664
9427: Sampled 81 with 2277874872 - sampling time: 0.15928292274475098
9434: Sampled 136 with 10227427598 - sampling time: 0.19909119606018066
9433: Sampled 73 with 7908394461 - sampling time: 0.1745004653930664
9426: Sampled 124 with 1286072832 - sampling time: 0.17968297004699707
9427: Sampled 82 with 2280374224 - sampling time: 0.1519308090209961
9434: Sampled 137 with 10231004661 - sampling time: 0.1862342357635498
9433: Sampled 74 with 7909250701 - sampling time: 0.1648240089416504
9427: Sampled 83 with 2297294836 - sampling time: 0.15526103973388672
9426: Sampled 125 with 1294014582 - sampling time: 0.1965949535369873
9433: Sampled 75 with 7912776439 - sampling time: 0.16416144371032715
9434: Sampled 138 with 10247421205 - sampling time: 0.23499703407287598
9427: Sampled 84 with 2298502149 - sampling time: 0.16981029510498047
9426: Sampled 126 with 1298243398 - sampling time: 0.20403409004211426
9433: Sampled 76 with 7939208973 - sampling time: 0.15534496307373047
9427: Sampled 85 with 2311490441 - sampling time: 0.14012575149536133
9434: Sampled 139 with 10254534537 - sampling time: 0.2109982967376709
9433: Sampled 77 with 7940824392 - sampling time: 0.17949485778808594
9426: Sampled 127 with 1306044748 - sampling time: 0.21238422393798828
9434: Sampled 140 with 10275402597 - sampling time: 0.11768746376037598
9427: Sampled 86 with 2312500191 - sampling time: 0.14930987358093262
9433: Sampled 78 with 7972364534 - sampling time: 0.1489410400390625
9427: Sampled 87 with 2316413351 - sampling time: 0.15914154052734375
9426: Sampled 128 with 1308584042 - sampling time: 0.1955709457397461
9433: Sampled 79 with 7985071016 - sampling time: 0.15410757064819336
9427: Sampled 88 with 2317498091 - sampling time: 0.1563127040863037
9426: Sampled 129 with 1309414166 - sampling time: 0.1829056739807129
9434: Sampled 141 with 10276673564 - sampling time: 0.4179420471191406
9433: Sampled 80 with 7987710655 - sampling time: 0.14926767349243164
9427: Sampled 89 with 2318272104 - sampling time: 0.1567840576171875
9426: Sampled 130 with 1329385475 - sampling time: 0.1862354278564453
9434: Sampled 142 with 10295809726 - sampling time: 0.1424412727355957
9427: Sampled 90 with 2348000571 - sampling time: 0.10667133331298828
9433: Sampled 81 with 8000676944 - sampling time: 0.1558675765991211
9427: Sampled 91 with 2366658222 - sampling time: 0.10457301139831543
9426: Sampled 131 with 1331897416 - sampling time: 0.16730213165283203
9433: Sampled 82 with 8001481044 - sampling time: 0.15595173835754395
9426: Sampled 132 with 1333765524 - sampling time: 0.166046142578125
9433: Sampled 83 with 8005455112 - sampling time: 0.1769113540649414
9427: Sampled 92 with 2391025370 - sampling time: 0.34299278259277344
9426: Sampled 133 with 1355452468 - sampling time: 0.17636609077453613
9433: Sampled 84 with 8014992835 - sampling time: 0.16471195220947266
9433: Sampled 85 with 8025335465 - sampling time: 0.10821199417114258
9426: Sampled 134 with 1362676410 - sampling time: 0.16787219047546387
9433: Sampled 86 with 8049249800 - sampling time: 0.1335010528564453
9426: Sampled 135 with 1363552599 - sampling time: 0.16735386848449707
9427: Sampled 93 with 2405443683 - sampling time: 0.40234899520874023
9433: Sampled 87 with 8065233321 - sampling time: 0.12333965301513672
9426: Sampled 136 with 1366763927 - sampling time: 0.19701838493347168
9433: Sampled 88 with 8071615158 - sampling time: 0.15273523330688477
9433: Sampled 89 with 8087682984 - sampling time: 0.10422849655151367
9426: Sampled 137 with 1371430262 - sampling time: 0.17960453033447266
9433: Sampled 90 with 8092362862 - sampling time: 0.11554574966430664
9427: Sampled 94 with 2413112956 - sampling time: 0.484358549118042
9433: Sampled 91 with 8102289931 - sampling time: 0.1305069923400879
9426: Sampled 138 with 1374201472 - sampling time: 0.19905519485473633
9433: Sampled 92 with 8126762849 - sampling time: 0.14785075187683105
9426: Sampled 139 with 1379672161 - sampling time: 0.21005582809448242
9433: Sampled 93 with 8133126923 - sampling time: 0.15241789817810059
9427: Sampled 95 with 2414251341 - sampling time: 0.4738576412200928
9426: Sampled 140 with 1397783791 - sampling time: 0.2067584991455078
9433: Sampled 94 with 8144449280 - sampling time: 0.15137028694152832
9433: Sampled 95 with 8156737424 - sampling time: 0.11119842529296875
9427: Sampled 96 with 2422837242 - sampling time: 0.1627500057220459
9426: Sampled 141 with 1405574106 - sampling time: 0.23244380950927734
9433: Sampled 96 with 8160489465 - sampling time: 0.11335873603820801
9427: Sampled 97 with 2440412006 - sampling time: 0.13092541694641113
9433: Sampled 97 with 8162829349 - sampling time: 0.1282815933227539
9426: Sampled 142 with 1449439392 - sampling time: 0.19536161422729492
9433: Sampled 98 with 8167423449 - sampling time: 0.12784099578857422
9433: Sampled 99 with 8183376195 - sampling time: 0.12423229217529297
9426: Sampled 143 with 1452838053 - sampling time: 0.22951531410217285
9427: Sampled 98 with 2487312236 - sampling time: 0.37773871421813965
9433: Sampled 100 with 8208594233 - sampling time: 0.1437232494354248
9427: Sampled 99 with 2499299864 - sampling time: 0.14648199081420898
9433: Sampled 101 with 8219961815 - sampling time: 0.0981597900390625
9427: Sampled 100 with 2508223151 - sampling time: 0.12042474746704102
9433: Sampled 102 with 8249957149 - sampling time: 0.13634061813354492
9427: Sampled 101 with 2509271661 - sampling time: 0.12451434135437012
9433: Sampled 103 with 8253939767 - sampling time: 0.12341737747192383
9427: Sampled 102 with 2529188536 - sampling time: 0.10986709594726562
9433: Sampled 104 with 8256691421 - sampling time: 0.12590956687927246
9427: Sampled 103 with 2537297816 - sampling time: 0.12194108963012695
9433: Sampled 105 with 8265053530 - sampling time: 0.1267545223236084
9427: Sampled 104 with 2543054876 - sampling time: 0.12791943550109863
9433: Sampled 106 with 8265946900 - sampling time: 0.12475061416625977
9427: Sampled 105 with 2550201859 - sampling time: 0.13773202896118164
9433: Sampled 107 with 8281490117 - sampling time: 0.13959169387817383
9427: Sampled 106 with 2558659273 - sampling time: 0.15282225608825684
9433: Sampled 108 with 8294581930 - sampling time: 0.1317138671875
9427: Sampled 107 with 2558976863 - sampling time: 0.16042685508728027
9433: Sampled 109 with 8296163672 - sampling time: 0.14348483085632324
9427: Sampled 108 with 2561692778 - sampling time: 0.14018583297729492
9433: Sampled 110 with 8298629359 - sampling time: 0.13664531707763672
9427: Sampled 109 with 2572311649 - sampling time: 0.13964533805847168
9433: Sampled 111 with 8307729040 - sampling time: 0.13187909126281738
9427: Sampled 110 with 2574272384 - sampling time: 0.1501750946044922
9433: Sampled 112 with 8325233755 - sampling time: 0.14686322212219238
9427: Sampled 111 with 2580987824 - sampling time: 0.1471235752105713
9433: Sampled 113 with 8336341522 - sampling time: 0.13820624351501465
9427: Sampled 112 with 2592132671 - sampling time: 0.14357590675354004
9433: Sampled 114 with 8337561952 - sampling time: 0.14862823486328125
9433: Sampled 115 with 8355380874 - sampling time: 0.11657047271728516
9427: Sampled 113 with 2601231383 - sampling time: 0.1539173126220703
9433: Sampled 116 with 8358121606 - sampling time: 0.11298251152038574
9427: Sampled 114 with 2604148627 - sampling time: 0.15311074256896973
9433: Sampled 117 with 8358983823 - sampling time: 0.11815476417541504
9427: Sampled 115 with 2605778923 - sampling time: 0.18102169036865234
9433: Sampled 118 with 8382813067 - sampling time: 0.12197303771972656
9427: Sampled 116 with 2620099593 - sampling time: 0.1571362018585205
9433: Sampled 119 with 8413473430 - sampling time: 0.16077947616577148
9433: Sampled 120 with 8431092479 - sampling time: 0.10968637466430664
9427: Sampled 117 with 2621551385 - sampling time: 0.15833353996276855
9433: Sampled 121 with 8453374734 - sampling time: 0.13405513763427734
9427: Sampled 118 with 2622026753 - sampling time: 0.14824819564819336
9433: Sampled 122 with 8467470649 - sampling time: 0.10925889015197754
9433: Sampled 123 with 8469384519 - sampling time: 0.08904647827148438
9427: Sampled 119 with 2622574780 - sampling time: 0.15365242958068848
9433: Sampled 124 with 8492244593 - sampling time: 0.11371231079101562
9427: Sampled 120 with 2642123828 - sampling time: 0.13856768608093262
9433: Sampled 125 with 8506463481 - sampling time: 0.1415085792541504
9427: Sampled 121 with 2650810320 - sampling time: 0.13874483108520508
9433: Sampled 126 with 8511296567 - sampling time: 0.14502191543579102
9427: Sampled 122 with 2662062131 - sampling time: 0.1501774787902832
9433: Sampled 127 with 8524004488 - sampling time: 0.12377476692199707
9427: Sampled 123 with 2671160712 - sampling time: 0.15235376358032227
9433: Sampled 128 with 8525160462 - sampling time: 0.12091898918151855
9427: Sampled 124 with 2711669505 - sampling time: 0.1390702724456787
9433: Sampled 129 with 8539715786 - sampling time: 0.12160229682922363
9427: Sampled 125 with 2718990033 - sampling time: 0.10755372047424316
9433: Sampled 130 with 8541925457 - sampling time: 0.15893006324768066
9427: Sampled 126 with 2720612292 - sampling time: 0.12049627304077148
9427: Sampled 127 with 2721233389 - sampling time: 0.10942792892456055
9433: Sampled 131 with 8554420936 - sampling time: 0.15001964569091797
9427: Sampled 128 with 2727282998 - sampling time: 0.10579419136047363
9433: Sampled 132 with 8563128338 - sampling time: 0.1593794822692871
9427: Sampled 129 with 2728016027 - sampling time: 0.09999871253967285
9433: Sampled 133 with 8586065121 - sampling time: 0.12205147743225098
9427: Sampled 130 with 2732331444 - sampling time: 0.10104823112487793
9427: Sampled 131 with 2733969339 - sampling time: 0.1069943904876709
9433: Sampled 134 with 8597143640 - sampling time: 0.15021586418151855
9427: Sampled 132 with 2745761956 - sampling time: 0.11679840087890625
9433: Sampled 135 with 8626116926 - sampling time: 0.1307539939880371
9427: Sampled 133 with 2749881721 - sampling time: 0.1289231777191162
9433: Sampled 136 with 8638211470 - sampling time: 0.15245580673217773
9427: Sampled 134 with 2761244878 - sampling time: 0.14146184921264648
9433: Sampled 137 with 8640706682 - sampling time: 0.16630077362060547
9427: Sampled 135 with 2779244043 - sampling time: 0.12380146980285645
9427: Sampled 136 with 2779708974 - sampling time: 0.11397457122802734
9433: Sampled 138 with 8643644426 - sampling time: 0.1530137062072754
9427: Sampled 137 with 2780125468 - sampling time: 0.10624217987060547
9433: Sampled 139 with 8651032635 - sampling time: 0.14099383354187012
9427: Sampled 138 with 2789613815 - sampling time: 0.10559678077697754
9433: Sampled 140 with 8651443410 - sampling time: 0.1339418888092041
9427: Sampled 139 with 2789934752 - sampling time: 0.10188031196594238
9427: Sampled 140 with 2794692038 - sampling time: 0.11043858528137207
9433: Sampled 141 with 8673158930 - sampling time: 0.14498615264892578
9427: Sampled 141 with 2797281785 - sampling time: 0.08926010131835938
9433: Sampled 142 with 8676586545 - sampling time: 0.16558027267456055
9427: Sampled 142 with 2801908135 - sampling time: 0.11249518394470215
9427: Sampled 143 with 2808203261 - sampling time: 0.10928630828857422
9433: Sampled 143 with 8707934722 - sampling time: 0.1949160099029541
--- total time: 41.28560280799866 seconds ---
Output samples created on:  ./Samples/smarch_opt/fiasco_17_10_1000.samples
