Input file:  ./FeatureModel/fiasco_17_10.dimacs
Number of samples:  100
Output directory: ./Samples/smarch_opt
Counting - Total configurations: 10298439168
Counting time: 0.09573245048522949
16035: Sampled 1 with 4843697572 - sampling time: 0.17205119132995605
16039: Sampled 1 with 9202866271 - sampling time: 0.18403029441833496
16036: Sampled 1 with 6163508533 - sampling time: 0.1948096752166748
16033: Sampled 1 with 3463519638 - sampling time: 0.20743703842163086
16038: Sampled 1 with 7763606075 - sampling time: 0.21280932426452637
16031: Sampled 1 with 120860845 - sampling time: 0.22052931785583496
16032: Sampled 1 with 1674095117 - sampling time: 0.22067570686340332
16035: Sampled 2 with 4944465532 - sampling time: 0.18674182891845703
16039: Sampled 2 with 9261848883 - sampling time: 0.1746833324432373
16033: Sampled 2 with 3497364505 - sampling time: 0.20573687553405762
16031: Sampled 2 with 367101046 - sampling time: 0.19921660423278809
16036: Sampled 2 with 6432176463 - sampling time: 0.2415015697479248
16038: Sampled 2 with 7791420278 - sampling time: 0.24175453186035156
16032: Sampled 2 with 1833946085 - sampling time: 0.2537713050842285
16039: Sampled 3 with 9436124661 - sampling time: 0.18370270729064941
16035: Sampled 3 with 4974556067 - sampling time: 0.2037339210510254
16033: Sampled 3 with 3577020359 - sampling time: 0.19416332244873047
16031: Sampled 3 with 720774123 - sampling time: 0.20913076400756836
16038: Sampled 3 with 7836184213 - sampling time: 0.1821146011352539
16036: Sampled 3 with 6508340726 - sampling time: 0.21775412559509277
16032: Sampled 3 with 1910683708 - sampling time: 0.20191740989685059
16033: Sampled 4 with 3620841649 - sampling time: 0.12899541854858398
16039: Sampled 4 with 9566062993 - sampling time: 0.2153613567352295
16038: Sampled 4 with 7986647524 - sampling time: 0.1973402500152588
16036: Sampled 4 with 6623005760 - sampling time: 0.2072587013244629
16031: Sampled 4 with 744969482 - sampling time: 0.2369554042816162
16039: Sampled 5 with 9617277699 - sampling time: 0.11103606224060059
16033: Sampled 5 with 3728695631 - sampling time: 0.18491864204406738
16038: Sampled 5 with 8222206206 - sampling time: 0.16331076622009277
16036: Sampled 5 with 6654772087 - sampling time: 0.18949508666992188
16039: Sampled 6 with 9851865744 - sampling time: 0.19668960571289062
16031: Sampled 5 with 823600415 - sampling time: 0.22453713417053223
16035: Sampled 4 with 5149409280 - sampling time: 0.5540974140167236
16033: Sampled 6 with 3752122046 - sampling time: 0.2068021297454834
16032: Sampled 4 with 1982708486 - sampling time: 0.5213289260864258
16038: Sampled 6 with 8309501736 - sampling time: 0.21784520149230957
16039: Sampled 7 with 9932388813 - sampling time: 0.18141555786132812
16036: Sampled 6 with 6724964637 - sampling time: 0.22426128387451172
16031: Sampled 6 with 960347822 - sampling time: 0.19316458702087402
16033: Sampled 7 with 3891427075 - sampling time: 0.16783595085144043
16039: Sampled 8 with 10016377296 - sampling time: 0.16838932037353516
16033: Sampled 8 with 3982429912 - sampling time: 0.1318368911743164
16038: Sampled 7 with 8330394470 - sampling time: 0.23165655136108398
16036: Sampled 7 with 6731667601 - sampling time: 0.18172931671142578
16031: Sampled 7 with 1010283648 - sampling time: 0.22728800773620605
16039: Sampled 9 with 10153830601 - sampling time: 0.15145349502563477
16033: Sampled 9 with 4238883410 - sampling time: 0.18611884117126465
16038: Sampled 8 with 8572541234 - sampling time: 0.17549633979797363
16035: Sampled 5 with 5198257499 - sampling time: 0.5845751762390137
16036: Sampled 8 with 6890053976 - sampling time: 0.2618253231048584
16039: Sampled 10 with 10193060711 - sampling time: 0.1609513759613037
16031: Sampled 8 with 1044997407 - sampling time: 0.24309015274047852
16033: Sampled 10 with 4423341952 - sampling time: 0.1399517059326172
16038: Sampled 9 with 8729794772 - sampling time: 0.1844344139099121
16032: Sampled 5 with 2008577858 - sampling time: 0.6511762142181396
16033: Sampled 11 with 4536525140 - sampling time: 0.15097403526306152
16036: Sampled 9 with 6980343722 - sampling time: 0.1947803497314453
16038: Sampled 10 with 8843867616 - sampling time: 0.17627573013305664
16032: Sampled 6 with 2309928161 - sampling time: 0.1560821533203125
16033: Sampled 12 with 4589455271 - sampling time: 0.125732421875
16031: Sampled 9 with 1093307143 - sampling time: 0.2918269634246826
16036: Sampled 10 with 7356826355 - sampling time: 0.15648269653320312
16032: Sampled 7 with 2420742927 - sampling time: 0.16822385787963867
16038: Sampled 11 with 8844749037 - sampling time: 0.18796563148498535
16035: Sampled 6 with 5206398877 - sampling time: 0.47281336784362793
16033: Sampled 13 with 4641852683 - sampling time: 0.14708495140075684
16036: Sampled 11 with 7408834934 - sampling time: 0.16222310066223145
16031: Sampled 10 with 1115935355 - sampling time: 0.27692270278930664
16038: Sampled 12 with 8963586919 - sampling time: 0.16966629028320312
16032: Sampled 8 with 2508592619 - sampling time: 0.17064142227172852
16033: Sampled 14 with 4700241873 - sampling time: 0.18628311157226562
16036: Sampled 12 with 7555209737 - sampling time: 0.18712329864501953
16038: Sampled 13 with 9104266607 - sampling time: 0.14389777183532715
16032: Sampled 9 with 2567260551 - sampling time: 0.15119099617004395
16033: Sampled 15 with 4838453883 - sampling time: 0.17702674865722656
16031: Sampled 11 with 1205660154 - sampling time: 0.28519296646118164
16036: Sampled 13 with 7640440475 - sampling time: 0.19238758087158203
16038: Sampled 14 with 9175865848 - sampling time: 0.14951562881469727
16032: Sampled 10 with 2675570696 - sampling time: 0.168442964553833
16035: Sampled 7 with 5397056652 - sampling time: 0.522688627243042
16031: Sampled 12 with 1316851540 - sampling time: 0.15814948081970215
16036: Sampled 14 with 7733829232 - sampling time: 0.17884492874145508
16032: Sampled 11 with 2794543319 - sampling time: 0.13609623908996582
16038: Sampled 15 with 9202222507 - sampling time: 0.16814947128295898
16035: Sampled 8 with 5441500331 - sampling time: 0.17807388305664062
16032: Sampled 12 with 2958576683 - sampling time: 0.15325140953063965
16036: Sampled 15 with 7737707948 - sampling time: 0.16296768188476562
16031: Sampled 13 with 1380081718 - sampling time: 0.20862293243408203
16035: Sampled 9 with 5489093550 - sampling time: 0.1730329990386963
16032: Sampled 13 with 3150806249 - sampling time: 0.11110877990722656
16035: Sampled 10 with 5520039114 - sampling time: 0.11779928207397461
16032: Sampled 14 with 3179789866 - sampling time: 0.1201174259185791
16031: Sampled 14 with 1555503554 - sampling time: 0.21979093551635742
16035: Sampled 11 with 5761573077 - sampling time: 0.10751748085021973
16032: Sampled 15 with 3236924942 - sampling time: 0.1074068546295166
16031: Sampled 15 with 1668333714 - sampling time: 0.16007518768310547
16035: Sampled 12 with 5851150017 - sampling time: 0.11909008026123047
16035: Sampled 13 with 5858025715 - sampling time: 0.11590886116027832
16035: Sampled 14 with 5924826374 - sampling time: 0.09496903419494629
16035: Sampled 15 with 6127547634 - sampling time: 0.11241626739501953
--- total time: 3.8308916091918945 seconds ---
Output samples created on:  ./Samples/smarch_opt/fiasco_17_10_100.samples
