Input file:  ./FeatureModel/fiasco.dimacs
Number of samples:  100
Output directory: ./Samples/smarch_opt
Counting - Total configurations: 358108536766464
Counting time: 0.16647839546203613
1850: Sampled 1 with 57634039473700 - sampling time: 1.570739984512329
1849: Sampled 1 with 3690237508637 - sampling time: 1.6463298797607422
1856: Sampled 1 with 228886322320523 - sampling time: 1.7448487281799316
1851: Sampled 1 with 121109993743092 - sampling time: 1.7877426147460938
1854: Sampled 1 with 163402950454962 - sampling time: 1.9398107528686523
1858: Sampled 1 with 268717245388830 - sampling time: 2.1668050289154053
1859: Sampled 1 with 329563021101103 - sampling time: 2.3230087757110596
1850: Sampled 2 with 57687397854579 - sampling time: 1.7858552932739258
1849: Sampled 2 with 10319762941551 - sampling time: 1.7370705604553223
1851: Sampled 2 with 125667064949827 - sampling time: 1.599663496017456
1856: Sampled 2 with 231658770107629 - sampling time: 1.8900487422943115
1854: Sampled 2 with 167829829297627 - sampling time: 1.9978363513946533
1858: Sampled 2 with 274798183312374 - sampling time: 2.1279256343841553
1859: Sampled 2 with 334940960938435 - sampling time: 2.355017900466919
1849: Sampled 3 with 12907213455760 - sampling time: 1.4267346858978271
1851: Sampled 3 with 126466564930826 - sampling time: 1.7588245868682861
1850: Sampled 3 with 61535253960231 - sampling time: 1.7985615730285645
1856: Sampled 3 with 234837765829584 - sampling time: 2.163024663925171
1854: Sampled 3 with 180791434650266 - sampling time: 1.8623566627502441
1858: Sampled 3 with 285098493337282 - sampling time: 2.2094812393188477
1849: Sampled 4 with 16683435884496 - sampling time: 1.755594253540039
1859: Sampled 3 with 341125626285708 - sampling time: 2.046335220336914
1850: Sampled 4 with 66867851279198 - sampling time: 1.7840173244476318
1851: Sampled 4 with 128675203981227 - sampling time: 1.8816328048706055
1854: Sampled 4 with 186363821183997 - sampling time: 1.92368483543396
1856: Sampled 4 with 236499973715728 - sampling time: 2.0773794651031494
1849: Sampled 5 with 20574206422349 - sampling time: 2.0671298503875732
1858: Sampled 4 with 285865299528419 - sampling time: 2.1296026706695557
1850: Sampled 5 with 68064471770530 - sampling time: 1.8656878471374512
1851: Sampled 5 with 129924080451010 - sampling time: 1.8283307552337646
1859: Sampled 4 with 342301109333529 - sampling time: 2.173692226409912
1854: Sampled 5 with 192703114014345 - sampling time: 1.8972032070159912
1856: Sampled 5 with 237769837848347 - sampling time: 2.031956672668457
1849: Sampled 6 with 25754029445429 - sampling time: 1.6350719928741455
1850: Sampled 6 with 73652085961410 - sampling time: 1.79856276512146
1858: Sampled 5 with 286995573146338 - sampling time: 1.97440767288208
1851: Sampled 6 with 131626176604911 - sampling time: 2.0010035037994385
1859: Sampled 5 with 343389051542647 - sampling time: 2.219116687774658
1854: Sampled 6 with 196348706503931 - sampling time: 2.084536075592041
1849: Sampled 7 with 27525689795223 - sampling time: 1.6691133975982666
1856: Sampled 6 with 251113860925809 - sampling time: 2.053736925125122
1850: Sampled 7 with 74804124018836 - sampling time: 1.6979122161865234
1858: Sampled 6 with 287523787686486 - sampling time: 2.161125898361206
1851: Sampled 7 with 140551295923122 - sampling time: 1.9393389225006104
1859: Sampled 6 with 349833800043997 - sampling time: 2.2772481441497803
1854: Sampled 7 with 197376015760711 - sampling time: 1.963796615600586
1849: Sampled 8 with 29191221085157 - sampling time: 1.9848213195800781
1850: Sampled 8 with 76418740957820 - sampling time: 1.623197078704834
1856: Sampled 7 with 253589293035362 - sampling time: 2.0230937004089355
1851: Sampled 8 with 141563374943760 - sampling time: 1.8802204132080078
1858: Sampled 7 with 287830183911455 - sampling time: 2.0174386501312256
1849: Sampled 9 with 30835238328581 - sampling time: 1.7102675437927246
1850: Sampled 9 with 77030514815765 - sampling time: 1.7500035762786865
1854: Sampled 8 with 197530151240467 - sampling time: 2.010425090789795
1859: Sampled 7 with 350633572433904 - sampling time: 2.4483532905578613
1856: Sampled 8 with 257531908944878 - sampling time: 2.0296568870544434
1851: Sampled 9 with 147131873127585 - sampling time: 1.8728597164154053
1858: Sampled 8 with 291725955563024 - sampling time: 2.292618989944458
1849: Sampled 10 with 31639177853957 - sampling time: 1.601041316986084
1850: Sampled 10 with 103841329102668 - sampling time: 1.7857463359832764
1854: Sampled 9 with 199881004795606 - sampling time: 2.014704704284668
1856: Sampled 9 with 260631263691074 - sampling time: 1.9301321506500244
1859: Sampled 8 with 350986340039821 - sampling time: 2.1100854873657227
1851: Sampled 10 with 148999120167745 - sampling time: 1.7105705738067627
1849: Sampled 11 with 41494678994679 - sampling time: 1.86991548538208
1850: Sampled 11 with 105518107517177 - sampling time: 1.679440975189209
1858: Sampled 9 with 294621147250179 - sampling time: 2.1415514945983887
1854: Sampled 10 with 201720913927161 - sampling time: 1.9634449481964111
1851: Sampled 11 with 151892874826284 - sampling time: 1.657200813293457
1856: Sampled 10 with 261175817517916 - sampling time: 2.152935028076172
1859: Sampled 9 with 352462608409428 - sampling time: 2.280099630355835
1849: Sampled 12 with 41822935187948 - sampling time: 1.7011923789978027
1850: Sampled 12 with 106460873602862 - sampling time: 1.825873613357544
1854: Sampled 11 with 204169889899953 - sampling time: 1.7900664806365967
1858: Sampled 10 with 295103951440368 - sampling time: 2.309891939163208
1851: Sampled 12 with 154542349456804 - sampling time: 1.8453471660614014
1856: Sampled 11 with 262378814813571 - sampling time: 2.1258392333984375
1859: Sampled 10 with 355051026810274 - sampling time: 2.1640114784240723
1849: Sampled 13 with 46645205122197 - sampling time: 1.6872632503509521
1850: Sampled 13 with 107866031578672 - sampling time: 1.9076406955718994
1854: Sampled 12 with 207627675280222 - sampling time: 1.87431001663208
1851: Sampled 13 with 156644616908597 - sampling time: 1.8207542896270752
1858: Sampled 11 with 304976348830749 - sampling time: 2.089871406555176
1849: Sampled 14 with 49497095000168 - sampling time: 1.5036733150482178
1856: Sampled 12 with 265862793624034 - sampling time: 1.7900826930999756
1850: Sampled 14 with 114829916318300 - sampling time: 1.7161712646484375
1854: Sampled 13 with 209723108113994 - sampling time: 1.7125740051269531
1851: Sampled 14 with 159222182695217 - sampling time: 1.6412522792816162
1858: Sampled 12 with 305019341941225 - sampling time: 1.96644926071167
1849: Sampled 15 with 50872402670949 - sampling time: 1.6072816848754883
1856: Sampled 13 with 267873747907053 - sampling time: 1.9675631523132324
1850: Sampled 15 with 120657538381401 - sampling time: 1.6333715915679932
1851: Sampled 15 with 160873727271306 - sampling time: 1.5539438724517822
1854: Sampled 14 with 218470149663968 - sampling time: 1.7899584770202637
1858: Sampled 13 with 306251811347255 - sampling time: 1.6813433170318604
1856: Sampled 14 with 267947703529244 - sampling time: 1.561506986618042
1854: Sampled 15 with 222577887235973 - sampling time: 1.2578151226043701
1858: Sampled 14 with 320858257584665 - sampling time: 1.4706192016601562
1856: Sampled 15 with 268428304454668 - sampling time: 1.4110312461853027
1858: Sampled 15 with 326176092009261 - sampling time: 1.29817795753479
--- total time: 30.233262538909912 seconds ---
Output samples created on:  ./Samples/smarch_opt/fiasco_100.samples
