Input file:  ./FeatureModel/integrator_arm9.dimacs
Number of samples:  100
Output directory: ./Samples/smarch_opt
Counting - Total configurations: 4058359009533639626886272534103178164739667387222518335105568636716329870954191014758144927057614850667504086770471219270128181200
Counting time: 6.804128408432007
3549: Sampled 1 with 6866493932564678881292375147446248539775209778603015667534923527766529073448929776402268106108633063163650803842123570795184365 - sampling time: 140.06104564666748
3554: Sampled 1 with 1943234589279705226700472746669891406515104127214407628458445411761129297851412494073539503644443927120578374372576950424286502467 - sampling time: 144.70322918891907
3559: Sampled 1 with 3794955536039117635944434601675340380178382448623113902914933702088485963523428879846116499820746526404154011991710796879115195468 - sampling time: 145.91011357307434
3556: Sampled 1 with 2473616199068188670994698092189673193614805744546509499482782587625039174277390462165151156135074739379393551829369437088819925355 - sampling time: 146.4031662940979
3550: Sampled 1 with 714506352177071728864866336347377086537118273124420658474185533755832368147008310292470796027385172876010486243338579454878395156 - sampling time: 150.16404461860657
3552: Sampled 1 with 1308076053213976006014137509786378392821888917941983715216455783961219852429021524203432440372651335637762565415360047726737059876 - sampling time: 152.85289311408997
3557: Sampled 1 with 3352492248209740027607572027938959206574485828531599795294961741334148030144532253932324830813520460743577458720942902138139333305 - sampling time: 153.45145988464355
3549: Sampled 2 with 15113570500870812391252900388544636320112603619055521289001624254976986408845157235227373773035849098496827024178531720939556056 - sampling time: 131.67093515396118
3554: Sampled 2 with 1949094514840819134516517413788160276095746021269905006282244186177485905515904960934466738692154931561323305577117403851533167980 - sampling time: 133.99207305908203
3550: Sampled 2 with 740171964181215764608631488119463493216463602588240774998558354085974885215313058168185331921798223103576238605281827791418960915 - sampling time: 132.53097200393677
3556: Sampled 2 with 2647969393771628004766091562793243838741686867530115828710537321671318762011127055578283095464858809783148820601245509572856339890 - sampling time: 136.90327167510986
3559: Sampled 2 with 3801619816801314408073075497113940780816735460581806510085231223278669368503709395393867577924098366114739378215955762830846824463 - sampling time: 139.58513593673706
3552: Sampled 2 with 1328048448858678567906632341240279985022915168675553607919995656462246299798776340059529980907908392114500938003211446303596159473 - sampling time: 137.54217076301575
3557: Sampled 2 with 3357968237944966394910139623313630411053595463310603925498842992786624802394226286667558139874989555720718906214852676536161306349 - sampling time: 138.8316924571991
3556: Sampled 3 with 2717571830288978609868586695190362778591204131854017149635264645829718484806934158895538476673141024551335068252871215283957474334 - sampling time: 90.3395447731018
3554: Sampled 3 with 1952332219065030997018394593249347881248093862506830612126709690544811507795250852199155375073591479792567630277859913621717354664 - sampling time: 127.91974115371704
3549: Sampled 3 with 32430075391597835337421119361418880403234618606769747273102091966440911705354852549678057596911872735672157659160150006025268803 - sampling time: 142.30632877349854
3550: Sampled 3 with 757555031671127592924847763462800235793051346044534586652169007481162562614033782632160154526187596292589417818057971861031201845 - sampling time: 136.20079445838928
3559: Sampled 3 with 3836952916794429977966690337507202384775178959009960929821601863124285758189259138326684082558424037260310199359280350240532243130 - sampling time: 137.65513944625854
3557: Sampled 3 with 3375537480617620643596984289118010155170725922717170892637591753290503428466011258707597738726064960605705230094756713235392020225 - sampling time: 132.98225212097168
3552: Sampled 3 with 1446663182488916724278036960349653569532720597281829847155958077256150257157293271947739982047140693925499812283893534557050477362 - sampling time: 140.9882698059082
3556: Sampled 4 with 2722350695263617194201677014553259640514945755730643486137260566204600675820659192182226755233751196362552201778339276753958276013 - sampling time: 75.68897986412048
3554: Sampled 4 with 2010441474480869277123107532502502077804672898848410821920201088856502832800525140984593095291252342356482378636562303885284588920 - sampling time: 137.26715660095215
3550: Sampled 4 with 767293464829385666276540156821858668043116089796581044349263386862661952808348810097610749455758460121889113808772558353298278742 - sampling time: 139.47616958618164
3557: Sampled 4 with 3382088425404308119352626848388293978661272389934765475790446573405942240699688519192375115693652671348751351984699536454010349713 - sampling time: 134.22566676139832
3559: Sampled 4 with 3846328267475590540222279437551379946797287375004383924385259277489698080344604212789195317185991088732713662120549463240965785254 - sampling time: 136.96303629875183
3549: Sampled 4 with 193674471276137576530556443622131568516825901302265279686490161870937256067744652717005584154621777123583047073967725640008218958 - sampling time: 147.5695788860321
3552: Sampled 4 with 1504500978841176717214914749158363282691714372415750073851780772647080522885042491897121925214024249239916825364296191061976004558 - sampling time: 140.52851510047913
3556: Sampled 5 with 2750865511366042782862890131139913369129415355520134450046254052741994042890137074958214278541517750824108208001016836052233067787 - sampling time: 141.29662489891052
3554: Sampled 5 with 2113728275572852483761367650545049205809568509473783317566764331160225716051870764855107228736097816530963261012068438072949826241 - sampling time: 141.37273240089417
3550: Sampled 5 with 780381447817004001205296896494371429362954065000738466158773796398115253173723010531267959218021237198078988854416505622637603916 - sampling time: 132.87718105316162
3557: Sampled 5 with 3453057840434135723827535686909064503423836654197140132692818827904217867692822961936552771095720498141088300835967274312069155530 - sampling time: 136.66662192344666
3559: Sampled 5 with 3849559414571444670690642335240708151823380377735251601583916525128252756900137537512916871382570246388799817522928848013722495117 - sampling time: 137.457026720047
3549: Sampled 5 with 242811910272949801881268545164122272164762767904316845365224380814722479749009957234929561221897494042429152929678944508369374361 - sampling time: 138.5440571308136
3552: Sampled 5 with 1521957284479659981766221654780628626027743907956882408534934049626435859166741018301751437914844343107847971985914890649592727728 - sampling time: 144.73762559890747
3556: Sampled 6 with 2839837913323012422259587322038135245131769602967598726677425914362675215755970990677661029623194820891966343843991454896460484852 - sampling time: 137.98227739334106
3554: Sampled 6 with 2120837795647135586731093546954150338686093082783310998882437946862585794947230056454020630893688056108650476626091765538532101322 - sampling time: 141.32774806022644
3550: Sampled 6 with 804088930345940821090758633145223935115204017071543362259269409804036497877027192591361565272334222151417835969901347309755854606 - sampling time: 137.54846358299255
3557: Sampled 6 with 3457832206270181832115483325366021501267617988310715673630498026028737999394563282870750965466794498442464024210870997934393789243 - sampling time: 135.94498991966248
3549: Sampled 6 with 289107848570287963507789654957166554972121082101969239735807284573221796233082849468801969947485780830970577902183605550245422089 - sampling time: 140.7942452430725
3559: Sampled 6 with 3896969943447732978577665509144533168710214041500929215714516601641534852956979776350534728273944088381324282271576029598436144603 - sampling time: 148.91504287719727
3556: Sampled 7 with 2863307687662807801942918364138569236987137836639119657864917273540469557722331295550143978617933569770496021085974349739578643525 - sampling time: 138.3671624660492
3552: Sampled 6 with 1528043617947242618430616879800759713664378448308689713929316888369539202868945239719355478563983149328765163266617601347320888023 - sampling time: 184.60000944137573
3554: Sampled 7 with 2145959094954826765037839853518992918331246987918681101855085558427849272461439571962418190251222136566735726874861184080632621306 - sampling time: 135.17477083206177
3550: Sampled 7 with 865781639469185053465235264871808731503531968931941393905001012262954707599284636536439444320057710843093482088552509692963863753 - sampling time: 133.85075449943542
3549: Sampled 7 with 402203722897957218833680740410931021699340006798665753209829335369785332082560762957582008059932654754229148674409684326133258588 - sampling time: 133.16193151474
3557: Sampled 7 with 3540568610894925393460986047027048880792903382753379705408319966944914544639119640748292935117625917809221132894152618406372048587 - sampling time: 143.6691370010376
3552: Sampled 7 with 1561516030115847562802793634844202918330380991098908581570762829230846345295869400205834355987472394756494835071594998299327033349 - sampling time: 76.78051686286926
3559: Sampled 7 with 3913189471143522330396447568827929870272499535354570069934006624113235811266497699290034707494183048523144722321855165605726546198 - sampling time: 132.9296271800995
3556: Sampled 8 with 2971029677020867316429139626902703709674312140631583841250112609672323419652204946591951010241910479655130983497075718275217906908 - sampling time: 129.8252773284912
3557: Sampled 8 with 3577793446695897507889848445976422250159017253775058398859225603775608491906956373510705013707862279525892833963144916118664444282 - sampling time: 77.31000256538391
3550: Sampled 8 with 884924972445662174362463459243849868175058228109211602178076774189098999209701038271377339919636728463249966504018174537183552887 - sampling time: 136.0518753528595
3554: Sampled 8 with 2232304997251736325865381551313873145950003997832226858275118301598939178800304420390342309377496800697515220292736736401500319349 - sampling time: 143.58460783958435
3552: Sampled 8 with 1571218376296778295508333059367819940774451015568156122676852617350388320767125057270135351763599059270521729572273715985756333833 - sampling time: 138.48348426818848
3559: Sampled 8 with 3946420753363556639126943734025951593749875544476033243090764483454489953913964495865510238973733764849529549787039431471857222371 - sampling time: 142.38118839263916
3556: Sampled 9 with 3050884059686784014457658811731684574555770270264696195499185599937313982915871011966287475589003068642341362999238549767557569871 - sampling time: 141.0008680820465
3549: Sampled 8 with 420700405068924247325548199997759133645347541879541348165450206565379730804197732243670551949356802820232401884337420916376851308 - sampling time: 174.5601155757904
3550: Sampled 9 with 905722375305102599410338916499854206587974398988437055366721608237837649507552228171783222486423412947096558628503340888929463163 - sampling time: 134.5921983718872
3554: Sampled 9 with 2240244713408727303078744019641403045726633410001611304132467991455048441402584125804522301879135385719876507434848130376827182395 - sampling time: 133.783864736557
3557: Sampled 9 with 3589608720540758347861834193439053504023510268548340519007271301709991783947286212030386842318395897741049748535242152396155520682 - sampling time: 186.71354818344116
3559: Sampled 9 with 3964316404133488269827253972001375973951770105916836750440147836999885525067937370615785916904966374954279670020999363965080931996 - sampling time: 135.87469220161438
3552: Sampled 9 with 1753312411730976100624837317516596549874476852061810935888004065786013421449551823992783960321428287791483039697780386703531039161 - sampling time: 143.94360160827637
3556: Sampled 10 with 3108230108029156059083474325743267217347336042167843476751577912081478349349735545148998709320897932868011132527472143109889691834 - sampling time: 132.34509706497192
3549: Sampled 9 with 476902210501210968406079340723922134276878074365518700526753444018977591337147684811391843227495219858257774673027668803413404343 - sampling time: 147.0904357433319
3550: Sampled 10 with 980082362836327472926971876339922909677932208834451403942211509438532854138475661917750553461019282796913160790234538488217194622 - sampling time: 85.76798486709595
3557: Sampled 10 with 3595868321631242871454232688424052304184867743407856071507478355915066764977245537879321284447571165151580650732769355869936976815 - sampling time: 130.98763799667358
3554: Sampled 10 with 2250092068143471051341237419239061601429041899747665941342850939416965022433794217731569501651927145996628435092008275420908832364 - sampling time: 140.71058535575867
3552: Sampled 10 with 1798331274255247014068558822382216940830026446506501868739409773604766326147283760537397328724211300199669977413450105415760069516 - sampling time: 133.18681716918945
3559: Sampled 10 with 4005201706568866966861233554870053525253690629167069280575104141825322398780085590410828169997432053254644643465241551381830133952 - sampling time: 139.9490864276886
3556: Sampled 11 with 3113178705143803398280477820890021516631207804270218857575852556168604361007606053858589727841122057792698394115863902481106263357 - sampling time: 138.60705089569092
3549: Sampled 10 with 479766611903092019621781933627625125499057427611222666155957501874559751501474261526154646733134591311620236404946050578459268178 - sampling time: 132.59394025802612
3550: Sampled 11 with 1023282472950556980899063028421541721842736282868696450152943078873424883822021858043542274321409214540670781976528519278427610855 - sampling time: 127.31839847564697
3554: Sampled 11 with 2258732620942752419919196002476500088682850531103831423382419535021209788532993877240183740094203311214916065904076335145284536867 - sampling time: 86.08353447914124
3557: Sampled 11 with 3636336364477383074590516603524430793675229107322305539166538214511364955236823601390259139033718963183232237668647005221202710637 - sampling time: 139.33983969688416
3554: Sampled 12 with 2267801323835842966384912034810228004859506326277915517057919313676507539636147665875623440273751451603065208942765862048505664950 - sampling time: 66.80294442176819
3556: Sampled 12 with 3229731673607282769873800893140260146218013348231829976312884285262566524840869985864241159448624392088686073374373204520044081360 - sampling time: 125.57723450660706
3552: Sampled 11 with 1872334423033918550006122668614130833928759391712753838372647730849708007943284322482166495640614681248170959161493671064227788848 - sampling time: 163.0233416557312
3549: Sampled 11 with 559502618054948425597011482905945189984606373131108708146328603182071207409076180287562247862025536941844656659672673533874279912 - sampling time: 135.22575974464417
3550: Sampled 12 with 1023443258701154276220947460157356350397445449009913809606623619306546007318436334336049961137991991381440213318437426336652956335 - sampling time: 118.7815351486206
3557: Sampled 12 with 3642486523150905553759779532521575911227878089521670324576108577508221414233411803367410966794661447582899762817659421977239333485 - sampling time: 119.39523792266846
3556: Sampled 13 with 3231763159496905656083607675639353257651955072296309424425871362247100176089247972538225266325688204576771671489007222195505864493 - sampling time: 120.99214172363281
3554: Sampled 13 with 2371042960401003518124797089636391771186123174232264181104820413688845073773852735941708439454868951942193703934816809709861798836 - sampling time: 126.60915160179138
3552: Sampled 12 with 1875775668433909775328724948493152768733023838687090319465637184974624105819329225822241298999070608757552321133886007667506651309 - sampling time: 120.47145462036133
3549: Sampled 12 with 567765604545420462851561248963710993372942691842070525073448636403851076485769260020110628421444418284518893913909972757337054806 - sampling time: 125.01849031448364
3550: Sampled 13 with 1078819692886253089870471209469785940137419108606885133383574028294119085174626810694612700019970801467710267749074148905854012120 - sampling time: 125.46766471862793
3557: Sampled 13 with 3644136042263134991064097733696743041728973085522621361833130390925347055359953783396480014522975628693250139185705540649453019486 - sampling time: 119.76000547409058
3556: Sampled 14 with 3245484988779124137350717561725183087417272200260156942136860807153777540666934018846572057318950234257020981139444664604650192899 - sampling time: 126.71724605560303
3554: Sampled 14 with 2446514046181930261530461438735476342769940008419174594074783126848773672134070856654290654734223793821166109996737222233899058611 - sampling time: 124.46326565742493
3552: Sampled 13 with 1894107233085664788288233815360225989805214708320338683873630491906884216910752066281764338940618418589360073610897124059890064149 - sampling time: 124.94209694862366
3549: Sampled 13 with 649894729418901813161718543652657559234628657558246139176059238188289472865990680990026199737018689357989051936009788978074969918 - sampling time: 123.18978953361511
3550: Sampled 14 with 1095956237774444020753514526848930590533232368260559342140925491883318712887936047951828356126892701160278870037166790367539709395 - sampling time: 122.63876438140869
3552: Sampled 14 with 1918175318114154742724663126145668548210389028848968583566832339973438109693151598386959380253230581683115684594405439818994442271 - sampling time: 70.5941972732544
3557: Sampled 14 with 3694447640640810236689875998225013943092159946931860217032164795521127144316145913110600365448322166060521710037126481133074463970 - sampling time: 125.49258160591125
3554: Sampled 15 with 2456544038357545358081906163536499412051548617470751817823316040087013705167111531853595170663971490943853578867772342922056736520 - sampling time: 118.53295946121216
3556: Sampled 15 with 3291053236087769240518865950886588258398168149064932476567229036348514055550518718402186791660629521706837117314176150312259204064 - sampling time: 121.4275803565979
3549: Sampled 14 with 656234078829644210477280541174490327111916419493583778772820781668966461511998920620388442755412746774945147974989086891876180191 - sampling time: 116.82820844650269
3550: Sampled 15 with 1227278347772424597364289440273554247517183904160926604968341886115098649993955529290921211098655563947768259682204425383849377904 - sampling time: 118.58637356758118
3552: Sampled 15 with 1941852300625389383480527039855221534751087997188920058914540736406799625597499295317580728798812576007169894170261437945189846630 - sampling time: 96.43154501914978
3557: Sampled 15 with 3786017173018276245907602726602387366185617973803369465116458551953554105107951875627711830307299967698071523868376721393403413459 - sampling time: 98.51075839996338
3549: Sampled 15 with 698592866918874293911862341284569031468238380328809570226626734390161510693206351043874322961154751346482368763441754755339262247 - sampling time: 81.46420550346375
--- total time: 2016.923688173294 seconds ---
Output samples created on:  ./Samples/smarch_opt/integrator_arm9_100.samples
