Input file:  ./FeatureModel/JavaGC.dimacs
Number of samples:  100
Output directory: ./Samples/smarch_opt
Counting - Total configurations: 193536
Counting time: 0.08940005302429199
12182: Sampled 1 with 1625 - sampling time: 0.09253501892089844
12185: Sampled 1 with 58497 - sampling time: 0.1324913501739502
12188: Sampled 1 with 120794 - sampling time: 0.15110063552856445
12190: Sampled 1 with 146482 - sampling time: 0.20862579345703125
12186: Sampled 1 with 81412 - sampling time: 0.20971059799194336
12183: Sampled 1 with 34915 - sampling time: 0.25263309478759766
12191: Sampled 1 with 173980 - sampling time: 0.2578096389770508
12185: Sampled 2 with 61520 - sampling time: 0.13211989402770996
12182: Sampled 2 with 2337 - sampling time: 0.2153644561767578
12188: Sampled 2 with 121601 - sampling time: 0.1701500415802002
12191: Sampled 2 with 182599 - sampling time: 0.10770845413208008
12190: Sampled 2 with 152752 - sampling time: 0.18999552726745605
12186: Sampled 2 with 81797 - sampling time: 0.19223284721374512
12182: Sampled 3 with 2826 - sampling time: 0.12482595443725586
12183: Sampled 2 with 36097 - sampling time: 0.1834878921508789
12185: Sampled 3 with 63663 - sampling time: 0.17262673377990723
12188: Sampled 3 with 121842 - sampling time: 0.17248320579528809
12191: Sampled 3 with 183567 - sampling time: 0.14586162567138672
12186: Sampled 3 with 82971 - sampling time: 0.12423825263977051
12183: Sampled 3 with 37202 - sampling time: 0.14893555641174316
12182: Sampled 4 with 11189 - sampling time: 0.20340442657470703
12185: Sampled 4 with 63920 - sampling time: 0.20061278343200684
12190: Sampled 3 with 154623 - sampling time: 0.24411511421203613
12191: Sampled 4 with 184424 - sampling time: 0.14693427085876465
12188: Sampled 4 with 129135 - sampling time: 0.17935562133789062
12186: Sampled 4 with 86942 - sampling time: 0.20230317115783691
12190: Sampled 4 with 154828 - sampling time: 0.12261271476745605
12183: Sampled 4 with 37533 - sampling time: 0.18770837783813477
12182: Sampled 5 with 14835 - sampling time: 0.14959383010864258
12185: Sampled 5 with 66192 - sampling time: 0.15819072723388672
12191: Sampled 5 with 186501 - sampling time: 0.1927018165588379
12188: Sampled 5 with 132325 - sampling time: 0.20723509788513184
12186: Sampled 5 with 93909 - sampling time: 0.21775269508361816
12183: Sampled 5 with 38694 - sampling time: 0.17468786239624023
12182: Sampled 6 with 17866 - sampling time: 0.16697430610656738
12190: Sampled 5 with 155544 - sampling time: 0.20393919944763184
12185: Sampled 6 with 66624 - sampling time: 0.18860626220703125
12191: Sampled 6 with 188800 - sampling time: 0.16103816032409668
12186: Sampled 6 with 95853 - sampling time: 0.11360406875610352
12182: Sampled 7 with 17977 - sampling time: 0.11456298828125
12188: Sampled 6 with 133275 - sampling time: 0.22698974609375
12185: Sampled 7 with 70431 - sampling time: 0.12717223167419434
12190: Sampled 6 with 156805 - sampling time: 0.1461803913116455
12191: Sampled 7 with 189276 - sampling time: 0.19060993194580078
12183: Sampled 6 with 39841 - sampling time: 0.2728548049926758
12182: Sampled 8 with 19902 - sampling time: 0.17744827270507812
12186: Sampled 7 with 97812 - sampling time: 0.19211411476135254
12191: Sampled 8 with 189522 - sampling time: 0.07370853424072266
12185: Sampled 8 with 72196 - sampling time: 0.17423152923583984
12190: Sampled 7 with 158142 - sampling time: 0.17983460426330566
12188: Sampled 7 with 134552 - sampling time: 0.20129156112670898
12185: Sampled 9 with 74255 - sampling time: 0.10459709167480469
12183: Sampled 7 with 41043 - sampling time: 0.18571829795837402
12191: Sampled 9 with 190027 - sampling time: 0.12744641304016113
12182: Sampled 9 with 21012 - sampling time: 0.1742384433746338
12190: Sampled 8 with 160273 - sampling time: 0.15574431419372559
12186: Sampled 8 with 99103 - sampling time: 0.2313697338104248
12185: Sampled 10 with 74550 - sampling time: 0.1297624111175537
12188: Sampled 8 with 135462 - sampling time: 0.21198034286499023
12191: Sampled 10 with 192518 - sampling time: 0.15311980247497559
12182: Sampled 10 with 24922 - sampling time: 0.1588451862335205
12190: Sampled 9 with 163242 - sampling time: 0.14276647567749023
12183: Sampled 8 with 45336 - sampling time: 0.23214435577392578
12186: Sampled 9 with 100312 - sampling time: 0.1662731170654297
12185: Sampled 11 with 74738 - sampling time: 0.13597702980041504
12188: Sampled 9 with 136553 - sampling time: 0.1947469711303711
12190: Sampled 10 with 167671 - sampling time: 0.1275467872619629
12182: Sampled 11 with 25042 - sampling time: 0.17457985877990723
12183: Sampled 9 with 46159 - sampling time: 0.1372077465057373
12186: Sampled 10 with 100869 - sampling time: 0.14905190467834473
12185: Sampled 12 with 75211 - sampling time: 0.15921282768249512
12190: Sampled 11 with 170481 - sampling time: 0.10197114944458008
12188: Sampled 10 with 137411 - sampling time: 0.13234853744506836
12183: Sampled 10 with 47138 - sampling time: 0.0799722671508789
12188: Sampled 11 with 141356 - sampling time: 0.06606864929199219
12186: Sampled 11 with 105322 - sampling time: 0.12245941162109375
12182: Sampled 12 with 28096 - sampling time: 0.17272567749023438
12183: Sampled 11 with 47232 - sampling time: 0.09250855445861816
12185: Sampled 13 with 75886 - sampling time: 0.13832354545593262
12190: Sampled 12 with 171175 - sampling time: 0.1657423973083496
12185: Sampled 14 with 76701 - sampling time: 0.0817713737487793
12188: Sampled 12 with 142819 - sampling time: 0.16044259071350098
12183: Sampled 12 with 48628 - sampling time: 0.13517308235168457
12182: Sampled 13 with 29329 - sampling time: 0.17386460304260254
12186: Sampled 12 with 107463 - sampling time: 0.1984095573425293
12190: Sampled 13 with 171701 - sampling time: 0.13827729225158691
12185: Sampled 15 with 81265 - sampling time: 0.15799307823181152
12188: Sampled 13 with 142908 - sampling time: 0.14725136756896973
12182: Sampled 14 with 30304 - sampling time: 0.13740038871765137
12186: Sampled 13 with 108236 - sampling time: 0.12257075309753418
12183: Sampled 13 with 50936 - sampling time: 0.19555091857910156
12190: Sampled 14 with 173616 - sampling time: 0.199998140335083
12186: Sampled 14 with 108698 - sampling time: 0.11118316650390625
12188: Sampled 14 with 143062 - sampling time: 0.15514707565307617
12183: Sampled 14 with 54934 - sampling time: 0.11446571350097656
12182: Sampled 15 with 34432 - sampling time: 0.2056424617767334
12186: Sampled 15 with 115814 - sampling time: 0.09318900108337402
12183: Sampled 15 with 57892 - sampling time: 0.05683255195617676
12188: Sampled 15 with 144847 - sampling time: 0.12808895111083984
12190: Sampled 15 with 173863 - sampling time: 0.18375086784362793
--- total time: 2.6176857948303223 seconds ---
Output samples created on:  ./Samples/smarch_opt/JavaGC_100.samples
