Input file:  ./FeatureModel/JHipster.dimacs
Number of samples:  100
Output directory: ./Samples/smarch_opt
Counting - Total configurations: 26256
Counting time: 0.0717306137084961
9671: Sampled 1 with 46 - sampling time: 0.042879343032836914
9673: Sampled 1 with 8275 - sampling time: 0.05823564529418945
9675: Sampled 1 with 12116 - sampling time: 0.058455467224121094
9679: Sampled 1 with 20708 - sampling time: 0.06269288063049316
9678: Sampled 1 with 15686 - sampling time: 0.08103466033935547
9672: Sampled 1 with 4139 - sampling time: 0.0948781967163086
9682: Sampled 1 with 23039 - sampling time: 0.09764289855957031
9673: Sampled 2 with 8366 - sampling time: 0.04915475845336914
9671: Sampled 2 with 238 - sampling time: 0.06599092483520508
9675: Sampled 2 with 12838 - sampling time: 0.0723567008972168
9678: Sampled 2 with 16821 - sampling time: 0.07009363174438477
9679: Sampled 2 with 21133 - sampling time: 0.08932733535766602
9673: Sampled 3 with 8584 - sampling time: 0.055391788482666016
9671: Sampled 3 with 564 - sampling time: 0.07577872276306152
9672: Sampled 2 with 4355 - sampling time: 0.09527349472045898
9682: Sampled 2 with 23248 - sampling time: 0.09157323837280273
9675: Sampled 3 with 13414 - sampling time: 0.0692141056060791
9671: Sampled 4 with 1640 - sampling time: 0.018764495849609375
9673: Sampled 4 with 8615 - sampling time: 0.05651283264160156
9671: Sampled 5 with 1682 - sampling time: 0.016408920288085938
9678: Sampled 3 with 16956 - sampling time: 0.07813692092895508
9671: Sampled 6 with 1787 - sampling time: 0.017560243606567383
9682: Sampled 3 with 23473 - sampling time: 0.05373382568359375
9679: Sampled 3 with 21229 - sampling time: 0.09862637519836426
9675: Sampled 4 with 13415 - sampling time: 0.06477928161621094
9673: Sampled 5 with 8635 - sampling time: 0.04836320877075195
9671: Sampled 7 with 1850 - sampling time: 0.04597616195678711
9672: Sampled 3 with 4627 - sampling time: 0.09611010551452637
9678: Sampled 4 with 17058 - sampling time: 0.0578770637512207
9673: Sampled 6 with 8765 - sampling time: 0.045690059661865234
9682: Sampled 4 with 23714 - sampling time: 0.0713493824005127
9675: Sampled 5 with 13468 - sampling time: 0.06672859191894531
9672: Sampled 4 with 4872 - sampling time: 0.0536344051361084
9671: Sampled 8 with 2101 - sampling time: 0.0666804313659668
9679: Sampled 4 with 21281 - sampling time: 0.09667372703552246
9678: Sampled 5 with 17878 - sampling time: 0.06505155563354492
9682: Sampled 5 with 23742 - sampling time: 0.06046605110168457
9673: Sampled 7 with 9441 - sampling time: 0.07081174850463867
9672: Sampled 5 with 5012 - sampling time: 0.07158851623535156
9675: Sampled 6 with 13475 - sampling time: 0.0863192081451416
9678: Sampled 6 with 18087 - sampling time: 0.06573081016540527
9671: Sampled 9 with 2444 - sampling time: 0.08620500564575195
9679: Sampled 5 with 21311 - sampling time: 0.09837222099304199
9673: Sampled 8 with 9553 - sampling time: 0.06766867637634277
9682: Sampled 6 with 23785 - sampling time: 0.0820610523223877
9678: Sampled 7 with 19473 - sampling time: 0.060373544692993164
9675: Sampled 7 with 13537 - sampling time: 0.07870364189147949
9672: Sampled 6 with 5303 - sampling time: 0.1144247055053711
9673: Sampled 9 with 9750 - sampling time: 0.08154416084289551
9682: Sampled 7 with 23957 - sampling time: 0.0781099796295166
9678: Sampled 8 with 19598 - sampling time: 0.06194329261779785
9671: Sampled 10 with 2660 - sampling time: 0.11050152778625488
9675: Sampled 8 with 13616 - sampling time: 0.05725860595703125
9679: Sampled 6 with 21331 - sampling time: 0.11263227462768555
9673: Sampled 10 with 10439 - sampling time: 0.05624556541442871
9675: Sampled 9 with 14286 - sampling time: 0.0536956787109375
9678: Sampled 9 with 19742 - sampling time: 0.07212972640991211
9672: Sampled 7 with 5597 - sampling time: 0.09249758720397949
9682: Sampled 8 with 24716 - sampling time: 0.09273505210876465
9671: Sampled 11 with 2726 - sampling time: 0.09884023666381836
9673: Sampled 11 with 10455 - sampling time: 0.06009316444396973
9679: Sampled 7 with 21396 - sampling time: 0.11108660697937012
9678: Sampled 10 with 20203 - sampling time: 0.05846881866455078
9675: Sampled 10 with 14715 - sampling time: 0.07247424125671387
9672: Sampled 8 with 6061 - sampling time: 0.08724451065063477
9673: Sampled 12 with 10553 - sampling time: 0.07042980194091797
9682: Sampled 9 with 25692 - sampling time: 0.09524822235107422
9678: Sampled 11 with 20407 - sampling time: 0.05854058265686035
9675: Sampled 11 with 14844 - sampling time: 0.05852842330932617
9671: Sampled 12 with 3353 - sampling time: 0.09631872177124023
9679: Sampled 8 with 21411 - sampling time: 0.10999083518981934
9678: Sampled 12 with 20464 - sampling time: 0.05932140350341797
9675: Sampled 12 with 14918 - sampling time: 0.054991722106933594
9672: Sampled 9 with 6880 - sampling time: 0.09086441993713379
9673: Sampled 13 with 10751 - sampling time: 0.08269357681274414
9678: Sampled 13 with 20585 - sampling time: 0.01715564727783203
9682: Sampled 10 with 25965 - sampling time: 0.08929920196533203
9671: Sampled 13 with 3774 - sampling time: 0.10217857360839844
9675: Sampled 13 with 14968 - sampling time: 0.05525326728820801
9673: Sampled 14 with 11441 - sampling time: 0.04820537567138672
9678: Sampled 14 with 20632 - sampling time: 0.05250191688537598
9679: Sampled 9 with 21422 - sampling time: 0.09859418869018555
9672: Sampled 10 with 7186 - sampling time: 0.08966255187988281
9673: Sampled 15 with 11788 - sampling time: 0.04710817337036133
9678: Sampled 15 with 20642 - sampling time: 0.05239248275756836
9675: Sampled 14 with 15468 - sampling time: 0.07255983352661133
9671: Sampled 14 with 3821 - sampling time: 0.10292911529541016
9679: Sampled 10 with 21539 - sampling time: 0.07514309883117676
9672: Sampled 11 with 7437 - sampling time: 0.07254576683044434
9675: Sampled 15 with 15580 - sampling time: 0.05649757385253906
9672: Sampled 12 with 7513 - sampling time: 0.03411722183227539
9671: Sampled 15 with 3832 - sampling time: 0.08082938194274902
9679: Sampled 11 with 21662 - sampling time: 0.0712893009185791
9672: Sampled 13 with 7542 - sampling time: 0.0436553955078125
9672: Sampled 14 with 8037 - sampling time: 0.03095722198486328
9679: Sampled 12 with 22137 - sampling time: 0.05401968955993652
9672: Sampled 15 with 8123 - sampling time: 0.03641033172607422
9679: Sampled 13 with 22233 - sampling time: 0.0544435977935791
9679: Sampled 14 with 22442 - sampling time: 0.06163501739501953
9679: Sampled 15 with 23014 - sampling time: 0.05350065231323242
--- total time: 1.338622808456421 seconds ---
Output samples created on:  ./Samples/smarch_opt/JHipster_100.samples
