Input file:  ./FeatureModel/JHipster.dimacs
Number of samples:  1000
Output directory: ./Samples/smarch_opt
Counting - Total configurations: 26256
Counting time: 0.07468247413635254
7828: Sampled 1 with 13 - sampling time: 0.052626609802246094
7838: Sampled 1 with 18737 - sampling time: 0.06633782386779785
7841: Sampled 1 with 22559 - sampling time: 0.06818270683288574
7829: Sampled 1 with 3712 - sampling time: 0.08081459999084473
7833: Sampled 1 with 11023 - sampling time: 0.09679651260375977
7830: Sampled 1 with 7155 - sampling time: 0.09784579277038574
7834: Sampled 1 with 14900 - sampling time: 0.09458613395690918
7828: Sampled 2 with 17 - sampling time: 0.05385017395019531
7838: Sampled 2 with 18748 - sampling time: 0.05407571792602539
7841: Sampled 2 with 22562 - sampling time: 0.06905937194824219
7829: Sampled 2 with 3713 - sampling time: 0.06415772438049316
7828: Sampled 3 with 22 - sampling time: 0.0616452693939209
7838: Sampled 3 with 18767 - sampling time: 0.059214115142822266
7833: Sampled 2 with 11026 - sampling time: 0.09509968757629395
7830: Sampled 2 with 7175 - sampling time: 0.09580302238464355
7834: Sampled 2 with 14902 - sampling time: 0.10519266128540039
7828: Sampled 4 with 42 - sampling time: 0.04108262062072754
7841: Sampled 3 with 22581 - sampling time: 0.07767558097839355
7829: Sampled 3 with 3714 - sampling time: 0.07255744934082031
7838: Sampled 4 with 18853 - sampling time: 0.05966043472290039
7828: Sampled 5 with 54 - sampling time: 0.04758262634277344
7833: Sampled 3 with 11122 - sampling time: 0.09193301200866699
7830: Sampled 3 with 7185 - sampling time: 0.09879159927368164
7829: Sampled 4 with 3717 - sampling time: 0.07724738121032715
7841: Sampled 4 with 22615 - sampling time: 0.07791662216186523
7838: Sampled 5 with 18879 - sampling time: 0.05424189567565918
7828: Sampled 6 with 56 - sampling time: 0.04715871810913086
7834: Sampled 3 with 14913 - sampling time: 0.10122966766357422
7828: Sampled 7 with 95 - sampling time: 0.04574918746948242
7838: Sampled 6 with 18893 - sampling time: 0.06336545944213867
7841: Sampled 5 with 22634 - sampling time: 0.07643294334411621
7833: Sampled 4 with 11173 - sampling time: 0.08683419227600098
7829: Sampled 5 with 3718 - sampling time: 0.07939529418945312
7830: Sampled 4 with 7215 - sampling time: 0.09249615669250488
7828: Sampled 8 with 97 - sampling time: 0.05221414566040039
7834: Sampled 4 with 14923 - sampling time: 0.10030865669250488
7838: Sampled 7 with 18900 - sampling time: 0.057494163513183594
7828: Sampled 9 with 118 - sampling time: 0.050444841384887695
7841: Sampled 6 with 22658 - sampling time: 0.08153891563415527
7834: Sampled 5 with 14941 - sampling time: 0.05540323257446289
7833: Sampled 5 with 11186 - sampling time: 0.09012317657470703
7829: Sampled 6 with 3747 - sampling time: 0.09111738204956055
7830: Sampled 5 with 7218 - sampling time: 0.09515833854675293
7838: Sampled 8 with 18904 - sampling time: 0.0672311782836914
7833: Sampled 6 with 11373 - sampling time: 0.0316929817199707
7828: Sampled 10 with 148 - sampling time: 0.06348752975463867
7834: Sampled 6 with 14965 - sampling time: 0.05465364456176758
7833: Sampled 7 with 11381 - sampling time: 0.030869483947753906
7841: Sampled 7 with 22682 - sampling time: 0.08632826805114746
7829: Sampled 7 with 3773 - sampling time: 0.0841670036315918
7838: Sampled 9 with 18952 - sampling time: 0.06963205337524414
7830: Sampled 6 with 7249 - sampling time: 0.09277868270874023
7833: Sampled 8 with 11437 - sampling time: 0.054319143295288086
7834: Sampled 7 with 14998 - sampling time: 0.06452131271362305
7828: Sampled 11 with 156 - sampling time: 0.06633377075195312
7838: Sampled 10 with 18985 - sampling time: 0.044322967529296875
7841: Sampled 8 with 22696 - sampling time: 0.08808445930480957
7829: Sampled 8 with 3800 - sampling time: 0.0805518627166748
7833: Sampled 9 with 11439 - sampling time: 0.057401180267333984
7828: Sampled 12 with 159 - sampling time: 0.06168651580810547
7838: Sampled 11 with 19024 - sampling time: 0.04921698570251465
7834: Sampled 8 with 15007 - sampling time: 0.07161974906921387
7830: Sampled 7 with 7256 - sampling time: 0.09755992889404297
7833: Sampled 10 with 11479 - sampling time: 0.052861690521240234
7838: Sampled 12 with 19043 - sampling time: 0.04928183555603027
7834: Sampled 9 with 15026 - sampling time: 0.05858778953552246
7828: Sampled 13 with 167 - sampling time: 0.06688499450683594
7841: Sampled 9 with 22729 - sampling time: 0.08494925498962402
7829: Sampled 9 with 3898 - sampling time: 0.08705568313598633
7833: Sampled 11 with 11480 - sampling time: 0.05624675750732422
7838: Sampled 13 with 19169 - sampling time: 0.059882164001464844
7830: Sampled 8 with 7268 - sampling time: 0.09350156784057617
7828: Sampled 14 with 181 - sampling time: 0.06296372413635254
7834: Sampled 10 with 15027 - sampling time: 0.06462359428405762
7841: Sampled 10 with 22738 - sampling time: 0.08549165725708008
7833: Sampled 12 with 11487 - sampling time: 0.0580441951751709
7829: Sampled 10 with 3899 - sampling time: 0.09762096405029297
7838: Sampled 14 with 19174 - sampling time: 0.06514143943786621
7828: Sampled 15 with 185 - sampling time: 0.056693315505981445
7834: Sampled 11 with 15125 - sampling time: 0.07258486747741699
7833: Sampled 13 with 11493 - sampling time: 0.04940199851989746
7830: Sampled 9 with 7278 - sampling time: 0.09747481346130371
7833: Sampled 14 with 11551 - sampling time: 0.017882585525512695
7841: Sampled 11 with 22801 - sampling time: 0.07979106903076172
7838: Sampled 15 with 19181 - sampling time: 0.05742239952087402
7828: Sampled 16 with 221 - sampling time: 0.0624547004699707
7829: Sampled 11 with 3963 - sampling time: 0.07897233963012695
7833: Sampled 15 with 11573 - sampling time: 0.034821271896362305
7834: Sampled 12 with 15140 - sampling time: 0.0677342414855957
7833: Sampled 16 with 11594 - sampling time: 0.035196542739868164
7838: Sampled 16 with 19203 - sampling time: 0.06323671340942383
7830: Sampled 10 with 7301 - sampling time: 0.09395098686218262
7841: Sampled 12 with 22814 - sampling time: 0.08456707000732422
7828: Sampled 17 with 273 - sampling time: 0.07254672050476074
7833: Sampled 17 with 11595 - sampling time: 0.030913352966308594
7834: Sampled 13 with 15170 - sampling time: 0.0648658275604248
7829: Sampled 12 with 4045 - sampling time: 0.08742785453796387
7838: Sampled 17 with 19243 - sampling time: 0.07245135307312012
7833: Sampled 18 with 11633 - sampling time: 0.057646751403808594
7828: Sampled 18 with 279 - sampling time: 0.07236981391906738
7841: Sampled 13 with 22829 - sampling time: 0.08411550521850586
7829: Sampled 13 with 4088 - sampling time: 0.07168364524841309
7830: Sampled 11 with 7339 - sampling time: 0.10044407844543457
7834: Sampled 14 with 15221 - sampling time: 0.08184003829956055
7838: Sampled 18 with 19297 - sampling time: 0.06578421592712402
7833: Sampled 19 with 11661 - sampling time: 0.0583653450012207
7828: Sampled 19 with 340 - sampling time: 0.06598448753356934
7834: Sampled 15 with 15227 - sampling time: 0.07176446914672852
7829: Sampled 14 with 4094 - sampling time: 0.08115577697753906
7841: Sampled 14 with 22830 - sampling time: 0.0885624885559082
7833: Sampled 20 with 11665 - sampling time: 0.06159234046936035
7838: Sampled 19 with 19308 - sampling time: 0.08049535751342773
7830: Sampled 12 with 7348 - sampling time: 0.10478878021240234
7828: Sampled 20 with 364 - sampling time: 0.07717156410217285
7833: Sampled 21 with 11704 - sampling time: 0.037490129470825195
7834: Sampled 16 with 15255 - sampling time: 0.06870198249816895
7829: Sampled 15 with 4118 - sampling time: 0.07001900672912598
7841: Sampled 15 with 22843 - sampling time: 0.08209896087646484
7833: Sampled 22 with 11745 - sampling time: 0.03541278839111328
7838: Sampled 20 with 19326 - sampling time: 0.07236123085021973
7828: Sampled 21 with 385 - sampling time: 0.06583285331726074
7833: Sampled 23 with 11748 - sampling time: 0.0331273078918457
7830: Sampled 13 with 7386 - sampling time: 0.10438680648803711
7834: Sampled 17 with 15256 - sampling time: 0.06928443908691406
7829: Sampled 16 with 4140 - sampling time: 0.06962823867797852
7833: Sampled 24 with 11758 - sampling time: 0.029012441635131836
7841: Sampled 16 with 22876 - sampling time: 0.08551692962646484
7838: Sampled 21 with 19330 - sampling time: 0.07508230209350586
7828: Sampled 22 with 390 - sampling time: 0.07046890258789062
7829: Sampled 17 with 4186 - sampling time: 0.0691843032836914
7834: Sampled 18 with 15269 - sampling time: 0.07102799415588379
7833: Sampled 25 with 11826 - sampling time: 0.06483268737792969
7833: Sampled 26 with 11923 - sampling time: 0.015894412994384766
7838: Sampled 22 with 19364 - sampling time: 0.060385704040527344
7830: Sampled 14 with 7425 - sampling time: 0.10469365119934082
7841: Sampled 17 with 22967 - sampling time: 0.06766867637634277
7828: Sampled 23 with 399 - sampling time: 0.06327986717224121
7833: Sampled 27 with 11938 - sampling time: 0.015039682388305664
7833: Sampled 28 with 11943 - sampling time: 0.016641616821289062
7829: Sampled 18 with 4194 - sampling time: 0.07267212867736816
7833: Sampled 29 with 11969 - sampling time: 0.02030014991760254
7838: Sampled 23 with 19365 - sampling time: 0.05432605743408203
7834: Sampled 19 with 15283 - sampling time: 0.08188724517822266
7833: Sampled 30 with 11970 - sampling time: 0.01283121109008789
7828: Sampled 24 with 413 - sampling time: 0.05800437927246094
7841: Sampled 18 with 22970 - sampling time: 0.0746607780456543
7833: Sampled 31 with 12001 - sampling time: 0.01876091957092285
7833: Sampled 32 with 12029 - sampling time: 0.016483545303344727
7838: Sampled 24 with 19372 - sampling time: 0.05556058883666992
7833: Sampled 33 with 12051 - sampling time: 0.02081894874572754
7830: Sampled 15 with 7545 - sampling time: 0.11792659759521484
7829: Sampled 19 with 4207 - sampling time: 0.08295154571533203
7828: Sampled 25 with 419 - sampling time: 0.06451416015625
7833: Sampled 34 with 12059 - sampling time: 0.016531705856323242
7834: Sampled 20 with 15303 - sampling time: 0.08587837219238281
7833: Sampled 35 with 12076 - sampling time: 0.012582063674926758
7841: Sampled 19 with 22996 - sampling time: 0.09114265441894531
7838: Sampled 25 with 19408 - sampling time: 0.06150245666503906
7828: Sampled 26 with 464 - sampling time: 0.05744600296020508
7833: Sampled 36 with 12221 - sampling time: 0.05474424362182617
7829: Sampled 20 with 4227 - sampling time: 0.08642816543579102
7838: Sampled 26 with 19469 - sampling time: 0.05865478515625
7834: Sampled 21 with 15339 - sampling time: 0.08915948867797852
7830: Sampled 16 with 7573 - sampling time: 0.12315654754638672
7828: Sampled 27 with 497 - sampling time: 0.06569766998291016
7841: Sampled 20 with 23007 - sampling time: 0.09072709083557129
7833: Sampled 37 with 12233 - sampling time: 0.05759453773498535
7838: Sampled 27 with 19532 - sampling time: 0.05738472938537598
7829: Sampled 21 with 4253 - sampling time: 0.08995914459228516
7833: Sampled 38 with 12264 - sampling time: 0.057810068130493164
7834: Sampled 22 with 15346 - sampling time: 0.08990931510925293
7828: Sampled 28 with 525 - sampling time: 0.06813383102416992
7841: Sampled 21 with 23056 - sampling time: 0.07454824447631836
7838: Sampled 28 with 19541 - sampling time: 0.05931425094604492
7830: Sampled 17 with 7603 - sampling time: 0.11428332328796387
7833: Sampled 39 with 12300 - sampling time: 0.052309513092041016
7829: Sampled 22 with 4293 - sampling time: 0.08254837989807129
7828: Sampled 29 with 534 - sampling time: 0.07364702224731445
7834: Sampled 23 with 15365 - sampling time: 0.0858144760131836
7841: Sampled 22 with 23060 - sampling time: 0.07490396499633789
7838: Sampled 29 with 19564 - sampling time: 0.06742072105407715
7833: Sampled 40 with 12312 - sampling time: 0.06498885154724121
7830: Sampled 18 with 7618 - sampling time: 0.1140751838684082
7828: Sampled 30 with 586 - sampling time: 0.07189345359802246
7829: Sampled 23 with 4302 - sampling time: 0.08641910552978516
7838: Sampled 30 with 19581 - sampling time: 0.06635427474975586
7841: Sampled 23 with 23092 - sampling time: 0.07486462593078613
7834: Sampled 24 with 15368 - sampling time: 0.08209991455078125
7833: Sampled 41 with 12352 - sampling time: 0.07366800308227539
7838: Sampled 31 with 19625 - sampling time: 0.07282614707946777
7828: Sampled 31 with 648 - sampling time: 0.08560490608215332
7841: Sampled 24 with 23111 - sampling time: 0.07456254959106445
7829: Sampled 24 with 4305 - sampling time: 0.08298802375793457
7834: Sampled 25 with 15376 - sampling time: 0.07968759536743164
7833: Sampled 42 with 12391 - sampling time: 0.07139945030212402
7830: Sampled 19 with 7624 - sampling time: 0.12271714210510254
7838: Sampled 32 with 19639 - sampling time: 0.07492589950561523
7841: Sampled 25 with 23162 - sampling time: 0.07189488410949707
7828: Sampled 32 with 677 - sampling time: 0.08293628692626953
7833: Sampled 43 with 12395 - sampling time: 0.06917071342468262
7829: Sampled 25 with 4348 - sampling time: 0.0917351245880127
7834: Sampled 26 with 15397 - sampling time: 0.0931398868560791
7838: Sampled 33 with 19644 - sampling time: 0.0790097713470459
7841: Sampled 26 with 23184 - sampling time: 0.08785200119018555
7830: Sampled 20 with 7645 - sampling time: 0.13145685195922852
7828: Sampled 33 with 689 - sampling time: 0.08628273010253906
7833: Sampled 44 with 12408 - sampling time: 0.07743287086486816
7829: Sampled 26 with 4352 - sampling time: 0.09414052963256836
7834: Sampled 27 with 15440 - sampling time: 0.08979249000549316
7838: Sampled 34 with 19655 - sampling time: 0.07868623733520508
7833: Sampled 45 with 12424 - sampling time: 0.07563257217407227
7828: Sampled 34 with 722 - sampling time: 0.08124351501464844
7841: Sampled 27 with 23188 - sampling time: 0.0972130298614502
7834: Sampled 28 with 15444 - sampling time: 0.09174561500549316
7830: Sampled 21 with 7674 - sampling time: 0.11994266510009766
7829: Sampled 27 with 4360 - sampling time: 0.10210251808166504
7838: Sampled 35 with 19657 - sampling time: 0.07146000862121582
7833: Sampled 46 with 12432 - sampling time: 0.08374810218811035
7828: Sampled 35 with 744 - sampling time: 0.08696484565734863
7841: Sampled 28 with 23198 - sampling time: 0.08562660217285156
7838: Sampled 36 with 19677 - sampling time: 0.07580113410949707
7829: Sampled 28 with 4368 - sampling time: 0.09015274047851562
7834: Sampled 29 with 15522 - sampling time: 0.09779047966003418
7830: Sampled 22 with 7731 - sampling time: 0.11937522888183594
7828: Sampled 36 with 749 - sampling time: 0.07963895797729492
7833: Sampled 47 with 12544 - sampling time: 0.08873105049133301
7829: Sampled 29 with 4465 - sampling time: 0.045684814453125
7841: Sampled 29 with 23238 - sampling time: 0.08893227577209473
7838: Sampled 37 with 19684 - sampling time: 0.07601785659790039
7829: Sampled 30 with 4471 - sampling time: 0.0460202693939209
7834: Sampled 30 with 15583 - sampling time: 0.10289525985717773
7833: Sampled 48 with 12550 - sampling time: 0.07877421379089355
7828: Sampled 37 with 758 - sampling time: 0.08201217651367188
7830: Sampled 23 with 7758 - sampling time: 0.10129213333129883
7841: Sampled 30 with 23257 - sampling time: 0.09089922904968262
7829: Sampled 31 with 4484 - sampling time: 0.05202937126159668
7838: Sampled 38 with 19703 - sampling time: 0.07521915435791016
7829: Sampled 32 with 4503 - sampling time: 0.055184364318847656
7828: Sampled 38 with 762 - sampling time: 0.0799860954284668
7833: Sampled 49 with 12572 - sampling time: 0.09209179878234863
7830: Sampled 24 with 7811 - sampling time: 0.08364129066467285
7834: Sampled 31 with 15591 - sampling time: 0.108978271484375
7838: Sampled 39 with 19712 - sampling time: 0.07694125175476074
7841: Sampled 31 with 23292 - sampling time: 0.09233331680297852
7828: Sampled 39 with 793 - sampling time: 0.050543785095214844
7829: Sampled 33 with 4539 - sampling time: 0.062256813049316406
7833: Sampled 50 with 12581 - sampling time: 0.09386014938354492
7838: Sampled 40 with 19747 - sampling time: 0.07993936538696289
7828: Sampled 40 with 891 - sampling time: 0.05835103988647461
7830: Sampled 25 with 7818 - sampling time: 0.09543848037719727
7834: Sampled 32 with 15609 - sampling time: 0.0996861457824707
7829: Sampled 34 with 4554 - sampling time: 0.05874371528625488
7841: Sampled 32 with 23311 - sampling time: 0.0953226089477539
7828: Sampled 41 with 909 - sampling time: 0.060604095458984375
7838: Sampled 41 with 19756 - sampling time: 0.07057905197143555
7833: Sampled 51 with 12588 - sampling time: 0.0834498405456543
7829: Sampled 35 with 4628 - sampling time: 0.07976603507995605
7830: Sampled 26 with 7877 - sampling time: 0.10146832466125488
7834: Sampled 33 with 15642 - sampling time: 0.09459280967712402
7828: Sampled 42 with 933 - sampling time: 0.05369734764099121
7841: Sampled 33 with 23323 - sampling time: 0.10253715515136719
7838: Sampled 42 with 19776 - sampling time: 0.07583737373352051
7828: Sampled 43 with 941 - sampling time: 0.052779436111450195
7833: Sampled 52 with 12614 - sampling time: 0.09311199188232422
7829: Sampled 36 with 4658 - sampling time: 0.08488273620605469
7830: Sampled 27 with 7887 - sampling time: 0.09669780731201172
7838: Sampled 43 with 19798 - sampling time: 0.07243847846984863
7841: Sampled 34 with 23327 - sampling time: 0.09338784217834473
7828: Sampled 44 with 973 - sampling time: 0.05224204063415527
7834: Sampled 34 with 15711 - sampling time: 0.12049102783203125
7829: Sampled 37 with 4674 - sampling time: 0.07305669784545898
7833: Sampled 53 with 12624 - sampling time: 0.08783912658691406
7828: Sampled 45 with 1031 - sampling time: 0.05158114433288574
7830: Sampled 28 with 7980 - sampling time: 0.09364795684814453
7838: Sampled 44 with 19865 - sampling time: 0.07993745803833008
7841: Sampled 35 with 23367 - sampling time: 0.10231328010559082
7828: Sampled 46 with 1106 - sampling time: 0.05587959289550781
7829: Sampled 38 with 4685 - sampling time: 0.07923746109008789
7834: Sampled 35 with 15720 - sampling time: 0.11212325096130371
7833: Sampled 54 with 12627 - sampling time: 0.10184288024902344
7838: Sampled 45 with 19874 - sampling time: 0.08559441566467285
7828: Sampled 47 with 1109 - sampling time: 0.054488182067871094
7829: Sampled 39 with 4715 - sampling time: 0.06873750686645508
7830: Sampled 29 with 7999 - sampling time: 0.10596919059753418
7841: Sampled 36 with 23369 - sampling time: 0.09331750869750977
7828: Sampled 48 with 1122 - sampling time: 0.0475461483001709
7833: Sampled 55 with 12632 - sampling time: 0.08956217765808105
7834: Sampled 36 with 15728 - sampling time: 0.12851762771606445
7829: Sampled 40 with 4725 - sampling time: 0.07737183570861816
7838: Sampled 46 with 19891 - sampling time: 0.09383201599121094
7828: Sampled 49 with 1126 - sampling time: 0.05410265922546387
7830: Sampled 30 with 8004 - sampling time: 0.10324645042419434
7841: Sampled 37 with 23413 - sampling time: 0.09463882446289062
7828: Sampled 50 with 1182 - sampling time: 0.04520916938781738
7833: Sampled 56 with 12652 - sampling time: 0.09131622314453125
7829: Sampled 41 with 4726 - sampling time: 0.07857203483581543
7838: Sampled 47 with 19907 - sampling time: 0.08255958557128906
7834: Sampled 37 with 15732 - sampling time: 0.10243105888366699
7841: Sampled 38 with 23477 - sampling time: 0.05788469314575195
7828: Sampled 51 with 1212 - sampling time: 0.05067706108093262
7830: Sampled 31 with 8005 - sampling time: 0.0927574634552002
7829: Sampled 42 with 4729 - sampling time: 0.06774163246154785
7841: Sampled 39 with 23481 - sampling time: 0.05956411361694336
7828: Sampled 52 with 1225 - sampling time: 0.049735307693481445
7833: Sampled 57 with 12660 - sampling time: 0.09543323516845703
7838: Sampled 48 with 19917 - sampling time: 0.08578968048095703
7830: Sampled 32 with 8060 - sampling time: 0.08763837814331055
7828: Sampled 53 with 1295 - sampling time: 0.055646419525146484
7834: Sampled 38 with 15743 - sampling time: 0.12228941917419434
7841: Sampled 40 with 23491 - sampling time: 0.062059879302978516
7829: Sampled 43 with 4743 - sampling time: 0.07878255844116211
7838: Sampled 49 with 19933 - sampling time: 0.0864560604095459
7833: Sampled 58 with 12675 - sampling time: 0.09476280212402344
7828: Sampled 54 with 1321 - sampling time: 0.055950164794921875
7841: Sampled 41 with 23515 - sampling time: 0.06126093864440918
7829: Sampled 44 with 4747 - sampling time: 0.0696713924407959
7830: Sampled 33 with 8062 - sampling time: 0.09438037872314453
7828: Sampled 55 with 1360 - sampling time: 0.055191755294799805
7841: Sampled 42 with 23521 - sampling time: 0.06295633316040039
7833: Sampled 59 with 12687 - sampling time: 0.08435893058776855
7838: Sampled 50 with 19959 - sampling time: 0.08743906021118164
7834: Sampled 39 with 15748 - sampling time: 0.13350462913513184
7829: Sampled 45 with 4773 - sampling time: 0.07057690620422363
7828: Sampled 56 with 1387 - sampling time: 0.06625199317932129
7830: Sampled 34 with 8137 - sampling time: 0.09795379638671875
7841: Sampled 43 with 23660 - sampling time: 0.06742978096008301
7838: Sampled 51 with 19982 - sampling time: 0.08639311790466309
7829: Sampled 46 with 4821 - sampling time: 0.06910061836242676
7833: Sampled 60 with 12718 - sampling time: 0.09925651550292969
7828: Sampled 57 with 1394 - sampling time: 0.06105327606201172
7834: Sampled 40 with 15756 - sampling time: 0.11137843132019043
7841: Sampled 44 with 23664 - sampling time: 0.06707072257995605
7829: Sampled 47 with 4878 - sampling time: 0.06363439559936523
7830: Sampled 35 with 8178 - sampling time: 0.10922765731811523
7838: Sampled 52 with 19983 - sampling time: 0.08579444885253906
7828: Sampled 58 with 1470 - sampling time: 0.07290482521057129
7833: Sampled 61 with 12751 - sampling time: 0.09874796867370605
7841: Sampled 45 with 23704 - sampling time: 0.07402372360229492
7829: Sampled 48 with 4911 - sampling time: 0.06184840202331543
7834: Sampled 41 with 15766 - sampling time: 0.10814070701599121
7828: Sampled 59 with 1490 - sampling time: 0.07053470611572266
7838: Sampled 53 with 20039 - sampling time: 0.0852499008178711
7830: Sampled 36 with 8192 - sampling time: 0.1019134521484375
7841: Sampled 46 with 23740 - sampling time: 0.0790243148803711
7829: Sampled 49 with 4928 - sampling time: 0.06856751441955566
7833: Sampled 62 with 12768 - sampling time: 0.10646224021911621
7828: Sampled 60 with 1571 - sampling time: 0.09390544891357422
7834: Sampled 42 with 15772 - sampling time: 0.12553763389587402
7838: Sampled 54 with 20077 - sampling time: 0.09344244003295898
7829: Sampled 50 with 4932 - sampling time: 0.07260346412658691
7830: Sampled 37 with 8207 - sampling time: 0.09251737594604492
7841: Sampled 47 with 23750 - sampling time: 0.09372711181640625
7833: Sampled 63 with 12777 - sampling time: 0.12105321884155273
7829: Sampled 51 with 4941 - sampling time: 0.10322976112365723
7838: Sampled 55 with 20092 - sampling time: 0.1232750415802002
7828: Sampled 61 with 1577 - sampling time: 0.13652491569519043
7834: Sampled 43 with 15796 - sampling time: 0.13701438903808594
7841: Sampled 48 with 23753 - sampling time: 0.12595725059509277
7830: Sampled 38 with 8216 - sampling time: 0.14714288711547852
7828: Sampled 62 with 1669 - sampling time: 0.0966646671295166
7833: Sampled 64 with 12841 - sampling time: 0.15273284912109375
7829: Sampled 52 with 4944 - sampling time: 0.1185910701751709
7838: Sampled 56 with 20149 - sampling time: 0.11188793182373047
7834: Sampled 44 with 15897 - sampling time: 0.1307666301727295
7841: Sampled 49 with 23762 - sampling time: 0.1168222427368164
7830: Sampled 39 with 8217 - sampling time: 0.1329047679901123
7828: Sampled 63 with 1677 - sampling time: 0.09366631507873535
7829: Sampled 53 with 4978 - sampling time: 0.11489272117614746
7833: Sampled 65 with 12862 - sampling time: 0.1437232494354248
7838: Sampled 57 with 20188 - sampling time: 0.13887524604797363
7841: Sampled 50 with 23771 - sampling time: 0.12795233726501465
7828: Sampled 64 with 1684 - sampling time: 0.07871079444885254
7834: Sampled 45 with 16047 - sampling time: 0.14377450942993164
7830: Sampled 40 with 8256 - sampling time: 0.13496875762939453
7829: Sampled 54 with 5016 - sampling time: 0.10394787788391113
7828: Sampled 65 with 1694 - sampling time: 0.06378674507141113
7838: Sampled 58 with 20189 - sampling time: 0.10872220993041992
7841: Sampled 51 with 23809 - sampling time: 0.0917513370513916
7833: Sampled 66 with 12869 - sampling time: 0.13194608688354492
7828: Sampled 66 with 1696 - sampling time: 0.06418561935424805
7830: Sampled 41 with 8283 - sampling time: 0.10633444786071777
7829: Sampled 55 with 5020 - sampling time: 0.08994579315185547
7841: Sampled 52 with 23860 - sampling time: 0.05608963966369629
7834: Sampled 46 with 16073 - sampling time: 0.140486478805542
7838: Sampled 59 with 20205 - sampling time: 0.09877610206604004
7828: Sampled 67 with 1698 - sampling time: 0.06859874725341797
7841: Sampled 53 with 23939 - sampling time: 0.05100131034851074
7833: Sampled 67 with 12930 - sampling time: 0.12012124061584473
7829: Sampled 56 with 5022 - sampling time: 0.08534646034240723
7830: Sampled 42 with 8335 - sampling time: 0.10823321342468262
7841: Sampled 54 with 23944 - sampling time: 0.05343031883239746
7838: Sampled 60 with 20226 - sampling time: 0.06840014457702637
7828: Sampled 68 with 1713 - sampling time: 0.06620073318481445
7834: Sampled 47 with 16140 - sampling time: 0.1165320873260498
7841: Sampled 55 with 23961 - sampling time: 0.05081534385681152
7829: Sampled 57 with 5027 - sampling time: 0.08312010765075684
7833: Sampled 68 with 12986 - sampling time: 0.10076117515563965
7828: Sampled 69 with 1741 - sampling time: 0.06364202499389648
7838: Sampled 61 with 20277 - sampling time: 0.07444047927856445
7830: Sampled 43 with 8340 - sampling time: 0.10493803024291992
7841: Sampled 56 with 23976 - sampling time: 0.05206608772277832
7828: Sampled 70 with 1756 - sampling time: 0.06645393371582031
7829: Sampled 58 with 5070 - sampling time: 0.08600759506225586
7838: Sampled 62 with 20281 - sampling time: 0.06825900077819824
7834: Sampled 48 with 16143 - sampling time: 0.13325858116149902
7841: Sampled 57 with 24020 - sampling time: 0.05263566970825195
7833: Sampled 69 with 13014 - sampling time: 0.10021185874938965
7830: Sampled 44 with 8345 - sampling time: 0.097747802734375
7828: Sampled 71 with 1765 - sampling time: 0.0533754825592041
7838: Sampled 63 with 20284 - sampling time: 0.07473969459533691
7841: Sampled 58 with 24029 - sampling time: 0.06613779067993164
7829: Sampled 59 with 5086 - sampling time: 0.08374309539794922
7828: Sampled 72 with 1800 - sampling time: 0.06404590606689453
7834: Sampled 49 with 16168 - sampling time: 0.12030243873596191
7833: Sampled 70 with 13036 - sampling time: 0.1037588119506836
7841: Sampled 59 with 24043 - sampling time: 0.060150861740112305
7830: Sampled 45 with 8357 - sampling time: 0.09566783905029297
7838: Sampled 64 with 20286 - sampling time: 0.0778205394744873
7829: Sampled 60 with 5091 - sampling time: 0.08750343322753906
7828: Sampled 73 with 1819 - sampling time: 0.0734553337097168
7841: Sampled 60 with 24053 - sampling time: 0.056429147720336914
7834: Sampled 50 with 16235 - sampling time: 0.09501075744628906
7838: Sampled 65 with 20308 - sampling time: 0.07825946807861328
7833: Sampled 71 with 13055 - sampling time: 0.10631275177001953
7830: Sampled 46 with 8426 - sampling time: 0.0959935188293457
7841: Sampled 61 with 24072 - sampling time: 0.056569576263427734
7829: Sampled 61 with 5101 - sampling time: 0.0875856876373291
7828: Sampled 74 with 1840 - sampling time: 0.0752420425415039
7838: Sampled 66 with 20377 - sampling time: 0.07935166358947754
7841: Sampled 62 with 24081 - sampling time: 0.06632113456726074
7834: Sampled 51 with 16249 - sampling time: 0.09826850891113281
7830: Sampled 47 with 8431 - sampling time: 0.0922555923461914
7828: Sampled 75 with 1868 - sampling time: 0.0701134204864502
7833: Sampled 72 with 13085 - sampling time: 0.10329461097717285
7829: Sampled 62 with 5104 - sampling time: 0.09010863304138184
7841: Sampled 63 with 24115 - sampling time: 0.055663108825683594
7838: Sampled 67 with 20433 - sampling time: 0.09139895439147949
7828: Sampled 76 with 1892 - sampling time: 0.07575774192810059
7834: Sampled 52 with 16316 - sampling time: 0.10185623168945312
7829: Sampled 63 with 5111 - sampling time: 0.0816044807434082
7841: Sampled 64 with 24127 - sampling time: 0.06105327606201172
7830: Sampled 48 with 8502 - sampling time: 0.10531473159790039
7833: Sampled 73 with 13100 - sampling time: 0.11660146713256836
7841: Sampled 65 with 24146 - sampling time: 0.05690717697143555
7828: Sampled 77 with 1952 - sampling time: 0.09105610847473145
7838: Sampled 68 with 20479 - sampling time: 0.1012578010559082
7829: Sampled 64 with 5160 - sampling time: 0.08646845817565918
7834: Sampled 53 with 16318 - sampling time: 0.10362482070922852
7830: Sampled 49 with 8514 - sampling time: 0.09399151802062988
7841: Sampled 66 with 24151 - sampling time: 0.05088090896606445
7833: Sampled 74 with 13125 - sampling time: 0.11555695533752441
7830: Sampled 50 with 8542 - sampling time: 0.04683184623718262
7841: Sampled 67 with 24192 - sampling time: 0.0566859245300293
7828: Sampled 78 with 1967 - sampling time: 0.0977475643157959
7838: Sampled 69 with 20498 - sampling time: 0.10148859024047852
7829: Sampled 65 with 5201 - sampling time: 0.08752012252807617
7830: Sampled 51 with 8547 - sampling time: 0.0446629524230957
7834: Sampled 54 with 16319 - sampling time: 0.09943389892578125
7841: Sampled 68 with 24196 - sampling time: 0.05989360809326172
7828: Sampled 79 with 2014 - sampling time: 0.07989048957824707
7830: Sampled 52 with 8561 - sampling time: 0.060785770416259766
7833: Sampled 75 with 13142 - sampling time: 0.11283254623413086
7829: Sampled 66 with 5220 - sampling time: 0.08947253227233887
7838: Sampled 70 with 20521 - sampling time: 0.09497380256652832
7841: Sampled 69 with 24246 - sampling time: 0.07004284858703613
7834: Sampled 55 with 16371 - sampling time: 0.10675454139709473
7830: Sampled 53 with 8574 - sampling time: 0.05870318412780762
7829: Sampled 67 with 5245 - sampling time: 0.057810306549072266
7828: Sampled 80 with 2035 - sampling time: 0.08306622505187988
7841: Sampled 70 with 24258 - sampling time: 0.061263084411621094
7838: Sampled 71 with 20532 - sampling time: 0.09925341606140137
7833: Sampled 76 with 13178 - sampling time: 0.11407923698425293
7829: Sampled 68 with 5250 - sampling time: 0.0633535385131836
7830: Sampled 54 with 8580 - sampling time: 0.07218074798583984
7834: Sampled 56 with 16388 - sampling time: 0.09243178367614746
7828: Sampled 81 with 2043 - sampling time: 0.07972884178161621
7838: Sampled 72 with 20593 - sampling time: 0.04316902160644531
7841: Sampled 71 with 24267 - sampling time: 0.06661438941955566
7829: Sampled 69 with 5252 - sampling time: 0.054108619689941406
7838: Sampled 73 with 20598 - sampling time: 0.045740604400634766
7830: Sampled 55 with 8603 - sampling time: 0.08136963844299316
7828: Sampled 82 with 2106 - sampling time: 0.060843467712402344
7841: Sampled 72 with 24354 - sampling time: 0.05967593193054199
7834: Sampled 57 with 16400 - sampling time: 0.09539413452148438
7833: Sampled 77 with 13185 - sampling time: 0.1231391429901123
7829: Sampled 70 with 5269 - sampling time: 0.056595802307128906
7838: Sampled 74 with 20642 - sampling time: 0.058283090591430664
7828: Sampled 83 with 2108 - sampling time: 0.059664011001586914
7830: Sampled 56 with 8655 - sampling time: 0.06538939476013184
7841: Sampled 73 with 24374 - sampling time: 0.056748390197753906
7829: Sampled 71 with 5272 - sampling time: 0.05975699424743652
7838: Sampled 75 with 20661 - sampling time: 0.06669998168945312
7834: Sampled 58 with 16419 - sampling time: 0.09418702125549316
7828: Sampled 84 with 2148 - sampling time: 0.05691647529602051
7830: Sampled 57 with 8681 - sampling time: 0.06666064262390137
7841: Sampled 74 with 24418 - sampling time: 0.05690741539001465
7829: Sampled 72 with 5278 - sampling time: 0.05296158790588379
7833: Sampled 78 with 13203 - sampling time: 0.11591672897338867
7838: Sampled 76 with 20712 - sampling time: 0.06139421463012695
7828: Sampled 85 with 2156 - sampling time: 0.06314468383789062
7830: Sampled 58 with 8722 - sampling time: 0.06220507621765137
7841: Sampled 75 with 24433 - sampling time: 0.06232643127441406
7829: Sampled 73 with 5295 - sampling time: 0.05505681037902832
7834: Sampled 59 with 16500 - sampling time: 0.09554767608642578
7838: Sampled 77 with 20733 - sampling time: 0.062117576599121094
7828: Sampled 86 with 2160 - sampling time: 0.0610659122467041
7829: Sampled 74 with 5301 - sampling time: 0.05077838897705078
7841: Sampled 76 with 24479 - sampling time: 0.060082435607910156
7833: Sampled 79 with 13215 - sampling time: 0.11373662948608398
7830: Sampled 59 with 8758 - sampling time: 0.07563591003417969
7829: Sampled 75 with 5354 - sampling time: 0.056812286376953125
7828: Sampled 87 with 2167 - sampling time: 0.06113934516906738
7838: Sampled 78 with 20779 - sampling time: 0.07062649726867676
7841: Sampled 77 with 24490 - sampling time: 0.05647754669189453
7834: Sampled 60 with 16513 - sampling time: 0.09953784942626953
7830: Sampled 60 with 8760 - sampling time: 0.06770777702331543
7829: Sampled 76 with 5375 - sampling time: 0.05924081802368164
7828: Sampled 88 with 2193 - sampling time: 0.057114362716674805
7841: Sampled 78 with 24552 - sampling time: 0.05768013000488281
7833: Sampled 80 with 13230 - sampling time: 0.12083172798156738
7838: Sampled 79 with 20843 - sampling time: 0.08204483985900879
7830: Sampled 61 with 8833 - sampling time: 0.06898355484008789
7834: Sampled 61 with 16558 - sampling time: 0.0977165699005127
7828: Sampled 89 with 2245 - sampling time: 0.05263876914978027
7841: Sampled 79 with 24601 - sampling time: 0.049582719802856445
7829: Sampled 77 with 5376 - sampling time: 0.055501699447631836
7838: Sampled 80 with 20853 - sampling time: 0.06693577766418457
7828: Sampled 90 with 2257 - sampling time: 0.051030874252319336
7841: Sampled 80 with 24708 - sampling time: 0.0495913028717041
7829: Sampled 78 with 5445 - sampling time: 0.05616569519042969
7830: Sampled 62 with 8882 - sampling time: 0.0925605297088623
7841: Sampled 81 with 24741 - sampling time: 0.045469045639038086
7833: Sampled 81 with 13273 - sampling time: 0.13524150848388672
7828: Sampled 91 with 2306 - sampling time: 0.059105634689331055
7834: Sampled 62 with 16594 - sampling time: 0.11733341217041016
7838: Sampled 81 with 20864 - sampling time: 0.07424306869506836
7829: Sampled 79 with 5452 - sampling time: 0.06045985221862793
7841: Sampled 82 with 24759 - sampling time: 0.057213783264160156
7830: Sampled 63 with 8902 - sampling time: 0.08651566505432129
7828: Sampled 92 with 2346 - sampling time: 0.0610349178314209
7829: Sampled 80 with 5499 - sampling time: 0.05574965476989746
7838: Sampled 82 with 20890 - sampling time: 0.06998252868652344
7841: Sampled 83 with 24762 - sampling time: 0.06696438789367676
7834: Sampled 63 with 16601 - sampling time: 0.11109089851379395
7828: Sampled 93 with 2393 - sampling time: 0.05437135696411133
7833: Sampled 82 with 13283 - sampling time: 0.12931299209594727
7829: Sampled 81 with 5526 - sampling time: 0.06224465370178223
7830: Sampled 64 with 8958 - sampling time: 0.08738946914672852
7838: Sampled 83 with 20976 - sampling time: 0.09191274642944336
7841: Sampled 84 with 24771 - sampling time: 0.05819225311279297
7828: Sampled 94 with 2473 - sampling time: 0.05848073959350586
7829: Sampled 82 with 5533 - sampling time: 0.05695199966430664
7834: Sampled 64 with 16640 - sampling time: 0.1036372184753418
7833: Sampled 83 with 13430 - sampling time: 0.10288786888122559
7830: Sampled 65 with 8992 - sampling time: 0.08234381675720215
7841: Sampled 85 with 24794 - sampling time: 0.06063032150268555
7828: Sampled 95 with 2503 - sampling time: 0.05615377426147461
7829: Sampled 83 with 5540 - sampling time: 0.050707340240478516
7838: Sampled 84 with 20977 - sampling time: 0.0785672664642334
7828: Sampled 96 with 2505 - sampling time: 0.05176663398742676
7841: Sampled 86 with 24847 - sampling time: 0.059082984924316406
7829: Sampled 84 with 5543 - sampling time: 0.0571751594543457
7830: Sampled 66 with 8993 - sampling time: 0.0816338062286377
7833: Sampled 84 with 13502 - sampling time: 0.09611678123474121
7834: Sampled 65 with 16744 - sampling time: 0.11015033721923828
7838: Sampled 85 with 21019 - sampling time: 0.08903074264526367
7828: Sampled 97 with 2514 - sampling time: 0.05365777015686035
7829: Sampled 85 with 5595 - sampling time: 0.060118675231933594
7841: Sampled 87 with 24851 - sampling time: 0.06357717514038086
7829: Sampled 86 with 5678 - sampling time: 0.015812158584594727
7828: Sampled 98 with 2546 - sampling time: 0.05128812789916992
7838: Sampled 86 with 21085 - sampling time: 0.05502939224243164
7830: Sampled 67 with 9008 - sampling time: 0.09050703048706055
7841: Sampled 88 with 24858 - sampling time: 0.05708575248718262
7829: Sampled 87 with 5691 - sampling time: 0.04459691047668457
7833: Sampled 85 with 13532 - sampling time: 0.10258173942565918
7834: Sampled 66 with 16776 - sampling time: 0.09953546524047852
7828: Sampled 99 with 2549 - sampling time: 0.06117963790893555
7838: Sampled 87 with 21129 - sampling time: 0.05799245834350586
7829: Sampled 88 with 5718 - sampling time: 0.05137825012207031
7841: Sampled 89 with 24891 - sampling time: 0.07250070571899414
7830: Sampled 68 with 9012 - sampling time: 0.08924031257629395
7828: Sampled 100 with 2552 - sampling time: 0.053244590759277344
7838: Sampled 88 with 21152 - sampling time: 0.053205013275146484
7833: Sampled 86 with 13582 - sampling time: 0.1031808853149414
7829: Sampled 89 with 5733 - sampling time: 0.06092357635498047
7841: Sampled 90 with 24908 - sampling time: 0.0713038444519043
7834: Sampled 67 with 16794 - sampling time: 0.12870407104492188
7828: Sampled 101 with 2555 - sampling time: 0.06073713302612305
7838: Sampled 89 with 21252 - sampling time: 0.06265974044799805
7830: Sampled 69 with 9031 - sampling time: 0.08544611930847168
7829: Sampled 90 with 5765 - sampling time: 0.06575560569763184
7833: Sampled 87 with 13629 - sampling time: 0.09177708625793457
7828: Sampled 102 with 2570 - sampling time: 0.060526132583618164
7838: Sampled 90 with 21275 - sampling time: 0.0623624324798584
7841: Sampled 91 with 24917 - sampling time: 0.0766294002532959
7830: Sampled 70 with 9064 - sampling time: 0.0828702449798584
7829: Sampled 91 with 5769 - sampling time: 0.07128691673278809
7834: Sampled 68 with 16801 - sampling time: 0.11291909217834473
7828: Sampled 103 with 2572 - sampling time: 0.06284904479980469
7838: Sampled 91 with 21293 - sampling time: 0.061208486557006836
7841: Sampled 92 with 24919 - sampling time: 0.07585740089416504
7833: Sampled 88 with 13630 - sampling time: 0.09354877471923828
7829: Sampled 92 with 5829 - sampling time: 0.05656099319458008
7828: Sampled 104 with 2576 - sampling time: 0.05141782760620117
7838: Sampled 92 with 21303 - sampling time: 0.05718708038330078
7830: Sampled 71 with 9085 - sampling time: 0.09239411354064941
7841: Sampled 93 with 25078 - sampling time: 0.05859231948852539
7829: Sampled 93 with 5864 - sampling time: 0.0651249885559082
7828: Sampled 105 with 2579 - sampling time: 0.05646634101867676
7833: Sampled 89 with 13650 - sampling time: 0.09045529365539551
7834: Sampled 69 with 16876 - sampling time: 0.13037705421447754
7838: Sampled 93 with 21315 - sampling time: 0.056056976318359375
7841: Sampled 94 with 25095 - sampling time: 0.061322689056396484
7830: Sampled 72 with 9110 - sampling time: 0.08555126190185547
7829: Sampled 94 with 5869 - sampling time: 0.05476570129394531
7828: Sampled 106 with 2622 - sampling time: 0.057950735092163086
7838: Sampled 94 with 21370 - sampling time: 0.06434750556945801
7833: Sampled 90 with 13656 - sampling time: 0.09648919105529785
7841: Sampled 95 with 25107 - sampling time: 0.07243609428405762
7829: Sampled 95 with 5891 - sampling time: 0.06365633010864258
7828: Sampled 107 with 2630 - sampling time: 0.05606842041015625
7838: Sampled 95 with 21376 - sampling time: 0.0551910400390625
7830: Sampled 73 with 9144 - sampling time: 0.08850312232971191
7834: Sampled 70 with 16900 - sampling time: 0.1350095272064209
7841: Sampled 96 with 25109 - sampling time: 0.0611577033996582
7829: Sampled 96 with 5892 - sampling time: 0.060760498046875
7828: Sampled 108 with 2649 - sampling time: 0.06026816368103027
7838: Sampled 96 with 21396 - sampling time: 0.05471086502075195
7833: Sampled 91 with 13658 - sampling time: 0.08784985542297363
7841: Sampled 97 with 25114 - sampling time: 0.05643606185913086
7828: Sampled 109 with 2653 - sampling time: 0.06137371063232422
7830: Sampled 74 with 9170 - sampling time: 0.10589599609375
7838: Sampled 97 with 21411 - sampling time: 0.057936668395996094
7829: Sampled 97 with 5924 - sampling time: 0.08738136291503906
7834: Sampled 71 with 16906 - sampling time: 0.12610864639282227
7841: Sampled 98 with 25166 - sampling time: 0.05936241149902344
7833: Sampled 92 with 13678 - sampling time: 0.09497714042663574
7828: Sampled 110 with 2663 - sampling time: 0.058797359466552734
7838: Sampled 98 with 21445 - sampling time: 0.05867457389831543
7830: Sampled 75 with 9176 - sampling time: 0.0886385440826416
7829: Sampled 98 with 5931 - sampling time: 0.07807111740112305
7841: Sampled 99 with 25188 - sampling time: 0.05779838562011719
7828: Sampled 111 with 2707 - sampling time: 0.050469398498535156
7838: Sampled 99 with 21478 - sampling time: 0.05514836311340332
7834: Sampled 72 with 16996 - sampling time: 0.09888792037963867
7833: Sampled 93 with 13690 - sampling time: 0.09823155403137207
7828: Sampled 112 with 2708 - sampling time: 0.05865168571472168
7841: Sampled 100 with 25224 - sampling time: 0.06394290924072266
7838: Sampled 100 with 21480 - sampling time: 0.0503387451171875
7829: Sampled 99 with 5952 - sampling time: 0.07233929634094238
7830: Sampled 76 with 9182 - sampling time: 0.10962557792663574
7828: Sampled 113 with 2793 - sampling time: 0.05103635787963867
7834: Sampled 73 with 17014 - sampling time: 0.09692740440368652
7838: Sampled 101 with 21499 - sampling time: 0.059801340103149414
7829: Sampled 100 with 5970 - sampling time: 0.06611919403076172
7841: Sampled 101 with 25276 - sampling time: 0.07491707801818848
7833: Sampled 94 with 13711 - sampling time: 0.1008768081665039
7828: Sampled 114 with 2895 - sampling time: 0.04855465888977051
7838: Sampled 102 with 21523 - sampling time: 0.05395102500915527
7830: Sampled 77 with 9205 - sampling time: 0.10598206520080566
7828: Sampled 115 with 2919 - sampling time: 0.04352545738220215
7829: Sampled 101 with 5994 - sampling time: 0.07424402236938477
7841: Sampled 102 with 25319 - sampling time: 0.08176898956298828
7834: Sampled 74 with 17051 - sampling time: 0.10143065452575684
7838: Sampled 103 with 21554 - sampling time: 0.05334281921386719
7833: Sampled 95 with 13719 - sampling time: 0.09834504127502441
7828: Sampled 116 with 2945 - sampling time: 0.04367947578430176
7829: Sampled 102 with 6031 - sampling time: 0.06814122200012207
7838: Sampled 104 with 21596 - sampling time: 0.05756998062133789
7841: Sampled 103 with 25348 - sampling time: 0.07684135437011719
7830: Sampled 78 with 9211 - sampling time: 0.09888839721679688
7828: Sampled 117 with 2951 - sampling time: 0.05623888969421387
7834: Sampled 75 with 17066 - sampling time: 0.09206366539001465
7833: Sampled 96 with 13737 - sampling time: 0.08887076377868652
7838: Sampled 105 with 21619 - sampling time: 0.05787396430969238
7829: Sampled 103 with 6041 - sampling time: 0.08857274055480957
7841: Sampled 104 with 25366 - sampling time: 0.06954050064086914
7828: Sampled 118 with 2984 - sampling time: 0.06725692749023438
7830: Sampled 79 with 9244 - sampling time: 0.10145068168640137
7838: Sampled 106 with 21629 - sampling time: 0.06254434585571289
7834: Sampled 76 with 17118 - sampling time: 0.09527397155761719
7828: Sampled 119 with 3004 - sampling time: 0.0653538703918457
7841: Sampled 105 with 25371 - sampling time: 0.07242155075073242
7833: Sampled 97 with 13776 - sampling time: 0.11174345016479492
7829: Sampled 104 with 6053 - sampling time: 0.08573126792907715
7838: Sampled 107 with 21645 - sampling time: 0.05957627296447754
7828: Sampled 120 with 3009 - sampling time: 0.06391644477844238
7830: Sampled 80 with 9261 - sampling time: 0.10906410217285156
7841: Sampled 106 with 25389 - sampling time: 0.07361173629760742
7834: Sampled 77 with 17121 - sampling time: 0.10952305793762207
7838: Sampled 108 with 21652 - sampling time: 0.05796313285827637
7829: Sampled 105 with 6066 - sampling time: 0.08478808403015137
7833: Sampled 98 with 13833 - sampling time: 0.0974574089050293
7828: Sampled 121 with 3077 - sampling time: 0.052863121032714844
7838: Sampled 109 with 21669 - sampling time: 0.05227017402648926
7841: Sampled 107 with 25398 - sampling time: 0.07930350303649902
7828: Sampled 122 with 3081 - sampling time: 0.06129002571105957
7834: Sampled 78 with 17135 - sampling time: 0.1006479263305664
7829: Sampled 106 with 6082 - sampling time: 0.08985733985900879
7830: Sampled 81 with 9273 - sampling time: 0.11821556091308594
7833: Sampled 99 with 13863 - sampling time: 0.09375858306884766
7838: Sampled 110 with 21710 - sampling time: 0.05350613594055176
7841: Sampled 108 with 25440 - sampling time: 0.07960724830627441
7828: Sampled 123 with 3084 - sampling time: 0.062247514724731445
7838: Sampled 111 with 21720 - sampling time: 0.055478572845458984
7829: Sampled 107 with 6104 - sampling time: 0.09212231636047363
7834: Sampled 79 with 17170 - sampling time: 0.10220026969909668
7833: Sampled 100 with 13889 - sampling time: 0.09734654426574707
7841: Sampled 109 with 25447 - sampling time: 0.06648969650268555
7838: Sampled 112 with 21728 - sampling time: 0.05878329277038574
7830: Sampled 82 with 9375 - sampling time: 0.12596964836120605
7828: Sampled 124 with 3091 - sampling time: 0.0780496597290039
7829: Sampled 108 with 6147 - sampling time: 0.08191323280334473
7838: Sampled 113 with 21750 - sampling time: 0.055397748947143555
7841: Sampled 110 with 25456 - sampling time: 0.0773763656616211
7834: Sampled 80 with 17226 - sampling time: 0.09798955917358398
7828: Sampled 125 with 3135 - sampling time: 0.07448577880859375
7833: Sampled 101 with 13955 - sampling time: 0.12142515182495117
7838: Sampled 114 with 21766 - sampling time: 0.0583796501159668
7830: Sampled 83 with 9380 - sampling time: 0.11701726913452148
7841: Sampled 111 with 25515 - sampling time: 0.07362890243530273
7829: Sampled 109 with 6153 - sampling time: 0.09197449684143066
7828: Sampled 126 with 3178 - sampling time: 0.06715869903564453
7838: Sampled 115 with 21787 - sampling time: 0.05348801612854004
7834: Sampled 81 with 17253 - sampling time: 0.10331559181213379
7841: Sampled 112 with 25518 - sampling time: 0.07092547416687012
7838: Sampled 116 with 21821 - sampling time: 0.05134415626525879
7833: Sampled 102 with 13968 - sampling time: 0.11978363990783691
7830: Sampled 84 with 9410 - sampling time: 0.1012575626373291
7829: Sampled 110 with 6189 - sampling time: 0.08419275283813477
7828: Sampled 127 with 3214 - sampling time: 0.08126187324523926
7834: Sampled 82 with 17323 - sampling time: 0.09165573120117188
7838: Sampled 117 with 21824 - sampling time: 0.05546975135803223
7841: Sampled 113 with 25523 - sampling time: 0.07925605773925781
7828: Sampled 128 with 3260 - sampling time: 0.07100057601928711
7838: Sampled 118 with 21825 - sampling time: 0.044179439544677734
7829: Sampled 111 with 6235 - sampling time: 0.10412001609802246
7833: Sampled 103 with 13985 - sampling time: 0.11059689521789551
7830: Sampled 85 with 9444 - sampling time: 0.10876703262329102
7828: Sampled 129 with 3278 - sampling time: 0.05622148513793945
7834: Sampled 83 with 17365 - sampling time: 0.10166049003601074
7838: Sampled 119 with 21837 - sampling time: 0.05225729942321777
7841: Sampled 114 with 25525 - sampling time: 0.08575940132141113
7829: Sampled 112 with 6255 - sampling time: 0.08650350570678711
7838: Sampled 120 with 21848 - sampling time: 0.048952579498291016
7828: Sampled 130 with 3287 - sampling time: 0.0673518180847168
7830: Sampled 86 with 9460 - sampling time: 0.09905338287353516
7834: Sampled 84 with 17390 - sampling time: 0.08981537818908691
7838: Sampled 121 with 21868 - sampling time: 0.0474090576171875
7833: Sampled 104 with 14074 - sampling time: 0.13274765014648438
7841: Sampled 115 with 25532 - sampling time: 0.09428000450134277
7828: Sampled 131 with 3291 - sampling time: 0.06472921371459961
7829: Sampled 113 with 6270 - sampling time: 0.09157991409301758
7838: Sampled 122 with 21888 - sampling time: 0.04443860054016113
7830: Sampled 87 with 9462 - sampling time: 0.0982515811920166
7828: Sampled 132 with 3306 - sampling time: 0.06002616882324219
7834: Sampled 85 with 17482 - sampling time: 0.0941319465637207
7841: Sampled 116 with 25546 - sampling time: 0.08422207832336426
7838: Sampled 123 with 21903 - sampling time: 0.04672980308532715
7833: Sampled 105 with 14087 - sampling time: 0.12042689323425293
7838: Sampled 124 with 21909 - sampling time: 0.042716026306152344
7829: Sampled 114 with 6315 - sampling time: 0.10000395774841309
7828: Sampled 133 with 3308 - sampling time: 0.05924534797668457
7830: Sampled 88 with 9511 - sampling time: 0.10699129104614258
7841: Sampled 117 with 25557 - sampling time: 0.08156776428222656
7838: Sampled 125 with 21910 - sampling time: 0.05197763442993164
7834: Sampled 86 with 17494 - sampling time: 0.10198092460632324
7828: Sampled 134 with 3341 - sampling time: 0.05728030204772949
7829: Sampled 115 with 6340 - sampling time: 0.0983743667602539
7838: Sampled 126 with 21925 - sampling time: 0.06178784370422363
7833: Sampled 106 with 14088 - sampling time: 0.13289833068847656
7841: Sampled 118 with 25562 - sampling time: 0.08476829528808594
7828: Sampled 135 with 3348 - sampling time: 0.05500054359436035
7830: Sampled 89 with 9513 - sampling time: 0.11475110054016113
7834: Sampled 87 with 17503 - sampling time: 0.09996938705444336
7838: Sampled 127 with 21934 - sampling time: 0.06472897529602051
7828: Sampled 136 with 3349 - sampling time: 0.05845332145690918
7829: Sampled 116 with 6363 - sampling time: 0.10515427589416504
7841: Sampled 119 with 25615 - sampling time: 0.09144830703735352
7838: Sampled 128 with 21978 - sampling time: 0.058325767517089844
7828: Sampled 137 with 3396 - sampling time: 0.05584073066711426
7833: Sampled 107 with 14120 - sampling time: 0.12490057945251465
7834: Sampled 88 with 17504 - sampling time: 0.09422469139099121
7830: Sampled 90 with 9566 - sampling time: 0.11079216003417969
7841: Sampled 120 with 25635 - sampling time: 0.08279943466186523
7838: Sampled 129 with 22002 - sampling time: 0.060697078704833984
7828: Sampled 138 with 3407 - sampling time: 0.059636592864990234
7829: Sampled 117 with 6369 - sampling time: 0.10746335983276367
7834: Sampled 89 with 17552 - sampling time: 0.09012818336486816
7828: Sampled 139 with 3449 - sampling time: 0.0573124885559082
7833: Sampled 108 with 14132 - sampling time: 0.12443089485168457
7838: Sampled 130 with 22098 - sampling time: 0.07570981979370117
7830: Sampled 91 with 9591 - sampling time: 0.1176600456237793
7841: Sampled 121 with 25684 - sampling time: 0.08574843406677246
7828: Sampled 140 with 3460 - sampling time: 0.06002545356750488
7829: Sampled 118 with 6462 - sampling time: 0.11651492118835449
7834: Sampled 90 with 17565 - sampling time: 0.10032892227172852
7838: Sampled 131 with 22101 - sampling time: 0.07692980766296387
7841: Sampled 122 with 25689 - sampling time: 0.09134912490844727
7833: Sampled 109 with 14138 - sampling time: 0.11721968650817871
7830: Sampled 92 with 9607 - sampling time: 0.11277055740356445
7828: Sampled 141 with 3484 - sampling time: 0.08469319343566895
7838: Sampled 132 with 22135 - sampling time: 0.07270169258117676
7834: Sampled 91 with 17577 - sampling time: 0.0998079776763916
7829: Sampled 119 with 6519 - sampling time: 0.1175844669342041
7841: Sampled 123 with 25694 - sampling time: 0.08311295509338379
7828: Sampled 142 with 3509 - sampling time: 0.06829643249511719
7838: Sampled 133 with 22212 - sampling time: 0.06438088417053223
7830: Sampled 93 with 9671 - sampling time: 0.11758065223693848
7833: Sampled 110 with 14142 - sampling time: 0.13611578941345215
7834: Sampled 92 with 17584 - sampling time: 0.09722161293029785
7828: Sampled 143 with 3689 - sampling time: 0.0708456039428711
7841: Sampled 124 with 25707 - sampling time: 0.08922266960144043
7838: Sampled 134 with 22218 - sampling time: 0.06136894226074219
7829: Sampled 120 with 6549 - sampling time: 0.10751628875732422
7838: Sampled 135 with 22258 - sampling time: 0.057144880294799805
7841: Sampled 125 with 25726 - sampling time: 0.07315874099731445
7834: Sampled 93 with 17604 - sampling time: 0.08667373657226562
7830: Sampled 94 with 9676 - sampling time: 0.12004637718200684
7833: Sampled 111 with 14152 - sampling time: 0.11066508293151855
7838: Sampled 136 with 22286 - sampling time: 0.05000948905944824
7829: Sampled 121 with 6569 - sampling time: 0.09555840492248535
7841: Sampled 126 with 25794 - sampling time: 0.06094980239868164
7838: Sampled 137 with 22352 - sampling time: 0.04997706413269043
7834: Sampled 94 with 17686 - sampling time: 0.09163498878479004
7833: Sampled 112 with 14175 - sampling time: 0.08753633499145508
7830: Sampled 95 with 9690 - sampling time: 0.11469912528991699
7829: Sampled 122 with 6583 - sampling time: 0.09793782234191895
7841: Sampled 127 with 25816 - sampling time: 0.07803535461425781
7838: Sampled 138 with 22411 - sampling time: 0.058274269104003906
7834: Sampled 95 with 17711 - sampling time: 0.09061145782470703
7833: Sampled 113 with 14215 - sampling time: 0.08503365516662598
7838: Sampled 139 with 22470 - sampling time: 0.0629262924194336
7841: Sampled 128 with 25839 - sampling time: 0.07563114166259766
7829: Sampled 123 with 6592 - sampling time: 0.09316730499267578
7830: Sampled 96 with 9743 - sampling time: 0.12001419067382812
7833: Sampled 114 with 14233 - sampling time: 0.0865025520324707
7838: Sampled 140 with 22479 - sampling time: 0.06705617904663086
7834: Sampled 96 with 17720 - sampling time: 0.09194517135620117
7841: Sampled 129 with 25924 - sampling time: 0.06788086891174316
7829: Sampled 124 with 6613 - sampling time: 0.08433890342712402
7834: Sampled 97 with 17826 - sampling time: 0.05510067939758301
7838: Sampled 141 with 22493 - sampling time: 0.06398367881774902
7841: Sampled 130 with 25928 - sampling time: 0.06662392616271973
7833: Sampled 115 with 14264 - sampling time: 0.08612775802612305
7830: Sampled 97 with 9755 - sampling time: 0.11457705497741699
7834: Sampled 98 with 17840 - sampling time: 0.05836367607116699
7838: Sampled 142 with 22556 - sampling time: 0.06666874885559082
7829: Sampled 125 with 6639 - sampling time: 0.09291744232177734
7841: Sampled 131 with 25950 - sampling time: 0.05964970588684082
7834: Sampled 99 with 17875 - sampling time: 0.05126237869262695
7833: Sampled 116 with 14268 - sampling time: 0.09162282943725586
7830: Sampled 98 with 9757 - sampling time: 0.1050410270690918
7838: Sampled 143 with 22557 - sampling time: 0.06911945343017578
7841: Sampled 132 with 25964 - sampling time: 0.06774067878723145
7834: Sampled 100 with 17877 - sampling time: 0.04992532730102539
7829: Sampled 126 with 6682 - sampling time: 0.1037135124206543
7833: Sampled 117 with 14316 - sampling time: 0.0788884162902832
7841: Sampled 133 with 25971 - sampling time: 0.058596134185791016
7834: Sampled 101 with 17898 - sampling time: 0.05120038986206055
7830: Sampled 99 with 9767 - sampling time: 0.10529851913452148
7834: Sampled 102 with 17917 - sampling time: 0.04130911827087402
7841: Sampled 134 with 25981 - sampling time: 0.06164693832397461
7829: Sampled 127 with 6742 - sampling time: 0.09445953369140625
7833: Sampled 118 with 14321 - sampling time: 0.0790865421295166
7834: Sampled 103 with 17939 - sampling time: 0.05825352668762207
7830: Sampled 100 with 9769 - sampling time: 0.07355046272277832
7841: Sampled 135 with 26020 - sampling time: 0.07678961753845215
7833: Sampled 119 with 14345 - sampling time: 0.07974982261657715
7829: Sampled 128 with 6744 - sampling time: 0.09424901008605957
7834: Sampled 104 with 17952 - sampling time: 0.05743575096130371
7830: Sampled 101 with 9808 - sampling time: 0.08175230026245117
7841: Sampled 136 with 26031 - sampling time: 0.06543111801147461
7834: Sampled 105 with 17956 - sampling time: 0.060370445251464844
7833: Sampled 120 with 14361 - sampling time: 0.0815577507019043
7829: Sampled 129 with 6791 - sampling time: 0.08372735977172852
7841: Sampled 137 with 26039 - sampling time: 0.06376099586486816
7830: Sampled 102 with 9810 - sampling time: 0.07714200019836426
7834: Sampled 106 with 17959 - sampling time: 0.06523895263671875
7833: Sampled 121 with 14384 - sampling time: 0.0806112289428711
7841: Sampled 138 with 26149 - sampling time: 0.07694506645202637
7834: Sampled 107 with 17964 - sampling time: 0.05605721473693848
7830: Sampled 103 with 9812 - sampling time: 0.08289074897766113
7829: Sampled 130 with 6815 - sampling time: 0.10598468780517578
7833: Sampled 122 with 14454 - sampling time: 0.0752871036529541
7834: Sampled 108 with 17965 - sampling time: 0.05778956413269043
7841: Sampled 139 with 26156 - sampling time: 0.08190155029296875
7830: Sampled 104 with 9858 - sampling time: 0.08275079727172852
7829: Sampled 131 with 6816 - sampling time: 0.0950474739074707
7833: Sampled 123 with 14474 - sampling time: 0.07052254676818848
7834: Sampled 109 with 18035 - sampling time: 0.061400413513183594
7841: Sampled 140 with 26157 - sampling time: 0.07726359367370605
7830: Sampled 105 with 9868 - sampling time: 0.08006477355957031
7834: Sampled 110 with 18036 - sampling time: 0.05310535430908203
7833: Sampled 124 with 14475 - sampling time: 0.07948017120361328
7829: Sampled 132 with 6864 - sampling time: 0.09837746620178223
7834: Sampled 111 with 18048 - sampling time: 0.061728715896606445
7841: Sampled 141 with 26183 - sampling time: 0.08168411254882812
7830: Sampled 106 with 9884 - sampling time: 0.07730889320373535
7833: Sampled 125 with 14493 - sampling time: 0.07512211799621582
7834: Sampled 112 with 18052 - sampling time: 0.06011772155761719
7829: Sampled 133 with 6886 - sampling time: 0.10250115394592285
7841: Sampled 142 with 26195 - sampling time: 0.07580947875976562
7830: Sampled 107 with 9903 - sampling time: 0.07810068130493164
7833: Sampled 126 with 14496 - sampling time: 0.07581782341003418
7834: Sampled 113 with 18060 - sampling time: 0.05098080635070801
7830: Sampled 108 with 9969 - sampling time: 0.06553220748901367
7829: Sampled 134 with 6921 - sampling time: 0.08789777755737305
7834: Sampled 114 with 18078 - sampling time: 0.06105971336364746
7833: Sampled 127 with 14514 - sampling time: 0.06879115104675293
7830: Sampled 109 with 9976 - sampling time: 0.0708458423614502
7834: Sampled 115 with 18115 - sampling time: 0.0626976490020752
7829: Sampled 135 with 6935 - sampling time: 0.0866234302520752
7833: Sampled 128 with 14545 - sampling time: 0.07011938095092773
7834: Sampled 116 with 18117 - sampling time: 0.0567927360534668
7830: Sampled 110 with 10003 - sampling time: 0.0684964656829834
7829: Sampled 136 with 6981 - sampling time: 0.0670785903930664
7833: Sampled 129 with 14546 - sampling time: 0.07248926162719727
7834: Sampled 117 with 18128 - sampling time: 0.061106204986572266
7830: Sampled 111 with 10043 - sampling time: 0.07118105888366699
7829: Sampled 137 with 7002 - sampling time: 0.06779837608337402
7833: Sampled 130 with 14564 - sampling time: 0.0685267448425293
7834: Sampled 118 with 18129 - sampling time: 0.06255388259887695
7830: Sampled 112 with 10071 - sampling time: 0.07915782928466797
7829: Sampled 138 with 7022 - sampling time: 0.07274341583251953
7833: Sampled 131 with 14573 - sampling time: 0.07411718368530273
7834: Sampled 119 with 18133 - sampling time: 0.06418061256408691
7830: Sampled 113 with 10101 - sampling time: 0.07035398483276367
7829: Sampled 139 with 7027 - sampling time: 0.067626953125
7833: Sampled 132 with 14601 - sampling time: 0.06914043426513672
7834: Sampled 120 with 18134 - sampling time: 0.06313323974609375
7830: Sampled 114 with 10111 - sampling time: 0.06855368614196777
7829: Sampled 140 with 7059 - sampling time: 0.06837582588195801
7833: Sampled 133 with 14703 - sampling time: 0.06716442108154297
7834: Sampled 121 with 18160 - sampling time: 0.06282210350036621
7830: Sampled 115 with 10115 - sampling time: 0.06943678855895996
7829: Sampled 141 with 7085 - sampling time: 0.06833004951477051
7834: Sampled 122 with 18176 - sampling time: 0.06389975547790527
7833: Sampled 134 with 14726 - sampling time: 0.07031869888305664
7830: Sampled 116 with 10182 - sampling time: 0.06861281394958496
7834: Sampled 123 with 18182 - sampling time: 0.0606844425201416
7829: Sampled 142 with 7105 - sampling time: 0.07608699798583984
7833: Sampled 135 with 14746 - sampling time: 0.07237648963928223
7834: Sampled 124 with 18194 - sampling time: 0.040926218032836914
7830: Sampled 117 with 10197 - sampling time: 0.0816948413848877
7829: Sampled 143 with 7115 - sampling time: 0.07697749137878418
7834: Sampled 125 with 18199 - sampling time: 0.04179954528808594
7833: Sampled 136 with 14783 - sampling time: 0.07007431983947754
7834: Sampled 126 with 18200 - sampling time: 0.03518867492675781
7830: Sampled 118 with 10199 - sampling time: 0.07227468490600586
7833: Sampled 137 with 14786 - sampling time: 0.06197690963745117
7834: Sampled 127 with 18251 - sampling time: 0.03500962257385254
7834: Sampled 128 with 18301 - sampling time: 0.03480172157287598
7833: Sampled 138 with 14800 - sampling time: 0.06328392028808594
7830: Sampled 119 with 10205 - sampling time: 0.06875252723693848
7834: Sampled 129 with 18311 - sampling time: 0.03751659393310547
7834: Sampled 130 with 18394 - sampling time: 0.03796863555908203
7833: Sampled 139 with 14805 - sampling time: 0.06376886367797852
7830: Sampled 120 with 10296 - sampling time: 0.06662273406982422
7834: Sampled 131 with 18400 - sampling time: 0.04113578796386719
7833: Sampled 140 with 14836 - sampling time: 0.06139039993286133
7834: Sampled 132 with 18434 - sampling time: 0.03732800483703613
7830: Sampled 121 with 10367 - sampling time: 0.07445049285888672
7834: Sampled 133 with 18470 - sampling time: 0.034482717514038086
7833: Sampled 141 with 14861 - sampling time: 0.06641912460327148
7834: Sampled 134 with 18528 - sampling time: 0.03525876998901367
7830: Sampled 122 with 10374 - sampling time: 0.07316422462463379
7834: Sampled 135 with 18552 - sampling time: 0.038031578063964844
7833: Sampled 142 with 14865 - sampling time: 0.06336545944213867
7834: Sampled 136 with 18566 - sampling time: 0.04067373275756836
7830: Sampled 123 with 10386 - sampling time: 0.07361245155334473
7834: Sampled 137 with 18569 - sampling time: 0.03902149200439453
7833: Sampled 143 with 14899 - sampling time: 0.06654858589172363
7834: Sampled 138 with 18599 - sampling time: 0.03507089614868164
7830: Sampled 124 with 10501 - sampling time: 0.07869386672973633
7834: Sampled 139 with 18653 - sampling time: 0.03278517723083496
7834: Sampled 140 with 18655 - sampling time: 0.034787654876708984
7830: Sampled 125 with 10506 - sampling time: 0.0748758316040039
7834: Sampled 141 with 18699 - sampling time: 0.031981468200683594
7834: Sampled 142 with 18723 - sampling time: 0.03229928016662598
7830: Sampled 126 with 10516 - sampling time: 0.07163476943969727
7834: Sampled 143 with 18736 - sampling time: 0.03177762031555176
7830: Sampled 127 with 10645 - sampling time: 0.05469250679016113
7830: Sampled 128 with 10667 - sampling time: 0.054526329040527344
7830: Sampled 129 with 10669 - sampling time: 0.05574488639831543
7830: Sampled 130 with 10681 - sampling time: 0.05495715141296387
7830: Sampled 131 with 10682 - sampling time: 0.05438947677612305
7830: Sampled 132 with 10713 - sampling time: 0.05427145957946777
7830: Sampled 133 with 10714 - sampling time: 0.05558609962463379
7830: Sampled 134 with 10752 - sampling time: 0.05410146713256836
7830: Sampled 135 with 10779 - sampling time: 0.05553483963012695
7830: Sampled 136 with 10855 - sampling time: 0.054476261138916016
7830: Sampled 137 with 10870 - sampling time: 0.05361771583557129
7830: Sampled 138 with 10874 - sampling time: 0.055030107498168945
7830: Sampled 139 with 10923 - sampling time: 0.05500483512878418
7830: Sampled 140 with 10929 - sampling time: 0.05366683006286621
7830: Sampled 141 with 10960 - sampling time: 0.05410170555114746
7830: Sampled 142 with 10995 - sampling time: 0.05447983741760254
7830: Sampled 143 with 11000 - sampling time: 0.0539698600769043
--- total time: 12.854336023330688 seconds ---
Output samples created on:  ./Samples/smarch_opt/JHipster_1000.samples
