Input file:  ./FeatureModel/LLVM.dimacs
Number of samples:  100
Output directory: ./Samples/smarch_opt
Counting - Total configurations: 1024
Counting time: 0.008144855499267578
7959: Sampled 1 with 5 - sampling time: 0.0009968280792236328
7959: Sampled 2 with 11 - sampling time: 0.000194549560546875
7959: Sampled 3 with 26 - sampling time: 0.00015974044799804688
7959: Sampled 4 with 40 - sampling time: 0.00016117095947265625
7959: Sampled 5 with 49 - sampling time: 0.00018978118896484375
7959: Sampled 6 with 51 - sampling time: 0.0005621910095214844
7960: Sampled 1 with 146 - sampling time: 0.0017483234405517578
7959: Sampled 7 with 66 - sampling time: 0.000225067138671875
7961: Sampled 1 with 319 - sampling time: 0.001692056655883789
7959: Sampled 8 with 77 - sampling time: 0.00028634071350097656
7960: Sampled 2 with 148 - sampling time: 0.0003597736358642578
7961: Sampled 2 with 320 - sampling time: 0.0004487037658691406
7959: Sampled 9 with 78 - sampling time: 0.00039958953857421875
7963: Sampled 1 with 464 - sampling time: 0.0019156932830810547
7960: Sampled 3 with 175 - sampling time: 0.0005164146423339844
7961: Sampled 3 with 330 - sampling time: 0.0003800392150878906
7963: Sampled 2 with 485 - sampling time: 0.0002281665802001953
7959: Sampled 10 with 87 - sampling time: 0.0004024505615234375
7961: Sampled 4 with 348 - sampling time: 0.0002033710479736328
7963: Sampled 3 with 496 - sampling time: 0.00025343894958496094
7960: Sampled 4 with 207 - sampling time: 0.00041675567626953125
7959: Sampled 11 with 88 - sampling time: 0.0002002716064453125
7961: Sampled 5 with 353 - sampling time: 0.00019669532775878906
7960: Sampled 5 with 220 - sampling time: 0.00011658668518066406
7959: Sampled 12 with 99 - sampling time: 0.00016570091247558594
7961: Sampled 6 with 362 - sampling time: 0.000171661376953125
7960: Sampled 6 with 231 - sampling time: 0.00029397010803222656
7966: Sampled 1 with 606 - sampling time: 0.0021605491638183594
7959: Sampled 13 with 105 - sampling time: 0.00037741661071777344
7963: Sampled 4 with 502 - sampling time: 0.0006642341613769531
7966: Sampled 2 with 610 - sampling time: 0.00013518333435058594
7960: Sampled 7 with 237 - sampling time: 0.0002903938293457031
7961: Sampled 7 with 365 - sampling time: 0.00048613548278808594
7960: Sampled 8 with 240 - sampling time: 0.0001552104949951172
7968: Sampled 1 with 782 - sampling time: 0.0017981529235839844
7959: Sampled 14 with 143 - sampling time: 0.0003418922424316406
7966: Sampled 3 with 615 - sampling time: 0.0002582073211669922
7961: Sampled 8 with 404 - sampling time: 0.0002307891845703125
7963: Sampled 5 with 525 - sampling time: 0.00040721893310546875
7968: Sampled 2 with 784 - sampling time: 0.00021195411682128906
7959: Sampled 15 with 145 - sampling time: 0.00021338462829589844
7966: Sampled 4 with 630 - sampling time: 0.0002048015594482422
7960: Sampled 9 with 255 - sampling time: 0.00033593177795410156
7961: Sampled 9 with 410 - sampling time: 0.00025725364685058594
7960: Sampled 10 with 262 - sampling time: 0.00014257431030273438
7968: Sampled 3 with 795 - sampling time: 0.0002694129943847656
7966: Sampled 5 with 632 - sampling time: 0.0003821849822998047
7963: Sampled 6 with 536 - sampling time: 0.0006170272827148438
7968: Sampled 4 with 820 - sampling time: 0.00027632713317871094
7961: Sampled 10 with 421 - sampling time: 0.00048542022705078125
7960: Sampled 11 with 263 - sampling time: 0.0003871917724609375
7971: Sampled 1 with 922 - sampling time: 0.0017485618591308594
7966: Sampled 6 with 660 - sampling time: 0.00028896331787109375
7963: Sampled 7 with 549 - sampling time: 0.00026679039001464844
7971: Sampled 2 with 931 - sampling time: 0.00018334388732910156
7961: Sampled 11 with 423 - sampling time: 0.00030112266540527344
7960: Sampled 12 with 274 - sampling time: 0.00031256675720214844
7968: Sampled 5 with 829 - sampling time: 0.0004076957702636719
7966: Sampled 7 with 668 - sampling time: 0.00033926963806152344
7963: Sampled 8 with 557 - sampling time: 0.00029921531677246094
7960: Sampled 13 with 275 - sampling time: 0.00020074844360351562
7961: Sampled 12 with 426 - sampling time: 0.0002865791320800781
7966: Sampled 8 with 692 - sampling time: 0.00016999244689941406
7961: Sampled 13 with 430 - sampling time: 7.748603820800781e-05
7971: Sampled 3 with 939 - sampling time: 0.0004298686981201172
7960: Sampled 14 with 286 - sampling time: 0.00018405914306640625
7968: Sampled 6 with 831 - sampling time: 0.0004057884216308594
7971: Sampled 4 with 947 - sampling time: 0.00014519691467285156
7966: Sampled 9 with 703 - sampling time: 0.0002448558807373047
7960: Sampled 15 with 299 - sampling time: 0.0001761913299560547
7963: Sampled 9 with 571 - sampling time: 0.00044798851013183594
7961: Sampled 14 with 434 - sampling time: 0.0003020763397216797
7968: Sampled 7 with 849 - sampling time: 0.0002524852752685547
7966: Sampled 10 with 704 - sampling time: 0.00028705596923828125
7963: Sampled 10 with 575 - sampling time: 0.0002772808074951172
7961: Sampled 15 with 451 - sampling time: 0.0003848075866699219
7971: Sampled 5 with 968 - sampling time: 0.0005502700805664062
7966: Sampled 11 with 712 - sampling time: 0.0002980232238769531
7963: Sampled 11 with 578 - sampling time: 0.0002741813659667969
7971: Sampled 6 with 984 - sampling time: 0.0002243518829345703
7968: Sampled 8 with 858 - sampling time: 0.0006506443023681641
7963: Sampled 12 with 585 - sampling time: 0.0002086162567138672
7966: Sampled 12 with 731 - sampling time: 0.00036835670471191406
7971: Sampled 7 with 986 - sampling time: 0.0002677440643310547
7963: Sampled 13 with 586 - sampling time: 0.0002601146697998047
7966: Sampled 13 with 761 - sampling time: 0.00018525123596191406
7963: Sampled 14 with 602 - sampling time: 9.274482727050781e-05
7968: Sampled 9 with 859 - sampling time: 0.00048279762268066406
7971: Sampled 8 with 989 - sampling time: 0.0002923011779785156
7966: Sampled 14 with 771 - sampling time: 0.0001823902130126953
7963: Sampled 15 with 604 - sampling time: 0.00020194053649902344
7968: Sampled 10 with 869 - sampling time: 0.0002052783966064453
7971: Sampled 9 with 994 - sampling time: 0.00019478797912597656
7966: Sampled 15 with 776 - sampling time: 0.00019860267639160156
7968: Sampled 11 with 881 - sampling time: 0.00020837783813476562
7971: Sampled 10 with 1018 - sampling time: 0.00029277801513671875
7968: Sampled 12 with 884 - sampling time: 0.00027871131896972656
7968: Sampled 13 with 898 - sampling time: 0.00021123886108398438
7968: Sampled 14 with 900 - sampling time: 0.0001456737518310547
7968: Sampled 15 with 915 - sampling time: 0.00011515617370605469
--- total time: 0.03993082046508789 seconds ---
Output samples created on:  ./Samples/smarch_opt/LLVM_100.samples
