Input file:  ./FeatureModel/m5272c3.dimacs
Number of samples:  100
Output directory: ./Samples/smarch_opt
Counting - Total configurations: 236757456339671212343440515250085432063359623357232316062924436259830130424626561012504701024010470939571791003895046764699600
Counting time: 3.948087215423584
15894: Sampled 1 with 151430259650314931822059975312323677690665104473818309475946186844538185200255451838759161185521668372451417691085379167352 - sampling time: 8.043136596679688
15901: Sampled 1 with 163446620943602655090556933097609877707835699305824607252983782702082779329450475349037131390641177449187894641668583671979926 - sampling time: 9.891757249832153
15898: Sampled 1 with 95438875176414944080322515842055546796717628129773640798492846471562412200286967770834509887634115683084065025691639026612631 - sampling time: 9.90665602684021
15899: Sampled 1 with 130114910030610523661700932080456162731868051757563662981788314595002574821832803021129520521914377895098312487494518107052545 - sampling time: 10.203689813613892
15896: Sampled 1 with 71058904302627809138692939771538124331662450439059010308471535230963872299216583062497605262778147945048085103050746322537300 - sampling time: 10.207033157348633
15903: Sampled 1 with 213475359759311943338471993563512766198405072607253528564427867510377596009254496241142799430480274998726566805627895717404176 - sampling time: 11.531225442886353
15894: Sampled 2 with 4327730266423323937059504765705576780558444913506169858981826076201235199424642310346032770980366373608549507392458044193881 - sampling time: 9.2015061378479
15895: Sampled 1 with 46620292970986549844840828501828061289011689250280390436505460255319243924321172469574677774677854549704741879135144590670980 - sampling time: 17.52951455116272
15896: Sampled 2 with 71635794621725477736734798115067809932675755497461552671945288525725410953409569516826110865169665616781882633110539072427002 - sampling time: 8.598222255706787
15899: Sampled 2 with 137421239118898576973770817304291909900280530069705604118912918825477082957839084849452464869146720988456078999132482876860608 - sampling time: 8.89515233039856
15903: Sampled 2 with 215338111348738757881613254705549619595400889148744691912245285145469465367894863751151427603498825577811612685757736158813381 - sampling time: 8.563594579696655
15895: Sampled 2 with 49647151024143122097532045430465134967652541597855426348955508383683092648864741226331740662963137212396903739502448079695289 - sampling time: 7.362820863723755
15898: Sampled 2 with 95676916244538404122191360195348397165805702130762316258543650288230148706529210174900137891198078758056137432972373785844299 - sampling time: 15.272804737091064
15901: Sampled 2 with 166680417420268321097495049932627531580050608464099470943395127789448676910316748806678763216828347364856023878530889235784149 - sampling time: 15.291571140289307
15896: Sampled 3 with 73296554587673580124609107587163395410574323097246382241845403796124978462076183423315410035234984702243704534267228057795105 - sampling time: 7.543952226638794
15903: Sampled 3 with 219298116875017975152906747410052009232972594157962411624168983549435410590636990805767501741240722741935194450490425533016876 - sampling time: 7.914430141448975
15899: Sampled 3 with 141308002182767058229730211989670049139694223421102482659517685454685486511892561583900010823438222146385453756449458322838204 - sampling time: 9.946478366851807
15898: Sampled 3 with 96094360064674913707356463351069362824715476804997904311413022848924708741967383713416748483723373577797155325057248255842184 - sampling time: 6.653269529342651
15894: Sampled 3 with 7301691380318383502529670190277969616349154636579287997927214355716129660673275344361617166612933480798042181282793155133563 - sampling time: 14.893717050552368
15895: Sampled 3 with 53405055244587314737873496323649375635677809935400626277763287136822254146458520053927919769205893998559236212441264513991392 - sampling time: 7.483717918395996
15901: Sampled 3 with 167667390607411715796799739794864814490844028632644055992172537365379345395079227385514356739961399232836444780404570084539626 - sampling time: 7.356375217437744
15896: Sampled 4 with 74016371189543984094473985754547527585625340653956716146819996866077173107709853330019527909777620577090439572684848630433229 - sampling time: 7.114916086196899
15903: Sampled 4 with 223974198551550446061107123436328494196599816229895762157126703636926686745673048439816896331317528969672029592977377594339106 - sampling time: 8.567416191101074
15899: Sampled 4 with 145409200081462618982390637773328818198119308380600021379493777687432504604187361585300710316787891897722014425652505089918432 - sampling time: 10.10849642753601
15898: Sampled 4 with 98950992606726938041522492583303549204370519700613225689524493409676471138209216905455153382524368557130018066774126671874673 - sampling time: 7.4299328327178955
15901: Sampled 4 with 167815034623783657636913451844686948704031369533660125973643280911708096204984799511133594789099704446233507445823743402020447 - sampling time: 6.898683547973633
15895: Sampled 4 with 54702400550819843246187226374940296576178260095589604072328534811858712500948854293713049723278936664477489379846538294355357 - sampling time: 7.083578824996948
15894: Sampled 4 with 14665744046841405428140722470813706170013781028149511066565326793065133921332450802068214612428523119479771559931132488856177 - sampling time: 7.989035606384277
15896: Sampled 5 with 78805525825087007752541142161079330169646063560995886148936056709471735989361963846093354448514419020594911175359678817799643 - sampling time: 8.011877059936523
15903: Sampled 5 with 225191288800536844620119962560248166523569301721595072046517338155468423632594139013906308265289600872685293121473657689520935 - sampling time: 8.996242761611938
15899: Sampled 5 with 147507197180055872822161133803272655891353498374815176142829948587553193751489200234631861576034846809655172562381632465036256 - sampling time: 6.834970235824585
15901: Sampled 5 with 169760015350564552700961481476899812399344490142691261555100952857304171434790040097408993836921877875792031751496866827415186 - sampling time: 6.849045753479004
15898: Sampled 5 with 99686584038367200393489988612248039647963265140415794185789059539742636359825171697467149291867676692810630305461133456809213 - sampling time: 7.610008001327515
15894: Sampled 5 with 14823364094863239794273646239100457627801917401190512862293033710098964492780954514826117869379435211813221199028648036414780 - sampling time: 6.844555616378784
15895: Sampled 5 with 55992536773355800708867501787513490156406584951394642916890978656682727623369512633999317459645415173199569106505008552533508 - sampling time: 7.696110963821411
15896: Sampled 6 with 83105841587800435201174104352671057407191245129405120497630834626957719440954445386892561632555200307655009414215830898129628 - sampling time: 7.899411201477051
15899: Sampled 6 with 149168382261728988800565847005948491100932847113632969098867432245940117454764366879135600943644780304664722426753342600873226 - sampling time: 7.745348691940308
15898: Sampled 6 with 100124324354355655153565920569271754182047566200450255272252164325913701497563275495309116588993780888772783381883493422841529 - sampling time: 7.08697247505188
15901: Sampled 6 with 178672025001971322289905118073253114103990782903604438488050158584581881058339523006616227918285781863087745888080630912467673 - sampling time: 7.8323187828063965
15895: Sampled 6 with 56751667017455231732939339693217716078962050456871837756731757299348935707070261413615948052294807135549103423635496271587328 - sampling time: 7.090355396270752
15903: Sampled 6 with 227741575610842987009702988852780282316350070798307814482712069504941488483997764100971495087297625663075920318599327769279831 - sampling time: 8.87379264831543
15894: Sampled 6 with 19699095842778507744401732914146039169403341055594601469029655237866897094715681272730484279917024570990866688825872518998882 - sampling time: 8.15798544883728
15896: Sampled 7 with 85979675576584000022911732299730159631981956189300428213124412423838371681914555753237615029456790464333887179908079380652044 - sampling time: 9.806221008300781
15899: Sampled 7 with 149599017443848521998017290362812181370676267062375405796287422344563548812033252297133049411919529267381294391782886253749475 - sampling time: 8.061813354492188
15895: Sampled 7 with 57931332856617836928699320115070161355686079062707283999248862379758369362036226036571290349113562163901196967984677753045149 - sampling time: 8.042848587036133
15901: Sampled 7 with 186273460915459606785015587042663978431265402319419546852964197201762933153876172210798846439672249022490167881690164519591869 - sampling time: 9.17453670501709
15898: Sampled 7 with 106598070571108482103627985658962290488761531445747725372154139415837421608242412739151992117026876916217099720553495371631477 - sampling time: 10.000474214553833
15894: Sampled 7 with 25773127802199745663163638206593157959005880900843416768447259780246700268237125771103975326091866382223178451635708177616624 - sampling time: 9.400977611541748
15903: Sampled 7 with 228134201613704104539955432074943724633323396004158380174035227835204902598573011693307534445374089268909726270727162447592708 - sampling time: 10.110258340835571
15896: Sampled 8 with 86932680794854732091339992186476331420693316684957366631827677620251799841572259537949430455863507169407487252788265822333521 - sampling time: 7.336766004562378
15895: Sampled 8 with 58260517038990001786410153478131426069564312715416119384624939117946633209997723830113841850140884232907797479444435969726677 - sampling time: 7.678889513015747
15899: Sampled 8 with 153206064091960591136757217458431027230929677269168742956035052805655354500121134418854190189676788715343250777962798479837231 - sampling time: 9.816826105117798
15901: Sampled 8 with 190404838336589285246108327987130247957597799678291042762557075788909032140212537503146107436821902859361185010199678304358610 - sampling time: 9.090026140213013
15898: Sampled 8 with 110536868299865963019098450080545014536409819150141702892495121176056403972054395565184601486963814013906879921032955155537657 - sampling time: 10.904085636138916
15894: Sampled 8 with 26165766250212728710547152144854640507213861982797633522770472682240807884611503864084920850006453155726911981685460723238253 - sampling time: 10.462332487106323
15903: Sampled 8 with 229694825279547051001158148357835614640682913889659098227961341087398539200981684877371665255574862613988033647776083210624104 - sampling time: 11.512339115142822
15896: Sampled 9 with 86936462953320590083384767245809715071995568275308450326923405604068385292685402323020444553344647753082859852931385558547784 - sampling time: 9.59392762184143
15895: Sampled 9 with 58920432452581613297701908238512081201743158195109516868137172281423688578529828612302948285553229048432699928705329783237769 - sampling time: 9.197604894638062
15899: Sampled 9 with 155562648971830528428856124082736204459871339035003272749342787376006083148848912570067312133993835777448794310205776688096547 - sampling time: 8.68332576751709
15901: Sampled 9 with 192321166616957640016765250342124745350194769706259846672448374073592576946595075537660467674071191669106353591859514425879866 - sampling time: 9.767286539077759
15894: Sampled 9 with 29868574698086362683840181597465430808316194134954745076797805255725000315015863991045826436326917562806009503284559470365675 - sampling time: 9.344467401504517
15896: Sampled 10 with 89087609571149756991991777511383161934628842578459611821765588979586900148222989349665702457398134072255828531606668955377463 - sampling time: 9.015072345733643
15903: Sampled 9 with 231797140886550181738315031602087399865863936695568015252054067692121537618437874871796330437596183189735954870004755122614623 - sampling time: 9.320764780044556
15898: Sampled 9 with 114152404506598238363995290957029570762955803678648528196683599467835409894751571157227410370595938003692399689346432212047496 - sampling time: 11.397475004196167
15895: Sampled 10 with 59951016355296385494396436281291380650210845728382948517314025298699501026779628445377501393568637459590678819681860334609988 - sampling time: 7.4691479206085205
15899: Sampled 10 with 157669909401638705563224774535910685786554051276929682344171362013256707258967010660745988014792457810245508267791168008002590 - sampling time: 7.863094329833984
15901: Sampled 10 with 192759111967341498092324206666497815679469576393874447950786489066976181720332613952849488604187485085836214353951725202968600 - sampling time: 8.440694093704224
15894: Sampled 10 with 31291280755713094355484779096095516081823034515901349651799179050164720811189744661128029808596592761099737149237768816962507 - sampling time: 6.718307733535767
15896: Sampled 11 with 90423288573629294716982097285680860477896938433156104584111747382402682972822026892263640012598380051391393433045931829323236 - sampling time: 7.610747575759888
15895: Sampled 11 with 65519892556938834401361821587588772177261334627813058023154933116063580909984459869125865254485242524788727324462735763814841 - sampling time: 7.350552082061768
15898: Sampled 10 with 114526380364628827578643811441682232854136978411718017441863211896795658389370555819152448954090758326077658551476600454259200 - sampling time: 8.10843276977539
15903: Sampled 10 with 236135055662748360885090415043537054907149174712178596786535212793774399421541468738260410175926495821023746703072968246028562 - sampling time: 10.0723135471344
15899: Sampled 11 with 158575618812881769389656523800779366414274810367039603820693813410045254407848164545742462954529562896015479539806875802365952 - sampling time: 7.436532974243164
15894: Sampled 11 with 35568768938599393043759104450916627886380567976266271519518754191620620070840455817942349123802491267314842079787210922350105 - sampling time: 7.8246495723724365
15896: Sampled 12 with 91234300654043636986123553387240651964107020045894474969974457479484098111980843691534676949948083100623825652366814092640409 - sampling time: 6.893847227096558
15895: Sampled 12 with 66309523058054946100904981987912713861132221816975428770830339642711194853238821069983425190607786802707296321220271929604029 - sampling time: 6.750427007675171
15899: Sampled 12 with 159470386200100122747684134154451826194671571517783370137514966359729232668737839746746793881733778343512164466225892492076969 - sampling time: 6.786205768585205
15898: Sampled 11 with 116306209636358907260734284207504770864702299501207624114730134258140750540272911629855775965577674138292444404635664638030865 - sampling time: 8.753338098526001
15894: Sampled 12 with 38278063759063619326028311273601580562132659381730597551243888652538407422461738346465522973588632730414648122845066905243674 - sampling time: 6.6712071895599365
15901: Sampled 11 with 197167988710369072007779117223826141271451104526794275416383195421579201409893475072697426630439159175490250029181655176865141 - sampling time: 15.606650590896606
15896: Sampled 13 with 91736786957405264632588614624352858048669113072892645914080922404168829639651795309006801914422112820863841857155130235641417 - sampling time: 6.881216287612915
15895: Sampled 13 with 66646894265626458906101041128384645795988806853385930704902667893526263002162756506352671834510334915690994458410310973886250 - sampling time: 6.319865465164185
15899: Sampled 13 with 161158423284921254333840064791852926261808862437007526878756917622391895707169330105158385333971723083369764448277578853682539 - sampling time: 6.9211812019348145
15898: Sampled 12 with 120305949128550676935315491738431781856651490683905083422572259432315240158373753679290293002557079873236441115470804606190949 - sampling time: 8.082891702651978
15901: Sampled 12 with 197448652419457886231644354593117251348129488908084900958595292791727410026239844750805022863378699064564208503406511559879302 - sampling time: 6.088667154312134
15894: Sampled 13 with 39086276911530511947821803898202108250342804085627291015268564342559342240137757931214585510030190991748740261015606727845064 - sampling time: 6.9848620891571045
15896: Sampled 14 with 94366633427730942842428811307627669057784145327665398844167821378442381583194680991552412496531848646436360980074846010859926 - sampling time: 6.839498519897461
15895: Sampled 14 with 69775079830300008326059122398000548912228056602546414539347858272442650260179693993806224557318798485769381093780440986913937 - sampling time: 7.6816887855529785
15899: Sampled 14 with 163043464237274585524402460045727371067088378500320144153781266804792660215179655585206939700529524093232439276455127688601915 - sampling time: 7.0154149532318115
15894: Sampled 14 with 39767028322864919501697858440510461513260629185201706987603487108098415829278949124961877035042865167231388508528147700521701 - sampling time: 6.949294567108154
15896: Sampled 15 with 94569437660754880068825771942557898888323840369760281201670546521147219372341405821927491830917954035770564457552499376426121 - sampling time: 6.266388893127441
15901: Sampled 13 with 200279134652361753426289877886253491040478005165645713675912561083679719624515738313635715591583417620713800706043634698563135 - sampling time: 7.3779754638671875
15895: Sampled 15 with 70237707866441724115925571753124550401652226488822880205723643385988636243362544557060976697809959236109646324012307837694057 - sampling time: 7.469170331954956
15899: Sampled 15 with 163106597307296301190426322889810736328504906396221087356306244975824846233764499062668371467823128447669366746044405209906627 - sampling time: 6.2506115436553955
15894: Sampled 15 with 42203612836604663647644467358119385113392857769701019985793466312999689467011337136893414980264619185961744044544143076185830 - sampling time: 5.501593828201294
15898: Sampled 13 with 120843593036219831858913566980509851076432688749471853422635361867913529909554560418683100707886408341018125467653373194894561 - sampling time: 14.031090259552002
15901: Sampled 14 with 209511267944244717073893246765318435243635448539538969777341840529850731035442434633458562442546047948331500893701406296924973 - sampling time: 11.002206087112427
15898: Sampled 14 with 125115233144154211790007944309162298321199898920821990915900162690686789072023317343066504926316464670382022181539641421148351 - sampling time: 6.520510673522949
15901: Sampled 15 with 211963977290876004536660232527354627432781345872566683707922624762500812570170573738669692186725722585035798446690694137233945 - sampling time: 5.184300899505615
15898: Sampled 15 with 129093825005534341640309314806119734168249141281255828451266642510023190839586147806365417150969877646595241126543041109519066 - sampling time: 5.3924055099487305
--- total time: 141.12775325775146 seconds ---
Output samples created on:  ./Samples/smarch_opt/m5272c3_100.samples
