Input file:  ./FeatureModel/olpce2294.dimacs
Number of samples:  100
Output directory: ./Samples/smarch_opt
Counting - Total configurations: 8187965460549119231483396615787248158155368266800312424131065943440817252513126522783934300430301226732870028793150127339472400
Counting time: 3.656172752380371
3111: Sampled 1 with 1004890641614404240140689009905003593149588162588181073322963012967143233829245457395691991128355721315965730224686424628280088 - sampling time: 10.713013410568237
3118: Sampled 1 with 6181658915335304490041968469800000064860793589250093996442385309059642927750666327250197826161572735011983915087300900484849170 - sampling time: 11.222404718399048
3110: Sampled 1 with 28293163978651686529246842505171527137247243711322292424117157579087125080127385413106818634467718501373697448010118188947508 - sampling time: 14.014459133148193
3112: Sampled 1 with 2202948437542348446364896170775738856470997150964038889276682297155391330793950039116536674965069319865352506873388494462368089 - sampling time: 16.800904989242554
3120: Sampled 1 with 7392721907846324644661328803301503272623194330330075581393424215672892762602758303535590325767134861956595105718269842540065242 - sampling time: 17.240467309951782
3114: Sampled 1 with 3503660033203773884255171097413383609384253886244473699162326531108438227338715223196850321631053515404800560644580563410173496 - sampling time: 17.668492317199707
3111: Sampled 2 with 1053408898457406633063553378192719231046029619526210582209656699651966062101943389789628268132886813501631861569706449806800165 - sampling time: 8.118521213531494
3116: Sampled 1 with 5210811060531094190522180735232515017047061777842227122881614338063977897130303514064260032131510924805235439515196161789707815 - sampling time: 19.843228816986084
3118: Sampled 2 with 6185868041685495921078595999844875334527123359882098194120658953390929137011836289558621041061690207202195306766850069891056171 - sampling time: 8.940301418304443
3110: Sampled 2 with 144852437662920848324540644704610401800334931140856281102832372429867067950926132876007923028387734266126926185399176661226913 - sampling time: 17.75737977027893
3112: Sampled 2 with 2376907720915940531175593728919342990233812649779473830277999300398183562955245694538552526499528734563193911725412205343606462 - sampling time: 15.20331072807312
3111: Sampled 3 with 1112124303228465027868531621133474480085810387726254467556689678858261860704591308734185291758816930524294592192427893043609644 - sampling time: 14.977855682373047
3120: Sampled 2 with 7438231564965215565661459583564978172014786694929897361084958480990115834795990075970918998821748737018157947117431168320257753 - sampling time: 16.73662495613098
3118: Sampled 3 with 6325982039001520081217884930677445475625255997597351578324459618240303822190761791429085778022185648258484550189613865463478443 - sampling time: 14.718994379043579
3114: Sampled 2 with 3537836627640152085634388569027773114224817510416336427371193752211327037517009256160804119553578469656853463793277207995730979 - sampling time: 17.80452013015747
3116: Sampled 2 with 5235506211594061286037310781271752542603207829447494595693627950722014410896508294860174617978036798516087051159651367107946174 - sampling time: 19.23207187652588
3114: Sampled 3 with 3662333795321189880172696950046034749864436786885388026661955084851520997283071229295000774892141896889830957655844903383223596 - sampling time: 8.335272550582886
3118: Sampled 4 with 6326513326565736163496064355899580452215360235258868633188609187989232525163350055669591884485442803818993527856064879587396728 - sampling time: 13.04329538345337
3111: Sampled 4 with 1282640167426326823981603140469764118166678852744469112866765217714636688627483728944744501222861205526691538334822072374630495 - sampling time: 14.958359956741333
3110: Sampled 3 with 158600301072915549917110841505990128650524811453212929906035808040905812161634673476038734581075047786594421767810093832969260 - sampling time: 17.445940017700195
3112: Sampled 3 with 2471344705532807188207707926330207317150175183992202284980518288489471922678401075190407326036241460361215440631886467447853825 - sampling time: 17.426058053970337
3114: Sampled 4 with 3666679784837699798283191232271112498956106622785540129478796138282948102457479462458368316313686179159262331446359852750991545 - sampling time: 7.97694730758667
3120: Sampled 3 with 7458462779466406735265464429191411831724203467077566968122158915951305032821367710886124281218891497838408004050797783443082368 - sampling time: 18.741055727005005
3116: Sampled 3 with 5431372451576810885318788297425707499594401407944644792004643841686160415025877250318704103610125153450042115951779872026581474 - sampling time: 17.147201538085938
3114: Sampled 5 with 3805811700492772065811463700812938874709480905975786558148858684680730104794898555658351143589461149101053281750873662051096137 - sampling time: 8.933181285858154
3111: Sampled 5 with 1343231632695112756771849660687304056769146736114025900862913337526179870995927982874812301950675852478633411342618950476272182 - sampling time: 14.264944314956665
3118: Sampled 5 with 6455800615042088150980741204607788444408408362835380343322521462478076091334725448605856057950359771720321897679549385014167554 - sampling time: 15.32514762878418
3112: Sampled 4 with 2592572271078071158331722933375179199348903561640594384372412910900622722411318274127589289501182108034275757590779957200785284 - sampling time: 14.247026920318604
3110: Sampled 4 with 310421166447267587543914839302453776315445190887525797843268551424891965835297845747729417815864701150755871544929878334952699 - sampling time: 15.734582662582397
3120: Sampled 4 with 7503916893500733388578857461984893635009531648188236644012389343898053787709777558764112190336483643317710938383503918023584666 - sampling time: 13.740082263946533
3116: Sampled 4 with 5511553860656508575005205173530821819214271523923214716823445050676672608946617371481084999026557968580871615740210165446859335 - sampling time: 11.314501285552979
3114: Sampled 6 with 3834446293519246851708099113559951389173024470357230724100607901019985365408767423701507156921526504576701284250527797738793439 - sampling time: 9.033402442932129
3111: Sampled 6 with 1346649809326375036019454340242929647228853709612487437212798478823496219093638810745246551570531795930463725307167551677067789 - sampling time: 13.520229578018188
3116: Sampled 5 with 5532604960483144247860073122820660360940245747710175782198406736241413475043433791684607755638404139860991661822692347173223700 - sampling time: 9.067309379577637
3118: Sampled 6 with 6484271808731069645493352826684072582370531607673525591037935402683110788762273892956954987209138718675069708563055897536737293 - sampling time: 14.675974369049072
3110: Sampled 5 with 370239687223780831344812146558753459866511930442414763813582907595575338744705309708615343005438334492940273075100362073601759 - sampling time: 14.170875072479248
3120: Sampled 5 with 7577150415387476645043068921274657832113838517169528211526807492586217994597013224581286241571568897839951496136276118734969903 - sampling time: 14.010687112808228
3112: Sampled 5 with 2640443703718143648579539225881835645947356895707031555162870512423713124923403218981757036840062448171090805468714341483268437 - sampling time: 17.08563780784607
3114: Sampled 7 with 4049127371295605396674298541502706992912383500215256992349947804344366370312633924495300954170397527399997050206296100349427853 - sampling time: 14.085936307907104
3116: Sampled 6 with 5542589377057017403908850806865483208555736874222893034712093666325025387333617727677065192829088603754110185404976443853768335 - sampling time: 14.481080770492554
3118: Sampled 7 with 6651927633138148495989328774146506588479990465702666616381682225601555816164775750208773885786517150843361065400185100014589981 - sampling time: 14.160400152206421
3111: Sampled 7 with 1369472144199787169658914092481946676966834544781835699272825728164669970232975670269432696089675704680385459573901145216792993 - sampling time: 16.059593677520752
3110: Sampled 6 with 392471091496679808560697219389994592931595949929425809081122277690756240688550168777511678589467379518795198047069029880596830 - sampling time: 14.36381983757019
3120: Sampled 6 with 7594995408252737488072714203471129382685729355392882806997784641817799325830768228440040980780662748468636355474699076531835365 - sampling time: 14.406695365905762
3112: Sampled 6 with 2881944368287041613211404548317591543745452267743229529368049269650002596214047206145633175985616064587778573380986540690212446 - sampling time: 14.820398330688477
3114: Sampled 8 with 4053408869872384430311424652018117167684159048301512565900325237735273983893181051588515753256041435152272924835605535375722528 - sampling time: 13.0984947681427
3118: Sampled 8 with 6805651828733063438560336924518492184772678604592683174532631868400914386934638726423566528099140722131434470621218885675123423 - sampling time: 13.157325983047485
3116: Sampled 7 with 5590175912300633476294447939439187119437345946100193692641031474001017473827782242719071682293346512856139001870980552806039501 - sampling time: 14.550490140914917
3112: Sampled 7 with 2891758612784066193994720519700915758457796727511005767005107834994047571457824651170545366337242739590421687192991492587332682 - sampling time: 13.18362283706665
3120: Sampled 7 with 7846631950580994803591599019083344594785598853913775735502308655549228398226575486216072832769914305752670505485760802568547620 - sampling time: 15.729281425476074
3114: Sampled 9 with 4088727299273502076301686386712615366003697148375419466143479793911949772306714237824446210484404290511561600786844648375379526 - sampling time: 14.006699323654175
3111: Sampled 8 with 1416333724886730771520640341972107079397591194939662062936171733436611145297996561254465241155676006759823776641945427210163816 - sampling time: 18.458701610565186
3110: Sampled 7 with 463799109321200322393235980108688404269940055603186136983224051219191781135765682807793618790359205601842306316568838220915111 - sampling time: 18.97580599784851
3118: Sampled 9 with 6829428377135815305661950550029052947779687041514754312351181579874051975127283962454581124305167352666189635777233466333335282 - sampling time: 12.773869514465332
3116: Sampled 8 with 5641978811878756806357573186903375285577089754608988154350023804192149186951539392772409073681315478465319161951896800600742482 - sampling time: 14.150245904922485
3110: Sampled 8 with 474049156684346897691459871677175882109767259830429395429769692707903426136691760092866420804539884663020581780988751470133021 - sampling time: 8.235617876052856
3120: Sampled 8 with 7920920459981149217143912489121427474554650255063692510599684514443928411433238739326916322185177608994321017755020965276641264 - sampling time: 17.85908007621765
3111: Sampled 9 with 1484460018428687879747358014858429793044798292664945979366415832726984670441875902059453118126614640716891226780595543175502887 - sampling time: 17.49197268486023
3112: Sampled 8 with 2915541132207639572123602989476406760147860789333596263453097359965493336496411515585463667964532030291070615456690361766834455 - sampling time: 19.85801362991333
3114: Sampled 10 with 4188718949550760430769110879568913353116962744418110661000425651908130722329988947292381501174682726283471096618392147840168158 - sampling time: 19.561001300811768
3118: Sampled 10 with 6865102636836978877221490096097719743498422584271428716459931837741762922880104442083348776479211250533247596144635726664276562 - sampling time: 13.859281778335571
3116: Sampled 9 with 5645779484610862694877643817549350860447292847615506943014440506471195575972754636692180174719406919413212961157018056396557173 - sampling time: 13.096582651138306
3110: Sampled 9 with 561972599384652469937106946816048545188579388130075175863110880477340760740745253303630855009863154591175563537594589574078198 - sampling time: 14.008928298950195
3111: Sampled 10 with 1661313395480099255822461613652022574933229429069842391444493044343748902073615456904872719720406139650071769306689998289703053 - sampling time: 9.460287809371948
3112: Sampled 9 with 3055872140494142891750553753586845042898856991246908040631468992723322401788750007313069012425228353187896182043456877906410860 - sampling time: 13.970046997070312
3114: Sampled 11 with 4285159937075721194733985842163127885200421772755311189636654427081058210661862596941536718812693973462940359333257970818029236 - sampling time: 13.92304515838623
3120: Sampled 9 with 7964008989139248906030080611202478430871896577145421495906830296593590922468229538898225639836734588110621987802461310195108286 - sampling time: 16.845499992370605
3116: Sampled 10 with 5730199287752948537156897495735108030568056742542929643299215785641996331973818595607666100086738746349487073429634406632199796 - sampling time: 13.317025184631348
3118: Sampled 11 with 6981326602889279840958929232641880100149568718111414413361215575640752813738862939338549706728715066775179067266569015186265897 - sampling time: 15.065132856369019
3111: Sampled 11 with 1821358310587035455813820614780322903348436029410756134271309011272994453582332990751232122840583339391010293199214615149418503 - sampling time: 9.70412302017212
3110: Sampled 10 with 602520568351665063977602272978423104524522876318094472143611760763339285199047748822422361483516518166335043926962624819829141 - sampling time: 13.410099506378174
3112: Sampled 10 with 3059150788646761519911327214010421396558774028779956167583069379820432920925113921660273810569803757399368574789629310993440111 - sampling time: 13.124871492385864
3111: Sampled 12 with 1869831001830885132942912553821775777978756759778556491480282480089224840504834078348789571831723195698400135650332336974474190 - sampling time: 8.220877408981323
3116: Sampled 11 with 5807448511506877238955823644729350602763116679308918752677043836071101948500032797503554867966789092374772197643192970648285234 - sampling time: 9.889329671859741
3114: Sampled 12 with 4562038606070435355631270659805869287399278259584092478512352105572446006694918323133521131803346060675036583422780166164870325 - sampling time: 13.356469869613647
3118: Sampled 12 with 6982305969959582087656506124763099456921438684820397522696584761421011058285001774357525355671261719246963709631969601500896719 - sampling time: 13.031228065490723
3110: Sampled 11 with 692819347231236862046280431159999442188550329202719953398602614724787247236914273411955312720532623013002133564117532115089771 - sampling time: 13.37495756149292
3120: Sampled 10 with 8131517135444135526811945328656755586903293230732627292054687158319707827897667480657289799884567370873393911338988323665638820 - sampling time: 18.97191834449768
3111: Sampled 13 with 1885279556345594467875280830865134739078356358548875895034475753842824354841758915218775117798154592882617245497681692368117598 - sampling time: 8.45566177368164
3112: Sampled 11 with 3095106474311187151938261276911320367510818776612660337096120751236122876742937334980533520549437300577454520235500258048385790 - sampling time: 12.995141744613647
3118: Sampled 13 with 7174449639722690259681791813542104316500758178963324177114781834969222277104117634255314986632111891510433827051637198856488855 - sampling time: 8.811050415039062
3116: Sampled 12 with 5815915879365158417997378156170066689251256698967852280101174758815640650591923505076090916780997921990455566067032783410632809 - sampling time: 12.98919677734375
3114: Sampled 13 with 4597450996284504086007106771680548221621117901955913494297822459828175496425898656366016181371786577327306405260121055404430929 - sampling time: 13.22630500793457
3110: Sampled 12 with 845010820887608141284749551988220044894089808050951000825379578561742022703087273306430063368333321884445562842058189848812631 - sampling time: 13.090216398239136
3111: Sampled 14 with 1926741921652619857209180184117299914346198605420062399881700651733441030795458607978096288815487977797200084032720306555283466 - sampling time: 13.800629615783691
3112: Sampled 12 with 3099250086152327822025693571426798119596593071594040482203697331301843752738568765287182151542493916933694779432107865964283378 - sampling time: 12.049996376037598
3116: Sampled 13 with 5869069677717756641162214569789944305321231970846380572430344013034523995589196359203011169955618553588178451627912033276190557 - sampling time: 13.197046518325806
3114: Sampled 14 with 4607967055207316123617975233421702968391404247713255742628043648212264340769186319353461713651261158031972583302876046781386546 - sampling time: 12.018258094787598
3118: Sampled 14 with 7183003471011488780845064712177647678032791291525229972053421270692836554568112494140210396472605939267563717913199901678373238 - sampling time: 16.166258335113525
3110: Sampled 13 with 892490732526504346981312338682958556551405810225684353741331167143839746678464665401054683218020342700983031885116984582987642 - sampling time: 13.809159755706787
3111: Sampled 15 with 2196105480430892906596832319646495911854047794198536557961289897625467997616451345983715728713789796373379047759044238258801700 - sampling time: 13.451313257217407
3112: Sampled 13 with 3122436145493046169165018230106423054077834415876131112195309259327131976886177755178499998147305326110516936206948540502620651 - sampling time: 12.44018840789795
3116: Sampled 14 with 5870993902375576047041571333811212495477443922346043809920552029822364926828157164818395771982654857629785740962881214183975715 - sampling time: 12.115136861801147
3114: Sampled 15 with 4964998741230114362475894451080409510171836817546496542774131266343819917373445662625058950308607844151968173026322303344478943 - sampling time: 13.373194456100464
3118: Sampled 15 with 7333435858372016885743955380413283530072150079697099632887753809109282230343928146077416828141656518466821335300637870851046820 - sampling time: 12.545328855514526
3110: Sampled 14 with 910432499895596787842098274065852451968460386385606360568897667893481422411757081037062821185372129404199657477630495223002480 - sampling time: 11.666728258132935
3116: Sampled 15 with 6181013930439427662808943969394805134509153384268819654004231942995376753982959381307512048512387441901117112141630880073826757 - sampling time: 8.165977239608765
3112: Sampled 14 with 3250414991133256858123547750398320252372362957331923089015865267366754140347417261490520643231129301505061378246963185337022633 - sampling time: 10.746562480926514
3110: Sampled 15 with 961929149737538275813936613035125383120730765752377029697845439602081836564808689987765148888703789711507287128725343593413659 - sampling time: 10.550679445266724
3112: Sampled 15 with 3256471707432465515296030838953599019162806291220534957825901020309053442607566662131065020308731919906801305278668406556969670 - sampling time: 9.042763710021973
--- total time: 216.67585039138794 seconds ---
Output samples created on:  ./Samples/smarch_opt/olpce2294_100.samples
