Input file:  ./FeatureModel/pati.dimacs
Number of samples:  100
Output directory: ./Samples/smarch_opt
Counting - Total configurations: 7901505627733039911417502588183195931419743370986593956111576213702116855966805459012822245118008186717339802422502437673492400
Counting time: 1.350496530532837
23849: Sampled 1 with 2381072335992038525678195111539615560252520668893530526952645145345399249532449329809993724651748907036021071172679679873101392 - sampling time: 7.705512285232544
23853: Sampled 1 with 4567703524694068175290029132425926145856326076010646569899585870326045248314028186712405699609359538459106306249997166429500759 - sampling time: 7.911370515823364
23855: Sampled 1 with 5825525241900455043367931849930479525005836084127594762362928230078917655233992909804295162979723568407999320754013354296511885 - sampling time: 8.439659833908081
23857: Sampled 1 with 7143685554401865919925780810952364189649613421048639871444188113557287075178486196441563037065591831355497766544986413748736386 - sampling time: 8.517787218093872
23847: Sampled 1 with 17025230194762299435495304391695903541120109048652924640058055450139234109722047711453986895320378740612354666061235729096412 - sampling time: 8.62556004524231
23851: Sampled 1 with 3474949567658664059128385488340767527060901517182462354172401656146644230832936211082799296848716961495564529318257386353095780 - sampling time: 8.862861394882202
23853: Sampled 2 with 4821321332728791721661003699395736107494035357980421070053972874855079175295208366817472706310912229326854865248249789175402779 - sampling time: 6.419459342956543
23849: Sampled 2 with 2406319702206725682386051652303631667979621142698566428965280585225955606414407298411451749574867813482210510003789671645278778 - sampling time: 7.09317684173584
23851: Sampled 2 with 3498584768135271729013520839489869618568156953079736403352209866786178648973255137666322806771328062908670590459027346970661129 - sampling time: 6.271757125854492
23848: Sampled 1 with 1066786392691123129184623278024058593832339263662314485623569223115399353991713868876772889486055133912630051247586263098775600 - sampling time: 15.610142946243286
23847: Sampled 2 with 41512085417048546252082899476315290166377005971770218279594506890357313432131340794194363242455448754149227612627594316420316 - sampling time: 6.986856937408447
23855: Sampled 2 with 6095424233440009688586678622891070281985576828593166545556147502292111229328364158797042107490633705013562471700509290121705256 - sampling time: 7.309572219848633
23857: Sampled 2 with 7196359902514989710355639662414937133454476089764932852364026180611605993009769218256268577838005206988689266167567708511778498 - sampling time: 7.696632623672485
23853: Sampled 3 with 4919366758319543172110860437784889089572599411035215711879039660822130495655901566168925980099249021237748583073348954376045528 - sampling time: 6.770657539367676
23849: Sampled 3 with 2450986283395109815956037359308330197565599723982864102289474474970935680159659360566323593466325963866047388185716400884048767 - sampling time: 6.649303674697876
23851: Sampled 3 with 3627856636659000741726046908300601432153554250601243363600551700507176732462766111607275743476379628161526903776553776822383942 - sampling time: 6.493933200836182
23848: Sampled 2 with 1091749610241355903055406271982851104472427308746438646576241842347059671688754492701697875232150039523701745571725509948409874 - sampling time: 6.526225328445435
23847: Sampled 3 with 98024288465983480480046304435510711180574915733469457209592960134658968377146203304723734507727126509803190681509656393991918 - sampling time: 6.789259433746338
23855: Sampled 3 with 6148018585726897020272753020238898894442792084069712404014546681177597343888457163474459441120123582960494181102071078265812832 - sampling time: 6.706973075866699
23857: Sampled 3 with 7239256640547279188585691539799121351647854389674249863153147978598564525584393048214147702086173651337148341455536927357966817 - sampling time: 6.514317512512207
23849: Sampled 4 with 2485538969182717399469303113824931901948189533823710696045173774570628721974192050159560189073633921452523346353474820247484538 - sampling time: 5.902162790298462
23851: Sampled 4 with 3789328996733909228432605640765447159573878982915697633071487638669474935712786975070473347661530035292461826965370469133479550 - sampling time: 6.201038599014282
23853: Sampled 4 with 5015391712056146611193919433835129824025477966918563714314436224420972668362681446809235537763333055040121680042164739224213970 - sampling time: 7.081473112106323
23855: Sampled 4 with 6148111807741902822381152706390442628892728066788791665518130756855298321208171648688411327700836332371911203502774177301188470 - sampling time: 6.341874837875366
23848: Sampled 3 with 1109975090780247548017207816526649864655071393958365588918506020959043791510181987070206984030686299498423681783138855473599852 - sampling time: 6.837593078613281
23857: Sampled 4 with 7265356065567874608358597076195415365340885229738893215012450725599141829274900222031931554851133258041328042738925529088075804 - sampling time: 7.298442363739014
23849: Sampled 5 with 2540525280213568373705969362026469475068627120494034959765876569660693922462702605367229902581442757721373179790591924835497182 - sampling time: 6.689418792724609
23851: Sampled 5 with 3794031432076644847149414549845539721272079480301108829931791360852641248496797740193018807238541042591503013159522540086866249 - sampling time: 6.475048780441284
23853: Sampled 5 with 5029090521201335039744933470421101993704364917143296795779077292523020192550292240910071500887207447816684022027456358654823625 - sampling time: 6.811109781265259
23855: Sampled 5 with 6187439755550581166869306808185958985913413803079243058493258568355195612136715280277816424493059779993746365124955017890235857 - sampling time: 6.470768213272095
23848: Sampled 4 with 1159520189001625973085881476546611307820782686633030984045562425417557439315294050946913919607313256848525975757044831149994433 - sampling time: 7.1620965003967285
23847: Sampled 4 with 125118428089584932529592964774609089726424371392680378353686427859308689698853465700143800014868321212373176565317020123423114 - sampling time: 14.316441774368286
23857: Sampled 5 with 7276346096150667855073381318333274978959595155029355966154221278703071356830240323480306026849757077849595325777329464493868602 - sampling time: 6.813477516174316
23851: Sampled 6 with 3796495862875231350952563318680962114824941893766258431098207627572954303944008759186774013451759724541757917023168562124199680 - sampling time: 5.771169900894165
23849: Sampled 6 with 2579842592855451338083785474213933050229669910189727636332409309990915184043208572363702501608237925450012710891875873714647076 - sampling time: 6.226367235183716
23853: Sampled 6 with 5109901231248409612093274820837135828234735528748159857278340502242436640317045845376268290532994286000573250936608769083531078 - sampling time: 7.850789308547974
23847: Sampled 5 with 144930056265393187588729117995638970393018447645322611967809578535454233723284330526597815760521767784114294073427177742468692 - sampling time: 6.394912958145142
23857: Sampled 6 with 7417030023213900459308236799927756613721712193919541149727077089901339508118518840905906286101674707068765071472448320059840660 - sampling time: 8.997259855270386
23849: Sampled 7 with 2626875719598877098182857686950417097385034122447655833542001469997476328250937879960574503578125206149307562544612602715686635 - sampling time: 6.688250303268433
23851: Sampled 7 with 4088059352160519720318959501239860158934193124244813002485819379700863039729253247073694629638782826663903208992976733819478677 - sampling time: 7.190276861190796
23853: Sampled 7 with 5154828721594686601927681502277504390400976802606382662866130808558067092428246875084254282169865017134687896907276077134315280 - sampling time: 6.690183401107788
23855: Sampled 6 with 6209467733895002595516408762486748503099804264535838614386315678986306799749617354306731195748476085478849504449042534932493649 - sampling time: 14.78028655052185
23847: Sampled 6 with 253951724653223794304368364591159277875752121223639953611288066710567604537612932086483946848526422280037163365954012894004080 - sampling time: 7.1966845989227295
23848: Sampled 5 with 1254781221836762035052216344376634278373947575961414625232861109899714638057189113324716223333501983084555340169135586191565459 - sampling time: 14.751612901687622
23849: Sampled 8 with 2651501717957796178425216489283632865834813773627025938430866465870278955272501242245718165242048463972087140424141221184324981 - sampling time: 6.562669992446899
23851: Sampled 8 with 4112358449452447362218368267454516490768072506991578635681993125537903186688284061695669962947078538264024230723276159486711115 - sampling time: 6.474900007247925
23857: Sampled 7 with 7495947698376154072269572604071852675613968692519886469344302389453979144906820678493007001253683175514878129527534644144555477 - sampling time: 8.095626592636108
23853: Sampled 8 with 5255839118261059287601732610510011292787695149146388372400517946451115728250437984924818861921081522731855634417390724089148352 - sampling time: 7.340951442718506
23847: Sampled 7 with 259656552998208507728887674721953474606218156333563554307925864737536630052737748020915969842489636527479988972040666811897971 - sampling time: 6.696720123291016
23848: Sampled 6 with 1582746023742024122412644212768289289891106775162989624106197717041718853894086635768301712006518268549049416603412487752881405 - sampling time: 9.13051462173462
23851: Sampled 9 with 4168811376381798818608361313021177470115744967028533638493061023746627437849492454372377335900597046092525281399540285649286642 - sampling time: 6.5353615283966064
23849: Sampled 9 with 2825042780062095059011519519302960223905204860060675942064957193990256094475830818546439182139086677883291098266231865529014768 - sampling time: 7.4633519649505615
23857: Sampled 8 with 7599201391472540369982352749346942248386085006651732364927732492437508963180972639394214326399916116192767824865941566752179374 - sampling time: 7.336551904678345
23847: Sampled 8 with 270220244079783266980107004370675417583376525488411214820379020467742688535438825817735057371494115627151519287918662308729785 - sampling time: 6.189990520477295
23853: Sampled 9 with 5361262915720936805671869761729241796156383397082730410968509452568105680025291745712839442942859011917314418203636591629898021 - sampling time: 7.294123649597168
23855: Sampled 7 with 6402805891574146766712351213826295339563674035380417843262023284623515469511506344089372194875518183083217881734078725900482084 - sampling time: 14.555590152740479
23851: Sampled 10 with 4288502795734605900490317584502703599812444926642500094808507859351469820366598071740058858361993338715268694041354952198793026 - sampling time: 6.5733466148376465
23848: Sampled 7 with 1600161316357270640921447846325891295660511563461750544575053445118842093341366968210569184879103610030370007451357380550606058 - sampling time: 7.4073805809021
23849: Sampled 10 with 2949414128671371615003415278527657106688188192857181452523054161324211274593676547114063598680383925221340611234889964639111324 - sampling time: 6.716625928878784
23847: Sampled 9 with 354674470335727762862248395838698107578507996430547203297925758485305039444032938049497091384035098471799503824387893116527650 - sampling time: 6.752028703689575
23857: Sampled 9 with 7824846744459726964351638963837288705279352979475956744819691444897439662619745597327451062705555650876388090610097340487459050 - sampling time: 9.382118940353394
23855: Sampled 8 with 6560523438941635191655345023818977417232332290181907176073762381704454158195841559886268737560609073738929636608918700948608678 - sampling time: 6.07117486000061
23853: Sampled 10 with 5412474394543318078231899380699524432021950932450702175995807102465690528313288811193373661972946536724195641559927220048273295 - sampling time: 6.912190198898315
23851: Sampled 11 with 4369574001801771882222831445955490589949633564592489574944227965132063230342003257239558100542653465030389067758385519501212202 - sampling time: 6.618206977844238
23849: Sampled 11 with 3007065438649200672904515404731303433718897157374068087849730698309304984639068794925534593459567879092360894026926150375003672 - sampling time: 7.025252342224121
23848: Sampled 8 with 1725286254407414293882033535531706086404888773713073039686218374821098627454668051679867865027716464025441926542462852480926215 - sampling time: 7.823596477508545
23847: Sampled 10 with 467985243250132710454885588375444204568352080145649791648602231093949793529525152277407430239205420965806429291528049256266188 - sampling time: 6.869833469390869
23853: Sampled 11 with 5468790889842786777094802385116925602883633442926928569034649255293026224727042259051086484812380957835033068386172471170385333 - sampling time: 6.574909925460815
23855: Sampled 9 with 6652814967929255903702316893045779486089997449658492609572390794393750735107956436678506759066872319561202841004299898632595730 - sampling time: 7.0067503452301025
23857: Sampled 10 with 7876868799391403444485150385890607700265066261399055112131134477520264652758225704906555755182263633397130565761204217080875364 - sampling time: 7.166945695877075
23851: Sampled 12 with 4370649916809626540417006222574075295457804560815625782158325963233590879550070098472872476207278637355370642256398681550674405 - sampling time: 5.855734825134277
23849: Sampled 12 with 3011768059119682916021391436550909590320339176304308228220346213749508953485277732142452145724473010389169921837052400614862187 - sampling time: 6.278792858123779
23848: Sampled 9 with 1952441906272559633310036364759325134512378180138572085252030240007299951615652219411473944367396132462588521600174900930413941 - sampling time: 6.658686399459839
23847: Sampled 11 with 572348361952698666847030329236066360159707475747956133717579814749048820902043778763483415725708136466605121822177595857074376 - sampling time: 6.202698707580566
23855: Sampled 10 with 6695193234463994896564783995059062044098125669908500336500448806573485885567748243298202620232427774556245349612751504243355333 - sampling time: 6.20905065536499
23853: Sampled 12 with 5474269573004328687106317578902800859340805015862105304994362186041203911165079538495145442111486978353538515159730690729074519 - sampling time: 6.433154821395874
23851: Sampled 13 with 4384453538213571235154674659519639322134328114722678132914295963827633344012117598461894107473096559896343472030209870664006250 - sampling time: 6.098898649215698
23849: Sampled 13 with 3287413285816770782756574413054597802040146008367139814770359041759147859205672737175503030665753301764580728748084274794121912 - sampling time: 6.430038213729858
23848: Sampled 10 with 2002410994660620242935088344376496746048091855529758535095182643230749371700625018046979807801519664979142893514916744279426506 - sampling time: 6.562469005584717
23847: Sampled 12 with 654172632360288202796732770444483021085444325857583468838401724366317759463568501737731810954550337322811764990692980275243553 - sampling time: 6.035587549209595
23855: Sampled 11 with 6775531554719455062875110742190060842783297336029592414584813107511224372318357647953893848964059265749446433904756248329514736 - sampling time: 6.229868412017822
23853: Sampled 13 with 5519816749052053144202539243249177704714252684928269454728051655573125340359370316060886948065010846483345872934955629292038988 - sampling time: 6.0791144371032715
23851: Sampled 14 with 4537577259572505493885113573118485660848702240511748692246169075835240985331936179655175160964324698643909358495505692463985975 - sampling time: 6.683408260345459
23849: Sampled 14 with 3329715249805182184085922010512774854259463652023737635319623806874804243859043038121924897793397931999699242523045065639823367 - sampling time: 6.047142505645752
23848: Sampled 11 with 2205490743531461807252968388447762290924324397424063636790963749080623144319108554761491905193426155898103140637845489974222770 - sampling time: 6.441980600357056
23847: Sampled 13 with 687349386589035342392785024645388949102411578613828970711472813347228721445021516873425434854308428628128650947381804189326064 - sampling time: 5.881887674331665
23855: Sampled 12 with 6817236742101118042135371055045060248358193412880858663156563917493711445446415110960221397475966707365860124052813738033571329 - sampling time: 5.846190690994263
23853: Sampled 14 with 5578780769553473464634619396453041538698090263680979406493298275233715977220092789888929871042799654919411117422933101834406423 - sampling time: 6.601569890975952
23851: Sampled 15 with 4559914450778114213738306385961257991692786660565099871468205866936987622084276902595251613650826435293921757318845734788311837 - sampling time: 5.797396421432495
23849: Sampled 15 with 3450715558822351558364285021958607602758873817419059115769863001515867577475803122424043562019636389946129402118703305293280029 - sampling time: 5.997521638870239
23848: Sampled 12 with 2213678112423860719774026028429264747747220584175891440290705819295953736770188337913959840913523404918343427778026313894080527 - sampling time: 5.573668479919434
23847: Sampled 14 with 827073926264115014364281021926770439136158529744714938587973253775344899076898990960641829769778591833663928259502123812687272 - sampling time: 6.425473928451538
23855: Sampled 13 with 6823266482079994225837343350787469289520250464916576514783024767171237957011420003230842300453508328734285809804922292641103113 - sampling time: 5.540409564971924
23848: Sampled 13 with 2241776722298586053049750831158284346897769704104680752407810067221423751104979877389912463382240501694899265707393024538337876 - sampling time: 5.124461650848389
23855: Sampled 14 with 6979272199912966069288380274375411004474815212910710355913059917561475701998600595180411490642967639113132675180190052244262097 - sampling time: 5.09883451461792
23847: Sampled 15 with 938045092359920822162560996389033825823549575262864981270337752987831476472826165329614190737881802656767688699166850218251982 - sampling time: 5.710165977478027
23853: Sampled 15 with 5719809425834845941638872909005741341559781984473404596883723273184644657875114739473836497413071805905876777665051024575765948 - sampling time: 11.419773578643799
23848: Sampled 14 with 2292854977600744853226260341041904836231666467003018734459076226018404601964255401621655526700752553130561761641444232399099589 - sampling time: 4.934219598770142
23855: Sampled 15 with 7117992872657563419579996537629189725446596461717556190799866367966161931209732005833563966956157830339852091628681013940595571 - sampling time: 5.185014963150024
23848: Sampled 15 with 2344308393980031421333842784538916149276272950982497495137569143998123680366302321253276454797360267306977066357808278407590858 - sampling time: 4.258543968200684
--- total time: 116.17835187911987 seconds ---
Output samples created on:  ./Samples/smarch_opt/pati_100.samples
