Input file:  ./FeatureModel/phycore229x.dimacs
Number of samples:  100
Output directory: ./Samples/smarch_opt
Counting - Total configurations: 17690241291695326522257789817466990270511110167732440205850532019265621118320902296911567073878924836323606003183874302922311817581561360
Counting time: 3.7957870960235596
16229: Sampled 1 with 2276973277137034325022879093882626260965121095015235618086717869590560002733479938316373980154853909206601608986208270805087490845879369 - sampling time: 11.982194423675537
16238: Sampled 1 with 16410801446988243332132198367606957968470977378094806879540296556934783036435216969117580329808963002279825392786075770051211293237751910 - sampling time: 17.52352261543274
16228: Sampled 1 with 567448101601770959870441721760657171914404332392502479215329605083771869119480551747907997546427383080224708443265822196737840608655282 - sampling time: 17.70840334892273
16237: Sampled 1 with 13584891611716210155186842038356204851770094017555987603418034658537902929196990530745894557285421791115394884738551804221184611445421415 - sampling time: 17.939404249191284
16234: Sampled 1 with 10880576780493603590520835691886315456059754748654916347477655370256893982550879282986807179642532401892758894147692822908460649389240701 - sampling time: 18.43959379196167
16232: Sampled 1 with 8872901842387025927933094467193096338010779841455344612602263041025625062123849489634450420799803390383220247770939512850171543537766062 - sampling time: 18.6617112159729
16230: Sampled 1 with 5644268726051800044672064726919684622235811056845478844690400471040577125508041741007003964343479954589573739709897492158140496272196001 - sampling time: 19.079193353652954
16228: Sampled 2 with 947293371257900972193442845841429598421371807366584374972626609894580394978386027289176044919447843252743912259842586753901757827940717 - sampling time: 10.21427607536316
16229: Sampled 2 with 2721141318910552562041162581898285777947854952375589886937153966411263252921191240370025194199259678287910451843926256127068067856331397 - sampling time: 16.43519401550293
16234: Sampled 2 with 11146106843890042086413613821867040570208671269954255987877264799493763571398318411898381094196481429901420007583166227202507104197790314 - sampling time: 15.42118787765503
16237: Sampled 2 with 13713372098790064345451529903288423350445559362318024460631388417831884346271545271658977977933569219224217251600077232796610093892605637 - sampling time: 16.462558269500732
16238: Sampled 2 with 16715238698222641016453093749217977563178192888129143796580965216480909676083508029431813693576204279925413214738157417969595525993506073 - sampling time: 18.607651233673096
16228: Sampled 3 with 963534929048269521090361178640560125572013769498488232134095834432103394134435775543223298977533178782836950848854982099702309019198488 - sampling time: 8.51661491394043
16230: Sampled 2 with 5778646140332911286693833296027968476951307339887908960178098993679036660634871012066598358717771331857335692631214251161931840147794535 - sampling time: 19.453634023666382
16232: Sampled 2 with 8940001334987698755954591641467776626644826408280395946757771295361301260225628818454731060447460632765146999652065171305773634381163622 - sampling time: 22.251049757003784
16229: Sampled 3 with 2803583005302840401869880990467045942879809061796333210241439924966001349386030952192532559298275305730220590425516729253236971367489126 - sampling time: 15.426764488220215
16234: Sampled 3 with 11659267948075105168730090264772731087785760426600823358058848613139915843658538902480496426371167514458075875825296176900962943196743385 - sampling time: 15.136732339859009
16238: Sampled 3 with 16795318089776100318760613977246609452136549968992974858805053592305578020584263409730459122891056187257737605269712685789325478935788350 - sampling time: 16.725185871124268
16237: Sampled 3 with 13718253447835580627066290869550984199378806616503016829906849030338686716019936294702250378498117198091367956769470477708623431281939051 - sampling time: 20.28237771987915
16228: Sampled 4 with 1047055961707013962068365323197180301210913379598612153755684676477954946822283162674685647545051082087508269673146595019158704962315203 - sampling time: 19.419262170791626
16232: Sampled 3 with 9045350482774676805253877682435240847120697738879394096112715205966135925585112014787401892961507200757638239764211571163631238896798093 - sampling time: 15.798091650009155
16229: Sampled 4 with 2803733234277055854167112919320487463457899348775399907882758468897478681979191080197776070138944434896539763810628368870808889704146111 - sampling time: 14.241604804992676
16230: Sampled 3 with 6122589438144562745786349141247793970305012442526845252886434235228757982970310304152047843519972486388476095847842762475230349034731753 - sampling time: 21.010988235473633
16234: Sampled 4 with 12160810066917848221414511149775571387944432450328964964577228425114578574173057490426991009186973217822997450785781421843461985606538448 - sampling time: 15.138329267501831
16228: Sampled 5 with 1113503856524081469411278045295285544052846249270289488547937037640643863207679117921462690967335373698728282012930488607228727992400058 - sampling time: 9.549720287322998
16238: Sampled 4 with 16827477715827548730276679972711184406302427832497916937609914120302854855635780027798212245049560711939416689349064123596120385077363389 - sampling time: 15.591456174850464
16230: Sampled 4 with 6286236462272724562231908212284369253271391669536860521471116038469582501278994821916319479643379471628909851259619503552104497975987772 - sampling time: 10.404433727264404
16232: Sampled 4 with 9154184189054119762393077004697123844603532797976176793592220838848939252666443250106991158726093750483742012227667335359895413516172754 - sampling time: 15.03037166595459
16228: Sampled 6 with 1125899482071505853944101502571720260677384587154447701056095109617590230430500838828360389135679524823930099617367266754395985556783505 - sampling time: 8.1694495677948
16229: Sampled 5 with 2890944207137826260435479489477861374366186494725348159505496710425652663798727148410111100350807043570343797856204313427281789641226116 - sampling time: 16.058095455169678
16237: Sampled 4 with 14068031794118056553942029035584271029531713307324743156919045942717739165294595478295748324842281859613362249264371820311807062176916247 - sampling time: 21.25264048576355
16230: Sampled 5 with 6287262201530162865180752608633042325046279331175857090834805566901555225087208291940911744307620191388406511441638236547922109184743216 - sampling time: 7.8552327156066895
16234: Sampled 5 with 12210770151132896903130438879579239986209866282356698167708054261622434040461114590129838665221005007081923592907223237612841906664693472 - sampling time: 14.715750455856323
16238: Sampled 5 with 16853979576565315054121170103987587464588108923283867488794645070184975173114520278706604374717808703830796742962391708642598988448690201 - sampling time: 16.354750871658325
16230: Sampled 6 with 6290376651251486231844296411093750043845744851314418004011291199110572905684958795135102863421662229166930522240239781001874018994806873 - sampling time: 8.189846754074097
16228: Sampled 7 with 1466839429738387611787868212454999585630410044503359340154436954536703730178094587447229514520514611491695765501017776663131640220008137 - sampling time: 17.346834421157837
16237: Sampled 5 with 14559286093003113641080552037537730943904920795512465220393442252217942064508552605140764771723921318479095038849222611377538340583249499 - sampling time: 15.757513046264648
16229: Sampled 6 with 3708037220390905636935611648537739573479934419615579185632858727487647861711038358293111182245221090847749354537873938743264247599164691 - sampling time: 17.630998849868774
16232: Sampled 5 with 9241408117488965761278061961403207387190230842891655352258752996780459171388227200200105212515955967361946976545595692909946939771941791 - sampling time: 20.37690567970276
16234: Sampled 6 with 12321971625053838285777860905721474193286753611216700278118821429690337154543844154690926939209585156024307396435737989823720703505802197 - sampling time: 15.886365413665771
16230: Sampled 7 with 6344578014586097323041858686455241046342165178099585898659829237987563640222929251898629492636192769436574772128090720097349502007605907 - sampling time: 8.771426916122437
16238: Sampled 6 with 17196908129770348147866007562557971636437282507626469698660607250782070758328627736431624354456443358762760918968541519041915694532228302 - sampling time: 17.667714595794678
16230: Sampled 8 with 6355389286147476102126884690896493566102896257594915252564602936986306457148752296324724520531133482505758005413363461342407288885601178 - sampling time: 7.940455675125122
16234: Sampled 7 with 12625253044349202270663176737699838576479214537035563078335159459644317454855638165562987140219793448827551312651055318448318486813596777 - sampling time: 9.956192970275879
16228: Sampled 8 with 1476108749452780426689345603808157009501086775353046546926689008993915946608478909096907285913833369935597252095103239878547083781071098 - sampling time: 15.809268951416016
16232: Sampled 6 with 9416891219872131438783458628516469413095944577859521417542938658864665530953508775264251411852771446742332772844104542189472101902012019 - sampling time: 14.94741439819336
16237: Sampled 6 with 14769561914145465239578687546429829697433780431101900622021146696072098336394080051408877932463640874958568102280304779888518810910634487 - sampling time: 15.386940002441406
16229: Sampled 7 with 3787836415716177859953734932560831923447923391926728682796223455428769083883397594605622184095287111254555742313332724224173792465308187 - sampling time: 15.872710704803467
16230: Sampled 9 with 6555707740798696629100452130267486573727386607569173786498931169604050181703830734003869386606076244967569879455769067385068071185705424 - sampling time: 9.730246782302856
16234: Sampled 8 with 12641695613568877212969428640197587340659674674118359856280710513319328660691683839268919470760684328250659611327678180039567074820461166 - sampling time: 8.507915496826172
16238: Sampled 7 with 17539183854127139373177861175966744806862257711084497560844083674330570119884634043073913165594683815303441327528131127634155806544396947 - sampling time: 17.837520599365234
16230: Sampled 10 with 6672455692904633453484078931931285838738516045675761517425793635945534443257802878733595509217317375117034699835940422940884225928924256 - sampling time: 8.540611267089844
16229: Sampled 8 with 4136492295872972399789737819022808703682583978654348591994436940280817004362216883088981591800601476708562527392807377610712126522541849 - sampling time: 14.998799562454224
16237: Sampled 7 with 15256368715323830741960155857065735363769626006700540589848007493955656350873254554198821860483197730116857498788807603247694357343205453 - sampling time: 15.686237335205078
16234: Sampled 9 with 12825067218294705564537840711448108053569385334285891864038704739651826082165626127757564161020177318087279773735938310877007972060992567 - sampling time: 10.247845888137817
16232: Sampled 7 with 9606227770224235671597975013183774932867344797576419123038517524613494010391213485251409427108977202280564418380627557477107197459546353 - sampling time: 18.54019784927368
16228: Sampled 9 with 1553954671123609426039040059038986318493837092802831596133871606956659293643456949760866564164081778096419150769903274970499994466606120 - sampling time: 18.923340559005737
16234: Sampled 10 with 12917267682324803597017467235314021005311724694526587819092710546749020652465894306838553880107273342292475767455539204128336203688534251 - sampling time: 9.25334119796753
16238: Sampled 8 with 17550544137459827307416499974217072388057489342515491167940010575102853443020080158213158011438712004389246874861234534337585997374658550 - sampling time: 15.598412275314331
16237: Sampled 8 with 15560414835839287188149997308082622815570238172026092703951978961977876684815320794730829849808134483894816175833125111615860877686541015 - sampling time: 14.615867376327515
16229: Sampled 9 with 4228151372973991246519680816715022375710218988306759052138361504852665474585846240565742810412945945976498672084373354977254159101503492 - sampling time: 16.086713075637817
16230: Sampled 11 with 6819824560196554141087145787533013392795094704622616681891783750536504184940331154370523642897817782877397091532882393670376266194337343 - sampling time: 19.187952995300293
16228: Sampled 10 with 1587797646670185593189328230982697730059101306523759665324320491671333734103596764923442882407109835789601084136422069924329355669789811 - sampling time: 15.26537299156189
16234: Sampled 11 with 12992949331511410132990590309697055047353099601358850094374542295513964050846022772049568828462605027261320140418698626867928623495682539 - sampling time: 9.18466854095459
16232: Sampled 8 with 9641564904996250041253939578214680911771241656751760913120771800631877669691821409750473005490771530566633201119132554536885466375631285 - sampling time: 18.16676163673401
16230: Sampled 12 with 7030867273632998847924990124356876433900370561519348075200300346936378447695948699360379707162380545743672541575868153047978968081380542 - sampling time: 8.474104881286621
16237: Sampled 9 with 15564603494356196045904071075980608883950940336175466692814563345932798330438724896384613527789299594184615195373669744761008214484514994 - sampling time: 14.21210265159607
16229: Sampled 10 with 4437054928700680228274858225068154207127928995526417448157232820107721319332012449501181252462865733003684247975738119960606376822034710 - sampling time: 15.417010307312012
16238: Sampled 9 with 17601402134375974130258339248733889365398852104373525370587984172924961236860772552424404656129281415118309794337190037016834116570612538 - sampling time: 18.695847511291504
16228: Sampled 11 with 1622401257943581263837503450857002889151430752256390770900154270695126905949759160688195819336147840891554596784856052088487925872439483 - sampling time: 14.491685390472412
16230: Sampled 13 with 7184943935574308953488765783721952408077818501195484107239053421423907430525510330911053912174495364124772822158776812424362637067359281 - sampling time: 8.802648067474365
16232: Sampled 9 with 9723315655519770463256779086317677013932870995229533196787338767323788305410954583378481584593150518402459078029427675954294101003796434 - sampling time: 15.521666049957275
16234: Sampled 12 with 13002476737556015430579427145243471907593148413416554265057621833102530761949662792223706195719812968211905625878975927731424497263269231 - sampling time: 19.10840392112732
16237: Sampled 10 with 15592440982016050316169870647399520679996421946152668115283849272389803038268275519969385580064612287402171439207025291578173209997901308 - sampling time: 15.214484691619873
16234: Sampled 13 with 13063057753382194329536563170170552990275417238239610322255113081510054655684503163180972096300947687209270020304487629964560065593629006 - sampling time: 8.165503978729248
16229: Sampled 11 with 4774239524170469877028285845103660996665505799905138469692274590569454791664428196204817317386580221799718888368124154973220403764271025 - sampling time: 16.346549034118652
16230: Sampled 14 with 7721225047888167104948089591704366273833888342707553585830381330414388736580674962140980605340913150196740650256387185044910192470981682 - sampling time: 15.297042846679688
16238: Sampled 10 with 17621324736795918546963619679893048435447252044094542680891781612085800475631683655633440234067716496812985228610407942720627757388044130 - sampling time: 18.648789882659912
16228: Sampled 12 with 1656783240028534938331881048456833157310876258755802733249773976512812080809611198636921084794601700196800506201642434520692700794077816 - sampling time: 19.20154356956482
16232: Sampled 10 with 10149435861541780449721789410056954664810240315482259039025821025024012984503386778335600568985448676886621165268384254214880708361612406 - sampling time: 16.138922452926636
16237: Sampled 11 with 15774587074003391916705723725228930317866434187546850350508208274871087383055786423355314049780933880761194806387615647290423863253876897 - sampling time: 14.308977365493774
16229: Sampled 12 with 4930467494201524591434635636406590157265869596087472407275251235751139153340490484656573586455382130483576409656682992428103276470986770 - sampling time: 10.802202463150024
16234: Sampled 14 with 13272918653152675341663021834613541775934465405289407228760202436462854013295983234986549450380727022312887227237745038641814695370215993 - sampling time: 15.094965934753418
16228: Sampled 13 with 2121146946335048304732975216389138052778900688414791195320591888833171207060486230031070021763011433230558947705451206490190890122256404 - sampling time: 14.387633562088013
16232: Sampled 11 with 10287688124075058167836995192855975685860755952067453758202242419313132933048149194277946146117975714422307797699787176683666264206962714 - sampling time: 14.366742849349976
16230: Sampled 15 with 8377185113972819238723313815611828866952986758723016635629162588194833030935995485611346566235353699547041484302689495965010155103996464 - sampling time: 20.347676753997803
16237: Sampled 12 with 15816572485422586524594451157299596498988433943299267590070961337800352243480916371172403752794087113602419606230819181655032645797678379 - sampling time: 14.006404161453247
16229: Sampled 13 with 5102166260817530173540323041326194854453175143685677986570888302673406064992146702541958552395458940110650778309146394793660283150190892 - sampling time: 14.533636808395386
16234: Sampled 15 with 13442422056835327582813467235685739379442741233323714279506239871743495501570382973280269319049997766158308499697419993387486404591225793 - sampling time: 13.158501863479614
16228: Sampled 14 with 2145629137176443678213166804208842211208392449845696934954518756651413053144460130125764606433291287507609026442007351844897117201580252 - sampling time: 12.614582538604736
16232: Sampled 12 with 10312900418198627499643227808048320206653249676229309780019427431571159789125836221049080085853098051269356690409063067094312884629100564 - sampling time: 12.662541151046753
16237: Sampled 13 with 16088955877252259116870801729518141322523920807291712037057069611461759722318055495577120201153797188254862550267487184712315372075596129 - sampling time: 12.492509365081787
16229: Sampled 14 with 5112656493682923747544863327439274932089291242965169203317739890109827420420307681870369815873953774835034971013904342064871940242602113 - sampling time: 12.182579040527344
16228: Sampled 15 with 2189551881001864445071215644682924795660111275472047624687751687474973236439786680049760785235680888891705074169855564924200198005771088 - sampling time: 7.055431604385376
16232: Sampled 13 with 10561638468438906543045892854515615748863897495838963136566409132200197161834311221444459586414304223352936321437548925874517183049372977 - sampling time: 11.47560977935791
16229: Sampled 15 with 5513727238611586839346019542426486569366433756006247320973688910214418719650066045099026019545808045145719542472394576763212193569580923 - sampling time: 12.1327486038208
16237: Sampled 14 with 16301168060317090486053493965190695292809606183687554665217384508141943497227612016816765371929464550286767305623706112759825833073290955 - sampling time: 12.858416080474854
16232: Sampled 14 with 10575853267701729300255599927717347119171446912489833893514987793912573494992489272398765593207012006983539905301741607010447286305001401 - sampling time: 9.959567785263062
16237: Sampled 15 with 16380420213609131068789776274481365961767530875725474587237039653989715775547057206356090038349958764387364961869514427317926024305285711 - sampling time: 10.195805311203003
16232: Sampled 15 with 10750295066854848673008129525076374122713987613659684152059381098056414269672307975720742451575176098808608793254443904173508160664970260 - sampling time: 9.923665046691895
--- total time: 237.6437177658081 seconds ---
Output samples created on:  ./Samples/smarch_opt/phycore229x_100.samples
