Input file:  ./FeatureModel/ref4955.dimacs
Number of samples:  100
Output directory: ./Samples/smarch_opt
Counting - Total configurations: 8203198042416968764079367091185189410943931043684647241651574451763954390208350344320638479971108519696005910647887522258800
Counting time: 2.695526123046875
24266: Sampled 1 with 15830762310883077604862154344665413693881850013303345003705633877905842966079845944946873390895836959147555212773732746685 - sampling time: 6.0653395652771
24275: Sampled 1 with 7654588643318878261392783260334668586067539052951767761337526912357003555688932469185412930894554500192942472784125111996467 - sampling time: 9.082761526107788
24267: Sampled 1 with 1411728082681401714160505623407376869826464146674768325878180531790227538541346157363386764711739223235887832502540455958075 - sampling time: 9.407078266143799
24268: Sampled 1 with 2669644877121160906756611359105063964749098419123332124180989607779844247951978300759696682347620319525159529434993296514260 - sampling time: 9.473233938217163
24272: Sampled 1 with 5154864055524809684085859947728915746287671602113116872807861469402944284126806628221993499059863099248746251356046612102950 - sampling time: 9.784334182739258
24266: Sampled 2 with 125607805672896603053441254931727971964367423710297461297450033687789861178428636615122511659740902018568207299032063736081 - sampling time: 6.826962471008301
24273: Sampled 1 with 6195625394242455096996753483642771048668614014374821945376566040901924823562916184967387580233307998666613853253511082423654 - sampling time: 12.992159843444824
24275: Sampled 2 with 7660158557457770648580184796520563153049988769772947212132828544510534191714825156295091509425711888459892365784485601990480 - sampling time: 6.132885217666626
24267: Sampled 2 with 1435254481635094247197029934210693298236252510978544360572292014187545546639576690093956629037632269689427441909419145784626 - sampling time: 6.226817846298218
24268: Sampled 2 with 2921626876590338640121054596437811611090378122458512092747814802438833034116343952056913664958745803759108932566981693841025 - sampling time: 6.724151372909546
24272: Sampled 2 with 5172564210468304149353789294570364785613564285731601189079511906721921543195673823706346455925436727746864885758279093494238 - sampling time: 6.56186318397522
24270: Sampled 1 with 4018322460410654021930640990611665639380447959110811959976060663583187894247644462770620605817023313179395184279777901125375 - sampling time: 17.01801896095276
24266: Sampled 3 with 196162772848169640269905598456546532210866654132252772653096931873601556675797367204938227011267735081599087708951272690131 - sampling time: 6.435667991638184
24273: Sampled 2 with 6238052538995133630322687189670905444076820757119971907036468895239777793285109562553830851430787785439772810564141834139783 - sampling time: 8.720448970794678
24275: Sampled 3 with 7700612849177387061835642317103690632173977384778876116190318533044741083491989183752562171769613212718222010349224332730516 - sampling time: 7.008326053619385
24268: Sampled 3 with 2946090345596176523840760544042345403134384925979893151674951138332388328948492578231893252631947058967575110410096624635467 - sampling time: 6.264689922332764
24267: Sampled 3 with 1494144530131319507556648915439502234673875173171024611755333752070482453569216783727104585183336644819777867189317815381198 - sampling time: 6.900264501571655
24272: Sampled 3 with 5258746690112538542459846791194298989262125853540165692467779968742436851347123465418752551358478503681982100208896707073023 - sampling time: 6.6534318923950195
24270: Sampled 2 with 4056399547258052573806636091004830165386272807222851591253314000503889769624675683106193420289794909219581778937874380385493 - sampling time: 6.355810880661011
24266: Sampled 4 with 450555783446587393535203814458766214025535870225860951747723958547001569093497197524464486672378304945882998685770105291147 - sampling time: 6.752624273300171
24268: Sampled 4 with 2982475894354946117215117733843252411314694694727145559973074255146744481510664073948002634372541194302929924835490365991683 - sampling time: 5.936497688293457
24267: Sampled 4 with 1534822718473850324661645027682909160826818248830872887147123622969342420862462121972950916612273952284933309382327992984050 - sampling time: 6.52112603187561
24275: Sampled 4 with 7721479813139387563749902075943303470022965921115245721713429570753084324058000214336711349073768958629095557846709418363015 - sampling time: 7.24670147895813
24272: Sampled 4 with 5335830842145954829585444047208951739248565552967672469208838851400076515338771077066078097614968168611418441277156400141888 - sampling time: 6.791430711746216
24270: Sampled 3 with 4131867316599693684968811989222921291636612855254745477216144356641349628713279410507756918250973174746583249434165170522716 - sampling time: 6.8121657371521
24273: Sampled 3 with 6371565699578334006996289508006761968907370409061880455245730383462354879367342691755866725196436635254345354364500523308222 - sampling time: 9.571812391281128
24266: Sampled 5 with 648661808717213125852001127012590177676626107678734146072509303242814575950701390281939689390642326819722913594945407438364 - sampling time: 6.440288305282593
24268: Sampled 5 with 3038108621676554743191763616666270722410639875145802019983075191777593571316543967052627327336447022784733227703300208995540 - sampling time: 6.201260566711426
24275: Sampled 5 with 7780979517290327999980890151186863399230875775792282185569888400959818737090266989205191774003548454773272086202289686657889 - sampling time: 6.710677146911621
24267: Sampled 5 with 1668590201995500752426558339169686107263517889120209736440183223656778068874452552005591479219345135568813253394307216015041 - sampling time: 7.390147686004639
24270: Sampled 4 with 4247814383647203619406872123016273615302461468868517023489062815353872253451714944762234990941243407647714204562634061507706 - sampling time: 6.361820697784424
24272: Sampled 5 with 5353108733879776137982563037457171056155498772147478395926239924962508608854208098590443060827882923259887098886344368613501 - sampling time: 7.091402769088745
24266: Sampled 6 with 666112459558992941277375308879628935533020344171639686026430996857600558314555593554686978045342768382063773247135635147086 - sampling time: 6.2315895557403564
24268: Sampled 6 with 3056423685607215557880500082566205359517239460377447423760995073393154360022587742213793632091516271085856731051925051420653 - sampling time: 5.765480041503906
24270: Sampled 5 with 4293907504147765011332656567495154195217445429640268548125594793092856925723012517683905632897580904521089992949595616443264 - sampling time: 6.629218101501465
24267: Sampled 6 with 1791975063229202566559631653341626303102099200776292361358960911486227164508174777848839805376722704352921004257157074052391 - sampling time: 7.043960332870483
24272: Sampled 6 with 5365123766860327264960735731738457221251743208772585390467286809412125534204707550820744035975833487097442589153315207580028 - sampling time: 6.771905183792114
24266: Sampled 7 with 679213157468822799607819936332847025241681859979363963349213363681170795855511364143823313566614594949042226768734346245881 - sampling time: 6.373696565628052
24273: Sampled 4 with 6399486306194402616980019956383374458375232472933424337412894810396345669290367351880604279528730807068646655040673363578684 - sampling time: 13.937549352645874
24275: Sampled 6 with 7899170438672608299845218020861708253742984536406876478392601201359697773601537643228566091061502120149966220434460284484444 - sampling time: 9.394944667816162
24268: Sampled 7 with 3115582589011095830471432307696161492946916333681227731818312155423019049522577336351618514840965248010401620393173482685946 - sampling time: 6.3407628536224365
24272: Sampled 7 with 5388387252454295535059795956273278918819180043063655295486833747138907298098927193393030108724069763885900776450119511952262 - sampling time: 6.078397035598755
24267: Sampled 7 with 1798751272565960843650621444071720267329056561414212670451393261256849840199670754962679299034699919600467002560895482972606 - sampling time: 6.380785942077637
24270: Sampled 6 with 4330102306145654789426602503766676971303009522291438320704960590143757702900968194943643443208192321584139438202248097355884 - sampling time: 6.96388053894043
24273: Sampled 5 with 6414333145943115688170846340147988418216725877724617535733874153993691350587540090241764232071916874288206743467811640745905 - sampling time: 6.547126054763794
24268: Sampled 8 with 3193663923996444246465150805856449290029445906898867509870577770203000266604156086774601481143590697208523300515181115808730 - sampling time: 6.228490352630615
24275: Sampled 7 with 7912974197110111683597838430580880492472152385038801797164171625781225219741713168670624041111663554190900631067144065460511 - sampling time: 7.419896841049194
24266: Sampled 8 with 992616668303071747914072832685134456293297994792136803117345031358545164611487272256596182308275995413490740200973824728277 - sampling time: 9.498544454574585
24272: Sampled 8 with 5402920615828828537395878854143388760139214571878431491641205168989890411410084099011236819399983847341953954755035708959233 - sampling time: 6.418526649475098
24267: Sampled 8 with 1969332306221959572580373192453639568803010168941550523409953272639231131258146273628441820083628424712088805716771247441678 - sampling time: 6.361745357513428
24270: Sampled 7 with 4363841178191614244013311035909436890883541296114823071270493460243808659217823494640985627331747247892047878714661787044591 - sampling time: 6.417463302612305
24268: Sampled 9 with 3206514038932531933988507525634101582312159868139691791942572394134086602825601588427776936798481250731504288682945083672017 - sampling time: 5.832341909408569
24273: Sampled 6 with 6485242448298992119814281033692796995177223131230624384350238978801625743867741223991754142168057832053657228237298563031697 - sampling time: 7.781518220901489
24266: Sampled 9 with 994136185366015173695223457732709338039658969749825071058715130466546117265652581660069850509862943928793301818374504490245 - sampling time: 5.913026809692383
24267: Sampled 9 with 1976445787860231744417283767347400196541040068655803014389855573543689514380929403762741662037784920624446565974804429726180 - sampling time: 6.139733791351318
24272: Sampled 9 with 5430400838648763831132830536653368819004768108208281992548911438844280073787304717772101489973188975658225953616575121460853 - sampling time: 6.441493511199951
24270: Sampled 8 with 4422296749229241841654883679285604833013550967577711033986836871316108011519888695859582001454100066556206034700087237741687 - sampling time: 6.185697078704834
24275: Sampled 8 with 8026119118931743137555691411841164917580084512391450303275613943542295036926472283351712248086528372341178821587425288354667 - sampling time: 9.79076886177063
24268: Sampled 10 with 3521681341187571523489313608521681182129197706722878468939115924599410192751508172950345189120997521091354885626838977287883 - sampling time: 6.75779128074646
24273: Sampled 7 with 6774917863511130045013865607938645837122010742722976551542169665276096528173261058621606663871228857565010020479950128874592 - sampling time: 6.52007269859314
24266: Sampled 10 with 998495954799531550269476001083026304929540715416489376135084057169052375424729293893094015756204471419098822062258634730708 - sampling time: 6.176547050476074
24270: Sampled 9 with 4547667702356796841705464637631968817885372909667680109027088011524174482909566164424727987488347661367891638994228933709330 - sampling time: 6.338434934616089
24267: Sampled 10 with 2013714957859523746310221159337923021276636881551611376791286429456910705359419584332118253452750651949703129921342997378891 - sampling time: 6.832553148269653
24272: Sampled 10 with 5498852859034070618576636710268811832963940874057207893467388585435505879105899548780204318525116533580013471309257671116789 - sampling time: 6.759641885757446
24275: Sampled 9 with 8085816051845760064452885958406616822286736047732961735956645065278333107521641506053695331442623738764967639762267332618575 - sampling time: 8.3017737865448
24268: Sampled 11 with 3530592827317407451692477060843102750113157998447274729054035071913609871427205594789814307061748387349614664007857985921283 - sampling time: 6.053853988647461
24273: Sampled 8 with 6811752489789704843144250024593978043653263105591339764571588902134479189935280422089544627161068716368437239475698856392901 - sampling time: 6.608488321304321
24266: Sampled 11 with 1064536279048824849748193918220404560939596271581076378666372678310058620365233729938555370964521486996521682245631309710795 - sampling time: 6.805069446563721
24270: Sampled 10 with 4602826336930124674792415724779423315073083019125230169941156903276514215660463380165505969228502631272455644463455384466800 - sampling time: 6.469592332839966
24267: Sampled 11 with 2073083964900967659681114901241967829827241665681575921680553682218979854840021381650658895561935764877267679767828911581881 - sampling time: 6.5458455085754395
24272: Sampled 11 with 5673451403988469111055943615426793837005642484026974735771766897485642667123026600276472040792502390352884577146430374916693 - sampling time: 7.049283981323242
24268: Sampled 12 with 3597806322753611559835571694186749791581033355560849392844585385126624369451550019119992452403607529944894552953683523890064 - sampling time: 6.619808673858643
24275: Sampled 10 with 8101607437191340704093398840795993430025507002229082526004471348127803873154969368767868469838215631441816359653651034598063 - sampling time: 7.817077398300171
24273: Sampled 9 with 6934110374235910550970867835955370221000580006471367854072088720578413494686997372361821725368479350165477458756178141540745 - sampling time: 6.431372165679932
24266: Sampled 12 with 1204999875710484043699600460882475061951273992913468911999623951620595313283293220929538488552278902106204836412077005128396 - sampling time: 6.513994932174683
24270: Sampled 11 with 4612633531079737147807612223986350588080423696315169720649753263469978444188542183282265387580296970593298110345918472079476 - sampling time: 6.2624664306640625
24267: Sampled 12 with 2114484950622561816807719849138019053141521107823511982399191307678508768236277021057739927075499095149757242545777866736367 - sampling time: 6.193899631500244
24268: Sampled 13 with 3718041542700858806372192017962200787669029797881796026266189514875928245062138759711976635520371385012252324714148103854216 - sampling time: 6.294234037399292
24273: Sampled 10 with 7001085568414667376717163437835896989860054986313710109447819310547238694504223439054176305696977437194782307479471905387534 - sampling time: 6.0555315017700195
24266: Sampled 13 with 1246908762416792170822934183296085989279322335623519974147919191085302708543735734464799720881810159009516540465106439786858 - sampling time: 6.339053630828857
24270: Sampled 12 with 4695959699060220638228393786645984457843304422829542841408317121473850347128090802802041950568446346145432635923072299810130 - sampling time: 5.615983486175537
24267: Sampled 13 with 2394729177174253313599674346798688330486785596898353204730593876174280824059422559044599027156900993396509638647899259682153 - sampling time: 6.301109552383423
24273: Sampled 11 with 7067827182812064509615316560434533611101700947486078297951201926188356962290527378173937159713420242219131015393327997894292 - sampling time: 5.783289194107056
24272: Sampled 12 with 5868370297374106378217137648268659892047718898289240233441764600585999979077662670750415516901131572818507898877539294728616 - sampling time: 14.759648323059082
24268: Sampled 14 with 3877670178324764782910225471822674423786378615016996810449520679250100003227241195990506329912389307767334392272048631881689 - sampling time: 6.780266523361206
24266: Sampled 14 with 1328261424588265362539927917115116329106928482072430604075010372217672587297318863029496222387664142042489663322761223827455 - sampling time: 6.0365376472473145
24270: Sampled 13 with 4869389954562171777455315435466230243340664327227288080631598780913439745952588581709510622413931346482280463272318746449074 - sampling time: 5.861870527267456
24273: Sampled 12 with 7102997357458626736524120513796103601188737017856436247126972066078762535891668443666075626515030526581436304566421946544194 - sampling time: 6.157870531082153
24272: Sampled 13 with 5947382619549595037579931973827872661340884687929211956968637347384026414551962315157614267345816838340629320129681402768705 - sampling time: 6.993393182754517
24266: Sampled 15 with 1363244500428090586606904815059205728258206752084479023057238497950391995678156469763615537674983413973716030639433150040748 - sampling time: 6.0372819900512695
24268: Sampled 15 with 3963201501997698450544063685350987050055596248589457892066110799739503385300330777415510184726106150428827796386769571456339 - sampling time: 7.458052158355713
24270: Sampled 14 with 5014136713098704257248868531493393319443855962737851936433671611927058692544928718408823498916684500392202575929504313934913 - sampling time: 5.655124664306641
24267: Sampled 14 with 2530418636512157992877325597138138974442075188604448307412196958634777652963778854659672122776760323833514223761538398163502 - sampling time: 12.308455228805542
24273: Sampled 13 with 7271220967980532765783551441388476996184580597792865171307265888501915036252396507350348774003371773420348679279668204396936 - sampling time: 5.811725378036499
24270: Sampled 15 with 5150667034890890890094184159529317972299356085646141610489977297497207527210215374815642653887255323741164806631621913740319 - sampling time: 5.279935359954834
24267: Sampled 15 with 2599042905288596412491712322064353205879851081829615978356505271281895717781029250509768141885828203212189449584352863037469 - sampling time: 4.654425144195557
24272: Sampled 14 with 6092824005024684564166690748899413011282066489922060331638491367446989296525514857498277392392747691566613904654736708675890 - sampling time: 7.577594041824341
24273: Sampled 14 with 7271369283491444413286782284709232671144940692838597570247780834488558488349695695715794667677890935317379101009458253429704 - sampling time: 4.251466274261475
24272: Sampled 15 with 6153486677666886790919451702415884020693678572523645865129007725675970547206596724271924195859506607322675682491905839017654 - sampling time: 4.899698495864868
24273: Sampled 15 with 7573705367081804584366409717064916149522751785663508052346566193794316112054147988267485970984967326322363359124161230027572 - sampling time: 4.659085035324097
--- total time: 114.55120658874512 seconds ---
Output samples created on:  ./Samples/smarch_opt/ref4955_100.samples
