Input file:  ./FeatureModel/se77x9.dimacs
Number of samples:  100
Output directory: ./Samples/smarch_opt
Counting - Total configurations: 1200265594774990608550731701975282871464646051037606205645930676015365011378925415215241481887501187395620751271333018543518429649831440
Counting time: 5.2437543869018555
18411: Sampled 1 with 81690082667384121435801827855746166123971437771621819479380010801942818048410232253588839589910823926439121461483288264643800001688 - sampling time: 79.68922328948975
18416: Sampled 1 with 621032313166933580339236915846958707855145910243896950032474047773952404212868224182509820832651783284129851973744624509701260456210487 - sampling time: 81.27455282211304
18412: Sampled 1 with 229292694909000016936144882441992471215842618517508246234830797258899605134572412364867175915601506560442262428955223591515783254863668 - sampling time: 84.25697827339172
18422: Sampled 1 with 1133047554777141369374423482562146224827028212767938125957945859675397988907919723723545115037301696006812183639431186576825124536185929 - sampling time: 84.81766676902771
18418: Sampled 1 with 767897278057689530088517095961084470369277210175630606232370161993648676174469818754789691189416865817959053349834919876652038568392984 - sampling time: 85.6128032207489
18420: Sampled 1 with 938560722503449821320029515670924784009270285808426540482107648330721595696958776607069997150825560472721551096861565422500504279132436 - sampling time: 88.12545490264893
18416: Sampled 2 with 627462167949792206725765688900628159917589534451352813636794993326963666811714099593295798592324049903240182129391146691723930436397846 - sampling time: 71.68125200271606
18412: Sampled 2 with 237408594277536908730074875801255824245866408224388972074380088759061361808154353162137250172142061604961423833006959530788158820828195 - sampling time: 79.92830848693848
18420: Sampled 2 with 951221818383421602733096785167261624209191740805793500100212165998203082935557013298570626109456256787278741749360375045174719359512104 - sampling time: 88.97803688049316
18414: Sampled 1 with 429575850978529574408911676154250945710178641411792555964695709349551560577111663885593904459211475481380431446208046621031852250678414 - sampling time: 197.8096730709076
18416: Sampled 3 with 635833456580186942505435403994694373769544342947155413958644528947616801042027685034987603418076870372779024513129229150570507462736728 - sampling time: 76.24094748497009
18412: Sampled 3 with 241136913418392601608094470002486556266076623151999825377582855194136629128703630224011423915711883264576423761155930423710917360121391 - sampling time: 76.53741025924683
18411: Sampled 2 with 29894995258330505281477623172459059523392267852676369734468908564537643322540644051713144925202510970859585335357991176897097846535497 - sampling time: 177.3437695503235
18420: Sampled 3 with 964620657744063877446815222613942194991054471207899052821276151405734995831597487244291352914120364592486609925929486433394499331580295 - sampling time: 86.4781322479248
18418: Sampled 2 with 772923419715485096902240919312918979698824410105424962535296614033168590126775804716521336218012397827239662834111278410585416872556964 - sampling time: 180.1318163871765
18422: Sampled 2 with 1150710685712091338859779582964587450879729220503246559002512652000770721629140099927289359568807822416658932364084702247996512700964784 - sampling time: 184.6755690574646
18414: Sampled 2 with 451545514984221282791518954973937685355502335005993504433476873981784845146434413375940309680075371109030072948091611276100471979494480 - sampling time: 77.8450436592102
18416: Sampled 4 with 639018490209688958470702746161126793008347942106669651761451250928682257392431625485757679301209161385457574960579016852219513664161927 - sampling time: 82.05898928642273
18412: Sampled 4 with 255786766215995263716841383436702977406565582781686540510533853755570678363976248639937525693539736431637221611045675966017998638409732 - sampling time: 81.09854316711426
18420: Sampled 4 with 965981942958878595525672793077502072222158416414051119535241740332476152737249992840797499590895834172195563490717381887395621947890817 - sampling time: 73.42063689231873
18411: Sampled 3 with 38044590007932215801343872559302254497264433575707534332470759727143950202833174160393874754124294926408047738664153874301553509435201 - sampling time: 80.94110012054443
18422: Sampled 3 with 1158129277817298212005100584922319711792273446468396229950452044407538470263752409161587076125964613703047888977290841519364987105210997 - sampling time: 72.60489106178284
18418: Sampled 3 with 776289045703162619940987601234050906784984420377676359976772198058706784420775650936498344163626479557619388795712128283365466072960856 - sampling time: 78.11041331291199
18414: Sampled 3 with 458918558119381047702294287182201051302220258125524919310810774718736908979544777405479351670014729131833640606601196160189263766479737 - sampling time: 76.04005718231201
18416: Sampled 5 with 645034402502885218298813500662968685762495850220414395466859094267481320359982151640478867202383710572130821527768551949991242807559578 - sampling time: 80.87421917915344
18412: Sampled 5 with 290953973843005304621669259317454703605526472225501878243578769288362775784694688716458122420572451304907583487600579364168556772260586 - sampling time: 73.6508116722107
18420: Sampled 5 with 966093473437565073247521724814960071739420108211821131196489109501720681282092932411375149259302840184653996908257715346680242264772099 - sampling time: 74.55610847473145
18411: Sampled 4 with 52537623915530479095432064378980981645902857510507409144447057973254631861926100301117526954502227209995504809417557865920241206402895 - sampling time: 73.9814887046814
18418: Sampled 4 with 780817571231993322942698241212344673195836900805579536510345926869557345654284949099067492572874799790854234289701790520503312886510448 - sampling time: 72.29768300056458
18422: Sampled 4 with 1163988155852283313496888692428174166368525701577600031018200852862395218902661731198419575176389126343659975323461786614192919658046094 - sampling time: 76.53897833824158
18414: Sampled 4 with 472085669084184739285413215339497166963290547829447410577853099174061142401243012441899161527457676275625551600362285116715920939440593 - sampling time: 75.90808534622192
18416: Sampled 6 with 648156408886769454001936653578669576615596394032323169247863447487422049002999296224180956108600696329364456923868236082633866649240315 - sampling time: 73.55451273918152
18412: Sampled 6 with 299763245776548250748258530298674653352789150635900452901877169145148239539676505856534243103200446442151535670452575620091629456138527 - sampling time: 77.68425035476685
18411: Sampled 5 with 62508863586819718994390856852548646074232164507764027998604108757246727291151150346869143483432885463545295025446707003146181605255570 - sampling time: 73.5880401134491
18418: Sampled 5 with 782448246058534677643813395397815764409277081966363680467075140793989186330615024050659846538755425057121344679202523724465256774031289 - sampling time: 70.9092972278595
18420: Sampled 6 with 971720918911544531600016004531869676515727563975580310456035807329785726280171179950141322878532802194801063564402135663472415538987766 - sampling time: 78.52645015716553
18422: Sampled 5 with 1175921652505307684964986627982062669362464036572471391833388658425359357502834368305686667271430059744768547926448021888247000610276367 - sampling time: 79.276939868927
18414: Sampled 5 with 492897989084588781992484425500145977498955554046833611887751138123014764626838965113464932245615276002368526616839816099616827727649360 - sampling time: 74.32412600517273
18416: Sampled 7 with 666712102625641522799523765513994372451067821595890542760898108973889749247131633592546903461523194973576526709976334257908509463908456 - sampling time: 77.15233302116394
18412: Sampled 7 with 351855895581042615504283370683793255856527587939750219578492593205575097075390272553506632549983985917994856745008253166622881821443455 - sampling time: 77.25241613388062
18411: Sampled 6 with 71365300893141172653018860557558844931330709396554619069918920701546437528347933433333639096663767042810083005168989556121286222700915 - sampling time: 73.52053332328796
18418: Sampled 6 with 785067151659576848806988707231677253792774708420144065348522309551918071257123976094008763458128460877104394218963307604577612462441157 - sampling time: 76.65253949165344
18420: Sampled 7 with 984097393160258350537559277341237172367135204740914425875943144632611410350126101892978095086863499035223345432314173068542787950028234 - sampling time: 78.21013355255127
18414: Sampled 6 with 496151353641507914785282887824152613675343347664931877691672845650410054008164348547599569042430314426618393601290925257908747010656269 - sampling time: 77.03696656227112
18422: Sampled 6 with 1180486905624032858246896664446257548144435244016458070406038701827858789450466681221759727812086789011975782101620922871609659669639187 - sampling time: 82.70872807502747
18412: Sampled 8 with 355825199298278052349747971587759898947880085112850643287088412658223958563782168323351477075833671949626264496670723423601771822139247 - sampling time: 75.86224126815796
18411: Sampled 7 with 92220968858070862449329350458845125037452713478120699320161441483532986416275590428781328776831350294888289370069136487881539035197327 - sampling time: 73.3191487789154
18418: Sampled 7 with 785640069100335213987254527770098374484595964042013612694415972965383777249744371150474859672291516292425922713950980287102633735058274 - sampling time: 71.81672048568726
18420: Sampled 8 with 1045453687648725681124181639830443410560949130514662280839799086028469467758553468461811010923245430055408661930079048570106933338455795 - sampling time: 79.08872056007385
18414: Sampled 7 with 518404462007395079847566317610733015764999423881604144430558425722359921837669416663252912520772538606025831053541908582046934102523906 - sampling time: 76.72031903266907
18422: Sampled 7 with 1191614794728504367406760194447892724998009928519874855632405406250252746971474379030606735820630331672641691302193089638944536207454569 - sampling time: 80.23280549049377
18412: Sampled 9 with 356547857260441330522978884607376408594736177528483967028539112809736097829759348810500447183858215620681654320642182738501841219642293 - sampling time: 71.68229341506958
18411: Sampled 8 with 118826375583601784802927645959452509403079108336958718840534357586344976220963086156921171768712624306923052680856580311907301490767782 - sampling time: 78.02638483047485
18418: Sampled 8 with 820750964665946947449364455880703690477984268421392595957128505431976746223100258541599691626255441543771772521155467581396644794455133 - sampling time: 84.86322402954102
18416: Sampled 8 with 668200667942135926845636722899493326463918396252904199095515036952440804514120995733141404025609416818188937696217073585889425488354827 - sampling time: 189.1810073852539
18414: Sampled 8 with 525506521230355173795185506291365325055780900694648733722381966569524743825950072250937960143349669364976525533589412925098699824972120 - sampling time: 77.77878165245056
18420: Sampled 9 with 1068793736243163658037843159095186100247769353423641139768973350452768587705721915309543363261470260719504308221988100418011078226928273 - sampling time: 87.31860566139221
18422: Sampled 8 with 1196737861675587343280595958495152577418571431864150782307057689283477615233356678094549359097219039768464190335310776171752631515609558 - sampling time: 76.93372631072998
18412: Sampled 10 with 358638079306769775699901164148575023963129275070030776535093651404078219966238275905971370288121192739720943927862487831128140086711570 - sampling time: 76.67600631713867
18411: Sampled 9 with 121800253678143614170633674492648439689187360710701931992435496037191658498470974193143126622829100508921219941284851435004204642108004 - sampling time: 77.91946935653687
18418: Sampled 9 with 832543000122772653055282080771685131214215573240162781109819215346096893197601562604926515659389370639616046444956039264076188242902556 - sampling time: 79.51504278182983
18414: Sampled 9 with 526243219105460443949386832090920832034450826701132154693213020442132126842636143286106901163869639087846353502055537651259356031203456 - sampling time: 77.83568263053894
18416: Sampled 9 with 690135758726693922529570793728936027536456732980602644789778037028961296343880648323383584872029440699065219409897132569742249836245902 - sampling time: 85.65682911872864
18422: Sampled 9 with 1197896843235390793261639326892037432605388211864044585507157558666685348997460363047147954881851494584590208531351103132019724210660168 - sampling time: 83.65336632728577
18412: Sampled 11 with 374077787115879977254281737102118915632707125595063150944792458148964189121206611443979539667433661868725448807035328669811519047641339 - sampling time: 80.22744178771973
18411: Sampled 10 with 139698916590436316077134501853850549380269857884326146140257878797711039073540005621814596056751812565590712219636364789338427290972382 - sampling time: 81.98935103416443
18414: Sampled 10 with 546149749310017329507155959877628045070205325110897334607965825454933663203809741023486740218366465190536549135887919845935812696040523 - sampling time: 83.88014459609985
18422: Sampled 10 with 1200246469610442455102821875543424385339363658782903957074699438897106959622807307052300582127318270903466816842495163904409800371860599 - sampling time: 75.51828861236572
18416: Sampled 10 with 709012816412638321316594165931046888229648949739230757216710272063314856807686973322217165590894795195874385072683195991697306117894518 - sampling time: 84.61478734016418
18420: Sampled 10 with 1085324396319408366638796381627138226225599252291242525951244392244114887159637059045141531892757721274464083242644538089646357588539938 - sampling time: 182.00829148292542
18412: Sampled 12 with 377045959413135280533520051073122567528611988827232348831738258935198010246509659797246964664141413134666269493783608958121815984692777 - sampling time: 70.40564155578613
18411: Sampled 11 with 154493094009334903228748551662149657894199312240948353786564273873148062863230445686253808863064179197618759365517478077872073201356554 - sampling time: 73.78088665008545
18416: Sampled 11 with 710804430312536356943908894759305819032340340418539294497584941562059180753511969179083769402801315840393493577104827771799746095318408 - sampling time: 67.15259766578674
18414: Sampled 11 with 549599469324265233268995436317978177226289313372603047764487942094338081348009497956598644254773057510616746252942178527456561059183552 - sampling time: 74.57279467582703
18418: Sampled 10 with 871674557199943867458977264637411283598752337714485011824712318390855029269347882421790318435074430867169288190781008065172658831793376 - sampling time: 178.71582102775574
18420: Sampled 11 with 1096491932984249405467639823078282040493369699138998495079590195548575144592976786155811397106016054017168686466495879570635138996114175 - sampling time: 73.5144476890564
18412: Sampled 13 with 395423636395754430599106469937489049653895174532841186291579035122343373133385043786855604298704040307430376062886704747089682790981327 - sampling time: 72.28495240211487
18411: Sampled 12 with 168216771416320713080990762683787751694288595399748421948782245429690933564094838131259568626093725574132860965275110605061455618260809 - sampling time: 75.9931755065918
18418: Sampled 11 with 873004167736885780948670698498009727669434434478498567572282968221842324150875006024796617701106573966086837993246619399777443494397380 - sampling time: 64.22684574127197
18416: Sampled 12 with 726501389588755417076368432912134313665818191982450419364241110008290435405235274879351389729191649203251573000932744894379369722815943 - sampling time: 74.61637854576111
18414: Sampled 12 with 576512860937832844153107785792226925474578391535494813544972200228415753616892414110038927185526467821097232093215871048310126461599405 - sampling time: 78.86151695251465
18420: Sampled 12 with 1113141240718616108492649848764450205016820979772175267417330265004053295687650942302764295732364551905454972839359446832970562257294607 - sampling time: 65.76084065437317
18412: Sampled 14 with 412689599130730599098889460464888093236716479971067445421569410036208895972686934653572662121078082129113376600923754914196137954544974 - sampling time: 66.71318411827087
18411: Sampled 13 with 199414322652084897129661968272946437150673985813600923381025915875850239778227253419386941623553790022234486172797639828492800410781716 - sampling time: 72.79440927505493
18416: Sampled 13 with 731460972816761788559827717091922110331460410536535618927460167272564405012638541340232826535288789672959754707366702733219124948876487 - sampling time: 65.88125252723694
18418: Sampled 12 with 875248413121797022293912973473398491159131290056783219415162130640248902083826685958824913209142183266464076336467222515276847950652614 - sampling time: 67.44380402565002
18414: Sampled 13 with 593841406913281194687065618481527921373218707126565823475739049163708395710150213365519506072251384821749983565038191655756205644530722 - sampling time: 70.22353959083557
18411: Sampled 14 with 206940709763840603310389761302549912888175139305971550601725816116945885521338856504077726036528064305337182441182674651704791210630564 - sampling time: 74.80214524269104
18418: Sampled 13 with 891140023349543036952968161091109746085583788607806959328989475932742902632474840264800916029113188303006334552656482324622353977590220 - sampling time: 68.0311017036438
18416: Sampled 14 with 756282376779065006253361308382014574331579503775074588878800411173121784192749539951177681557359635361221781116432940425337857550811018 - sampling time: 72.49343514442444
18414: Sampled 14 with 594630340766799484268862726416705916538149347415943863447686776422771290609025603979571222740527247975643396474306832393893633745697665 - sampling time: 70.10110330581665
18420: Sampled 13 with 1115621316817666788169137165654513699959690339029010906600520098420445492368855112257040295958094833274561608079595274634983515659192715 - sampling time: 163.616854429245
18412: Sampled 15 with 425703009603290304765707035057006011310758053591736191899203900825490101009186071583409028370661108282297622699255537408061110213955698 - sampling time: 163.82424807548523
18418: Sampled 14 with 910882650086506572426598703591959187865133073692496889383189485544479386867982882392617163989791086923200484671287637669958120360019083 - sampling time: 66.33312892913818
18416: Sampled 15 with 758022531336059855549533750237477024529490259508970704805908323233031682086700320539296869594466938007216419137244381376490801079687829 - sampling time: 69.30442595481873
18420: Sampled 14 with 1126523714666487911276784650800882685612522752629310994093376205791012452505782911944016143871592545235257867437318969936671312695097766 - sampling time: 56.61571907997131
18418: Sampled 15 with 931911601595565090132113787592745787574011642143922641911423585913401368190497975703749019130443173525561598241130965541021053553207870 - sampling time: 55.81069278717041
18411: Sampled 15 with 208578812946140401039518063419528842869567459792923849589553916109861282385898544851654636852994546079553387911760968558996082970700929 - sampling time: 140.70170950889587
18420: Sampled 15 with 1128816266789836146670931149280854905099820855970956630862183608236607895094884412173428190803165778271838516621874222099530157107968552 - sampling time: 49.59126663208008
18414: Sampled 15 with 608429236898698074338709698135481582422986828337225535864840848769288629187419455342385041481090531266373794463098412963949484898778648 - sampling time: 137.84448623657227
--- total time: 1332.0614252090454 seconds ---
Output samples created on:  ./Samples/smarch_opt/se77x9_100.samples
