Input file:  ./FeatureModel/toybox_0_7_5.dimacs
Number of samples:  100
Output directory: ./Samples/smarch_opt
Counting - Total configurations: 1438154000067851697694861014562526781510945521420563032741121595814326731127390208
Counting time: 0.08678865432739258
31038: Sampled 1 with 1265529871097895118085820658951906312908437944703165891392831922486291025206115581 - sampling time: 0.4895150661468506
31026: Sampled 1 with 4503444578322577762347465089679971516406961570499484836663290985942380145688054 - sampling time: 0.5252516269683838
31032: Sampled 1 with 786126997487337456559452894970660335550078403342018655425477075770652679126548861 - sampling time: 0.5446197986602783
31034: Sampled 1 with 1014738788900405502387819004129239501360103252557160971226478433554308422347716827 - sampling time: 0.5900063514709473
31027: Sampled 1 with 212668727660685397575876474563161715458635076683321620726468055269954104213188726 - sampling time: 0.60758376121521
31031: Sampled 1 with 620333937056084349560448717912748936388226092554510561812841399479845673542697726 - sampling time: 0.6409971714019775
31028: Sampled 1 with 460972439358146533316376312956518580557818208969030941240040977545720851379256960 - sampling time: 0.6477859020233154
31038: Sampled 2 with 1275122694112296777741098385216496484832600325870987497117106671895171475255312025 - sampling time: 0.5671727657318115
31027: Sampled 2 with 212795330234433311431589837243216493687011785792179322535878849769752999937845076 - sampling time: 0.47957515716552734
31032: Sampled 2 with 840698402490812564400401681095655168649115191964660812538488049254394807488418398 - sampling time: 0.5986361503601074
31026: Sampled 2 with 43190433682102456804648302618258374306849193006665155533247795966306339436828597 - sampling time: 0.6408097743988037
31031: Sampled 2 with 628656268627377878411380755917011773670724339748546991435937826218245873303121541 - sampling time: 0.5368638038635254
31034: Sampled 2 with 1028265220311948664330251052793887230970940132648547114901332328084152704597076237 - sampling time: 0.6264715194702148
31028: Sampled 2 with 469326977140834853438045159854824718203118159330517962000395331006137325787671862 - sampling time: 0.5965354442596436
31027: Sampled 3 with 219322695598674507126013509861324003821472432431238871477671925632869127979797424 - sampling time: 0.5556893348693848
31038: Sampled 3 with 1288930921746301274119696139180004318079544340861715492826665596780243404001451868 - sampling time: 0.5926105976104736
31026: Sampled 3 with 47680157230206727805530271824155055719799457981179785262835599049337520376034752 - sampling time: 0.526275634765625
31032: Sampled 3 with 845831107944913892450417568587358375147951158603497791488068952345911148050374096 - sampling time: 0.5966696739196777
31028: Sampled 3 with 476384316758641047090253097696175795730731186554718813674862909952083979231228975 - sampling time: 0.5824129581451416
31031: Sampled 3 with 641266191904494032308279192535533988799518162713769530481647163042136390293047587 - sampling time: 0.6666901111602783
31034: Sampled 3 with 1063359091330537009566029475493068285618993427739238760126863972568957462150453815 - sampling time: 0.6637592315673828
31038: Sampled 4 with 1298077638966244004944475140122415491079000634267928535599959617503676863513996395 - sampling time: 0.5298075675964355
31027: Sampled 4 with 223720365767841674781607556987683254369497367060019233171152014085268019126530025 - sampling time: 0.5499114990234375
31026: Sampled 4 with 50159518151292993631451872936304069686293468547426213269453327090651706584817519 - sampling time: 0.5134239196777344
31028: Sampled 4 with 489065578947619543745701317756549789676336456850929016084080206597673968220540183 - sampling time: 0.5467979907989502
31032: Sampled 4 with 890210310282824426025482553687574949541004639769775064441405607909650749677715154 - sampling time: 0.6376776695251465
31031: Sampled 4 with 667952268554469047425249884611508106052498349937166893064440149613439040780026666 - sampling time: 0.5957422256469727
31034: Sampled 4 with 1082275060614078200744512239630698226984096600429955341733420082475161132429473311 - sampling time: 0.5633285045623779
31026: Sampled 5 with 50511268384686864302806196632080265569031994698116951262491100476419001053416222 - sampling time: 0.5114336013793945
31027: Sampled 5 with 230047803529163707915716493246336266219972447090583830161876675583598270663846614 - sampling time: 0.5961506366729736
31038: Sampled 5 with 1328530304152327768365446666205832530185471738558351761293669970505803152330767607 - sampling time: 0.6264855861663818
31028: Sampled 5 with 505515310383046126012115455355495713164343935481272932999536846637995906578560013 - sampling time: 0.6066410541534424
31031: Sampled 5 with 678994170455398760040671157845139413966420717513473130759044764460886780178306693 - sampling time: 0.5830092430114746
31032: Sampled 5 with 903606919006082072549572221866167707392423032962507315104734720422385595489258563 - sampling time: 0.6881606578826904
31034: Sampled 5 with 1110482737136130485908801805815104179522930814272315138729594382315464624997069031 - sampling time: 0.6396713256835938
31026: Sampled 6 with 54245930907247028963755036391773066841409091427159798788498434213376790449101298 - sampling time: 0.5873796939849854
31027: Sampled 6 with 235209420578054026987972595817883315836109998050930652552243626393741642954771504 - sampling time: 0.6072027683258057
31038: Sampled 6 with 1364245174238224149227869649273683421863212778331330560619329700460263446540977928 - sampling time: 0.6497974395751953
31031: Sampled 6 with 685102492925267455007870151138342785265250179784134772230899328990541164827179331 - sampling time: 0.5113439559936523
31028: Sampled 6 with 506274356349178685030138239794865380688912063020995867168443550226416477330526185 - sampling time: 0.6529123783111572
31032: Sampled 6 with 903956728685709812924276819835525817094770809675994563723837193230245254115091996 - sampling time: 0.5919680595397949
31034: Sampled 6 with 1113152996646663507117986052578178367537722908184080520423682210599257626761674628 - sampling time: 0.6101748943328857
31026: Sampled 7 with 63590633561426644643785212945335694231533143227032865188696969310334873896775668 - sampling time: 0.5404214859008789
31027: Sampled 7 with 277334645314641276294150288322909738395388693718555283937902333678986909116275030 - sampling time: 0.6339280605316162
31038: Sampled 7 with 1371257321371963659223635058775414136653770048577808674926360111003706574023094463 - sampling time: 0.6580777168273926
31031: Sampled 7 with 700153831254716877586575074860526575060030094713179590802285325213679578924143999 - sampling time: 0.6351993083953857
31028: Sampled 7 with 517078462611643647418004223093722355870952892626828528473068723335042600350504507 - sampling time: 0.6750774383544922
31032: Sampled 7 with 914157976843740529665660573502131559650919402007329924896178552152632467879359045 - sampling time: 0.6790609359741211
31026: Sampled 8 with 66821502155273537202093903297123057389343095091447951781331817689793797980833421 - sampling time: 0.5072646141052246
31034: Sampled 7 with 1114120923298177022882506829854491254503360554262742243396792978776375354024990028 - sampling time: 0.662938117980957
31027: Sampled 8 with 277353031586578321422230237155366049061640797715403701932671729092446881389956987 - sampling time: 0.5302848815917969
31038: Sampled 8 with 1374601882612565917304776655987618532491995941811358986000116522088367461564673487 - sampling time: 0.56270432472229
31031: Sampled 8 with 702984068533371451276610151294554757579093440316944062411946749424923950661516727 - sampling time: 0.6280508041381836
31028: Sampled 8 with 524211009478247033030920826605171525368314601329551644474045930164381070176447833 - sampling time: 0.6013586521148682
31032: Sampled 8 with 914742655294915597996643199625819038215246522994628072267126408277911693289334037 - sampling time: 0.6030445098876953
31034: Sampled 8 with 1138618218975120633789209141079535690497927490602184304973885127517297262751235911 - sampling time: 0.6107861995697021
31026: Sampled 9 with 86980375488202067830336559247344388318114972325151194373082974309728014133154113 - sampling time: 0.6315798759460449
31027: Sampled 9 with 278129305286941916805575176992676244170353427536128614384039033495024678771706669 - sampling time: 0.578467607498169
31038: Sampled 9 with 1411216861683668576848454477097606899452998180436202260693655123804557743857608084 - sampling time: 0.6426143646240234
31031: Sampled 9 with 720690500383945011590631604595313112691688216278070556597908254669612523004084491 - sampling time: 0.5745830535888672
31028: Sampled 9 with 546782321522795263014515883424695897860342513936244142769627676932062476272058526 - sampling time: 0.5814824104309082
31034: Sampled 9 with 1152908317625713617504263521794288454480116355376853081631869554915218306306173658 - sampling time: 0.531775951385498
31032: Sampled 9 with 919273861490105802383279377265507731744549376379150339666559158300178780923206937 - sampling time: 0.5747542381286621
31026: Sampled 10 with 93436365473321957163302482085547362879890887818621513498790255449117701627243978 - sampling time: 0.6670477390289307
31027: Sampled 10 with 288534726047612671004009528218781932067959771598142590300161599100778023735321148 - sampling time: 0.579911470413208
31038: Sampled 10 with 1422044415762821823507316245359270041622317316944499436908069480627078312583178797 - sampling time: 0.5362198352813721
31031: Sampled 10 with 721113664154503504576770921099214708961645086972514726984697859791836892786562728 - sampling time: 0.5840301513671875
31028: Sampled 10 with 566570334453640834987162378800486290561433669481844047374415586586783904453149997 - sampling time: 0.5285615921020508
31032: Sampled 10 with 924608488823107848298695346717053044525110509653216572296120539085783622893383821 - sampling time: 0.509091854095459
31034: Sampled 10 with 1158346873006226511318238439825951326516142513795291891069243356634118459935128416 - sampling time: 0.5330922603607178
31026: Sampled 11 with 140926558085404748731626960428801597538408665750360790258819970647423838797540389 - sampling time: 0.5653960704803467
31027: Sampled 11 with 326509974380200213569421612279083585240976834827127691316275371200947702137444695 - sampling time: 0.567852258682251
31031: Sampled 11 with 739500195322213600241286123017691951692145531481144975219361503575896105320045497 - sampling time: 0.5332512855529785
31028: Sampled 11 with 574465999840377290530858268694805289314005766896587966140543806266198737113698935 - sampling time: 0.5361368656158447
31032: Sampled 11 with 970505124738213370061846688791300606965147424668281184871663913814376732704302025 - sampling time: 0.532097339630127
31034: Sampled 11 with 1174313160967956917775402300267953940990791844278625570194402286684599923863414055 - sampling time: 0.5874631404876709
31026: Sampled 12 with 146127983533939675472607115863429317721963375713052032762393533305747643765937216 - sampling time: 0.5716838836669922
31027: Sampled 12 with 362327979693658623406303903441286609450200385422149028411048357675075534386034844 - sampling time: 0.5250558853149414
31031: Sampled 12 with 747078624936683148590375150743934983750601795503741433739772544874274021726858680 - sampling time: 0.5075879096984863
31028: Sampled 12 with 605552648739707139093976142985458631387430709004543742003106066288397088946091057 - sampling time: 0.5716361999511719
31034: Sampled 12 with 1199167416917288454992259459767817446814048270780911218901838940880605492092318181 - sampling time: 0.524639368057251
31032: Sampled 12 with 980024549331464599002130336004218556938409046674651458666056680301716797700404081 - sampling time: 0.6072828769683838
31027: Sampled 13 with 402390639301953716225115507898893945339762305942693820256023763245200322537227315 - sampling time: 0.4828367233276367
31026: Sampled 13 with 146866671113291402755263158978032744865261395270713499641137799180573421420789178 - sampling time: 0.5806992053985596
31031: Sampled 13 with 763427668597449398416669150240954355243343473632095407903138797991076945530200888 - sampling time: 0.5451381206512451
31028: Sampled 13 with 606762432468318625312456716796629454150785608291538478297497578114545458358409784 - sampling time: 0.49871063232421875
31034: Sampled 13 with 1200742298772783862626887327499757935881256021503161124540137727267558581739164981 - sampling time: 0.5990128517150879
31032: Sampled 13 with 983422223370268423094669505542923677254939999074137621265875242913902161030094191 - sampling time: 0.5879361629486084
31027: Sampled 14 with 451677776645507385859508758675136839914052088143386756560348585804722417851968439 - sampling time: 0.5104639530181885
31026: Sampled 14 with 191927979191356270777611699535655526884942110852655805072228431440243602282273617 - sampling time: 0.45406675338745117
31031: Sampled 14 with 775290329593822886483547066216686319835211765610287631342685445488546753268323505 - sampling time: 0.5600135326385498
31028: Sampled 14 with 618559902126890281625949107789601555001374593782724767572809246942665531725461877 - sampling time: 0.5815463066101074
31034: Sampled 14 with 1204535820658558667382369522317750936782456900874105456675874204861918958290809250 - sampling time: 0.522921085357666
31026: Sampled 15 with 207042658717941086316126135488563968400266573679879772447105875470971682919281655 - sampling time: 0.48218441009521484
31032: Sampled 14 with 991154260790553986068555946055644305422393903434613265228580496150582780348333167 - sampling time: 0.5738525390625
31027: Sampled 15 with 453458199523611149838764115784693604624218043227109135293046140676211032222430501 - sampling time: 0.5430822372436523
31031: Sampled 15 with 780905024685973226182158896875051821719711101523929604337598233964283230352726182 - sampling time: 0.4492909908294678
31028: Sampled 15 with 619554343320160878004410506608954076669707844009771008938781257465826990142419579 - sampling time: 0.4680941104888916
31034: Sampled 15 with 1213275307735570282612284850156132989141990608359025314479069341350701433907286280 - sampling time: 0.4089386463165283
31032: Sampled 15 with 1007047463249642460529169935422984538224535006024982461652713971875170056327665438 - sampling time: 0.35782742500305176
--- total time: 8.78886604309082 seconds ---
Output samples created on:  ./Samples/smarch_opt/toybox_0_7_5_100.samples
