Input file:  ./FeatureModel/toybox.dimacs
Number of samples:  100
Output directory: ./Samples/smarch_opt
Counting - Total configurations: 144991790900969472
Counting time: 0.09221935272216797
19711: Sampled 1 with 89910279072499649 - sampling time: 0.9139506816864014
19715: Sampled 1 with 130467104160973022 - sampling time: 0.9274716377258301
19706: Sampled 1 with 18241194495396172 - sampling time: 0.9321472644805908
19705: Sampled 1 with 1682688480078314 - sampling time: 0.9558413028717041
19708: Sampled 1 with 41230034668494700 - sampling time: 0.9955799579620361
19709: Sampled 1 with 64679411202822351 - sampling time: 0.9981977939605713
19714: Sampled 1 with 115436262312691080 - sampling time: 1.0470776557922363
19711: Sampled 2 with 91140199970739475 - sampling time: 0.9116251468658447
19709: Sampled 2 with 65263798000076804 - sampling time: 0.9025976657867432
19705: Sampled 2 with 2437978395108375 - sampling time: 0.9618608951568604
19715: Sampled 2 with 130520091801463980 - sampling time: 1.0122382640838623
19706: Sampled 2 with 21225885407306867 - sampling time: 1.0165557861328125
19708: Sampled 2 with 43247362552034246 - sampling time: 1.0489954948425293
19714: Sampled 2 with 117549570038681396 - sampling time: 1.0700719356536865
19709: Sampled 3 with 69569172684715425 - sampling time: 0.9542503356933594
19705: Sampled 3 with 3675620737189197 - sampling time: 0.9469881057739258
19711: Sampled 3 with 96624393846534054 - sampling time: 1.0488953590393066
19715: Sampled 3 with 131219182575474903 - sampling time: 0.9435768127441406
19708: Sampled 3 with 43500339236317434 - sampling time: 0.8692331314086914
19706: Sampled 3 with 21908874826607714 - sampling time: 1.0364916324615479
19714: Sampled 3 with 117989069411710622 - sampling time: 1.1716341972351074
19705: Sampled 4 with 4298141634260042 - sampling time: 1.0128874778747559
19709: Sampled 4 with 76054561247679736 - sampling time: 1.0271542072296143
19708: Sampled 4 with 44714917675299927 - sampling time: 0.9740102291107178
19711: Sampled 4 with 96963247217868973 - sampling time: 1.042837142944336
19715: Sampled 4 with 131741898496226125 - sampling time: 1.0449838638305664
19706: Sampled 4 with 24402796615017542 - sampling time: 1.0683646202087402
19714: Sampled 4 with 119223871109540743 - sampling time: 1.173325538635254
19705: Sampled 5 with 6755511683029662 - sampling time: 0.8593606948852539
19708: Sampled 5 with 44794738544759618 - sampling time: 0.9997196197509766
19715: Sampled 5 with 135798952038306067 - sampling time: 0.9974746704101562
19709: Sampled 5 with 76371894897442400 - sampling time: 1.062973976135254
19706: Sampled 5 with 28189153319625119 - sampling time: 0.9288320541381836
19711: Sampled 5 with 97443353262945192 - sampling time: 1.0690734386444092
19714: Sampled 5 with 119830389710282887 - sampling time: 1.0632045269012451
19705: Sampled 6 with 8682358189481205 - sampling time: 0.9426014423370361
19715: Sampled 6 with 137747712433285378 - sampling time: 0.9154572486877441
19708: Sampled 6 with 45160761679301674 - sampling time: 1.0011920928955078
19709: Sampled 6 with 76971814977037026 - sampling time: 1.0329596996307373
19706: Sampled 6 with 29093761019061468 - sampling time: 1.0489466190338135
19711: Sampled 6 with 97727170242443007 - sampling time: 1.0889763832092285
19714: Sampled 6 with 120628724053883126 - sampling time: 1.1283869743347168
19705: Sampled 7 with 10354377826917602 - sampling time: 0.9842081069946289
19715: Sampled 7 with 138497199595170128 - sampling time: 0.952406644821167
19708: Sampled 7 with 49050370220101257 - sampling time: 0.9311058521270752
19706: Sampled 7 with 29358171841321874 - sampling time: 0.9486916065216064
19709: Sampled 7 with 77213538127204607 - sampling time: 1.0541837215423584
19711: Sampled 7 with 99586888557898391 - sampling time: 1.1423931121826172
19705: Sampled 8 with 12080912012294448 - sampling time: 0.940497636795044
19714: Sampled 7 with 120896168028318330 - sampling time: 1.0510666370391846
19715: Sampled 8 with 138969006740343381 - sampling time: 1.0040621757507324
19708: Sampled 8 with 49953719780765911 - sampling time: 0.9807558059692383
19706: Sampled 8 with 30092219935512571 - sampling time: 1.0434646606445312
19709: Sampled 8 with 77347471060069771 - sampling time: 1.0795950889587402
19711: Sampled 8 with 99622951268261288 - sampling time: 1.1010615825653076
19705: Sampled 9 with 13145411722558544 - sampling time: 1.050506591796875
19708: Sampled 9 with 51273043059358086 - sampling time: 1.021338701248169
19715: Sampled 9 with 142468497267820457 - sampling time: 1.035766363143921
19714: Sampled 8 with 122376441237122632 - sampling time: 1.1842355728149414
19706: Sampled 9 with 31095846566517619 - sampling time: 1.0092313289642334
19709: Sampled 9 with 80171344498062584 - sampling time: 1.1212158203125
19711: Sampled 9 with 106068762377129705 - sampling time: 1.0608391761779785
19715: Sampled 10 with 143618604225905366 - sampling time: 0.8814356327056885
19705: Sampled 10 with 13754307297269660 - sampling time: 1.0737566947937012
19708: Sampled 10 with 57926130922924693 - sampling time: 1.014969825744629
19714: Sampled 9 with 122629384098061941 - sampling time: 0.9952032566070557
19706: Sampled 10 with 36416522892868775 - sampling time: 0.9910497665405273
19709: Sampled 10 with 80176378873848449 - sampling time: 0.9709253311157227
19711: Sampled 10 with 106874728622823095 - sampling time: 1.075939655303955
19705: Sampled 11 with 14212306277816241 - sampling time: 0.9241464138031006
19708: Sampled 11 with 58865750306720657 - sampling time: 0.902916669845581
19714: Sampled 10 with 122675223118831912 - sampling time: 1.009537935256958
19706: Sampled 11 with 37607712183789917 - sampling time: 0.9175007343292236
19709: Sampled 11 with 81036743028973413 - sampling time: 1.005638837814331
19711: Sampled 11 with 107556403631822575 - sampling time: 1.0629518032073975
19705: Sampled 12 with 15510814160145276 - sampling time: 0.9097328186035156
19708: Sampled 12 with 60345140242723460 - sampling time: 0.9715056419372559
19706: Sampled 12 with 38312969961091156 - sampling time: 0.9229490756988525
19714: Sampled 11 with 123743232783083740 - sampling time: 1.0343835353851318
19709: Sampled 12 with 82941492079171118 - sampling time: 0.8610353469848633
19705: Sampled 13 with 16819706880226591 - sampling time: 0.9616541862487793
19711: Sampled 12 with 108542777396707939 - sampling time: 1.0159227848052979
19708: Sampled 13 with 61638498419812035 - sampling time: 0.9222290515899658
19706: Sampled 13 with 38933467671399012 - sampling time: 0.9033071994781494
19714: Sampled 12 with 125034859157801232 - sampling time: 0.8808441162109375
19706: Sampled 14 with 40118253704325825 - sampling time: 0.13205623626708984
19709: Sampled 13 with 83789373451641436 - sampling time: 0.902585506439209
19706: Sampled 15 with 40674349286969273 - sampling time: 0.1508960723876953
19705: Sampled 14 with 17228954331019113 - sampling time: 0.8729152679443359
19711: Sampled 13 with 109289184921312542 - sampling time: 0.9497365951538086
19708: Sampled 14 with 63849543541255603 - sampling time: 0.9171042442321777
19714: Sampled 13 with 126402675516154430 - sampling time: 0.8149094581604004
19709: Sampled 14 with 84346282454867161 - sampling time: 0.9203617572784424
19705: Sampled 15 with 17819283543298387 - sampling time: 0.7798042297363281
19711: Sampled 14 with 110095141185179488 - sampling time: 0.9525368213653564
19708: Sampled 15 with 64265367109435301 - sampling time: 0.8978211879730225
19714: Sampled 14 with 127792009945184701 - sampling time: 0.860013484954834
19709: Sampled 15 with 85051806894168463 - sampling time: 0.7836945056915283
19711: Sampled 15 with 111458662688823136 - sampling time: 0.6607959270477295
19714: Sampled 15 with 127793385894126015 - sampling time: 0.6521120071411133
--- total time: 15.247239112854004 seconds ---
Output samples created on:  ./Samples/smarch_opt/toybox_100.samples
