Input file:  ./FeatureModel/toybox_0_7_5.dimacs
Number of samples:  500
Output directory: ./Samples/smarch_opt
Counting - Total configurations: 1438154000067851697694861014562526781510945521420563032741121595814326731127390208
Counting time: 0.11869001388549805
16314: Sampled 1 with 1819673690941425938248416675302838609699246612144151543279547101245850164896226 - sampling time: 0.7616817951202393
16315: Sampled 1 with 201494613840175935882323205248858537256243956845521246721056598345221935420288002 - sampling time: 0.8473291397094727
16322: Sampled 1 with 1023671055715521837825279796055792619728431630594402646013179449750445139655673591 - sampling time: 0.8461663722991943
16316: Sampled 1 with 397492792921254310923563341807886609288564845807966609894338105590800055115719939 - sampling time: 0.8563632965087891
16318: Sampled 1 with 588102947973084465139785666149340283458801428392768608029364418001673019104719565 - sampling time: 0.8874602317810059
16321: Sampled 1 with 795533143802322643507534342031435653095755582177144546566190925275334083379280158 - sampling time: 0.9077227115631104
16326: Sampled 1 with 1234101341302732115107179974574599692969172497237179489011009704687871624498792157 - sampling time: 0.9339818954467773
16314: Sampled 2 with 5112534081994508029592130484465381822706130415935131421478824883994146011673835 - sampling time: 0.8566246032714844
16315: Sampled 2 with 205534934708619655291975283464511024081610768705406340580589533933569877772737048 - sampling time: 0.7727534770965576
16318: Sampled 2 with 588607257624206952354196883669042309969809352211526158524297173029972890999786634 - sampling time: 0.8297746181488037
16316: Sampled 2 with 401160463781714745263592606794061126788554133954050363338064690986717198550499316 - sampling time: 0.8789958953857422
16321: Sampled 2 with 805899998162259144007218286237581001770322281552037016118359390845416597271203208 - sampling time: 0.8273448944091797
16322: Sampled 2 with 1027067876740170271670120638904018640714997368227046144348379578827685472223256831 - sampling time: 0.9169678688049316
16326: Sampled 2 with 1234815389789311312658080570534495313438987102834822265509201663705252262818834124 - sampling time: 0.8980491161346436
16315: Sampled 3 with 207594987613976905439310099944396483713338258677370935890629166183091634230506531 - sampling time: 0.6706993579864502
16316: Sampled 3 with 411675500839066745425623869711823307500215884599688684948465747693513141838690717 - sampling time: 0.7210712432861328
16314: Sampled 3 with 9040366893277567314214302686196943779515867326952982417448088358930268790964799 - sampling time: 0.92867112159729
16321: Sampled 3 with 807575786496414071269582383839150546787327098529422142064836974350049312154835554 - sampling time: 0.8529598712921143
16318: Sampled 3 with 589288052709577645226734589076209067554089492077837077834454462953943409024961218 - sampling time: 0.8906724452972412
16326: Sampled 3 with 1236271081133817879375383313467265566561270786710671332813762228759450114621355306 - sampling time: 0.853985071182251
16322: Sampled 3 with 1033961694374918293328482624749716941418946537012490154672277733476626691463892442 - sampling time: 0.9708964824676514
16315: Sampled 4 with 207840813147035396156474715527016814091350214907763813476070589486295782433971002 - sampling time: 0.8554205894470215
16316: Sampled 4 with 413652106378628230125892950279734719707311405465280698105229276777645469743062328 - sampling time: 0.906834602355957
16314: Sampled 4 with 10225208384226725422433629664401712357956711020136833555813716221250277755705834 - sampling time: 0.8828256130218506
16321: Sampled 4 with 812946567127848649202897026522389077204131597927893196207033400124789878961668748 - sampling time: 0.884636640548706
16318: Sampled 4 with 598319259965232568950730329105843089140040953170483771576523477147288792478100845 - sampling time: 0.9357466697692871
16326: Sampled 4 with 1237088052490779748872179203328431076492947683235968507556922055339666818325817808 - sampling time: 0.8611059188842773
16322: Sampled 4 with 1035538989445696929159702327397377017256814932181902903688163147811852540448145767 - sampling time: 0.9128663539886475
16315: Sampled 5 with 208293871300200135342425389422599678194645519769979871358269786543709071510121107 - sampling time: 1.1586651802062988
16316: Sampled 5 with 414385901859164518385119594982037032560338466884699384625434776627585187258290228 - sampling time: 1.292912244796753
16318: Sampled 5 with 602267450595424658511659979965331348289119791494965502941135422948081861361284058 - sampling time: 1.3232510089874268
16322: Sampled 5 with 1036523918248700724451325258516873478485364801873466979229074841904918638464614608 - sampling time: 1.2754018306732178
16321: Sampled 5 with 817086753392277898166331974050344243915516670536588658032819651665645924646829035 - sampling time: 1.4841132164001465
16314: Sampled 5 with 12661112148336696988817649076484525601972662317189335781832798636761224715631707 - sampling time: 1.595937728881836
16326: Sampled 5 with 1244391736617632176220401700589627904301701523965627432038490018773484692198413095 - sampling time: 1.67838454246521
16315: Sampled 6 with 211197165132208902633545409645158096891591274154782424211859027024468479883734278 - sampling time: 1.1700644493103027
16316: Sampled 6 with 416527503887953182754105862776569335584993056849292361172720438592064525861879854 - sampling time: 1.1692688465118408
16314: Sampled 6 with 16954141983419346361711242112927368538466365325274198408049290741360647315777860 - sampling time: 1.0190002918243408
16318: Sampled 6 with 603337263675369155154444265459785021548557496512538252082721723749348806984362434 - sampling time: 1.2530715465545654
16322: Sampled 6 with 1036784162976465033345759762703817639188917221369001440997780401037297030232510326 - sampling time: 1.2824127674102783
16321: Sampled 6 with 818203921015032603606536440373536820240212889071973090751397190192230685108687704 - sampling time: 1.3071672916412354
16315: Sampled 7 with 211605353731462068250093009509893072335964781935025736704717486210483374371542631 - sampling time: 0.8080987930297852
16326: Sampled 6 with 1245137718503127504706376528775506986410810702413163662748166199402372343376927526 - sampling time: 1.0906755924224854
16316: Sampled 7 with 418744948910727658187902884760294007169750896242838260988851548559113593391517140 - sampling time: 0.9565584659576416
16314: Sampled 7 with 20572426590660637666185106167833403490382564217824543057245858841511677294757325 - sampling time: 0.910114049911499
16322: Sampled 7 with 1038001639323817489338572443111336757364635574091353798602216869146975057612687664 - sampling time: 0.8913071155548096
16318: Sampled 7 with 603639866766737499032245999735649081747424815890706551733862016288408149671049604 - sampling time: 0.9886980056762695
16315: Sampled 8 with 214656704699589895532180833190729749136492403300738210749339171058054052953618019 - sampling time: 0.9293146133422852
16321: Sampled 7 with 820800879591281143238817142802509607646917745624517778267730458435603432047719727 - sampling time: 1.0497355461120605
16326: Sampled 7 with 1245576719398007981952966071287916930867437117267256652208616696691040422057963974 - sampling time: 1.142608404159546
16316: Sampled 8 with 424415604769097462699894997502218611920168462404529025416993542548867564543271511 - sampling time: 1.0356676578521729
16314: Sampled 8 with 22591649297573824483481418091251840779425361780612270231911417548775189730171211 - sampling time: 0.9327971935272217
16318: Sampled 8 with 606400637887521050008927091149793201961589517039162855610854800094740932800695390 - sampling time: 0.9786186218261719
16315: Sampled 9 with 218031619061300418030438818332534653784219026255159964765574761033196988389885619 - sampling time: 0.9589834213256836
16322: Sampled 8 with 1042082585255052698979445728771444418136628398806646801956552599374117323011895731 - sampling time: 1.2189016342163086
16321: Sampled 8 with 822732570516732182142495563731974428572766201870447015114594487789095249056879106 - sampling time: 1.1067183017730713
16326: Sampled 8 with 1245697321674387025381433221584488882961393203523653919946163860922637915350044834 - sampling time: 1.0692977905273438
16316: Sampled 9 with 428487850812846442103947984397714446722633052828339926679317283577067048791367844 - sampling time: 0.9874053001403809
16314: Sampled 9 with 32971158574994432926723644196537148470627605674218367892112851245145832224138506 - sampling time: 0.9563086032867432
16318: Sampled 9 with 616326583559059867120771814267288095924783810542713078724532299452023192673825113 - sampling time: 1.036999225616455
16315: Sampled 10 with 218930161104823674106382922359414601473343422539375652123434685355909087914800114 - sampling time: 1.084301233291626
16321: Sampled 9 with 831689006542366463071846208211924245431883349584507611915841607001054981273025882 - sampling time: 0.8851747512817383
16322: Sampled 9 with 1047904435459306194592595581783849983974947965699939683897886664055841829541665187 - sampling time: 1.034132957458496
16326: Sampled 9 with 1246109839459667897594558195788088388047743372072546910501135009858640753224938958 - sampling time: 0.9547898769378662
16314: Sampled 10 with 33738236708847636552251852100926100990131138910308682259303595701896887240916679 - sampling time: 0.7679507732391357
16316: Sampled 10 with 429448791495498830826429431336279418668433283738974521489781034812489058845656530 - sampling time: 0.942241907119751
16318: Sampled 10 with 621151995927626937742776611717460309797291691625627553865892856084549969262595274 - sampling time: 1.0898301601409912
16315: Sampled 11 with 220641743181463704656398572116334205665910214083735141837381305296305946672537489 - sampling time: 1.0273072719573975
16321: Sampled 10 with 835619579526620721202551159676460886293291587682663223001673207211295816735613870 - sampling time: 1.0607459545135498
16322: Sampled 10 with 1050235734243169046987589112872308147658184767256999461146520391318613151894026679 - sampling time: 1.0837950706481934
16314: Sampled 11 with 39556590465723878665954391747297351593032231596106252275963179739326034005755263 - sampling time: 0.9801557064056396
16326: Sampled 10 with 1249048112746719264427356660109324563876974965376420161088994740652434260923048992 - sampling time: 1.111971378326416
16316: Sampled 11 with 430658495385206250954177799070293620674822711131378128725245135111468549416524797 - sampling time: 1.065913200378418
16318: Sampled 11 with 621832417606610339887421945954622716526706532696741128017033407975451035558020237 - sampling time: 0.9373326301574707
16321: Sampled 11 with 837445356799530232254252940645145288608670682757856232607136037972110171101260411 - sampling time: 0.8804709911346436
16315: Sampled 12 with 224804161743165463914720292877848428401134096919689113785668797197326756850634962 - sampling time: 0.9723105430603027
16322: Sampled 11 with 1051501605963926846565026151555855264175762680355694007387871318641761481732312459 - sampling time: 0.8435449600219727
16314: Sampled 12 with 41976229880213920626906313800706409718086143493863419115371477586615382199863693 - sampling time: 0.8812160491943359
16326: Sampled 11 with 1257611427515212157746208592328425225840867742327691393589432959136670542616268526 - sampling time: 0.8875918388366699
16316: Sampled 12 with 434553502196072343736414150872148234518945425063695914766209088044107673186053009 - sampling time: 0.8151013851165771
16318: Sampled 12 with 623472556671194418306182629891883316100450037779769236628814021987834338395610520 - sampling time: 1.058577537536621
16315: Sampled 13 with 227096827910185203044298396440541290531317593475863462635623989607332928944241574 - sampling time: 0.988128662109375
16321: Sampled 12 with 840585347844298220489859604934840360518406856667196624414578644427247185772717025 - sampling time: 1.274402141571045
16322: Sampled 12 with 1055361172895300825897486555773340829856226184520743930565544695024959874534066485 - sampling time: 1.3338415622711182
16314: Sampled 13 with 43987936319558294380509645869270761514547746831018835971522809028571883692683398 - sampling time: 1.193873405456543
16326: Sampled 12 with 1258058501170011817547021906462813490556912694913579816339730415530292703436406768 - sampling time: 1.263995885848999
16316: Sampled 13 with 438043693324179717279809720253595904768422047316731080040673385021711915365040991 - sampling time: 1.2882013320922852
16315: Sampled 14 with 228053180278202249612493012308799264320298203961602686402609380944565715059912595 - sampling time: 1.168309211730957
16318: Sampled 13 with 623942256282766772470184152625463354166381370372347728612827396183865851746933319 - sampling time: 1.2963359355926514
16321: Sampled 13 with 842228463300104258828223809277994123307368037786811638940279311557821248859547778 - sampling time: 1.3387343883514404
16314: Sampled 14 with 44494068345249650829207838682940071232017119962343700314212444908634082461860702 - sampling time: 1.2446074485778809
16326: Sampled 13 with 1264305870500436197982493432360860634312487798149825781620082834741560676753053610 - sampling time: 1.1763010025024414
16322: Sampled 13 with 1057559490040957679276664369052679204993216850210096844679108600314743899588787513 - sampling time: 1.3180186748504639
16316: Sampled 14 with 438219528925459484174587943949861238670603336459052123062664411146007140334769781 - sampling time: 1.2936315536499023
16315: Sampled 15 with 231520979292309347708722280741940063584785729085866197745997409551656794505941785 - sampling time: 1.098151683807373
16318: Sampled 14 with 627852069647121977069520388808140066195534385042272480100057119610001089798455263 - sampling time: 1.1167387962341309
16321: Sampled 14 with 845143475357130964755550812422489457601121294134319150456708688873438384270839685 - sampling time: 0.9892070293426514
16326: Sampled 14 with 1264736290954734449030459844829512412053658484036410720697625759605107091309591892 - sampling time: 0.9502837657928467
16314: Sampled 15 with 44918474629800244645349063501402233787608625958113805767333440570429255787005174 - sampling time: 0.9783589839935303
16322: Sampled 14 with 1057935217289433947605124304052810273307371954156679853600352445365646608215166465 - sampling time: 1.0119671821594238
16316: Sampled 15 with 438223211055685728632933685955170748390123028039391014580646403545880085527956263 - sampling time: 1.0283203125
16315: Sampled 16 with 232911528224500296704292594250549671733335414923760525221791199825046692500602101 - sampling time: 1.0771121978759766
16318: Sampled 15 with 628847541259585495488042862798842749819916834992889216907391010522246658177986376 - sampling time: 1.1254217624664307
16314: Sampled 16 with 47002993804278582162304660597867352997689091516588272956028190804017060782237075 - sampling time: 1.0519523620605469
16326: Sampled 15 with 1266714557924129292331580419143371521530554194200156021359646220275534085934872045 - sampling time: 1.0877633094787598
16321: Sampled 15 with 845973430264065366596656861090900707763329484547963505984075094534599744514200850 - sampling time: 1.1853506565093994
16322: Sampled 15 with 1058919436936822229094442920813530818619737854537086937756351768944440939344389107 - sampling time: 1.1610758304595947
16316: Sampled 16 with 439222134571008571693291710822498045878131788580136829793080105823800209774546389 - sampling time: 1.2067139148712158
16318: Sampled 16 with 629864143841020509846988571804726770936270212050516139602938736270397000763356369 - sampling time: 0.9427793025970459
16315: Sampled 17 with 238396414278180500689946552162109206529777744701774488121824633357146506847250199 - sampling time: 1.1154727935791016
16314: Sampled 17 with 47425640373719000008743684721105485980842672657440523103298491209640535245532920 - sampling time: 0.9857308864593506
16326: Sampled 16 with 1268605115860251997429723407114254969513027329309422256158286314758822966797087965 - sampling time: 1.2037439346313477
16322: Sampled 16 with 1058963257164824176814655420707996031796534264170082520652636561442486194675856395 - sampling time: 1.4563953876495361
16321: Sampled 16 with 847261230722247115865900605901461073783900613073556580247025865131279554400395041 - sampling time: 1.5367755889892578
16316: Sampled 17 with 440456845883826105737220468833069995313989898792266280074813234313580170243098163 - sampling time: 1.6192443370819092
16314: Sampled 18 with 47976945184516251781807185750132364354872414568091662757134563782347864362006543 - sampling time: 1.3195557594299316
16315: Sampled 18 with 243434275263806123892273405274409680620822393813274349203640778498928008489812126 - sampling time: 1.5548133850097656
16318: Sampled 17 with 630592812025073035975705774933218397137100512735651201805152080714936378733698160 - sampling time: 1.6215083599090576
16326: Sampled 17 with 1270900938740947628640297126021141689444397073767293503440647292288027813267730586 - sampling time: 1.2778189182281494
16322: Sampled 17 with 1060399912771620412241200263825755949169539490850361565405862104216311640814278276 - sampling time: 1.2113468647003174
16321: Sampled 17 with 847809189150293421884533490594551658650614868187010507902986859849964276280027036 - sampling time: 1.2236135005950928
16318: Sampled 18 with 635969714275201395014283945001919418521106105467251314806585216059627990663920885 - sampling time: 0.9589297771453857
16315: Sampled 19 with 246958200116998710399486096203722731088006773825542490477901954553211526220899969 - sampling time: 1.0312986373901367
16316: Sampled 18 with 440541608637843190917341748986130074508590008665320234371162841213468371407065856 - sampling time: 1.226419448852539
16326: Sampled 18 with 1273453770325476449361447481496213135890132876458910230702297215254024829364719887 - sampling time: 0.9153509140014648
16314: Sampled 19 with 49160784256826483983472796034166908981923874350545897069061813119972490492286724 - sampling time: 1.1642837524414062
16322: Sampled 18 with 1063316070964991674557062635515418898186406493487740604900071651859266669054801554 - sampling time: 0.99214768409729
16321: Sampled 18 with 865047458942830788108526039774699421442177993809686722570255711817911525273885348 - sampling time: 1.1490364074707031
16326: Sampled 19 with 1277006364371688162043153743273051429398697481968366003323772572319012023584389351 - sampling time: 1.0825366973876953
16318: Sampled 19 with 636377035739635328276241830750032087926478898189484547044784879997558608353476716 - sampling time: 1.170851469039917
16315: Sampled 20 with 249892160439307851019256662921771228763159972048482935064018415102822885537979357 - sampling time: 1.242969036102295
16316: Sampled 19 with 441487678982705283111773143684589935114017134736941453520068086811927239710554039 - sampling time: 1.328538417816162
16314: Sampled 20 with 55882252696497735267380609433497943301150000131723240280856532278782351672593670 - sampling time: 1.223853349685669
16322: Sampled 19 with 1067311393493731247437763151819650464028398459025611602944909543836627101072607112 - sampling time: 1.1635451316833496
16321: Sampled 19 with 868130768958920910799725148756489069676842997794860692831953615814957577697211618 - sampling time: 1.0100188255310059
16326: Sampled 20 with 1278229957163770359660970862563144873266535795798196317900549387293386044832807645 - sampling time: 0.981497049331665
16318: Sampled 20 with 640324063442039673394297459348370612038786620203464368433061367904383184992650852 - sampling time: 1.0386273860931396
16315: Sampled 21 with 249897639533781279558130016284466935151021139554811108153009809219561367669616440 - sampling time: 1.0759339332580566
16314: Sampled 21 with 58617449773991953088915251321173639732026191495279253686812397455737952529177285 - sampling time: 0.9726119041442871
16316: Sampled 20 with 441878859153145441610850775250836992837933216442118470602143836063238723579078443 - sampling time: 1.2881073951721191
16322: Sampled 20 with 1069151786599523018500999601901628664750002176674800528322217943304905447423827562 - sampling time: 1.1225152015686035
16321: Sampled 20 with 868468974051720041878035369207182953122873721247856601507692400006477452692625604 - sampling time: 1.2862613201141357
16326: Sampled 21 with 1290284873142588436585180458042601005143334419986174152778313512995283762329501716 - sampling time: 1.1041080951690674
16318: Sampled 21 with 642569630163281444708816925366459345726320708225267090187205930631508872110893647 - sampling time: 1.1261098384857178
16314: Sampled 22 with 59371030774825933825607941573631854276167031322112455045900921681441667964801445 - sampling time: 1.0202770233154297
16315: Sampled 22 with 253175102922876178273503218910484474874653657959647841782393850423081227698195148 - sampling time: 1.1048688888549805
16316: Sampled 21 with 445986502019791535299646288898117513514137324957217133942458279498410504115610253 - sampling time: 0.9956800937652588
16322: Sampled 21 with 1069537966858014405521261221565406592506338774425900024210271395616268914339025256 - sampling time: 1.0502755641937256
16321: Sampled 21 with 869193117755823861429022396317080459178177565853594664841377695523793788448323967 - sampling time: 1.0913095474243164
16326: Sampled 22 with 1292025095427316821567964455034894535899522160971181288182389346007350144185608938 - sampling time: 0.9733386039733887
16318: Sampled 22 with 644980967229132236670750466063520878430799793375723829970641836800694667614258889 - sampling time: 1.1274609565734863
16314: Sampled 23 with 61695791220578951553220377599331141050769294119917216334832577201728821171112099 - sampling time: 1.2280659675598145
16316: Sampled 22 with 450282707151745076180051676059978518921472140679011713104605670927349424755459509 - sampling time: 1.040372371673584
16322: Sampled 22 with 1075887945739428132914813732956087151771439245956739548744052489606614711900256278 - sampling time: 0.9266893863677979
16315: Sampled 23 with 253756615964321643461233102269123878881055232577582068079238295081884856419897240 - sampling time: 1.3200957775115967
16321: Sampled 22 with 875522177569300958932840054720026973722771017474159640752109320849117824436818859 - sampling time: 1.1583116054534912
16326: Sampled 23 with 1292394271273646624650095809449615302959540824531154531526151235646863497241455380 - sampling time: 1.0556588172912598
16314: Sampled 24 with 69022500818593290979675073491048047980972690595308251261441256455778609351484699 - sampling time: 1.1769540309906006
16318: Sampled 23 with 649562896859850347675741725440766062342955213954925449338741442889924854277806716 - sampling time: 1.4529263973236084
16316: Sampled 23 with 451673745604336627309820632595655048003637291536739152764946667368791550660140591 - sampling time: 1.2731108665466309
16315: Sampled 24 with 254022791695989778086862234465025750752068446127830908514639133795285682006947355 - sampling time: 1.3134799003601074
16322: Sampled 23 with 1079539249957161426999324841575212222860860978573455809544614168127812560832490712 - sampling time: 1.354646921157837
16326: Sampled 24 with 1294312503775156363756904778457943874745496501326808907700103322834768800678895342 - sampling time: 1.089468240737915
16321: Sampled 23 with 875925888201495090595168541482824252886709979669105004544396786300254390767408156 - sampling time: 1.2205514907836914
16318: Sampled 24 with 651603640839661492086724368944218089565389987145152459000728901604680473085718851 - sampling time: 1.000678300857544
16314: Sampled 25 with 69834639523934381534805887787089108958612423436036749293440906462233248397784441 - sampling time: 1.1624155044555664
16316: Sampled 24 with 453255605753203524643258226553598334937804605295448197786198127081207814367638132 - sampling time: 1.0003013610839844
16315: Sampled 25 with 258738184286172060957528482581437174456229437644318902098771302278541233216864792 - sampling time: 1.1123323440551758
16322: Sampled 24 with 1084484003206711469325959472646322788894624663624794826092180928812535280570002392 - sampling time: 1.245847463607788
16326: Sampled 25 with 1295991477322079455509417822782147613811120871408098100718409027643926493102205006 - sampling time: 1.1713366508483887
16321: Sampled 24 with 878425809854424722174699161933609596074160203860108613576841468938820547855675402 - sampling time: 1.350212574005127
16314: Sampled 26 with 75625369676501388457992442793618518105533266272572734859843131504266012142923256 - sampling time: 1.4031164646148682
16318: Sampled 25 with 655589208278440152467242785659830871823832398682214732061965403405871786361492083 - sampling time: 1.4699504375457764
16316: Sampled 25 with 454442280643479933032260868683394422234626833263001321159440089374734729631632228 - sampling time: 1.4479141235351562
16315: Sampled 26 with 264601698277647724433597543159981067188074652521236910425266049617598145602466052 - sampling time: 1.3683583736419678
16326: Sampled 26 with 1296190620443619882075071614983555773631680315744992899147806683235155545197726283 - sampling time: 1.1369504928588867
16322: Sampled 25 with 1086520892962621955815246952644158315138146603063660140780307615504436648350663086 - sampling time: 1.4273488521575928
16321: Sampled 25 with 879546936150991267370253894860989810285483887455710953993884617785223606313100678 - sampling time: 1.1890316009521484
16314: Sampled 27 with 78425312240086950195628216638681613277398395585078433919979461034875237905545102 - sampling time: 0.91164231300354
16316: Sampled 26 with 456553148220487328858763480516889095505028204476802806962578790894533124632909547 - sampling time: 0.935889482498169
16318: Sampled 26 with 658379265380753797973285935578147626709828482964476400543353244317910176561318398 - sampling time: 1.0005297660827637
16326: Sampled 27 with 1297667737259472893574590600597234382781566626473074975539315660095008565331591246 - sampling time: 0.9470415115356445
16315: Sampled 27 with 268583274499752409375974878937425971140908828747463814794450067982933129435281281 - sampling time: 1.0821406841278076
16322: Sampled 26 with 1090484619844116883319668379592373505923612836895311628859537360914131529716723142 - sampling time: 0.8537497520446777
16321: Sampled 26 with 880311883725859736462250484587010945269263445815327365694294568922810912217369376 - sampling time: 0.8994076251983643
16314: Sampled 28 with 80922888685985200228658642659983759222719227511532496065523502078572472684728778 - sampling time: 0.7591285705566406
16316: Sampled 27 with 459194680158827064166897739425926094050044561724661751115386445949308955777695502 - sampling time: 0.9116766452789307
16318: Sampled 27 with 659605786530361882741656634315826235829250370133129106807514180541958499271174690 - sampling time: 0.9453504085540771
16322: Sampled 27 with 1091151935401914750636225726818042561655244109161923166036292214381560042642568012 - sampling time: 0.7084784507751465
16326: Sampled 28 with 1298835605271875791151509858041301316071402761714601788172963595287920115378887704 - sampling time: 0.7465925216674805
16315: Sampled 28 with 277872956786701911683728734493369968675188845633449005045357770744356239651902954 - sampling time: 0.8747739791870117
16321: Sampled 27 with 880542842613935090208159381751892492457090892422667151912533548628899338319350459 - sampling time: 0.7481441497802734
16314: Sampled 29 with 83010574541689763022971297373122500189771687542657908574970796672309658907832327 - sampling time: 0.8497393131256104
16322: Sampled 28 with 1094565096956804738419610310063324733233341598714665560849404369103266186693309397 - sampling time: 0.7698454856872559
16326: Sampled 29 with 1300031320934531395912721880326653264960380239045761459466402955095926088368311816 - sampling time: 0.7494332790374756
16316: Sampled 28 with 469824109515585768188485747528835340991650579121257046510362206130313018132944030 - sampling time: 0.9783260822296143
16318: Sampled 28 with 664512086357636052924632314427924278538900124851301065960758052305480783362740775 - sampling time: 0.888542890548706
16315: Sampled 29 with 281810828406912497893321680609677642930686976901378883073684383881706243243303716 - sampling time: 0.87558913230896
16321: Sampled 28 with 883985268535765717515358604396962428990771777069714250915972139539902324556456127 - sampling time: 0.7620491981506348
16314: Sampled 30 with 89219405080042362114288464956604659167941611817077466617357000288432914688873864 - sampling time: 0.7979583740234375
16326: Sampled 30 with 1303962505095695850721494597819919223560260276775299751826815544660360530640373801 - sampling time: 0.8099393844604492
16322: Sampled 29 with 1098796036648825931948511224666816496541457833861560007771587258005013753839892114 - sampling time: 0.8351936340332031
16316: Sampled 29 with 469987439821533861734501865065119533789730599973750752662538007459560732887038500 - sampling time: 0.8464367389678955
16318: Sampled 29 with 667834382075846930672927086473116783201180962090909540308588691847145562274127526 - sampling time: 0.9127895832061768
16321: Sampled 29 with 884489472083917927528596305389185884670724314736827166862332818691158976682829433 - sampling time: 0.8754227161407471
16315: Sampled 30 with 285437986198396941833775654687373696683956022678262797695885160720147270161263395 - sampling time: 0.9589226245880127
16314: Sampled 31 with 91083286003119118738043052303527592580472573662047717477377456630868319244772403 - sampling time: 1.3544492721557617
16322: Sampled 30 with 1112995525895483579159070566423692659434072885159979523214702831611726537003094834 - sampling time: 1.0865261554718018
16326: Sampled 31 with 1306001753803879917637135751348056509599300878618141918982356660695603781310591916 - sampling time: 1.2990777492523193
16318: Sampled 30 with 667939619676010524438638070892339028749378327255965315892882365813549990936374309 - sampling time: 1.2069222927093506
16316: Sampled 30 with 478467687397117157939216718949982108161444221760683556069902163566313151688625795 - sampling time: 1.3051550388336182
16321: Sampled 30 with 885714973203146266496799464342744852454266530010293854208027567820211236387159862 - sampling time: 1.3457300662994385
16315: Sampled 31 with 287222511860466162262839658723995306535321153198257177839711686538672239392435981 - sampling time: 1.5595076084136963
16314: Sampled 32 with 92813681405211210737021984686192786138790844952811084373630513009677961619748333 - sampling time: 1.1360013484954834
16322: Sampled 31 with 1125711885246359742828743376724201637101882442578518539732901243423168726276058317 - sampling time: 1.1079354286193848
16316: Sampled 31 with 481633766637192946656422254446550098850328951014680605296985191027454907160186282 - sampling time: 1.043804407119751
16326: Sampled 32 with 1307862293693156882959120075991736241221169317575323474162455609147856706097435381 - sampling time: 1.225064754486084
16318: Sampled 31 with 671604404880737860934231258873832409136441159931739263395961374284701630524899102 - sampling time: 1.269822359085083
16321: Sampled 31 with 888999963320676480472119949383523223406651197273070308405969840482147333512268051 - sampling time: 1.138857126235962
16315: Sampled 32 with 290611102736082662105215039855961316773262922673732437163604130760870355348439078 - sampling time: 0.8553791046142578
16314: Sampled 33 with 96914541657506031589392771528467995287383313448596906486540920320323035823912023 - sampling time: 0.8669428825378418
16322: Sampled 32 with 1127543489542423040293654421117066822346240167526205323358491373215604035100241306 - sampling time: 1.0932228565216064
16316: Sampled 32 with 489563762618267635098589713867278895445946632537261281065148632382359291709918035 - sampling time: 1.0128750801086426
16318: Sampled 32 with 672831637779928574266727614318035689215782335185923667859510011700948409905867198 - sampling time: 0.8448526859283447
16326: Sampled 33 with 1308046184205990822662143131903636867303042836764403220215924611226689984859093186 - sampling time: 1.046541452407837
16321: Sampled 32 with 890358143229352896145637728188600414583012083390617983047971508187834332795494712 - sampling time: 0.9525017738342285
16315: Sampled 33 with 291130245957594509888156101843262680941254177413816234555127499446491836444599366 - sampling time: 0.9758853912353516
16314: Sampled 34 with 97743117780240943198454931164974438627523507215765049041615641976679915843805499 - sampling time: 0.9535098075866699
16322: Sampled 33 with 1127695605622455871477635196129787507209320028960179246187380537721684452041684279 - sampling time: 0.8951504230499268
16318: Sampled 33 with 674207539691519636025860104814518342553200553784527459667883228850191259061849448 - sampling time: 0.8538906574249268
16326: Sampled 34 with 1320305833385886922550279473690943368860245628463889312887296292206174190417064835 - sampling time: 0.9514741897583008
16316: Sampled 33 with 490678254119243463201285838945749622261557008302671758270870377011991204448571400 - sampling time: 1.0423264503479004
16321: Sampled 33 with 896528178569760932756520337012118203062232721735421942434631145034800968246043447 - sampling time: 1.1033637523651123
16315: Sampled 34 with 295059925922914333430036371636699978694037120265872465804799929821654454655872268 - sampling time: 1.1501150131225586
16314: Sampled 35 with 98534872585542655928833857256647714802472503802720830620841815071690016112172842 - sampling time: 1.0171747207641602
16322: Sampled 34 with 1129340693938004721757317431736935153604508736122562114434754629317972950269394843 - sampling time: 0.9422643184661865
16318: Sampled 34 with 676961399515286823910820591884697397431797569084491403880435703402704411815182393 - sampling time: 0.864633321762085
16326: Sampled 35 with 1322322310215734157471030079833615320510479062759871882822073886780507768956310702 - sampling time: 1.0029635429382324
16316: Sampled 34 with 492719182211514576571143094513481308143419224630599127307323573701395732264670917 - sampling time: 1.2830359935760498
16321: Sampled 34 with 899157721233744768631300271156612299148190612300891757797358643239086720697997157 - sampling time: 1.1762144565582275
16314: Sampled 36 with 98799658734083489160234448015993286557006540022233787121859266493889185046488206 - sampling time: 1.2533957958221436
16315: Sampled 35 with 296509885638431155918858510547674333815323199524679800267805469456635528096182841 - sampling time: 1.4266467094421387
16322: Sampled 35 with 1132203124217045686219553069827813963124691854341852548258709189550440929785175288 - sampling time: 1.3229715824127197
16318: Sampled 35 with 680403734553317873550921767209757806251711758471566235552008511598837808465268054 - sampling time: 1.2371935844421387
16326: Sampled 36 with 1323201947539287452923921659961964773923406552646930036297036049986814289701919784 - sampling time: 1.1742966175079346
16316: Sampled 35 with 495269122709421983596087807920841166191555699208553243353453370476176011440864689 - sampling time: 1.1631104946136475
16321: Sampled 35 with 904032405636018598587910618795517848207543608646178951499704394818480135883565915 - sampling time: 1.201439380645752
16314: Sampled 37 with 101631363204088119948962065347853781602161398882347651950000795554145720978663853 - sampling time: 1.1277992725372314
16318: Sampled 36 with 682426605504478222490956799209988471472886522550895690603740092591484220319647111 - sampling time: 0.9441592693328857
16322: Sampled 36 with 1133983406191050837376632430690849518080308155141319656391633389777168344687235524 - sampling time: 1.0689244270324707
16315: Sampled 36 with 297667285576521141654701218053760241485025738093273429014858665925472020601377310 - sampling time: 1.178328037261963
16326: Sampled 37 with 1334124737469241071754880959738312033623390851122035073791678432943233222978659585 - sampling time: 1.2884340286254883
16316: Sampled 36 with 499839845944304454738583935345818835213351497731561532063660600986699822853294874 - sampling time: 1.240386962890625
16321: Sampled 36 with 911235014271148355210007627491726724680816667083750950878161020591643115109569020 - sampling time: 1.3279213905334473
16314: Sampled 38 with 104391435702429217367897103341109561853084129213284978703945830933237210112610647 - sampling time: 1.2890219688415527
16318: Sampled 37 with 687274885087966455303089448913787143247571095427381937122172424711538209633259458 - sampling time: 1.4110805988311768
16322: Sampled 37 with 1144533472215506416868572240986701651327666370690639085926625634142333372085124675 - sampling time: 1.5095345973968506
16315: Sampled 37 with 304012890631504077303060039557181400632654910284257703539087233138518618931084692 - sampling time: 1.530395269393921
16326: Sampled 38 with 1334901894119285230983680990893461902542552107275957152512954497085065851123603882 - sampling time: 1.3952867984771729
16316: Sampled 37 with 500843361945348893096912964077943980473244847861616218321180601067988105554677812 - sampling time: 1.3148698806762695
16321: Sampled 37 with 911481019512084088419371531358651416909095675953102610854434713737910271120421155 - sampling time: 1.2403922080993652
16314: Sampled 39 with 107464639538767872767414347632629616186062984154720996498175929588022927101044763 - sampling time: 1.2901945114135742
16318: Sampled 38 with 688552850635283149036392499894201530163780529074870062925221572710650046351602765 - sampling time: 1.2133586406707764
16322: Sampled 38 with 1147197516405443281184269242865093455711498711077540380578131250437947626322140423 - sampling time: 1.2451717853546143
16315: Sampled 38 with 304214730982569287154002832988608869821194775250125601890592912905501542263085634 - sampling time: 1.4372847080230713
16326: Sampled 39 with 1334909667482057474011400747514809923695127102336826094640071599330624648098719369 - sampling time: 1.341590404510498
16316: Sampled 38 with 503654474960686432743341048536746547962741064722377375958552533669978981235014056 - sampling time: 1.2949566841125488
16321: Sampled 38 with 912419134893148322375066704255210188162108086956995165740341885935984646796827156 - sampling time: 1.131786823272705
16314: Sampled 40 with 110318057670272335706748242835158041662193089698590565344069343634751861255246379 - sampling time: 1.0300805568695068
16318: Sampled 39 with 689204652357124223729615547759583320659436600602213227160175967196263883061000820 - sampling time: 1.0629265308380127
16322: Sampled 39 with 1147258869145017154853825857572386533172375216256440396439962180472300989185203875 - sampling time: 1.0295791625976562
16315: Sampled 39 with 307069534114232666783932701708620980098521314144413647481763125796644392255584901 - sampling time: 0.809577465057373
16326: Sampled 40 with 1338274369466737195717925200279157872649166118809644193098136930558781507129710661 - sampling time: 0.8446872234344482
16316: Sampled 39 with 505329363577664279980408949331378311366548365796205681980867099703548268616997760 - sampling time: 0.9841930866241455
16318: Sampled 40 with 690973296540757193875765369383767159900872179282823458386318519829433553809587952 - sampling time: 0.9405303001403809
16321: Sampled 39 with 912634261667318766503078483994294998688971606034684072844852463103501190968641132 - sampling time: 1.1674954891204834
16314: Sampled 41 with 119432711242669256052097367077991150003512688862157793508239145179634422441632172 - sampling time: 1.1045846939086914
16322: Sampled 40 with 1149339883993869326514224284001546001049405774361751451513539681465221800126627747 - sampling time: 1.0359017848968506
16315: Sampled 40 with 308436045869129379823046444811550151838679774059115849671240943472241089790167159 - sampling time: 1.0488669872283936
16326: Sampled 41 with 1338958841817261320788074034074094821771167668077501176460447392622003942829069003 - sampling time: 0.9746699333190918
16316: Sampled 40 with 508867907246032468290402123421904062973075648221982329627660418720613984137518304 - sampling time: 1.0267157554626465
16318: Sampled 41 with 692791318892870453819613835239205201178619523573746973780675706128238398783283741 - sampling time: 0.9029660224914551
16321: Sampled 40 with 914655402321049748830016460089859607713109059228497288902960814206030247266504997 - sampling time: 0.8589386940002441
16315: Sampled 41 with 311131670164849582555163516481269158195078389013855223219653105796186559586531134 - sampling time: 0.8395514488220215
16314: Sampled 42 with 121887952102315760198251184093883369135520661459227651840306270513149875868979755 - sampling time: 1.0900745391845703
16322: Sampled 41 with 1153739415462079243105337927694211959580763551147548242405152067321250850239610955 - sampling time: 1.095578908920288
16326: Sampled 42 with 1346746312164649592498969998278967054436420716270249782074262748349281244647740452 - sampling time: 1.1287789344787598
16321: Sampled 41 with 917978075020753965166722767251601821480842881251161277014378918946417946803101450 - sampling time: 0.8190641403198242
16316: Sampled 41 with 513966795547713764864281764148541206593526508791452345471636308731987837966714968 - sampling time: 1.1705701351165771
16318: Sampled 42 with 693352396450266588058669335752128169709928668793817004989579583564409910889290519 - sampling time: 1.3022143840789795
16315: Sampled 42 with 312288940666208191656742215641613042721322856298116184266830233124095268785200020 - sampling time: 1.1312472820281982
16314: Sampled 43 with 122172193346138925819115123217728537515499787427400193762246073532742624577841372 - sampling time: 1.2158904075622559
16322: Sampled 42 with 1155202728298859403324486581409204084067355890306864290820921496687777160462271742 - sampling time: 1.227222204208374
16321: Sampled 42 with 919165936459013524634545263556123511979081073455685663895423813143061335665350886 - sampling time: 1.3027009963989258
16326: Sampled 43 with 1350742664889615027503978481718931336055889984739633860350172125223926086264555762 - sampling time: 1.5077602863311768
16316: Sampled 42 with 514830867190196675762874547759600618635558930576148234964514794555089519104541212 - sampling time: 1.1859312057495117
16318: Sampled 43 with 702479773204889108162620190283296609899520379556565831601188991039115647065192735 - sampling time: 1.2688395977020264
16314: Sampled 44 with 123295200400898532718530178031811793939289644911773641655374868400603576958928758 - sampling time: 1.1351680755615234
16315: Sampled 43 with 316788614963070912798100976928358350474320370778808738569751341084881213513901511 - sampling time: 1.2838571071624756
16322: Sampled 43 with 1155663156051347920945829123674311094741069998912709942600866313979168589933856023 - sampling time: 1.1216046810150146
16321: Sampled 43 with 920496010690440240394472182712289779579578731859409240852640301076609647309220666 - sampling time: 1.0961534976959229
16316: Sampled 43 with 516360808293459154154143316288479191219850394697697669387900630223688296865243944 - sampling time: 1.1693875789642334
16326: Sampled 44 with 1351638223078500921405909449344607982567594067563046695140475900351760267266527659 - sampling time: 1.2052361965179443
16315: Sampled 44 with 322010407821040321512175525954961018553183016910336197603494813030292903869101569 - sampling time: 1.202526330947876
16314: Sampled 45 with 124930496882673300503786560490852624112260757524823157681472181275596097097107818 - sampling time: 1.2869837284088135
16318: Sampled 44 with 705818203958967439177170982391218015103878178932949214123903635746281150453602604 - sampling time: 1.4260716438293457
16322: Sampled 44 with 1156365127015844079213329838634149504703403499656385519235608446088335597271262030 - sampling time: 1.3536455631256104
16321: Sampled 44 with 928873646031867239251801499169728919759177387004897162436039004568188896219545044 - sampling time: 1.2252223491668701
16326: Sampled 45 with 1358181894407332762294525286204895757930459695241765448021079693500350594445888606 - sampling time: 1.2736616134643555
16316: Sampled 44 with 516418559406252020388074254943654211832780631777126628308255046099096085604594408 - sampling time: 1.3250560760498047
16314: Sampled 46 with 131639332192355095370385555818959800431306053013199049089132366089938952792125442 - sampling time: 1.006699800491333
16318: Sampled 45 with 712013468523792885295436929398025813971975546089114923958947621006730632757116980 - sampling time: 0.9258944988250732
16315: Sampled 45 with 322463692569588040176320785336119640676439527963432497769041366882706420530871255 - sampling time: 1.1870715618133545
16322: Sampled 45 with 1162203820800063576624875045069398394672250426916708810593693726732658093225538039 - sampling time: 1.1519701480865479
16321: Sampled 45 with 934383956340258532956419752036251267138212827634019518626679381889891213511677933 - sampling time: 1.1666615009307861
16316: Sampled 45 with 517632072453616885656173117815264346383839652277659472515542091597621896973679475 - sampling time: 1.2349143028259277
16326: Sampled 46 with 1358500565467436784516364056846467123334997677610144355680753862136815304414808633 - sampling time: 1.3561944961547852
16318: Sampled 46 with 712551053983510978726746993082638777460688159425966471103346535161617952239321552 - sampling time: 1.3384623527526855
16314: Sampled 47 with 133684924671636406960860524143722599261174017410679162299193865653837433952039015 - sampling time: 1.4313313961029053
16315: Sampled 46 with 326370472873094068537361946742295676723709159896620284849037704649605644626837701 - sampling time: 1.388279914855957
16321: Sampled 46 with 935753486445785552283296855235117202697221201228970729175055130362581257506022975 - sampling time: 1.2118096351623535
16322: Sampled 46 with 1164902498392969874026354124435581426652126039987832151928341188983725285504125642 - sampling time: 1.5072309970855713
16326: Sampled 47 with 1365750394409653166204208751123913043348919008091439340520019567392387008242927446 - sampling time: 0.9258818626403809
16318: Sampled 47 with 721812789383841918155615578162255285971250415899590028834422048391314784815025014 - sampling time: 0.7397401332855225
16316: Sampled 46 with 518685412023197441813709382698556127567751762008675355955970501740497899445171582 - sampling time: 1.1964142322540283
16315: Sampled 47 with 329484285302640764678155702722662889589581921748253639135259246072571634996188082 - sampling time: 0.8805067539215088
16314: Sampled 48 with 133983272505957607642686294385383992863827371005334994696796122502877367496511567 - sampling time: 1.047752857208252
16322: Sampled 47 with 1166010190083359278835503346396532008095802768284617658868849621236913604331151127 - sampling time: 1.0254957675933838
16321: Sampled 47 with 936035922727464010644198992449079967996619986829869535391326524869734906418792363 - sampling time: 1.0405099391937256
16318: Sampled 48 with 731208058809495012535332221959724888763816808633649119507397497850110113327182020 - sampling time: 0.8987891674041748
16326: Sampled 48 with 1375690906637424036344616627108783533294870931254232471883956381414278197638074372 - sampling time: 0.9489326477050781
16316: Sampled 47 with 519006401853580418460467014086857148478322149968959214096186306084631847345612599 - sampling time: 1.0855228900909424
16315: Sampled 48 with 333581185873477582183490888131482552284726768559133045792561127517656988176438945 - sampling time: 0.9232692718505859
16314: Sampled 49 with 141117198398667730534431344993321027093393970724028869072408865138710885838040814 - sampling time: 0.9794802665710449
16318: Sampled 49 with 732695797898831791299196738874880222407220826924720858676698685866791949840694225 - sampling time: 0.9649269580841064
16322: Sampled 48 with 1168880643723233843263763933460139246214253451209775139089681296986130376417133567 - sampling time: 1.0486805438995361
16321: Sampled 48 with 937715827040469302915867048838785038474785927041912994442332492468610299381477049 - sampling time: 1.131563425064087
16326: Sampled 49 with 1375770136451433801926743247666495756470935626128834256647599982358448291518527396 - sampling time: 1.1440708637237549
16315: Sampled 49 with 337250743678526858249144398281372283567672032150323199806060829281909519283430120 - sampling time: 1.0336353778839111
16314: Sampled 50 with 148346391863339308877990621365906235766518437677694328960380899329550450613307555 - sampling time: 1.141988754272461
16316: Sampled 48 with 520482367535077055516373082495993527099286215871405756051259545760998767956745187 - sampling time: 1.2590749263763428
16318: Sampled 50 with 734764502252957435496051406122246280662828140356187674410948305760050980333629438 - sampling time: 0.8321437835693359
16322: Sampled 49 with 1172002603912732165025549542718192632034491062513262408191851924596000629741169020 - sampling time: 1.1450786590576172
16321: Sampled 49 with 945124654039861585281337216201108140505742512998072184321512067567244113563455589 - sampling time: 1.1466596126556396
16326: Sampled 50 with 1379987907175267050328221199084333537764755676939859035988231920417339307885235135 - sampling time: 1.2760415077209473
16315: Sampled 50 with 337887594816548593388481143622800862442525882770070019827599970568335281428949102 - sampling time: 1.276102066040039
16318: Sampled 51 with 736105554121536364204042888220779781909993983375153300695527602011735340374068470 - sampling time: 1.0777873992919922
16314: Sampled 51 with 148631054562331775011292476586666591937874281427335526553752162629769372169817156 - sampling time: 1.2849087715148926
16316: Sampled 49 with 520526415671229380636619155883322816479368688334006716982601240821402936904662238 - sampling time: 1.4025065898895264
16322: Sampled 50 with 1176687259520723631559989101950380167828270506947597198404327725602652608247410446 - sampling time: 1.2884306907653809
16321: Sampled 50 with 948745146350150593422355171020932013249207206968418196406079157498768793498147281 - sampling time: 1.3438444137573242
16326: Sampled 51 with 1383834103662265604210031671930204539171607839205869838216968678250612769234764206 - sampling time: 1.2363362312316895
16318: Sampled 52 with 736376336464617917648431210656771734333693844216075109299847426586436608544913503 - sampling time: 0.913881778717041
16315: Sampled 51 with 339575982824800866952573604346910207338327433919481260362968727832628391425661731 - sampling time: 1.1257972717285156
16314: Sampled 52 with 149073850337035906694221006179681092515824618306295905566075930476338780302135522 - sampling time: 0.9951953887939453
16316: Sampled 50 with 530211340509917323928855985594810244133852789007642676914511365780205166606587930 - sampling time: 1.1240136623382568
16321: Sampled 51 with 951677029660896244176616122170795569155624969083982935630661304639508690927966027 - sampling time: 1.0452072620391846
16322: Sampled 51 with 1176733892044712965862452955269301060052628300227017569721266227400019755076630817 - sampling time: 1.2045602798461914
16318: Sampled 53 with 741204640514467106816427472322952975447238791899461525188078860320288006324368147 - sampling time: 1.1137638092041016
16326: Sampled 52 with 1384004571605789776622232383218324968686238113809154763228403110467385482052066334 - sampling time: 1.2089030742645264
16314: Sampled 53 with 149406902397750842474317278581727308893343023771318627064376362306495226268547768 - sampling time: 1.0197503566741943
16315: Sampled 52 with 341219644690062190202065841966579438416723583123989383852139048406429733011795729 - sampling time: 1.1579482555389404
16316: Sampled 51 with 530970456902436943467808546990375950804122321432612180262499353410429317913441114 - sampling time: 1.0605378150939941
16322: Sampled 52 with 1179962895492055543173810522909528308058932954796102093336695345820704431453051833 - sampling time: 0.9380917549133301
16321: Sampled 52 with 955473679662690095080753238767148553306015668780271676631262332552197167529626369 - sampling time: 0.985569953918457
16318: Sampled 54 with 743907702065305756537678466362465618959592480987345603871228201710895835727764160 - sampling time: 0.9062299728393555
16315: Sampled 53 with 341778221304164917296798843853350075327446299867004769028657104090757406129469849 - sampling time: 0.9536356925964355
16326: Sampled 53 with 1393089061929759295703217590388776474871118146635718771229176081413646216999490040 - sampling time: 1.0237481594085693
16314: Sampled 54 with 150482241611194135094396274677209105435914970236449064040240675499078207337374070 - sampling time: 1.0251305103302002
16316: Sampled 52 with 536756710447598865414748189524522604859255997093858699367462608691529732266170392 - sampling time: 0.917975664138794
16321: Sampled 53 with 957272760361500456548966410766660176942357165654159254609044013806526973173593804 - sampling time: 0.9608476161956787
16322: Sampled 53 with 1180238561674210419050756598390782926541980363851028925040602402790885462951176691 - sampling time: 1.0917448997497559
16318: Sampled 55 with 746620827437449480134413875736119700107887370183500331391945659995628607756138639 - sampling time: 0.9035091400146484
16314: Sampled 55 with 152001840470781225483220798034499967516896224800023005400127719499791737552405163 - sampling time: 0.8934433460235596
16315: Sampled 54 with 345936841005368029183213764618786036352476247213237761173411427389595589586388925 - sampling time: 1.0497159957885742
16326: Sampled 54 with 1395245288955471961139714773439624523470934523803375362337630763862770765309380993 - sampling time: 1.0531039237976074
16316: Sampled 53 with 537032344542077215390992123595821929548619002528310379605462614613634032665153704 - sampling time: 0.9139325618743896
16321: Sampled 54 with 958029676905243113606394291734640578279058376453880115630506751345595073151461663 - sampling time: 0.925513744354248
16318: Sampled 56 with 751274048786982439403383743507258487942392523312532963293943826187196259472987325 - sampling time: 0.935936450958252
16322: Sampled 54 with 1184922945594071292417916287639951658208029805064433562767480695225293681735811490 - sampling time: 0.9941463470458984
16315: Sampled 55 with 351725711151180849691587270421025233187267576943366158587513653791019834268032792 - sampling time: 0.8358879089355469
16314: Sampled 56 with 153242542344644618471874749648626030748715263597521750520176434123928212636626984 - sampling time: 1.0638186931610107
16326: Sampled 55 with 1398411603076981704779958700641340150616695072545154112085632029167934589982744664 - sampling time: 1.0832898616790771
16316: Sampled 54 with 538910615799221252416760697337577956339691801131848567657080510644711870557366264 - sampling time: 1.0687055587768555
16321: Sampled 55 with 959164818238832130299302906696551008778775064465417909271375921003092457748318294 - sampling time: 0.9761652946472168
16318: Sampled 57 with 753043893808178175828109617395262701673699676560258475032859262495589972211680478 - sampling time: 1.0108575820922852
16322: Sampled 55 with 1193631826939146154748153045290115152820453333341155762487996671983072472780306968 - sampling time: 1.0721197128295898
16315: Sampled 56 with 352151039882516692065309921656849751450291891693439533731448194556347446951037888 - sampling time: 1.0103862285614014
16314: Sampled 57 with 153479385582935706753570316677903277900960192426280146328147628409154145802044305 - sampling time: 0.970503568649292
16316: Sampled 55 with 546313114386368223247324663546692370677543245055405407333309681686848130758658384 - sampling time: 0.9493865966796875
16326: Sampled 56 with 1399646644505852839193452951952830331787798900452518903867225237836860803462158363 - sampling time: 1.0628046989440918
16321: Sampled 56 with 961586752197889399866900587896907953910827365153531363388562095080381702296601196 - sampling time: 0.8493895530700684
16318: Sampled 58 with 755491510345908193078306048539061252726036680523419148879473449190194042521015107 - sampling time: 0.8812181949615479
16322: Sampled 56 with 1201913333522602119670245099494081855977195572403828853733944644427319225621335770 - sampling time: 0.9909331798553467
16315: Sampled 57 with 358256893676164558706485273720179618241672723739591683056283277159215732050943280 - sampling time: 1.0179362297058105
16316: Sampled 56 with 547393576352422518439651092131366734054530013429831954897470358081352267798557196 - sampling time: 0.7769887447357178
16314: Sampled 58 with 159101996164366860152668457340282474493226134362327477857743625732184339800554281 - sampling time: 1.0256171226501465
16326: Sampled 57 with 1400741058689704918592184518622617712919308433946279832155940373946690519170727148 - sampling time: 1.0759327411651611
16321: Sampled 57 with 969527062008729070642894958502899326117082763089144886459079726297993425900074868 - sampling time: 0.8835556507110596
16318: Sampled 59 with 757463094676001029435241011718137122641447789889680807540576789862818679100840911 - sampling time: 0.946124792098999
16315: Sampled 58 with 360400070534675078931249201505982546141962295439956507371502746938871538147113407 - sampling time: 0.8655474185943604
16316: Sampled 57 with 550817066850580851641871339837248858101836088321285678731670385570291942369483900 - sampling time: 0.8963871002197266
16322: Sampled 57 with 1201939029584690696495919298711448046765438963540200791167389049523941161195238768 - sampling time: 1.133558750152588
16314: Sampled 59 with 164435941565728097133482341566998933722600703125812594559187350826564689266248278 - sampling time: 1.0023524761199951
16326: Sampled 58 with 1403412332964625113878246211238311401020972805457050428868306423192373059867287771 - sampling time: 0.9602277278900146
16321: Sampled 58 with 971502860702698000696279874721522566733012316965708116896956953328057498188359208 - sampling time: 0.9499025344848633
16318: Sampled 60 with 758720055372362920369075673831124272408359066620305767179038716601490270857942049 - sampling time: 0.947317361831665
16315: Sampled 59 with 362002773417933891341945383926575356394991213473390135187307824770626880617130679 - sampling time: 0.8557076454162598
16316: Sampled 58 with 554690607930561594870664647965439950623321377250674293787649258305645829634200912 - sampling time: 0.8616428375244141
16314: Sampled 60 with 166460824471823188152617500599708387968098370195778548168523559589197093704148697 - sampling time: 0.9845967292785645
16322: Sampled 58 with 1202001673641815819563088411331937005305642605495722418316841750444555447466584144 - sampling time: 1.001704216003418
16326: Sampled 59 with 1406092368607874577320751137345505001904174287990429005368362704731897737745067439 - sampling time: 0.911015510559082
16321: Sampled 59 with 974242558005179694609826324935192874171434559952988857462320465900130986011479903 - sampling time: 1.0531437397003174
16318: Sampled 61 with 759038410633565893075039628840853950135134370969768652620403039322891612581656984 - sampling time: 0.9554815292358398
16316: Sampled 59 with 556608170604604912335599334931888748575280805739326791529711910177404799259023319 - sampling time: 0.9664807319641113
16315: Sampled 60 with 364994905827677589041301760938670614046075709429137338748918523504035035898380759 - sampling time: 1.0153579711914062
16314: Sampled 61 with 169214504225611527694321632789772047031066666998995834610539878801658831260637427 - sampling time: 0.9422736167907715
16322: Sampled 59 with 1209254629713661201054698462788576838808479993475538609588816120535046387254873948 - sampling time: 0.9354381561279297
16326: Sampled 60 with 1415397593281600580725853767494325272004160290624968333006775024716775154233438613 - sampling time: 0.9816317558288574
16318: Sampled 62 with 759135318631718845241060164865540483411247307538822121244338235617542643019466918 - sampling time: 0.7608072757720947
16321: Sampled 60 with 974717339469579855916778499706795476357120216501336366423013664926025276653051309 - sampling time: 0.9410357475280762
16315: Sampled 61 with 371999199594633545368055015001051202299317595928548152242729779977817127632920030 - sampling time: 0.7730269432067871
16316: Sampled 60 with 557116640946411396439697400821104422468107028111328282832545111012384920684812408 - sampling time: 0.837332010269165
16314: Sampled 62 with 172369212082246882727302852145789731307879807936223662068690345947941140447613567 - sampling time: 0.7898268699645996
16322: Sampled 60 with 1211550259827408624910186527205280087313251924665912115942778851611724608436040285 - sampling time: 0.9394545555114746
16321: Sampled 61 with 977107052971955413220380721424186830224290791682194994892488613744204856698522096 - sampling time: 0.7540738582611084
16326: Sampled 61 with 1416659548532411708761734736410400439813690360643861583523850843798123320000490333 - sampling time: 0.8930914402008057
16318: Sampled 63 with 763517361772468701202731916509674236663109974833933145497038180491591285869951772 - sampling time: 0.9316434860229492
16315: Sampled 62 with 373221696919698391434509224433305119523683031132436252389694623388053197154067850 - sampling time: 0.8313329219818115
16316: Sampled 61 with 558028176562050620829343135111351043817233346370849042438530436009936691816917980 - sampling time: 0.8525745868682861
16314: Sampled 63 with 175107728870135797416448780544513047447415476220110585642909749808126805012894515 - sampling time: 0.8796398639678955
16321: Sampled 62 with 977182238716986282076576435006924702782952374485853027789844906084071210709199693 - sampling time: 0.9192743301391602
16322: Sampled 61 with 1213162869492970609546908386186490404999458282530817456343590420045251494313314189 - sampling time: 1.1815242767333984
16326: Sampled 62 with 1427452726922642082054651334140241089046400626718119263504328707206092678874962267 - sampling time: 1.1909799575805664
16318: Sampled 64 with 765856746515232440265199785862921436447023127388880939052928819285234178594497800 - sampling time: 1.163167953491211
16315: Sampled 63 with 373687517256029561031178639995814627692001220994993740911891394592434657770353386 - sampling time: 1.2169957160949707
16316: Sampled 62 with 559149390235577631754978351037715158382813970834253237168515616180156616219729105 - sampling time: 1.38508939743042
16314: Sampled 64 with 176304288392182747452227378323952719453964361311254223448705639241675752573845669 - sampling time: 1.5376625061035156
16321: Sampled 63 with 984652537426166311355797753573903649880856826490493023630231957454074644613457427 - sampling time: 1.213789939880371
16322: Sampled 62 with 1214665302403271495226184840377916078305871951973359257414322698556816912121865350 - sampling time: 1.3511688709259033
16326: Sampled 63 with 1428978931211282285947961540138281838311950734242389342785598349607951169676880026 - sampling time: 1.2892532348632812
16318: Sampled 65 with 772391129438447310912772401399684042847547897707414555920778279910075406933146262 - sampling time: 1.304091215133667
16315: Sampled 64 with 376007315310959318498720128488149605518096128601743989728319043901185896064086103 - sampling time: 1.266456127166748
16316: Sampled 63 with 563621104668824445924005475668388877823069980017709511495088738164708247691745313 - sampling time: 1.0967833995819092
16321: Sampled 64 with 989294974820513705205434310429289154014364040618258318740191669862032921150472576 - sampling time: 1.0614299774169922
16314: Sampled 65 with 178063675455878627101695806921131852771510508057199851015190926206197035557754364 - sampling time: 1.294461965560913
16326: Sampled 64 with 1429050632401536723682720614686227965235134814394811141635254461875952938612509718 - sampling time: 1.0173609256744385
16315: Sampled 65 with 377613528661554364027946463703966165785245919872911274870722239828641376681555151 - sampling time: 0.847191572189331
16322: Sampled 63 with 1216590951372626557570591919365148070753576314643584541963661375392493192910922667 - sampling time: 1.2528605461120605
16318: Sampled 66 with 772857123381449474479565287000147976079716204537345187155617185249129838547243382 - sampling time: 1.0306215286254883
16316: Sampled 64 with 564817485727284317094031895619700360851111814801774029478750273784956909921631795 - sampling time: 1.0038690567016602
16321: Sampled 65 with 996784429203881076034688014693184370619928308263195683659813581565857673887476962 - sampling time: 1.091498613357544
16314: Sampled 66 with 191225541664670116595777085241632255861263347390813895767226055286834328381396430 - sampling time: 1.0099186897277832
16326: Sampled 65 with 1429850344442157522086078960097377187536911651508964415466773835603000852531044821 - sampling time: 1.041081428527832
16315: Sampled 66 with 382611135129458234343675655259547690424853410055104642355421318756550558956901629 - sampling time: 1.0117182731628418
16318: Sampled 67 with 773905393746909803423654005318781694568887829112628187352402257732362497180766332 - sampling time: 1.002974271774292
16322: Sampled 64 with 1219546287021112087971601737140151945760868594391601528698115868080091379259774820 - sampling time: 1.0713388919830322
16316: Sampled 65 with 569540353451886358308913752969526668864045512684684959107371588685441932964687305 - sampling time: 1.054466962814331
16321: Sampled 66 with 997308097094572430171187065591941326421229564305839294277596119389243265757563218 - sampling time: 1.08528733253479
16314: Sampled 67 with 191751348119238376188680888635748306204792160344558922160031834614220674251879375 - sampling time: 1.057572603225708
16315: Sampled 67 with 384055036197599280706910247119534716003499087850435740007871703172718093413401133 - sampling time: 0.979811429977417
16318: Sampled 68 with 778923743626627622333867042523918738044565039211495304398683341811729050289620254 - sampling time: 1.144890546798706
16322: Sampled 65 with 1219895834739850711180597304065588368227652341325483788771716714233073470610279877 - sampling time: 1.1160273551940918
16326: Sampled 66 with 1429966545698319607261962878834935495947613317962731729907739169739363262732172976 - sampling time: 1.3445756435394287
16316: Sampled 66 with 570114230233882365273961610297523277505492882913383503252041368421105788377537639 - sampling time: 1.1378593444824219
16314: Sampled 68 with 196023236337524481312688300643398437638242901831116489393737072933457009510180245 - sampling time: 1.283325433731079
16321: Sampled 67 with 1004765199637636972246819563602324591110799453945492367261164112630670448450036736 - sampling time: 1.590494155883789
16315: Sampled 68 with 384447793161522437521313115604697882936254283856603982808156015942290313984342782 - sampling time: 1.5337002277374268
16318: Sampled 69 with 779705350860161821764951970984463557629308191205996072584856314165260399539870472 - sampling time: 1.4374639987945557
16322: Sampled 66 with 1220774625253542336836034112515987115586734536948833263906645829914480812225387113 - sampling time: 1.5225646495819092
16326: Sampled 67 with 1431049730301470808437112296632766973919654536935382369961884665368838416138520129 - sampling time: 1.5081918239593506
16316: Sampled 67 with 571904960359571218117041213328019589100267915826876294940030794736646192845456460 - sampling time: 1.4188640117645264
16314: Sampled 69 with 198248920981343392115747971340128162445537768821398690690646842402935180688656510 - sampling time: 1.1797599792480469
16321: Sampled 68 with 1006088644536137700070064965465617421802902854898147340582942694960382083584109690 - sampling time: 1.067875623703003
16318: Sampled 70 with 780730623314380934710280553843408423356203560423136804749965352419554965663613820 - sampling time: 0.918560266494751
16315: Sampled 69 with 391555292970340992912460759360677791792523189791294773586425533091947006574094513 - sampling time: 1.149923324584961
16322: Sampled 67 with 1221429374605935384810012954898992450511292522409443177364292741087357458351242894 - sampling time: 1.0423157215118408
16316: Sampled 68 with 574494605509886332406144546150779118422923511197835581069854676745881894925092281 - sampling time: 0.9873108863830566
16326: Sampled 68 with 1436487083031452655510900148589296189569772519101092115555684429512577033465803010 - sampling time: 1.0627985000610352
16314: Sampled 70 with 198370011192507611313571013377431113335713153605042033100849008089551295077113778 - sampling time: 0.8364245891571045
16321: Sampled 69 with 1006719369745554784533012575791104008678289947127918632997226611871978837414368786 - sampling time: 0.8389203548431396
16318: Sampled 71 with 787084692911357403656466831127250339130523237692343917396612700292198259720818396 - sampling time: 0.7807071208953857
16315: Sampled 70 with 391731158446490633418503335467615155746768809888202175967543251700555306584290594 - sampling time: 0.7522351741790771
16322: Sampled 68 with 1221812626818551832496246661848739571273580005979254940567948646652278565201401879 - sampling time: 0.7718830108642578
16316: Sampled 69 with 576315232073849895285282892424637340062368928810555541713560468521770181648825337 - sampling time: 0.7848880290985107
16314: Sampled 71 with 199085389578504253852249254030982528931687294961286508213881460256444498346588022 - sampling time: 0.8588178157806396
16318: Sampled 72 with 792591391936094354249133601358847566644046137805712572640843094926538537202727451 - sampling time: 0.7475354671478271
16321: Sampled 70 with 1011918716464451380062230090069910334323210967687624049084370343784436606990918345 - sampling time: 0.8276839256286621
16315: Sampled 71 with 391895439728170139849432424089780310833983535547451273845451468240803606019219563 - sampling time: 0.8235454559326172
16316: Sampled 70 with 579467838528597215783268915683369452863959910712660335328855295268538089048295909 - sampling time: 0.6866722106933594
16322: Sampled 69 with 1222031467687165990163698314337607065610629822539118428678880736982757628307720824 - sampling time: 0.8005564212799072
16314: Sampled 72 with 201172041578174848162251464510671147848617523541600533529447360741703411166638917 - sampling time: 0.5941007137298584
16321: Sampled 71 with 1012977345478460249694569747076562342379127538366925853885766224153494372369960429 - sampling time: 0.6393866539001465
16315: Sampled 72 with 394651903035695778656860545008438323860298474684217837579410081702810242513142346 - sampling time: 0.548729658126831
16316: Sampled 71 with 580802031799621764243045820725226440260270314678911581016964731209617234883872343 - sampling time: 0.6302046775817871
16322: Sampled 70 with 1225088762164888320995189889951959087862827247558980697034913536040691045139358170 - sampling time: 0.6673145294189453
16321: Sampled 72 with 1022861015891071289864088302858625826251844526146111024371180571736103575995193815 - sampling time: 0.6330485343933105
16316: Sampled 72 with 587715204697006784898270430640178398071339094517166802778276145938925384419917021 - sampling time: 0.6351156234741211
16322: Sampled 71 with 1229493284204176056676498088182914179067491935153356946144703016111253846248742618 - sampling time: 0.5279703140258789
16322: Sampled 72 with 1229585693345657988564768673818262357453720727374234212142199944164550729406578532 - sampling time: 0.491837739944458
--- total time: 77.80940198898315 seconds ---
Output samples created on:  ./Samples/smarch_opt/toybox_0_7_5_500.samples

real	1m17.989s
user	3m25.692s
sys	1m44.687s
