Input file:  ./FeatureModel/uClibc-ng_1_0_29.dimacs
Number of samples:  1000
Output directory: ./Samples/smarch_opt
Counting - Total configurations: 8027944014617489543924213817393807360
Counting time: 0.11223196983337402
22957: Sampled 1 with 1564171741687745663913185376361671 - sampling time: 1.1577911376953125
22961: Sampled 1 with 3561648491233963749251505704107423529 - sampling time: 1.2268478870391846
22958: Sampled 1 with 1279301831553200276327101659177469972 - sampling time: 1.2522377967834473
22963: Sampled 1 with 4538166034215308934536437664991933833 - sampling time: 1.3201477527618408
22968: Sampled 1 with 6940478534072860925502172179287288900 - sampling time: 1.349367380142212
22965: Sampled 1 with 5793569660753765009021110209240301372 - sampling time: 1.3515667915344238
22959: Sampled 1 with 2563641457267164487561180016643839781 - sampling time: 1.3809232711791992
22958: Sampled 2 with 1283525258809690922257590556147466991 - sampling time: 1.2315647602081299
22957: Sampled 2 with 7557489755704868232436587105012051 - sampling time: 1.4111502170562744
22963: Sampled 2 with 4544163933792179195147765174014797064 - sampling time: 1.3209271430969238
22961: Sampled 2 with 3561972394861350475025702573433006273 - sampling time: 1.4507057666778564
22968: Sampled 2 with 6956714793397819791179964872095213532 - sampling time: 1.421875238418579
22965: Sampled 2 with 5797583190044518255171306811581920596 - sampling time: 1.495011329650879
22959: Sampled 2 with 2575225256352471164241071190427047750 - sampling time: 1.5998613834381104
22958: Sampled 3 with 1290993125397521828161580516012450569 - sampling time: 1.2199513912200928
22957: Sampled 3 with 13292215575944055956686860695135177 - sampling time: 1.3750367164611816
22961: Sampled 3 with 3584175685988324127052321068259372102 - sampling time: 1.3260383605957031
22963: Sampled 3 with 4551077561215747085309501459351939862 - sampling time: 1.4457626342773438
22968: Sampled 3 with 6966872794450441311637654095991495967 - sampling time: 1.4000473022460938
22959: Sampled 3 with 2582624886548570967851832175036665207 - sampling time: 1.3650221824645996
22965: Sampled 3 with 5799959514636277685423114675223681208 - sampling time: 1.653285264968872
22958: Sampled 4 with 1299543473291269286025216860539816155 - sampling time: 1.4213542938232422
22963: Sampled 4 with 4552880951307395837508266614873347046 - sampling time: 1.195749282836914
22957: Sampled 4 with 18086551973895867828851290221284628 - sampling time: 1.4531292915344238
22961: Sampled 4 with 3589968742279749424251865256067527774 - sampling time: 1.4466328620910645
22968: Sampled 4 with 6969356261539309029200464176665634112 - sampling time: 1.3597264289855957
22959: Sampled 4 with 2589239172860124895244581595342913448 - sampling time: 1.257741928100586
22965: Sampled 4 with 5817062304007753758917301171735165934 - sampling time: 1.477710247039795
22958: Sampled 5 with 1320194831515443051984465329525572396 - sampling time: 1.3238070011138916
22963: Sampled 5 with 4555684138264790617742617260370737688 - sampling time: 1.4760119915008545
22968: Sampled 5 with 6996118511550834640531260658351461700 - sampling time: 1.3880648612976074
22961: Sampled 5 with 3616853736056836099044176181855910606 - sampling time: 1.5327625274658203
22957: Sampled 5 with 22476132982216544944135802420687543 - sampling time: 1.5929584503173828
22959: Sampled 5 with 2598986578303064443067721967299428076 - sampling time: 1.4984254837036133
22965: Sampled 5 with 5822336625321277399549524417930893603 - sampling time: 1.44651198387146
22958: Sampled 6 with 1321300690402554183038435955755376835 - sampling time: 1.3056862354278564
22957: Sampled 6 with 26530588996657042180287516021817716 - sampling time: 1.2999231815338135
22963: Sampled 6 with 4557037436967187217351706407438234526 - sampling time: 1.5366075038909912
22968: Sampled 6 with 6997724743452773016585782275408252310 - sampling time: 1.4474704265594482
22961: Sampled 6 with 3618459980319155776858507330230893530 - sampling time: 1.5280702114105225
22959: Sampled 6 with 2600157581835826780148245213822415411 - sampling time: 1.5407829284667969
22965: Sampled 6 with 5822898706646155284316513462581340978 - sampling time: 1.5980644226074219
22958: Sampled 7 with 1321653717006789711699880792056142393 - sampling time: 1.2777173519134521
22963: Sampled 7 with 4565585244404843365518845071365828618 - sampling time: 1.374624252319336
22957: Sampled 7 with 28370450708708927891213041918953392 - sampling time: 1.5099492073059082
22968: Sampled 7 with 7000409780388785684800452852083465532 - sampling time: 1.4990575313568115
22961: Sampled 7 with 3629655626396787180471240928030843310 - sampling time: 1.4904885292053223
22959: Sampled 7 with 2608109383666124831839387768104329699 - sampling time: 1.4960954189300537
22958: Sampled 8 with 1335517375065525289999021889764995851 - sampling time: 1.2806227207183838
22965: Sampled 7 with 5847587618447636269527495192774445311 - sampling time: 1.5447769165039062
22963: Sampled 8 with 4567718415867057758640389591418948069 - sampling time: 1.4513447284698486
22968: Sampled 8 with 7004881128121209554002027956973620691 - sampling time: 1.3206520080566406
22957: Sampled 8 with 34410752666163512877648385742431694 - sampling time: 1.392273187637329
22961: Sampled 8 with 3641676815486085765928144965099072874 - sampling time: 1.499509572982788
22959: Sampled 8 with 2608472366807336004867753276202526953 - sampling time: 1.4043281078338623
22958: Sampled 9 with 1354698853947120696670645970720849563 - sampling time: 1.3291845321655273
22965: Sampled 8 with 5853258920136098525013511428409804660 - sampling time: 1.3564229011535645
22957: Sampled 9 with 46441224887118492418375042570941637 - sampling time: 1.2889940738677979
22963: Sampled 9 with 4576008755423230335547301184762679694 - sampling time: 1.470738172531128
22968: Sampled 9 with 7006533174271981095522167379229674189 - sampling time: 1.4422354698181152
22958: Sampled 10 with 1359386931716498054238688133787937376 - sampling time: 1.1280148029327393
22961: Sampled 9 with 3643529991750142161740223022295276761 - sampling time: 1.5126440525054932
22959: Sampled 9 with 2622634606977864857196370091232199771 - sampling time: 1.6599950790405273
22965: Sampled 9 with 5859440497819772252409999223760458926 - sampling time: 1.389824628829956
22957: Sampled 10 with 53181825947795662695680613763297735 - sampling time: 1.250424861907959
22963: Sampled 10 with 4587863331337216536922621411896995529 - sampling time: 1.4063913822174072
22958: Sampled 11 with 1362378639704262257809547653909754269 - sampling time: 1.2629368305206299
22968: Sampled 10 with 7017691062530211087417120034927092569 - sampling time: 1.413050889968872
22959: Sampled 10 with 2647762703804636910186981874363570040 - sampling time: 1.2186658382415771
22961: Sampled 10 with 3644972049523986411133656614614906837 - sampling time: 1.7006659507751465
22965: Sampled 10 with 5875282781916778030927305236146479745 - sampling time: 1.4340457916259766
22957: Sampled 11 with 61715294860796862799705248907440251 - sampling time: 1.3890447616577148
22968: Sampled 11 with 7019943251286400324279396140152488973 - sampling time: 1.247795820236206
22958: Sampled 12 with 1364758538353704438605222173037089434 - sampling time: 1.2857351303100586
22963: Sampled 11 with 4589717494469672082712016460027270334 - sampling time: 1.4208064079284668
22959: Sampled 11 with 2653551748807936159080374201100517416 - sampling time: 1.5151464939117432
22961: Sampled 11 with 3647308009473133296546748226360715472 - sampling time: 1.4495882987976074
22965: Sampled 11 with 5877030089515427010373509211638930219 - sampling time: 1.414971113204956
22957: Sampled 12 with 86209441534638505500164606723477371 - sampling time: 1.3541300296783447
22958: Sampled 13 with 1364817067899777583699745262381234665 - sampling time: 1.258347511291504
22968: Sampled 12 with 7020052760886605444239028839713249267 - sampling time: 1.3092851638793945
22963: Sampled 12 with 4616895074152573733619916123885088665 - sampling time: 1.5921587944030762
22959: Sampled 12 with 2658448220779055431039339496285648013 - sampling time: 1.510646104812622
22965: Sampled 12 with 5889376696676101809061624464479311936 - sampling time: 1.3521873950958252
22961: Sampled 12 with 3652582788181503542000821123804547977 - sampling time: 1.5120148658752441
22958: Sampled 14 with 1366900774613307265176592211470892429 - sampling time: 1.351285696029663
22957: Sampled 13 with 96399991230131142051863725276435781 - sampling time: 1.5350520610809326
22968: Sampled 13 with 7024929018686460099219597595790924536 - sampling time: 1.5457134246826172
22963: Sampled 13 with 4619582995548571230621963269103642139 - sampling time: 1.542478084564209
22959: Sampled 13 with 2659172552452514691645170936485792310 - sampling time: 1.4320671558380127
22965: Sampled 13 with 5889635975144364735567337938544300235 - sampling time: 1.4223885536193848
22961: Sampled 13 with 3666341273928360379245497547744708315 - sampling time: 1.52085542678833
22958: Sampled 15 with 1373790383904770231244693983485133712 - sampling time: 1.3108465671539307
22968: Sampled 14 with 7033147926112155338017327697592813596 - sampling time: 1.35465669631958
22957: Sampled 14 with 103590797031673596378625616638938260 - sampling time: 1.5187268257141113
22959: Sampled 14 with 2659995836037315513239923769279217327 - sampling time: 1.2006242275238037
22963: Sampled 14 with 4625222033510653129579360726987176024 - sampling time: 1.5354764461517334
22965: Sampled 14 with 5897949297707312585028455285173185612 - sampling time: 1.4883716106414795
22958: Sampled 16 with 1378373695566993030162276825241301245 - sampling time: 1.2431528568267822
22961: Sampled 14 with 3680367183007447407257041530942985106 - sampling time: 1.5577709674835205
22968: Sampled 15 with 7033509140419616313826669986571641041 - sampling time: 1.43839430809021
22957: Sampled 15 with 103974823964348131739507699069636488 - sampling time: 1.4596848487854004
22959: Sampled 15 with 2662510268808598271300655848708268006 - sampling time: 1.4580063819885254
22958: Sampled 17 with 1392053368700867494126895972255630511 - sampling time: 1.1764354705810547
22963: Sampled 15 with 4649623882133823820922430929939025198 - sampling time: 1.6690852642059326
22965: Sampled 15 with 5901108341960680426022218954282631216 - sampling time: 1.540187120437622
22961: Sampled 15 with 3689949009030594990201505839468216778 - sampling time: 1.6021785736083984
22957: Sampled 16 with 117282147325911958741768119067224198 - sampling time: 1.3877465724945068
22968: Sampled 16 with 7039390468347527424782842112745586797 - sampling time: 1.4571878910064697
22959: Sampled 16 with 2665274140647029177424571623503109513 - sampling time: 1.396834373474121
22958: Sampled 18 with 1392080864217436450323114159276981719 - sampling time: 1.431126594543457
22963: Sampled 16 with 4668368509893441532942982731596268646 - sampling time: 1.338517427444458
22965: Sampled 16 with 5926354080252789295083072284914869150 - sampling time: 1.5100955963134766
22968: Sampled 17 with 7055101279419968345634147007857467031 - sampling time: 1.1621520519256592
22957: Sampled 17 with 119631640600088775135211992014321661 - sampling time: 1.3037848472595215
22961: Sampled 16 with 3698702303297710288301836428824505888 - sampling time: 1.6583316326141357
22958: Sampled 19 with 1395403462918533390877874091196936376 - sampling time: 1.351820945739746
22959: Sampled 17 with 2672599332405116328005211176137078858 - sampling time: 1.5309438705444336
22963: Sampled 17 with 4689205051239088063589629069289863924 - sampling time: 1.4161393642425537
22957: Sampled 18 with 130033099900304373046912927401250912 - sampling time: 1.2549548149108887
22968: Sampled 18 with 7082328083171213110188552021696181875 - sampling time: 1.3759129047393799
22965: Sampled 17 with 5926937348211842368274300713493544973 - sampling time: 1.5398333072662354
22961: Sampled 17 with 3708670004703501305056501107222361080 - sampling time: 1.5535624027252197
22958: Sampled 20 with 1399654652024456890494111751969633999 - sampling time: 1.4475102424621582
22959: Sampled 18 with 2677869581660714525999068265520840134 - sampling time: 1.5255098342895508
22963: Sampled 18 with 4691854852480898421783604603236708875 - sampling time: 1.5898613929748535
22957: Sampled 19 with 145179547320747062246661071368859536 - sampling time: 1.366481065750122
22968: Sampled 19 with 7087234859397359035744996583222521487 - sampling time: 1.651219367980957
22965: Sampled 18 with 5954103822809066705942264228095948387 - sampling time: 1.5975775718688965
22961: Sampled 18 with 3711876716589483879210573222919741685 - sampling time: 1.711510181427002
22958: Sampled 21 with 1412139366185785795128913634116425235 - sampling time: 1.4535703659057617
22959: Sampled 19 with 2680688741536697015633946736995263118 - sampling time: 1.404759407043457
22957: Sampled 20 with 145686693079399903000007225205846449 - sampling time: 1.34035062789917
22963: Sampled 19 with 4694124650744855633612995213723479209 - sampling time: 1.6336724758148193
22968: Sampled 20 with 7105703613777704895844843956684346543 - sampling time: 1.394411563873291
22965: Sampled 19 with 5957156646485246054312581338721195916 - sampling time: 1.6464192867279053
22961: Sampled 19 with 3716113916503489464997479486609977234 - sampling time: 1.3738243579864502
22959: Sampled 20 with 2680860638721414876194336288266456380 - sampling time: 1.3305706977844238
22958: Sampled 22 with 1412771794725515420766054904161037412 - sampling time: 1.4174554347991943
22957: Sampled 21 with 149266717102474391028446704363069205 - sampling time: 1.4945247173309326
22963: Sampled 20 with 4695072012243438611264058495450555619 - sampling time: 1.5236093997955322
22968: Sampled 21 with 7117655050977682292688053605638077041 - sampling time: 1.417433738708496
22965: Sampled 20 with 5985424895565023185791981233663698893 - sampling time: 1.5410759449005127
22959: Sampled 21 with 2685564020270223820030694941484680426 - sampling time: 1.3484385013580322
22958: Sampled 23 with 1417624219013415623986333748484432010 - sampling time: 1.4543719291687012
22961: Sampled 20 with 3718795197279920058967145259338492885 - sampling time: 1.5844645500183105
22957: Sampled 22 with 153038340532359560947524870139122591 - sampling time: 1.5172576904296875
22963: Sampled 21 with 4699001253849620601594123761129133454 - sampling time: 1.5530543327331543
22968: Sampled 22 with 7119066722894313850427322404568915316 - sampling time: 1.463010549545288
22965: Sampled 21 with 5992489205031296178207916031915062236 - sampling time: 1.373342752456665
22959: Sampled 22 with 2687451300389754837688237118514030809 - sampling time: 1.4378728866577148
22958: Sampled 24 with 1448108185656308760139505864701112982 - sampling time: 1.3096327781677246
22961: Sampled 21 with 3721524380769170440102257779269797350 - sampling time: 1.4734492301940918
22957: Sampled 23 with 155097535858270244080697886655919758 - sampling time: 1.3411400318145752
22963: Sampled 22 with 4719880293723846347441149290807238404 - sampling time: 1.5967481136322021
22968: Sampled 23 with 7122534861952690813004987079822907974 - sampling time: 1.6686713695526123
22965: Sampled 22 with 5993389307425762073801796759582077103 - sampling time: 1.5335772037506104
22958: Sampled 25 with 1464726084527205972716383959463068429 - sampling time: 1.319117546081543
22959: Sampled 23 with 2687666782409438141792150550568695151 - sampling time: 1.4210569858551025
22961: Sampled 22 with 3731669009115487523728277813760708299 - sampling time: 1.7070353031158447
22957: Sampled 24 with 182760660166746816760952104317348024 - sampling time: 1.5217633247375488
22963: Sampled 23 with 4728943848865810516913837494121833818 - sampling time: 1.4028847217559814
22968: Sampled 24 with 7122934439416914977674137514809587626 - sampling time: 1.6474671363830566
22958: Sampled 26 with 1509093922665947157677649677251879294 - sampling time: 1.497586965560913
22965: Sampled 23 with 6019782099948496133237791012022363952 - sampling time: 1.6641194820404053
22959: Sampled 24 with 2691967881096944448583024652895701410 - sampling time: 1.442784309387207
22961: Sampled 23 with 3731760521121869599115162612215850206 - sampling time: 1.4958088397979736
22957: Sampled 25 with 215393127714511979447152665427611782 - sampling time: 1.6154167652130127
22963: Sampled 24 with 4736265494286697038723890622428018735 - sampling time: 1.4997210502624512
22958: Sampled 27 with 1520022349116960078630486025541207668 - sampling time: 1.308462142944336
22959: Sampled 25 with 2693246465623687696269032557578464975 - sampling time: 1.2904577255249023
22968: Sampled 25 with 7134261840268973556490146919503894539 - sampling time: 1.5401532649993896
22965: Sampled 24 with 6029701031017888250788420906184277726 - sampling time: 1.5422255992889404
22961: Sampled 24 with 3738724625466831995408786132184546002 - sampling time: 1.513253927230835
22957: Sampled 26 with 231101549812567072958173368069755987 - sampling time: 1.4516537189483643
22963: Sampled 25 with 4736269748825920146800170203972742052 - sampling time: 1.5300958156585693
22959: Sampled 26 with 2696130102585278063853683157821401101 - sampling time: 1.3563225269317627
22958: Sampled 28 with 1521021796097580516946285836891721404 - sampling time: 1.5301947593688965
22968: Sampled 26 with 7139918210647329783131521821028615644 - sampling time: 1.548377275466919
22965: Sampled 25 with 6030411718835347718795328643268494102 - sampling time: 1.6312696933746338
22957: Sampled 27 with 240089555040391806025058996108296862 - sampling time: 1.3100924491882324
22961: Sampled 25 with 3749076734513602465537995696485542288 - sampling time: 1.4796442985534668
22959: Sampled 27 with 2722808310124114706411797399395009800 - sampling time: 1.2473793029785156
22963: Sampled 26 with 4749516642606561555979639073608785723 - sampling time: 1.495741605758667
22958: Sampled 29 with 1526021834575372039912043295878594375 - sampling time: 1.4188530445098877
22968: Sampled 27 with 7143381154323034563018966330342664055 - sampling time: 1.5743463039398193
22965: Sampled 26 with 6036113441665353994613244707910022558 - sampling time: 1.4930388927459717
22957: Sampled 28 with 242712944404195579688535416965568052 - sampling time: 1.4566211700439453
22961: Sampled 26 with 3771527378982928121392224758764465620 - sampling time: 1.5997810363769531
22959: Sampled 28 with 2734955267137736460804535828436245775 - sampling time: 1.3413307666778564
22963: Sampled 27 with 4787543960819600489995255987788423929 - sampling time: 1.6341056823730469
22958: Sampled 30 with 1526985549331178626519727990608436506 - sampling time: 1.5056889057159424
22968: Sampled 28 with 7159615572244112884709474492991878420 - sampling time: 1.4665608406066895
22965: Sampled 27 with 6037013639160398289467619046500907942 - sampling time: 1.3660075664520264
22957: Sampled 29 with 263163083331449747345772816664891680 - sampling time: 1.4390873908996582
22961: Sampled 27 with 3772577259171844911676664333547209531 - sampling time: 1.3624937534332275
22959: Sampled 29 with 2741026712729232596461696302054618110 - sampling time: 1.2595434188842773
22958: Sampled 31 with 1533152324975863631268381311820695128 - sampling time: 1.4023206233978271
22963: Sampled 28 with 4796706688300432752794626544126147177 - sampling time: 1.5341229438781738
22968: Sampled 29 with 7171342343370514123103472417489936744 - sampling time: 1.403184175491333
22965: Sampled 28 with 6037602303151187609171205066876670802 - sampling time: 1.3977289199829102
22959: Sampled 30 with 2755484041315736051691296923169081519 - sampling time: 1.3642282485961914
22957: Sampled 30 with 268828385068755657911552918794609807 - sampling time: 1.493128776550293
22961: Sampled 28 with 3776580881730318018110038453567623536 - sampling time: 1.7216763496398926
22958: Sampled 32 with 1543665420770034202962802250041531303 - sampling time: 1.3330512046813965
22963: Sampled 29 with 4808631234850600831420157534394958197 - sampling time: 1.5934066772460938
22968: Sampled 30 with 7174199623422791055063120179682963286 - sampling time: 1.4589412212371826
22965: Sampled 29 with 6040644447998803427185488813049468411 - sampling time: 1.4626317024230957
22959: Sampled 31 with 2762438853770006598887582027954855280 - sampling time: 1.58957839012146
22957: Sampled 31 with 271005052300249149852375932916152994 - sampling time: 1.5826725959777832
22961: Sampled 29 with 3789704750459800706289770246517666082 - sampling time: 1.601391077041626
22958: Sampled 33 with 1547920765522559971763254677240035402 - sampling time: 1.3630564212799072
22968: Sampled 31 with 7176152666494752851002935720113761801 - sampling time: 1.4349920749664307
22963: Sampled 30 with 4815968805886127072329634981805735590 - sampling time: 1.506772518157959
22965: Sampled 30 with 6050383673472717915338952310475139004 - sampling time: 1.4642643928527832
22957: Sampled 32 with 272133877312638660266667956759396525 - sampling time: 1.3915801048278809
22959: Sampled 32 with 2777971661058435753742033955980152830 - sampling time: 1.5008313655853271
22958: Sampled 34 with 1572097303464107065825382060938749351 - sampling time: 1.4263794422149658
22961: Sampled 30 with 3809569300573128209573059910821822942 - sampling time: 1.6546766757965088
22968: Sampled 32 with 7187176616111647696151799013334084026 - sampling time: 1.5317332744598389
22963: Sampled 31 with 4834757445209021702273745979952560307 - sampling time: 1.583158254623413
22965: Sampled 31 with 6063072581353512156176276183233520280 - sampling time: 1.532813310623169
22957: Sampled 33 with 274275362707673256812036765247748840 - sampling time: 1.4778237342834473
22959: Sampled 33 with 2778208032771542911053798785515428787 - sampling time: 1.4222126007080078
22958: Sampled 35 with 1572973508927132758879432789583543713 - sampling time: 1.2482523918151855
22961: Sampled 31 with 3838959790078434733325883914104263715 - sampling time: 1.5957231521606445
22968: Sampled 33 with 7197065903058810000000699480657522457 - sampling time: 1.6652872562408447
22965: Sampled 32 with 6064597090603495235299964026178290671 - sampling time: 1.5649940967559814
22963: Sampled 32 with 4843859730469317199229859064114416261 - sampling time: 1.6994109153747559
22957: Sampled 34 with 297628840228488402336969324492684207 - sampling time: 1.444413185119629
22959: Sampled 34 with 2786036296452938141410365248203491733 - sampling time: 1.4522275924682617
22958: Sampled 36 with 1574539187292144713206706966590503024 - sampling time: 1.5171620845794678
22961: Sampled 32 with 3847701700832623453143864000059209692 - sampling time: 1.7348086833953857
22968: Sampled 34 with 7200774166026824919830588906907478671 - sampling time: 1.5485010147094727
22965: Sampled 33 with 6069567100805008445233208490040395547 - sampling time: 1.562748670578003
22963: Sampled 33 with 4871030756336926703521521434375555695 - sampling time: 1.5360863208770752
22959: Sampled 35 with 2786559947640536256735369852789172369 - sampling time: 1.2850799560546875
22957: Sampled 35 with 297793049166311235810583294122363083 - sampling time: 1.4650297164916992
22958: Sampled 37 with 1574847934577763069550089705744764195 - sampling time: 1.342750072479248
22968: Sampled 35 with 7204528575286955444780667822589797415 - sampling time: 1.3853068351745605
22965: Sampled 34 with 6072011719950637820581645303376298153 - sampling time: 1.3934731483459473
22961: Sampled 33 with 3852112526934808610690501940671110640 - sampling time: 1.6308178901672363
22959: Sampled 36 with 2789741388968486709719208179214000490 - sampling time: 1.3394567966461182
22957: Sampled 36 with 308905155097579467810581850502584836 - sampling time: 1.2452690601348877
22963: Sampled 34 with 4879128044459449602256711273535603683 - sampling time: 1.563204288482666
22958: Sampled 38 with 1581333638707093508525859983514880137 - sampling time: 1.2616162300109863
22965: Sampled 35 with 6072385240696110964138843801184904030 - sampling time: 1.5168685913085938
22959: Sampled 37 with 2792498168469862689547429361398628779 - sampling time: 1.5338006019592285
22968: Sampled 36 with 7214368459547601973394087795060855676 - sampling time: 1.6505866050720215
22957: Sampled 37 with 319541160538694410278518631283137734 - sampling time: 1.612884283065796
22961: Sampled 34 with 3862891137458704602593839638558277966 - sampling time: 1.6961801052093506
22958: Sampled 39 with 1598168681138731697647470711833424683 - sampling time: 1.5732486248016357
22963: Sampled 35 with 4885732665249988387693732379917979330 - sampling time: 1.6185922622680664
22959: Sampled 38 with 2794677221640767297662963053210424407 - sampling time: 1.5717368125915527
22968: Sampled 37 with 7226843711013127822158090619093252262 - sampling time: 1.5672199726104736
22965: Sampled 36 with 6077253473420565860730999726151151573 - sampling time: 1.6863584518432617
22958: Sampled 40 with 1613646460803982986851471096003264525 - sampling time: 1.465925931930542
22961: Sampled 35 with 3865992637200687417015496041575496341 - sampling time: 1.596771478652954
22957: Sampled 38 with 356569716158421606920960954305554289 - sampling time: 1.6224801540374756
22963: Sampled 36 with 4899237668229288506812558344257175715 - sampling time: 1.5424866676330566
22957: Sampled 39 with 357716568986737683405417465413506708 - sampling time: 1.1894869804382324
22959: Sampled 39 with 2799920943140700009031248360608498163 - sampling time: 1.5339248180389404
22968: Sampled 38 with 7227092677382741202859735405600154361 - sampling time: 1.5584650039672852
22965: Sampled 37 with 6078485818376823932332916056793226857 - sampling time: 1.57242751121521
22958: Sampled 41 with 1615853827670169042201065356348958113 - sampling time: 1.5406138896942139
22961: Sampled 36 with 3867168635433710222420515611003148801 - sampling time: 1.5165479183197021
22963: Sampled 37 with 4923179391280244821188271836634571592 - sampling time: 1.610846996307373
22957: Sampled 40 with 362679787613449989752130893993981034 - sampling time: 1.6677026748657227
22968: Sampled 39 with 7233136322392656973517387069586687933 - sampling time: 1.7364833354949951
22965: Sampled 38 with 6080145610551527937202355054608077805 - sampling time: 1.8764946460723877
22959: Sampled 40 with 2804348929027785235862175241178842814 - sampling time: 2.0000500679016113
22958: Sampled 42 with 1628259803193705336458265714549659974 - sampling time: 1.8868629932403564
22963: Sampled 38 with 4931269475226025639600603978964757019 - sampling time: 2.11251163482666
22961: Sampled 37 with 3867323883374655347264478991951487117 - sampling time: 2.3134427070617676
22957: Sampled 41 with 367511620069196394428386969780735689 - sampling time: 2.2456233501434326
22968: Sampled 40 with 7245614856336467392790096987405977984 - sampling time: 2.4333178997039795
22965: Sampled 39 with 6081541777758023462365038162187135739 - sampling time: 2.2666094303131104
22958: Sampled 43 with 1637242350331793802102236701299635172 - sampling time: 2.3981945514678955
22959: Sampled 41 with 2813768169678287861819605239015501909 - sampling time: 2.4036128520965576
22961: Sampled 38 with 3868039595765009095834113341868949532 - sampling time: 2.3432531356811523
22963: Sampled 39 with 4933668438917474292205371600526502986 - sampling time: 2.7432045936584473
22957: Sampled 42 with 371012652088964783803500882902664695 - sampling time: 2.2994349002838135
22965: Sampled 40 with 6089979030043608066789085712647521029 - sampling time: 1.9217281341552734
22958: Sampled 44 with 1637523067167007134404496304356892446 - sampling time: 1.8482320308685303
22968: Sampled 41 with 7248115296599061789067585775634603822 - sampling time: 2.24668550491333
22959: Sampled 42 with 2815557773650537966322356675716028210 - sampling time: 2.1667630672454834
22961: Sampled 39 with 3879053091043902299618965395783502236 - sampling time: 2.474142074584961
22963: Sampled 40 with 4947447451240612449994876530468506347 - sampling time: 2.245467185974121
22958: Sampled 45 with 1642078382965398250068562220979215212 - sampling time: 2.2693495750427246
22957: Sampled 43 with 380395220895232015126485145350599442 - sampling time: 2.494358539581299
22965: Sampled 41 with 6090103884003261272868306624957690530 - sampling time: 2.4128530025482178
22968: Sampled 42 with 7261077963433158699165668631215235723 - sampling time: 2.136086940765381
22959: Sampled 43 with 2815714611711662542029191508253835741 - sampling time: 2.061288595199585
22961: Sampled 40 with 3894285927116311727147773984964011223 - sampling time: 2.3389060497283936
22963: Sampled 41 with 4947875359475657081522274046302084206 - sampling time: 2.526519536972046
22957: Sampled 44 with 387907425021330697595346540583413895 - sampling time: 1.8372220993041992
22965: Sampled 42 with 6091991748722973775730452818796725853 - sampling time: 1.9429726600646973
22958: Sampled 46 with 1668266134172754633195125145944779429 - sampling time: 2.131279945373535
22968: Sampled 43 with 7264379583122910866798367282740005080 - sampling time: 2.189729690551758
22959: Sampled 44 with 2828472508003337100963406092916315025 - sampling time: 2.1918601989746094
22961: Sampled 41 with 3903155479794532770878927089749495878 - sampling time: 2.130492687225342
22963: Sampled 42 with 4952105409253618505504740753408039625 - sampling time: 2.007014751434326
22965: Sampled 43 with 6108837128069516682339154249414221925 - sampling time: 2.021115779876709
22958: Sampled 47 with 1671159574837394514889934683232051884 - sampling time: 1.9053223133087158
22957: Sampled 45 with 403358036376179951656106332197638496 - sampling time: 2.1850664615631104
22959: Sampled 45 with 2829335773739437231367026358999474583 - sampling time: 1.8157358169555664
22968: Sampled 44 with 7291293209156690603630699186033357202 - sampling time: 2.2045624256134033
22961: Sampled 42 with 3906083228395447014801729184761443748 - sampling time: 1.7200710773468018
22963: Sampled 43 with 4952819337418190434748396229083788178 - sampling time: 1.6871240139007568
22958: Sampled 48 with 1672286060481822596177156573958872503 - sampling time: 1.8772599697113037
22965: Sampled 44 with 6109472941160104916097268844910873362 - sampling time: 2.1411473751068115
22957: Sampled 46 with 409502277757660228745586493976200777 - sampling time: 2.11612868309021
22959: Sampled 46 with 2847217270973448620396910153340303573 - sampling time: 2.1688072681427
22968: Sampled 45 with 7293387861401160359377403645332001917 - sampling time: 2.0158772468566895
22961: Sampled 43 with 3906680389465878418660779214801236977 - sampling time: 2.123983383178711
22963: Sampled 44 with 4959856602072992950339605190284282801 - sampling time: 2.3074355125427246
22958: Sampled 49 with 1682212586840260727990528382423238853 - sampling time: 1.8146758079528809
22959: Sampled 47 with 2868434208013287638853959217559219841 - sampling time: 1.5300712585449219
22957: Sampled 47 with 412191380871530991221905068601760917 - sampling time: 1.7581489086151123
22965: Sampled 45 with 6124854958999408701263660442952995023 - sampling time: 2.0756638050079346
22968: Sampled 46 with 7300813794376973415217767942659890575 - sampling time: 1.9443585872650146
22958: Sampled 50 with 1706292305933983346438078056476438919 - sampling time: 1.8586816787719727
22961: Sampled 44 with 3913517319682713305502856620590070258 - sampling time: 2.5664315223693848
22963: Sampled 45 with 4967032174029245234320018486065693559 - sampling time: 2.4433701038360596
22959: Sampled 48 with 2878263822931310227918919617427269114 - sampling time: 2.1445088386535645
22957: Sampled 48 with 413048296263772741561655352489888792 - sampling time: 2.1522037982940674
22965: Sampled 46 with 6126978594476173822161796648178786731 - sampling time: 2.525125741958618
22968: Sampled 47 with 7305209929595724738356262373801725437 - sampling time: 2.503594160079956
22958: Sampled 51 with 1719181550338831973106325866119150097 - sampling time: 2.1578657627105713
22961: Sampled 45 with 3925511996416865033611293378605991912 - sampling time: 2.2295925617218018
22957: Sampled 49 with 413676678655774856094689671090632076 - sampling time: 1.7981905937194824
22963: Sampled 46 with 4972255795459387167766510937346242936 - sampling time: 2.1736650466918945
22959: Sampled 49 with 2880556167539884734986664917001810834 - sampling time: 2.1010513305664062
22965: Sampled 47 with 6152913932200322836229858112541024089 - sampling time: 1.5620131492614746
22968: Sampled 48 with 7329309061659323344568426245407662318 - sampling time: 1.9202265739440918
22958: Sampled 52 with 1725582052792865045686027079740787243 - sampling time: 1.6134886741638184
22957: Sampled 50 with 431856023305604475427791073606233543 - sampling time: 1.7515459060668945
22961: Sampled 46 with 3928844017027058503590946249711590651 - sampling time: 1.912402629852295
22963: Sampled 47 with 4991577580675472316568258327321974433 - sampling time: 1.7675590515136719
22965: Sampled 48 with 6157660258731289021025032216194941571 - sampling time: 1.469641923904419
22959: Sampled 50 with 2890095161639627808761081274629732525 - sampling time: 1.9704437255859375
22968: Sampled 49 with 7330015679414469933805812546242486300 - sampling time: 1.4980428218841553
22958: Sampled 53 with 1727021665924379294439483601108640999 - sampling time: 1.4112763404846191
22957: Sampled 51 with 435081542235502802262137312691325903 - sampling time: 1.284989356994629
22965: Sampled 49 with 6167135149488956147601348078637540870 - sampling time: 1.4750969409942627
22961: Sampled 47 with 3929389431156170122837728885837534103 - sampling time: 1.5239486694335938
22963: Sampled 48 with 4993649469068152854194064484694840151 - sampling time: 1.6381902694702148
22959: Sampled 51 with 2908933917598430130442276747819154267 - sampling time: 1.4558062553405762
22968: Sampled 50 with 7331132921303810970589810768768842459 - sampling time: 1.5311253070831299
22958: Sampled 54 with 1730153268588783689918842849116837217 - sampling time: 1.3714838027954102
22957: Sampled 52 with 437606711235139787923055353143496067 - sampling time: 1.4606647491455078
22965: Sampled 50 with 6177525414106780340448242460163115135 - sampling time: 1.4220643043518066
22959: Sampled 52 with 2922170811150185453057557960957266361 - sampling time: 1.2742187976837158
22961: Sampled 48 with 3929842811022437506274994485890829114 - sampling time: 1.7304925918579102
22963: Sampled 49 with 5003691436766166026941823392987205485 - sampling time: 1.744971752166748
22968: Sampled 51 with 7334306893384516056006990300790421557 - sampling time: 1.4334287643432617
22958: Sampled 55 with 1733786564590200188742537405870940961 - sampling time: 1.3238461017608643
22957: Sampled 53 with 462038996260631583406423000163182602 - sampling time: 1.4913780689239502
22965: Sampled 51 with 6187839333464793165982465911723554575 - sampling time: 1.4449176788330078
22959: Sampled 53 with 2926531097749603613109316607747625913 - sampling time: 1.3790438175201416
22963: Sampled 50 with 5011549621424987049471069146540007226 - sampling time: 1.2857389450073242
22961: Sampled 49 with 3934479012939198703918331411336046485 - sampling time: 1.593672513961792
22958: Sampled 56 with 1735007592185611214485349313558708654 - sampling time: 1.3829584121704102
22968: Sampled 52 with 7348057933835158253341406149250131250 - sampling time: 1.5520434379577637
22957: Sampled 54 with 464385423043195471546456015795344217 - sampling time: 1.4627842903137207
22959: Sampled 54 with 2934918701320309783179308805941203019 - sampling time: 1.3330790996551514
22965: Sampled 52 with 6190961353178929784301089905594798216 - sampling time: 1.4625718593597412
22963: Sampled 51 with 5015956373090555625163986847614652309 - sampling time: 1.429776906967163
22961: Sampled 50 with 3939889169713201537284129938611506736 - sampling time: 1.4429595470428467
22958: Sampled 57 with 1735419597019155702970049872788851474 - sampling time: 1.3552968502044678
22968: Sampled 53 with 7360114729046144908056580591020359527 - sampling time: 1.674325704574585
22957: Sampled 55 with 471284593230967244129318011059839353 - sampling time: 1.5019209384918213
22959: Sampled 55 with 2936251496193391062122097889927840661 - sampling time: 1.5105483531951904
22965: Sampled 53 with 6203270344551680709879347687844924562 - sampling time: 1.5420355796813965
22963: Sampled 52 with 5019562471034929498403337668575542137 - sampling time: 1.368492841720581
22961: Sampled 51 with 3942973018621767950683775286973131668 - sampling time: 1.457054853439331
22958: Sampled 58 with 1743794412248009500310209823215236086 - sampling time: 1.401587724685669
22968: Sampled 54 with 7361431842841844582193539413572568813 - sampling time: 1.6734719276428223
22959: Sampled 56 with 2936516933453862736893536205584737354 - sampling time: 1.4083380699157715
22957: Sampled 56 with 485076638136843211644115097008477131 - sampling time: 1.6069245338439941
22963: Sampled 53 with 5046158274374340914263879225195716402 - sampling time: 1.41884183883667
22965: Sampled 54 with 6223710130683015919023399076779069658 - sampling time: 1.643773078918457
22961: Sampled 52 with 3949504635647074862558283361970897021 - sampling time: 1.3429653644561768
22958: Sampled 59 with 1767384040552854421245218143264246920 - sampling time: 1.5534236431121826
22968: Sampled 55 with 7364072917969210772922160915811472468 - sampling time: 1.4742708206176758
22957: Sampled 57 with 505079882536864046016093194463022123 - sampling time: 1.3073394298553467
22959: Sampled 57 with 2936905040639575860943285748836666219 - sampling time: 1.5738234519958496
22961: Sampled 53 with 3961502579259979719899995272695549082 - sampling time: 1.3343372344970703
22965: Sampled 55 with 6224395167523469938183161953607629139 - sampling time: 1.5168442726135254
22963: Sampled 54 with 5055244170327257418249900493291108236 - sampling time: 1.6390964984893799
22958: Sampled 60 with 1771717667969545931429616136984284709 - sampling time: 1.3480377197265625
22957: Sampled 58 with 512591699151533355334051226077860903 - sampling time: 1.3939282894134521
22968: Sampled 56 with 7371972812364667652569227782873734072 - sampling time: 1.728590488433838
22959: Sampled 58 with 2944871587453840530872844546048074701 - sampling time: 1.533705234527588
22961: Sampled 54 with 3962649548806374749820044603808406891 - sampling time: 1.3405330181121826
22965: Sampled 56 with 6230547807555858345608019022025263858 - sampling time: 1.4043171405792236
22963: Sampled 55 with 5072598489648888075637566728132847485 - sampling time: 1.4606759548187256
22958: Sampled 61 with 1782572307687468873458318462089144550 - sampling time: 1.5963709354400635
22957: Sampled 59 with 516195683552374878039649184941523958 - sampling time: 1.5606954097747803
22968: Sampled 57 with 7377705784466308065150105518142196021 - sampling time: 1.4995028972625732
22961: Sampled 55 with 3970044936076263185962064064677078638 - sampling time: 1.480832576751709
22959: Sampled 59 with 2956288601490346445362260280912441347 - sampling time: 1.574439287185669
22965: Sampled 57 with 6235582582591993264725656124307296600 - sampling time: 1.4006214141845703
22963: Sampled 56 with 5077355037888587717866928105733277100 - sampling time: 1.5768117904663086
22958: Sampled 62 with 1785127218671893941418390286654613070 - sampling time: 1.5097136497497559
22957: Sampled 60 with 538103753277930629934248284224040789 - sampling time: 1.204822301864624
22968: Sampled 58 with 7378259280607505082830065049406414348 - sampling time: 1.4721941947937012
22961: Sampled 56 with 3978282738773929910831969154024634317 - sampling time: 1.5071656703948975
22959: Sampled 60 with 2957150428599190086115533048376238868 - sampling time: 1.463986873626709
22965: Sampled 58 with 6236907470826844446646289826105346897 - sampling time: 1.5234036445617676
22958: Sampled 63 with 1786791167256453700054623993566007471 - sampling time: 1.2980337142944336
22963: Sampled 57 with 5085754563843871949906401833000003035 - sampling time: 1.6398890018463135
22957: Sampled 61 with 549838212034321254627080755103362680 - sampling time: 1.445970058441162
22959: Sampled 61 with 2957696755652310734667989728720885883 - sampling time: 1.4208545684814453
22968: Sampled 59 with 7394448031721399113011211038734464010 - sampling time: 1.7420496940612793
22965: Sampled 59 with 6259204964345730179426637436673786613 - sampling time: 1.5344889163970947
22961: Sampled 57 with 3979657882010857500822726042957060616 - sampling time: 1.7821550369262695
22958: Sampled 64 with 1788603116470358773772282673171524909 - sampling time: 1.6996428966522217
22963: Sampled 58 with 5086918182259344067673447985616688508 - sampling time: 1.6392815113067627
22957: Sampled 62 with 579663554475768724038307859799393462 - sampling time: 1.539391040802002
22959: Sampled 62 with 2962662994616925408081561555974505319 - sampling time: 1.4193906784057617
22968: Sampled 60 with 7400040404259817736334140091980316136 - sampling time: 1.2679357528686523
22965: Sampled 60 with 6260405092654670527599587954689971662 - sampling time: 1.4001569747924805
22961: Sampled 58 with 3988873330279668991612056251840708606 - sampling time: 1.5475742816925049
22958: Sampled 65 with 1823896363537840444699205161104347814 - sampling time: 1.3644094467163086
22963: Sampled 59 with 5092104420025377407410191116822913059 - sampling time: 1.4865338802337646
22957: Sampled 63 with 586313358517734917017874811400092199 - sampling time: 1.716379165649414
22959: Sampled 63 with 2970307715101881678434056360878003172 - sampling time: 1.454050064086914
22968: Sampled 61 with 7405230691549984958275173060159974605 - sampling time: 1.5391995906829834
22965: Sampled 61 with 6264858385381365835926816406850278979 - sampling time: 1.488534927368164
22958: Sampled 66 with 1828161869543898905983607117263641174 - sampling time: 1.445382833480835
22961: Sampled 59 with 3991382106477905421418100549169794184 - sampling time: 1.5808899402618408
22963: Sampled 60 with 5104021004954954315504568165689914283 - sampling time: 1.5279500484466553
22957: Sampled 64 with 591498531372891487761453595834662354 - sampling time: 1.6302027702331543
22959: Sampled 64 with 2974494584644566088713018311659687358 - sampling time: 1.4564268589019775
22968: Sampled 62 with 7409680128360235160139023005802671151 - sampling time: 1.6050012111663818
22965: Sampled 62 with 6271299434777471998870413179792685852 - sampling time: 1.498692274093628
22958: Sampled 67 with 1845439816113799853899105687574888593 - sampling time: 1.6034538745880127
22963: Sampled 61 with 5105944438164656678757920090267834398 - sampling time: 1.3776254653930664
22961: Sampled 60 with 3991432409803432537505751774840159594 - sampling time: 1.6385173797607422
22957: Sampled 65 with 592409936333639061485794937071500650 - sampling time: 1.2759215831756592
22959: Sampled 65 with 2978259614225472538300838555668407496 - sampling time: 1.3190598487854004
22965: Sampled 63 with 6271956760186029820019391610900943908 - sampling time: 1.4811193943023682
22968: Sampled 63 with 7410900901764637685786398629069487353 - sampling time: 1.5378186702728271
22963: Sampled 62 with 5124159172367083506596552122300933175 - sampling time: 1.3916008472442627
22958: Sampled 68 with 1851955621957428360875419617678185992 - sampling time: 1.4492506980895996
22961: Sampled 61 with 4000585443414018492787707891513816174 - sampling time: 1.594785213470459
22957: Sampled 66 with 596591882092725395582945950413467347 - sampling time: 1.5180268287658691
22959: Sampled 66 with 2979607273928729863795198832393105548 - sampling time: 1.444333553314209
22965: Sampled 64 with 6278889134433710368591662422951285950 - sampling time: 1.452378749847412
22968: Sampled 64 with 7420713863633744326264550811732368360 - sampling time: 1.535099983215332
22961: Sampled 62 with 4001051427895497100448707464055232316 - sampling time: 1.3962671756744385
22958: Sampled 69 with 1860095284036501659019118038334049700 - sampling time: 1.6234056949615479
22963: Sampled 63 with 5124729727659990172952344563233205336 - sampling time: 1.6801068782806396
22959: Sampled 67 with 2993849223206418974800726669454230453 - sampling time: 1.244886875152588
22957: Sampled 67 with 600200936655244526367627492693989006 - sampling time: 1.4646458625793457
22968: Sampled 65 with 7433348252629872193981381339099299280 - sampling time: 1.3636951446533203
22965: Sampled 65 with 6280753779145598749391241422922189378 - sampling time: 1.6946895122528076
22961: Sampled 63 with 4006396243562194030746411915972565256 - sampling time: 1.4053401947021484
22963: Sampled 64 with 5138123162262011476662857265421360183 - sampling time: 1.4306814670562744
22959: Sampled 68 with 3019950469473418922997323898780998582 - sampling time: 1.4736659526824951
22957: Sampled 68 with 607586103354987270675208032839319876 - sampling time: 1.6324944496154785
22968: Sampled 66 with 7444046663922312290208059975710851902 - sampling time: 1.3632094860076904
22965: Sampled 66 with 6286491947788357880396147769222101056 - sampling time: 1.3636400699615479
22963: Sampled 65 with 5152861833522215760524669911556531949 - sampling time: 1.3747658729553223
22961: Sampled 64 with 4009096962282232209348078725747906168 - sampling time: 1.5414988994598389
22959: Sampled 69 with 3020574884489881057119939643836714160 - sampling time: 1.4312069416046143
22958: Sampled 70 with 1881986272867374121977482912965558275 - sampling time: 3.342604160308838
22957: Sampled 69 with 615383682370341552466904628780253720 - sampling time: 1.5029759407043457
22968: Sampled 67 with 7444517505336232989101778209587502940 - sampling time: 1.482689619064331
22965: Sampled 67 with 6286554421616917313013098495882660296 - sampling time: 1.4164724349975586
22963: Sampled 66 with 5154601309347748394536376222151575332 - sampling time: 1.4869930744171143
22961: Sampled 65 with 4012391327060629351214300611839974185 - sampling time: 1.5827841758728027
22959: Sampled 70 with 3021486871991295746168592576507548472 - sampling time: 1.5479698181152344
22957: Sampled 70 with 615681064368561802467605870698757867 - sampling time: 1.4401881694793701
22968: Sampled 68 with 7450238621420764564084636525900299587 - sampling time: 1.461730718612671
22965: Sampled 68 with 6294428962134997069039044258829389320 - sampling time: 1.51570463180542
22963: Sampled 67 with 5156691742342337339603379625463135776 - sampling time: 1.5739350318908691
22959: Sampled 71 with 3021491587652658788764931031439169984 - sampling time: 1.467907428741455
22961: Sampled 66 with 4012832848321640904945731518989474693 - sampling time: 1.615675926208496
22957: Sampled 71 with 626492056811911816218544814188624807 - sampling time: 1.3387525081634521
22958: Sampled 71 with 1888383372686049382067005871504693717 - sampling time: 3.146014928817749
22968: Sampled 69 with 7450603293219174078902987906729076571 - sampling time: 1.3479115962982178
22965: Sampled 69 with 6307397245001292824899809673400953325 - sampling time: 1.3447740077972412
22959: Sampled 72 with 3023218155711434580156644989406421615 - sampling time: 1.3633391857147217
22963: Sampled 68 with 5169381167488003027608944778984761202 - sampling time: 1.7365689277648926
22961: Sampled 67 with 4024716002581611031354296339238385527 - sampling time: 1.5712416172027588
22957: Sampled 72 with 639793020168297801670975712757930145 - sampling time: 1.4878809452056885
22968: Sampled 70 with 7451214694904873811703317272113902135 - sampling time: 1.4330122470855713
22965: Sampled 70 with 6310982487491735718804825682594342611 - sampling time: 1.388164758682251
22961: Sampled 68 with 4028064634483425505372103618576940492 - sampling time: 1.39674973487854
22957: Sampled 73 with 643321002070700638024527480624167290 - sampling time: 1.413827657699585
22959: Sampled 73 with 3028028571756328807581435354178287790 - sampling time: 1.755584955215454
22963: Sampled 69 with 5189560862721601252423205457986233421 - sampling time: 1.7306594848632812
22968: Sampled 71 with 7457370635735931520188283785011549944 - sampling time: 1.5217626094818115
22958: Sampled 72 with 1889225154662086704739884529162602202 - sampling time: 3.1099672317504883
22965: Sampled 71 with 6318260535004925727165801081925514003 - sampling time: 1.5072753429412842
22959: Sampled 74 with 3029257905753449532890840092994793198 - sampling time: 1.268876075744629
22957: Sampled 74 with 644178668805195662694078498773510293 - sampling time: 1.4796247482299805
22961: Sampled 69 with 4028631726838616958605673194188228043 - sampling time: 1.6119263172149658
22958: Sampled 73 with 1929221287409507321599510641869145884 - sampling time: 1.2426011562347412
22963: Sampled 70 with 5191342091000096523644211473627835862 - sampling time: 1.585137128829956
22968: Sampled 72 with 7457675602032578273953078548429619600 - sampling time: 1.6363639831542969
22965: Sampled 72 with 6320241231397344793614748584473970354 - sampling time: 1.5873634815216064
22959: Sampled 75 with 3048029636548319227235388167691520817 - sampling time: 1.5129284858703613
22958: Sampled 74 with 1930146603011234333280060393422128504 - sampling time: 1.3012518882751465
22957: Sampled 75 with 649292416950529486096198814371472010 - sampling time: 1.5052235126495361
22961: Sampled 70 with 4033007259711903441884060503024429946 - sampling time: 1.5160467624664307
22963: Sampled 71 with 5195646337450967608912775520406682372 - sampling time: 1.439424753189087
22968: Sampled 73 with 7466925851804515631026148306981412082 - sampling time: 1.5522704124450684
22965: Sampled 73 with 6321462660738899928075060956297484996 - sampling time: 1.521660327911377
22958: Sampled 75 with 1932668498104625026128298652371120457 - sampling time: 1.2295217514038086
22959: Sampled 76 with 3048715506670122909364245186640031872 - sampling time: 1.4640402793884277
22957: Sampled 76 with 652539767427699278167705844350428689 - sampling time: 1.4907963275909424
22961: Sampled 71 with 4046335930781705019531661818079258764 - sampling time: 1.5429861545562744
22965: Sampled 74 with 6321718353856910937683195624943047714 - sampling time: 1.2752394676208496
22963: Sampled 72 with 5215189246203959956271911661603129750 - sampling time: 1.7481751441955566
22968: Sampled 74 with 7484273133900234019791470816349919833 - sampling time: 1.708622932434082
22959: Sampled 77 with 3049127135864687291503262654564010671 - sampling time: 1.3428995609283447
22961: Sampled 72 with 4047133750783716333007283198411233639 - sampling time: 1.3138141632080078
22957: Sampled 77 with 653361213976595803451868166188467963 - sampling time: 1.5691287517547607
22963: Sampled 73 with 5228787232513812659345541763759269217 - sampling time: 1.3471617698669434
22965: Sampled 75 with 6352569965315836411870211034415649220 - sampling time: 1.532599687576294
22968: Sampled 75 with 7497640285471691040152240249403547365 - sampling time: 1.4477334022521973
22958: Sampled 76 with 1946741330361629234279628122699715352 - sampling time: 2.784695625305176
22959: Sampled 78 with 3054468598585443877161643933370017743 - sampling time: 1.4283177852630615
22961: Sampled 73 with 4052197675479082788316241084761403818 - sampling time: 1.5345852375030518
22957: Sampled 78 with 666677629821571305429382853327986122 - sampling time: 1.4233450889587402
22965: Sampled 76 with 6360574950579744607894292767113246314 - sampling time: 1.383690357208252
22963: Sampled 74 with 5232342667044774609626602296708773176 - sampling time: 1.6686365604400635
22968: Sampled 76 with 7503640631157485456138253919864371335 - sampling time: 1.3693697452545166
22959: Sampled 79 with 3054683444620069716234977307033228024 - sampling time: 1.5070343017578125
22961: Sampled 74 with 4055099622008176669479718634794295836 - sampling time: 1.5110530853271484
22957: Sampled 79 with 678811723230230059839130180478886411 - sampling time: 1.5599884986877441
22965: Sampled 77 with 6364185132409551508410604525273941401 - sampling time: 1.55885910987854
22968: Sampled 77 with 7525599252116289594556473964725624091 - sampling time: 1.4582414627075195
22963: Sampled 75 with 5240180393688360805321303313369991631 - sampling time: 1.5951356887817383
22958: Sampled 77 with 1961238519897185763473934584593442616 - sampling time: 3.0837619304656982
22957: Sampled 80 with 691627602306395054662951174903712467 - sampling time: 1.2990853786468506
22961: Sampled 75 with 4059119816884127965510376832526463852 - sampling time: 1.4962315559387207
22965: Sampled 78 with 6365986202034360760271681162260677913 - sampling time: 1.4940009117126465
22968: Sampled 78 with 7529477785332112291135003266471739340 - sampling time: 1.4043045043945312
22963: Sampled 76 with 5264492263809795006760318155480372271 - sampling time: 1.542301893234253
22959: Sampled 80 with 3076107081211800244007764936778731357 - sampling time: 3.1000187397003174
22961: Sampled 76 with 4067878153557506293658090018018225123 - sampling time: 1.46803879737854
22957: Sampled 81 with 692893010703092567999819903002851099 - sampling time: 1.65763258934021
22965: Sampled 79 with 6369666244880140198313281151386930655 - sampling time: 1.4051551818847656
22968: Sampled 79 with 7530990774451434533244303670760895129 - sampling time: 1.5684731006622314
22963: Sampled 77 with 5277581201498128279298941769289525530 - sampling time: 1.499253273010254
22958: Sampled 78 with 1962998728600222672777857972162749945 - sampling time: 3.0127129554748535
22961: Sampled 77 with 4086562973739281933642267857613351697 - sampling time: 1.241729497909546
22957: Sampled 82 with 696070735177759690694254050710421848 - sampling time: 1.5252792835235596
22965: Sampled 80 with 6369873227412015362281218273900967694 - sampling time: 1.4710140228271484
22968: Sampled 80 with 7532947544262331921016125045400849303 - sampling time: 1.494551181793213
22963: Sampled 78 with 5286359261986313933370239970950015387 - sampling time: 1.4862537384033203
22959: Sampled 81 with 3083167892142206378346979715104846389 - sampling time: 2.5760109424591064
22961: Sampled 78 with 4091239107833738880296954764318676431 - sampling time: 1.4182500839233398
22957: Sampled 83 with 696095332316510246203662261234830103 - sampling time: 1.5068750381469727
22965: Sampled 81 with 6384808757257732679236495395140604756 - sampling time: 1.4613211154937744
22968: Sampled 81 with 7537302629191194742898763629140904048 - sampling time: 1.445664882659912
22963: Sampled 79 with 5287858563428241972382272042376866280 - sampling time: 1.5322599411010742
22961: Sampled 79 with 4091454151701414462942739062018679873 - sampling time: 1.3815977573394775
22958: Sampled 79 with 1971023153330889862795653533504714842 - sampling time: 2.9859983921051025
22957: Sampled 84 with 696514752130307131258890290133425377 - sampling time: 1.3931961059570312
22965: Sampled 82 with 6395319491038218655949864968709645497 - sampling time: 1.3859353065490723
22968: Sampled 82 with 7547680458601533343728760728453173025 - sampling time: 1.5967185497283936
22963: Sampled 80 with 5294799740310275445536836802446651515 - sampling time: 1.5562293529510498
22959: Sampled 82 with 3086253120955435194496326129925400158 - sampling time: 3.0882954597473145
22961: Sampled 80 with 4091492155084965052398354286988068485 - sampling time: 1.5387191772460938
22957: Sampled 85 with 702893774974839602352639325812791493 - sampling time: 1.5085704326629639
22965: Sampled 83 with 6403786332199370133797063290333553074 - sampling time: 1.6390330791473389
22968: Sampled 83 with 7549388320259261984366968702903518825 - sampling time: 1.4625747203826904
22963: Sampled 81 with 5309099707888713724447046253188743871 - sampling time: 1.5314977169036865
22961: Sampled 81 with 4104828800833865842578933482424379988 - sampling time: 1.4961581230163574
22958: Sampled 80 with 1972100685454995913456343842972857050 - sampling time: 3.074986696243286
22957: Sampled 86 with 720694968751671563159737447917414525 - sampling time: 1.3383026123046875
22965: Sampled 84 with 6406544022400855716098390580513419159 - sampling time: 1.4301745891571045
22968: Sampled 84 with 7552700857320467297003973551807763416 - sampling time: 1.463343620300293
22963: Sampled 82 with 5316968866184984751851752015602511066 - sampling time: 1.4618470668792725
22959: Sampled 83 with 3092008818055673651983819428615101366 - sampling time: 2.8373570442199707
22961: Sampled 82 with 4124329892281126791452152387396905262 - sampling time: 1.4101362228393555
22957: Sampled 87 with 742205794518021500576725114958212870 - sampling time: 1.5398783683776855
22965: Sampled 85 with 6414604615196741672476376354211806302 - sampling time: 1.4599027633666992
22968: Sampled 85 with 7570453100514049058361644386849059344 - sampling time: 1.4070358276367188
22963: Sampled 83 with 5318336477488891749594206666877373422 - sampling time: 1.4494295120239258
22961: Sampled 83 with 4125998539375583165251931370627385730 - sampling time: 1.441584587097168
22958: Sampled 81 with 1973558997397401681900403935618258242 - sampling time: 3.224461078643799
22957: Sampled 88 with 743302139949731204553593714181608900 - sampling time: 1.5331501960754395
22965: Sampled 86 with 6421395533476025736761442594835456015 - sampling time: 1.3533568382263184
22959: Sampled 84 with 3092085076007546878790757119405565428 - sampling time: 2.665573835372925
22968: Sampled 86 with 7577834985983964005762687534861784414 - sampling time: 1.5414934158325195
22963: Sampled 84 with 5328985550497362289453303210966250288 - sampling time: 1.5373520851135254
22961: Sampled 84 with 4131825241254291034945240669662049589 - sampling time: 1.523798942565918
22957: Sampled 89 with 746506546462070882974469979592346585 - sampling time: 1.4941740036010742
22965: Sampled 87 with 6432600612519884255929231727357157979 - sampling time: 1.5518865585327148
22968: Sampled 87 with 7584645535743180226348294699296219645 - sampling time: 1.39591646194458
22963: Sampled 85 with 5331758375557789519235804728566658941 - sampling time: 1.6058037281036377
22961: Sampled 85 with 4140962459307280439044009523013274697 - sampling time: 1.5061795711517334
22958: Sampled 82 with 1975535683208505969134262469838268976 - sampling time: 2.8184337615966797
22957: Sampled 90 with 754786614048797463645153981065704605 - sampling time: 1.4192557334899902
22965: Sampled 88 with 6436080122352554209181624735440566411 - sampling time: 1.4255595207214355
22968: Sampled 88 with 7593349932057592650756667792125496013 - sampling time: 1.4027671813964844
22959: Sampled 85 with 3095554358677817759120401062149374813 - sampling time: 3.1007816791534424
22961: Sampled 86 with 4141309979171254557874202040940949328 - sampling time: 1.3532028198242188
22963: Sampled 86 with 5340719111083404209148214206348882769 - sampling time: 1.5794475078582764
22957: Sampled 91 with 764225884143014813930586215072966497 - sampling time: 1.5029654502868652
22965: Sampled 89 with 6440709454283345183875652858002810175 - sampling time: 1.672684669494629
22968: Sampled 89 with 7607886705592915067340759535116517975 - sampling time: 1.3971168994903564
22961: Sampled 87 with 4142903394660995400835051911464093483 - sampling time: 1.551518440246582
22963: Sampled 87 with 5343594616330757096111936049023793931 - sampling time: 1.4634544849395752
22957: Sampled 92 with 784349597014182542554762978530579860 - sampling time: 1.4408187866210938
22958: Sampled 83 with 1978375473928101854917816099778241086 - sampling time: 3.131157636642456
22965: Sampled 90 with 6443307056182134480334575980844887026 - sampling time: 1.3709526062011719
22968: Sampled 90 with 7615005898350854768129032795696545477 - sampling time: 1.411332368850708
22959: Sampled 86 with 3108167527425870175217873887191180286 - sampling time: 2.6962037086486816
22961: Sampled 88 with 4144056473621332740792772602008254565 - sampling time: 1.3998680114746094
22963: Sampled 88 with 5374710421868406098206578484260235896 - sampling time: 1.754551649093628
22957: Sampled 93 with 789690139336282323470195678236565763 - sampling time: 1.3733363151550293
22958: Sampled 84 with 1986930338570989953651250571331152639 - sampling time: 1.4088199138641357
22968: Sampled 91 with 7619720332075485008997455463301175639 - sampling time: 1.396573543548584
22965: Sampled 91 with 6454476590251748082118968422990172485 - sampling time: 1.4643027782440186
22961: Sampled 89 with 4144831536130563327932969483651451116 - sampling time: 1.3486011028289795
22958: Sampled 85 with 1987821144093918909976736134415106978 - sampling time: 1.1598694324493408
22957: Sampled 94 with 806529041718226231138560466870342772 - sampling time: 1.349039077758789
22963: Sampled 89 with 5389237123309310987997692015503728837 - sampling time: 1.6042406558990479
22968: Sampled 92 with 7622792065536827281266085866894018670 - sampling time: 1.417842149734497
22965: Sampled 92 with 6468402390528236912792905045589586957 - sampling time: 1.5882062911987305
22959: Sampled 87 with 3113043074480924053671482713229260599 - sampling time: 3.0245180130004883
22961: Sampled 90 with 4154574334671239516631976606533656154 - sampling time: 1.3837153911590576
22958: Sampled 86 with 2001044960075198446412187057766873717 - sampling time: 1.330359697341919
22957: Sampled 95 with 808164944751815377309004176658914566 - sampling time: 1.4407029151916504
22963: Sampled 90 with 5390226601701450503167336628037610033 - sampling time: 1.6483228206634521
22968: Sampled 93 with 7623472304151612615345573681578631439 - sampling time: 1.5493640899658203
22965: Sampled 93 with 6471876908803629932670835917288754201 - sampling time: 1.4444873332977295
22961: Sampled 91 with 4155425762120474119146975970136659744 - sampling time: 1.6029236316680908
22958: Sampled 87 with 2049282903856360905850872091355667181 - sampling time: 1.410158395767212
22957: Sampled 96 with 811012552130252709552489866320276688 - sampling time: 1.360823392868042
22968: Sampled 94 with 7623513468204321642439973098289012883 - sampling time: 1.3516459465026855
22963: Sampled 91 with 5410165872284727151707617784548879616 - sampling time: 1.5080235004425049
22965: Sampled 94 with 6473781394109930268693763137933345917 - sampling time: 1.4273622035980225
22959: Sampled 88 with 3126093155023522556262274824055189548 - sampling time: 2.7121055126190186
22961: Sampled 92 with 4165234917821034992745839799714796896 - sampling time: 1.3974330425262451
22957: Sampled 97 with 815921584021491319428418559465083321 - sampling time: 1.609105110168457
22965: Sampled 95 with 6494263664185713064441668926130728345 - sampling time: 1.2659852504730225
22963: Sampled 92 with 5410408763830049332448252416275509752 - sampling time: 1.4981238842010498
22968: Sampled 95 with 7629671876833728160213015093524360952 - sampling time: 1.6976909637451172
22961: Sampled 93 with 4179616709343206941685228000596796155 - sampling time: 1.4309370517730713
22958: Sampled 88 with 2060462811929340465285679790199845397 - sampling time: 2.881725788116455
22957: Sampled 98 with 822259555510919634435775128037992632 - sampling time: 1.577545404434204
22965: Sampled 96 with 6504624759100327141310928668854145282 - sampling time: 1.4506590366363525
22959: Sampled 89 with 3129524932220880767912808094560049285 - sampling time: 2.7244908809661865
22963: Sampled 93 with 5419252860084582575301124686119901037 - sampling time: 1.583735466003418
22968: Sampled 96 with 7654600208158581389756860063181211398 - sampling time: 1.6639673709869385
22961: Sampled 94 with 4181716750376836054954273321348873536 - sampling time: 1.373560905456543
22957: Sampled 99 with 844752790352268485866295981542993957 - sampling time: 1.3889520168304443
22965: Sampled 97 with 6511789206404168567271315050756202144 - sampling time: 1.5164389610290527
22963: Sampled 94 with 5437568835453215897410757927963403716 - sampling time: 1.536710262298584
22968: Sampled 97 with 7675990160915331973105401862038043322 - sampling time: 1.429459571838379
22961: Sampled 95 with 4193924638029547107149673597523819453 - sampling time: 1.5034139156341553
22958: Sampled 89 with 2060968097617313364279700118138036815 - sampling time: 3.0670266151428223
22957: Sampled 100 with 844995654091235821318451906792093956 - sampling time: 1.4391899108886719
22965: Sampled 98 with 6524262389873827417458009694404095074 - sampling time: 1.547821283340454
22959: Sampled 90 with 3133673148022847217496264006352850158 - sampling time: 3.0471091270446777
22968: Sampled 98 with 7677778325714624557411985539959503153 - sampling time: 1.3439626693725586
22963: Sampled 95 with 5438373791821715283214604687584371492 - sampling time: 1.5646486282348633
22961: Sampled 96 with 4194106467570472893699460836516956477 - sampling time: 1.4989776611328125
22957: Sampled 101 with 845206252006847781768827743323931700 - sampling time: 1.4539217948913574
22968: Sampled 99 with 7678877151070950457214840337579289742 - sampling time: 1.3394653797149658
22965: Sampled 99 with 6545523790687115995672000694912630069 - sampling time: 1.6325173377990723
22963: Sampled 96 with 5454464683334157970607313773735280152 - sampling time: 1.504011631011963
22961: Sampled 97 with 4196347117206804135290034696411462929 - sampling time: 1.2729003429412842
22957: Sampled 102 with 845391275099873724359280230369193515 - sampling time: 1.421720027923584
22958: Sampled 90 with 2071799700488830935558476598206993385 - sampling time: 3.1382694244384766
22965: Sampled 100 with 6555114413824383129349546973264384738 - sampling time: 1.3722105026245117
22968: Sampled 100 with 7684079199929533511943483113178201993 - sampling time: 1.493316888809204
22959: Sampled 91 with 3135653845641220183928569138993398088 - sampling time: 3.2924184799194336
22961: Sampled 98 with 4207357302334663130799005260239544758 - sampling time: 1.4927339553833008
22963: Sampled 97 with 5458141124612716460372619918211149532 - sampling time: 1.6316874027252197
22958: Sampled 91 with 2083094426876932480268392647930706550 - sampling time: 1.1705055236816406
22957: Sampled 103 with 857700120509686343575070766413236552 - sampling time: 1.6110970973968506
22968: Sampled 101 with 7687542268583937282607403056827685961 - sampling time: 1.3727145195007324
22965: Sampled 101 with 6556100105798409186688514721258398296 - sampling time: 1.4764103889465332
22961: Sampled 99 with 4216928665328410639650192154584290365 - sampling time: 1.305222749710083
22963: Sampled 98 with 5459504052398776323466716868698378707 - sampling time: 1.4258642196655273
22958: Sampled 92 with 2084556722506834826815240145470118668 - sampling time: 1.3236110210418701
22968: Sampled 102 with 7688529967309898747020257718978562597 - sampling time: 1.2765653133392334
22957: Sampled 104 with 866749405849328348002426440552705777 - sampling time: 1.5714778900146484
22965: Sampled 102 with 6569459489197579608630674460386826490 - sampling time: 1.353640079498291
22959: Sampled 92 with 3138234902538931078579824045486642903 - sampling time: 2.6669278144836426
22961: Sampled 100 with 4242122649835220202779082278693561779 - sampling time: 1.5110399723052979
22958: Sampled 93 with 2112955461670977052917449281568144779 - sampling time: 1.3020150661468506
22963: Sampled 99 with 5475458489966856011537383693028709661 - sampling time: 1.5261127948760986
22968: Sampled 103 with 7688888810814409233790357026912602411 - sampling time: 1.529482364654541
22965: Sampled 103 with 6569810194902625373283370697607622504 - sampling time: 1.4181649684906006
22957: Sampled 105 with 868185025259405815099626786691512707 - sampling time: 1.6360113620758057
22961: Sampled 101 with 4246876636467886484085144828316921466 - sampling time: 1.4069738388061523
22958: Sampled 94 with 2117832743848420907208557225112156256 - sampling time: 1.2534723281860352
22963: Sampled 100 with 5477419495011284739951840052604878233 - sampling time: 1.485624074935913
22968: Sampled 104 with 7690406861490206489554613985555733889 - sampling time: 1.5056259632110596
22965: Sampled 104 with 6572736787673656393478787335877726788 - sampling time: 1.5055851936340332
22959: Sampled 93 with 3141959127243511000158583761406635394 - sampling time: 2.835578441619873
22957: Sampled 106 with 875256258379445321060802768461465069 - sampling time: 1.5089952945709229
22958: Sampled 95 with 2132064731521765512195451004021127644 - sampling time: 1.4098012447357178
22961: Sampled 102 with 4250318018829918649193656031419547304 - sampling time: 1.523683786392212
22963: Sampled 101 with 5485222807039856408876786855150992271 - sampling time: 1.4899141788482666
22968: Sampled 105 with 7690899367376722255850724245200621840 - sampling time: 1.4382874965667725
22965: Sampled 105 with 6585784483888670082838196781504139693 - sampling time: 1.4941840171813965
22958: Sampled 96 with 2133063754371847772971932972544085224 - sampling time: 1.3633592128753662
22957: Sampled 107 with 879253779896360548213285414002451187 - sampling time: 1.6191210746765137
22961: Sampled 103 with 4252087913939918003274308443972195651 - sampling time: 1.4282054901123047
22963: Sampled 102 with 5493812241473050788743246362215236133 - sampling time: 1.696378231048584
22957: Sampled 108 with 899875793669873075699013823284628226 - sampling time: 1.2699370384216309
22968: Sampled 106 with 7694146255899925843383211465640387382 - sampling time: 1.5873630046844482
22965: Sampled 106 with 6587180527728188097429740817530111470 - sampling time: 1.6241824626922607
22961: Sampled 104 with 4254365302114208980339502361551303988 - sampling time: 1.383437156677246
22959: Sampled 94 with 3143768864473247805319298723328985028 - sampling time: 3.1308560371398926
22958: Sampled 97 with 2135974967459681497022091873135448505 - sampling time: 1.5760843753814697
22963: Sampled 103 with 5499142638955645176014302949335540848 - sampling time: 1.437720537185669
22957: Sampled 109 with 899922731543480286441909186149241092 - sampling time: 1.3720638751983643
22968: Sampled 107 with 7700604609796738001331934349865322129 - sampling time: 1.512509822845459
22965: Sampled 107 with 6589669895998991614683348268375023362 - sampling time: 1.4815049171447754
22961: Sampled 105 with 4260806714534432165392205105313528546 - sampling time: 1.55594801902771
22958: Sampled 98 with 2136607736313725490638931644440546039 - sampling time: 1.6094653606414795
22963: Sampled 104 with 5500020868950737736462407132655038851 - sampling time: 1.3770160675048828
22957: Sampled 110 with 903821088152124580606980893166593033 - sampling time: 1.3804206848144531
22968: Sampled 108 with 7707520350698771070980380450647202694 - sampling time: 1.3222074508666992
22959: Sampled 95 with 3169491701931797293351588026684322810 - sampling time: 2.8312363624572754
22965: Sampled 108 with 6595947982742936308879899799637570298 - sampling time: 1.6738495826721191
22958: Sampled 99 with 2146545828557009468100583282996693273 - sampling time: 1.514805555343628
22961: Sampled 106 with 4263927250745101777387421104655052887 - sampling time: 1.7456531524658203
22963: Sampled 105 with 5517414965688172431463900600730395515 - sampling time: 1.6737847328186035
22957: Sampled 111 with 978428098749302725426499188582421969 - sampling time: 1.6792716979980469
22968: Sampled 109 with 7707730249688989675873466431811127785 - sampling time: 1.6135666370391846
22965: Sampled 109 with 6598873777665075750857522044128254419 - sampling time: 1.3999433517456055
22958: Sampled 100 with 2159412832774756801000632964865243671 - sampling time: 1.4873301982879639
22961: Sampled 107 with 4265459438261841749046959285172265840 - sampling time: 1.5392835140228271
22963: Sampled 106 with 5539720717544800873088978308269363299 - sampling time: 1.6899852752685547
22957: Sampled 112 with 987915856735626680632037868865072572 - sampling time: 1.6042158603668213
22965: Sampled 110 with 6619207384719180966357100627423123058 - sampling time: 1.4558484554290771
22968: Sampled 110 with 7711986620607120218765500757104025086 - sampling time: 1.6861388683319092
22959: Sampled 96 with 3180144990847864385547459545033216199 - sampling time: 3.22212290763855
22958: Sampled 101 with 2183954332310256607907235719607348244 - sampling time: 1.4317634105682373
22961: Sampled 108 with 4266981589158502815807246231100515193 - sampling time: 1.7418229579925537
22963: Sampled 107 with 5540842063900088131230070500272595141 - sampling time: 1.7089266777038574
22957: Sampled 113 with 994359310738325742640732578564473887 - sampling time: 1.6020402908325195
22965: Sampled 111 with 6656923541991475821099540036946094903 - sampling time: 1.567080020904541
22968: Sampled 111 with 7727089212923656157089984011454161241 - sampling time: 1.7119560241699219
22958: Sampled 102 with 2190001779494790591423284180327119513 - sampling time: 1.6556620597839355
22961: Sampled 109 with 4270489096627430852134768136837900611 - sampling time: 1.4834280014038086
22963: Sampled 108 with 5541865798647999947979834736166025049 - sampling time: 1.7443077564239502
22965: Sampled 112 with 6664370443406967419381336875015761805 - sampling time: 1.4522571563720703
22957: Sampled 114 with 1007565778682068661014158554387286025 - sampling time: 1.6764202117919922
22968: Sampled 112 with 7733265458662661522517575711337819387 - sampling time: 1.650611400604248
22958: Sampled 103 with 2199669876048531043379367499599057624 - sampling time: 1.6342613697052002
22959: Sampled 97 with 3181029132722988748172926048452382787 - sampling time: 3.3181467056274414
22961: Sampled 110 with 4270682299113576461959752481062360638 - sampling time: 1.636584758758545
22963: Sampled 109 with 5545935438185693085863185614096297674 - sampling time: 1.5037641525268555
22965: Sampled 113 with 6681994466981824326846000952413586171 - sampling time: 1.4162766933441162
22957: Sampled 115 with 1020798417460140059601634215765345285 - sampling time: 1.54429030418396
22958: Sampled 104 with 2203322296155869365037506047620087161 - sampling time: 1.3394722938537598
22968: Sampled 113 with 7739334671298062406957488773608232164 - sampling time: 1.7169108390808105
22961: Sampled 111 with 4271936531648860100121991064132159276 - sampling time: 1.5753779411315918
22965: Sampled 114 with 6694487921075184662817080098117805253 - sampling time: 1.3478589057922363
22963: Sampled 110 with 5550260520708177963740566978805490678 - sampling time: 1.605327844619751
22957: Sampled 116 with 1021518221696253942513070263754656927 - sampling time: 1.4970273971557617
22958: Sampled 105 with 2209897005053167198141265753006689083 - sampling time: 1.5249567031860352
22959: Sampled 98 with 3184893607423037835393891817797376429 - sampling time: 2.9248251914978027
22968: Sampled 114 with 7744708902919874969033102227846779287 - sampling time: 1.525895357131958
22961: Sampled 112 with 4279467147801544284345315900322019745 - sampling time: 1.5584876537322998
22965: Sampled 115 with 6713199471715916793523706747604084299 - sampling time: 1.5041723251342773
22963: Sampled 111 with 5557997471709704840461555049089279713 - sampling time: 1.5556015968322754
22958: Sampled 106 with 2215933254322655846094217579399868685 - sampling time: 1.6436059474945068
22957: Sampled 117 with 1023579928271497737705954320662136900 - sampling time: 1.7803521156311035
22968: Sampled 115 with 7764668695388687348357380283421947973 - sampling time: 1.6580374240875244
22961: Sampled 113 with 4310964780276626972234751397388315017 - sampling time: 1.5373883247375488
22965: Sampled 116 with 6717848807696922119923359479704081011 - sampling time: 1.5246856212615967
22959: Sampled 99 with 3191405559039383258567825574355964394 - sampling time: 2.740013837814331
22963: Sampled 112 with 5558854005950119894350672963666084028 - sampling time: 1.6250429153442383
22958: Sampled 107 with 2219924519521350359162377358060382692 - sampling time: 1.5501573085784912
22957: Sampled 118 with 1024653223663353031213968690081492189 - sampling time: 1.6083130836486816
22961: Sampled 114 with 4325784049410171864262303073446781589 - sampling time: 1.4505624771118164
22968: Sampled 116 with 7767678878094361899315153164411447500 - sampling time: 1.8127973079681396
22965: Sampled 117 with 6725085544365752507153017558093021799 - sampling time: 1.6562397480010986
22963: Sampled 113 with 5561573686202986308415663915116230177 - sampling time: 1.5872867107391357
22958: Sampled 108 with 2239663501585451405448833123735035921 - sampling time: 1.5053839683532715
22957: Sampled 119 with 1035559731732129361599590532064741309 - sampling time: 1.627573013305664
22961: Sampled 115 with 4327236152355479761513104929957210396 - sampling time: 1.5277550220489502
22968: Sampled 117 with 7778486481646773238951682631338817130 - sampling time: 1.6216342449188232
22965: Sampled 118 with 6726433123160310512887396189439573909 - sampling time: 1.538642406463623
22963: Sampled 114 with 5562338114346823835540696657983196052 - sampling time: 1.471341848373413
22958: Sampled 109 with 2242428356274257326936855391680625029 - sampling time: 1.407334804534912
22959: Sampled 100 with 3202374026861124997739588795304885957 - sampling time: 3.3948216438293457
22957: Sampled 120 with 1046486521088007540580003377761805629 - sampling time: 1.4889252185821533
22961: Sampled 116 with 4338052031892560137789278669179769950 - sampling time: 1.711186408996582
22965: Sampled 119 with 6734542472823685373968597099234186337 - sampling time: 1.3834505081176758
22968: Sampled 118 with 7797463268032015372668586820770465336 - sampling time: 1.7217674255371094
22958: Sampled 110 with 2243527605608843663671034869936996396 - sampling time: 1.3237760066986084
22963: Sampled 115 with 5569281971334448474218822835401610492 - sampling time: 1.5937399864196777
22957: Sampled 121 with 1104773690376373406158147696411319355 - sampling time: 1.2738745212554932
22961: Sampled 117 with 4359221214831266341272125232920565335 - sampling time: 1.5466489791870117
22968: Sampled 119 with 7797900129108607405564262599129423436 - sampling time: 1.4620399475097656
22958: Sampled 111 with 2245486462387663558525175057801917632 - sampling time: 1.2742793560028076
22965: Sampled 120 with 6737325987141223213688000303578051748 - sampling time: 1.6313056945800781
22963: Sampled 116 with 5576518595531816358980926981568791005 - sampling time: 1.529691219329834
22957: Sampled 122 with 1111480002862944818408330581597424974 - sampling time: 1.4650366306304932
22959: Sampled 101 with 3229077783080122271085909044019538681 - sampling time: 3.0176503658294678
22961: Sampled 118 with 4363080740101255913556852898989629738 - sampling time: 1.4919030666351318
22958: Sampled 112 with 2260016527671203531896436144851209988 - sampling time: 1.403092384338379
22968: Sampled 120 with 7811460777866612155497931946423448066 - sampling time: 1.6543183326721191
22965: Sampled 121 with 6737457613736425689032351057712251942 - sampling time: 1.7156195640563965
22957: Sampled 123 with 1112649569138844185586978875096355484 - sampling time: 1.377023696899414
22963: Sampled 117 with 5581704783255865449348897715323691115 - sampling time: 1.7196059226989746
22961: Sampled 119 with 4364016176952109371515461900566904379 - sampling time: 1.5983593463897705
22958: Sampled 113 with 2278648607777596681179875407660202100 - sampling time: 1.4903111457824707
22968: Sampled 121 with 7820103721132022277619419276480861794 - sampling time: 1.3587920665740967
22957: Sampled 124 with 1137077237220544789389508131919267169 - sampling time: 1.385136604309082
22965: Sampled 122 with 6744282020792178425714804921453291412 - sampling time: 1.7011423110961914
22959: Sampled 102 with 3234429355934947740142389107413316414 - sampling time: 2.9454050064086914
22963: Sampled 118 with 5589374108942010667250735796391126391 - sampling time: 1.485504150390625
22961: Sampled 120 with 4372870936017145539429510134333470169 - sampling time: 1.5523533821105957
22958: Sampled 114 with 2283116885891604973262311268613228605 - sampling time: 1.450286865234375
22968: Sampled 122 with 7825699303575656243400381356104063160 - sampling time: 1.530385971069336
22957: Sampled 125 with 1156154025247699741192550768801402605 - sampling time: 1.6111438274383545
22965: Sampled 123 with 6750398160946471374222234177273220808 - sampling time: 1.5980772972106934
22963: Sampled 119 with 5590493365663226840012679885366634986 - sampling time: 1.6789188385009766
22968: Sampled 123 with 7835758661924353812621702918721189674 - sampling time: 1.4497995376586914
22958: Sampled 115 with 2298426765136988966251360900142161347 - sampling time: 1.6293361186981201
22961: Sampled 121 with 4383357854885772862212801785819801479 - sampling time: 1.7003016471862793
22959: Sampled 103 with 3240704804341067408735549400970268797 - sampling time: 3.035459041595459
22957: Sampled 126 with 1163284582677847349619292799128195080 - sampling time: 1.7394194602966309
22965: Sampled 124 with 6765119565749192152239578374383938787 - sampling time: 1.6118416786193848
22963: Sampled 120 with 5593869785404852368679493690805453590 - sampling time: 1.569382905960083
22958: Sampled 116 with 2306721640569675265446742004761362884 - sampling time: 1.4453940391540527
22968: Sampled 124 with 7854350102891971614631826484094210167 - sampling time: 1.5534896850585938
22961: Sampled 122 with 4384524955040354315859765368217733976 - sampling time: 1.6095683574676514
22957: Sampled 127 with 1176322338504293835229982391773771328 - sampling time: 1.5668022632598877
22965: Sampled 125 with 6771876575842312808369792920107501238 - sampling time: 1.6473000049591064
22963: Sampled 121 with 5613316081617595620194175445475266206 - sampling time: 1.6147122383117676
22968: Sampled 125 with 7866001637738242510231603253792217921 - sampling time: 1.4090301990509033
22958: Sampled 117 with 2322855983502618462348429920192260669 - sampling time: 1.6059150695800781
22961: Sampled 123 with 4386763556394603918415911882519051915 - sampling time: 1.6446044445037842
22957: Sampled 128 with 1179349025141199540723931682154491893 - sampling time: 1.8084847927093506
22965: Sampled 126 with 6774575926059408321945845598177676433 - sampling time: 1.9040772914886475
22959: Sampled 104 with 3271489613963536745583282076790585960 - sampling time: 3.769765853881836
22963: Sampled 122 with 5626697209691696997517008602225030315 - sampling time: 2.0777173042297363
22968: Sampled 126 with 7873527360230388627059396240468368631 - sampling time: 1.8547508716583252
22958: Sampled 118 with 2328945326329081395903936675566310659 - sampling time: 1.7344019412994385
22961: Sampled 124 with 4389283204455297912460703173047302282 - sampling time: 1.7170538902282715
22957: Sampled 129 with 1194381122243602973985684499236319356 - sampling time: 1.6017849445343018
22965: Sampled 127 with 6800228499029937917470176728520999344 - sampling time: 1.5325539112091064
22963: Sampled 123 with 5636600819708861512477655194473561023 - sampling time: 1.6389644145965576
22968: Sampled 127 with 7896027613972312510031453951419308128 - sampling time: 1.4753031730651855
22958: Sampled 119 with 2340697501200664931640414951067649265 - sampling time: 1.5641379356384277
22961: Sampled 125 with 4390590439804536515645888970239483505 - sampling time: 1.6058266162872314
22957: Sampled 130 with 1205794259852033318142869268629955511 - sampling time: 1.5275158882141113
22965: Sampled 128 with 6801841752547250819763437133358363382 - sampling time: 1.4694228172302246
22959: Sampled 105 with 3274373375543540024035231198651404409 - sampling time: 3.268496513366699
22963: Sampled 124 with 5638750219155028259706550720559222619 - sampling time: 1.596989393234253
22958: Sampled 120 with 2342674014747225360030833907583756795 - sampling time: 1.4436264038085938
22968: Sampled 128 with 7926760798362084088341948672458736006 - sampling time: 1.6899712085723877
22961: Sampled 126 with 4403124823063635501090335468123568657 - sampling time: 1.4776873588562012
22957: Sampled 131 with 1224456319206229290733348085046467011 - sampling time: 1.4767868518829346
22965: Sampled 129 with 6811925865646220955687269063396696742 - sampling time: 1.4865777492523193
22958: Sampled 121 with 2348427696639893597447409482024229417 - sampling time: 1.4684069156646729
22963: Sampled 125 with 5640332010574633612646498844546156839 - sampling time: 1.6136891841888428
22968: Sampled 129 with 7934245196051539034222555500693707090 - sampling time: 1.5291242599487305
22961: Sampled 127 with 4405523873611397356967026197356899950 - sampling time: 1.4511363506317139
22957: Sampled 132 with 1231967835555962381730173919146277842 - sampling time: 1.4946422576904297
22965: Sampled 130 with 6849002768730397221657594796982650176 - sampling time: 1.5568323135375977
22958: Sampled 122 with 2350166831791126981778235585107352231 - sampling time: 1.537914752960205
22959: Sampled 106 with 3287686128984651199169913613342442432 - sampling time: 3.240684747695923
22968: Sampled 130 with 7934487527919959994495461608158848040 - sampling time: 1.567450761795044
22961: Sampled 128 with 4421378860131760931456222426573640002 - sampling time: 1.5234391689300537
22963: Sampled 126 with 5648793730149536775396840800624113435 - sampling time: 1.7670049667358398
22957: Sampled 133 with 1235864574764895786682084871474472486 - sampling time: 1.5536537170410156
22965: Sampled 131 with 6860460151005249875250541633044355242 - sampling time: 1.4953463077545166
22958: Sampled 123 with 2357714350233109023507594770864026779 - sampling time: 1.3121776580810547
22961: Sampled 129 with 4445798720630408587444088717420394661 - sampling time: 1.5682659149169922
22963: Sampled 127 with 5648995196256509748743107995642461415 - sampling time: 1.550581932067871
22968: Sampled 131 with 7939727124275631451128927382981738180 - sampling time: 1.7867977619171143
22957: Sampled 134 with 1236072546760459790850844159022955677 - sampling time: 1.514730453491211
22965: Sampled 132 with 6871688521786529770897482734504913269 - sampling time: 1.6380245685577393
22958: Sampled 124 with 2358125064035393574320584433645012441 - sampling time: 1.3762421607971191
22959: Sampled 107 with 3289557285923295721275962726865908952 - sampling time: 2.9763944149017334
22961: Sampled 130 with 4447272489209213719005712860869570742 - sampling time: 1.5372228622436523
22968: Sampled 132 with 7953481578697362875650159377646815070 - sampling time: 1.522141695022583
22963: Sampled 128 with 5662452117035582810914103771706991488 - sampling time: 1.8121492862701416
22957: Sampled 135 with 1240172900315868750411437919343591034 - sampling time: 1.5659418106079102
22965: Sampled 133 with 6875867698830647133364056701741908233 - sampling time: 1.522294044494629
22958: Sampled 125 with 2375805762333827990527107980462493730 - sampling time: 1.6901514530181885
22961: Sampled 131 with 4448574735543295649856321224956187138 - sampling time: 1.4898982048034668
22968: Sampled 133 with 7960174453162957306149060156207739785 - sampling time: 1.6057181358337402
22963: Sampled 129 with 5664281237428681726099654946125247887 - sampling time: 1.547898292541504
22957: Sampled 136 with 1247241570175787878997482898527244891 - sampling time: 1.5079176425933838
22965: Sampled 134 with 6878547968904999786850674532546650843 - sampling time: 1.5072979927062988
22958: Sampled 126 with 2404463559836525752307861379830819013 - sampling time: 1.518998622894287
22959: Sampled 108 with 3293591518380708890971213129108900628 - sampling time: 2.922518491744995
22961: Sampled 132 with 4457475672420756190891498758429640102 - sampling time: 1.5204708576202393
22968: Sampled 134 with 7964201763302931463782770886230806276 - sampling time: 1.5191218852996826
22963: Sampled 130 with 5666686540845976952904564056531607757 - sampling time: 1.5727181434631348
22957: Sampled 137 with 1249181377590701329203984228936310759 - sampling time: 1.566619873046875
22965: Sampled 135 with 6880684411804531613575636364775718103 - sampling time: 1.5836634635925293
22958: Sampled 127 with 2404919621992972028104463787839112919 - sampling time: 1.522153377532959
22961: Sampled 133 with 4466279814651358861627811622102207588 - sampling time: 1.4249827861785889
22968: Sampled 135 with 7968241732702543434617301313255711669 - sampling time: 1.5744900703430176
22963: Sampled 131 with 5666902113134930758116840061919552286 - sampling time: 1.5463075637817383
22957: Sampled 138 with 1255872165406506049596698435447487595 - sampling time: 1.4585235118865967
22965: Sampled 136 with 6882109155215697084256444174532245667 - sampling time: 1.4051995277404785
22959: Sampled 109 with 3297398176962227530157753987280197217 - sampling time: 2.777440071105957
22958: Sampled 128 with 2407569934630292046579866477196212372 - sampling time: 1.478872299194336
22961: Sampled 134 with 4469699305773793162703480225683904792 - sampling time: 1.5204386711120605
22968: Sampled 136 with 7975152743907849183679281865938556925 - sampling time: 1.4122719764709473
22957: Sampled 139 with 1258585577466398991074390379813540039 - sampling time: 1.3914906978607178
22963: Sampled 132 with 5669363684103670999373376129807667936 - sampling time: 1.5535070896148682
22965: Sampled 137 with 6890301400246042150468448597499222412 - sampling time: 1.3002877235412598
22958: Sampled 129 with 2412485723610410399253037120413826211 - sampling time: 1.6118569374084473
22961: Sampled 135 with 4474637073263857442686959385708276450 - sampling time: 1.6437954902648926
22957: Sampled 140 with 1260696571552312394899262840247965134 - sampling time: 1.3904545307159424
22968: Sampled 137 with 7986319211811653293983602652289941939 - sampling time: 1.7052080631256104
22965: Sampled 138 with 6890565709517562532310337128192254946 - sampling time: 1.581749439239502
22963: Sampled 133 with 5674939547180158559411466893080007852 - sampling time: 1.6708552837371826
22959: Sampled 110 with 3298605669392168535417310112344474618 - sampling time: 3.2681167125701904
22958: Sampled 130 with 2418446259373020236331562618548662504 - sampling time: 1.5302298069000244
22961: Sampled 136 with 4478148240004672086394986798671030507 - sampling time: 1.5875186920166016
22968: Sampled 138 with 7987988424574670466830008912383859384 - sampling time: 1.337935447692871
22957: Sampled 141 with 1262518771390181332518464428523001119 - sampling time: 1.4425256252288818
22965: Sampled 139 with 6900700024798693353463156291915458571 - sampling time: 1.6257433891296387
22963: Sampled 134 with 5686260683077990046110823270599090166 - sampling time: 1.7604663372039795
22958: Sampled 131 with 2422215945126844046504310577238657759 - sampling time: 1.3173935413360596
22961: Sampled 137 with 4485673148817132744213264747514489956 - sampling time: 1.3684618473052979
22957: Sampled 142 with 1262599861141211988099485745430205369 - sampling time: 1.4894587993621826
22968: Sampled 139 with 7998864802356368431121063908090423479 - sampling time: 1.6702938079833984
22965: Sampled 140 with 6911631614450047179620022773887367568 - sampling time: 1.477832317352295
22958: Sampled 132 with 2433701208115724271033992884479273259 - sampling time: 1.5359148979187012
22963: Sampled 135 with 5688992410797211822087199238202746351 - sampling time: 1.5736405849456787
22959: Sampled 111 with 3301979526899240494095064787687464220 - sampling time: 3.298553466796875
22957: Sampled 143 with 1278779949784332807015471025303969445 - sampling time: 1.2956902980804443
22961: Sampled 138 with 4486179890233560551504378678879397746 - sampling time: 1.6146299839019775
22968: Sampled 140 with 8005306424132383473535937866221012171 - sampling time: 1.5113205909729004
22965: Sampled 141 with 6918744107396212772026394097579024771 - sampling time: 1.496215581893921
22963: Sampled 136 with 5699225525977263573235029954171477240 - sampling time: 1.3929381370544434
22958: Sampled 133 with 2441982785671224091495788604458125128 - sampling time: 1.4349815845489502
22961: Sampled 139 with 4495951607029622578407922714540730879 - sampling time: 1.383336067199707
22968: Sampled 141 with 8015323508572170385449165350496099853 - sampling time: 1.5023794174194336
22958: Sampled 134 with 2444203842855975029537392531086835350 - sampling time: 1.2593653202056885
22965: Sampled 142 with 6919501651405557263273779470268691391 - sampling time: 1.530247449874878
22963: Sampled 137 with 5741176886402124947731108502336404363 - sampling time: 1.4955637454986572
22959: Sampled 112 with 3307699677885662201010554501599947959 - sampling time: 2.8711557388305664
22961: Sampled 140 with 4497781185990246446039705235747874498 - sampling time: 1.3674099445343018
22968: Sampled 142 with 8025910906803131612196770425790425657 - sampling time: 1.5295040607452393
22958: Sampled 135 with 2457004205097611496988063941834896732 - sampling time: 1.3683207035064697
22965: Sampled 143 with 6926602924267360896773337014033724691 - sampling time: 1.373656988143921
22963: Sampled 138 with 5750470292307194052138961408203428482 - sampling time: 1.3774261474609375
22961: Sampled 141 with 4497871884357377753430946284070533428 - sampling time: 1.366492748260498
22958: Sampled 136 with 2459038444468970890807165590827055735 - sampling time: 0.989802360534668
22963: Sampled 139 with 5763109260127816162842059758673304675 - sampling time: 1.2787680625915527
22959: Sampled 113 with 3309802541613390429737322701051835866 - sampling time: 2.728874444961548
22961: Sampled 142 with 4507458143364478564961598091842099490 - sampling time: 1.2580602169036865
22958: Sampled 137 with 2459857795018118453168406267430985690 - sampling time: 1.2665865421295166
22963: Sampled 140 with 5781477700204617639279355126651418833 - sampling time: 1.299941062927246
22961: Sampled 143 with 4516070581636699897145266338748116772 - sampling time: 1.1945724487304688
22958: Sampled 138 with 2497380830024013996213481643848147338 - sampling time: 0.9915938377380371
22959: Sampled 114 with 3319016187728902468298304503326295565 - sampling time: 2.0322813987731934
22963: Sampled 141 with 5783771786914033073817129234720036425 - sampling time: 1.1618831157684326
22958: Sampled 139 with 2504533323326554827342405671360978857 - sampling time: 0.9028820991516113
22963: Sampled 142 with 5785448794358671864041513308232907826 - sampling time: 1.0971524715423584
22958: Sampled 140 with 2507431446508728294237772400024718053 - sampling time: 1.0160651206970215
22959: Sampled 115 with 3353347704067371097705220357919823938 - sampling time: 2.070136070251465
22958: Sampled 141 with 2524141349678307170032784447601430792 - sampling time: 0.9983053207397461
22963: Sampled 143 with 5790535130695035498924153383842509662 - sampling time: 1.1750192642211914
22958: Sampled 142 with 2530748319188956728293407434280123516 - sampling time: 1.0308880805969238
22959: Sampled 116 with 3366022089420442008903313268194999347 - sampling time: 1.596766710281372
22958: Sampled 143 with 2546582014375732455596686864936138501 - sampling time: 0.9091637134552002
22959: Sampled 117 with 3372502015316199725135815565171429057 - sampling time: 1.8494975566864014
22959: Sampled 118 with 3373158038521931094509975353538958294 - sampling time: 1.7024626731872559
22959: Sampled 119 with 3377030652455141904636864340003407677 - sampling time: 1.7116062641143799
22959: Sampled 120 with 3394729727772156570541576943910016896 - sampling time: 1.754225492477417
22959: Sampled 121 with 3423842792340623497261344913200265319 - sampling time: 1.8264894485473633
22959: Sampled 122 with 3425553620873695102299002724037694938 - sampling time: 1.5528416633605957
22959: Sampled 123 with 3436190219297253819723899631022054516 - sampling time: 1.7977733612060547
22959: Sampled 124 with 3443112414991784666938872087548958737 - sampling time: 1.866370677947998
22959: Sampled 125 with 3453659205753362558862314110663382889 - sampling time: 1.5173206329345703
22959: Sampled 126 with 3455494644434222174754928442052940975 - sampling time: 1.4749343395233154
22959: Sampled 127 with 3473586761529035848870450801124005145 - sampling time: 1.786240816116333
22959: Sampled 128 with 3473909225837385129013714225124118754 - sampling time: 1.6939129829406738
22959: Sampled 129 with 3477125707280522883087108726444486149 - sampling time: 1.3582758903503418
22959: Sampled 130 with 3482514731705653043429252539306133649 - sampling time: 1.5361013412475586
22959: Sampled 131 with 3482640830339883571659445581802353153 - sampling time: 1.4395382404327393
22959: Sampled 132 with 3484801143781176514343606665541122624 - sampling time: 1.4672224521636963
22959: Sampled 133 with 3488949964368538669237021015491544147 - sampling time: 1.548560619354248
22959: Sampled 134 with 3498320876998316867723199871582397608 - sampling time: 1.9716565608978271
22959: Sampled 135 with 3511530291845777921316332928086308710 - sampling time: 1.790759563446045
22959: Sampled 136 with 3516663371023982308276527944205811273 - sampling time: 1.787623405456543
22959: Sampled 137 with 3518682258360186676830916304646152058 - sampling time: 1.7826573848724365
22959: Sampled 138 with 3530441635399191828038189805253557886 - sampling time: 1.8211445808410645
22959: Sampled 139 with 3533380306780423388368654197539174333 - sampling time: 1.4477930068969727
22959: Sampled 140 with 3543585876088203526131689452897253994 - sampling time: 1.7991077899932861
22959: Sampled 141 with 3553647372239874820760406535855207084 - sampling time: 0.8298616409301758
22959: Sampled 142 with 3555877405231777404328039886610915950 - sampling time: 0.7411713600158691
22959: Sampled 143 with 3558909793983055665619851602623179765 - sampling time: 0.6875274181365967
--- total time: 270.352689743042 seconds ---
Output samples created on:  ./Samples/smarch_opt/uClibc-ng_1_0_29_1000.samples
