Input file:  ./FeatureModel/uClinux.dimacs
Number of samples:  100
Output directory: ./Samples/smarch_opt
Counting - Total configurations: 16296287810675888690147565507275025288411747149327490005089123594835050398106693649467179008
Counting time: 0.018826961517333984
11330: Sampled 1 with 373483618202459193945529403309758378179702272590454080663364046173722735129950684456241309 - sampling time: 0.0027430057525634766
11331: Sampled 1 with 3163840680105506156448933511581773412897932420300044465643493677491872817222681396802661039 - sampling time: 0.0028510093688964844
11333: Sampled 1 with 5847801102126959861410327407079619999524031883716818040927154469684226992797571669273721350 - sampling time: 0.0031664371490478516
11330: Sampled 2 with 778618798618737292728246581334658558730759642616055272637074775256196148548811849960978127 - sampling time: 0.0016329288482666016
11337: Sampled 1 with 11148224903087013757285491290860809309798143816620809820554077784221773489961449555432142651 - sampling time: 0.0030739307403564453
11331: Sampled 2 with 3332993134204108537141165951260699653349339898152489239589490890072092822552872895826757033 - sampling time: 0.001573801040649414
11334: Sampled 1 with 9546298910737084020126592880814731329298062515415067105484357443882571411714424381925463656 - sampling time: 0.003401517868041992
11330: Sampled 3 with 795062033357992739766935246040082960709001290908397388453682829329228688562555418348253999 - sampling time: 0.0010781288146972656
11333: Sampled 2 with 5946107692945703848902368059533737888302937691465852947569732853958995184203425574053518741 - sampling time: 0.0016765594482421875
11330: Sampled 4 with 1178013744481299363207431288793491807028295590087278302779284853542806986084014580087155266 - sampling time: 0.0009160041809082031
11337: Sampled 2 with 11212839070546084139181688028678613587033899808725293464349709370343931091009629473119658756 - sampling time: 0.0016407966613769531
11334: Sampled 2 with 9583293761670732880178869843972620495011462885815126236551976858261868486371192559356093375 - sampling time: 0.0014302730560302734
11339: Sampled 1 with 12683700140662552467640158036894211516998474220493304783790597227676393452471273997846073691 - sampling time: 0.004132986068725586
11331: Sampled 3 with 4019551846077856603722993018373077770070254931952739740599699148498796240632713246686525974 - sampling time: 0.0018873214721679688
11333: Sampled 3 with 5952896358672343179400947165176191442086431765533679258875734526224238997749229819842099905 - sampling time: 0.0014195442199707031
11341: Sampled 1 with 14843183132357330207056733927277367401939251617496855039706367706999878789153488847433579964 - sampling time: 0.0033011436462402344
11330: Sampled 5 with 1188852556496670046638553416450382954137612196073506973874864423926584057395773551697378966 - sampling time: 0.0014996528625488281
11334: Sampled 3 with 9603053407956495483924026917464241281539952171493436854629791507593472715518635391222978222 - sampling time: 0.0012881755828857422
11337: Sampled 3 with 11426441375743489042070314532432932685763827919320423763301432465766481814314248099976687982 - sampling time: 0.0016307830810546875
11331: Sampled 4 with 4061688739756693838774557589823489745707602348417241181179106022610246122458215210234181630 - sampling time: 0.0015554428100585938
11339: Sampled 2 with 12711893164847777091459642980835272737591871369575639710311062973949868678001815718051019044 - sampling time: 0.001855611801147461
11333: Sampled 4 with 6022933563964461505665000327015269802316141811203625141037703343514310866624569356502757509 - sampling time: 0.0016324520111083984
11341: Sampled 2 with 14948383559564980808247876191002264229209882024598692954496789086917008704004645791657038382 - sampling time: 0.0016770362854003906
11334: Sampled 4 with 9768818223629338797688541527999065058385068514790245791410291156946932423157756163812940868 - sampling time: 0.0012774467468261719
11330: Sampled 6 with 1228826374119036461138850359924895978723434241562732928696214253392887823167287892455211473 - sampling time: 0.00164794921875
11337: Sampled 4 with 11524794038201674281891722102061426104292648493568868804685437771349448241651103061773542772 - sampling time: 0.0016417503356933594
11331: Sampled 5 with 4074005092179048891664975403899941998888656655054534196554815743973567164092193479401543680 - sampling time: 0.001569509506225586
11334: Sampled 5 with 9817204384910182096610899608668186932018645343095560790691697087563461174380988651275503978 - sampling time: 0.0010576248168945312
11339: Sampled 3 with 12821547084775269861934425146934453359470373031857820479200506609546476429964196029872579741 - sampling time: 0.0016758441925048828
11333: Sampled 5 with 6099240376319839225531311634708756387363700877372023402747275185859087956506567072082201011 - sampling time: 0.0016875267028808594
11341: Sampled 3 with 15059043221597121597416995011812893557899877326311763794662887406257429867160515573070441243 - sampling time: 0.0015883445739746094
11330: Sampled 7 with 1270278823781088525421332526870369178923465015006791314961761139762152167570665053034832281 - sampling time: 0.0015556812286376953
11337: Sampled 5 with 11639802505408777463881599885194038780403732602695648459216351574549629313316891721161769281 - sampling time: 0.0017061233520507812
11331: Sampled 6 with 4089058154046802983359133821160791567651442979991211069118276879388725895784318406396708248 - sampling time: 0.00152587890625
11334: Sampled 6 with 9964278472395870172590175621661058140150594942317608958479859550159070306288677410944951388 - sampling time: 0.0015444755554199219
11339: Sampled 4 with 13214902164310733233310910170126444195779541774668484007038817411031674981711274949733812732 - sampling time: 0.0016202926635742188
11333: Sampled 6 with 6828218495416640890087899752478472512769442142199885523382220681280103782246058130469980680 - sampling time: 0.0016515254974365234
11341: Sampled 4 with 15100849249872835468674373416108250881614013874096402381917550820990504573148017589810935830 - sampling time: 0.001750946044921875
11330: Sampled 8 with 2110345164833648695596876808617661978147183100709226298431451102136029541295755229811383952 - sampling time: 0.0016314983367919922
11337: Sampled 6 with 11806042558793176201938636822288252265141026002724963731781538223356869178126640430707723269 - sampling time: 0.0016515254974365234
11331: Sampled 7 with 4459964174378632804747117197961809100591799250999901048650902086962925339677505673347077504 - sampling time: 0.0016872882843017578
11334: Sampled 7 with 9970721762376707809085251965689759213628548124310871885112360140031556664963239403756369484 - sampling time: 0.0016901493072509766
11339: Sampled 5 with 13281446835067823450105103837869264135012094997648639064247122199705099437236829864081540329 - sampling time: 0.0015981197357177734
11341: Sampled 5 with 15121746426435797655184667138873047575337063019124167205488389562806200364416624560631629282 - sampling time: 0.0016875267028808594
11330: Sampled 9 with 2113482046622205599604149281705844669401107887765974766675228010557145582205056866825000184 - sampling time: 0.0017497539520263672
11337: Sampled 7 with 12019838369647560327596184587318518472886368855360819348164567073369924828377161441933657227 - sampling time: 0.001657247543334961
11331: Sampled 8 with 4510347978899270244059792581112757721878263344959061740699722217060279333185486680027206337 - sampling time: 0.0016674995422363281
11339: Sampled 6 with 13323007530387851934010133185911280546712185230811832274251649371437350584650931058014092706 - sampling time: 0.0014774799346923828
11334: Sampled 8 with 10420478601596038983983311426149421078234457991227798493584130080249906283876675714310927816 - sampling time: 0.0017423629760742188
11341: Sampled 6 with 15543457999122015860948109962654831663750837031355616040267900680474237668651982006132245929 - sampling time: 0.0015833377838134766
11330: Sampled 10 with 2306162953077626704993068163277742511641632038104636302629232336437064331255619607588503977 - sampling time: 0.001735687255859375
11333: Sampled 7 with 7348233395452618936942510082358512743190017061343994522751995790206158600283684852891884825 - sampling time: 0.00434112548828125
11337: Sampled 8 with 12105185564577234130875430196224729352178758838523374478069992619973282006114614297105320186 - sampling time: 0.001893758773803711
11339: Sampled 7 with 13380220388579644092873161123736876583368994737691294385297088605031270602119668414774514773 - sampling time: 0.0017421245574951172
11331: Sampled 9 with 4692011170105094479043778432757563519225383368786715182004690397192349295656548738769589472 - sampling time: 0.0020389556884765625
11334: Sampled 9 with 10445784948926996890936410763430821242273971296036827097209253427185296085661205007503626530 - sampling time: 0.0019683837890625
11341: Sampled 7 with 15666633170069096554106583163891936877612898696977194708525214645296312774154155189518506542 - sampling time: 0.0017175674438476562
11330: Sampled 11 with 2330339771241622771543532974557300677286927454351183653474322830710917597533085799356746439 - sampling time: 0.0016913414001464844
11333: Sampled 8 with 7479676275337765779427266505367654493620124077756923320198598689044636285719632689888009255 - sampling time: 0.002179861068725586
11339: Sampled 8 with 13538356800452260059010760888845177792657948340843921323043014486553875796944423695772289520 - sampling time: 0.0021114349365234375
11331: Sampled 10 with 4712435829979744029337452684479865562451271046955509741114777610550914218631125623821090368 - sampling time: 0.0021026134490966797
11337: Sampled 9 with 12179316536432341083027303533177984198807834828448561201127720783266069866222558332435580027 - sampling time: 0.0027256011962890625
11341: Sampled 8 with 16165124693645262271006108922473450600960470428920601237262005065408873569259922613150020451 - sampling time: 0.002123594284057617
11334: Sampled 10 with 10448077232735525499842321175903807621430886035688586476807656290909753042058399848892081714 - sampling time: 0.0024390220642089844
11330: Sampled 12 with 2582513168452424039586239140094424985561935217613760789125650764219888669653163016645544526 - sampling time: 0.0027472972869873047
11333: Sampled 9 with 8495859516404426857755383523191595875643597397419945676566730429945946053782272958766580841 - sampling time: 0.0019931793212890625
11341: Sampled 9 with 16199359243361381462875617333737178299274778042127324784720561149406728994927031523275063934 - sampling time: 0.0013277530670166016
11339: Sampled 9 with 13987901937677337575698695522615458554082600977001475919830247790491413813930620756312454384 - sampling time: 0.002065420150756836
11331: Sampled 11 with 4729315614693605200668422240547256748916283294291420978111017868414667348765608526937648580 - sampling time: 0.002150297164916992
11334: Sampled 11 with 10502882753258416673427287857768616560639579273972879042438531641359478268825847288866213953 - sampling time: 0.0017764568328857422
11337: Sampled 10 with 12228815132770785280680397814832047445257677473225971199632315444464940753564176827622644288 - sampling time: 0.0022983551025390625
11330: Sampled 13 with 2677955158498146222787299812443141547258475282278223463954041031776389586645031743281905778 - sampling time: 0.002501964569091797
11333: Sampled 10 with 8904885154760797761478254522610151382773585284525765281302318160922884823915020735839172381 - sampling time: 0.003201723098754883
11341: Sampled 10 with 16275023444644427297796613174608548726128574784425291866914159806621041146068870694651894301 - sampling time: 0.0033049583435058594
11339: Sampled 10 with 14083531816755005125643141152519695048475710119422246132343496699922279694520384783671327705 - sampling time: 0.0033965110778808594
11331: Sampled 12 with 4730467691090132778842500099359534660486731156266301012190922910000068558547199860818328216 - sampling time: 0.0032622814178466797
11334: Sampled 12 with 10504795538162881582407359821869546756649257340691998199138776929330357551781697558113735962 - sampling time: 0.003202676773071289
11337: Sampled 11 with 12294060306401939330935926935362446482755448472215916227074991609023722162515686739348861493 - sampling time: 0.003189563751220703
11330: Sampled 14 with 2709874504162728612371121937632091215761179231423848971897811008479689104878669851036583429 - sampling time: 0.0025529861450195312
11331: Sampled 13 with 4850774728961769527611690519616600310914101593638996564357151579185999360739639497464945655 - sampling time: 0.0014345645904541016
11334: Sampled 13 with 10725459865160647370992742698523446231107257300005558741227755627217184624410080045406155680 - sampling time: 0.0014889240264892578
11333: Sampled 11 with 8911738954731899383522765174119736713385567672883605374208995616875421795909016733182359400 - sampling time: 0.0025005340576171875
11337: Sampled 12 with 12445009394669060635550599174957640655719441246386565692847997767389254976458118078133455804 - sampling time: 0.0017673969268798828
11339: Sampled 11 with 14178068061685584396945320227645991098523240929686611075051580408281351731190983869818023245 - sampling time: 0.0024039745330810547
11330: Sampled 15 with 3033480518185567688508060644457717816718723283247217491955381974425946535263531741269444308 - sampling time: 0.0016376972198486328
11331: Sampled 14 with 4884111436165817266611516720007440993858777892724564290876017503207893343026686640255037673 - sampling time: 0.001373291015625
11334: Sampled 14 with 10981854410910852382796526889360451777884832902077845837510631404306927949679128338788552035 - sampling time: 0.0013577938079833984
11333: Sampled 12 with 9159614502409764664789311800981562930833550638972661765631357152374688640317285897572655741 - sampling time: 0.0030465126037597656
11337: Sampled 13 with 12445904040529461678683825629935269823331259092649872370786743088079650156517399916148713998 - sampling time: 0.0031692981719970703
11334: Sampled 15 with 11017066735040093385701598113493592887988927082786460813267004937474532159794041277731438518 - sampling time: 0.0025212764739990234
11331: Sampled 15 with 5809203848214555314181050531180441214888950455907391483106445854419590948470800893460583396 - sampling time: 0.0028123855590820312
11339: Sampled 12 with 14223397319844286524521184421361485415597979876847220372771711524786795760354103309333113574 - sampling time: 0.0035505294799804688
11333: Sampled 13 with 9219706260741705717471814045495993858516812611418025498041961753281267605239795495088071909 - sampling time: 0.0014934539794921875
11337: Sampled 14 with 12521120061001056407313805456523683855362244305661929772706418415983081047599877704574658502 - sampling time: 0.0015659332275390625
11339: Sampled 13 with 14292284109498337383282495372421769459726119188424925685014836925451698718114044217083989262 - sampling time: 0.0014197826385498047
11333: Sampled 14 with 9449724099713452846259075396396360565788953451691661132480188297743765713912659384051982146 - sampling time: 0.001634836196899414
11339: Sampled 14 with 14349594857595114617818843116683861413146828391635431411772184033623314588694292204965194879 - sampling time: 0.0010814666748046875
11337: Sampled 15 with 12548551404393391022918559023789382239771821682713065326545831568685963704291828897832047624 - sampling time: 0.0017218589782714844
11339: Sampled 15 with 14582974696255784820204439351394138505575045001528315022951180988077407072264600240827426265 - sampling time: 0.0010082721710205078
11333: Sampled 15 with 9470061759617542011633740168564309130831939182029001127491736379367789977661668004867255071 - sampling time: 0.0013973712921142578
--- total time: 0.08693432807922363 seconds ---
Output samples created on:  ./Samples/smarch_opt/uClinux_100.samples
