Input file:  ./FeatureModel/uClibc-ng_1_0_29.dimacs
Number of samples:  500
Output directory: ./Samples/smarch_opt
Counting - Total configurations: 8027944014617489543924213817393807360
Counting time: 0.11744356155395508
29313: Sampled 1 with 1196259617957721116272035552611451171 - sampling time: 1.3678264617919922
29314: Sampled 1 with 2422767635755680298873780004759116275 - sampling time: 1.4950973987579346
29312: Sampled 1 with 16412074849035449851290747556391047 - sampling time: 1.4971039295196533
29323: Sampled 1 with 7010275376635315098996323293199847427 - sampling time: 1.4924087524414062
29318: Sampled 1 with 4666832428459457688666784109290574769 - sampling time: 1.5730969905853271
29320: Sampled 1 with 5995086449754143308383299405101117472 - sampling time: 1.590867519378662
29316: Sampled 1 with 3607640311551021794427001866110133638 - sampling time: 1.611283302307129
29313: Sampled 2 with 1218659877318624050859005436350364868 - sampling time: 1.4098145961761475
29312: Sampled 2 with 33337459361185582577517520585018646 - sampling time: 1.4156575202941895
29318: Sampled 2 with 4678891339135827196405143436195437950 - sampling time: 1.4105360507965088
29316: Sampled 2 with 3634855272220719057154711019222485088 - sampling time: 1.4381756782531738
29314: Sampled 2 with 2424926213897911635831916520628535679 - sampling time: 1.590245008468628
29323: Sampled 2 with 7020703917344863179022616607319048457 - sampling time: 1.7466685771942139
29320: Sampled 2 with 6003152027532256721153909286713644027 - sampling time: 1.669884204864502
29312: Sampled 3 with 34839382369485889999751711492490182 - sampling time: 1.3751871585845947
29313: Sampled 3 with 1222883408349363898083124161015169360 - sampling time: 1.5163605213165283
29316: Sampled 3 with 3662258533123421662180149835488857596 - sampling time: 1.3484723567962646
29318: Sampled 3 with 4701816098299386338989312273460712226 - sampling time: 1.6124718189239502
29320: Sampled 3 with 6022610463722131375471273718162577314 - sampling time: 1.3524439334869385
29314: Sampled 3 with 2426677774649663652161964153089533492 - sampling time: 1.5548779964447021
29323: Sampled 3 with 7026381830405715673799806477999866986 - sampling time: 1.4405992031097412
29312: Sampled 4 with 36783227652762362036463162238812071 - sampling time: 1.4300694465637207
29313: Sampled 4 with 1246754548242365933356459318184604473 - sampling time: 1.5234901905059814
29316: Sampled 4 with 3665175973227166353812856085809223174 - sampling time: 1.4648308753967285
29318: Sampled 4 with 4712862481327409275198937290116388078 - sampling time: 1.517928123474121
29323: Sampled 4 with 7048446145263682660772139894815330903 - sampling time: 1.4340267181396484
29320: Sampled 4 with 6055900026923676301127297933999759126 - sampling time: 1.568331003189087
29314: Sampled 4 with 2434094077726306099179952435769092349 - sampling time: 1.6315300464630127
29313: Sampled 5 with 1303893643921934689539918760854369189 - sampling time: 1.1773979663848877
29312: Sampled 5 with 81587213273742695877071490936533393 - sampling time: 1.329298496246338
29323: Sampled 5 with 7070648100397286853225042163207998154 - sampling time: 1.4838268756866455
29316: Sampled 5 with 3675054001756504830131457991087902227 - sampling time: 1.7715704441070557
29320: Sampled 5 with 6066089365064685117225748910194974508 - sampling time: 1.5649352073669434
29318: Sampled 5 with 4723450053873406265472636885626894546 - sampling time: 1.6468660831451416
29314: Sampled 5 with 2475253736641248098091568695968657345 - sampling time: 1.844498872756958
29313: Sampled 6 with 1333299740185008613436288791017376782 - sampling time: 1.267185926437378
29312: Sampled 6 with 94637701311394406764812216755832729 - sampling time: 1.4098095893859863
29320: Sampled 6 with 6072808282762240131995133629786185294 - sampling time: 1.495344638824463
29323: Sampled 6 with 7090376492497081558400660928308272416 - sampling time: 1.670954704284668
29316: Sampled 6 with 3691214969515040585639789331715656066 - sampling time: 1.6490395069122314
29318: Sampled 6 with 4729528341239663906446183734560488759 - sampling time: 1.7919793128967285
29314: Sampled 6 with 2476771607360496972515914803801797603 - sampling time: 1.4988806247711182
29313: Sampled 7 with 1366306951537367040283565393353941127 - sampling time: 1.4151620864868164
29312: Sampled 7 with 118411465121138437868652910283584307 - sampling time: 1.3549504280090332
29323: Sampled 7 with 7122443772818488973696678201836254325 - sampling time: 1.4574601650238037
29316: Sampled 7 with 3693670822118482224399231334129873084 - sampling time: 1.5591325759887695
29320: Sampled 7 with 6092132435517973973214178204592640836 - sampling time: 1.6687638759613037
29318: Sampled 7 with 4766604325471761129450672128239034501 - sampling time: 1.6010375022888184
29314: Sampled 7 with 2482882584971169361739506501616872532 - sampling time: 1.5842714309692383
29313: Sampled 8 with 1367472029380885815044790171411529285 - sampling time: 1.5404136180877686
29312: Sampled 8 with 120119836531098750221614878951290724 - sampling time: 1.5255167484283447
29323: Sampled 8 with 7129994800565621223401568318473949605 - sampling time: 1.506746768951416
29316: Sampled 8 with 3708273099546681332739515589299865649 - sampling time: 1.5969293117523193
29320: Sampled 8 with 6098201161569111257845851167469549481 - sampling time: 1.6934704780578613
29314: Sampled 8 with 2484172308672912038565414937638940174 - sampling time: 1.420111894607544
29313: Sampled 9 with 1367600666565727508394851171800955102 - sampling time: 1.4481196403503418
29318: Sampled 8 with 4791169634557424756694373846237232167 - sampling time: 1.690868854522705
29312: Sampled 9 with 137590053065769483326845684993243488 - sampling time: 1.5628442764282227
29323: Sampled 9 with 7142342969290872435706894965505168384 - sampling time: 1.6018345355987549
29314: Sampled 9 with 2506865428512416270604104502454566784 - sampling time: 1.4104928970336914
29313: Sampled 10 with 1371113333855402922889271893399928084 - sampling time: 1.367854356765747
29320: Sampled 9 with 6115224758165161863792951622350074314 - sampling time: 1.5464494228363037
29316: Sampled 9 with 3713652647955902642726312435159180125 - sampling time: 1.8827178478240967
29312: Sampled 10 with 139656698147738921546008758060572060 - sampling time: 1.4799854755401611
29318: Sampled 9 with 4813006857457438083610145559250666473 - sampling time: 1.6719882488250732
29323: Sampled 10 with 7148770588880542827098331913879236246 - sampling time: 1.541443109512329
29313: Sampled 11 with 1378459376306064927295474800487383103 - sampling time: 1.515247106552124
29314: Sampled 10 with 2512087106955456187904452357675654277 - sampling time: 1.6509711742401123
29312: Sampled 11 with 143223450500168321072905921345625257 - sampling time: 1.3422796726226807
29320: Sampled 10 with 6143326612423722401051025818598993141 - sampling time: 1.6207506656646729
29316: Sampled 10 with 3719507121886834503225078798767997447 - sampling time: 1.5273022651672363
29318: Sampled 10 with 4816632323450431994260080467639005399 - sampling time: 1.5517938137054443
29313: Sampled 12 with 1401624998949513738213735924379557911 - sampling time: 1.2308506965637207
29323: Sampled 11 with 7171191680546732274090413120393357284 - sampling time: 1.57145094871521
29314: Sampled 11 with 2513795195186610727439182639414703506 - sampling time: 1.5719971656799316
29312: Sampled 12 with 160323778847320549559702851472559903 - sampling time: 1.5850498676300049
29316: Sampled 11 with 3721076158480993433068199936118075458 - sampling time: 1.580092191696167
29318: Sampled 11 with 4820027419518009198236618176372183820 - sampling time: 1.3661491870880127
29320: Sampled 11 with 6156419158246616039716398434080272361 - sampling time: 1.6692121028900146
29313: Sampled 13 with 1412144490479101604562250176431287496 - sampling time: 1.513671636581421
29323: Sampled 12 with 7172404515679868224539526225625830376 - sampling time: 1.5203351974487305
29314: Sampled 12 with 2517425108436186819966591423308627408 - sampling time: 1.378333568572998
29312: Sampled 13 with 228385620492102567955122832843859505 - sampling time: 1.4320428371429443
29320: Sampled 12 with 6196396241947525885305401670216009177 - sampling time: 1.4229393005371094
29318: Sampled 12 with 4845975496025207485636403989580634047 - sampling time: 1.5150854587554932
29316: Sampled 12 with 3757928712099714850969693051401851778 - sampling time: 1.7315850257873535
29313: Sampled 14 with 1413566736995516858999207993384399969 - sampling time: 1.6159515380859375
29323: Sampled 13 with 7188370703549019589928778277433593856 - sampling time: 1.5508856773376465
29314: Sampled 13 with 2524779889297285299892340579643374644 - sampling time: 1.495521068572998
29312: Sampled 14 with 256776035412459194040930900563942158 - sampling time: 1.5817692279815674
29318: Sampled 13 with 4871198402542352510270305108355774291 - sampling time: 1.628046989440918
29320: Sampled 13 with 6212212175576580240864949428744096418 - sampling time: 1.7545244693756104
29316: Sampled 13 with 3770979261344930970373217279764112656 - sampling time: 1.6320834159851074
29313: Sampled 15 with 1454220400792572575850373239035794157 - sampling time: 1.4963431358337402
29314: Sampled 14 with 2542184793259918987113897431990698551 - sampling time: 1.486279010772705
29323: Sampled 14 with 7202481482751461919200248061888825155 - sampling time: 1.6348388195037842
29312: Sampled 15 with 312758438887647655002249779092860196 - sampling time: 1.5985069274902344
29320: Sampled 14 with 6221429091856989691906044568081826703 - sampling time: 1.596613883972168
29318: Sampled 14 with 4880741634338420002123914831270139007 - sampling time: 1.659576654434204
29316: Sampled 14 with 3791949863465592231039410608053817639 - sampling time: 1.6174876689910889
29313: Sampled 16 with 1460184286527610424886398036669082235 - sampling time: 1.551292896270752
29314: Sampled 15 with 2565937057456109458174340791454052285 - sampling time: 1.3929429054260254
29312: Sampled 16 with 332588341810336278171637162777690756 - sampling time: 1.4897170066833496
29323: Sampled 15 with 7271439911150654745917314167087894860 - sampling time: 1.7684638500213623
29320: Sampled 15 with 6244250112351833673540204755579318421 - sampling time: 1.5056366920471191
29318: Sampled 15 with 4919749140218196252472156591546118649 - sampling time: 1.6023194789886475
29316: Sampled 15 with 3826721604751841376246796438031965142 - sampling time: 1.5738694667816162
29313: Sampled 17 with 1539041831727909334116260702032796766 - sampling time: 1.4256975650787354
29314: Sampled 16 with 2588575002636526238554975749104903431 - sampling time: 1.667482852935791
29312: Sampled 17 with 346180323135808107123586053625301084 - sampling time: 1.5575685501098633
29323: Sampled 16 with 7283061048236174505152890835187553145 - sampling time: 1.8439185619354248
29320: Sampled 16 with 6256933546129607220079101647846559125 - sampling time: 1.5797419548034668
29318: Sampled 16 with 4934232526992037749026751139281888598 - sampling time: 1.6597518920898438
29316: Sampled 16 with 3874022579521651484457972610099427724 - sampling time: 1.676558494567871
29313: Sampled 18 with 1577111955726428739351472537292447655 - sampling time: 1.3422017097473145
29314: Sampled 17 with 2626265822607567841549056829643020669 - sampling time: 1.6289117336273193
29312: Sampled 18 with 415337642998732533612124178402955567 - sampling time: 1.366745948791504
29320: Sampled 17 with 6303093566067446365359163767359222931 - sampling time: 1.5926661491394043
29323: Sampled 17 with 7295364181741130434634887794932597077 - sampling time: 1.6282134056091309
29313: Sampled 19 with 1589342274987051973242315829929912443 - sampling time: 1.3888344764709473
29316: Sampled 17 with 3884287738909528477315895849252819808 - sampling time: 1.491058588027954
29318: Sampled 17 with 4942080637108623236956424037340017954 - sampling time: 1.6621060371398926
29314: Sampled 18 with 2628569417881556935967867333882150887 - sampling time: 1.3795733451843262
29312: Sampled 19 with 425046475085706095304821193481322624 - sampling time: 1.5750930309295654
29323: Sampled 18 with 7297067095404699519509777638121210753 - sampling time: 1.5309207439422607
29320: Sampled 18 with 6309781272590357225267110076461537918 - sampling time: 1.6230013370513916
29313: Sampled 20 with 1608332184116668425260079255949552464 - sampling time: 1.490642786026001
29316: Sampled 18 with 3909653550361740178148777164607836278 - sampling time: 1.5717999935150146
29318: Sampled 18 with 4955056928304419125640900773346096761 - sampling time: 1.6418325901031494
29312: Sampled 20 with 431484293991177649886161085386392867 - sampling time: 1.328831672668457
29314: Sampled 19 with 2642072925073001199844073109711801239 - sampling time: 1.57051420211792
29323: Sampled 19 with 7300390409357916562047337084724138470 - sampling time: 1.3555402755737305
29313: Sampled 21 with 1616464584332680462676525081831812496 - sampling time: 1.5780506134033203
29316: Sampled 19 with 3916554241470802013519731258261325449 - sampling time: 1.4749822616577148
29320: Sampled 19 with 6330957568868222819641456148429272253 - sampling time: 1.7503728866577148
29318: Sampled 19 with 4968682919703039639318933742941204063 - sampling time: 1.4809341430664062
29312: Sampled 21 with 441953125977760015622635894683692816 - sampling time: 1.4792280197143555
29314: Sampled 20 with 2706364916528689109027408695248113907 - sampling time: 1.464463233947754
29323: Sampled 20 with 7307016315699391887446646399826930583 - sampling time: 1.4755711555480957
29316: Sampled 20 with 3981648079122976452544794591495391341 - sampling time: 1.5622880458831787
29320: Sampled 20 with 6336198988184770808411769675341118481 - sampling time: 1.551558256149292
29318: Sampled 20 with 4997401569753391229647947949608672792 - sampling time: 1.5712814331054688
29313: Sampled 22 with 1649769588517751985280877180006409322 - sampling time: 1.7395665645599365
29314: Sampled 21 with 2711217047530141933277729749058151807 - sampling time: 1.4790749549865723
29312: Sampled 22 with 465787344598260942706036560158512231 - sampling time: 1.5702385902404785
29323: Sampled 21 with 7308883246097030780561215272512749293 - sampling time: 1.5926952362060547
29316: Sampled 21 with 3987343978312305340026502593365768502 - sampling time: 1.3875088691711426
29318: Sampled 21 with 5008037324243716557799499194472930336 - sampling time: 1.4719328880310059
29313: Sampled 23 with 1652569687077140427067149125720194538 - sampling time: 1.5444221496582031
29320: Sampled 21 with 6351987678657661820741325130991797373 - sampling time: 1.781623125076294
29312: Sampled 23 with 478281884748531048274212814782030613 - sampling time: 1.3869059085845947
29314: Sampled 22 with 2711921835020256308865732504201096660 - sampling time: 1.5601863861083984
29323: Sampled 22 with 7331823049179775604973097877667148442 - sampling time: 1.7961342334747314
29316: Sampled 22 with 4010929490857070649127965168588972830 - sampling time: 1.6717209815979004
29313: Sampled 24 with 1666894085509505115602776103716038212 - sampling time: 1.619544506072998
29318: Sampled 22 with 5018998461903364815741778262637314907 - sampling time: 2.038900136947632
29314: Sampled 23 with 2738624026231797723908417111033313287 - sampling time: 1.8398470878601074
29312: Sampled 24 with 505894797345527720120329832191491722 - sampling time: 1.989041805267334
29320: Sampled 22 with 6404648804939034864442738508193332472 - sampling time: 2.1521263122558594
29323: Sampled 23 with 7332552755614196812817711786747365096 - sampling time: 1.9950103759765625
29316: Sampled 23 with 4020208190651630357665889392271800826 - sampling time: 1.8286311626434326
29313: Sampled 25 with 1671067094219548882284826824323177003 - sampling time: 1.6422171592712402
29318: Sampled 23 with 5021390273978211128543829310677319389 - sampling time: 1.6907942295074463
29312: Sampled 25 with 512472314101933306806927250744193964 - sampling time: 1.5751144886016846
29314: Sampled 24 with 2753395844614536779044921015899998087 - sampling time: 1.6682908535003662
29320: Sampled 23 with 6426742485511336261099532708927115009 - sampling time: 1.7225992679595947
29323: Sampled 24 with 7366557082041055522691105632229826471 - sampling time: 1.5411298274993896
29313: Sampled 26 with 1671350169301049915485401126226616138 - sampling time: 1.4627799987792969
29316: Sampled 24 with 4021462003025251032482385093722286275 - sampling time: 1.7317845821380615
29312: Sampled 26 with 526679826829904964955266725875444563 - sampling time: 1.3269729614257812
29318: Sampled 24 with 5039992855561987113074985149509896696 - sampling time: 1.6860284805297852
29314: Sampled 25 with 2780368472948800194017036509030618884 - sampling time: 1.5997288227081299
29320: Sampled 24 with 6430257787782889882296963428697684267 - sampling time: 1.6946163177490234
29313: Sampled 27 with 1677426595405792913921438114254592483 - sampling time: 1.5009582042694092
29323: Sampled 25 with 7387161607048329912192146744267853606 - sampling time: 1.6721477508544922
29316: Sampled 25 with 4038838884136946252379342924918776096 - sampling time: 1.486637830734253
29312: Sampled 27 with 533063857428438733419897765585696636 - sampling time: 1.4791197776794434
29314: Sampled 26 with 2781768214187178159072800092881494461 - sampling time: 1.3995859622955322
29318: Sampled 25 with 5123363703372545358404741135418350894 - sampling time: 1.536562442779541
29320: Sampled 25 with 6449622167653042676343616563528804582 - sampling time: 1.7603023052215576
29313: Sampled 28 with 1717422573832645786428064022992351839 - sampling time: 1.4616718292236328
29312: Sampled 28 with 539597739515507250595970961646316062 - sampling time: 1.3928651809692383
29316: Sampled 26 with 4042810363186117874479270160198674132 - sampling time: 1.593890905380249
29323: Sampled 26 with 7388881975708835422901281800852462894 - sampling time: 1.7635810375213623
29314: Sampled 27 with 2821242886310992170018730888206885488 - sampling time: 1.5622527599334717
29318: Sampled 26 with 5137899892141706133145278928190962905 - sampling time: 1.5904500484466553
29320: Sampled 26 with 6477815174590249445430217351033309288 - sampling time: 1.349656581878662
29313: Sampled 29 with 1728426928495387407833174726359912652 - sampling time: 1.5849072933197021
29316: Sampled 27 with 4047957296677323455988729348204697580 - sampling time: 1.5145835876464844
29323: Sampled 27 with 7398764052022709630161071100504754076 - sampling time: 1.512636661529541
29312: Sampled 29 with 555310445942656931246905193546052694 - sampling time: 1.736870288848877
29318: Sampled 27 with 5139691921742235610353333784320543282 - sampling time: 1.556004524230957
29314: Sampled 28 with 2822004744503297527325132658125990942 - sampling time: 1.6880271434783936
29320: Sampled 27 with 6484576608626147685824722847382059374 - sampling time: 1.5868275165557861
29313: Sampled 30 with 1736767380926354575790158675864399662 - sampling time: 1.310523509979248
29316: Sampled 28 with 4055424973183730000362503950028991336 - sampling time: 1.6863794326782227
29323: Sampled 28 with 7403771848274766856871828611860915892 - sampling time: 1.5971755981445312
29312: Sampled 30 with 557853740909723227001417274016859533 - sampling time: 1.6138553619384766
29314: Sampled 29 with 2832161710162595853208028768904373238 - sampling time: 1.366621494293213
29318: Sampled 28 with 5188328136225755173303459934485189354 - sampling time: 1.5656776428222656
29320: Sampled 28 with 6509111202197991739903260743580244348 - sampling time: 1.4740447998046875
29313: Sampled 31 with 1753348397134029342739079029389384797 - sampling time: 1.6261186599731445
29316: Sampled 29 with 4057464837809093486839978425873059458 - sampling time: 1.4496550559997559
29312: Sampled 31 with 560907968219370115756167572866363469 - sampling time: 1.43544340133667
29314: Sampled 30 with 2878798013184274325561877466761324137 - sampling time: 1.5351381301879883
29323: Sampled 29 with 7414698235056292711476178593730233292 - sampling time: 1.7585384845733643
29318: Sampled 29 with 5209278562220850824395188939590619502 - sampling time: 1.6274888515472412
29320: Sampled 29 with 6512072390570767847012721699835477123 - sampling time: 1.4801383018493652
29313: Sampled 32 with 1769701399942208613316504991894369428 - sampling time: 1.6771767139434814
29316: Sampled 30 with 4058939947053997585634218811158333632 - sampling time: 1.563920021057129
29314: Sampled 31 with 2898959891164401088934879412124422117 - sampling time: 1.3153462409973145
29312: Sampled 32 with 566693286455450011887162517666866714 - sampling time: 1.5505731105804443
29318: Sampled 30 with 5227413921177210414563047376987620210 - sampling time: 1.6384303569793701
29320: Sampled 30 with 6513522312343615096709512323362324288 - sampling time: 1.4421727657318115
29323: Sampled 30 with 7423624841333897899136512435441742309 - sampling time: 1.8203380107879639
29313: Sampled 33 with 1789546196172205480490627478780404029 - sampling time: 1.457162857055664
29316: Sampled 31 with 4064450073297734340746510084114986276 - sampling time: 1.4643018245697021
29312: Sampled 33 with 584427191903839798882220170722936704 - sampling time: 1.4858226776123047
29314: Sampled 32 with 2930340964406077323652893189046775900 - sampling time: 1.5930793285369873
29320: Sampled 31 with 6519793291453475079477586886607509109 - sampling time: 1.5627405643463135
29318: Sampled 31 with 5238370209741105804729933018225728072 - sampling time: 1.6861395835876465
29323: Sampled 31 with 7424468204470114531695356728940923311 - sampling time: 1.6602673530578613
29313: Sampled 34 with 1792485564283131749476674603982243664 - sampling time: 1.6042168140411377
29316: Sampled 32 with 4067015039239344675289011678429407187 - sampling time: 1.5620524883270264
29314: Sampled 33 with 2958098943011721364303853372782535921 - sampling time: 1.4156134128570557
29312: Sampled 34 with 585928595609210983943633104045591833 - sampling time: 1.522867202758789
29323: Sampled 32 with 7509601878827214073773063515931981407 - sampling time: 1.2094244956970215
29320: Sampled 32 with 6523488454698918984385619061472859736 - sampling time: 1.5764460563659668
29318: Sampled 32 with 5288231169146196813880467630246619578 - sampling time: 1.6622037887573242
29313: Sampled 35 with 1817250166596140966225112436803161160 - sampling time: 1.6105413436889648
29314: Sampled 34 with 2962651683688740795841937613296686927 - sampling time: 1.4501838684082031
29312: Sampled 35 with 587465087218929142955851119035071543 - sampling time: 1.5896475315093994
29316: Sampled 33 with 4081707170421990547085904645904987585 - sampling time: 1.7723822593688965
29323: Sampled 33 with 7517148171726234143978121384256427051 - sampling time: 1.6240108013153076
29320: Sampled 33 with 6530056683964475386170696531799327917 - sampling time: 1.541642665863037
29318: Sampled 33 with 5333387755605421304134944586416973198 - sampling time: 1.6534621715545654
29313: Sampled 36 with 1822367352020578336518944104226359486 - sampling time: 1.5063161849975586
29314: Sampled 35 with 2971727862439436511855685567763483661 - sampling time: 1.4278278350830078
29316: Sampled 34 with 4138400909760908925737742688111863266 - sampling time: 1.3616447448730469
29312: Sampled 36 with 604875076536793996137207425719525792 - sampling time: 1.5332050323486328
29320: Sampled 34 with 6544769607751339571020295317458292787 - sampling time: 1.3015801906585693
29323: Sampled 34 with 7521520585654004474618215376336835198 - sampling time: 1.5068080425262451
29318: Sampled 34 with 5333811490182950487421949088388568022 - sampling time: 1.6090552806854248
29314: Sampled 36 with 3015910911371974823893503388735848512 - sampling time: 1.4555590152740479
29313: Sampled 37 with 1825792497472040296194053396610707673 - sampling time: 1.6465213298797607
29316: Sampled 35 with 4142592270992540270147137674323986114 - sampling time: 1.5076024532318115
29312: Sampled 37 with 606069757357307975135828187748734090 - sampling time: 1.6965699195861816
29323: Sampled 35 with 7542182057729384158890402877377144956 - sampling time: 1.3866841793060303
29320: Sampled 35 with 6580146444857932835646194182019640784 - sampling time: 1.5048837661743164
29318: Sampled 35 with 5349023643752974992720733824712678287 - sampling time: 1.544128179550171
29314: Sampled 37 with 3024196474497244618255577355787746823 - sampling time: 1.4353766441345215
29313: Sampled 38 with 1826770188640595520122891052972857843 - sampling time: 1.6758217811584473
29316: Sampled 36 with 4142622214567333065229485111266719584 - sampling time: 1.5188179016113281
29312: Sampled 38 with 629204343159019953415992919122532024 - sampling time: 1.373885154724121
29320: Sampled 36 with 6589515068372890829219057500193226035 - sampling time: 1.4966692924499512
29323: Sampled 36 with 7566586986218102155114402880026750875 - sampling time: 1.6739990711212158
29318: Sampled 36 with 5349527387941362803890731257405246720 - sampling time: 1.4438302516937256
29316: Sampled 37 with 4169012258095351515385026730190261283 - sampling time: 1.4942800998687744
29312: Sampled 39 with 639551567622061929537473063926544276 - sampling time: 1.3845305442810059
29313: Sampled 39 with 1845937673434801590939836417464465936 - sampling time: 1.7259588241577148
29320: Sampled 37 with 6624454412545173718244258731108898342 - sampling time: 1.5108003616333008
29323: Sampled 37 with 7590172793065645239038443145093589053 - sampling time: 1.7525534629821777
29314: Sampled 38 with 3060224298965744761357788085422914165 - sampling time: 2.7297568321228027
29318: Sampled 37 with 5352625534882970669242029867020914882 - sampling time: 1.6291956901550293
29312: Sampled 40 with 649136275301804957643193676359185368 - sampling time: 1.4037582874298096
29316: Sampled 38 with 4172147317198040151049432011399962197 - sampling time: 1.4222779273986816
29320: Sampled 38 with 6625625347012398383666738343045138043 - sampling time: 1.5810928344726562
29323: Sampled 38 with 7592501103518872586112694697142108725 - sampling time: 1.737750768661499
29312: Sampled 41 with 654618323708880220538904106574610583 - sampling time: 1.3824403285980225
29316: Sampled 39 with 4198106594829945938520981028864561903 - sampling time: 1.4051876068115234
29318: Sampled 38 with 5382216685396904341076132275637825514 - sampling time: 1.704378366470337
29313: Sampled 40 with 1890136780541324836696639681431152379 - sampling time: 3.320887327194214
29320: Sampled 39 with 6657469468093525983359241266046167374 - sampling time: 1.7192723751068115
29323: Sampled 39 with 7615509396116935966993404200372675253 - sampling time: 1.5340485572814941
29314: Sampled 39 with 3087430112935420697227009483602179223 - sampling time: 3.243133783340454
29316: Sampled 40 with 4199845370785199406092324031024120494 - sampling time: 1.3524386882781982
29312: Sampled 42 with 675571256959980641192845414502278693 - sampling time: 1.5912623405456543
29318: Sampled 39 with 5417329903998875005228928084160920691 - sampling time: 1.965378761291504
29320: Sampled 40 with 6661597640040687412579072715865737454 - sampling time: 1.5207514762878418
29323: Sampled 40 with 7623379441475186266064148152915550342 - sampling time: 1.4629206657409668
29312: Sampled 43 with 680940185968118378408882135097133540 - sampling time: 1.4596881866455078
29316: Sampled 41 with 4203997765325502000012409427552730430 - sampling time: 1.7850348949432373
29318: Sampled 40 with 5421849559733623948625146574326386088 - sampling time: 1.5869901180267334
29313: Sampled 41 with 1891975185935426337811339034470762046 - sampling time: 3.359713554382324
29320: Sampled 41 with 6663620993589020559717800733931820697 - sampling time: 1.7092559337615967
29323: Sampled 41 with 7682752385898182557501945088829556934 - sampling time: 1.5688526630401611
29312: Sampled 44 with 693073514445757184909724005490904518 - sampling time: 1.4444992542266846
29316: Sampled 42 with 4230718370688156273662244287532951292 - sampling time: 1.381490707397461
29314: Sampled 40 with 3133110213468665393512700282585434022 - sampling time: 3.2348473072052
29318: Sampled 41 with 5464274634162801651241460005689573273 - sampling time: 1.3252356052398682
29320: Sampled 42 with 6685046337456287194944779920756417072 - sampling time: 1.7079713344573975
29323: Sampled 42 with 7689071174269085417870965028742288507 - sampling time: 1.6005866527557373
29312: Sampled 45 with 709068980571893113481586018896486853 - sampling time: 1.546673059463501
29316: Sampled 43 with 4233797362081291472836829610154683913 - sampling time: 1.5147383213043213
29318: Sampled 42 with 5480455774370575820406769167685353318 - sampling time: 1.544368028640747
29320: Sampled 43 with 6695581658835095486162459241417890707 - sampling time: 1.234083652496338
29313: Sampled 42 with 1896760978786755129145384037153905580 - sampling time: 3.1881632804870605
29323: Sampled 43 with 7691638149356219377899872822678353274 - sampling time: 1.5379221439361572
29316: Sampled 44 with 4237569784501183901798210503658290664 - sampling time: 1.517688274383545
29314: Sampled 41 with 3145497558403200028099429043050296430 - sampling time: 3.0501766204833984
29312: Sampled 46 with 729423470055279371556566577074507279 - sampling time: 1.6809179782867432
29318: Sampled 43 with 5499012031168601584718156726755233348 - sampling time: 1.7000305652618408
29320: Sampled 44 with 6698326487462622332238916049764118501 - sampling time: 1.5038626194000244
29323: Sampled 44 with 7708568398724527456093917829692661597 - sampling time: 1.6645996570587158
29312: Sampled 47 with 735098093003612678775919000855161440 - sampling time: 1.4276742935180664
29316: Sampled 45 with 4283863764071679486151897642461904715 - sampling time: 1.5867066383361816
29318: Sampled 44 with 5594881864653251015839184998091650058 - sampling time: 1.4757790565490723
29320: Sampled 45 with 6710613989919595944755050400066072618 - sampling time: 1.5153772830963135
29313: Sampled 43 with 1959590526043289466718105536359007737 - sampling time: 2.9486868381500244
29314: Sampled 42 with 3192306114051608673521804971163991357 - sampling time: 2.7886579036712646
29312: Sampled 48 with 736039840041719762601974652853851337 - sampling time: 1.3956363201141357
29316: Sampled 46 with 4307940315698093807161535877991875442 - sampling time: 1.4554736614227295
29323: Sampled 45 with 7713346554008223447002995526469407796 - sampling time: 1.6933443546295166
29318: Sampled 45 with 5601091412203446536617089344204645639 - sampling time: 1.790004014968872
29320: Sampled 46 with 6722554787255978543365114876827440448 - sampling time: 1.441584587097168
29313: Sampled 44 with 1972699608078360087327333961039807533 - sampling time: 1.4171524047851562
29312: Sampled 49 with 739814125833712657510683008968437807 - sampling time: 1.462470293045044
29316: Sampled 47 with 4315558598114854253817461676553115991 - sampling time: 1.5167677402496338
29323: Sampled 46 with 7734803744437351083708895851959674317 - sampling time: 1.486832857131958
29318: Sampled 46 with 5602574197417914895553496824966222360 - sampling time: 1.5276224613189697
29313: Sampled 45 with 1995922003446559681205477784331908952 - sampling time: 1.4329137802124023
29320: Sampled 47 with 6750356576124623714470079220899504544 - sampling time: 1.5622594356536865
29314: Sampled 43 with 3203956676732456292988158856317962309 - sampling time: 3.0694704055786133
29312: Sampled 50 with 750996051483580674361615570707972457 - sampling time: 1.5218355655670166
29316: Sampled 48 with 4324391470244392184999702528801421232 - sampling time: 1.3973405361175537
29323: Sampled 47 with 7736049570237883708915572359905317909 - sampling time: 1.6362099647521973
29318: Sampled 47 with 5630685865852105142278453618242515613 - sampling time: 1.3310019969940186
29313: Sampled 46 with 2021582719196092134305667095010205754 - sampling time: 1.3490557670593262
29320: Sampled 48 with 6760357040407765148004179357920104796 - sampling time: 1.4263381958007812
29312: Sampled 51 with 809364258423150106206434744193948115 - sampling time: 1.4184491634368896
29316: Sampled 49 with 4328247761164656025926990086026452295 - sampling time: 1.6503796577453613
29323: Sampled 48 with 7748727958659344703284434778517629452 - sampling time: 1.697575569152832
29318: Sampled 48 with 5651748424488856090468325204824769877 - sampling time: 1.4612984657287598
29313: Sampled 47 with 2032587612600904631805086995151993633 - sampling time: 1.3502848148345947
29320: Sampled 49 with 6777996495454292941643757225015614763 - sampling time: 1.5773155689239502
29314: Sampled 44 with 3221728586372437037477498229477676598 - sampling time: 2.6780052185058594
29312: Sampled 52 with 822920687494886573960389603932921912 - sampling time: 1.4558615684509277
29316: Sampled 50 with 4339809933013773367785675856059524364 - sampling time: 1.6030800342559814
29313: Sampled 48 with 2035517723732570283666342978316220006 - sampling time: 1.222579002380371
29323: Sampled 49 with 7752908311727112967866910735419608511 - sampling time: 1.670621633529663
29318: Sampled 49 with 5672203485828839743323665753807733040 - sampling time: 1.5617029666900635
29320: Sampled 50 with 6793921481369562663264941973430433123 - sampling time: 1.2691161632537842
29312: Sampled 53 with 829247287809777394136762524983389915 - sampling time: 1.5468006134033203
29316: Sampled 51 with 4355050352848037739359158074377257068 - sampling time: 1.328984260559082
29323: Sampled 50 with 7783630387455088178217312666110682824 - sampling time: 1.3743200302124023
29320: Sampled 51 with 6797588765657682278043424871943766523 - sampling time: 1.5050666332244873
29314: Sampled 45 with 3243684875106773739801419323095171875 - sampling time: 2.7335569858551025
29318: Sampled 50 with 5699920974760633091244673006362047081 - sampling time: 1.664219617843628
29312: Sampled 54 with 871230674622314344446227358397033003 - sampling time: 1.4163165092468262
29316: Sampled 52 with 4381128933492102195327633027074862900 - sampling time: 1.5587100982666016
29313: Sampled 49 with 2052453968984760876107530522204289120 - sampling time: 3.0911080837249756
29323: Sampled 51 with 7789178705430748659781809636026642888 - sampling time: 1.718355417251587
29320: Sampled 52 with 6797659310794852541232224006468408974 - sampling time: 1.5133259296417236
29318: Sampled 51 with 5702579472939993398436036827991550245 - sampling time: 1.5905251502990723
29312: Sampled 55 with 932525788068998173060091322801126650 - sampling time: 1.3623402118682861
29316: Sampled 53 with 4382882380653026311198721326712302270 - sampling time: 1.607969045639038
29313: Sampled 50 with 2086209643327937158304366330399934082 - sampling time: 1.3599305152893066
29320: Sampled 53 with 6799083656508783189611359712594728686 - sampling time: 1.4091501235961914
29323: Sampled 52 with 7810331928524001797169309853766538387 - sampling time: 1.474961519241333
29314: Sampled 46 with 3247543625650986308253431580341581410 - sampling time: 3.2231218814849854
29312: Sampled 56 with 943761600088855778264834564487549945 - sampling time: 1.403167963027954
29318: Sampled 52 with 5708720456920278786941740088815376654 - sampling time: 1.704488754272461
29313: Sampled 51 with 2096190505259162172854564853027993583 - sampling time: 1.3479626178741455
29316: Sampled 54 with 4383307412769006953045713349853226356 - sampling time: 1.6699254512786865
29320: Sampled 54 with 6802402364449689254396408637460810334 - sampling time: 1.293107509613037
29323: Sampled 53 with 7813730699600876076715864902887740166 - sampling time: 1.4756853580474854
29318: Sampled 53 with 5721890177096885222479853307808163607 - sampling time: 1.3667819499969482
29312: Sampled 57 with 951700082728284329162394523706338175 - sampling time: 1.5357887744903564
29313: Sampled 52 with 2134014694959566288281891288101856516 - sampling time: 1.4202086925506592
29316: Sampled 55 with 4412505179271511617442394285383853974 - sampling time: 1.4318480491638184
29320: Sampled 55 with 6826875095517643842088047923631987549 - sampling time: 1.5463829040527344
29323: Sampled 54 with 7814121392301850096435445337110462942 - sampling time: 1.5393297672271729
29314: Sampled 47 with 3272389889596100732334377911850493513 - sampling time: 2.8536343574523926
29318: Sampled 54 with 5723555420995039472658813121770070389 - sampling time: 1.4321403503417969
29312: Sampled 58 with 956105063442425054999523982082176369 - sampling time: 1.499112844467163
29313: Sampled 53 with 2147760557719208934261465141150500530 - sampling time: 1.5370182991027832
29316: Sampled 56 with 4422191487622448876800490997793277538 - sampling time: 1.5552985668182373
29320: Sampled 56 with 6832981888673328362926671309405411841 - sampling time: 1.6113791465759277
29323: Sampled 55 with 7815183428399802343947316672317566102 - sampling time: 1.605100393295288
29318: Sampled 55 with 5732177630717710402255346707914976813 - sampling time: 1.5657601356506348
29312: Sampled 59 with 963010967284814375886308094076437365 - sampling time: 1.5258831977844238
29313: Sampled 54 with 2154230999548068554954723117478193504 - sampling time: 1.4602458477020264
29316: Sampled 57 with 4473627120217421563772622155177473303 - sampling time: 1.4440739154815674
29320: Sampled 57 with 6835469435348325254591261131569517124 - sampling time: 1.4918997287750244
29323: Sampled 56 with 7818276202242430647151710013741322793 - sampling time: 1.3157174587249756
29314: Sampled 48 with 3278842311514115179584314084352194197 - sampling time: 2.8752830028533936
29318: Sampled 56 with 5758077791098655926192590930034172976 - sampling time: 1.659660816192627
29312: Sampled 60 with 975137592670762453569213356756033034 - sampling time: 1.6210896968841553
29313: Sampled 55 with 2199391591506543356941375534386043855 - sampling time: 1.390174150466919
29316: Sampled 58 with 4477864573501107910864985421672535929 - sampling time: 1.5023276805877686
29320: Sampled 58 with 6839203841998673412681407638700022355 - sampling time: 1.4064021110534668
29323: Sampled 57 with 7820966654278493343034094844003079884 - sampling time: 1.498647689819336
29318: Sampled 57 with 5769541697840445384572019560077146250 - sampling time: 1.3723764419555664
29312: Sampled 61 with 980195035332426739180577104981650510 - sampling time: 1.4022419452667236
29313: Sampled 56 with 2234408269030631252129335381279977635 - sampling time: 1.3969154357910156
29316: Sampled 59 with 4493716991554396611785337735328965477 - sampling time: 1.4342727661132812
29320: Sampled 59 with 6857485254522803345460127826472478200 - sampling time: 1.5130581855773926
29323: Sampled 58 with 7859520448556631632102134117416415143 - sampling time: 1.5076286792755127
29314: Sampled 49 with 3286536232133588868728791991164725787 - sampling time: 3.251718759536743
29312: Sampled 62 with 987641325332706989085324812771685406 - sampling time: 1.4372978210449219
29318: Sampled 58 with 5775442463679004184461032125283520733 - sampling time: 1.5132527351379395
29313: Sampled 57 with 2238890146146489349909477413889954695 - sampling time: 1.5341012477874756
29316: Sampled 60 with 4495809524130868951724974059865922425 - sampling time: 1.5699143409729004
29320: Sampled 60 with 6878004630906048063475192967774341678 - sampling time: 1.410625696182251
29323: Sampled 59 with 7901709814903250431884130929488079487 - sampling time: 1.4965190887451172
29312: Sampled 63 with 992484121546037428757111242777141199 - sampling time: 1.562873125076294
29313: Sampled 58 with 2259633076404920432724784011062855913 - sampling time: 1.3408987522125244
29318: Sampled 59 with 5846496301984645832051267384569109115 - sampling time: 1.7425000667572021
29316: Sampled 61 with 4517889987343039046294028738888535895 - sampling time: 1.592465877532959
29323: Sampled 60 with 7910236865788813795538222944134442157 - sampling time: 1.4072213172912598
29320: Sampled 61 with 6927195143467738850691341036414453537 - sampling time: 1.5999221801757812
29314: Sampled 50 with 3317374484732202808463311690876946007 - sampling time: 3.0462639331817627
29312: Sampled 64 with 1046433287943133810298166590477174037 - sampling time: 1.4798054695129395
29313: Sampled 59 with 2270018509548282221573314438952822630 - sampling time: 1.4295833110809326
29318: Sampled 60 with 5864830371366263064325529752460294032 - sampling time: 1.563802719116211
29320: Sampled 62 with 6930925588510946486412340901236947224 - sampling time: 1.349942684173584
29316: Sampled 62 with 4521001788301027671517927094411295598 - sampling time: 1.5621848106384277
29323: Sampled 61 with 7910893052739762881974635679560384363 - sampling time: 1.4415810108184814
29312: Sampled 65 with 1056173018597425767497344046172636239 - sampling time: 1.1986560821533203
29313: Sampled 60 with 2310605048525540962342225064493697491 - sampling time: 1.3663525581359863
29318: Sampled 61 with 5865487179780377890673662776535021206 - sampling time: 1.3206555843353271
29316: Sampled 63 with 4531398155200445664626126893987492353 - sampling time: 1.3781919479370117
29323: Sampled 62 with 7914293452951080346203122747247002491 - sampling time: 1.4271342754364014
29320: Sampled 63 with 6934756190795868331692076804391239015 - sampling time: 1.5659706592559814
29314: Sampled 51 with 3322634396265987146161377876155125729 - sampling time: 2.525775194168091
29312: Sampled 66 with 1086822096819462743479790606207511227 - sampling time: 1.4700071811676025
29313: Sampled 61 with 2312167296458802487070799220320814837 - sampling time: 1.3848702907562256
29318: Sampled 62 with 5865996443437737698988365620871592464 - sampling time: 1.4320991039276123
29316: Sampled 64 with 4535625148642696297738068999898178398 - sampling time: 1.509042501449585
29323: Sampled 63 with 7950334259968713716717924307030080192 - sampling time: 1.4715907573699951
29320: Sampled 64 with 6936084971486918796819735163906281011 - sampling time: 1.5902602672576904
29313: Sampled 62 with 2334586768247826966257406238522061050 - sampling time: 1.3175098896026611
29312: Sampled 67 with 1096935791715248110488618367718078526 - sampling time: 1.6886115074157715
29318: Sampled 63 with 5873515160653348790000849824896476133 - sampling time: 1.588402271270752
29316: Sampled 65 with 4546140056595987425742850184453583125 - sampling time: 1.481576919555664
29320: Sampled 65 with 6942759888265826069351503500894990291 - sampling time: 1.3907179832458496
29323: Sampled 64 with 7953391262095908956844355862601908926 - sampling time: 1.617643117904663
29313: Sampled 63 with 2334973670967962118953382819387689642 - sampling time: 1.35744309425354
29312: Sampled 68 with 1105635014081621070545285874975481051 - sampling time: 1.3742480278015137
29314: Sampled 52 with 3328448877776461092285277835716797642 - sampling time: 3.3102827072143555
29318: Sampled 64 with 5880240946050953601211247785770125006 - sampling time: 1.3569560050964355
29316: Sampled 66 with 4555141263667685013772874497503797493 - sampling time: 1.4069414138793945
29320: Sampled 66 with 6960781384145647970137668708591025543 - sampling time: 1.305570125579834
29323: Sampled 65 with 7956587718052185417483684035518558042 - sampling time: 1.4766418933868408
29313: Sampled 64 with 2338344082517377929649714339437128756 - sampling time: 1.374556303024292
29312: Sampled 69 with 1125994796089342562347992328193108587 - sampling time: 1.3935725688934326
29318: Sampled 65 with 5885824452860035191175626440868855152 - sampling time: 1.3692526817321777
29320: Sampled 67 with 6966631671687391886317269874049538882 - sampling time: 1.3301174640655518
29316: Sampled 67 with 4556340956829804567658411819341922037 - sampling time: 1.5360186100006104
29313: Sampled 65 with 2351370695895621559918710979333961267 - sampling time: 1.3566811084747314
29314: Sampled 53 with 3328580098318795677037504812041085275 - sampling time: 2.5451650619506836
29323: Sampled 66 with 7999904595895218646608472752782309310 - sampling time: 1.4971685409545898
29312: Sampled 70 with 1161562129413817294275692605570775913 - sampling time: 1.4656691551208496
29318: Sampled 66 with 5893020402179704472883158504629915048 - sampling time: 1.4256963729858398
29320: Sampled 68 with 6980789999031045838031227392437762790 - sampling time: 1.5053794384002686
29316: Sampled 68 with 4576447805696149275591474614020835850 - sampling time: 1.367501974105835
29313: Sampled 66 with 2356790365779721027243901012302792584 - sampling time: 1.5187439918518066
29312: Sampled 71 with 1178427664873826652629523032251304852 - sampling time: 1.416733741760254
29323: Sampled 67 with 8012316855867822776815731377431033308 - sampling time: 1.597175121307373
29318: Sampled 67 with 5934886953151714587241259785137417591 - sampling time: 1.5557117462158203
29316: Sampled 69 with 4579170664925542203949551862537722077 - sampling time: 1.454298734664917
29320: Sampled 69 with 6981239583244206405317897932276789930 - sampling time: 1.5214569568634033
29313: Sampled 67 with 2371826930412753042420798511205234984 - sampling time: 1.2714745998382568
29314: Sampled 54 with 3329427800543129457380376829514423213 - sampling time: 2.884819507598877
29312: Sampled 72 with 1191284047216809923447682098626255773 - sampling time: 1.3791720867156982
29323: Sampled 68 with 8018898699406341585395325411920318615 - sampling time: 1.5633587837219238
29318: Sampled 68 with 5939543859532589709807808654555809277 - sampling time: 1.4485154151916504
29313: Sampled 68 with 2373921292338954218323092169800907488 - sampling time: 1.1096422672271729
29316: Sampled 70 with 4579275735591098848343365193390074617 - sampling time: 1.2998621463775635
29320: Sampled 70 with 6988303497858229127939662107911465216 - sampling time: 1.2800023555755615
29318: Sampled 69 with 5958132595336073233959452182647421126 - sampling time: 1.3622417449951172
29313: Sampled 69 with 2374257909152922619038084049563850474 - sampling time: 1.2474896907806396
29320: Sampled 71 with 7000086529915635183755949307994267252 - sampling time: 1.2430143356323242
29314: Sampled 55 with 3345197300541110372886965471135220374 - sampling time: 2.388876438140869
29316: Sampled 71 with 4593244273755274975420913161824524299 - sampling time: 1.3767178058624268
29318: Sampled 70 with 5976185369733908247701391533513732501 - sampling time: 1.2938499450683594
29313: Sampled 70 with 2400304526456335961548355688639031638 - sampling time: 1.1336274147033691
29320: Sampled 72 with 7006713622141367381611960973971689164 - sampling time: 1.148627519607544
29316: Sampled 72 with 4663534973743751893809767632427062527 - sampling time: 1.2457523345947266
29313: Sampled 71 with 2411694065646883279176673231552719397 - sampling time: 1.036813735961914
29318: Sampled 71 with 5989259054182147856447409736906022975 - sampling time: 1.2373061180114746
29314: Sampled 56 with 3348754364831359177270070627793961198 - sampling time: 2.4106595516204834
29313: Sampled 72 with 2415736270969198490891629834312907543 - sampling time: 0.952211856842041
29318: Sampled 72 with 5994805131752293385375861651373644999 - sampling time: 1.0710976123809814
29314: Sampled 57 with 3357174357605449894018027647834620544 - sampling time: 1.8540704250335693
29314: Sampled 58 with 3365214980603648973426977112147528886 - sampling time: 1.600111484527588
29314: Sampled 59 with 3415702968888141853639051002157142479 - sampling time: 1.5631206035614014
29314: Sampled 60 with 3423724332786309786506554387825009591 - sampling time: 1.763122797012329
29314: Sampled 61 with 3429306231793026595355308030453017617 - sampling time: 1.7899656295776367
29314: Sampled 62 with 3441606094315774107169425687452453509 - sampling time: 1.7217962741851807
29314: Sampled 63 with 3449515861884794180155117244605414376 - sampling time: 1.5776848793029785
29314: Sampled 64 with 3476210521314057722681924180146357078 - sampling time: 1.7241528034210205
29314: Sampled 65 with 3481197294906277729084411890908322651 - sampling time: 1.409818410873413
29314: Sampled 66 with 3520585499003265331992995463484225211 - sampling time: 1.7561578750610352
29314: Sampled 67 with 3534847453651324140467102005886043272 - sampling time: 1.4418818950653076
29314: Sampled 68 with 3544080341493511391824503589470505293 - sampling time: 1.4576022624969482
29314: Sampled 69 with 3569399076467118069278231003144400218 - sampling time: 0.8807857036590576
29314: Sampled 70 with 3575237704208238499000835159480189528 - sampling time: 0.8305361270904541
29314: Sampled 71 with 3578851876144834794519331223062580011 - sampling time: 0.8123226165771484
29314: Sampled 72 with 3583223471092482776199713770987870016 - sampling time: 0.7748782634735107
--- total time: 134.48318219184875 seconds ---
Output samples created on:  ./Samples/smarch_opt/uClibc-ng_1_0_29_500.samples
