Input file:  ./FeatureModel/uClibc-ng_1_0_29.dimacs
Number of samples:  100
Output directory: ./Samples/smarch_opt
Counting - Total configurations: 8027944014617489543924213817393807360
Counting time: 0.1059272289276123
21650: Sampled 1 with 7343617730535591923939344272883034497 - sampling time: 1.221489667892456
21642: Sampled 1 with 42544367861586147366883246356475742 - sampling time: 1.2381267547607422
21644: Sampled 1 with 2414920756256152048169036893207692973 - sampling time: 1.2476694583892822
21646: Sampled 1 with 3801588971971611370633766424320103961 - sampling time: 1.2697160243988037
21643: Sampled 1 with 1230362658379746464483542661200048511 - sampling time: 1.347890853881836
21649: Sampled 1 with 5703150831357837296584165241847855604 - sampling time: 1.3742194175720215
21648: Sampled 1 with 5012849000532992184649176733070227509 - sampling time: 1.4834134578704834
21650: Sampled 2 with 7573626956697897144469820643096785715 - sampling time: 1.1940345764160156
21642: Sampled 2 with 50850391889912145760596725639310960 - sampling time: 1.1810688972473145
21646: Sampled 2 with 3830803305417481917786125619750264857 - sampling time: 1.2973573207855225
21644: Sampled 2 with 2593849902537120783434457570600710232 - sampling time: 1.3214678764343262
21649: Sampled 2 with 5949668287690364562031786428049698528 - sampling time: 1.220689296722412
21648: Sampled 2 with 5026816132719914737584086217754954204 - sampling time: 1.2375876903533936
21643: Sampled 2 with 1248347773700662465062664317513870037 - sampling time: 1.4276001453399658
21642: Sampled 3 with 119309724856719242343486761206479777 - sampling time: 1.2338676452636719
21650: Sampled 3 with 7596511390564351995762538768250073148 - sampling time: 1.3122401237487793
21644: Sampled 3 with 2605598673298233285262471420515564339 - sampling time: 1.2050812244415283
21646: Sampled 3 with 3898970080106130073806982477946043674 - sampling time: 1.2506520748138428
21643: Sampled 3 with 1371975916319769035109080127776448506 - sampling time: 1.1118888854980469
21649: Sampled 3 with 6019159239743250614087499418670070201 - sampling time: 1.332721471786499
21648: Sampled 3 with 5071766743915294719847673565667747072 - sampling time: 1.2716174125671387
21642: Sampled 4 with 206335229038469388036804676881787949 - sampling time: 1.2145946025848389
21650: Sampled 4 with 7622293241166153416023832437246694638 - sampling time: 1.2697253227233887
21644: Sampled 4 with 2851578735612149151520390485982954617 - sampling time: 1.2529346942901611
21646: Sampled 4 with 3925926418059428296737628230095793996 - sampling time: 1.3593144416809082
21643: Sampled 4 with 1786079821141903770491038919510288671 - sampling time: 1.387772560119629
21649: Sampled 4 with 6113211724672552793266243760949498214 - sampling time: 1.3675322532653809
21648: Sampled 4 with 5098051323202240828208603805006390685 - sampling time: 1.3335607051849365
21642: Sampled 5 with 249499969078335724296086310772245726 - sampling time: 1.2421307563781738
21644: Sampled 5 with 2888160116001208419844399851375130791 - sampling time: 1.1787867546081543
21650: Sampled 5 with 7774796737564605352530263829258281417 - sampling time: 1.3753161430358887
21643: Sampled 5 with 1845756093772290737565101977324682529 - sampling time: 1.1644446849822998
21646: Sampled 5 with 3977870855162556915001054191154314465 - sampling time: 1.2776875495910645
21649: Sampled 5 with 6172886049980978402113189402161751433 - sampling time: 1.2947568893432617
21648: Sampled 5 with 5144920752540397471916383107195826454 - sampling time: 1.3973853588104248
21642: Sampled 6 with 253252254965902905800106175822421090 - sampling time: 1.2757070064544678
21643: Sampled 6 with 1850919229010687678466593885586158010 - sampling time: 1.2535483837127686
21649: Sampled 6 with 6421663194826160984036522927339825698 - sampling time: 1.1146454811096191
21650: Sampled 6 with 7839917756636783796533932761976878609 - sampling time: 1.3967339992523193
21646: Sampled 6 with 4085797929131178708100159695703460558 - sampling time: 1.3297903537750244
21648: Sampled 6 with 5187619586882883153650887813821770129 - sampling time: 1.4036166667938232
21642: Sampled 7 with 322802081650180822719224049039343270 - sampling time: 1.4060008525848389
21644: Sampled 6 with 2917258470992497285511398155836476891 - sampling time: 2.6563408374786377
21649: Sampled 7 with 6479790670937659809743648839821636557 - sampling time: 1.2273180484771729
21646: Sampled 7 with 4111993423836986586701783746210987069 - sampling time: 1.2646760940551758
21650: Sampled 7 with 7879153497218984127183040114270422098 - sampling time: 1.3493025302886963
21648: Sampled 7 with 5223411015933146630546833241140524580 - sampling time: 1.0749931335449219
21642: Sampled 8 with 452688930763289934521695439884941118 - sampling time: 1.1833198070526123
21649: Sampled 8 with 6564640634884762489019595947198192707 - sampling time: 1.3150780200958252
21646: Sampled 8 with 4136497249306109831324551484306307503 - sampling time: 1.2064080238342285
21650: Sampled 8 with 7879610351983320304526047173057882667 - sampling time: 1.3508646488189697
21648: Sampled 8 with 5309920954965054355780630276546811838 - sampling time: 1.3168537616729736
21643: Sampled 7 with 1904859439192895265267547325020658812 - sampling time: 2.918146848678589
21644: Sampled 7 with 2926187290267474101673913428872000703 - sampling time: 2.321223735809326
21642: Sampled 9 with 481379525729775340624331464846817552 - sampling time: 1.223480224609375
21646: Sampled 9 with 4269245814371562826620708707577896421 - sampling time: 1.1887543201446533
21650: Sampled 9 with 7935505246838323982361995038668103326 - sampling time: 1.0931830406188965
21649: Sampled 9 with 6736214698819985256525033403056623054 - sampling time: 1.3904337882995605
21648: Sampled 9 with 5367059458226854912035394315269435871 - sampling time: 1.1926677227020264
21643: Sampled 8 with 1972810582995068906589212935631225637 - sampling time: 1.1750004291534424
21642: Sampled 10 with 581977195756355970118078873370769103 - sampling time: 1.172494649887085
21646: Sampled 10 with 4399643623224159574079522422710890220 - sampling time: 1.2642927169799805
21649: Sampled 10 with 6957419668861516644375107669545917396 - sampling time: 1.0728137493133545
21650: Sampled 10 with 7952067988323446358626546947357715045 - sampling time: 1.3050589561462402
21648: Sampled 10 with 5491705304851606766278837920046662782 - sampling time: 1.2080097198486328
21643: Sampled 9 with 1994510155464578130125466138615060486 - sampling time: 1.337639331817627
21642: Sampled 11 with 622074487970509541796589942313422764 - sampling time: 1.2599830627441406
21644: Sampled 8 with 2953223225398803217861420228714849445 - sampling time: 2.6951584815979004
21649: Sampled 11 with 7032232477967328939357941198919351999 - sampling time: 1.2074975967407227
21646: Sampled 11 with 4411294871016459082912820040884718419 - sampling time: 1.2371129989624023
21648: Sampled 11 with 5530054570872790436798421327547314195 - sampling time: 1.2064428329467773
21643: Sampled 10 with 2129201751199083399215933630864737646 - sampling time: 1.1043460369110107
21642: Sampled 12 with 625117336113952815752249565221924848 - sampling time: 1.1114323139190674
21649: Sampled 12 with 7070701445060108549227538639581478572 - sampling time: 1.179457664489746
21646: Sampled 12 with 4535826547180582315760043701395637162 - sampling time: 1.2041270732879639
21643: Sampled 11 with 2195764200298678215707434189645345437 - sampling time: 1.0725986957550049
21648: Sampled 12 with 5549620516391057659070718432131374370 - sampling time: 1.2619574069976807
21642: Sampled 13 with 795237576297560842115329525262773895 - sampling time: 1.0949554443359375
21644: Sampled 9 with 3036572389054705495744179660776783602 - sampling time: 2.230501651763916
21643: Sampled 12 with 2208397255655760278527884844911727860 - sampling time: 0.9869811534881592
21646: Sampled 13 with 4549665690989108518831149583586086033 - sampling time: 1.2754242420196533
21649: Sampled 13 with 7210082101023405644947859424774105826 - sampling time: 1.3875343799591064
21648: Sampled 13 with 5618149118323644696407912046019722514 - sampling time: 1.3418619632720947
21642: Sampled 14 with 1089846642380983772494687723836965915 - sampling time: 1.161313533782959
21643: Sampled 13 with 2280680742419195225340041985887868683 - sampling time: 1.121633768081665
21649: Sampled 14 with 7240959065197424853663905039466816935 - sampling time: 1.2088491916656494
21646: Sampled 14 with 4699256163787626126397138543507646846 - sampling time: 1.3917603492736816
21642: Sampled 15 with 1179313865303947603666330831124211328 - sampling time: 1.0029892921447754
21648: Sampled 14 with 5644340418851699595106977942980690596 - sampling time: 1.3485755920410156
21644: Sampled 10 with 3279525630472972154875494693339806291 - sampling time: 2.429459571838379
21643: Sampled 14 with 2315329490151678534211426485592122616 - sampling time: 1.204176664352417
21649: Sampled 15 with 7294187351737915213198249046927749416 - sampling time: 1.187568187713623
21646: Sampled 15 with 4947690902984008700797046527807223867 - sampling time: 1.1967382431030273
21648: Sampled 15 with 5659760802746953518737428422828066521 - sampling time: 1.1753482818603516
21644: Sampled 11 with 3445416167998120741625658202467045311 - sampling time: 0.8966546058654785
21643: Sampled 15 with 2385686416064500331594799398997675695 - sampling time: 0.8637659549713135
21644: Sampled 12 with 3532101998439278197386751117626758464 - sampling time: 0.8740861415863037
21644: Sampled 13 with 3591582293687314273126987003685572939 - sampling time: 1.0070090293884277
21644: Sampled 14 with 3638464274183253906637662185852426172 - sampling time: 0.9307610988616943
21644: Sampled 15 with 3719989828319560360268978081503543060 - sampling time: 0.9277551174163818
--- total time: 23.298439502716064 seconds ---
Output samples created on:  ./Samples/smarch_opt/uClibc-ng_1_0_29_100.samples
