Input file:  ./FeatureModel/VP9.dimacs
Number of samples:  1000
Output directory: ./Samples/smarch_opt
Counting - Total configurations: 216000
Counting time: 0.0904695987701416
15430: Sampled 1 with 78 - sampling time: 0.10207939147949219
15435: Sampled 1 with 94417 - sampling time: 0.12079000473022461
15432: Sampled 1 with 62969 - sampling time: 0.1767125129699707
15436: Sampled 1 with 124583 - sampling time: 0.17882251739501953
15438: Sampled 1 with 153797 - sampling time: 0.22016215324401855
15441: Sampled 1 with 186776 - sampling time: 0.24805259704589844
15435: Sampled 2 with 94433 - sampling time: 0.12956643104553223
15431: Sampled 1 with 30034 - sampling time: 0.25939106941223145
15430: Sampled 2 with 427 - sampling time: 0.16321587562561035
15436: Sampled 2 with 124645 - sampling time: 0.15651822090148926
15432: Sampled 2 with 63007 - sampling time: 0.1899268627166748
15438: Sampled 2 with 154447 - sampling time: 0.15689659118652344
15430: Sampled 3 with 883 - sampling time: 0.1343369483947754
15435: Sampled 3 with 94597 - sampling time: 0.16951727867126465
15441: Sampled 2 with 186936 - sampling time: 0.25797128677368164
15431: Sampled 2 with 30072 - sampling time: 0.26157379150390625
15436: Sampled 3 with 124756 - sampling time: 0.19103527069091797
15432: Sampled 3 with 63047 - sampling time: 0.21515941619873047
15430: Sampled 4 with 1334 - sampling time: 0.18865537643432617
15435: Sampled 4 with 94598 - sampling time: 0.18107247352600098
15438: Sampled 3 with 155044 - sampling time: 0.23668670654296875
15441: Sampled 3 with 187203 - sampling time: 0.18010568618774414
15436: Sampled 4 with 125007 - sampling time: 0.23462200164794922
15431: Sampled 3 with 30195 - sampling time: 0.2729933261871338
15435: Sampled 5 with 94866 - sampling time: 0.1921229362487793
15430: Sampled 5 with 1390 - sampling time: 0.21140813827514648
15432: Sampled 4 with 63092 - sampling time: 0.24958252906799316
15438: Sampled 4 with 155404 - sampling time: 0.26256656646728516
15441: Sampled 4 with 187272 - sampling time: 0.2265639305114746
15435: Sampled 6 with 94897 - sampling time: 0.17714357376098633
15430: Sampled 6 with 1708 - sampling time: 0.18198370933532715
15436: Sampled 5 with 125039 - sampling time: 0.24262285232543945
15438: Sampled 5 with 155615 - sampling time: 0.13857030868530273
15431: Sampled 4 with 30214 - sampling time: 0.24183416366577148
15432: Sampled 5 with 63867 - sampling time: 0.2148287296295166
15441: Sampled 5 with 187302 - sampling time: 0.2523684501647949
15435: Sampled 7 with 95076 - sampling time: 0.21936678886413574
15436: Sampled 6 with 125448 - sampling time: 0.19549274444580078
15430: Sampled 7 with 1858 - sampling time: 0.22395825386047363
15432: Sampled 6 with 64309 - sampling time: 0.16419410705566406
15438: Sampled 6 with 155815 - sampling time: 0.2903609275817871
15431: Sampled 5 with 30230 - sampling time: 0.2807135581970215
15430: Sampled 8 with 1928 - sampling time: 0.18892621994018555
15441: Sampled 6 with 187424 - sampling time: 0.26412248611450195
15438: Sampled 7 with 156144 - sampling time: 0.14334630966186523
15432: Sampled 7 with 64511 - sampling time: 0.25389695167541504
15435: Sampled 8 with 95349 - sampling time: 0.30086803436279297
15436: Sampled 7 with 125499 - sampling time: 0.30692410469055176
15430: Sampled 9 with 1976 - sampling time: 0.2051401138305664
15431: Sampled 6 with 30476 - sampling time: 0.3073282241821289
15438: Sampled 8 with 156388 - sampling time: 0.20637273788452148
15441: Sampled 7 with 187461 - sampling time: 0.23892807960510254
15432: Sampled 8 with 64714 - sampling time: 0.24178147315979004
15435: Sampled 9 with 95358 - sampling time: 0.26343798637390137
15436: Sampled 8 with 125518 - sampling time: 0.276975154876709
15430: Sampled 10 with 2129 - sampling time: 0.23987388610839844
15438: Sampled 9 with 157233 - sampling time: 0.18724894523620605
15436: Sampled 9 with 126025 - sampling time: 0.09989738464355469
15431: Sampled 7 with 30633 - sampling time: 0.2671682834625244
15441: Sampled 8 with 187501 - sampling time: 0.2687501907348633
15435: Sampled 10 with 95697 - sampling time: 0.22040486335754395
15432: Sampled 9 with 65097 - sampling time: 0.2735626697540283
15436: Sampled 10 with 126034 - sampling time: 0.12643647193908691
15430: Sampled 11 with 2153 - sampling time: 0.2340221405029297
15438: Sampled 10 with 157341 - sampling time: 0.24950599670410156
15431: Sampled 8 with 31099 - sampling time: 0.22191691398620605
15436: Sampled 11 with 126120 - sampling time: 0.1575918197631836
15441: Sampled 9 with 187528 - sampling time: 0.24663805961608887
15432: Sampled 10 with 65147 - sampling time: 0.22838354110717773
15435: Sampled 11 with 95889 - sampling time: 0.25546860694885254
15430: Sampled 12 with 2335 - sampling time: 0.2395033836364746
15438: Sampled 11 with 157391 - sampling time: 0.23681950569152832
15436: Sampled 12 with 126356 - sampling time: 0.2038557529449463
15435: Sampled 12 with 96071 - sampling time: 0.1522214412689209
15441: Sampled 10 with 187529 - sampling time: 0.2352738380432129
15431: Sampled 9 with 31394 - sampling time: 0.31482791900634766
15432: Sampled 11 with 65464 - sampling time: 0.22601604461669922
15436: Sampled 13 with 126401 - sampling time: 0.1070554256439209
15430: Sampled 13 with 2558 - sampling time: 0.1708977222442627
15438: Sampled 12 with 157482 - sampling time: 0.25026631355285645
15436: Sampled 14 with 126407 - sampling time: 0.10782051086425781
15435: Sampled 13 with 96415 - sampling time: 0.20554256439208984
15441: Sampled 11 with 187532 - sampling time: 0.23393988609313965
15432: Sampled 12 with 65502 - sampling time: 0.23858356475830078
15438: Sampled 13 with 157701 - sampling time: 0.1769859790802002
15431: Sampled 10 with 31615 - sampling time: 0.3322584629058838
15430: Sampled 14 with 2988 - sampling time: 0.2795729637145996
15436: Sampled 15 with 126440 - sampling time: 0.18099474906921387
15435: Sampled 14 with 96761 - sampling time: 0.23784494400024414
15432: Sampled 13 with 65840 - sampling time: 0.25606751441955566
15441: Sampled 12 with 187689 - sampling time: 0.2922201156616211
15430: Sampled 15 with 3197 - sampling time: 0.2547285556793213
15436: Sampled 16 with 127001 - sampling time: 0.2579171657562256
15438: Sampled 14 with 157897 - sampling time: 0.2789309024810791
15431: Sampled 11 with 31856 - sampling time: 0.29340434074401855
15438: Sampled 15 with 158013 - sampling time: 0.0599822998046875
15435: Sampled 15 with 97273 - sampling time: 0.31943202018737793
15432: Sampled 14 with 65926 - sampling time: 0.2495412826538086
15430: Sampled 16 with 3299 - sampling time: 0.21605896949768066
15438: Sampled 16 with 158099 - sampling time: 0.14696526527404785
15441: Sampled 13 with 187984 - sampling time: 0.3263249397277832
15436: Sampled 17 with 127307 - sampling time: 0.24760818481445312
15438: Sampled 17 with 158161 - sampling time: 0.11393880844116211
15431: Sampled 12 with 32204 - sampling time: 0.33236193656921387
15435: Sampled 16 with 97302 - sampling time: 0.24578022956848145
15432: Sampled 15 with 65977 - sampling time: 0.27334046363830566
15430: Sampled 17 with 3344 - sampling time: 0.22427582740783691
15441: Sampled 14 with 188135 - sampling time: 0.18436026573181152
15436: Sampled 18 with 127446 - sampling time: 0.21575689315795898
15438: Sampled 18 with 158530 - sampling time: 0.17107319831848145
15435: Sampled 17 with 97445 - sampling time: 0.2133934497833252
15441: Sampled 15 with 188179 - sampling time: 0.19008564949035645
15431: Sampled 13 with 32226 - sampling time: 0.2793409824371338
15430: Sampled 18 with 3626 - sampling time: 0.2126774787902832
15438: Sampled 19 with 158540 - sampling time: 0.17377233505249023
15432: Sampled 16 with 66053 - sampling time: 0.3057429790496826
15436: Sampled 19 with 127832 - sampling time: 0.27414917945861816
15438: Sampled 20 with 158754 - sampling time: 0.16916203498840332
15435: Sampled 18 with 97546 - sampling time: 0.2693500518798828
15441: Sampled 16 with 188515 - sampling time: 0.2440657615661621
15430: Sampled 19 with 3730 - sampling time: 0.2559781074523926
15431: Sampled 14 with 32293 - sampling time: 0.2978074550628662
15432: Sampled 17 with 66092 - sampling time: 0.23418855667114258
15436: Sampled 20 with 128779 - sampling time: 0.24000310897827148
15438: Sampled 21 with 158770 - sampling time: 0.18371129035949707
15435: Sampled 19 with 97782 - sampling time: 0.21841025352478027
15431: Sampled 15 with 32437 - sampling time: 0.1930384635925293
15438: Sampled 22 with 158975 - sampling time: 0.1010739803314209
15441: Sampled 17 with 188612 - sampling time: 0.26548218727111816
15430: Sampled 20 with 3743 - sampling time: 0.25129246711730957
15432: Sampled 18 with 66144 - sampling time: 0.2666637897491455
15436: Sampled 21 with 129012 - sampling time: 0.26000308990478516
15438: Sampled 23 with 159257 - sampling time: 0.20808076858520508
15435: Sampled 20 with 97915 - sampling time: 0.27397942543029785
15441: Sampled 18 with 188723 - sampling time: 0.22332501411437988
15431: Sampled 16 with 32876 - sampling time: 0.24272918701171875
15430: Sampled 21 with 3751 - sampling time: 0.23431944847106934
15436: Sampled 22 with 129136 - sampling time: 0.22582101821899414
15438: Sampled 24 with 159751 - sampling time: 0.17920899391174316
15432: Sampled 19 with 66153 - sampling time: 0.2906169891357422
15435: Sampled 21 with 97924 - sampling time: 0.22531771659851074
15441: Sampled 19 with 188876 - sampling time: 0.23313689231872559
15431: Sampled 17 with 32897 - sampling time: 0.2513906955718994
15430: Sampled 22 with 3786 - sampling time: 0.27942609786987305
15436: Sampled 23 with 129149 - sampling time: 0.2582509517669678
15438: Sampled 25 with 160200 - sampling time: 0.26763296127319336
15432: Sampled 20 with 66596 - sampling time: 0.26394152641296387
15435: Sampled 22 with 97993 - sampling time: 0.2731139659881592
15441: Sampled 20 with 189161 - sampling time: 0.29294371604919434
15431: Sampled 18 with 33012 - sampling time: 0.2716348171234131
15430: Sampled 23 with 3887 - sampling time: 0.2374722957611084
15436: Sampled 24 with 129407 - sampling time: 0.2795727252960205
15432: Sampled 21 with 66606 - sampling time: 0.2385234832763672
15438: Sampled 26 with 160466 - sampling time: 0.2505323886871338
15441: Sampled 21 with 189221 - sampling time: 0.21288657188415527
15435: Sampled 23 with 98775 - sampling time: 0.27466702461242676
15430: Sampled 24 with 3905 - sampling time: 0.22226428985595703
15431: Sampled 19 with 33123 - sampling time: 0.2454056739807129
15436: Sampled 25 with 129717 - sampling time: 0.22339916229248047
15438: Sampled 27 with 160618 - sampling time: 0.23198318481445312
15432: Sampled 22 with 66796 - sampling time: 0.29275083541870117
15436: Sampled 26 with 130087 - sampling time: 0.12333011627197266
15430: Sampled 25 with 3928 - sampling time: 0.22507691383361816
15441: Sampled 22 with 189322 - sampling time: 0.2751743793487549
15431: Sampled 20 with 33168 - sampling time: 0.23657727241516113
15435: Sampled 24 with 98926 - sampling time: 0.2679934501647949
15430: Sampled 26 with 4433 - sampling time: 0.15091204643249512
15436: Sampled 27 with 130375 - sampling time: 0.19788289070129395
15432: Sampled 23 with 67529 - sampling time: 0.22941970825195312
15438: Sampled 28 with 160816 - sampling time: 0.28298163414001465
15441: Sampled 23 with 189453 - sampling time: 0.26018476486206055
15430: Sampled 27 with 4470 - sampling time: 0.14352941513061523
15435: Sampled 25 with 98985 - sampling time: 0.3040657043457031
15431: Sampled 21 with 33650 - sampling time: 0.3151679039001465
15436: Sampled 28 with 130500 - sampling time: 0.15513038635253906
15432: Sampled 24 with 67660 - sampling time: 0.27731943130493164
15438: Sampled 29 with 160865 - sampling time: 0.2757396697998047
15430: Sampled 28 with 4620 - sampling time: 0.21256589889526367
15436: Sampled 29 with 130629 - sampling time: 0.2010812759399414
15441: Sampled 24 with 189869 - sampling time: 0.27991795539855957
15431: Sampled 22 with 33697 - sampling time: 0.22641634941101074
15435: Sampled 26 with 99303 - sampling time: 0.26102566719055176
15441: Sampled 25 with 190126 - sampling time: 0.14101409912109375
15430: Sampled 29 with 5137 - sampling time: 0.19703149795532227
15438: Sampled 30 with 161033 - sampling time: 0.2434227466583252
15432: Sampled 25 with 67876 - sampling time: 0.257723331451416
15436: Sampled 30 with 130730 - sampling time: 0.19726157188415527
15431: Sampled 23 with 33740 - sampling time: 0.2336719036102295
15435: Sampled 27 with 99315 - sampling time: 0.2640261650085449
15441: Sampled 26 with 190525 - sampling time: 0.1799466609954834
15432: Sampled 26 with 68040 - sampling time: 0.17578959465026855
15430: Sampled 30 with 5558 - sampling time: 0.2357025146484375
15438: Sampled 31 with 161564 - sampling time: 0.24272656440734863
15436: Sampled 31 with 131423 - sampling time: 0.2881910800933838
15431: Sampled 24 with 33769 - sampling time: 0.24915051460266113
15441: Sampled 27 with 190606 - sampling time: 0.17448711395263672
15432: Sampled 27 with 68185 - sampling time: 0.19871854782104492
15430: Sampled 31 with 5634 - sampling time: 0.19474554061889648
15435: Sampled 28 with 99350 - sampling time: 0.2792205810546875
15438: Sampled 32 with 161647 - sampling time: 0.26688694953918457
15436: Sampled 32 with 131450 - sampling time: 0.2174091339111328
15441: Sampled 28 with 191027 - sampling time: 0.23634910583496094
15430: Sampled 32 with 5742 - sampling time: 0.20638704299926758
15431: Sampled 25 with 33907 - sampling time: 0.2947349548339844
15432: Sampled 28 with 68314 - sampling time: 0.24613690376281738
15435: Sampled 29 with 99485 - sampling time: 0.2544124126434326
15438: Sampled 33 with 161682 - sampling time: 0.21316742897033691
15431: Sampled 26 with 34011 - sampling time: 0.11326789855957031
15436: Sampled 33 with 131515 - sampling time: 0.28532981872558594
15430: Sampled 33 with 5938 - sampling time: 0.21514129638671875
15441: Sampled 29 with 191249 - sampling time: 0.2650718688964844
15431: Sampled 27 with 34183 - sampling time: 0.12447571754455566
15432: Sampled 29 with 68674 - sampling time: 0.264798641204834
15435: Sampled 30 with 99552 - sampling time: 0.23824834823608398
15436: Sampled 34 with 132054 - sampling time: 0.12720060348510742
15438: Sampled 34 with 161935 - sampling time: 0.24987435340881348
15431: Sampled 28 with 34505 - sampling time: 0.2076277732849121
15430: Sampled 34 with 5962 - sampling time: 0.23734068870544434
15436: Sampled 35 with 132111 - sampling time: 0.1404109001159668
15441: Sampled 30 with 191279 - sampling time: 0.27524542808532715
15438: Sampled 35 with 162222 - sampling time: 0.15644145011901855
15436: Sampled 36 with 132406 - sampling time: 0.09157919883728027
15435: Sampled 31 with 99686 - sampling time: 0.2820563316345215
15432: Sampled 30 with 68714 - sampling time: 0.3030869960784912
15430: Sampled 35 with 6105 - sampling time: 0.14777922630310059
15438: Sampled 36 with 162366 - sampling time: 0.12342357635498047
15431: Sampled 29 with 34552 - sampling time: 0.24377012252807617
15430: Sampled 36 with 6167 - sampling time: 0.12332940101623535
15436: Sampled 37 with 132528 - sampling time: 0.17168354988098145
15441: Sampled 31 with 191373 - sampling time: 0.2702467441558838
15432: Sampled 31 with 68847 - sampling time: 0.21202468872070312
15430: Sampled 37 with 6428 - sampling time: 0.12810969352722168
15435: Sampled 32 with 99716 - sampling time: 0.30272603034973145
15438: Sampled 37 with 163051 - sampling time: 0.2481074333190918
15436: Sampled 38 with 132608 - sampling time: 0.18642473220825195
15431: Sampled 30 with 34792 - sampling time: 0.23927593231201172
15432: Sampled 32 with 68882 - sampling time: 0.19653677940368652
15435: Sampled 33 with 100031 - sampling time: 0.13735485076904297
15441: Sampled 32 with 191969 - sampling time: 0.2547173500061035
15430: Sampled 38 with 6731 - sampling time: 0.17115521430969238
15436: Sampled 39 with 132611 - sampling time: 0.18139290809631348
15438: Sampled 38 with 163463 - sampling time: 0.22433924674987793
15431: Sampled 31 with 34916 - sampling time: 0.19210529327392578
15430: Sampled 39 with 6813 - sampling time: 0.11535859107971191
15432: Sampled 33 with 69142 - sampling time: 0.24416255950927734
15438: Sampled 39 with 163608 - sampling time: 0.13280940055847168
15441: Sampled 33 with 191991 - sampling time: 0.2569704055786133
15435: Sampled 34 with 101079 - sampling time: 0.28244590759277344
15430: Sampled 40 with 6863 - sampling time: 0.16756629943847656
15436: Sampled 40 with 132636 - sampling time: 0.20733094215393066
15431: Sampled 32 with 35069 - sampling time: 0.2552773952484131
15441: Sampled 34 with 192094 - sampling time: 0.15334701538085938
15430: Sampled 41 with 8117 - sampling time: 0.17258548736572266
15436: Sampled 41 with 132894 - sampling time: 0.18907833099365234
15438: Sampled 40 with 164227 - sampling time: 0.26182079315185547
15432: Sampled 34 with 69380 - sampling time: 0.27586889266967773
15435: Sampled 35 with 101277 - sampling time: 0.2530210018157959
15431: Sampled 33 with 35281 - sampling time: 0.2202894687652588
15441: Sampled 35 with 192141 - sampling time: 0.19002723693847656
15430: Sampled 42 with 8196 - sampling time: 0.15285849571228027
15436: Sampled 42 with 132963 - sampling time: 0.17198657989501953
15438: Sampled 41 with 164484 - sampling time: 0.2773854732513428
15435: Sampled 36 with 101283 - sampling time: 0.23251080513000488
15432: Sampled 35 with 69745 - sampling time: 0.27472972869873047
15441: Sampled 36 with 192341 - sampling time: 0.17194509506225586
15430: Sampled 43 with 8395 - sampling time: 0.20194268226623535
15431: Sampled 34 with 35551 - sampling time: 0.24931049346923828
15436: Sampled 43 with 133492 - sampling time: 0.23624348640441895
15432: Sampled 36 with 70135 - sampling time: 0.13264107704162598
15441: Sampled 37 with 192790 - sampling time: 0.252579927444458
15430: Sampled 44 with 8552 - sampling time: 0.22296929359436035
15438: Sampled 42 with 164831 - sampling time: 0.3029670715332031
15431: Sampled 35 with 35751 - sampling time: 0.23830533027648926
15436: Sampled 44 with 133923 - sampling time: 0.1968998908996582
15432: Sampled 37 with 70402 - sampling time: 0.19078540802001953
15435: Sampled 37 with 101412 - sampling time: 0.32573771476745605
15436: Sampled 45 with 134188 - sampling time: 0.11523556709289551
15432: Sampled 38 with 70403 - sampling time: 0.16274404525756836
15430: Sampled 45 with 8606 - sampling time: 0.24578571319580078
15441: Sampled 38 with 193069 - sampling time: 0.2620363235473633
15431: Sampled 36 with 36097 - sampling time: 0.23844408988952637
15435: Sampled 38 with 101783 - sampling time: 0.2418968677520752
15438: Sampled 43 with 164864 - sampling time: 0.2960686683654785
15436: Sampled 46 with 134589 - sampling time: 0.23500394821166992
15432: Sampled 39 with 70428 - sampling time: 0.20017147064208984
15435: Sampled 39 with 102190 - sampling time: 0.15143227577209473
15430: Sampled 46 with 8754 - sampling time: 0.2210237979888916
15431: Sampled 37 with 36491 - sampling time: 0.23869752883911133
15441: Sampled 39 with 194005 - sampling time: 0.2744865417480469
15438: Sampled 44 with 164988 - sampling time: 0.2655923366546631
15436: Sampled 47 with 134694 - sampling time: 0.20971012115478516
15432: Sampled 40 with 70476 - sampling time: 0.19743847846984863
15435: Sampled 40 with 102249 - sampling time: 0.18533658981323242
15430: Sampled 47 with 8894 - sampling time: 0.19443941116333008
15438: Sampled 45 with 165232 - sampling time: 0.1555461883544922
15431: Sampled 38 with 36648 - sampling time: 0.2540566921234131
15432: Sampled 41 with 70785 - sampling time: 0.20586729049682617
15441: Sampled 40 with 194178 - sampling time: 0.29834485054016113
15436: Sampled 48 with 134786 - sampling time: 0.24355077743530273
15435: Sampled 41 with 102719 - sampling time: 0.2609686851501465
15430: Sampled 48 with 9502 - sampling time: 0.2547118663787842
15432: Sampled 42 with 71429 - sampling time: 0.22743010520935059
15438: Sampled 46 with 166121 - sampling time: 0.3135662078857422
15436: Sampled 49 with 135008 - sampling time: 0.21178078651428223
15431: Sampled 39 with 36703 - sampling time: 0.2997100353240967
15441: Sampled 41 with 194207 - sampling time: 0.3254542350769043
15435: Sampled 42 with 103990 - sampling time: 0.2694697380065918
15430: Sampled 49 with 10193 - sampling time: 0.30338120460510254
15432: Sampled 43 with 71437 - sampling time: 0.2502753734588623
15431: Sampled 40 with 36750 - sampling time: 0.23966670036315918
15435: Sampled 43 with 104097 - sampling time: 0.14234352111816406
15436: Sampled 50 with 135338 - sampling time: 0.254793643951416
15438: Sampled 47 with 166138 - sampling time: 0.31860971450805664
15441: Sampled 42 with 194232 - sampling time: 0.3255782127380371
15430: Sampled 50 with 10625 - sampling time: 0.25647664070129395
15435: Sampled 44 with 104354 - sampling time: 0.19844698905944824
15432: Sampled 44 with 71579 - sampling time: 0.21968960762023926
15436: Sampled 51 with 135398 - sampling time: 0.27808356285095215
15438: Sampled 48 with 167058 - sampling time: 0.22318410873413086
15431: Sampled 41 with 37114 - sampling time: 0.2966115474700928
15441: Sampled 43 with 194272 - sampling time: 0.21750903129577637
15435: Sampled 45 with 104460 - sampling time: 0.188368558883667
15432: Sampled 45 with 71702 - sampling time: 0.19170403480529785
15430: Sampled 51 with 10926 - sampling time: 0.2949087619781494
15431: Sampled 42 with 37405 - sampling time: 0.2299211025238037
15436: Sampled 52 with 136104 - sampling time: 0.271054744720459
15438: Sampled 49 with 167586 - sampling time: 0.2858541011810303
15432: Sampled 46 with 71924 - sampling time: 0.17737483978271484
15435: Sampled 46 with 104833 - sampling time: 0.19441628456115723
15441: Sampled 44 with 194638 - sampling time: 0.2907075881958008
15435: Sampled 47 with 104837 - sampling time: 0.19386696815490723
15430: Sampled 52 with 11190 - sampling time: 0.30924224853515625
15431: Sampled 43 with 37714 - sampling time: 0.2950141429901123
15432: Sampled 47 with 72177 - sampling time: 0.25505638122558594
15436: Sampled 53 with 136161 - sampling time: 0.29163455963134766
15438: Sampled 50 with 168333 - sampling time: 0.2927067279815674
15441: Sampled 45 with 194719 - sampling time: 0.29362034797668457
15435: Sampled 48 with 104863 - sampling time: 0.21727848052978516
15430: Sampled 53 with 11659 - sampling time: 0.28330230712890625
15432: Sampled 48 with 72189 - sampling time: 0.23758578300476074
15431: Sampled 44 with 37718 - sampling time: 0.2859153747558594
15436: Sampled 54 with 136347 - sampling time: 0.26798462867736816
15438: Sampled 51 with 168666 - sampling time: 0.2543904781341553
15435: Sampled 49 with 104992 - sampling time: 0.2340085506439209
15441: Sampled 46 with 194793 - sampling time: 0.2866981029510498
15432: Sampled 49 with 72298 - sampling time: 0.18777871131896973
15438: Sampled 52 with 168982 - sampling time: 0.22883296012878418
15436: Sampled 55 with 136526 - sampling time: 0.23556923866271973
15430: Sampled 54 with 11786 - sampling time: 0.3310511112213135
15431: Sampled 45 with 37721 - sampling time: 0.29116082191467285
15435: Sampled 50 with 105186 - sampling time: 0.25656986236572266
15432: Sampled 50 with 72495 - sampling time: 0.26864123344421387
15441: Sampled 47 with 194852 - sampling time: 0.30936264991760254
15436: Sampled 56 with 136590 - sampling time: 0.22519230842590332
15438: Sampled 53 with 169132 - sampling time: 0.23774147033691406
15435: Sampled 51 with 105608 - sampling time: 0.16559505462646484
15431: Sampled 46 with 37833 - sampling time: 0.3051486015319824
15430: Sampled 55 with 11791 - sampling time: 0.31465911865234375
15432: Sampled 51 with 72553 - sampling time: 0.2563948631286621
15430: Sampled 56 with 12005 - sampling time: 0.1148381233215332
15441: Sampled 48 with 195080 - sampling time: 0.26885485649108887
15438: Sampled 54 with 169275 - sampling time: 0.2587919235229492
15436: Sampled 57 with 136672 - sampling time: 0.2857987880706787
15435: Sampled 52 with 105785 - sampling time: 0.22108006477355957
15432: Sampled 52 with 73236 - sampling time: 0.17094755172729492
15431: Sampled 47 with 37913 - sampling time: 0.26617932319641113
15430: Sampled 57 with 12189 - sampling time: 0.18454813957214355
15441: Sampled 49 with 195232 - sampling time: 0.2042069435119629
15438: Sampled 55 with 169364 - sampling time: 0.28230857849121094
15431: Sampled 48 with 38851 - sampling time: 0.16690683364868164
15435: Sampled 53 with 105884 - sampling time: 0.2772407531738281
15436: Sampled 58 with 136991 - sampling time: 0.29722023010253906
15432: Sampled 53 with 73482 - sampling time: 0.24236226081848145
15441: Sampled 50 with 195372 - sampling time: 0.17422842979431152
15430: Sampled 58 with 12344 - sampling time: 0.21071076393127441
15431: Sampled 49 with 39042 - sampling time: 0.22628116607666016
15436: Sampled 59 with 137461 - sampling time: 0.2504904270172119
15438: Sampled 56 with 169657 - sampling time: 0.3014206886291504
15435: Sampled 54 with 105911 - sampling time: 0.29954075813293457
15432: Sampled 54 with 73906 - sampling time: 0.24936723709106445
15441: Sampled 51 with 195459 - sampling time: 0.24129676818847656
15430: Sampled 59 with 12383 - sampling time: 0.24650907516479492
15432: Sampled 55 with 74333 - sampling time: 0.13034963607788086
15431: Sampled 50 with 39400 - sampling time: 0.26898813247680664
15436: Sampled 60 with 137474 - sampling time: 0.2537851333618164
15435: Sampled 55 with 106154 - sampling time: 0.2226095199584961
15438: Sampled 57 with 169739 - sampling time: 0.2602570056915283
15430: Sampled 60 with 12530 - sampling time: 0.27550840377807617
15432: Sampled 56 with 74472 - sampling time: 0.18695282936096191
15441: Sampled 52 with 195792 - sampling time: 0.3390536308288574
15438: Sampled 58 with 170080 - sampling time: 0.15234756469726562
15431: Sampled 51 with 39738 - sampling time: 0.2521228790283203
15435: Sampled 56 with 106273 - sampling time: 0.21696090698242188
15436: Sampled 61 with 137509 - sampling time: 0.230637788772583
15432: Sampled 57 with 74635 - sampling time: 0.1831972599029541
15430: Sampled 61 with 12988 - sampling time: 0.2535073757171631
15438: Sampled 59 with 170210 - sampling time: 0.16462469100952148
15435: Sampled 57 with 106343 - sampling time: 0.18185853958129883
15441: Sampled 53 with 195816 - sampling time: 0.30881190299987793
15431: Sampled 52 with 39866 - sampling time: 0.2489941120147705
15438: Sampled 60 with 170258 - sampling time: 0.19300556182861328
15436: Sampled 62 with 137832 - sampling time: 0.31055259704589844
15432: Sampled 58 with 75182 - sampling time: 0.25977182388305664
15430: Sampled 62 with 13192 - sampling time: 0.27483367919921875
15435: Sampled 58 with 106364 - sampling time: 0.20516300201416016
15431: Sampled 53 with 40400 - sampling time: 0.20785236358642578
15438: Sampled 61 with 170281 - sampling time: 0.18152737617492676
15436: Sampled 63 with 138144 - sampling time: 0.19163179397583008
15435: Sampled 59 with 106425 - sampling time: 0.14029526710510254
15441: Sampled 54 with 195820 - sampling time: 0.3216876983642578
15432: Sampled 59 with 75237 - sampling time: 0.26456427574157715
15430: Sampled 63 with 13411 - sampling time: 0.29867982864379883
15438: Sampled 62 with 170337 - sampling time: 0.17855191230773926
15431: Sampled 54 with 40639 - sampling time: 0.25728511810302734
15435: Sampled 60 with 106733 - sampling time: 0.18852877616882324
15436: Sampled 64 with 138304 - sampling time: 0.2438209056854248
15432: Sampled 60 with 75429 - sampling time: 0.2448263168334961
15441: Sampled 55 with 195971 - sampling time: 0.3045015335083008
15438: Sampled 63 with 170370 - sampling time: 0.1843862533569336
15435: Sampled 61 with 106925 - sampling time: 0.19714951515197754
15431: Sampled 55 with 40693 - sampling time: 0.2343769073486328
15430: Sampled 64 with 13413 - sampling time: 0.3136250972747803
15436: Sampled 65 with 138368 - sampling time: 0.23726534843444824
15441: Sampled 56 with 196197 - sampling time: 0.20849108695983887
15432: Sampled 61 with 75488 - sampling time: 0.22703313827514648
15438: Sampled 64 with 170620 - sampling time: 0.25259995460510254
15431: Sampled 56 with 40839 - sampling time: 0.1787726879119873
15435: Sampled 62 with 107147 - sampling time: 0.2271897792816162
15430: Sampled 65 with 13693 - sampling time: 0.18852949142456055
15432: Sampled 62 with 75605 - sampling time: 0.13533973693847656
15436: Sampled 66 with 138583 - sampling time: 0.2414531707763672
15438: Sampled 65 with 170651 - sampling time: 0.17523765563964844
15441: Sampled 57 with 196987 - sampling time: 0.25134849548339844
15431: Sampled 57 with 41172 - sampling time: 0.23364806175231934
15432: Sampled 63 with 75700 - sampling time: 0.18738174438476562
15435: Sampled 63 with 107405 - sampling time: 0.2885453701019287
15438: Sampled 66 with 170701 - sampling time: 0.19503068923950195
15430: Sampled 66 with 13993 - sampling time: 0.3085324764251709
15436: Sampled 67 with 138690 - sampling time: 0.2839229106903076
15432: Sampled 64 with 76047 - sampling time: 0.20525121688842773
15430: Sampled 67 with 14176 - sampling time: 0.12354135513305664
15441: Sampled 58 with 197558 - sampling time: 0.31195855140686035
15431: Sampled 58 with 41355 - sampling time: 0.27364587783813477
15435: Sampled 64 with 107587 - sampling time: 0.2751896381378174
15430: Sampled 68 with 14812 - sampling time: 0.11897706985473633
15438: Sampled 67 with 171314 - sampling time: 0.2567932605743408
15436: Sampled 68 with 139265 - sampling time: 0.23898839950561523
15431: Sampled 59 with 41610 - sampling time: 0.1623842716217041
15432: Sampled 65 with 76176 - sampling time: 0.24722528457641602
15435: Sampled 65 with 107605 - sampling time: 0.14054274559020996
15441: Sampled 59 with 197737 - sampling time: 0.25804686546325684
15436: Sampled 69 with 139620 - sampling time: 0.23549628257751465
15430: Sampled 69 with 15108 - sampling time: 0.26975297927856445
15438: Sampled 68 with 171327 - sampling time: 0.2673461437225342
15431: Sampled 60 with 41756 - sampling time: 0.22893476486206055
15432: Sampled 66 with 77001 - sampling time: 0.2352139949798584
15435: Sampled 66 with 107975 - sampling time: 0.2704927921295166
15441: Sampled 60 with 197852 - sampling time: 0.2964653968811035
15430: Sampled 70 with 15954 - sampling time: 0.2270662784576416
15436: Sampled 70 with 139664 - sampling time: 0.23684906959533691
15431: Sampled 61 with 42264 - sampling time: 0.24335074424743652
15438: Sampled 69 with 171558 - sampling time: 0.26524925231933594
15435: Sampled 67 with 108193 - sampling time: 0.1785576343536377
15432: Sampled 67 with 77150 - sampling time: 0.2752039432525635
15430: Sampled 71 with 16201 - sampling time: 0.1673905849456787
15441: Sampled 61 with 197995 - sampling time: 0.32038354873657227
15435: Sampled 68 with 108240 - sampling time: 0.20507335662841797
15436: Sampled 71 with 139838 - sampling time: 0.28522396087646484
15431: Sampled 62 with 42749 - sampling time: 0.2574629783630371
15438: Sampled 70 with 171840 - sampling time: 0.2568330764770508
15432: Sampled 68 with 77310 - sampling time: 0.19699692726135254
15430: Sampled 72 with 16359 - sampling time: 0.20279455184936523
15441: Sampled 62 with 198062 - sampling time: 0.1259756088256836
15435: Sampled 69 with 108450 - sampling time: 0.15931344032287598
15441: Sampled 63 with 198091 - sampling time: 0.07759308815002441
15432: Sampled 69 with 77462 - sampling time: 0.23279643058776855
15438: Sampled 71 with 171847 - sampling time: 0.2565279006958008
15430: Sampled 73 with 16539 - sampling time: 0.2240278720855713
15431: Sampled 63 with 43161 - sampling time: 0.29984498023986816
15441: Sampled 64 with 198153 - sampling time: 0.13672733306884766
15436: Sampled 72 with 139899 - sampling time: 0.31536436080932617
15435: Sampled 70 with 108680 - sampling time: 0.2209923267364502
15432: Sampled 70 with 77550 - sampling time: 0.19605255126953125
15441: Sampled 65 with 198245 - sampling time: 0.16234159469604492
15438: Sampled 72 with 171878 - sampling time: 0.2634239196777344
15430: Sampled 74 with 16757 - sampling time: 0.23529982566833496
15436: Sampled 73 with 139930 - sampling time: 0.2503364086151123
15431: Sampled 64 with 43166 - sampling time: 0.2764554023742676
15435: Sampled 71 with 108711 - sampling time: 0.25226640701293945
15432: Sampled 71 with 77567 - sampling time: 0.2201216220855713
15436: Sampled 74 with 140100 - sampling time: 0.14391231536865234
15441: Sampled 66 with 198627 - sampling time: 0.23803281784057617
15438: Sampled 73 with 171940 - sampling time: 0.2439711093902588
15430: Sampled 75 with 17834 - sampling time: 0.2508995532989502
15431: Sampled 65 with 43404 - sampling time: 0.22205090522766113
15435: Sampled 72 with 108717 - sampling time: 0.23753118515014648
15441: Sampled 67 with 198646 - sampling time: 0.17603182792663574
15436: Sampled 75 with 140264 - sampling time: 0.18291735649108887
15432: Sampled 72 with 77704 - sampling time: 0.250138521194458
15438: Sampled 74 with 172278 - sampling time: 0.2579782009124756
15435: Sampled 73 with 108952 - sampling time: 0.18621611595153809
15430: Sampled 76 with 17899 - sampling time: 0.29080748558044434
15441: Sampled 68 with 198680 - sampling time: 0.22855591773986816
15436: Sampled 76 with 140305 - sampling time: 0.2241954803466797
15431: Sampled 66 with 43820 - sampling time: 0.31127333641052246
15438: Sampled 75 with 172410 - sampling time: 0.17542767524719238
15432: Sampled 73 with 77827 - sampling time: 0.29392337799072266
15430: Sampled 77 with 18051 - sampling time: 0.16173839569091797
15435: Sampled 74 with 109002 - sampling time: 0.2070636749267578
15436: Sampled 77 with 140438 - sampling time: 0.1300652027130127
15441: Sampled 69 with 198696 - sampling time: 0.2227628231048584
15436: Sampled 78 with 140443 - sampling time: 0.14010143280029297
15430: Sampled 78 with 18178 - sampling time: 0.16519689559936523
15431: Sampled 67 with 43829 - sampling time: 0.31447482109069824
15438: Sampled 76 with 172577 - sampling time: 0.2349231243133545
15432: Sampled 74 with 77883 - sampling time: 0.2373957633972168
15436: Sampled 79 with 140482 - sampling time: 0.09917402267456055
15435: Sampled 75 with 109239 - sampling time: 0.25579404830932617
15441: Sampled 70 with 198720 - sampling time: 0.23795056343078613
15430: Sampled 79 with 18222 - sampling time: 0.19070196151733398
15436: Sampled 80 with 140537 - sampling time: 0.16347002983093262
15438: Sampled 77 with 172579 - sampling time: 0.2198011875152588
15435: Sampled 76 with 109533 - sampling time: 0.23419904708862305
15431: Sampled 68 with 43998 - sampling time: 0.3045930862426758
15432: Sampled 75 with 78056 - sampling time: 0.3002486228942871
15436: Sampled 81 with 140804 - sampling time: 0.13692712783813477
15430: Sampled 80 with 18438 - sampling time: 0.18668580055236816
15441: Sampled 71 with 199583 - sampling time: 0.24954915046691895
15431: Sampled 69 with 44100 - sampling time: 0.1671128273010254
15438: Sampled 78 with 172953 - sampling time: 0.28495001792907715
15435: Sampled 77 with 109658 - sampling time: 0.21676921844482422
15430: Sampled 81 with 18499 - sampling time: 0.20706653594970703
15436: Sampled 82 with 141196 - sampling time: 0.23031878471374512
15432: Sampled 76 with 78130 - sampling time: 0.29468369483947754
15441: Sampled 72 with 199848 - sampling time: 0.22917819023132324
15431: Sampled 70 with 44147 - sampling time: 0.1840367317199707
15438: Sampled 79 with 173380 - sampling time: 0.20119071006774902
15435: Sampled 78 with 109719 - sampling time: 0.2329728603363037
15430: Sampled 82 with 18643 - sampling time: 0.20284461975097656
15436: Sampled 83 with 141430 - sampling time: 0.28357386589050293
15441: Sampled 73 with 199892 - sampling time: 0.2509653568267822
15431: Sampled 71 with 44364 - sampling time: 0.22921442985534668
15432: Sampled 77 with 78148 - sampling time: 0.28038930892944336
15441: Sampled 74 with 200083 - sampling time: 0.09913516044616699
15430: Sampled 83 with 18754 - sampling time: 0.23055672645568848
15435: Sampled 79 with 109864 - sampling time: 0.24827075004577637
15438: Sampled 80 with 173822 - sampling time: 0.31709957122802734
15436: Sampled 84 with 141768 - sampling time: 0.182159423828125
15431: Sampled 72 with 44564 - sampling time: 0.20874738693237305
15441: Sampled 75 with 200262 - sampling time: 0.2037813663482666
15438: Sampled 81 with 174154 - sampling time: 0.18339991569519043
15432: Sampled 78 with 78429 - sampling time: 0.3287770748138428
15435: Sampled 80 with 109969 - sampling time: 0.24359893798828125
15430: Sampled 84 with 18771 - sampling time: 0.26210999488830566
15436: Sampled 85 with 142566 - sampling time: 0.22397685050964355
15431: Sampled 73 with 44631 - sampling time: 0.2667117118835449
15441: Sampled 76 with 200669 - sampling time: 0.21614384651184082
15438: Sampled 82 with 174210 - sampling time: 0.18089723587036133
15435: Sampled 81 with 110223 - sampling time: 0.17872023582458496
15430: Sampled 85 with 18924 - sampling time: 0.2259809970855713
15436: Sampled 86 with 142607 - sampling time: 0.25611448287963867
15432: Sampled 79 with 78455 - sampling time: 0.323897123336792
15438: Sampled 83 with 174223 - sampling time: 0.18433117866516113
15431: Sampled 74 with 44904 - sampling time: 0.22889280319213867
15435: Sampled 82 with 110343 - sampling time: 0.17669272422790527
15441: Sampled 77 with 200717 - sampling time: 0.28252315521240234
15430: Sampled 86 with 18984 - sampling time: 0.2418365478515625
15436: Sampled 87 with 142726 - sampling time: 0.23583316802978516
15438: Sampled 84 with 175023 - sampling time: 0.2224562168121338
15435: Sampled 83 with 110865 - sampling time: 0.2203388214111328
15432: Sampled 80 with 78771 - sampling time: 0.30692338943481445
15431: Sampled 75 with 45425 - sampling time: 0.3263065814971924
15441: Sampled 78 with 201074 - sampling time: 0.27291250228881836
15436: Sampled 88 with 142779 - sampling time: 0.2398223876953125
15430: Sampled 87 with 19179 - sampling time: 0.29270029067993164
15438: Sampled 85 with 175197 - sampling time: 0.24209260940551758
15432: Sampled 81 with 78862 - sampling time: 0.19234204292297363
15435: Sampled 84 with 111205 - sampling time: 0.259350061416626
15431: Sampled 76 with 45638 - sampling time: 0.24192166328430176
15441: Sampled 79 with 201333 - sampling time: 0.2539997100830078
15436: Sampled 89 with 143037 - sampling time: 0.24578261375427246
15432: Sampled 82 with 79115 - sampling time: 0.22582507133483887
15430: Sampled 88 with 19195 - sampling time: 0.27446866035461426
15438: Sampled 86 with 175261 - sampling time: 0.27190494537353516
15435: Sampled 85 with 111228 - sampling time: 0.3017909526824951
15441: Sampled 80 with 201366 - sampling time: 0.20291376113891602
15431: Sampled 77 with 45834 - sampling time: 0.2968130111694336
15430: Sampled 89 with 19686 - sampling time: 0.17509961128234863
15432: Sampled 83 with 79143 - sampling time: 0.22544455528259277
15436: Sampled 90 with 143374 - sampling time: 0.27770376205444336
15438: Sampled 87 with 175597 - sampling time: 0.23605632781982422
15435: Sampled 86 with 111775 - sampling time: 0.20571064949035645
15431: Sampled 78 with 46316 - sampling time: 0.1914067268371582
15441: Sampled 81 with 201402 - sampling time: 0.2738485336303711
15430: Sampled 90 with 19784 - sampling time: 0.24019241333007812
15432: Sampled 84 with 79169 - sampling time: 0.23950934410095215
15431: Sampled 79 with 46324 - sampling time: 0.12289690971374512
15436: Sampled 91 with 143405 - sampling time: 0.27132606506347656
15438: Sampled 88 with 175881 - sampling time: 0.24775123596191406
15435: Sampled 87 with 112270 - sampling time: 0.22754836082458496
15438: Sampled 89 with 176003 - sampling time: 0.09787130355834961
15431: Sampled 80 with 46953 - sampling time: 0.16440272331237793
15430: Sampled 91 with 19785 - sampling time: 0.2363901138305664
15435: Sampled 88 with 112403 - sampling time: 0.1584787368774414
15441: Sampled 82 with 201518 - sampling time: 0.3187694549560547
15432: Sampled 85 with 79604 - sampling time: 0.2962667942047119
15438: Sampled 90 with 176193 - sampling time: 0.1508934497833252
15436: Sampled 92 with 143514 - sampling time: 0.2637801170349121
15430: Sampled 92 with 20054 - sampling time: 0.16050958633422852
15431: Sampled 81 with 47182 - sampling time: 0.18040943145751953
15441: Sampled 83 with 201798 - sampling time: 0.2261347770690918
15438: Sampled 91 with 176258 - sampling time: 0.180877685546875
15435: Sampled 89 with 112630 - sampling time: 0.27719640731811523
15432: Sampled 86 with 79768 - sampling time: 0.24776124954223633
15430: Sampled 93 with 20258 - sampling time: 0.19454264640808105
15431: Sampled 82 with 47279 - sampling time: 0.20527291297912598
15436: Sampled 93 with 144226 - sampling time: 0.31648850440979004
15438: Sampled 92 with 176540 - sampling time: 0.2415003776550293
15441: Sampled 84 with 201913 - sampling time: 0.2703990936279297
15431: Sampled 83 with 47487 - sampling time: 0.18170547485351562
15430: Sampled 94 with 20279 - sampling time: 0.21527767181396484
15432: Sampled 87 with 79925 - sampling time: 0.2858924865722656
15435: Sampled 90 with 112984 - sampling time: 0.3348665237426758
15436: Sampled 94 with 144281 - sampling time: 0.24938392639160156
15431: Sampled 84 with 47762 - sampling time: 0.19624114036560059
15441: Sampled 85 with 202240 - sampling time: 0.2278890609741211
15438: Sampled 93 with 176580 - sampling time: 0.24950218200683594
15430: Sampled 95 with 20362 - sampling time: 0.21783041954040527
15435: Sampled 91 with 113062 - sampling time: 0.25477075576782227
15432: Sampled 88 with 80042 - sampling time: 0.3271961212158203
15430: Sampled 96 with 20522 - sampling time: 0.19689679145812988
15431: Sampled 85 with 48380 - sampling time: 0.25090885162353516
15438: Sampled 94 with 176724 - sampling time: 0.23128223419189453
15436: Sampled 95 with 145143 - sampling time: 0.328463077545166
15441: Sampled 86 with 202241 - sampling time: 0.2380838394165039
15435: Sampled 92 with 113084 - sampling time: 0.26572632789611816
15432: Sampled 89 with 80486 - sampling time: 0.21426606178283691
15441: Sampled 87 with 202334 - sampling time: 0.1737663745880127
15430: Sampled 97 with 21063 - sampling time: 0.23229074478149414
15436: Sampled 96 with 145463 - sampling time: 0.2353963851928711
15438: Sampled 95 with 176795 - sampling time: 0.23562932014465332
15431: Sampled 86 with 48846 - sampling time: 0.29393768310546875
15432: Sampled 90 with 80538 - sampling time: 0.24181675910949707
15441: Sampled 88 with 202522 - sampling time: 0.22709274291992188
15438: Sampled 96 with 176939 - sampling time: 0.19973468780517578
15430: Sampled 98 with 21509 - sampling time: 0.2569291591644287
15436: Sampled 97 with 145542 - sampling time: 0.2261359691619873
15435: Sampled 93 with 113975 - sampling time: 0.32410264015197754
15431: Sampled 87 with 49142 - sampling time: 0.2405226230621338
15432: Sampled 91 with 80573 - sampling time: 0.23320293426513672
15441: Sampled 89 with 202546 - sampling time: 0.24873113632202148
15438: Sampled 97 with 177107 - sampling time: 0.2465221881866455
15430: Sampled 99 with 21556 - sampling time: 0.2457284927368164
15431: Sampled 88 with 49195 - sampling time: 0.2401127815246582
15436: Sampled 98 with 145956 - sampling time: 0.304628849029541
15435: Sampled 94 with 113989 - sampling time: 0.2971796989440918
15430: Sampled 100 with 21602 - sampling time: 0.14000463485717773
15441: Sampled 90 with 202978 - sampling time: 0.2569453716278076
15432: Sampled 92 with 81967 - sampling time: 0.30541110038757324
15438: Sampled 98 with 177304 - sampling time: 0.2532005310058594
15435: Sampled 95 with 114179 - sampling time: 0.17743992805480957
15436: Sampled 99 with 146348 - sampling time: 0.19346904754638672
15431: Sampled 89 with 49884 - sampling time: 0.21507763862609863
15430: Sampled 101 with 21675 - sampling time: 0.20060276985168457
15432: Sampled 93 with 82115 - sampling time: 0.1931004524230957
15438: Sampled 99 with 177311 - sampling time: 0.23746395111083984
15435: Sampled 96 with 114314 - sampling time: 0.2344188690185547
15441: Sampled 91 with 202998 - sampling time: 0.2812619209289551
15436: Sampled 100 with 146656 - sampling time: 0.2379927635192871
15431: Sampled 90 with 49918 - sampling time: 0.2653944492340088
15430: Sampled 102 with 21762 - sampling time: 0.20261144638061523
15432: Sampled 94 with 82158 - sampling time: 0.1993396282196045
15431: Sampled 91 with 50322 - sampling time: 0.12077999114990234
15438: Sampled 100 with 177449 - sampling time: 0.20854759216308594
15430: Sampled 103 with 22210 - sampling time: 0.14432668685913086
15435: Sampled 97 with 114316 - sampling time: 0.2530207633972168
15436: Sampled 101 with 146778 - sampling time: 0.2690761089324951
15441: Sampled 92 with 203440 - sampling time: 0.28593897819519043
15431: Sampled 92 with 50431 - sampling time: 0.16768884658813477
15430: Sampled 104 with 22253 - sampling time: 0.14564919471740723
15432: Sampled 95 with 82597 - sampling time: 0.24701905250549316
15436: Sampled 102 with 146808 - sampling time: 0.15783929824829102
15438: Sampled 101 with 177540 - sampling time: 0.2746152877807617
15441: Sampled 93 with 203788 - sampling time: 0.2378520965576172
15431: Sampled 93 with 50570 - sampling time: 0.19248366355895996
15435: Sampled 98 with 114636 - sampling time: 0.29779601097106934
15430: Sampled 105 with 22554 - sampling time: 0.19864320755004883
15432: Sampled 96 with 82666 - sampling time: 0.19440603256225586
15430: Sampled 106 with 22827 - sampling time: 0.10906839370727539
15435: Sampled 99 with 114810 - sampling time: 0.15674281120300293
15431: Sampled 94 with 50597 - sampling time: 0.17943811416625977
15441: Sampled 94 with 204984 - sampling time: 0.19771218299865723
15436: Sampled 103 with 147161 - sampling time: 0.294278621673584
15438: Sampled 102 with 177546 - sampling time: 0.27329587936401367
15432: Sampled 97 with 82838 - sampling time: 0.17403244972229004
15430: Sampled 107 with 22943 - sampling time: 0.15637779235839844
15438: Sampled 103 with 177627 - sampling time: 0.15112018585205078
15436: Sampled 104 with 147212 - sampling time: 0.180830717086792
15431: Sampled 95 with 51211 - sampling time: 0.22785234451293945
15441: Sampled 95 with 205297 - sampling time: 0.2290194034576416
15432: Sampled 98 with 83148 - sampling time: 0.21702361106872559
15435: Sampled 100 with 115164 - sampling time: 0.28067684173583984
15430: Sampled 108 with 23280 - sampling time: 0.20225143432617188
15438: Sampled 104 with 177804 - sampling time: 0.22305965423583984
15436: Sampled 105 with 147309 - sampling time: 0.24930095672607422
15431: Sampled 96 with 51252 - sampling time: 0.25588464736938477
15432: Sampled 99 with 83311 - sampling time: 0.2400970458984375
15435: Sampled 101 with 115318 - sampling time: 0.2426612377166748
15441: Sampled 96 with 205397 - sampling time: 0.28168559074401855
15430: Sampled 109 with 23344 - sampling time: 0.22699618339538574
15438: Sampled 105 with 177963 - sampling time: 0.24067139625549316
15431: Sampled 97 with 51363 - sampling time: 0.21883034706115723
15441: Sampled 97 with 205447 - sampling time: 0.2214982509613037
15430: Sampled 110 with 23356 - sampling time: 0.21869826316833496
15435: Sampled 102 with 115634 - sampling time: 0.24266433715820312
15436: Sampled 106 with 147511 - sampling time: 0.3363673686981201
15432: Sampled 100 with 83420 - sampling time: 0.2918984889984131
15431: Sampled 98 with 51875 - sampling time: 0.19079351425170898
15438: Sampled 106 with 178015 - sampling time: 0.26653122901916504
15441: Sampled 98 with 205922 - sampling time: 0.20292949676513672
15430: Sampled 111 with 23588 - sampling time: 0.24334144592285156
15436: Sampled 107 with 147650 - sampling time: 0.22700738906860352
15435: Sampled 103 with 115804 - sampling time: 0.27291011810302734
15432: Sampled 101 with 83577 - sampling time: 0.24502897262573242
15441: Sampled 99 with 206126 - sampling time: 0.13239121437072754
15431: Sampled 99 with 51956 - sampling time: 0.2080221176147461
15438: Sampled 107 with 178083 - sampling time: 0.24420952796936035
15430: Sampled 112 with 23737 - sampling time: 0.19454407691955566
15432: Sampled 102 with 83634 - sampling time: 0.19748163223266602
15441: Sampled 100 with 206509 - sampling time: 0.17297148704528809
15435: Sampled 104 with 115922 - sampling time: 0.23829054832458496
15436: Sampled 108 with 147801 - sampling time: 0.28104209899902344
15431: Sampled 100 with 51986 - sampling time: 0.23494267463684082
15430: Sampled 113 with 23831 - sampling time: 0.19106101989746094
15438: Sampled 108 with 179478 - sampling time: 0.27227044105529785
15432: Sampled 103 with 83763 - sampling time: 0.19411325454711914
15441: Sampled 101 with 207178 - sampling time: 0.23669981956481934
15435: Sampled 105 with 115933 - sampling time: 0.23577427864074707
15430: Sampled 114 with 23848 - sampling time: 0.1862640380859375
15431: Sampled 101 with 52135 - sampling time: 0.23345947265625
15436: Sampled 109 with 147865 - sampling time: 0.3105196952819824
15432: Sampled 104 with 83957 - sampling time: 0.25626206398010254
15441: Sampled 102 with 207314 - sampling time: 0.20979619026184082
15438: Sampled 109 with 179661 - sampling time: 0.2901175022125244
15435: Sampled 106 with 115946 - sampling time: 0.2688302993774414
15430: Sampled 115 with 24277 - sampling time: 0.2168574333190918
15431: Sampled 102 with 52902 - sampling time: 0.2262105941772461
15436: Sampled 110 with 147946 - sampling time: 0.2690439224243164
15435: Sampled 107 with 116176 - sampling time: 0.15942859649658203
15441: Sampled 103 with 207473 - sampling time: 0.25940823554992676
15432: Sampled 105 with 84153 - sampling time: 0.30832839012145996
15430: Sampled 116 with 24395 - sampling time: 0.2522852420806885
15438: Sampled 110 with 179821 - sampling time: 0.3219282627105713
15431: Sampled 103 with 53065 - sampling time: 0.2909510135650635
15435: Sampled 108 with 116181 - sampling time: 0.16424894332885742
15441: Sampled 104 with 207769 - sampling time: 0.19126200675964355
15436: Sampled 111 with 147956 - sampling time: 0.28597497940063477
15438: Sampled 111 with 180012 - sampling time: 0.12730646133422852
15441: Sampled 105 with 208003 - sampling time: 0.08363604545593262
15432: Sampled 106 with 84617 - sampling time: 0.24216032028198242
15430: Sampled 117 with 24471 - sampling time: 0.24804425239562988
15435: Sampled 109 with 116706 - sampling time: 0.22003889083862305
15431: Sampled 104 with 53867 - sampling time: 0.2241809368133545
15441: Sampled 106 with 208037 - sampling time: 0.11878132820129395
15438: Sampled 112 with 180491 - sampling time: 0.196915864944458
15436: Sampled 112 with 147991 - sampling time: 0.3138463497161865
15435: Sampled 110 with 116861 - sampling time: 0.16744279861450195
15430: Sampled 118 with 24569 - sampling time: 0.20598793029785156
15441: Sampled 107 with 208072 - sampling time: 0.15287423133850098
15432: Sampled 107 with 84931 - sampling time: 0.28281474113464355
15431: Sampled 105 with 54510 - sampling time: 0.22385001182556152
15436: Sampled 113 with 148124 - sampling time: 0.13550162315368652
15438: Sampled 113 with 180699 - sampling time: 0.2777595520019531
15441: Sampled 108 with 208118 - sampling time: 0.15873360633850098
15435: Sampled 111 with 117019 - sampling time: 0.21509218215942383
15430: Sampled 119 with 24651 - sampling time: 0.23506498336791992
15436: Sampled 114 with 148283 - sampling time: 0.18623733520507812
15431: Sampled 106 with 54765 - sampling time: 0.2757279872894287
15432: Sampled 108 with 84947 - sampling time: 0.3141343593597412
15441: Sampled 109 with 208878 - sampling time: 0.18625140190124512
15435: Sampled 112 with 117131 - sampling time: 0.18448758125305176
15438: Sampled 114 with 180758 - sampling time: 0.25697970390319824
15430: Sampled 120 with 24689 - sampling time: 0.25945138931274414
15436: Sampled 115 with 148392 - sampling time: 0.19211840629577637
15431: Sampled 107 with 55086 - sampling time: 0.228804349899292
15432: Sampled 109 with 85305 - sampling time: 0.23760771751403809
15441: Sampled 110 with 209082 - sampling time: 0.26055431365966797
15435: Sampled 113 with 117255 - sampling time: 0.26587772369384766
15438: Sampled 115 with 180795 - sampling time: 0.26563215255737305
15436: Sampled 116 with 148600 - sampling time: 0.20418667793273926
15430: Sampled 121 with 24749 - sampling time: 0.2578434944152832
15431: Sampled 108 with 55413 - sampling time: 0.29282140731811523
15432: Sampled 110 with 85330 - sampling time: 0.2717571258544922
15436: Sampled 117 with 148734 - sampling time: 0.17602205276489258
15441: Sampled 111 with 209095 - sampling time: 0.28162574768066406
15435: Sampled 114 with 117834 - sampling time: 0.2733304500579834
15438: Sampled 116 with 180796 - sampling time: 0.2732532024383545
15430: Sampled 122 with 24914 - sampling time: 0.1989445686340332
15436: Sampled 118 with 148895 - sampling time: 0.17032575607299805
15432: Sampled 111 with 85488 - sampling time: 0.2541372776031494
15431: Sampled 109 with 55550 - sampling time: 0.2801063060760498
15441: Sampled 112 with 209143 - sampling time: 0.2257988452911377
15430: Sampled 123 with 24969 - sampling time: 0.23479342460632324
15435: Sampled 115 with 117901 - sampling time: 0.2692556381225586
15438: Sampled 117 with 180800 - sampling time: 0.2617912292480469
15436: Sampled 119 with 148961 - sampling time: 0.18081021308898926
15441: Sampled 113 with 209741 - sampling time: 0.23694992065429688
15431: Sampled 110 with 55571 - sampling time: 0.2722811698913574
15438: Sampled 118 with 180863 - sampling time: 0.20688080787658691
15432: Sampled 112 with 85808 - sampling time: 0.3145430088043213
15435: Sampled 116 with 118743 - sampling time: 0.23236346244812012
15430: Sampled 124 with 25020 - sampling time: 0.24720525741577148
15436: Sampled 120 with 149459 - sampling time: 0.23669862747192383
15432: Sampled 113 with 86165 - sampling time: 0.13680529594421387
15441: Sampled 114 with 209785 - sampling time: 0.2184295654296875
15430: Sampled 125 with 25396 - sampling time: 0.20304369926452637
15436: Sampled 121 with 149625 - sampling time: 0.17168378829956055
15438: Sampled 119 with 180923 - sampling time: 0.26311683654785156
15435: Sampled 117 with 119415 - sampling time: 0.3016829490661621
15431: Sampled 111 with 56067 - sampling time: 0.3648967742919922
15432: Sampled 114 with 86211 - sampling time: 0.20927858352661133
15436: Sampled 122 with 150042 - sampling time: 0.1298198699951172
15441: Sampled 115 with 209937 - sampling time: 0.2376110553741455
15430: Sampled 126 with 25596 - sampling time: 0.24565386772155762
15436: Sampled 123 with 150147 - sampling time: 0.15784382820129395
15432: Sampled 115 with 86222 - sampling time: 0.1891183853149414
15438: Sampled 120 with 181026 - sampling time: 0.30255937576293945
15435: Sampled 118 with 119508 - sampling time: 0.25081920623779297
15441: Sampled 116 with 210151 - sampling time: 0.16640567779541016
15431: Sampled 112 with 56147 - sampling time: 0.28467774391174316
15436: Sampled 124 with 150229 - sampling time: 0.18801116943359375
15435: Sampled 119 with 119621 - sampling time: 0.13843822479248047
15432: Sampled 116 with 86736 - sampling time: 0.16788482666015625
15430: Sampled 127 with 25813 - sampling time: 0.280224084854126
15441: Sampled 117 with 210429 - sampling time: 0.17632484436035156
15438: Sampled 121 with 181264 - sampling time: 0.23093199729919434
15436: Sampled 125 with 150274 - sampling time: 0.1987438201904297
15435: Sampled 120 with 119647 - sampling time: 0.19286799430847168
15431: Sampled 113 with 56187 - sampling time: 0.27771854400634766
15432: Sampled 117 with 87045 - sampling time: 0.2230219841003418
15430: Sampled 128 with 25855 - sampling time: 0.1956777572631836
15441: Sampled 118 with 210583 - sampling time: 0.22883319854736328
15438: Sampled 122 with 181267 - sampling time: 0.2313065528869629
15436: Sampled 126 with 150350 - sampling time: 0.16538357734680176
15435: Sampled 121 with 119696 - sampling time: 0.21665143966674805
15431: Sampled 114 with 56458 - sampling time: 0.20978116989135742
15430: Sampled 129 with 25883 - sampling time: 0.21097660064697266
15432: Sampled 118 with 87270 - sampling time: 0.2801971435546875
15441: Sampled 119 with 210607 - sampling time: 0.23708009719848633
15436: Sampled 127 with 150902 - sampling time: 0.20679616928100586
15438: Sampled 123 with 181454 - sampling time: 0.27098679542541504
15435: Sampled 122 with 119755 - sampling time: 0.23849034309387207
15431: Sampled 115 with 56666 - sampling time: 0.2580397129058838
15430: Sampled 130 with 25937 - sampling time: 0.23590683937072754
15441: Sampled 120 with 210985 - sampling time: 0.24779224395751953
15432: Sampled 119 with 87272 - sampling time: 0.2715933322906494
15430: Sampled 131 with 26023 - sampling time: 0.10943961143493652
15436: Sampled 128 with 151019 - sampling time: 0.2531700134277344
15438: Sampled 124 with 181639 - sampling time: 0.2461690902709961
15431: Sampled 116 with 56808 - sampling time: 0.22269272804260254
15435: Sampled 123 with 119871 - sampling time: 0.2865138053894043
15430: Sampled 132 with 27296 - sampling time: 0.1958005428314209
15441: Sampled 121 with 211308 - sampling time: 0.28235864639282227
15432: Sampled 120 with 87590 - sampling time: 0.32437825202941895
15438: Sampled 125 with 181758 - sampling time: 0.33878111839294434
15436: Sampled 129 with 151022 - sampling time: 0.36452507972717285
15431: Sampled 117 with 56830 - sampling time: 0.356886625289917
15432: Sampled 121 with 87614 - sampling time: 0.16193461418151855
15441: Sampled 122 with 212267 - sampling time: 0.2475900650024414
15430: Sampled 133 with 28158 - sampling time: 0.3131873607635498
15436: Sampled 130 with 151208 - sampling time: 0.20257902145385742
15435: Sampled 124 with 120228 - sampling time: 0.448500394821167
15432: Sampled 122 with 88105 - sampling time: 0.22833776473999023
15431: Sampled 118 with 57085 - sampling time: 0.3058302402496338
15441: Sampled 123 with 212559 - sampling time: 0.285020112991333
15438: Sampled 126 with 181987 - sampling time: 0.4032776355743408
15430: Sampled 134 with 28183 - sampling time: 0.3254976272583008
15436: Sampled 131 with 151367 - sampling time: 0.2707526683807373
15435: Sampled 125 with 120472 - sampling time: 0.32225990295410156
15432: Sampled 123 with 88421 - sampling time: 0.27843165397644043
15438: Sampled 127 with 182128 - sampling time: 0.20618581771850586
15441: Sampled 124 with 212607 - sampling time: 0.2622661590576172
15431: Sampled 119 with 57804 - sampling time: 0.3325941562652588
15430: Sampled 135 with 28226 - sampling time: 0.3420851230621338
15436: Sampled 132 with 151398 - sampling time: 0.342437744140625
15438: Sampled 128 with 182480 - sampling time: 0.2198631763458252
15432: Sampled 124 with 89724 - sampling time: 0.276383638381958
15435: Sampled 126 with 120797 - sampling time: 0.3690166473388672
15441: Sampled 125 with 212647 - sampling time: 0.3100895881652832
15431: Sampled 120 with 57848 - sampling time: 0.3636605739593506
15438: Sampled 129 with 183023 - sampling time: 0.2541670799255371
15430: Sampled 136 with 28283 - sampling time: 0.30858349800109863
15436: Sampled 133 with 151422 - sampling time: 0.3326723575592041
15432: Sampled 125 with 90383 - sampling time: 0.33621835708618164
15441: Sampled 126 with 212656 - sampling time: 0.2503058910369873
15435: Sampled 127 with 120916 - sampling time: 0.3324754238128662
15438: Sampled 130 with 183592 - sampling time: 0.2659773826599121
15431: Sampled 121 with 57932 - sampling time: 0.27874088287353516
15430: Sampled 137 with 28453 - sampling time: 0.2674109935760498
15432: Sampled 126 with 90605 - sampling time: 0.2342970371246338
15436: Sampled 134 with 151513 - sampling time: 0.30768346786499023
15441: Sampled 127 with 213337 - sampling time: 0.26483607292175293
15431: Sampled 122 with 58098 - sampling time: 0.15035128593444824
15435: Sampled 128 with 121125 - sampling time: 0.3008553981781006
15430: Sampled 138 with 28682 - sampling time: 0.23809003829956055
15438: Sampled 131 with 183891 - sampling time: 0.2678511142730713
15436: Sampled 135 with 151624 - sampling time: 0.17237210273742676
15431: Sampled 123 with 58240 - sampling time: 0.1873941421508789
15432: Sampled 127 with 91041 - sampling time: 0.25820350646972656
15441: Sampled 128 with 213469 - sampling time: 0.21940970420837402
15435: Sampled 129 with 121275 - sampling time: 0.24050021171569824
15436: Sampled 136 with 151923 - sampling time: 0.21653079986572266
15438: Sampled 132 with 184629 - sampling time: 0.24718618392944336
15430: Sampled 139 with 29143 - sampling time: 0.2829756736755371
15431: Sampled 124 with 58591 - sampling time: 0.2552909851074219
15441: Sampled 129 with 213585 - sampling time: 0.28989076614379883
15432: Sampled 128 with 91134 - sampling time: 0.3162415027618408
15435: Sampled 130 with 121343 - sampling time: 0.2749772071838379
15436: Sampled 137 with 151924 - sampling time: 0.19977474212646484
15438: Sampled 133 with 184672 - sampling time: 0.18601560592651367
15430: Sampled 140 with 29396 - sampling time: 0.23409199714660645
15441: Sampled 130 with 213677 - sampling time: 0.20863819122314453
15431: Sampled 125 with 58777 - sampling time: 0.25670504570007324
15436: Sampled 138 with 152462 - sampling time: 0.19966340065002441
15438: Sampled 134 with 185094 - sampling time: 0.26459836959838867
15432: Sampled 129 with 91181 - sampling time: 0.3160676956176758
15430: Sampled 141 with 29630 - sampling time: 0.24232196807861328
15435: Sampled 131 with 121760 - sampling time: 0.3261697292327881
15441: Sampled 131 with 213724 - sampling time: 0.24025440216064453
15431: Sampled 126 with 59066 - sampling time: 0.2738666534423828
15436: Sampled 139 with 152776 - sampling time: 0.2380657196044922
15432: Sampled 130 with 91207 - sampling time: 0.17217516899108887
15438: Sampled 135 with 185160 - sampling time: 0.23119664192199707
15435: Sampled 132 with 122258 - sampling time: 0.25832319259643555
15430: Sampled 142 with 29752 - sampling time: 0.26920604705810547
15441: Sampled 132 with 213772 - sampling time: 0.2142953872680664
15436: Sampled 140 with 153248 - sampling time: 0.22234058380126953
15432: Sampled 131 with 91304 - sampling time: 0.2454540729522705
15431: Sampled 127 with 59244 - sampling time: 0.2875638008117676
15438: Sampled 136 with 185367 - sampling time: 0.2664635181427002
15430: Sampled 143 with 29926 - sampling time: 0.25399351119995117
15436: Sampled 141 with 153264 - sampling time: 0.20726871490478516
15435: Sampled 133 with 122709 - sampling time: 0.28420114517211914
15441: Sampled 133 with 213905 - sampling time: 0.3063521385192871
15441: Sampled 134 with 214007 - sampling time: 0.041420936584472656
15432: Sampled 132 with 91665 - sampling time: 0.2755556106567383
15431: Sampled 128 with 59422 - sampling time: 0.2892940044403076
15438: Sampled 137 with 186205 - sampling time: 0.26813507080078125
15441: Sampled 135 with 214081 - sampling time: 0.08092188835144043
15435: Sampled 134 with 122899 - sampling time: 0.20180320739746094
15436: Sampled 142 with 153331 - sampling time: 0.24243521690368652
15432: Sampled 133 with 92421 - sampling time: 0.1453990936279297
15441: Sampled 136 with 214135 - sampling time: 0.13024067878723145
15431: Sampled 129 with 59642 - sampling time: 0.1808462142944336
15438: Sampled 138 with 186370 - sampling time: 0.25028276443481445
15432: Sampled 134 with 92471 - sampling time: 0.1648554801940918
15441: Sampled 137 with 214155 - sampling time: 0.1371140480041504
15435: Sampled 135 with 122940 - sampling time: 0.23195290565490723
15436: Sampled 143 with 153390 - sampling time: 0.22013330459594727
15431: Sampled 130 with 59949 - sampling time: 0.2191622257232666
15441: Sampled 138 with 214736 - sampling time: 0.11669135093688965
15438: Sampled 139 with 186409 - sampling time: 0.1411581039428711
15432: Sampled 135 with 92620 - sampling time: 0.20358920097351074
15435: Sampled 136 with 123033 - sampling time: 0.24424266815185547
15438: Sampled 140 with 186431 - sampling time: 0.12426185607910156
15441: Sampled 139 with 215179 - sampling time: 0.15652990341186523
15431: Sampled 131 with 60586 - sampling time: 0.1830298900604248
15432: Sampled 136 with 92701 - sampling time: 0.2185802459716797
15435: Sampled 137 with 123364 - sampling time: 0.1909623146057129
15438: Sampled 141 with 186519 - sampling time: 0.18953943252563477
15441: Sampled 140 with 215237 - sampling time: 0.17916440963745117
15431: Sampled 132 with 60668 - sampling time: 0.21048450469970703
15438: Sampled 142 with 186546 - sampling time: 0.18741703033447266
15432: Sampled 137 with 93346 - sampling time: 0.22673988342285156
15441: Sampled 141 with 215280 - sampling time: 0.18932461738586426
15435: Sampled 138 with 123462 - sampling time: 0.22287845611572266
15431: Sampled 133 with 60809 - sampling time: 0.23070335388183594
15432: Sampled 138 with 93629 - sampling time: 0.18327045440673828
15441: Sampled 142 with 215576 - sampling time: 0.1792910099029541
15438: Sampled 143 with 186640 - sampling time: 0.21860361099243164
15435: Sampled 139 with 123904 - sampling time: 0.24223852157592773
15431: Sampled 134 with 61136 - sampling time: 0.22118353843688965
15435: Sampled 140 with 124022 - sampling time: 0.0545656681060791
15432: Sampled 139 with 93652 - sampling time: 0.1699388027191162
15435: Sampled 141 with 124157 - sampling time: 0.09059405326843262
15435: Sampled 142 with 124165 - sampling time: 0.0721137523651123
15431: Sampled 135 with 61681 - sampling time: 0.18603110313415527
15432: Sampled 140 with 93669 - sampling time: 0.1736278533935547
15435: Sampled 143 with 124481 - sampling time: 0.08138298988342285
15431: Sampled 136 with 61881 - sampling time: 0.15259766578674316
15432: Sampled 141 with 93867 - sampling time: 0.17194080352783203
15431: Sampled 137 with 62123 - sampling time: 0.08791899681091309
15431: Sampled 138 with 62200 - sampling time: 0.09340262413024902
15432: Sampled 142 with 93944 - sampling time: 0.14509963989257812
15432: Sampled 143 with 94174 - sampling time: 0.0765845775604248
15431: Sampled 139 with 62535 - sampling time: 0.0999298095703125
15431: Sampled 140 with 62542 - sampling time: 0.09155416488647461
15431: Sampled 141 with 62596 - sampling time: 0.10231637954711914
15431: Sampled 142 with 62853 - sampling time: 0.08576393127441406
15431: Sampled 143 with 62953 - sampling time: 0.09517788887023926
--- total time: 34.0328848361969 seconds ---
Output samples created on:  ./Samples/smarch_opt/VP9_1000.samples
