Input file:  ./FeatureModel/VP9.dimacs
Number of samples:  500
Output directory: ./Samples/smarch_opt
Counting - Total configurations: 216000
Counting time: 0.1222078800201416
29297: Sampled 1 with 1627 - sampling time: 0.15761828422546387
29302: Sampled 1 with 124055 - sampling time: 0.15736865997314453
29298: Sampled 1 with 35470 - sampling time: 0.30597734451293945
29308: Sampled 1 with 183274 - sampling time: 0.3109149932861328
29299: Sampled 1 with 65050 - sampling time: 0.32579803466796875
29306: Sampled 1 with 155357 - sampling time: 0.32504963874816895
29302: Sampled 2 with 124663 - sampling time: 0.19344615936279297
29301: Sampled 1 with 95585 - sampling time: 0.37989139556884766
29297: Sampled 2 with 2885 - sampling time: 0.25886058807373047
29298: Sampled 2 with 35550 - sampling time: 0.24554944038391113
29299: Sampled 2 with 65182 - sampling time: 0.2750411033630371
29297: Sampled 3 with 3555 - sampling time: 0.20570683479309082
29308: Sampled 2 with 183858 - sampling time: 0.31095290184020996
29302: Sampled 3 with 124994 - sampling time: 0.27659177780151367
29301: Sampled 2 with 95719 - sampling time: 0.28482842445373535
29306: Sampled 2 with 155460 - sampling time: 0.3624701499938965
29297: Sampled 4 with 4443 - sampling time: 0.18790197372436523
29308: Sampled 3 with 184592 - sampling time: 0.18500089645385742
29298: Sampled 3 with 35671 - sampling time: 0.32889890670776367
29299: Sampled 3 with 65265 - sampling time: 0.3195209503173828
29302: Sampled 4 with 125513 - sampling time: 0.2980320453643799
29301: Sampled 3 with 95914 - sampling time: 0.38842034339904785
29308: Sampled 4 with 184871 - sampling time: 0.23417210578918457
29297: Sampled 5 with 5634 - sampling time: 0.2537875175476074
29306: Sampled 3 with 155625 - sampling time: 0.37452173233032227
29302: Sampled 5 with 125639 - sampling time: 0.15928387641906738
29301: Sampled 4 with 96043 - sampling time: 0.09566450119018555
29299: Sampled 4 with 65735 - sampling time: 0.2667360305786133
29298: Sampled 4 with 35749 - sampling time: 0.33005666732788086
29297: Sampled 6 with 5716 - sampling time: 0.2243940830230713
29301: Sampled 5 with 96117 - sampling time: 0.14593505859375
29308: Sampled 5 with 185338 - sampling time: 0.24602985382080078
29306: Sampled 4 with 156411 - sampling time: 0.2494058609008789
29302: Sampled 6 with 125822 - sampling time: 0.2186136245727539
29298: Sampled 5 with 36494 - sampling time: 0.1933276653289795
29301: Sampled 6 with 96343 - sampling time: 0.14370131492614746
29297: Sampled 7 with 6196 - sampling time: 0.17384648323059082
29308: Sampled 6 with 186094 - sampling time: 0.16183066368103027
29299: Sampled 5 with 65831 - sampling time: 0.2792532444000244
29302: Sampled 7 with 125836 - sampling time: 0.1954965591430664
29306: Sampled 5 with 156434 - sampling time: 0.19870591163635254
29298: Sampled 6 with 37023 - sampling time: 0.19568395614624023
29297: Sampled 8 with 6200 - sampling time: 0.1713545322418213
29301: Sampled 7 with 97198 - sampling time: 0.22426414489746094
29306: Sampled 6 with 156874 - sampling time: 0.17350101470947266
29302: Sampled 8 with 125903 - sampling time: 0.17766022682189941
29299: Sampled 6 with 67786 - sampling time: 0.2235550880432129
29308: Sampled 7 with 187217 - sampling time: 0.2682313919067383
29297: Sampled 9 with 6743 - sampling time: 0.178297758102417
29298: Sampled 7 with 37077 - sampling time: 0.2188093662261963
29301: Sampled 8 with 97405 - sampling time: 0.24346137046813965
29299: Sampled 7 with 67804 - sampling time: 0.23894357681274414
29308: Sampled 8 with 187281 - sampling time: 0.20596027374267578
29302: Sampled 9 with 126387 - sampling time: 0.2604410648345947
29306: Sampled 7 with 157492 - sampling time: 0.27223658561706543
29297: Sampled 10 with 7072 - sampling time: 0.24318981170654297
29298: Sampled 8 with 38383 - sampling time: 0.24967026710510254
29301: Sampled 9 with 97589 - sampling time: 0.2503383159637451
29306: Sampled 8 with 157665 - sampling time: 0.21859478950500488
29299: Sampled 8 with 68372 - sampling time: 0.26205873489379883
29308: Sampled 9 with 188817 - sampling time: 0.28463101387023926
29302: Sampled 10 with 126505 - sampling time: 0.271773099899292
29297: Sampled 11 with 7476 - sampling time: 0.1988222599029541
29301: Sampled 10 with 98163 - sampling time: 0.13738632202148438
29298: Sampled 9 with 38696 - sampling time: 0.26258134841918945
29306: Sampled 9 with 157744 - sampling time: 0.19905734062194824
29297: Sampled 12 with 7649 - sampling time: 0.1847977638244629
29302: Sampled 11 with 126684 - sampling time: 0.24544239044189453
29301: Sampled 11 with 98568 - sampling time: 0.18074512481689453
29299: Sampled 9 with 68798 - sampling time: 0.29399538040161133
29308: Sampled 10 with 189016 - sampling time: 0.3327207565307617
29298: Sampled 10 with 39773 - sampling time: 0.2745091915130615
29306: Sampled 10 with 158930 - sampling time: 0.24483132362365723
29297: Sampled 13 with 7758 - sampling time: 0.23346304893493652
29301: Sampled 12 with 98681 - sampling time: 0.2098705768585205
29302: Sampled 12 with 126824 - sampling time: 0.27059125900268555
29299: Sampled 10 with 69185 - sampling time: 0.2686772346496582
29306: Sampled 11 with 159234 - sampling time: 0.1981821060180664
29308: Sampled 11 with 189700 - sampling time: 0.279738187789917
29298: Sampled 11 with 39939 - sampling time: 0.278336763381958
29301: Sampled 13 with 98789 - sampling time: 0.21531105041503906
29297: Sampled 14 with 7998 - sampling time: 0.23462891578674316
29299: Sampled 11 with 69862 - sampling time: 0.2436971664428711
29302: Sampled 13 with 126860 - sampling time: 0.295727014541626
29308: Sampled 12 with 189848 - sampling time: 0.21877551078796387
29297: Sampled 15 with 8446 - sampling time: 0.18763470649719238
29306: Sampled 12 with 159621 - sampling time: 0.27341675758361816
29299: Sampled 12 with 70093 - sampling time: 0.1339583396911621
29298: Sampled 12 with 39946 - sampling time: 0.25725793838500977
29301: Sampled 14 with 99037 - sampling time: 0.2744107246398926
29302: Sampled 14 with 127286 - sampling time: 0.18912386894226074
29297: Sampled 16 with 8635 - sampling time: 0.22815632820129395
29308: Sampled 13 with 189921 - sampling time: 0.268932580947876
29306: Sampled 13 with 159862 - sampling time: 0.22992277145385742
29301: Sampled 15 with 100187 - sampling time: 0.16355562210083008
29299: Sampled 13 with 70775 - sampling time: 0.2558865547180176
29298: Sampled 13 with 40609 - sampling time: 0.27747559547424316
29302: Sampled 15 with 127359 - sampling time: 0.20942234992980957
29306: Sampled 14 with 160345 - sampling time: 0.1634078025817871
29301: Sampled 16 with 100216 - sampling time: 0.16617298126220703
29297: Sampled 17 with 9960 - sampling time: 0.26273012161254883
29308: Sampled 14 with 189947 - sampling time: 0.26447415351867676
29298: Sampled 14 with 40824 - sampling time: 0.18048906326293945
29299: Sampled 14 with 71471 - sampling time: 0.26831912994384766
29306: Sampled 15 with 160750 - sampling time: 0.186614990234375
29302: Sampled 16 with 127806 - sampling time: 0.2830934524536133
29301: Sampled 17 with 100271 - sampling time: 0.21305203437805176
29297: Sampled 18 with 10573 - sampling time: 0.19909024238586426
29298: Sampled 15 with 40833 - sampling time: 0.18341469764709473
29301: Sampled 18 with 100346 - sampling time: 0.16474103927612305
29299: Sampled 15 with 72635 - sampling time: 0.22795557975769043
29308: Sampled 15 with 189991 - sampling time: 0.300731897354126
29306: Sampled 16 with 161236 - sampling time: 0.23250293731689453
29302: Sampled 17 with 127986 - sampling time: 0.26290416717529297
29298: Sampled 16 with 41447 - sampling time: 0.2405376434326172
29299: Sampled 16 with 72730 - sampling time: 0.14634442329406738
29297: Sampled 19 with 11142 - sampling time: 0.2748072147369385
29308: Sampled 16 with 190205 - sampling time: 0.1856398582458496
29301: Sampled 19 with 100388 - sampling time: 0.22735118865966797
29306: Sampled 17 with 161327 - sampling time: 0.21425414085388184
29299: Sampled 17 with 73424 - sampling time: 0.22749733924865723
29302: Sampled 18 with 128310 - sampling time: 0.29084062576293945
29298: Sampled 17 with 41519 - sampling time: 0.2628169059753418
29301: Sampled 20 with 100597 - sampling time: 0.20706725120544434
29306: Sampled 18 with 161717 - sampling time: 0.20526671409606934
29308: Sampled 17 with 190753 - sampling time: 0.2551436424255371
29297: Sampled 20 with 11982 - sampling time: 0.31586146354675293
29299: Sampled 18 with 73552 - sampling time: 0.24039530754089355
29306: Sampled 19 with 162154 - sampling time: 0.17730021476745605
29298: Sampled 18 with 42819 - sampling time: 0.24598097801208496
29302: Sampled 19 with 128642 - sampling time: 0.29143357276916504
29301: Sampled 21 with 100627 - sampling time: 0.2707252502441406
29308: Sampled 18 with 191413 - sampling time: 0.2916417121887207
29306: Sampled 20 with 162206 - sampling time: 0.15009117126464844
29297: Sampled 21 with 13074 - sampling time: 0.28080153465270996
29299: Sampled 19 with 74353 - sampling time: 0.1915912628173828
29298: Sampled 19 with 42944 - sampling time: 0.225799560546875
29306: Sampled 21 with 162340 - sampling time: 0.15619945526123047
29308: Sampled 19 with 192317 - sampling time: 0.20419979095458984
29302: Sampled 20 with 129405 - sampling time: 0.28986048698425293
29301: Sampled 22 with 100945 - sampling time: 0.2735888957977295
29299: Sampled 20 with 74537 - sampling time: 0.20438528060913086
29297: Sampled 22 with 13112 - sampling time: 0.29651880264282227
29308: Sampled 20 with 192840 - sampling time: 0.15285420417785645
29298: Sampled 20 with 43224 - sampling time: 0.26778507232666016
29306: Sampled 22 with 162586 - sampling time: 0.252152681350708
29299: Sampled 21 with 74742 - sampling time: 0.2216963768005371
29302: Sampled 21 with 129424 - sampling time: 0.2769911289215088
29301: Sampled 23 with 101435 - sampling time: 0.2966158390045166
29308: Sampled 21 with 193364 - sampling time: 0.23453783988952637
29297: Sampled 23 with 13436 - sampling time: 0.2906343936920166
29298: Sampled 21 with 44542 - sampling time: 0.21963787078857422
29299: Sampled 22 with 75076 - sampling time: 0.23680615425109863
29306: Sampled 23 with 163420 - sampling time: 0.2952430248260498
29302: Sampled 22 with 130713 - sampling time: 0.23794269561767578
29308: Sampled 22 with 193472 - sampling time: 0.1975412368774414
29301: Sampled 24 with 101864 - sampling time: 0.2531731128692627
29298: Sampled 22 with 44593 - sampling time: 0.22211813926696777
29297: Sampled 24 with 13670 - sampling time: 0.25848817825317383
29306: Sampled 24 with 163653 - sampling time: 0.19387412071228027
29299: Sampled 23 with 75864 - sampling time: 0.2526512145996094
29302: Sampled 23 with 130884 - sampling time: 0.26157498359680176
29297: Sampled 25 with 14123 - sampling time: 0.14541149139404297
29301: Sampled 25 with 101950 - sampling time: 0.24302983283996582
29308: Sampled 23 with 193491 - sampling time: 0.2492814064025879
29298: Sampled 23 with 44866 - sampling time: 0.21245813369750977
29299: Sampled 24 with 76036 - sampling time: 0.1377880573272705
29306: Sampled 25 with 164002 - sampling time: 0.25984930992126465
29297: Sampled 26 with 14267 - sampling time: 0.17635107040405273
29301: Sampled 26 with 102529 - sampling time: 0.1792604923248291
29308: Sampled 24 with 194281 - sampling time: 0.18245887756347656
29302: Sampled 24 with 131140 - sampling time: 0.23282313346862793
29298: Sampled 24 with 45014 - sampling time: 0.20921039581298828
29297: Sampled 27 with 14328 - sampling time: 0.1270303726196289
29299: Sampled 25 with 76652 - sampling time: 0.21389007568359375
29308: Sampled 25 with 195705 - sampling time: 0.1877272129058838
29297: Sampled 28 with 14416 - sampling time: 0.09921407699584961
29301: Sampled 27 with 102797 - sampling time: 0.24172306060791016
29306: Sampled 26 with 164012 - sampling time: 0.27028369903564453
29299: Sampled 26 with 77711 - sampling time: 0.19065523147583008
29302: Sampled 25 with 131374 - sampling time: 0.2931711673736572
29298: Sampled 25 with 46118 - sampling time: 0.2599785327911377
29297: Sampled 29 with 15164 - sampling time: 0.2017803192138672
29308: Sampled 26 with 196077 - sampling time: 0.2769927978515625
29301: Sampled 28 with 103371 - sampling time: 0.24766325950622559
29299: Sampled 27 with 77724 - sampling time: 0.21841812133789062
29302: Sampled 26 with 132552 - sampling time: 0.21764230728149414
29306: Sampled 27 with 165122 - sampling time: 0.2999567985534668
29298: Sampled 26 with 46761 - sampling time: 0.24124908447265625
29297: Sampled 30 with 16396 - sampling time: 0.1994493007659912
29301: Sampled 29 with 103686 - sampling time: 0.17656970024108887
29302: Sampled 27 with 132695 - sampling time: 0.19868111610412598
29299: Sampled 28 with 77752 - sampling time: 0.23027348518371582
29308: Sampled 27 with 196228 - sampling time: 0.30364441871643066
29306: Sampled 28 with 165140 - sampling time: 0.2591085433959961
29297: Sampled 31 with 16716 - sampling time: 0.2077653408050537
29298: Sampled 27 with 46979 - sampling time: 0.30733609199523926
29301: Sampled 30 with 103715 - sampling time: 0.22573351860046387
29302: Sampled 28 with 132770 - sampling time: 0.24767732620239258
29306: Sampled 29 with 165204 - sampling time: 0.1845078468322754
29299: Sampled 29 with 77826 - sampling time: 0.32358765602111816
29308: Sampled 28 with 196970 - sampling time: 0.33153486251831055
29297: Sampled 32 with 17427 - sampling time: 0.32462644577026367
29298: Sampled 28 with 47781 - sampling time: 0.33573293685913086
29301: Sampled 31 with 103916 - sampling time: 0.3420844078063965
29302: Sampled 29 with 133167 - sampling time: 0.26096034049987793
29306: Sampled 30 with 166302 - sampling time: 0.2795846462249756
29299: Sampled 30 with 78145 - sampling time: 0.2095017433166504
29308: Sampled 29 with 197613 - sampling time: 0.2521858215332031
29301: Sampled 32 with 104288 - sampling time: 0.17491865158081055
29299: Sampled 31 with 78551 - sampling time: 0.17223501205444336
29297: Sampled 33 with 18054 - sampling time: 0.3314688205718994
29298: Sampled 29 with 47913 - sampling time: 0.29171323776245117
29306: Sampled 31 with 166371 - sampling time: 0.22893452644348145
29302: Sampled 30 with 133545 - sampling time: 0.2681410312652588
29308: Sampled 30 with 198350 - sampling time: 0.20005083084106445
29298: Sampled 30 with 48076 - sampling time: 0.13151192665100098
29301: Sampled 33 with 105095 - sampling time: 0.23940801620483398
29299: Sampled 32 with 79006 - sampling time: 0.23952150344848633
29302: Sampled 31 with 133666 - sampling time: 0.20789742469787598
29306: Sampled 32 with 166399 - sampling time: 0.24112606048583984
29297: Sampled 34 with 18875 - sampling time: 0.3076202869415283
29298: Sampled 31 with 48259 - sampling time: 0.1766650676727295
29308: Sampled 31 with 198977 - sampling time: 0.26379942893981934
29301: Sampled 34 with 106458 - sampling time: 0.2369840145111084
29299: Sampled 33 with 79253 - sampling time: 0.26446008682250977
29306: Sampled 33 with 166591 - sampling time: 0.23160600662231445
29298: Sampled 32 with 48375 - sampling time: 0.17330455780029297
29297: Sampled 35 with 19066 - sampling time: 0.2474508285522461
29302: Sampled 32 with 134218 - sampling time: 0.32473111152648926
29301: Sampled 35 with 106747 - sampling time: 0.2301628589630127
29308: Sampled 32 with 199483 - sampling time: 0.2924766540527344
29298: Sampled 33 with 49460 - sampling time: 0.20061731338500977
29299: Sampled 34 with 79490 - sampling time: 0.2350482940673828
29306: Sampled 34 with 167963 - sampling time: 0.270465612411499
29302: Sampled 33 with 135073 - sampling time: 0.27297091484069824
29297: Sampled 36 with 19084 - sampling time: 0.2851736545562744
29308: Sampled 33 with 199660 - sampling time: 0.24733567237854004
29301: Sampled 36 with 107109 - sampling time: 0.2587873935699463
29298: Sampled 34 with 49496 - sampling time: 0.23903107643127441
29308: Sampled 34 with 200100 - sampling time: 0.11333680152893066
29299: Sampled 35 with 79541 - sampling time: 0.27925586700439453
29302: Sampled 34 with 135223 - sampling time: 0.17728376388549805
29306: Sampled 35 with 167994 - sampling time: 0.3086814880371094
29297: Sampled 37 with 19297 - sampling time: 0.2548191547393799
29302: Sampled 35 with 136499 - sampling time: 0.1432507038116455
29301: Sampled 37 with 107245 - sampling time: 0.2927103042602539
29306: Sampled 36 with 168182 - sampling time: 0.1149907112121582
29298: Sampled 35 with 49883 - sampling time: 0.2587769031524658
29297: Sampled 38 with 20010 - sampling time: 0.12141633033752441
29308: Sampled 35 with 201383 - sampling time: 0.27475786209106445
29299: Sampled 36 with 79960 - sampling time: 0.2787032127380371
29306: Sampled 37 with 168305 - sampling time: 0.18482518196105957
29302: Sampled 36 with 137853 - sampling time: 0.2332167625427246
29298: Sampled 36 with 50258 - sampling time: 0.19874858856201172
29301: Sampled 38 with 107662 - sampling time: 0.2564733028411865
29297: Sampled 39 with 20218 - sampling time: 0.2288525104522705
29299: Sampled 37 with 80509 - sampling time: 0.17359137535095215
29308: Sampled 36 with 201482 - sampling time: 0.26924777030944824
29306: Sampled 38 with 168611 - sampling time: 0.21427178382873535
29298: Sampled 37 with 50686 - sampling time: 0.2221841812133789
29299: Sampled 38 with 80836 - sampling time: 0.16829323768615723
29302: Sampled 37 with 139115 - sampling time: 0.2573692798614502
29297: Sampled 40 with 20942 - sampling time: 0.2695317268371582
29301: Sampled 39 with 107853 - sampling time: 0.276749849319458
29306: Sampled 39 with 169207 - sampling time: 0.1913144588470459
29308: Sampled 37 with 201870 - sampling time: 0.2654871940612793
29299: Sampled 39 with 81481 - sampling time: 0.21698474884033203
29298: Sampled 38 with 51561 - sampling time: 0.2673072814941406
29302: Sampled 38 with 139597 - sampling time: 0.2601814270019531
29297: Sampled 41 with 21807 - sampling time: 0.25177836418151855
29301: Sampled 40 with 107976 - sampling time: 0.2483198642730713
29306: Sampled 40 with 170612 - sampling time: 0.23346161842346191
29308: Sampled 38 with 201993 - sampling time: 0.28313612937927246
29299: Sampled 40 with 81522 - sampling time: 0.2615954875946045
29297: Sampled 42 with 22247 - sampling time: 0.17096161842346191
29298: Sampled 39 with 51859 - sampling time: 0.2657597064971924
29302: Sampled 39 with 140071 - sampling time: 0.2919740676879883
29299: Sampled 41 with 82044 - sampling time: 0.12043142318725586
29306: Sampled 41 with 170667 - sampling time: 0.22895336151123047
29301: Sampled 41 with 108183 - sampling time: 0.27692174911499023
29297: Sampled 43 with 22262 - sampling time: 0.19130396842956543
29308: Sampled 39 with 203498 - sampling time: 0.3090040683746338
29297: Sampled 44 with 22333 - sampling time: 0.11071944236755371
29298: Sampled 40 with 51916 - sampling time: 0.2911674976348877
29299: Sampled 42 with 83336 - sampling time: 0.22152447700500488
29302: Sampled 40 with 140146 - sampling time: 0.29882359504699707
29301: Sampled 42 with 108318 - sampling time: 0.27298974990844727
29306: Sampled 42 with 170850 - sampling time: 0.28070807456970215
29299: Sampled 43 with 83684 - sampling time: 0.21089720726013184
29297: Sampled 45 with 23350 - sampling time: 0.22586441040039062
29308: Sampled 40 with 203969 - sampling time: 0.2827310562133789
29298: Sampled 41 with 52123 - sampling time: 0.2641735076904297
29306: Sampled 43 with 171638 - sampling time: 0.241560697555542
29301: Sampled 43 with 108915 - sampling time: 0.2855093479156494
29302: Sampled 41 with 140220 - sampling time: 0.30664491653442383
29297: Sampled 46 with 23430 - sampling time: 0.24828696250915527
29308: Sampled 41 with 204698 - sampling time: 0.23987126350402832
29299: Sampled 44 with 84322 - sampling time: 0.2708761692047119
29306: Sampled 44 with 171997 - sampling time: 0.24007916450500488
29298: Sampled 42 with 52209 - sampling time: 0.30223894119262695
29301: Sampled 44 with 109409 - sampling time: 0.20829153060913086
29302: Sampled 42 with 140731 - sampling time: 0.21602773666381836
29297: Sampled 47 with 24578 - sampling time: 0.20212912559509277
29306: Sampled 45 with 172120 - sampling time: 0.13929247856140137
29308: Sampled 42 with 205059 - sampling time: 0.238450288772583
29299: Sampled 45 with 84593 - sampling time: 0.2429368495941162
29301: Sampled 45 with 112357 - sampling time: 0.1635732650756836
29302: Sampled 43 with 141250 - sampling time: 0.20628643035888672
29298: Sampled 43 with 52260 - sampling time: 0.2246391773223877
29308: Sampled 43 with 205458 - sampling time: 0.21043181419372559
29297: Sampled 48 with 24947 - sampling time: 0.2588841915130615
29306: Sampled 46 with 173127 - sampling time: 0.23403620719909668
29301: Sampled 46 with 112620 - sampling time: 0.2020277976989746
29299: Sampled 46 with 84608 - sampling time: 0.2420194149017334
29298: Sampled 44 with 52569 - sampling time: 0.1995394229888916
29302: Sampled 44 with 141316 - sampling time: 0.2411792278289795
29302: Sampled 45 with 142002 - sampling time: 0.0978860855102539
29306: Sampled 47 with 173130 - sampling time: 0.22730326652526855
29308: Sampled 44 with 205533 - sampling time: 0.2380213737487793
29297: Sampled 49 with 25782 - sampling time: 0.2337963581085205
29301: Sampled 47 with 113509 - sampling time: 0.27480506896972656
29298: Sampled 45 with 52775 - sampling time: 0.2652580738067627
29299: Sampled 47 with 85030 - sampling time: 0.310286283493042
29308: Sampled 45 with 206062 - sampling time: 0.12392735481262207
29306: Sampled 48 with 173293 - sampling time: 0.1511542797088623
29302: Sampled 46 with 142209 - sampling time: 0.20271086692810059
29301: Sampled 48 with 114170 - sampling time: 0.1500077247619629
29308: Sampled 46 with 206415 - sampling time: 0.0842437744140625
29297: Sampled 50 with 26620 - sampling time: 0.247938871383667
29306: Sampled 49 with 173605 - sampling time: 0.13165688514709473
29299: Sampled 48 with 85087 - sampling time: 0.24121427536010742
29298: Sampled 46 with 53173 - sampling time: 0.2799971103668213
29302: Sampled 47 with 142369 - sampling time: 0.2268519401550293
29301: Sampled 49 with 114392 - sampling time: 0.224837064743042
29308: Sampled 47 with 206708 - sampling time: 0.24390792846679688
29297: Sampled 51 with 27136 - sampling time: 0.2290959358215332
29306: Sampled 50 with 174382 - sampling time: 0.24046754837036133
29299: Sampled 49 with 85366 - sampling time: 0.16779303550720215
29301: Sampled 50 with 114473 - sampling time: 0.15511298179626465
29302: Sampled 48 with 142498 - sampling time: 0.20871496200561523
29298: Sampled 47 with 53499 - sampling time: 0.24353337287902832
29308: Sampled 48 with 207139 - sampling time: 0.18271708488464355
29301: Sampled 51 with 115607 - sampling time: 0.15705561637878418
29299: Sampled 50 with 85526 - sampling time: 0.2170393466949463
29302: Sampled 49 with 144372 - sampling time: 0.14992380142211914
29297: Sampled 52 with 27352 - sampling time: 0.2808356285095215
29308: Sampled 49 with 207214 - sampling time: 0.12450575828552246
29306: Sampled 51 with 174464 - sampling time: 0.25269556045532227
29298: Sampled 48 with 53543 - sampling time: 0.20466017723083496
29308: Sampled 50 with 208025 - sampling time: 0.09958219528198242
29302: Sampled 50 with 144840 - sampling time: 0.11945915222167969
29299: Sampled 51 with 86065 - sampling time: 0.17594289779663086
29301: Sampled 52 with 115764 - sampling time: 0.22561168670654297
29308: Sampled 51 with 208170 - sampling time: 0.1475837230682373
29306: Sampled 52 with 175965 - sampling time: 0.25650715827941895
29302: Sampled 51 with 145222 - sampling time: 0.17270684242248535
29297: Sampled 53 with 27504 - sampling time: 0.2831273078918457
29298: Sampled 49 with 53684 - sampling time: 0.2715311050415039
29299: Sampled 52 with 86134 - sampling time: 0.18740391731262207
29308: Sampled 52 with 208205 - sampling time: 0.16869425773620605
29298: Sampled 50 with 54027 - sampling time: 0.13467931747436523
29301: Sampled 53 with 117116 - sampling time: 0.29415178298950195
29302: Sampled 52 with 145373 - sampling time: 0.24871563911437988
29308: Sampled 53 with 208328 - sampling time: 0.1341707706451416
29306: Sampled 53 with 176437 - sampling time: 0.2945060729980469
29299: Sampled 53 with 86292 - sampling time: 0.22862601280212402
29297: Sampled 54 with 27506 - sampling time: 0.32559871673583984
29298: Sampled 51 with 55253 - sampling time: 0.20218753814697266
29308: Sampled 54 with 208348 - sampling time: 0.168914794921875
29302: Sampled 53 with 145490 - sampling time: 0.19756054878234863
29301: Sampled 54 with 117655 - sampling time: 0.23719000816345215
29306: Sampled 54 with 177038 - sampling time: 0.22759413719177246
29297: Sampled 55 with 28122 - sampling time: 0.18214011192321777
29299: Sampled 54 with 86936 - sampling time: 0.2717881202697754
29302: Sampled 54 with 145751 - sampling time: 0.18233680725097656
29301: Sampled 55 with 118467 - sampling time: 0.19478726387023926
29298: Sampled 52 with 55791 - sampling time: 0.26808643341064453
29308: Sampled 55 with 208776 - sampling time: 0.24893784523010254
29297: Sampled 56 with 28556 - sampling time: 0.18425345420837402
29298: Sampled 53 with 56013 - sampling time: 0.05652046203613281
29306: Sampled 55 with 177065 - sampling time: 0.2068314552307129
29302: Sampled 55 with 145941 - sampling time: 0.1715855598449707
29299: Sampled 55 with 87322 - sampling time: 0.24426507949829102
29298: Sampled 54 with 56409 - sampling time: 0.11104965209960938
29301: Sampled 56 with 118888 - sampling time: 0.1924736499786377
29297: Sampled 57 with 29068 - sampling time: 0.23947834968566895
29308: Sampled 56 with 209355 - sampling time: 0.25099897384643555
29306: Sampled 56 with 177233 - sampling time: 0.24570965766906738
29302: Sampled 56 with 146030 - sampling time: 0.19769740104675293
29301: Sampled 57 with 119642 - sampling time: 0.20364689826965332
29308: Sampled 57 with 210416 - sampling time: 0.1205437183380127
29299: Sampled 56 with 87666 - sampling time: 0.24884510040283203
29298: Sampled 55 with 57196 - sampling time: 0.2482304573059082
29297: Sampled 58 with 29132 - sampling time: 0.21083712577819824
29308: Sampled 58 with 210811 - sampling time: 0.13475942611694336
29306: Sampled 57 with 177524 - sampling time: 0.25376200675964355
29302: Sampled 57 with 146433 - sampling time: 0.2549130916595459
29297: Sampled 59 with 30564 - sampling time: 0.1356520652770996
29301: Sampled 58 with 119731 - sampling time: 0.25944995880126953
29299: Sampled 57 with 87782 - sampling time: 0.24215102195739746
29298: Sampled 56 with 57236 - sampling time: 0.23940467834472656
29308: Sampled 59 with 211462 - sampling time: 0.25836801528930664
29299: Sampled 58 with 88741 - sampling time: 0.17926979064941406
29302: Sampled 58 with 146986 - sampling time: 0.2370462417602539
29306: Sampled 58 with 177590 - sampling time: 0.29346680641174316
29297: Sampled 60 with 30719 - sampling time: 0.24787592887878418
29298: Sampled 57 with 57363 - sampling time: 0.25440311431884766
29301: Sampled 59 with 119897 - sampling time: 0.2771914005279541
29299: Sampled 59 with 90851 - sampling time: 0.1881558895111084
29308: Sampled 60 with 211532 - sampling time: 0.22770190238952637
29302: Sampled 59 with 147629 - sampling time: 0.26712942123413086
29298: Sampled 58 with 57664 - sampling time: 0.2033376693725586
29297: Sampled 61 with 31332 - sampling time: 0.24098920822143555
29306: Sampled 59 with 177831 - sampling time: 0.2758066654205322
29308: Sampled 61 with 212056 - sampling time: 0.14864325523376465
29301: Sampled 60 with 119955 - sampling time: 0.2757706642150879
29302: Sampled 60 with 148347 - sampling time: 0.11000990867614746
29299: Sampled 60 with 91139 - sampling time: 0.2210855484008789
29297: Sampled 62 with 32274 - sampling time: 0.17043733596801758
29298: Sampled 59 with 58595 - sampling time: 0.2556729316711426
29301: Sampled 61 with 120281 - sampling time: 0.17643237113952637
29306: Sampled 60 with 178717 - sampling time: 0.2533879280090332
29302: Sampled 61 with 148535 - sampling time: 0.18730568885803223
29297: Sampled 63 with 32678 - sampling time: 0.15227174758911133
29308: Sampled 62 with 213559 - sampling time: 0.2772979736328125
29299: Sampled 61 with 91845 - sampling time: 0.25914812088012695
29301: Sampled 62 with 120381 - sampling time: 0.14980721473693848
29302: Sampled 62 with 148650 - sampling time: 0.14388632774353027
29298: Sampled 60 with 58942 - sampling time: 0.18766117095947266
29297: Sampled 64 with 33270 - sampling time: 0.20416808128356934
29306: Sampled 61 with 179419 - sampling time: 0.2721867561340332
29301: Sampled 63 with 120512 - sampling time: 0.1509544849395752
29308: Sampled 63 with 213833 - sampling time: 0.3119070529937744
29302: Sampled 63 with 148998 - sampling time: 0.2429046630859375
29299: Sampled 62 with 93001 - sampling time: 0.30289173126220703
29301: Sampled 64 with 120880 - sampling time: 0.126251220703125
29298: Sampled 61 with 59510 - sampling time: 0.2520267963409424
29297: Sampled 65 with 33898 - sampling time: 0.18080854415893555
29308: Sampled 64 with 214356 - sampling time: 0.16092371940612793
29302: Sampled 64 with 149316 - sampling time: 0.1759023666381836
29301: Sampled 65 with 121050 - sampling time: 0.18496942520141602
29306: Sampled 62 with 179569 - sampling time: 0.3350045680999756
29297: Sampled 66 with 34012 - sampling time: 0.1983346939086914
29298: Sampled 62 with 59671 - sampling time: 0.21762514114379883
29299: Sampled 63 with 93521 - sampling time: 0.23645567893981934
29308: Sampled 65 with 215002 - sampling time: 0.17409110069274902
29301: Sampled 66 with 121164 - sampling time: 0.15607261657714844
29302: Sampled 65 with 150190 - sampling time: 0.24899864196777344
29308: Sampled 66 with 215637 - sampling time: 0.1392364501953125
29298: Sampled 63 with 59674 - sampling time: 0.2212672233581543
29297: Sampled 67 with 34125 - sampling time: 0.22708821296691895
29306: Sampled 63 with 179761 - sampling time: 0.27965497970581055
29299: Sampled 64 with 93688 - sampling time: 0.2900080680847168
29301: Sampled 67 with 121420 - sampling time: 0.24363923072814941
29308: Sampled 67 with 215741 - sampling time: 0.19242358207702637
29302: Sampled 66 with 150311 - sampling time: 0.22754812240600586
29299: Sampled 65 with 94034 - sampling time: 0.14037656784057617
29306: Sampled 64 with 180400 - sampling time: 0.19440793991088867
29297: Sampled 68 with 34405 - sampling time: 0.22432732582092285
29301: Sampled 68 with 121613 - sampling time: 0.11578702926635742
29298: Sampled 64 with 60540 - sampling time: 0.26091647148132324
29299: Sampled 66 with 94036 - sampling time: 0.1522231101989746
29308: Sampled 68 with 215896 - sampling time: 0.2272193431854248
29306: Sampled 65 with 180689 - sampling time: 0.20578551292419434
29301: Sampled 69 with 121955 - sampling time: 0.1840803623199463
29302: Sampled 67 with 150383 - sampling time: 0.24738740921020508
29297: Sampled 69 with 34418 - sampling time: 0.23252320289611816
29299: Sampled 67 with 94124 - sampling time: 0.16160321235656738
29298: Sampled 65 with 60809 - sampling time: 0.27312493324279785
29301: Sampled 70 with 123521 - sampling time: 0.17156195640563965
29306: Sampled 66 with 181141 - sampling time: 0.22364234924316406
29302: Sampled 68 with 152193 - sampling time: 0.22773480415344238
29297: Sampled 70 with 34779 - sampling time: 0.23621630668640137
29299: Sampled 68 with 94145 - sampling time: 0.16435861587524414
29298: Sampled 66 with 61970 - sampling time: 0.27716827392578125
29301: Sampled 71 with 123771 - sampling time: 0.21442079544067383
29306: Sampled 67 with 181246 - sampling time: 0.23881840705871582
29301: Sampled 72 with 124012 - sampling time: 0.09317755699157715
29302: Sampled 69 with 153335 - sampling time: 0.2534513473510742
29297: Sampled 71 with 34826 - sampling time: 0.2387833595275879
29298: Sampled 67 with 62025 - sampling time: 0.12130260467529297
29299: Sampled 69 with 94935 - sampling time: 0.24188923835754395
29306: Sampled 68 with 181616 - sampling time: 0.12641119956970215
29298: Sampled 68 with 62416 - sampling time: 0.10074043273925781
29297: Sampled 72 with 34963 - sampling time: 0.16905570030212402
29302: Sampled 70 with 154908 - sampling time: 0.20198512077331543
29299: Sampled 70 with 95012 - sampling time: 0.2112274169921875
29306: Sampled 69 with 181635 - sampling time: 0.15333223342895508
29298: Sampled 69 with 62511 - sampling time: 0.14797472953796387
29299: Sampled 71 with 95222 - sampling time: 0.14296579360961914
29302: Sampled 71 with 155191 - sampling time: 0.1760849952697754
29306: Sampled 70 with 181718 - sampling time: 0.14714765548706055
29298: Sampled 70 with 62668 - sampling time: 0.18068194389343262
29299: Sampled 72 with 95253 - sampling time: 0.16835308074951172
29306: Sampled 71 with 182603 - sampling time: 0.17168259620666504
29302: Sampled 72 with 155340 - sampling time: 0.1865072250366211
29298: Sampled 71 with 63263 - sampling time: 0.15415644645690918
29298: Sampled 72 with 64437 - sampling time: 0.07461857795715332
29306: Sampled 72 with 183037 - sampling time: 0.188460111618042
--- total time: 16.713362216949463 seconds ---
Output samples created on:  ./Samples/smarch_opt/VP9_500.samples

real	0m16.763s
user	0m57.358s
sys	0m30.283s
