Input file:  ./FeatureModel/VP9.dimacs
Number of samples:  100
Output directory: ./Samples/smarch_opt
Counting - Total configurations: 216000
Counting time: 0.08037376403808594
8766: Sampled 1 with 80163 - sampling time: 0.10854363441467285
8764: Sampled 1 with 26381 - sampling time: 0.11962771415710449
8767: Sampled 1 with 106848 - sampling time: 0.14734625816345215
8770: Sampled 1 with 136603 - sampling time: 0.15978622436523438
8763: Sampled 1 with 1258 - sampling time: 0.2113795280456543
8772: Sampled 1 with 165449 - sampling time: 0.22431612014770508
8775: Sampled 1 with 198529 - sampling time: 0.22746706008911133
8766: Sampled 2 with 82611 - sampling time: 0.21676993370056152
8764: Sampled 2 with 29120 - sampling time: 0.22931218147277832
8770: Sampled 2 with 137829 - sampling time: 0.25255608558654785
8767: Sampled 2 with 109964 - sampling time: 0.2653615474700928
8772: Sampled 2 with 165569 - sampling time: 0.223402738571167
8763: Sampled 2 with 2064 - sampling time: 0.26093530654907227
8775: Sampled 2 with 199858 - sampling time: 0.2896280288696289
8764: Sampled 3 with 34102 - sampling time: 0.17405939102172852
8767: Sampled 3 with 110089 - sampling time: 0.11930298805236816
8766: Sampled 3 with 85066 - sampling time: 0.2562718391418457
8763: Sampled 3 with 2271 - sampling time: 0.19228887557983398
8767: Sampled 4 with 112684 - sampling time: 0.1317288875579834
8770: Sampled 3 with 139348 - sampling time: 0.2571532726287842
8772: Sampled 3 with 166765 - sampling time: 0.2505626678466797
8775: Sampled 3 with 200307 - sampling time: 0.20670413970947266
8764: Sampled 4 with 37988 - sampling time: 0.2708723545074463
8763: Sampled 4 with 3515 - sampling time: 0.18306732177734375
8766: Sampled 4 with 85511 - sampling time: 0.3092532157897949
8767: Sampled 5 with 114753 - sampling time: 0.23235869407653809
8772: Sampled 4 with 167640 - sampling time: 0.21006250381469727
8770: Sampled 4 with 141197 - sampling time: 0.2933647632598877
8775: Sampled 4 with 203517 - sampling time: 0.24423742294311523
8763: Sampled 5 with 4588 - sampling time: 0.16864347457885742
8764: Sampled 5 with 41245 - sampling time: 0.2427048683166504
8767: Sampled 6 with 116182 - sampling time: 0.15122747421264648
8772: Sampled 5 with 168614 - sampling time: 0.19949936866760254
8766: Sampled 5 with 87416 - sampling time: 0.24444293975830078
8763: Sampled 6 with 4855 - sampling time: 0.17789721488952637
8770: Sampled 5 with 145379 - sampling time: 0.24440693855285645
8764: Sampled 6 with 47112 - sampling time: 0.18209218978881836
8775: Sampled 5 with 203968 - sampling time: 0.2497093677520752
8766: Sampled 6 with 87611 - sampling time: 0.1401371955871582
8767: Sampled 7 with 117049 - sampling time: 0.23088741302490234
8763: Sampled 7 with 4878 - sampling time: 0.15901446342468262
8772: Sampled 6 with 172654 - sampling time: 0.24764561653137207
8770: Sampled 6 with 145802 - sampling time: 0.20448613166809082
8764: Sampled 7 with 48085 - sampling time: 0.20783615112304688
8766: Sampled 7 with 91376 - sampling time: 0.162489652633667
8775: Sampled 6 with 205938 - sampling time: 0.2784876823425293
8772: Sampled 7 with 173220 - sampling time: 0.18939447402954102
8767: Sampled 8 with 120656 - sampling time: 0.27352237701416016
8775: Sampled 7 with 208086 - sampling time: 0.07639336585998535
8763: Sampled 8 with 7819 - sampling time: 0.23490381240844727
8770: Sampled 7 with 149768 - sampling time: 0.20357728004455566
8764: Sampled 8 with 50919 - sampling time: 0.2080068588256836
8766: Sampled 8 with 91699 - sampling time: 0.2060258388519287
8775: Sampled 8 with 209689 - sampling time: 0.1360468864440918
8772: Sampled 8 with 176673 - sampling time: 0.22377514839172363
8767: Sampled 9 with 122531 - sampling time: 0.239152193069458
8763: Sampled 9 with 9576 - sampling time: 0.27059340476989746
8770: Sampled 8 with 149990 - sampling time: 0.25817275047302246
8766: Sampled 9 with 93040 - sampling time: 0.23123574256896973
8764: Sampled 9 with 55339 - sampling time: 0.27066659927368164
8775: Sampled 9 with 213778 - sampling time: 0.2362358570098877
8772: Sampled 9 with 181343 - sampling time: 0.25087785720825195
8767: Sampled 10 with 123947 - sampling time: 0.28173828125
8763: Sampled 10 with 10500 - sampling time: 0.21689820289611816
8770: Sampled 9 with 151163 - sampling time: 0.21444201469421387
8766: Sampled 10 with 95902 - sampling time: 0.22782063484191895
8775: Sampled 10 with 214464 - sampling time: 0.16486001014709473
8764: Sampled 10 with 56545 - sampling time: 0.2237086296081543
8772: Sampled 10 with 183098 - sampling time: 0.22725629806518555
8770: Sampled 10 with 153753 - sampling time: 0.18288159370422363
8767: Sampled 11 with 124638 - sampling time: 0.21335792541503906
8766: Sampled 11 with 96955 - sampling time: 0.19649934768676758
8764: Sampled 11 with 58716 - sampling time: 0.175429105758667
8763: Sampled 11 with 11811 - sampling time: 0.2530984878540039
8772: Sampled 11 with 186221 - sampling time: 0.13686704635620117
8767: Sampled 12 with 125154 - sampling time: 0.18749642372131348
8763: Sampled 12 with 14293 - sampling time: 0.16644501686096191
8770: Sampled 11 with 155891 - sampling time: 0.243072509765625
8764: Sampled 12 with 65098 - sampling time: 0.21537566184997559
8772: Sampled 12 with 188041 - sampling time: 0.13559985160827637
8766: Sampled 12 with 99538 - sampling time: 0.25173020362854004
8763: Sampled 13 with 14827 - sampling time: 0.1305222511291504
8764: Sampled 13 with 68043 - sampling time: 0.12411904335021973
8766: Sampled 13 with 100040 - sampling time: 0.11595678329467773
8767: Sampled 13 with 126258 - sampling time: 0.204298734664917
8770: Sampled 12 with 159815 - sampling time: 0.17218399047851562
8772: Sampled 13 with 191639 - sampling time: 0.1749100685119629
8770: Sampled 13 with 160001 - sampling time: 0.04610466957092285
8763: Sampled 14 with 17004 - sampling time: 0.20652389526367188
8764: Sampled 14 with 73810 - sampling time: 0.1904449462890625
8766: Sampled 14 with 101002 - sampling time: 0.1748957633972168
8767: Sampled 14 with 127486 - sampling time: 0.21196746826171875
8772: Sampled 14 with 195541 - sampling time: 0.20342040061950684
8770: Sampled 14 with 160958 - sampling time: 0.17057228088378906
8763: Sampled 15 with 20828 - sampling time: 0.12424254417419434
8764: Sampled 15 with 78879 - sampling time: 0.14372897148132324
8766: Sampled 15 with 106100 - sampling time: 0.14577102661132812
8767: Sampled 15 with 130979 - sampling time: 0.14765429496765137
8772: Sampled 15 with 197772 - sampling time: 0.19349431991577148
8770: Sampled 15 with 164874 - sampling time: 0.1994175910949707
--- total time: 3.199247360229492 seconds ---
Output samples created on:  ./Samples/smarch_opt/VP9_100.samples
