Input file:  ./FeatureModel/aaed2000.dimacs
Number of samples:  97
Output directory: ./Samples/smarch_mp
Counting - Total configurations: 28254010094088232967411816089608956039184394124128268343571924395124352345386025802638259993786106102905002982887012648528865320706000
Counting time: 5.729526042938232
22162: Sampled 1 with 24899618644305750097240720668111881286640594021663591557776260254313165783742437457732836428743650991834880424618693091041176436211193 - sampling time: 88.14552998542786
22152: Sampled 1 with 117255121172295464770961870230613558625380303812182888961382411924493725426371138481746380318509973555123156235086899760282796846755 - sampling time: 88.51210021972656
22153: Sampled 1 with 4546092425680635005065757177633852252958055078792157786519612299340999336966778602953610961387501384344757738611692800704574975186071 - sampling time: 93.46356654167175
22161: Sampled 1 with 21797004620522167558657479499094656064878873722534695523452901086212805231399402830021958328968727039696975014694862291044363717653740 - sampling time: 151.37227368354797
22159: Sampled 1 with 18899669601467170555686004668623224104842750183406296494017950850692620408237392285462646083971069981718587245956318163811214253737904 - sampling time: 154.36091542243958
22157: Sampled 1 with 11117094808689628751101727536080406594035915117103436843225587916421114472097280486045713758524866559195927490838566039132490604793318 - sampling time: 157.610018491745
22155: Sampled 1 with 7747625327172811411975543269761542834113278231648395704119647642530651529886303951684999492550522924322404369548390022104923789708103 - sampling time: 158.61753797531128
22152: Sampled 2 with 493044696447782586984344171220023698359819600472230027436436360502644422512494201971400804797637859373017082338143219112412354152815 - sampling time: 148.2109260559082
22162: Sampled 2 with 25124663552389944124319135188652180898739804153570147255084613251587154297206104362985444721761793329786196078384536387011974924539426 - sampling time: 154.3316650390625
22153: Sampled 2 with 5009635144065778140104601253273706304176365183597651661268232308247052169571505984706173886306605251175875775098906432153814252058380 - sampling time: 151.82391381263733
22161: Sampled 2 with 21902884170036228379325069062295684796221415438094363084994575634584933868457926189108632225940432764060723323868765795802579671558939 - sampling time: 150.7016522884369
22159: Sampled 2 with 18978981444338036782426956965935263742286028827284802772556332190916035946766446205364371898803689296425783898664935487442459100453646 - sampling time: 147.78275680541992
22157: Sampled 2 with 11770719408196999189962636328542038842167996099449453533856065583292776443173587707151685521583545612665526485819739402384086260743912 - sampling time: 146.1050465106964
22155: Sampled 2 with 8237465874257391392834601153212816173869838075030118042081006297776124923909880164681605260690478317340686384154303906964288715772886 - sampling time: 146.618581533432
22152: Sampled 3 with 734436400386309757426280475772313055421953595055292711199609930899001934624965610363530591670481777255712723962814121082052187087231 - sampling time: 138.2514431476593
22162: Sampled 3 with 25361168422641654418253910429207119027807675177982546322858222550027580485730385511658091939738806220120285267264970984618768839292665 - sampling time: 143.03540349006653
22153: Sampled 3 with 5159136509509397580093446795004273545431238461806429193679380488931779721836334067366094848274795467734368677387762601584567087379214 - sampling time: 142.83268284797668
22155: Sampled 3 with 9148976197131256855952332026449216852033721471819312630421870308402508079019432194197531790910580220298283619769903195037051301110396 - sampling time: 139.12860560417175
22161: Sampled 3 with 21949775366076671995368899996872807834112746042706262770235609126652180449936406482385162471324059800097844397935065605308001959368109 - sampling time: 145.0729377269745
22157: Sampled 3 with 12016535348125090655700692060606926440055475298008660406978037372639755762905844550161907537672145694871896077356303305826423800471913 - sampling time: 147.27546000480652
22159: Sampled 3 with 19016777585302153971662204815295907000507193946673889573277388433037995385202135866048731514608537134808795052775401960894001927354082 - sampling time: 149.3198220729828
22162: Sampled 4 with 25730597617732079305821517252782092246144173541211327878914984866574872422373025329418280034314344262457974048135016588482583188545129 - sampling time: 90.92054295539856
22153: Sampled 4 with 5338201856437439003136134480748341052754735188377613801327479990070255688019553854430738420343310123697019398712117132524705850903521 - sampling time: 147.97466826438904
22152: Sampled 4 with 1090210731604599055770482152588768856267191086756797314176406480342326409013285773152736418324907186441959708310999254702881405730624 - sampling time: 190.86488008499146
22161: Sampled 4 with 22197341347248562321093996338943247257699573422833998755110650259901954041975377436377119658921499702224757495390674865459641764954075 - sampling time: 146.9320194721222
22155: Sampled 4 with 9689706917728391585937629649383673193496775226998267594288345175795883819932388281778225447128755492545135754032775781514872813355171 - sampling time: 150.3934290409088
22157: Sampled 4 with 12582842102498620796851439498709553284189839706725622255902382622199519356089498706993970251495508207865833259290256862697595274693990 - sampling time: 144.8879153728485
22159: Sampled 4 with 19017158426286660621750910136277350108180823456266453472104043186217818439380144236532037317976564291409543464971577058012595219910407 - sampling time: 147.5892674922943
22162: Sampled 5 with 25921318162154704920504600229827830229694564226653491898192602479792045724541102248174425237099946094700939390823002094670149683204298 - sampling time: 155.36497855186462
22153: Sampled 5 with 5501609143957783267217942078459530405403107634691390099284590640588463955462175226787027301868930656459137500923630256466560227874517 - sampling time: 152.32651710510254
22152: Sampled 5 with 1140942644656454730375502965221875221082545510118861011462019146763003137406823104961751011862066473714856339037298559250986741074628 - sampling time: 155.1085708141327
22161: Sampled 5 with 22376797104641584026010298011804593420775078682120214597676816257364112687370626383811615711110165256442949634500169684013613302289925 - sampling time: 150.9101378917694
22159: Sampled 5 with 19124301785646161312992114021217959998827486451498198568214404997689597058681657202964464698095641711994728180681239928725020014112209 - sampling time: 147.11226224899292
22157: Sampled 5 with 12668804482993637159888804753347830426365135294960439737825020167483605468395914536334910159149293714854070424804782200569649551666814 - sampling time: 151.11519742012024
22155: Sampled 5 with 9832667524941966617739762829436933454670115611089286286870564906979949894406170902976901177943585796490749136903934330579059707709891 - sampling time: 153.96300506591797
22162: Sampled 6 with 26223505369367537639600032782175279426585500123429595093793295711004062746526946714622439120373477950470305266773369723016566359354009 - sampling time: 148.60823321342468
22153: Sampled 6 with 5782235563390524519258959758302659004237569648902792679662475511411564584069380360142390467929543746287561862429527090411148545952198 - sampling time: 143.88058185577393
22152: Sampled 6 with 1173916451595352617596670199178588464718375732752855186827550327710138601768332988821796885403520714638857217675763585121816548223463 - sampling time: 140.65927696228027
22161: Sampled 6 with 22460809635744352164499123848451453973888993700807971475712770897266485821894263965799157277954199962802866519200347239469655113692904 - sampling time: 139.68896341323853
22159: Sampled 6 with 19210513882585233066429296311975549188477459114600229592085684213629866172723261865175510775110692274845506337218293386749959544134343 - sampling time: 142.34042716026306
22155: Sampled 6 with 9869777729268282124544912424429222408737098099913833241453335799044036004820790404042839704044786477529603683006670787438697060179003 - sampling time: 142.36344003677368
22157: Sampled 6 with 13201877771157055449485214103689828055736056852966937785729959589530749205289349416165323309577896530687039766769425617977915485443013 - sampling time: 144.5413715839386
22162: Sampled 7 with 26346530378987859784284120911473457968079449302288145444124610807642388037289228445442379613191522348263666095143485127273073238694897 - sampling time: 150.17851090431213
22153: Sampled 7 with 5784974834446734281449490013545079253175274549559051283603251333226407896461767459391095937619133360247894089297612633549674921042614 - sampling time: 147.83615016937256
22152: Sampled 7 with 2012294336748196584801824610028519429350254044119100478789185950423328758098908421139281923850903665388873530635770128599751993603627 - sampling time: 151.5798568725586
22161: Sampled 7 with 22518811770141589702586258215129104009458192868662019219574471270511805704613367993214453458979785181391253235463276158617613232451964 - sampling time: 144.68937468528748
22159: Sampled 7 with 19563398504566556336815934516608325799076511308161231240339879598107310994644468924629075392277723127565733779646311674529396347173233 - sampling time: 146.67010474205017
22157: Sampled 7 with 13635947882284045100795960764594171087704694124703702775304742022150337310655963525471687701021895073179538400686223402641609891139609 - sampling time: 148.0440411567688
22155: Sampled 7 with 9907638381343051748612530200373673231010961646836771806111186589677716711473932003639993263796948932712641728274104688244425774101571 - sampling time: 148.93728756904602
22162: Sampled 8 with 27093242886912235524398559381436929691083781737022324645054406241898143177267795201861069861816962464466630393442886384855795360736037 - sampling time: 150.85332703590393
22153: Sampled 8 with 6220607356154991870111576832871829502664205184206050029713832130367795428959310043650200378762318288467248360280043790567752139996322 - sampling time: 150.21356511116028
22152: Sampled 8 with 2069997670168098377268685482777724089995323964248111627919234308298689695145114456002707717533511512011144883686466613583385905324472 - sampling time: 141.17165756225586
22161: Sampled 8 with 22899757505499515710566390497252659121133045831937891574859770821146436455234404773567090434431852656644461263459464142133333215949758 - sampling time: 146.02213501930237
22157: Sampled 8 with 15821063909182075602478859372494576686755004518499120231564232045915794619817390790718476112018889937277107380144109574079394997599373 - sampling time: 145.68949365615845
22159: Sampled 8 with 19662274108177223541114796605013310934148988160760980690938460361278513231287505683771267243451775114580506682822564618206601071099417 - sampling time: 150.29529762268066
22162: Sampled 9 with 27335465379063260779217999287540176659520188561321534076048342108830717018353333354784420801231241314247786785955286057389323950220916 - sampling time: 147.47988891601562
22155: Sampled 8 with 10133775019609246708810691880857676466446632273845247834440057253976965314232323554271406895055429789450833849293979187258815979702781 - sampling time: 191.4310920238495
22153: Sampled 9 with 6293986982763567672389717411923333879829419754922479119933238730843090996325661525298331615212672283513945439760741926429432628228166 - sampling time: 148.023832321167
22152: Sampled 9 with 2175034973123080438476183172460266802025205856597029898654679042438865652530259991224258986865568802660425106920865750515521457760976 - sampling time: 143.34807968139648
22161: Sampled 9 with 22925397089303797618239496361135310911192766026649693180773904678934429820672622345247689504356764860011478050382276119058240387292834 - sampling time: 149.01288104057312
22159: Sampled 9 with 20166843250501077786054903110523918682411596231459375916743050136195179399857497870324422572171438960746567162198438759028759499621756 - sampling time: 143.70469212532043
22157: Sampled 9 with 15984538121096130108576271632013463600474722053041130948607931462109874379997359712450516804644655793945561130343600433753469839956412 - sampling time: 145.01304745674133
22162: Sampled 10 with 27836025602434805924624556129453233118333111380388331714389803919329410859472052091007864289001011522583061558836147708628125484992277 - sampling time: 143.53665471076965
22152: Sampled 10 with 2807716890672329474751178148619747366493002611745472277938674956650267222730406047352838528162776686423664021811724645169466159116558 - sampling time: 87.6559522151947
22157: Sampled 10 with 16910385519226027281899713839306588202505164498602127524338007557932448024601797030548931959175426027516593358460218327623439753237938 - sampling time: 81.22403860092163
22155: Sampled 9 with 10265473947685716594315998303757217811342952014163638042601269990671333178293679664376622405653132724150914461129106014641223209529288 - sampling time: 187.31774640083313
22153: Sampled 10 with 6323641447130953623515726584720487556920339146472561368875279723946146556771823018296088868538234747242541933994594218726970661671218 - sampling time: 142.70675563812256
22161: Sampled 10 with 23029182155654618882617828646156508147193841333891388541273975972703228225093211583188335963888676773355997392193233138160913833416526 - sampling time: 142.37910079956055
22152: Sampled 11 with 3896709872567198319828393076474157046949940939252657098515993632892607574840388870948871303473977286540371304103841877727479060768309 - sampling time: 85.46987128257751
22159: Sampled 10 with 20167181432410097220942060537129096082987678229873737320627763945288896378447855476316909968829110101407320818827722279184961682009084 - sampling time: 147.26880812644958
22157: Sampled 11 with 17520193187034029084988806894259822414158560106707496096758850715705126709507128301488181338586404883423833516412912645057475449845318 - sampling time: 82.02585005760193
22162: Sampled 11 with 27985258229060872319251067405515618959844021685070531770062572018994948240891680262234019960349684742506107583552797821902054496936262 - sampling time: 151.60586762428284
22152: Sampled 12 with 4010994687604498588199686030495291766110338794141919925224452158208563692634198582723104455762172852318360451078363640058703970178531 - sampling time: 83.94215726852417
22153: Sampled 11 with 6324919839395087495700420847047722407316140974219023326561742740393720787558472187065709287539872806235958873394812978666630456036366 - sampling time: 146.1605305671692
22155: Sampled 10 with 10545821607029435454863535825803032774244284672237080829880066735069322923208535661341513240188322706175546594624374885011493672949846 - sampling time: 152.8858358860016
22157: Sampled 12 with 17580950455340697343384424807680172287496647653907034895824155553877170743188554330900565919238503908658026674427558978571463457709364 - sampling time: 81.15477800369263
22161: Sampled 11 with 23051593939027757131959234315564716720632181883392575403935937435819185423985174806717397139524821059185055569325476972295376106797088 - sampling time: 147.02560663223267
22159: Sampled 11 with 20369841357304969850725648431000011141924848107848013642280066584175694770074914592557048578691837932252619589636736687406375452680577 - sampling time: 146.34382939338684
22152: Sampled 13 with 4102135164718750072503128181033429504242501734682073752086408398585507683102563671849220078974974680700358668330764982758398099485037 - sampling time: 83.58777570724487
22162: Sampled 12 with 27995003382933988677802017045110089369749957201436210257351429888469248434190263546543674466229345221610457477032350075286054980870932 - sampling time: 137.55414652824402
22161: Sampled 12 with 24245326886340120768040971897320557291180966694907201176650520832707125552895756516267302942539840988375254782704665186700397215247307 - sampling time: 97.19126319885254
22152: Sampled 14 with 4215636863319620153203037842894659859259014763393468679696668530089793363036246277594997316712765968295710277316623738802921345992492 - sampling time: 78.84480667114258
22153: Sampled 12 with 6583560790800564080243572577021925598286001538647595939052909618681898780539711474886646407723778984044704649879554212967302648205353 - sampling time: 150.04080510139465
22155: Sampled 11 with 10801826815438373746981807598789500655715566524644461065938486660896017814084454533970139269642496236403857704309658736220329660141194 - sampling time: 146.90506196022034
22157: Sampled 13 with 18299608784977320196816231757508131169405995605304186547478866239425734934024206305319893775765429707973874174893037136959294501508816 - sampling time: 150.4089915752411
22159: Sampled 12 with 20702098609453110311085965308865278670594050617132032860086969581449359454981577355760052780476150416754957872634375885626073623962619 - sampling time: 138.7382788658142
22162: Sampled 13 with 28130222351771271206942989070967180970511448849421210275000127594055711278445622438426366879576963226741552479171586011856127924357666 - sampling time: 139.1126937866211
22153: Sampled 13 with 7460843341113615967348197103412627619634531631258173520250235971001045003211571899554248309639025889873990637799494232536237328816915 - sampling time: 122.24233436584473
22161: Sampled 13 with 24309998005547982086792641870972683910705200174590666505407610795581862079614354698920964823928482501867455691615496745081880279778757 - sampling time: 130.66881704330444
22155: Sampled 12 with 10836555366668170806541853349310526159914653497935821705350185677562457714320491612486587326230108594891985582773980843280575920372311 - sampling time: 125.47105646133423
22157: Sampled 14 with 18372031282966749694918207673609421414317807011714573602968305054566471170436227839824318116420203985017890099977213500209261618153555 - sampling time: 130.21347498893738
22159: Sampled 13 with 20828993045595797985046734973194273389562205510340575307258459583360219923005805980498619492716138094232966258058813544196949446111736 - sampling time: 120.18066263198853
22161: Sampled 14 with 24878935409541904772763098116955038638659167155483087918487714626315702434569566797595212391353829620503000169129473655993276763979523 - sampling time: 66.13341188430786
22153: Sampled 14 with 7664890241090892357183759921042355149048898996206712658607150912504048938623427552356675666479023951802143888736944444212937676053804 - sampling time: 101.34098291397095
22155: Sampled 13 with 10871771820946784129945421413136788479813137902694362102520553730980464487405848850400913860705859781153584488494359747453312897411928 - sampling time: 99.99506425857544
22159: Sampled 14 with 21335005237966521244449312701884678557851031214736749743296313301071693201699828860612485633141463221631844807163511096225541174664115 - sampling time: 91.80202341079712
22155: Sampled 14 with 10910161097854840516527053450746280947147396401633242299481343476878387690346322225502247568199041310089135262793996367943074427207225 - sampling time: 87.83812046051025
--- total time: 2037.6417236328125 seconds ---
Output samples created on:  ./Samples/smarch_mp/aaed2000_97.samples

real	33m57.906s
user	210m7.859s
sys	10m7.103s
