Input file:  ./FeatureModel/adderII.dimacs
Number of samples:  97
Output directory: ./Samples/smarch_mp
Counting - Total configurations: 357233331438474273590626824681565857027641819540954698027428669566207833086768331792060153109444189191294237070396678187982800
Counting time: 3.408761978149414
20486: Sampled 1 with 57169239904677850049963525533296106433093340993190570743837095827149040698039822003918948952464535044189255238145517580157331 - sampling time: 10.378361701965332
20485: Sampled 1 with 12219585632092607613806815729015398296893585713533786768945433766346641833538209166980041307963744352975757159646280174714201 - sampling time: 10.516884088516235
20488: Sampled 1 with 108326876621307778932176588593045980435801334617778311709530205885721803326476842813185966346187832605929172819860507493250097 - sampling time: 13.852946281433105
20492: Sampled 1 with 207101307705339594179336405878881460510015593373213808305936730056498930501346264862063010628963684733454021334734819896830148 - sampling time: 14.188878536224365
20493: Sampled 1 with 274436727609041563812878704336374384571504458627376804372318030246722107564050736651074106620585293483518865179880428263149263 - sampling time: 14.943302154541016
20496: Sampled 1 with 328812612914776112200587856772007531033990859171885135242786556830113149553491201331525294313188495193374991166223986556243100 - sampling time: 16.22913360595703
20492: Sampled 2 with 207445246331607405681487525521022413683732869470480225186323529836623073172704353528488611222015573025448630744334419965184452 - sampling time: 3.6799986362457275
20489: Sampled 1 with 165978610744257169062648841115043102655826402627277119153371667920129512347758872897697812822696102811190223394105317085795386 - sampling time: 21.605236768722534
20485: Sampled 2 with 14119915813645985534182529406186491566465672687198732423028584197764998870169225098765392559262521653288219369382100690224197 - sampling time: 11.292967796325684
20488: Sampled 2 with 110754387927916365797652405016690531267645301632890327715515166351479510970804112010516649684714360724882235426661613256321351 - sampling time: 8.7849702835083
20493: Sampled 2 with 275011480449970305277575041990540511877971933272606322683154426821661318840948299283445894823122810555367924509696605880212121 - sampling time: 8.81906533241272
20496: Sampled 2 with 329259034340957306299344703683800894550797980767044407970584656721699160240102333657768475176091643903685720881252886126507335 - sampling time: 8.798441171646118
20486: Sampled 2 with 57739074507929028263712230117724289109254919037160117201769345664658540793048069873417490295480541194467029057752694066556836 - sampling time: 15.628077030181885
20492: Sampled 3 with 211903513034260328406823230437256794303489257452907838559711930361421238836939597398682382979439691142022940964312108765235186 - sampling time: 9.238322973251343
20489: Sampled 2 with 176766841814839433148478023379187275194192452466382278933931623327208090548829867736577704265321049971132342659990841709388904 - sampling time: 8.658004522323608
20485: Sampled 3 with 16123346841731769175794359002075763407015622726513981965310640375412152602402224015776806770671541236374468192713412344273084 - sampling time: 9.549471139907837
20488: Sampled 3 with 127306131526802717822794263732145433274537803128984666894925864079552624765414898057478242789831964046686240880236125314831886 - sampling time: 9.147115707397461
20493: Sampled 3 with 279428556847021984812892784546331303990831212655961636097885251282102020500702293121100011087319171229533416971382686896736574 - sampling time: 8.109903812408447
20489: Sampled 3 with 177814355738022129938833358235303569025338849861993105072761589074462475322788137647849062211389352005916831955132366260398992 - sampling time: 2.828726291656494
20489: Sampled 4 with 179537356375170067212335990950822793681422220927671349639729234888531082705306004676401535375457278860583294070765266278302967 - sampling time: 1.781522512435913
20486: Sampled 3 with 63199848933543380301056148148711739331001303854374220382101239889416227838016586812625182038280244839260410392664275042175625 - sampling time: 9.206948280334473
20492: Sampled 4 with 222457087150807552803682893834366391578182298391228030194905063330089224267575848350785385240960238003288480684420164969307620 - sampling time: 10.474520206451416
20496: Sampled 3 with 333077878790334554473587980253129056504323846750971239458276679006613686821552759343857659898914834763997096003117187515569574 - sampling time: 15.069190979003906
20493: Sampled 4 with 282143447267605840520279292971110285144925962183536187587640404512274678979619238818049768271016389722012745229265813412432630 - sampling time: 8.618783235549927
20485: Sampled 4 with 22701918813047615884423732809058987870911107844570209138030495387465205424697514452051341290433177143544062647284540246247222 - sampling time: 9.226485252380371
20488: Sampled 4 with 128475867394955546732003860707549980397865898181633799659412851636970528174021226651332429762675460315709083314399479077847816 - sampling time: 8.804114818572998
20489: Sampled 5 with 187684194185756454405683942829549614614629120269403761431290578099554811724459085524210718260790735394657045135852799311133990 - sampling time: 8.867150068283081
20489: Sampled 6 with 192882396212814602460278354314404405960218527330550794223159172290074157508628062895842055737400378484295515547672330220552980 - sampling time: 2.4460952281951904
20486: Sampled 4 with 70607183013749314823767047296042069830972501657525325322973282505732438127150804220151037276900678556831606538397323936132084 - sampling time: 11.808968305587769
20485: Sampled 5 with 22955143896698686668941937565550402302155975968933581515918394185599194978292844851448242428182246440078335021958215550973882 - sampling time: 7.845885992050171
20492: Sampled 5 with 225241381923214265774662601898055632349076751389566359318460389586466050953562679546308922521863824419207367414501372648374144 - sampling time: 11.28434944152832
20488: Sampled 5 with 135033785566677636395716514085585153686196396027389487522946195168688734727074159895336194012270971158608985336576783467131368 - sampling time: 8.406592607498169
20493: Sampled 5 with 284328182174925189034548174783785634761996141316132669206008393978464194799883234643743013644887131884011589456623195133947865 - sampling time: 9.211775779724121
20496: Sampled 4 with 334239724828927914595250797439648456758243516421828124113455692005458387749734981572293721015781155597561194236489024278811641 - sampling time: 10.151931524276733
20489: Sampled 7 with 194325282561754038408427064251317651669926649685744546444351817611574002669969793908353862186769395489124673747983200947938052 - sampling time: 9.366260766983032
20485: Sampled 6 with 30495424644192602787844437390529037933800926471560673001659062581244393587999634795898099114513598988187303819210737312422354 - sampling time: 8.836610078811646
20488: Sampled 6 with 137662577714248872167737008114826346338219205590206796703800902056377707802873227714003236856187212264639390358652621445020772 - sampling time: 8.901244401931763
20493: Sampled 6 with 297804322239809480439983033469262794422075862889352162432497819729096973570807352912515424648379714333961587621287670589735464 - sampling time: 8.730321884155273
20492: Sampled 6 with 239723554726063431965663445899558626196723612056218422721691563109926459994851603157974326321906479355058960108659823262789701 - sampling time: 11.124108791351318
20486: Sampled 5 with 75758933655240198329981213297910241220208546328481018937956078839980666416357503928340200555390154720183205828248004541123027 - sampling time: 13.376107215881348
20493: Sampled 7 with 298827365025087674682021393502559792123367647051893295259865807216517471785906460977126955648192782982655160463980383716722357 - sampling time: 2.659064531326294
20489: Sampled 8 with 197113776842194384759671637196015206836860436451039727910440369409644654399740145691863733377153403875761124699714450600802630 - sampling time: 9.020374059677124
20496: Sampled 5 with 340291866751196628770870127484701858064403533569087867617275428469632681031425358280497868894900545790448458792415122949950649 - sampling time: 14.472625970840454
20485: Sampled 7 with 32779020654406494270961412854141432880997601202763408745590326300019592795733442448946433817422584036324311838173984233691487 - sampling time: 9.185464143753052
20488: Sampled 7 with 144440192797022541044588178397486637223856662017923160689352392538520698884000162302021638604587188658849633042694893570810976 - sampling time: 8.90530014038086
20492: Sampled 7 with 239996793205821969532194733102591246736045867199046054102516888464411959788621091305598490400861223716389711236707177027060326 - sampling time: 8.61617136001587
20486: Sampled 6 with 78101194094469170054938056199052753875735360752390834535582059927112427986562117976949492712917557383349957201579962175493250 - sampling time: 9.292786359786987
20493: Sampled 8 with 302529892091780044677177765779623768598002214842507449595122236625365978866430996866297672627415902184566153952240765367860665 - sampling time: 9.20089340209961
20489: Sampled 9 with 198238539822508764735144811106967139610627202380440720448041066302427492565590855321491724673146182794379584607183598401392781 - sampling time: 8.531643867492676
20485: Sampled 8 with 36182788514055020717082846978513148365808139342379977821955691203151033272403708832400249324259586668690559734780079976551528 - sampling time: 8.39141845703125
20488: Sampled 8 with 146372287974431022886789436120064331456318202386705568920361369340163121576917910237008578224130298286705186316321797951887963 - sampling time: 8.232070922851562
20496: Sampled 6 with 341054362841608856381570114333208939136853959464546430580724180846272834516516395449194417232362415668053356045413701478975511 - sampling time: 10.429672718048096
20488: Sampled 9 with 148095144100688992690038612592002524022106861052667490640288063291572273839155409012905940396102502399235002275925163631742875 - sampling time: 2.3603570461273193
20492: Sampled 8 with 244676117263545428656770827995386229346111931179501224080349566674651352611880887606337556591920977837181380529620475405175636 - sampling time: 9.495513439178467
20493: Sampled 9 with 304135207501322507315721701586433843167782938374245603284983853648762877160208485783604003497324101250575020198769850344110872 - sampling time: 8.618125677108765
20488: Sampled 10 with 148499294391577422536507501779930923088869295774100211207181971042747491703336291379134632697762950140193831354043531852397148 - sampling time: 1.750889539718628
20486: Sampled 7 with 80479213999023955410746230064763353628890896088898119574861064890586370892876560143036010765647684686805208830551038668920335 - sampling time: 9.682901859283447
20488: Sampled 11 with 148533229084303451312926855730025874718405834718717049635956936179858034523424713877103950674323336460143510349767435600491541 - sampling time: 1.6649656295776367
20493: Sampled 10 with 304588875709887138719187896388156477530653741693350248934579567064731474203212083843160277824048658081847300499970564614015379 - sampling time: 2.682802200317383
20489: Sampled 10 with 200056947773681785987917908706061104337351748888360349248803066609777728384109496545753516757401569804973686563262705538662312 - sampling time: 8.730318784713745
20485: Sampled 9 with 38251705268127642814318122324839272335792747088438638131692524182595680983361635857413835348326755612302502452694139112624809 - sampling time: 8.617061614990234
20496: Sampled 7 with 341728201818955640342474027465767215792703387977530446691327892383487093048015950333844735710055935289944926187967320440994014 - sampling time: 10.074247598648071
20492: Sampled 9 with 248646904101923407179968588249695934531731496294613420471648944745578481569086529779759741121986115490003837213949293154103873 - sampling time: 8.891084671020508
20486: Sampled 8 with 85817861995162000476043040017617982237466599005655555146798031604546452343449252809212594240007085353386663952703004513768228 - sampling time: 9.101006507873535
20488: Sampled 12 with 154517262648779823979487359660102015687671379093447166774274967874334045830145922922426447463647567116301037787455020537779770 - sampling time: 9.531886100769043
20493: Sampled 11 with 313820730894531558152988833558022914705036728760157674772331741518813915843819226885233918746210454292968357675064293116736933 - sampling time: 9.062117099761963
20489: Sampled 11 with 201028796552188523427526102463009216005263896963956699008901945861116505008277378372359633125600679304251247366821117637809240 - sampling time: 8.84605097770691
20485: Sampled 10 with 44671681810420582159182590053048650346364805546981293194710184032842946816037777752108864543589797272069858861531433659885783 - sampling time: 9.434139013290405
20493: Sampled 12 with 315116227415094677632469015554801434356078840254345255334333502320547726424753101093736549642071730564717749224862684345866056 - sampling time: 2.4231677055358887
20492: Sampled 10 with 248802168652477094533557899956476679469138878573323158873464041537029302596722755243824567334670354500062682463774758157575191 - sampling time: 8.924098491668701
20486: Sampled 9 with 88842176210975051351911520196137986608935527523442317703115385878575722159943636852047412320501913455506712597006027689804339 - sampling time: 9.345212459564209
20489: Sampled 12 with 201159639045361296785754928090495735081539823707904190868173978606001475634796466435856403536962619540963258454594417502745019 - sampling time: 8.166221618652344
20488: Sampled 13 with 159727043020878245057508472150888265481892530990827311127665756842663088013294973800598407612914495975575700519497588056504696 - sampling time: 8.514969110488892
20485: Sampled 11 with 47358410999487823687888790622522688683259176515079465146086618406557125775484752594942180216466418299327461026270549497036886 - sampling time: 9.049704790115356
20496: Sampled 8 with 344253900911221015688904056055222244591639158072308481921713707474739702512427278121676733852124820077570822794249056325216724 - sampling time: 18.304838180541992
20492: Sampled 11 with 250642153599250260205820534320002658885371247706321965671343911921594645136756436570180095424883055843692983643854337295167347 - sampling time: 8.81632947921753
20493: Sampled 13 with 322837078207258602555867813827923306012504863202091610080233025218783439344030702433097119090352356233258167711680634661692336 - sampling time: 12.299336671829224
20486: Sampled 10 with 92740088400378942143845089490348319034496135009900398526932114124630413788928767974283670400583303210755689835514090842056930 - sampling time: 9.288991451263428
20489: Sampled 13 with 201175006415016068739411960844894524231529580854304127648937041901248703701037663915479509830015291005850376064739202185235201 - sampling time: 8.479629516601562
20488: Sampled 14 with 163587885128599639546815395596535565933302323521894184771953432625647375949548071403686638401658659953559640478055493179503443 - sampling time: 9.354740142822266
20485: Sampled 12 with 49982024997505587672572037517517857334370397041595882794057139139054852472892164269512440462429145497413446668240894941932188 - sampling time: 9.75310468673706
20496: Sampled 9 with 344927761819859938125641885230329993999087111060855072537586983859329183407626858603715394353711681866620264345794144506478243 - sampling time: 8.996165752410889
20492: Sampled 12 with 258239351346455258832814200872947569992745404198257584941104224317585028440842119107391937953376167698069712962897956143260135 - sampling time: 8.881438255310059
20493: Sampled 14 with 327370279896707037507409339676465313324928093230619937251136165364655858948220834354353119982275337922499311216088294372765117 - sampling time: 10.253606081008911
20486: Sampled 11 with 94432431250284307589245040612614370158571575628191141786377862384534855631246085954935990776843094724063835335138983315571798 - sampling time: 8.845911502838135
20489: Sampled 14 with 206266565934291335746396922882262832763261449553645974245364006074181501960320099509199126327708319942025984627874758514436354 - sampling time: 8.874741792678833
20485: Sampled 13 with 52937184311806267905848837040905921308471193543551067815361626342070376648635307369047766004816630598685842386715548128016840 - sampling time: 7.75658917427063
20496: Sampled 10 with 345115279278021883814832300879914785012278548642315913050304713535356831855470112786136053247647278365467491470783050980386696 - sampling time: 8.09414529800415
20492: Sampled 13 with 259456877867669438306706051001793224585589196156002448929649005421081736133258595047796241059395786445910378990398155480099506 - sampling time: 7.214657306671143
20486: Sampled 12 with 94949376996694932040571291841216899690502092840985505057457747138615908344069659876401754501938232814628054584491609050488172 - sampling time: 6.85456919670105
20485: Sampled 14 with 54508809673549671943664456351920305090759657426237229533283042092454287609381055087801741436130337698989290268169814284888030 - sampling time: 7.530330657958984
20492: Sampled 14 with 271092157762718926499671066933204674362849331397031182518960522677987447038757217150908981772305344662246499843477905263663007 - sampling time: 6.851258277893066
20486: Sampled 13 with 103033975471305475755336772823748182517645653780356978903474509838355055637968767686585918662439877460469796472204258621759451 - sampling time: 7.218374490737915
20496: Sampled 11 with 349098011908303774491636989615531995539321063786774264586277577752862142869618055291976946579850512120319560326072248666462798 - sampling time: 13.178033590316772
20486: Sampled 14 with 107265119470791325521455206362984331865866169819422703532416411819718691111221882685518694975715824729078735353622073237369332 - sampling time: 6.433871030807495
20496: Sampled 12 with 349659173805124273355543847074933428390493734941743728731612093062196004907950889162956505895215058527908462498123026143436001 - sampling time: 4.095158338546753
20496: Sampled 13 with 355587131175516938068352308986873651428327760496780870299552143591154948961961287718832898636695936664962747607461841079158452 - sampling time: 3.7103817462921143
--- total time: 145.04758191108704 seconds ---
Output samples created on:  ./Samples/smarch_mp/adderII_97.samples

real	2m25.166s
user	11m48.979s
sys	2m15.725s
