Input file:  ./FeatureModel/at91sam7sek.dimacs
Number of samples:  97
Output directory: ./Samples/smarch_mp
Counting - Total configurations: 25892172695631707467339544510355380330925246273138094412939752157280397331800857701433969660218983783924368850353132622389972000
Counting time: 2.459181308746338
24062: Sampled 1 with 9535020632631229355522382477622866794324263322155327678548340480241040558479619587809585908240170215680065321889012967891835 - sampling time: 9.937517881393433
24064: Sampled 1 with 2299947628467827116297443126877987263610330490621937286537870566763427577706174111838150736473221618597044460151337961031721314 - sampling time: 15.61281943321228
24066: Sampled 1 with 6667279621479002726584353948773482826021010692528104540006982125233888328044117538400990017676495099015133991773846593799531795 - sampling time: 16.753934383392334
24073: Sampled 1 with 23153340170198707803669831079064907034001820072556026412572702932804529037652975368884992177106469052780155093730846280109419806 - sampling time: 19.25876522064209
24068: Sampled 1 with 10369198097904771608081300072752693059444540998245137642431485586707175426224813521292185009937262434498228198909912273563986088 - sampling time: 19.92383050918579
24062: Sampled 2 with 79823166740157861408903735729292413934956089859675992074938421821107648559564790127421503258797545858635665017791453214041738 - sampling time: 10.001989364624023
24072: Sampled 1 with 17697320120120068245211789769257019542441549516201052571883036847544927425703044559795272974832899071680191009530555247814153523 - sampling time: 20.087896585464478
24070: Sampled 1 with 12696436209402894972823945419199839935371339652344524998467919593868489393766501214538409435758900930801615379708265369946677889 - sampling time: 20.625731229782104
24066: Sampled 2 with 6742836517911703302370735531157071015246694190994194593276412174616149735281899636681527375895296844304964777437633931380927288 - sampling time: 13.893650770187378
24072: Sampled 2 with 18015519197054131182478820730756237026069462718329804826576531595523595972931867801887691292085933698748182582760415682143424695 - sampling time: 11.302018880844116
24064: Sampled 2 with 2600493040047425107241582406889640321801776003234225933279844249056625772883946214659845350701152447705509912053692059165713026 - sampling time: 15.867097616195679
24073: Sampled 2 with 23236481859023168580135946619657351518055533478261598327100222255617238459867051046824394509963030114800755943729164646533822970 - sampling time: 14.373452425003052
24068: Sampled 2 with 10531457519290159724851410459992772387032039535954394505583381684538994968013964915614763637424389841499945090646988706685562753 - sampling time: 14.906394243240356
24062: Sampled 3 with 122901837053537645623137789213744149517796790472408544246533383461102548206521710602744517384825290525172818545928407325577723 - sampling time: 14.989076137542725
24070: Sampled 2 with 12940629875326269423678253600827584224873046457324484814214380714259582538037299177854115242409662071753483379565864138202474464 - sampling time: 14.82903242111206
24072: Sampled 3 with 18432039956997483419754807477115493912469113190028742390555331332271100942600702804400111163505424064723725779709199334501889662 - sampling time: 9.600111722946167
24066: Sampled 3 with 6846854997074641531076312300456528257467294061319094151159456713435749850835078637768049342287690203342505615839823804891588080 - sampling time: 13.957975149154663
24064: Sampled 3 with 2639708749896881890788425468666888916293690717891122193113024163778173856796868430315984013956582977741917366951934046814840218 - sampling time: 15.751882791519165
24073: Sampled 3 with 23263183316473449922835994898232633388617662610464534041637234321090387749937151250365526404713653478549321935344529922944627210 - sampling time: 14.336984157562256
24062: Sampled 4 with 360279234925040498038859592554278593417787374523338684361218734355006249272512453801452270456324509222985133206490099109756028 - sampling time: 14.82261061668396
24070: Sampled 3 with 13019240515784843594043865322151928581817851117974117360799858941598988106267804941728288542017314398923451993628283897092127282 - sampling time: 14.333259105682373
24068: Sampled 3 with 10625464117665042502039717329185701169230483414372129855642064818538881100938022082029886931782328347301076433839118758749058026 - sampling time: 15.412898302078247
24072: Sampled 4 with 19100641824416403141682989620436164021365611598863782627398529449046097780384604242950434971290566981480440853021767189942010767 - sampling time: 14.918051481246948
24066: Sampled 4 with 7036059016156763422725366687532971950607418667204982157823177087234239923332410931452291200414164144968821518470510909370907773 - sampling time: 13.936349153518677
24064: Sampled 4 with 3064721983841304460492543011704872421196497412851845480091306446445403171849707025025999961899690801387260162245583956493315154 - sampling time: 12.025113821029663
24073: Sampled 4 with 23352011712755180160315368726261999119527650426338601093927851757342336010588769048734448202663275015812094796692438186480482647 - sampling time: 14.296422004699707
24062: Sampled 5 with 454098688543875128477706146218622535836089692611296624716924890690202631487526229619251620183898842375197430283509622249929488 - sampling time: 14.358595848083496
24068: Sampled 4 with 11158671674457488424731822652708165103522381025258060382143542544425202446872320973896255629935542744804273394474029096344990784 - sampling time: 15.913190364837646
24070: Sampled 4 with 14488579145122913374731579933435205457103564995583220115407659352747823690508610131505505162268214088963879877154771010486052609 - sampling time: 16.525977611541748
24072: Sampled 5 with 19406636996094453182669098192438437976004905144512456268872592350252336404589758126117540613096295923175913303165968285729742936 - sampling time: 15.398079872131348
24066: Sampled 5 with 7073321069198017155439828451189354543167717576116878278297540601065220424445587312074956299770721065568531107662745746507078272 - sampling time: 14.225040197372437
24064: Sampled 5 with 3791734067265955484459628420276719234846796272924934902103826264784185066895132423089812714491626475251446828106498221986749448 - sampling time: 15.91018295288086
24073: Sampled 5 with 23368550653887179625290113710345064593799674033099557282394710631383806241506002715249536332037595228389978395479880419129176160 - sampling time: 14.653074026107788
24062: Sampled 6 with 502537213622648229723281358045279565418616546531468657908951833009420582004610262547978094367908792127609950246294750586177958 - sampling time: 14.845978736877441
24070: Sampled 5 with 14735912470434847446193508760003133784280178862642228139850281298292375104049513884264147694508278674671476203258592624960439156 - sampling time: 14.60240912437439
24068: Sampled 5 with 11172265051715600639897384095798777574151665523305509573164803494232803662126554271956253112523392394642781371898668441066219056 - sampling time: 15.728228092193604
24072: Sampled 6 with 20076429208378547453418556274570103358546548023493284298983413256182366469407267280109201287574421172946124714335807987560855411 - sampling time: 14.786466836929321
24066: Sampled 6 with 7322016063767271293903629614683558312787872276831815390150932892883817911219034158945567598886507488669252189014964585953945061 - sampling time: 16.57787585258484
24064: Sampled 6 with 3811900384230087945742385133008578451505144337047196753290013790378807839547618154740924176774275139058425651743355946948992225 - sampling time: 14.998312950134277
24062: Sampled 7 with 603446746756950934038732037312458457683920783577831369220013966243089875605115081659667730221894454447229756912191754779337841 - sampling time: 14.050076961517334
24070: Sampled 6 with 15456835412448056555730005450102280604808991783982525410771578871584002320244707990101287570238545889611801178127588833158211494 - sampling time: 14.185201644897461
24073: Sampled 6 with 24102010572262305324977906577598854327119041497682797403723277212702415167719363548818518297578026743571090123729093848401507095 - sampling time: 19.19133186340332
24068: Sampled 6 with 11210421650558443475675366108511591252054410292210077556073848678871103099828225658655829650173034463399534606849968386608080877 - sampling time: 15.689812183380127
24072: Sampled 7 with 20114736858806339736864940170146512550680580529348024079557263123033319753200909613523720798521937484907332765421847816322271103 - sampling time: 15.280023574829102
24064: Sampled 7 with 3840237393956620903333110679198137184299286541004848921735604160971919168017439941962157801541845602210706751433131666251585147 - sampling time: 15.035666704177856
24066: Sampled 7 with 7399197914724330837906133569080630671010099375582711057217278252010052349117331155933910270708652149643949582374315637678711876 - sampling time: 17.55762004852295
24062: Sampled 8 with 619838673258851882083759134665403172892885227848344167450697692302448326481057259761732189471459398081154210350256860735254049 - sampling time: 13.993557691574097
24070: Sampled 7 with 15997489937212981211234202606068898801994192925517873750125160498266365067295118398972140302851546351135828417387130364112541698 - sampling time: 14.286650896072388
24068: Sampled 7 with 11658290662652344324287751767036595508575789069203809467175306538131453532617216961165237423197516708870046425780973849079708644 - sampling time: 15.535112142562866
24072: Sampled 8 with 20489611343643552760709745141975849696814925918112323634218880681109910665222952160950218715804711805413270150140946482099214015 - sampling time: 15.123633861541748
24064: Sampled 8 with 4024462881565997023616679670378196515971600415616982717474616090596750425033104166995906075387245732390896299973764429272729674 - sampling time: 15.061753988265991
24062: Sampled 9 with 665372889604004469741513114025358216780432574315393804659757793622915806484278187198802647423010621908820534270003383384271084 - sampling time: 13.92258882522583
24073: Sampled 7 with 24522936099928935719196596417606061584882738459065409259530231070159291907788407611128051784375518274699763356392450339731234050 - sampling time: 26.059673070907593
24066: Sampled 8 with 7740989151853727064383621812777508038985314635958637154492290654666598242973817671892390311933335881668693493671520454398003316 - sampling time: 16.43110728263855
24070: Sampled 8 with 16011087675664324072440347416046983773148398174215878528882810524109978061084883486211486236412735204903778655645618700132608105 - sampling time: 14.304908275604248
24068: Sampled 8 with 11823350152021865445208745047825023825628571456048856290664525152815278397079092613683753229740081066132446000283934644330906365 - sampling time: 14.87972903251648
24072: Sampled 9 with 20823267059098406063676091581300398056929739832501629445129542395706162867161018723395472866906709536863237032029669987125373981 - sampling time: 15.508255958557129
24062: Sampled 10 with 728343963846320056266480276480451340585451716194542619722088103917546386247941096332161081115456647341055468809649633147796349 - sampling time: 13.990584373474121
24064: Sampled 9 with 4602967590802313336614700502610774569956318353210506156862086788163263362112766320249448277257595606160213619546002296689754302 - sampling time: 15.204973936080933
24070: Sampled 9 with 16125910268735075041735557821007232736480509200662561188567198227605703224616716131180318226798838947141834407954704501231510437 - sampling time: 14.111885786056519
24066: Sampled 9 with 7909415585549160666162269744840698896237081417577093224708736618507435402504873595232450262202245127336926345744656778428630504 - sampling time: 19.104324340820312
24073: Sampled 8 with 24871073227119684627978681578564807467886216485402605061688881738301370502900863770221319702655539486620458719056648667376485522 - sampling time: 20.493077993392944
24068: Sampled 9 with 11960573874823846013445810129215714851411493845830494544372892237237531941756351134603510194150978146033236764502653101206886658 - sampling time: 15.264698266983032
24072: Sampled 10 with 21290473771330995298125431598190957760540497053924374892754639653759288612427103237353176559547907720470583603092954217360807791 - sampling time: 14.818461418151855
24062: Sampled 11 with 746938419600537553487922863179439204065841995584618474802096717568782331095113397778886606334256610542239405305477936044419338 - sampling time: 14.142837047576904
24064: Sampled 10 with 4634008836190461668333945032230475973393786327873980573888670879711618917471303032840223342031471640439539523456628828095780462 - sampling time: 14.395956754684448
24070: Sampled 10 with 16254009998549213573829193947008102422480273383059663082778209856469764941872299435486959083994415479363048789633191380713566402 - sampling time: 14.415347576141357
24068: Sampled 10 with 12079272962359546111143054453996275066838768444328139101256045216702895618910791137665402706130001069200573697643214445805568063 - sampling time: 15.436968564987183
24073: Sampled 9 with 25208246707932136608091103781091102376278867997152737952910415609993017562174146179028164361870200207282554973980571495824305776 - sampling time: 16.30123734474182
24066: Sampled 10 with 8035961286531509687456525221892844372951863311609777598762137559544734476832294715928330606583070572054064600701459027527563213 - sampling time: 16.65467643737793
24062: Sampled 12 with 939894669671411119326004755409142809334968756359581582411910529586863804179879915658878033136194649642309576635543614417094295 - sampling time: 10.509969711303711
24072: Sampled 11 with 21969562708370322312570322151668919298476983168271683258873150988948531235734098742199823702457129108530481176770446547238157363 - sampling time: 15.562081098556519
24064: Sampled 11 with 4806822522654724864970555923672909457085298856018040268709595601515235346150720894688724432404421800644010858211373870853341597 - sampling time: 14.514590740203857
24070: Sampled 11 with 16272093430882457334648926955330577262398464880996383898675291720182022231605514097635706435401728766817806214822857257057671628 - sampling time: 14.386032104492188
24068: Sampled 11 with 12255577310065185482079649014378419733539080732293116613841839176866696886270437956914473173462783437478254029223792849380171648 - sampling time: 15.402162313461304
24062: Sampled 13 with 1230727961140234497979773473560030597521954474142700431675989717028158535045095398778822577856963857160675337015657032877864000 - sampling time: 15.252179622650146
24066: Sampled 11 with 8206130010955694859751825789471465239111607861604054940650371582909635104462753808471323216404308109476247289820517780556789682 - sampling time: 17.14913773536682
24072: Sampled 12 with 22040672975247109369339208672047964369102163407693952856900261447305708622582342435069469131977942427625312367526001607435744545 - sampling time: 14.698558330535889
24064: Sampled 12 with 5977801487503069123101143121843374450672748234143831215277180659029095804442200346702604950199708826043154606213435590564289833 - sampling time: 16.26292109489441
24070: Sampled 12 with 16283385981685780811878308030700591252056683483453368473124818084247086570157262202404655791750513707237105241536636540448976224 - sampling time: 14.447452783584595
24073: Sampled 10 with 25329307001363258833724009964786112160742206608281453726743330895229746702688556092743030626654456616292848120662480365908238449 - sampling time: 24.230299949645996
24068: Sampled 12 with 12339661184648894054132223692481385278310979154877169015756961094038414711796794607921435680750985195830850078676801606881181681 - sampling time: 15.469992399215698
24062: Sampled 14 with 1821373763135098371755110389779368006633184625514626976756489750432145108113994720612948964089412251166632270228100864002443589 - sampling time: 14.834426164627075
24066: Sampled 12 with 9415461728465938328611520088291914786431433851313450244943009462949667379307517279238628581035927751278830703815757593014441541 - sampling time: 14.02882719039917
24072: Sampled 13 with 22149223790156469641050088123900167664962870581726616927175521709921685081820243119074410244869842016987036270839860252558794282 - sampling time: 14.903132677078247
24070: Sampled 13 with 17076046397691716150280900515316862286548842891282785606105432875128504265520182124733961272182317827282238720505508810285293913 - sampling time: 14.450635194778442
24064: Sampled 13 with 6502497124973467916017809964861617445957699664870031279228859209630802684088294603877427118146281523491707773457203982360955097 - sampling time: 14.970762729644775
24073: Sampled 11 with 25336898150945135779901206755211634053031830494915172373620951120288726175445166002254785490349156803755346120018096034191215064 - sampling time: 13.559407234191895
24066: Sampled 13 with 9467494401630239515693083659650167037317315162879806568130232861987805978562212067031178744947906401816049582642232156386671471 - sampling time: 10.000248670578003
24068: Sampled 13 with 12619715805618432862237594661577354786105466561458305609990330748876610351560977543569602973838388767834454409838553762121511436 - sampling time: 14.19365406036377
24072: Sampled 14 with 23134924379232492541359138917150751915255614135281543307794739447187782691052457477063712468556635010114600026997787499400048117 - sampling time: 13.505789995193481
24070: Sampled 14 with 17522273303176367735159193129704983088926851427900445736051282313613279141355004420566136404343893969758904734095329619589672001 - sampling time: 13.114327907562256
24073: Sampled 12 with 25400648390199412403633500354102215342185462934473671131342668693861844424752913679651530881267571297144687085563494752723912867 - sampling time: 12.229235649108887
24064: Sampled 14 with 6665141862749924686017723562151576512468409789203635047050225363676020132620479481531398695869975527472244286395335947126474853 - sampling time: 13.943270444869995
24066: Sampled 14 with 9696299403524251236822813476097189512416073710172304014630149819467599466121766552972223764782654573877403022592737570887202223 - sampling time: 13.092737674713135
24068: Sampled 14 with 12655947089450423662879565556034332023879080204084562845025451937973205806399364909991014457416660737709103457070854384546483533 - sampling time: 11.810988187789917
24073: Sampled 13 with 25697361918084902472448627635233651981132541746225398519724706684883970183633071901237414093403261839450729867264988251469300542 - sampling time: 9.41769552230835
--- total time: 220.8981213569641 seconds ---
Output samples created on:  ./Samples/smarch_mp/at91sam7sek_97.samples

real	3m41.008s
user	19m56.729s
sys	3m24.643s
