Input file:  ./FeatureModel/axtls_2_1_4.dimacs
Number of samples:  1000
Output directory: ./Samples/smarch_mp
Counting - Total configurations: 1962126104736
Counting time: 0.10802102088928223
13199: Sampled 1 with 2787865579 - sampling time: 0.5374207496643066
13200: Sampled 1 with 276335114284 - sampling time: 0.5562887191772461
13205: Sampled 1 with 1109091222877 - sampling time: 0.5940108299255371
13206: Sampled 1 with 1378079196885 - sampling time: 0.6429235935211182
13203: Sampled 1 with 843393089256 - sampling time: 0.657534122467041
13207: Sampled 1 with 1670482050401 - sampling time: 0.6707272529602051
13201: Sampled 1 with 547572473863 - sampling time: 0.7259073257446289
13199: Sampled 2 with 6599066827 - sampling time: 0.3861069679260254
13205: Sampled 2 with 1109193277544 - sampling time: 0.41429591178894043
13200: Sampled 2 with 277266453241 - sampling time: 0.4899282455444336
13207: Sampled 2 with 1672052357991 - sampling time: 0.4689486026763916
13206: Sampled 2 with 1378186162051 - sampling time: 0.5169582366943359
13203: Sampled 2 with 845897926914 - sampling time: 0.5048863887786865
13201: Sampled 2 with 552324069824 - sampling time: 0.543304443359375
13199: Sampled 3 with 7185664758 - sampling time: 0.4010794162750244
13205: Sampled 3 with 1109489849479 - sampling time: 0.42113423347473145
13200: Sampled 3 with 281281985927 - sampling time: 0.4440317153930664
13203: Sampled 3 with 846391681997 - sampling time: 0.4662332534790039
13207: Sampled 3 with 1677539075504 - sampling time: 0.4882032871246338
13206: Sampled 3 with 1380413394719 - sampling time: 0.4895772933959961
13199: Sampled 4 with 9718486624 - sampling time: 0.4316530227661133
13201: Sampled 3 with 554018499791 - sampling time: 0.553412914276123
13205: Sampled 4 with 1111487502431 - sampling time: 0.4268033504486084
13200: Sampled 4 with 281389706333 - sampling time: 0.46345949172973633
13203: Sampled 4 with 846492865538 - sampling time: 0.46540403366088867
13207: Sampled 4 with 1679933051219 - sampling time: 0.47265100479125977
13199: Sampled 5 with 9831402550 - sampling time: 0.40776824951171875
13206: Sampled 4 with 1382362173582 - sampling time: 0.5504987239837646
13205: Sampled 5 with 1112134460934 - sampling time: 0.4242517948150635
13201: Sampled 4 with 554067875231 - sampling time: 0.5623571872711182
13200: Sampled 5 with 283746350437 - sampling time: 0.4520096778869629
13199: Sampled 6 with 11303430207 - sampling time: 0.343186616897583
13203: Sampled 5 with 851641976783 - sampling time: 0.4984321594238281
13207: Sampled 5 with 1681558400660 - sampling time: 0.5128710269927979
13205: Sampled 6 with 1112145774171 - sampling time: 0.444411039352417
13206: Sampled 5 with 1383354302125 - sampling time: 0.5736165046691895
13200: Sampled 6 with 286352978710 - sampling time: 0.488922119140625
13201: Sampled 5 with 554560511636 - sampling time: 0.5997099876403809
13199: Sampled 7 with 13210855087 - sampling time: 0.4913330078125
13203: Sampled 6 with 854868558683 - sampling time: 0.4258706569671631
13207: Sampled 6 with 1687474912702 - sampling time: 0.45479512214660645
13205: Sampled 7 with 1112262606620 - sampling time: 0.4075124263763428
13206: Sampled 6 with 1386263725359 - sampling time: 0.561490535736084
13200: Sampled 7 with 287500778824 - sampling time: 0.4705235958099365
13203: Sampled 7 with 855414519058 - sampling time: 0.38520336151123047
13199: Sampled 8 with 13462220656 - sampling time: 0.46450114250183105
13207: Sampled 7 with 1690254642143 - sampling time: 0.45937585830688477
13205: Sampled 8 with 1115165778465 - sampling time: 0.4056875705718994
13201: Sampled 6 with 556381369067 - sampling time: 0.5675549507141113
13200: Sampled 8 with 290567524531 - sampling time: 0.4250669479370117
13203: Sampled 8 with 856579685820 - sampling time: 0.4056363105773926
13206: Sampled 7 with 1388434656639 - sampling time: 0.4918510913848877
13199: Sampled 9 with 18552830801 - sampling time: 0.446727991104126
13205: Sampled 9 with 1115809868375 - sampling time: 0.4487791061401367
13207: Sampled 8 with 1691177833506 - sampling time: 0.46758556365966797
13201: Sampled 7 with 557513378870 - sampling time: 0.601496696472168
13203: Sampled 9 with 858926508118 - sampling time: 0.4591081142425537
13199: Sampled 10 with 23517875627 - sampling time: 0.3717682361602783
13200: Sampled 9 with 291950059276 - sampling time: 0.5043232440948486
13206: Sampled 8 with 1389836620422 - sampling time: 0.568413496017456
13205: Sampled 10 with 1116809283871 - sampling time: 0.4232602119445801
13207: Sampled 9 with 1692673206079 - sampling time: 0.4865078926086426
13203: Sampled 10 with 861048592332 - sampling time: 0.4300670623779297
13199: Sampled 11 with 24397642453 - sampling time: 0.4288973808288574
13201: Sampled 8 with 557998507932 - sampling time: 0.5580024719238281
13205: Sampled 11 with 1118143968376 - sampling time: 0.3908653259277344
13200: Sampled 10 with 293664685948 - sampling time: 0.5238509178161621
13207: Sampled 10 with 1693044643609 - sampling time: 0.461597204208374
13206: Sampled 9 with 1391980252417 - sampling time: 0.6194853782653809
13199: Sampled 12 with 24606791411 - sampling time: 0.4213426113128662
13203: Sampled 11 with 861968571862 - sampling time: 0.4671900272369385
13205: Sampled 12 with 1118714114498 - sampling time: 0.3734431266784668
13201: Sampled 9 with 562553893339 - sampling time: 0.5404458045959473
13200: Sampled 11 with 296578598693 - sampling time: 0.45107460021972656
13207: Sampled 11 with 1694624257347 - sampling time: 0.45216846466064453
13206: Sampled 10 with 1392765284802 - sampling time: 0.5164744853973389
13199: Sampled 13 with 26456644225 - sampling time: 0.4322700500488281
13205: Sampled 13 with 1120607215430 - sampling time: 0.3900177478790283
13203: Sampled 12 with 861970287431 - sampling time: 0.4902312755584717
13200: Sampled 12 with 297856776101 - sampling time: 0.45355224609375
13201: Sampled 10 with 565198456938 - sampling time: 0.5119383335113525
13207: Sampled 12 with 1695489200316 - sampling time: 0.43045759201049805
13199: Sampled 14 with 26773226830 - sampling time: 0.35557985305786133
13205: Sampled 14 with 1120716285665 - sampling time: 0.3984487056732178
13203: Sampled 13 with 862417942843 - sampling time: 0.44561195373535156
13206: Sampled 11 with 1393473149619 - sampling time: 0.5902783870697021
13200: Sampled 13 with 302321021003 - sampling time: 0.49060869216918945
13207: Sampled 13 with 1696750414315 - sampling time: 0.4304533004760742
13201: Sampled 11 with 565321680700 - sampling time: 0.49396634101867676
13199: Sampled 15 with 26879504890 - sampling time: 0.3431720733642578
13205: Sampled 15 with 1123597416649 - sampling time: 0.40517258644104004
13203: Sampled 14 with 863329351379 - sampling time: 0.46599483489990234
13206: Sampled 12 with 1393641116716 - sampling time: 0.5494530200958252
13207: Sampled 14 with 1697226061050 - sampling time: 0.41750526428222656
13200: Sampled 14 with 303810773402 - sampling time: 0.47980570793151855
13199: Sampled 16 with 29723579830 - sampling time: 0.4572722911834717
13205: Sampled 16 with 1123992200666 - sampling time: 0.3535170555114746
13201: Sampled 12 with 567109758154 - sampling time: 0.4673802852630615
13203: Sampled 15 with 863854103806 - sampling time: 0.3920924663543701
13207: Sampled 15 with 1697711820308 - sampling time: 0.4114348888397217
13205: Sampled 17 with 1124670166508 - sampling time: 0.3817410469055176
13201: Sampled 13 with 569067584722 - sampling time: 0.46414756774902344
13199: Sampled 17 with 36040363604 - sampling time: 0.4786350727081299
13200: Sampled 15 with 306428387712 - sampling time: 0.5164687633514404
13206: Sampled 13 with 1394059440678 - sampling time: 0.5781764984130859
13203: Sampled 16 with 867072780896 - sampling time: 0.5003623962402344
13205: Sampled 18 with 1126223416334 - sampling time: 0.3609731197357178
13207: Sampled 16 with 1699020990897 - sampling time: 0.41530323028564453
13201: Sampled 14 with 577917619301 - sampling time: 0.468564510345459
13199: Sampled 18 with 36686906107 - sampling time: 0.49516844749450684
13200: Sampled 16 with 306547606810 - sampling time: 0.5169894695281982
13206: Sampled 14 with 1396168785695 - sampling time: 0.5654053688049316
13205: Sampled 19 with 1129328023068 - sampling time: 0.3591623306274414
13203: Sampled 17 with 871219820230 - sampling time: 0.46341991424560547
13207: Sampled 17 with 1699381671008 - sampling time: 0.4252166748046875
13201: Sampled 15 with 579379128683 - sampling time: 0.46932458877563477
13199: Sampled 19 with 38663077537 - sampling time: 0.4382765293121338
13205: Sampled 20 with 1132778175535 - sampling time: 0.3429391384124756
13200: Sampled 17 with 306744677719 - sampling time: 0.46399354934692383
13207: Sampled 18 with 1704746930104 - sampling time: 0.31082653999328613
13206: Sampled 15 with 1398698928906 - sampling time: 0.4990525245666504
13203: Sampled 18 with 871301489567 - sampling time: 0.4232149124145508
13205: Sampled 21 with 1133606171029 - sampling time: 0.3490433692932129
13199: Sampled 20 with 40679865838 - sampling time: 0.41724371910095215
13201: Sampled 16 with 579896398161 - sampling time: 0.46349120140075684
13207: Sampled 19 with 1705559767887 - sampling time: 0.4461023807525635
13200: Sampled 18 with 308360146978 - sampling time: 0.49758219718933105
13203: Sampled 19 with 873521453833 - sampling time: 0.4744584560394287
13206: Sampled 16 with 1400876042254 - sampling time: 0.5497457981109619
13205: Sampled 22 with 1133793205208 - sampling time: 0.35124802589416504
13207: Sampled 20 with 1706747812227 - sampling time: 0.36179304122924805
13199: Sampled 21 with 48417281797 - sampling time: 0.5152971744537354
13201: Sampled 17 with 584747722684 - sampling time: 0.48103833198547363
13200: Sampled 19 with 309565134017 - sampling time: 0.5129168033599854
13205: Sampled 23 with 1133832312477 - sampling time: 0.3471386432647705
13203: Sampled 20 with 875128782427 - sampling time: 0.49782848358154297
13206: Sampled 17 with 1402454654403 - sampling time: 0.5129055976867676
13207: Sampled 21 with 1708980243849 - sampling time: 0.42638111114501953
13201: Sampled 18 with 585577489202 - sampling time: 0.4899024963378906
13199: Sampled 22 with 51888966688 - sampling time: 0.510901689529419
13205: Sampled 24 with 1134545065282 - sampling time: 0.36548590660095215
13200: Sampled 20 with 310516908283 - sampling time: 0.5355181694030762
13203: Sampled 21 with 877185634781 - sampling time: 0.46575021743774414
13206: Sampled 18 with 1402621395424 - sampling time: 0.5113189220428467
13207: Sampled 22 with 1709181273852 - sampling time: 0.435100793838501
13201: Sampled 19 with 590727164433 - sampling time: 0.46861720085144043
13199: Sampled 23 with 54435623854 - sampling time: 0.46330738067626953
13205: Sampled 25 with 1136498089344 - sampling time: 0.45640015602111816
13200: Sampled 21 with 313100083202 - sampling time: 0.4278864860534668
13203: Sampled 22 with 877929589960 - sampling time: 0.4221160411834717
13207: Sampled 23 with 1709565455727 - sampling time: 0.45816802978515625
13206: Sampled 19 with 1404879945159 - sampling time: 0.5442295074462891
13199: Sampled 24 with 55441168554 - sampling time: 0.46680212020874023
13205: Sampled 26 with 1138335721245 - sampling time: 0.48366618156433105
13201: Sampled 20 with 593744672553 - sampling time: 0.4921095371246338
13200: Sampled 22 with 314342631111 - sampling time: 0.4985802173614502
13203: Sampled 23 with 886324216337 - sampling time: 0.522376537322998
13207: Sampled 24 with 1710073779458 - sampling time: 0.4905848503112793
13206: Sampled 20 with 1405389972332 - sampling time: 0.45109081268310547
13205: Sampled 27 with 1138838761130 - sampling time: 0.4404122829437256
13199: Sampled 25 with 63559560695 - sampling time: 0.5002145767211914
13201: Sampled 21 with 599205365373 - sampling time: 0.4837508201599121
13200: Sampled 23 with 321656527820 - sampling time: 0.45264506340026855
13203: Sampled 24 with 888646259306 - sampling time: 0.5170924663543701
13207: Sampled 25 with 1712932543422 - sampling time: 0.48897624015808105
13206: Sampled 21 with 1405882846392 - sampling time: 0.488741397857666
13205: Sampled 28 with 1141525294017 - sampling time: 0.4516336917877197
13201: Sampled 22 with 599492164971 - sampling time: 0.4928915500640869
13199: Sampled 26 with 63927673218 - sampling time: 0.5102746486663818
13200: Sampled 24 with 328382828488 - sampling time: 0.5342113971710205
13203: Sampled 25 with 889014159137 - sampling time: 0.4306910037994385
13207: Sampled 26 with 1717525771738 - sampling time: 0.41985297203063965
13205: Sampled 29 with 1142549868159 - sampling time: 0.4524803161621094
13206: Sampled 22 with 1406192347841 - sampling time: 0.527733564376831
13201: Sampled 23 with 600323379584 - sampling time: 0.47995638847351074
13199: Sampled 27 with 64595440643 - sampling time: 0.49541234970092773
13203: Sampled 26 with 890240386807 - sampling time: 0.37635302543640137
13200: Sampled 25 with 329718156192 - sampling time: 0.5399789810180664
13207: Sampled 27 with 1723231494477 - sampling time: 0.4366028308868408
13205: Sampled 30 with 1142719045260 - sampling time: 0.48028993606567383
13201: Sampled 24 with 601528438446 - sampling time: 0.449385404586792
13203: Sampled 27 with 891362247327 - sampling time: 0.3836076259613037
13206: Sampled 23 with 1407905909638 - sampling time: 0.5519313812255859
13199: Sampled 28 with 66696059331 - sampling time: 0.49742555618286133
13200: Sampled 26 with 332115569492 - sampling time: 0.45836305618286133
13207: Sampled 28 with 1727121239214 - sampling time: 0.5410783290863037
13205: Sampled 31 with 1145527525729 - sampling time: 0.5288217067718506
13203: Sampled 28 with 892744266492 - sampling time: 0.44884681701660156
13201: Sampled 25 with 601633900061 - sampling time: 0.4636571407318115
13199: Sampled 29 with 68322290467 - sampling time: 0.4891355037689209
13206: Sampled 24 with 1410683577839 - sampling time: 0.5669329166412354
13200: Sampled 27 with 332829086948 - sampling time: 0.45874714851379395
13207: Sampled 29 with 1733271552646 - sampling time: 0.5515227317810059
13201: Sampled 26 with 602116554897 - sampling time: 0.4480884075164795
13203: Sampled 29 with 893712012615 - sampling time: 0.48325467109680176
13205: Sampled 32 with 1145728851626 - sampling time: 0.5210747718811035
13199: Sampled 30 with 68654080320 - sampling time: 0.4928855895996094
13200: Sampled 28 with 334517879061 - sampling time: 0.3974723815917969
13206: Sampled 25 with 1411644347144 - sampling time: 0.5595123767852783
13207: Sampled 30 with 1733580877136 - sampling time: 0.3340182304382324
13201: Sampled 27 with 605981569842 - sampling time: 0.470944881439209
13203: Sampled 30 with 898442055440 - sampling time: 0.451338529586792
13200: Sampled 29 with 335969077541 - sampling time: 0.32651257514953613
13205: Sampled 33 with 1148664859010 - sampling time: 0.4955613613128662
13199: Sampled 31 with 68672056819 - sampling time: 0.4920535087585449
13207: Sampled 31 with 1734718110090 - sampling time: 0.3690800666809082
13206: Sampled 26 with 1413742819417 - sampling time: 0.49056077003479004
13201: Sampled 28 with 606513320422 - sampling time: 0.4358704090118408
13203: Sampled 31 with 898688190244 - sampling time: 0.4572865962982178
13200: Sampled 30 with 336888980249 - sampling time: 0.4511106014251709
13205: Sampled 34 with 1152274061666 - sampling time: 0.48385190963745117
13199: Sampled 32 with 72197928250 - sampling time: 0.43940091133117676
13207: Sampled 32 with 1738471934171 - sampling time: 0.5251965522766113
13206: Sampled 27 with 1416588386729 - sampling time: 0.5417690277099609
13201: Sampled 29 with 608169634045 - sampling time: 0.45682430267333984
13200: Sampled 31 with 337374336514 - sampling time: 0.4415404796600342
13203: Sampled 32 with 905563311211 - sampling time: 0.49711155891418457
13199: Sampled 33 with 74061547072 - sampling time: 0.4579174518585205
13205: Sampled 35 with 1153303121786 - sampling time: 0.5215268135070801
13207: Sampled 33 with 1738679159107 - sampling time: 0.4261629581451416
13201: Sampled 30 with 609097258956 - sampling time: 0.4191117286682129
13206: Sampled 28 with 1418017335750 - sampling time: 0.551133394241333
13200: Sampled 32 with 338948273813 - sampling time: 0.47281575202941895
13203: Sampled 33 with 908464193615 - sampling time: 0.48708510398864746
13199: Sampled 34 with 74984831840 - sampling time: 0.4325258731842041
13205: Sampled 36 with 1156143193169 - sampling time: 0.49330806732177734
13207: Sampled 34 with 1739911990867 - sampling time: 0.5196731090545654
13201: Sampled 31 with 611152403221 - sampling time: 0.4366130828857422
13206: Sampled 29 with 1418531986463 - sampling time: 0.5455801486968994
13200: Sampled 33 with 342465633430 - sampling time: 0.5133755207061768
13203: Sampled 34 with 909000925831 - sampling time: 0.4600541591644287
13199: Sampled 35 with 77537714574 - sampling time: 0.4302361011505127
13205: Sampled 37 with 1161131887080 - sampling time: 0.5221130847930908
13207: Sampled 35 with 1742079730031 - sampling time: 0.5092697143554688
13201: Sampled 32 with 614106926000 - sampling time: 0.42171788215637207
13203: Sampled 35 with 912152861524 - sampling time: 0.4548633098602295
13199: Sampled 36 with 89796901417 - sampling time: 0.44313788414001465
13206: Sampled 30 with 1419798704664 - sampling time: 0.5207626819610596
13200: Sampled 34 with 342650125291 - sampling time: 0.5181894302368164
13201: Sampled 33 with 614403905769 - sampling time: 0.41434192657470703
13205: Sampled 38 with 1161765009710 - sampling time: 0.5022153854370117
13207: Sampled 36 with 1745067387033 - sampling time: 0.5040333271026611
13199: Sampled 37 with 90553946995 - sampling time: 0.4087662696838379
13203: Sampled 36 with 915191119301 - sampling time: 0.5018301010131836
13200: Sampled 35 with 343158741829 - sampling time: 0.47455883026123047
13206: Sampled 31 with 1421931235843 - sampling time: 0.5202407836914062
13201: Sampled 34 with 618211562812 - sampling time: 0.4167196750640869
13205: Sampled 39 with 1164340379367 - sampling time: 0.5594112873077393
13199: Sampled 38 with 95801964715 - sampling time: 0.4054379463195801
13207: Sampled 37 with 1746457173251 - sampling time: 0.5175936222076416
13200: Sampled 36 with 348304323323 - sampling time: 0.4871246814727783
13203: Sampled 37 with 917941110268 - sampling time: 0.5306928157806396
13201: Sampled 35 with 619001880210 - sampling time: 0.4251410961151123
13206: Sampled 32 with 1425413732059 - sampling time: 0.5724246501922607
13199: Sampled 39 with 95873399770 - sampling time: 0.41581130027770996
13207: Sampled 38 with 1749525736988 - sampling time: 0.4866750240325928
13205: Sampled 40 with 1164765283256 - sampling time: 0.5266964435577393
13201: Sampled 36 with 622826337664 - sampling time: 0.4178004264831543
13203: Sampled 38 with 919282715791 - sampling time: 0.45952510833740234
13200: Sampled 37 with 349356699320 - sampling time: 0.49506711959838867
13199: Sampled 40 with 96621945692 - sampling time: 0.4011569023132324
13206: Sampled 33 with 1428034266805 - sampling time: 0.5142135620117188
13207: Sampled 39 with 1750375905282 - sampling time: 0.42245960235595703
13205: Sampled 41 with 1165735477843 - sampling time: 0.5207691192626953
13201: Sampled 37 with 623006035580 - sampling time: 0.42011260986328125
13203: Sampled 39 with 923455024132 - sampling time: 0.482342004776001
13200: Sampled 38 with 352778914261 - sampling time: 0.5192444324493408
13199: Sampled 41 with 98484340342 - sampling time: 0.46822142601013184
13206: Sampled 34 with 1428791787363 - sampling time: 0.4746823310852051
13207: Sampled 40 with 1750614457051 - sampling time: 0.4571969509124756
13201: Sampled 38 with 627780370801 - sampling time: 0.3993973731994629
13205: Sampled 42 with 1167399558765 - sampling time: 0.5307321548461914
13203: Sampled 40 with 923818591241 - sampling time: 0.45400428771972656
13200: Sampled 39 with 358910148471 - sampling time: 0.45936083793640137
13199: Sampled 42 with 101641205895 - sampling time: 0.4703390598297119
13207: Sampled 41 with 1750640528528 - sampling time: 0.39242005348205566
13206: Sampled 35 with 1430033817822 - sampling time: 0.5325829982757568
13201: Sampled 39 with 627924045639 - sampling time: 0.4219543933868408
13203: Sampled 41 with 926358419932 - sampling time: 0.47471141815185547
13205: Sampled 43 with 1168798924367 - sampling time: 0.5468885898590088
13200: Sampled 40 with 364442942604 - sampling time: 0.489943265914917
13207: Sampled 42 with 1752925022138 - sampling time: 0.4418604373931885
13199: Sampled 43 with 102546197560 - sampling time: 0.513434648513794
13201: Sampled 40 with 629250692834 - sampling time: 0.39350390434265137
13206: Sampled 36 with 1435326568474 - sampling time: 0.5240452289581299
13203: Sampled 42 with 927272955592 - sampling time: 0.45892882347106934
13200: Sampled 41 with 365078526601 - sampling time: 0.4610629081726074
13205: Sampled 44 with 1168991130348 - sampling time: 0.5579562187194824
13199: Sampled 44 with 104276624967 - sampling time: 0.4284548759460449
13207: Sampled 43 with 1754395855556 - sampling time: 0.5098099708557129
13201: Sampled 41 with 630828598250 - sampling time: 0.4270014762878418
13206: Sampled 37 with 1436351456312 - sampling time: 0.5088837146759033
13203: Sampled 43 with 927914592985 - sampling time: 0.4602968692779541
13200: Sampled 42 with 365105490641 - sampling time: 0.450624942779541
13199: Sampled 45 with 105271929136 - sampling time: 0.43205857276916504
13201: Sampled 42 with 633184787880 - sampling time: 0.41498827934265137
13205: Sampled 45 with 1170517758584 - sampling time: 0.5807890892028809
13207: Sampled 44 with 1757203056675 - sampling time: 0.5536632537841797
13206: Sampled 38 with 1437176562050 - sampling time: 0.49101877212524414
13203: Sampled 44 with 931373410540 - sampling time: 0.4549832344055176
13200: Sampled 43 with 365917056275 - sampling time: 0.43662071228027344
13199: Sampled 46 with 105509951232 - sampling time: 0.4030144214630127
13201: Sampled 43 with 635660317188 - sampling time: 0.41473841667175293
13205: Sampled 46 with 1172558106352 - sampling time: 0.5144994258880615
13207: Sampled 45 with 1757817587916 - sampling time: 0.5583369731903076
13203: Sampled 45 with 931381079321 - sampling time: 0.4323279857635498
13206: Sampled 39 with 1439328719625 - sampling time: 0.5339834690093994
13201: Sampled 44 with 641058482349 - sampling time: 0.4172546863555908
13199: Sampled 47 with 105655665099 - sampling time: 0.44397974014282227
13200: Sampled 44 with 369371752223 - sampling time: 0.48250627517700195
13207: Sampled 46 with 1760969571323 - sampling time: 0.40837907791137695
13205: Sampled 47 with 1175738953153 - sampling time: 0.5108835697174072
13203: Sampled 46 with 932915552990 - sampling time: 0.47135138511657715
13201: Sampled 45 with 641398677536 - sampling time: 0.40500783920288086
13199: Sampled 48 with 107799145927 - sampling time: 0.39638853073120117
13206: Sampled 40 with 1440593551989 - sampling time: 0.488018274307251
13200: Sampled 45 with 370841570551 - sampling time: 0.48168158531188965
13207: Sampled 47 with 1762848836305 - sampling time: 0.5206136703491211
13205: Sampled 48 with 1180864727324 - sampling time: 0.5145721435546875
13201: Sampled 46 with 642456498408 - sampling time: 0.41110873222351074
13203: Sampled 47 with 933762090918 - sampling time: 0.4367051124572754
13199: Sampled 49 with 109826199990 - sampling time: 0.4335300922393799
13206: Sampled 41 with 1444495952730 - sampling time: 0.4731907844543457
13200: Sampled 46 with 372087492803 - sampling time: 0.5053167343139648
13201: Sampled 47 with 643067216194 - sampling time: 0.4045991897583008
13199: Sampled 50 with 109966009188 - sampling time: 0.4194822311401367
13203: Sampled 48 with 936481453627 - sampling time: 0.4415557384490967
13207: Sampled 48 with 1763733535204 - sampling time: 0.5137605667114258
13205: Sampled 49 with 1182786863302 - sampling time: 0.573113203048706
13206: Sampled 42 with 1444784342104 - sampling time: 0.500939130783081
13200: Sampled 47 with 373204438557 - sampling time: 0.48072290420532227
13201: Sampled 48 with 646638529703 - sampling time: 0.40279459953308105
13199: Sampled 51 with 110883339742 - sampling time: 0.39783167839050293
13203: Sampled 49 with 940767928157 - sampling time: 0.42859458923339844
13207: Sampled 49 with 1765770003267 - sampling time: 0.5145864486694336
13205: Sampled 50 with 1183085172334 - sampling time: 0.4647798538208008
13206: Sampled 43 with 1447150786035 - sampling time: 0.5436792373657227
13200: Sampled 48 with 375296971186 - sampling time: 0.48857760429382324
13201: Sampled 49 with 648402381945 - sampling time: 0.4157853126525879
13199: Sampled 52 with 115055481577 - sampling time: 0.4741489887237549
13203: Sampled 50 with 946572903622 - sampling time: 0.4439396858215332
13205: Sampled 51 with 1183325259320 - sampling time: 0.4438140392303467
13207: Sampled 50 with 1768659315277 - sampling time: 0.5178847312927246
13206: Sampled 44 with 1449091223187 - sampling time: 0.49681663513183594
13201: Sampled 50 with 653072497372 - sampling time: 0.40656471252441406
13200: Sampled 49 with 375685060154 - sampling time: 0.48732566833496094
13203: Sampled 51 with 948555025970 - sampling time: 0.4142954349517822
13199: Sampled 53 with 117256682765 - sampling time: 0.4695863723754883
13205: Sampled 52 with 1184186475521 - sampling time: 0.46303296089172363
13207: Sampled 51 with 1768888529104 - sampling time: 0.5377638339996338
13201: Sampled 51 with 653886313244 - sampling time: 0.42542028427124023
13200: Sampled 50 with 376563117713 - sampling time: 0.46776437759399414
13206: Sampled 45 with 1449204597450 - sampling time: 0.5552074909210205
13203: Sampled 52 with 950551469310 - sampling time: 0.47693943977355957
13199: Sampled 54 with 118278948636 - sampling time: 0.4493370056152344
13205: Sampled 53 with 1185833512860 - sampling time: 0.45586538314819336
13201: Sampled 52 with 657179508306 - sampling time: 0.3938460350036621
13200: Sampled 51 with 378208019335 - sampling time: 0.4407472610473633
13207: Sampled 52 with 1769898510852 - sampling time: 0.5234134197235107
13203: Sampled 53 with 950708677639 - sampling time: 0.4521002769470215
13206: Sampled 46 with 1449368907324 - sampling time: 0.5515351295471191
13199: Sampled 55 with 119695371079 - sampling time: 0.5387310981750488
13205: Sampled 54 with 1186071116604 - sampling time: 0.4513225555419922
13201: Sampled 53 with 661915429538 - sampling time: 0.4172801971435547
13200: Sampled 52 with 378492010282 - sampling time: 0.44226527214050293
13207: Sampled 53 with 1772684961896 - sampling time: 0.5082337856292725
13203: Sampled 54 with 951303743224 - sampling time: 0.481640100479126
13201: Sampled 54 with 663793718380 - sampling time: 0.41396379470825195
13199: Sampled 56 with 120480492391 - sampling time: 0.50775146484375
13206: Sampled 47 with 1454116594701 - sampling time: 0.5648670196533203
13205: Sampled 55 with 1188736774725 - sampling time: 0.49767279624938965
13207: Sampled 54 with 1773587661621 - sampling time: 0.43428969383239746
13200: Sampled 53 with 379520456657 - sampling time: 0.5456690788269043
13203: Sampled 55 with 952134290956 - sampling time: 0.48132801055908203
13201: Sampled 55 with 664285670297 - sampling time: 0.4081864356994629
13199: Sampled 57 with 121600468405 - sampling time: 0.4787170886993408
13206: Sampled 48 with 1455323064400 - sampling time: 0.5669426918029785
13205: Sampled 56 with 1191375001319 - sampling time: 0.5327489376068115
13207: Sampled 55 with 1779009438890 - sampling time: 0.5381693840026855
13201: Sampled 56 with 666908548289 - sampling time: 0.3879578113555908
13200: Sampled 54 with 381473926573 - sampling time: 0.5519390106201172
13203: Sampled 56 with 955257958009 - sampling time: 0.5030581951141357
13199: Sampled 58 with 123016367331 - sampling time: 0.45009899139404297
13206: Sampled 49 with 1459916044961 - sampling time: 0.4941895008087158
13205: Sampled 57 with 1193340163032 - sampling time: 0.5019421577453613
13201: Sampled 57 with 668117600960 - sampling time: 0.4156045913696289
13207: Sampled 56 with 1780266973055 - sampling time: 0.5519747734069824
13203: Sampled 57 with 955468264237 - sampling time: 0.49350714683532715
13200: Sampled 55 with 382062838886 - sampling time: 0.5902276039123535
13199: Sampled 59 with 123623835656 - sampling time: 0.5024769306182861
13201: Sampled 58 with 677639062873 - sampling time: 0.3864717483520508
13205: Sampled 58 with 1201684389546 - sampling time: 0.5096828937530518
13206: Sampled 50 with 1462039382637 - sampling time: 0.5465469360351562
13203: Sampled 58 with 964465767220 - sampling time: 0.48334264755249023
13207: Sampled 57 with 1780495511918 - sampling time: 0.5254402160644531
13200: Sampled 56 with 384494234253 - sampling time: 0.5036723613739014
13199: Sampled 60 with 123784977267 - sampling time: 0.5047175884246826
13201: Sampled 59 with 678245492517 - sampling time: 0.3870882987976074
13206: Sampled 51 with 1462873931440 - sampling time: 0.5417747497558594
13205: Sampled 59 with 1204651630192 - sampling time: 0.5548477172851562
13203: Sampled 59 with 964866027963 - sampling time: 0.497483491897583
13201: Sampled 60 with 678669257368 - sampling time: 0.3953218460083008
13207: Sampled 58 with 1784119163544 - sampling time: 0.5669124126434326
13199: Sampled 61 with 124147711901 - sampling time: 0.4951763153076172
13200: Sampled 57 with 386181286913 - sampling time: 0.5541274547576904
13206: Sampled 52 with 1463247737898 - sampling time: 0.5277097225189209
13205: Sampled 60 with 1205645951119 - sampling time: 0.5260829925537109
13203: Sampled 60 with 965867207204 - sampling time: 0.43190813064575195
13201: Sampled 61 with 682684560433 - sampling time: 0.38808321952819824
13199: Sampled 62 with 125572871721 - sampling time: 0.3949003219604492
13200: Sampled 58 with 386420051504 - sampling time: 0.5201799869537354
13207: Sampled 59 with 1794695709845 - sampling time: 0.5692574977874756
13201: Sampled 62 with 684619943984 - sampling time: 0.38705897331237793
13206: Sampled 53 with 1464744372475 - sampling time: 0.4961566925048828
13205: Sampled 61 with 1206432006610 - sampling time: 0.5217878818511963
13203: Sampled 61 with 966334339773 - sampling time: 0.5011837482452393
13199: Sampled 63 with 126632413096 - sampling time: 0.5032021999359131
13200: Sampled 59 with 387899914899 - sampling time: 0.5321850776672363
13201: Sampled 63 with 684868472199 - sampling time: 0.3930838108062744
13207: Sampled 60 with 1795554454711 - sampling time: 0.5848126411437988
13205: Sampled 62 with 1209875320994 - sampling time: 0.46472764015197754
13206: Sampled 54 with 1465791216790 - sampling time: 0.5103905200958252
13203: Sampled 62 with 966797530071 - sampling time: 0.4664344787597656
13199: Sampled 64 with 127143168347 - sampling time: 0.5375220775604248
13201: Sampled 64 with 685059266124 - sampling time: 0.38361048698425293
13200: Sampled 60 with 388178427872 - sampling time: 0.549746036529541
13207: Sampled 61 with 1796032751459 - sampling time: 0.5474286079406738
13206: Sampled 55 with 1466426617001 - sampling time: 0.4929993152618408
13203: Sampled 63 with 970556201579 - sampling time: 0.5069105625152588
13205: Sampled 63 with 1210477829808 - sampling time: 0.5783178806304932
13201: Sampled 65 with 686675033344 - sampling time: 0.39809179306030273
13199: Sampled 65 with 128062056576 - sampling time: 0.5447862148284912
13200: Sampled 61 with 388535703302 - sampling time: 0.5407373905181885
13207: Sampled 62 with 1798127076968 - sampling time: 0.5580577850341797
13205: Sampled 64 with 1213915065375 - sampling time: 0.4517538547515869
13203: Sampled 64 with 970905916184 - sampling time: 0.4872896671295166
13201: Sampled 66 with 686678653097 - sampling time: 0.3981790542602539
13206: Sampled 56 with 1467547544109 - sampling time: 0.5407125949859619
13199: Sampled 66 with 128348217579 - sampling time: 0.4550511837005615
13201: Sampled 67 with 691781239793 - sampling time: 0.37568211555480957
13200: Sampled 62 with 389007687064 - sampling time: 0.5238842964172363
13205: Sampled 65 with 1214156291212 - sampling time: 0.4683976173400879
13203: Sampled 65 with 972363539170 - sampling time: 0.4754161834716797
13207: Sampled 63 with 1799472803070 - sampling time: 0.566509485244751
13206: Sampled 57 with 1472872657824 - sampling time: 0.5188901424407959
13199: Sampled 67 with 128898233567 - sampling time: 0.5224852561950684
13201: Sampled 68 with 692266880818 - sampling time: 0.3858811855316162
13200: Sampled 63 with 393111291870 - sampling time: 0.46326589584350586
13205: Sampled 66 with 1215561065662 - sampling time: 0.49590539932250977
13206: Sampled 58 with 1473534416642 - sampling time: 0.4740772247314453
13203: Sampled 66 with 974537787043 - sampling time: 0.531090497970581
13207: Sampled 64 with 1799572150020 - sampling time: 0.5622038841247559
13201: Sampled 69 with 694326576719 - sampling time: 0.3927614688873291
13199: Sampled 68 with 129703963404 - sampling time: 0.49640560150146484
13200: Sampled 64 with 394054725537 - sampling time: 0.4871857166290283
13206: Sampled 59 with 1474202023691 - sampling time: 0.4523491859436035
13205: Sampled 67 with 1217168568867 - sampling time: 0.5158388614654541
13203: Sampled 67 with 975484194297 - sampling time: 0.5246775150299072
13201: Sampled 70 with 695717668548 - sampling time: 0.3785111904144287
13199: Sampled 69 with 130907521419 - sampling time: 0.47084593772888184
13207: Sampled 65 with 1800648014938 - sampling time: 0.5691661834716797
13200: Sampled 65 with 399226518304 - sampling time: 0.4875321388244629
13201: Sampled 71 with 698242513670 - sampling time: 0.394376277923584
13205: Sampled 68 with 1220543476358 - sampling time: 0.4790651798248291
13206: Sampled 60 with 1476679026969 - sampling time: 0.5715253353118896
13203: Sampled 68 with 978381965997 - sampling time: 0.5508620738983154
13199: Sampled 70 with 132553614938 - sampling time: 0.5126986503601074
13207: Sampled 66 with 1802116773656 - sampling time: 0.5469858646392822
13201: Sampled 72 with 704677766185 - sampling time: 0.3735389709472656
13200: Sampled 66 with 399468372181 - sampling time: 0.5124096870422363
13205: Sampled 69 with 1222168029684 - sampling time: 0.5127277374267578
13203: Sampled 69 with 981983025507 - sampling time: 0.4879035949707031
13206: Sampled 61 with 1476696864914 - sampling time: 0.5486733913421631
13199: Sampled 71 with 135404044872 - sampling time: 0.4499526023864746
13207: Sampled 67 with 1805812223746 - sampling time: 0.40302300453186035
13201: Sampled 73 with 709625315153 - sampling time: 0.391054630279541
13200: Sampled 67 with 400957311717 - sampling time: 0.4972219467163086
13205: Sampled 70 with 1223763273799 - sampling time: 0.488677978515625
13203: Sampled 70 with 981987090251 - sampling time: 0.44440484046936035
13207: Sampled 68 with 1806230908502 - sampling time: 0.42298460006713867
13206: Sampled 62 with 1478561959944 - sampling time: 0.479647159576416
13201: Sampled 74 with 710619565433 - sampling time: 0.38762998580932617
13199: Sampled 72 with 135703353563 - sampling time: 0.4948766231536865
13200: Sampled 68 with 402087988108 - sampling time: 0.4805750846862793
13205: Sampled 71 with 1228199296113 - sampling time: 0.5113213062286377
13201: Sampled 75 with 710969710558 - sampling time: 0.38309311866760254
13207: Sampled 69 with 1809155114488 - sampling time: 0.4395120143890381
13203: Sampled 71 with 985086983349 - sampling time: 0.48526883125305176
13206: Sampled 63 with 1481314331661 - sampling time: 0.4711031913757324
13199: Sampled 73 with 136746860822 - sampling time: 0.5356714725494385
13200: Sampled 69 with 402852531076 - sampling time: 0.5013885498046875
13201: Sampled 76 with 712442044035 - sampling time: 0.3932492733001709
13207: Sampled 70 with 1809235479801 - sampling time: 0.4440584182739258
13205: Sampled 72 with 1228835484108 - sampling time: 0.5119996070861816
13206: Sampled 64 with 1483618677053 - sampling time: 0.46907925605773926
13203: Sampled 72 with 990377074795 - sampling time: 0.5227406024932861
13199: Sampled 74 with 137925983362 - sampling time: 0.5257136821746826
13201: Sampled 77 with 716066486255 - sampling time: 0.37974119186401367
13200: Sampled 70 with 406008724028 - sampling time: 0.4662954807281494
13207: Sampled 71 with 1809452813527 - sampling time: 0.47757482528686523
13205: Sampled 73 with 1229276759670 - sampling time: 0.5197193622589111
13206: Sampled 65 with 1484158936154 - sampling time: 0.5011777877807617
13203: Sampled 73 with 992690584836 - sampling time: 0.5132496356964111
13201: Sampled 78 with 718459920736 - sampling time: 0.393261194229126
13199: Sampled 75 with 139168734394 - sampling time: 0.4934072494506836
13200: Sampled 71 with 409758976179 - sampling time: 0.5127663612365723
13207: Sampled 72 with 1810531322571 - sampling time: 0.47383952140808105
13206: Sampled 66 with 1485760247691 - sampling time: 0.48932409286499023
13203: Sampled 74 with 995345853193 - sampling time: 0.46709585189819336
13201: Sampled 79 with 719064932713 - sampling time: 0.3758385181427002
13205: Sampled 74 with 1232861982047 - sampling time: 0.5833315849304199
13199: Sampled 76 with 147221478728 - sampling time: 0.4682128429412842
13207: Sampled 73 with 1810724931617 - sampling time: 0.4577946662902832
13200: Sampled 72 with 412837126339 - sampling time: 0.5241422653198242
13201: Sampled 80 with 720234548802 - sampling time: 0.3801002502441406
13203: Sampled 75 with 997290974105 - sampling time: 0.41101884841918945
13206: Sampled 67 with 1487664672174 - sampling time: 0.49804258346557617
13199: Sampled 77 with 147748756059 - sampling time: 0.44049715995788574
13205: Sampled 75 with 1233086153275 - sampling time: 0.5977492332458496
13207: Sampled 74 with 1813457585354 - sampling time: 0.3935246467590332
13201: Sampled 81 with 727423479202 - sampling time: 0.38677191734313965
13203: Sampled 76 with 998188356074 - sampling time: 0.4401853084564209
13200: Sampled 73 with 415492976122 - sampling time: 0.5232815742492676
13206: Sampled 68 with 1488635911115 - sampling time: 0.44751811027526855
13199: Sampled 78 with 149808541720 - sampling time: 0.486283540725708
13201: Sampled 82 with 729518667888 - sampling time: 0.3725461959838867
13207: Sampled 75 with 1814978339442 - sampling time: 0.438169002532959
13203: Sampled 77 with 998443485026 - sampling time: 0.4151930809020996
13205: Sampled 76 with 1234128892766 - sampling time: 0.6065127849578857
13206: Sampled 69 with 1494630105818 - sampling time: 0.3573777675628662
13200: Sampled 74 with 418254022670 - sampling time: 0.5318312644958496
13199: Sampled 79 with 149889638648 - sampling time: 0.46918535232543945
13201: Sampled 83 with 732227241714 - sampling time: 0.3834388256072998
13207: Sampled 76 with 1821997467997 - sampling time: 0.520707368850708
13203: Sampled 78 with 1005861173301 - sampling time: 0.43125438690185547
13206: Sampled 70 with 1496878965530 - sampling time: 0.4577031135559082
13205: Sampled 77 with 1235063972636 - sampling time: 0.6192781925201416
13200: Sampled 75 with 418284257421 - sampling time: 0.5050463676452637
13201: Sampled 84 with 733377670694 - sampling time: 0.38036537170410156
13199: Sampled 80 with 150566489842 - sampling time: 0.43590259552001953
13203: Sampled 79 with 1005879600086 - sampling time: 0.41757631301879883
13207: Sampled 77 with 1822553731220 - sampling time: 0.5024192333221436
13206: Sampled 71 with 1496899597889 - sampling time: 0.4514896869659424
13201: Sampled 85 with 733411140995 - sampling time: 0.3783602714538574
13199: Sampled 81 with 151823444296 - sampling time: 0.4670114517211914
13200: Sampled 76 with 420654376243 - sampling time: 0.5213527679443359
13203: Sampled 80 with 1006015676256 - sampling time: 0.3465869426727295
13205: Sampled 78 with 1238782170460 - sampling time: 0.5806190967559814
13207: Sampled 78 with 1827477828420 - sampling time: 0.4454152584075928
13206: Sampled 72 with 1498726824348 - sampling time: 0.43186426162719727
13201: Sampled 86 with 735915728765 - sampling time: 0.4012424945831299
13199: Sampled 82 with 152236490274 - sampling time: 0.4605422019958496
13200: Sampled 77 with 424210508610 - sampling time: 0.5208711624145508
13203: Sampled 81 with 1006412320229 - sampling time: 0.4833261966705322
13205: Sampled 79 with 1239163241789 - sampling time: 0.5648574829101562
13201: Sampled 87 with 736880431766 - sampling time: 0.37312865257263184
13206: Sampled 73 with 1501196823041 - sampling time: 0.4697129726409912
13207: Sampled 79 with 1833532009693 - sampling time: 0.4968838691711426
13199: Sampled 83 with 156597577471 - sampling time: 0.4800739288330078
13200: Sampled 78 with 426980299834 - sampling time: 0.4801602363586426
13203: Sampled 82 with 1010558305182 - sampling time: 0.48392772674560547
13201: Sampled 88 with 738311885234 - sampling time: 0.3743293285369873
13206: Sampled 74 with 1505504360741 - sampling time: 0.4353458881378174
13207: Sampled 80 with 1837298903492 - sampling time: 0.47582316398620605
13205: Sampled 80 with 1240407958005 - sampling time: 0.5950174331665039
13201: Sampled 89 with 739837456651 - sampling time: 0.39644384384155273
13203: Sampled 83 with 1013270128187 - sampling time: 0.407057523727417
13199: Sampled 84 with 163627643702 - sampling time: 0.5060207843780518
13200: Sampled 79 with 428218285310 - sampling time: 0.4721510410308838
13207: Sampled 81 with 1840849002300 - sampling time: 0.36136960983276367
13206: Sampled 75 with 1505776808396 - sampling time: 0.4660980701446533
13205: Sampled 81 with 1240901858680 - sampling time: 0.5425152778625488
13201: Sampled 90 with 744699922795 - sampling time: 0.39966320991516113
13203: Sampled 84 with 1017011723030 - sampling time: 0.47158145904541016
13199: Sampled 85 with 164271387451 - sampling time: 0.4657769203186035
13200: Sampled 80 with 428441532824 - sampling time: 0.48035144805908203
13207: Sampled 82 with 1841792923489 - sampling time: 0.49523234367370605
13206: Sampled 76 with 1508072977991 - sampling time: 0.5185368061065674
13201: Sampled 91 with 746188460693 - sampling time: 0.39656829833984375
13205: Sampled 82 with 1244230592896 - sampling time: 0.5187129974365234
13199: Sampled 86 with 165166202174 - sampling time: 0.4626739025115967
13203: Sampled 85 with 1019538337463 - sampling time: 0.5182967185974121
13200: Sampled 81 with 428443655019 - sampling time: 0.47115087509155273
13207: Sampled 83 with 1842158505735 - sampling time: 0.479097843170166
13201: Sampled 92 with 747774235201 - sampling time: 0.39742517471313477
13206: Sampled 77 with 1509928363553 - sampling time: 0.5245208740234375
13205: Sampled 83 with 1244590767663 - sampling time: 0.4913139343261719
13199: Sampled 87 with 165210134674 - sampling time: 0.470475435256958
13200: Sampled 82 with 431033537647 - sampling time: 0.48743104934692383
13207: Sampled 84 with 1842555222075 - sampling time: 0.4121990203857422
13203: Sampled 86 with 1021146380115 - sampling time: 0.5145361423492432
13201: Sampled 93 with 748790366539 - sampling time: 0.3902926445007324
13206: Sampled 78 with 1510977642811 - sampling time: 0.534090518951416
13205: Sampled 84 with 1247726921286 - sampling time: 0.5546360015869141
13207: Sampled 85 with 1842839748897 - sampling time: 0.40517497062683105
13201: Sampled 94 with 750780869605 - sampling time: 0.37926435470581055
13199: Sampled 88 with 165721572865 - sampling time: 0.5415217876434326
13200: Sampled 83 with 434711308101 - sampling time: 0.4716336727142334
13203: Sampled 87 with 1021868770146 - sampling time: 0.509091854095459
13206: Sampled 79 with 1512392380000 - sampling time: 0.5001599788665771
13201: Sampled 95 with 751866213179 - sampling time: 0.3806891441345215
13207: Sampled 86 with 1844450062175 - sampling time: 0.49478697776794434
13200: Sampled 84 with 437221411291 - sampling time: 0.4659132957458496
13205: Sampled 85 with 1248695973147 - sampling time: 0.5413901805877686
13199: Sampled 89 with 169895444430 - sampling time: 0.5198309421539307
13203: Sampled 88 with 1021958073597 - sampling time: 0.5235841274261475
13201: Sampled 96 with 754580442354 - sampling time: 0.37978124618530273
13206: Sampled 80 with 1517574741759 - sampling time: 0.5592331886291504
13200: Sampled 85 with 441355087064 - sampling time: 0.47440099716186523
13199: Sampled 90 with 171251943907 - sampling time: 0.42554306983947754
13207: Sampled 87 with 1847146792961 - sampling time: 0.5123577117919922
13205: Sampled 86 with 1250363196078 - sampling time: 0.5375020503997803
13203: Sampled 89 with 1022312656134 - sampling time: 0.5435514450073242
13201: Sampled 97 with 759472690838 - sampling time: 0.39614033699035645
13199: Sampled 91 with 176446722445 - sampling time: 0.40164637565612793
13206: Sampled 81 with 1523447295216 - sampling time: 0.5689952373504639
13200: Sampled 86 with 442439799521 - sampling time: 0.47123146057128906
13207: Sampled 88 with 1847983572021 - sampling time: 0.5011091232299805
13201: Sampled 98 with 759721424456 - sampling time: 0.3917410373687744
13203: Sampled 90 with 1026458923762 - sampling time: 0.44484591484069824
13205: Sampled 87 with 1251476846623 - sampling time: 0.5487058162689209
13199: Sampled 92 with 178012570404 - sampling time: 0.462479829788208
13200: Sampled 87 with 443624195399 - sampling time: 0.45297741889953613
13206: Sampled 82 with 1526053153341 - sampling time: 0.485379695892334
13201: Sampled 99 with 760376408100 - sampling time: 0.3750319480895996
13207: Sampled 89 with 1848966766661 - sampling time: 0.5220029354095459
13203: Sampled 91 with 1029167020341 - sampling time: 0.46874523162841797
13205: Sampled 88 with 1252534138431 - sampling time: 0.5723299980163574
13199: Sampled 93 with 178043991349 - sampling time: 0.47638463973999023
13201: Sampled 100 with 761705787805 - sampling time: 0.3802201747894287
13200: Sampled 88 with 443696105966 - sampling time: 0.47162580490112305
13206: Sampled 83 with 1527863902413 - sampling time: 0.5527660846710205
13203: Sampled 92 with 1029911720327 - sampling time: 0.47290730476379395
13207: Sampled 90 with 1850716055796 - sampling time: 0.568917989730835
13201: Sampled 101 with 763703146756 - sampling time: 0.3871631622314453
13205: Sampled 89 with 1255256808215 - sampling time: 0.5689311027526855
13200: Sampled 89 with 451615411014 - sampling time: 0.44116735458374023
13199: Sampled 94 with 180246969479 - sampling time: 0.4994654655456543
13203: Sampled 93 with 1034120852363 - sampling time: 0.37800097465515137
13207: Sampled 91 with 1855267381346 - sampling time: 0.4038119316101074
13206: Sampled 84 with 1528637890848 - sampling time: 0.5691983699798584
13201: Sampled 102 with 768173767144 - sampling time: 0.3651161193847656
13199: Sampled 95 with 181010744459 - sampling time: 0.4309515953063965
13200: Sampled 90 with 453272729521 - sampling time: 0.4504885673522949
13205: Sampled 90 with 1255555871057 - sampling time: 0.607121467590332
13203: Sampled 94 with 1035627924764 - sampling time: 0.4872114658355713
13207: Sampled 92 with 1857944346224 - sampling time: 0.47162771224975586
13201: Sampled 103 with 770026610908 - sampling time: 0.37120699882507324
13206: Sampled 85 with 1528725774308 - sampling time: 0.5813150405883789
13200: Sampled 91 with 453920434881 - sampling time: 0.4606609344482422
13199: Sampled 96 with 190015852951 - sampling time: 0.513697624206543
13203: Sampled 95 with 1036676755169 - sampling time: 0.39067792892456055
13205: Sampled 91 with 1256667946170 - sampling time: 0.4486277103424072
13201: Sampled 104 with 770796449582 - sampling time: 0.3686099052429199
13207: Sampled 93 with 1859165357793 - sampling time: 0.5465042591094971
13206: Sampled 86 with 1529036457974 - sampling time: 0.5539095401763916
13200: Sampled 92 with 454185972832 - sampling time: 0.4539644718170166
13201: Sampled 105 with 771084461477 - sampling time: 0.35769200325012207
13199: Sampled 97 with 191552158716 - sampling time: 0.5309233665466309
13205: Sampled 92 with 1262115564460 - sampling time: 0.5088496208190918
13203: Sampled 96 with 1039262317130 - sampling time: 0.5293886661529541
13207: Sampled 94 with 1863126903970 - sampling time: 0.5202720165252686
13201: Sampled 106 with 771847474987 - sampling time: 0.3531949520111084
13200: Sampled 93 with 456161024570 - sampling time: 0.4396512508392334
13206: Sampled 87 with 1529064028802 - sampling time: 0.5684919357299805
13203: Sampled 97 with 1041047903011 - sampling time: 0.44942212104797363
13199: Sampled 98 with 192152578743 - sampling time: 0.5089640617370605
13205: Sampled 93 with 1262563652100 - sampling time: 0.529362678527832
13201: Sampled 107 with 772793123110 - sampling time: 0.3510706424713135
13207: Sampled 95 with 1865545076732 - sampling time: 0.4957132339477539
13200: Sampled 94 with 456638037402 - sampling time: 0.4583089351654053
13203: Sampled 98 with 1041284233628 - sampling time: 0.45305514335632324
13201: Sampled 108 with 772950533234 - sampling time: 0.35459446907043457
13199: Sampled 99 with 194147090246 - sampling time: 0.542478084564209
13206: Sampled 88 with 1531955767942 - sampling time: 0.6023070812225342
13205: Sampled 94 with 1264870235046 - sampling time: 0.5526628494262695
13207: Sampled 96 with 1866545758498 - sampling time: 0.5047831535339355
13200: Sampled 95 with 458061999007 - sampling time: 0.45223093032836914
13201: Sampled 109 with 776343950546 - sampling time: 0.36949777603149414
13203: Sampled 99 with 1041413343709 - sampling time: 0.45860791206359863
13199: Sampled 100 with 196891180550 - sampling time: 0.5682575702667236
13206: Sampled 89 with 1533929934325 - sampling time: 0.5666065216064453
13201: Sampled 110 with 778663308260 - sampling time: 0.3445549011230469
13200: Sampled 96 with 460848105231 - sampling time: 0.4392104148864746
13205: Sampled 95 with 1266448650269 - sampling time: 0.5950336456298828
13207: Sampled 97 with 1867237361646 - sampling time: 0.524773359298706
13203: Sampled 100 with 1044022189316 - sampling time: 0.4637880325317383
13201: Sampled 111 with 779179119856 - sampling time: 0.332033634185791
13200: Sampled 97 with 461298828132 - sampling time: 0.4483823776245117
13199: Sampled 101 with 198312935318 - sampling time: 0.564399003982544
13206: Sampled 90 with 1534423772547 - sampling time: 0.5818710327148438
13207: Sampled 98 with 1868273069203 - sampling time: 0.4698326587677002
13205: Sampled 96 with 1266866356421 - sampling time: 0.5720984935760498
13201: Sampled 112 with 779194265017 - sampling time: 0.34101080894470215
13203: Sampled 101 with 1044191624053 - sampling time: 0.5337085723876953
13200: Sampled 98 with 463511050917 - sampling time: 0.41522789001464844
13201: Sampled 113 with 779882384474 - sampling time: 0.36640214920043945
13207: Sampled 99 with 1872570487070 - sampling time: 0.530606746673584
13206: Sampled 91 with 1538285910252 - sampling time: 0.5707640647888184
13205: Sampled 97 with 1268846792621 - sampling time: 0.5192337036132812
13199: Sampled 102 with 198902052715 - sampling time: 0.6149368286132812
13203: Sampled 102 with 1045254993588 - sampling time: 0.616565465927124
13200: Sampled 99 with 463539416668 - sampling time: 0.4703958034515381
13201: Sampled 114 with 782079579843 - sampling time: 0.35031676292419434
13207: Sampled 100 with 1873998081647 - sampling time: 0.47875118255615234
13205: Sampled 98 with 1270463849609 - sampling time: 0.4921875
13199: Sampled 103 with 199238415223 - sampling time: 0.49611401557922363
13206: Sampled 92 with 1540572883521 - sampling time: 0.542330265045166
13201: Sampled 115 with 782606054970 - sampling time: 0.29683399200439453
13200: Sampled 100 with 465536378220 - sampling time: 0.3746466636657715
13203: Sampled 103 with 1045725108003 - sampling time: 0.501319408416748
13201: Sampled 116 with 788594723910 - sampling time: 0.27916717529296875
13199: Sampled 104 with 202794043716 - sampling time: 0.45467543601989746
13200: Sampled 101 with 467552188784 - sampling time: 0.39519810676574707
13206: Sampled 93 with 1545651230375 - sampling time: 0.4689652919769287
13207: Sampled 101 with 1879311251906 - sampling time: 0.555173397064209
13205: Sampled 99 with 1273073310411 - sampling time: 0.5197148323059082
13201: Sampled 117 with 790740536842 - sampling time: 0.30372047424316406
13203: Sampled 104 with 1046770457627 - sampling time: 0.5022926330566406
13200: Sampled 102 with 468703537211 - sampling time: 0.3838486671447754
13199: Sampled 105 with 203740753796 - sampling time: 0.44324350357055664
13201: Sampled 118 with 791605029092 - sampling time: 0.3045012950897217
13206: Sampled 94 with 1546090264149 - sampling time: 0.4640183448791504
13205: Sampled 100 with 1273800835840 - sampling time: 0.56546950340271
13207: Sampled 102 with 1879372791286 - sampling time: 0.5725376605987549
13201: Sampled 119 with 791912343897 - sampling time: 0.27089405059814453
13203: Sampled 105 with 1046900487908 - sampling time: 0.5228374004364014
13200: Sampled 103 with 470093103146 - sampling time: 0.3901486396789551
13199: Sampled 106 with 204253568720 - sampling time: 0.4788830280303955
13206: Sampled 95 with 1548689014876 - sampling time: 0.5135183334350586
13201: Sampled 120 with 794082440691 - sampling time: 0.28179430961608887
13205: Sampled 101 with 1276387125889 - sampling time: 0.47804927825927734
13207: Sampled 103 with 1880972160059 - sampling time: 0.5226631164550781
13200: Sampled 104 with 470386716340 - sampling time: 0.36214280128479004
13203: Sampled 106 with 1047435839120 - sampling time: 0.5552825927734375
13201: Sampled 121 with 794155961632 - sampling time: 0.3074917793273926
13199: Sampled 107 with 204705730537 - sampling time: 0.47177720069885254
13200: Sampled 105 with 472629975098 - sampling time: 0.35614609718322754
13206: Sampled 96 with 1556152179559 - sampling time: 0.5197832584381104
13205: Sampled 102 with 1281511425520 - sampling time: 0.4792752265930176
13201: Sampled 122 with 794165522649 - sampling time: 0.29756879806518555
13207: Sampled 104 with 1881019520640 - sampling time: 0.5221567153930664
13199: Sampled 108 with 205119011704 - sampling time: 0.4094655513763428
13203: Sampled 107 with 1047863122639 - sampling time: 0.5466756820678711
13201: Sampled 123 with 795034233543 - sampling time: 0.2969391345977783
13205: Sampled 103 with 1284651978692 - sampling time: 0.49716734886169434
13200: Sampled 106 with 476504359805 - sampling time: 0.5793426036834717
13206: Sampled 97 with 1559704215790 - sampling time: 0.6326689720153809
13207: Sampled 105 with 1881434885501 - sampling time: 0.6618154048919678
13201: Sampled 124 with 795069985651 - sampling time: 0.4463539123535156
13199: Sampled 109 with 208927485909 - sampling time: 0.6447670459747314
Process Process-12:
Traceback (most recent call last):
  File "/usr/lib/python3.5/multiprocessing/process.py", line 249, in _bootstrap
    self.run()
  File "/usr/lib/python3.5/multiprocessing/process.py", line 93, in run
    self._target(*self._args, **self._kwargs)
  File "./smarch_mp.py", line 528, in sample
    cube, number, freevar, terminate = traverse(assigned, number)
  File "./smarch_mp.py", line 472, in traverse
    _count = int(getoutput(SHARPSAT + ' -q ' + _dimacsfile))
ValueError: invalid literal for int() with base 10: "sharpSAT: ../src/instance.h:207: ClauseIndex Instance::addClause(std::vector<LiteralID>&): Assertion `!isUnitClause(literals[0].neg())' failed.\nAborted (core dumped)"
13205: Sampled 104 with 1286056397402 - sampling time: 0.6068122386932373
13203: Sampled 108 with 1049300370094 - sampling time: 0.8252658843994141
13207: Sampled 106 with 1884596528347 - sampling time: 0.4589807987213135
13206: Sampled 98 with 1562554633692 - sampling time: 0.66644287109375
13200: Sampled 107 with 482736952645 - sampling time: 0.7772407531738281
13199: Sampled 110 with 213927442997 - sampling time: 0.5862820148468018
13205: Sampled 105 with 1287442826769 - sampling time: 0.443042516708374
13203: Sampled 109 with 1052768846673 - sampling time: 0.5690114498138428
13207: Sampled 107 with 1886813285968 - sampling time: 0.5685687065124512
13206: Sampled 99 with 1572861795880 - sampling time: 0.5850784778594971
13200: Sampled 108 with 484029103889 - sampling time: 0.6088347434997559
13205: Sampled 106 with 1290158794658 - sampling time: 0.40712690353393555
13199: Sampled 111 with 214412240697 - sampling time: 0.5272672176361084
13207: Sampled 108 with 1888218431858 - sampling time: 0.3785727024078369
13203: Sampled 110 with 1057335741204 - sampling time: 0.489046573638916
13206: Sampled 100 with 1573290888102 - sampling time: 0.3767099380493164
13205: Sampled 107 with 1294765754619 - sampling time: 0.32881975173950195
13199: Sampled 112 with 215206349385 - sampling time: 0.4166529178619385
13200: Sampled 109 with 490636796227 - sampling time: 0.5409841537475586
13207: Sampled 109 with 1891988209908 - sampling time: 0.3707277774810791
13203: Sampled 111 with 1058615440549 - sampling time: 0.40544700622558594
13205: Sampled 108 with 1305211727391 - sampling time: 0.32752084732055664
13206: Sampled 101 with 1575097488517 - sampling time: 0.4429600238800049
13199: Sampled 113 with 216856305506 - sampling time: 0.4136316776275635
13205: Sampled 109 with 1305474531305 - sampling time: 0.3307967185974121
13207: Sampled 110 with 1893860442624 - sampling time: 0.4312746524810791
13200: Sampled 110 with 491608732399 - sampling time: 0.5149190425872803
13203: Sampled 112 with 1058658779547 - sampling time: 0.3795464038848877
13206: Sampled 102 with 1577868017824 - sampling time: 0.43572998046875
13199: Sampled 114 with 218292573616 - sampling time: 0.43102455139160156
13205: Sampled 110 with 1308325282353 - sampling time: 0.3268241882324219
13207: Sampled 111 with 1895136477437 - sampling time: 0.42537498474121094
13203: Sampled 113 with 1058824579104 - sampling time: 0.4171416759490967
13200: Sampled 111 with 492172185559 - sampling time: 0.5404772758483887
13206: Sampled 103 with 1579407920336 - sampling time: 0.42954349517822266
13205: Sampled 111 with 1310877577190 - sampling time: 0.3150012493133545
13199: Sampled 115 with 219583357713 - sampling time: 0.4176623821258545
13203: Sampled 114 with 1061421830643 - sampling time: 0.42659521102905273
13207: Sampled 112 with 1896191512259 - sampling time: 0.47260475158691406
13205: Sampled 112 with 1311785285205 - sampling time: 0.3343784809112549
13206: Sampled 104 with 1583743287179 - sampling time: 0.44055700302124023
13200: Sampled 112 with 492297583233 - sampling time: 0.5149681568145752
13199: Sampled 116 with 220944711611 - sampling time: 0.4068326950073242
13205: Sampled 113 with 1317096884218 - sampling time: 0.3418617248535156
13203: Sampled 115 with 1062470637809 - sampling time: 0.4534130096435547
13207: Sampled 113 with 1897679601305 - sampling time: 0.45292210578918457
13206: Sampled 105 with 1586287390655 - sampling time: 0.46657371520996094
13199: Sampled 117 with 223116282351 - sampling time: 0.3726978302001953
13200: Sampled 113 with 492484612212 - sampling time: 0.5302338600158691
13205: Sampled 114 with 1317225196228 - sampling time: 0.3271200656890869
13207: Sampled 114 with 1898804543709 - sampling time: 0.371462345123291
13203: Sampled 116 with 1063815545542 - sampling time: 0.4528768062591553
13206: Sampled 106 with 1587665263443 - sampling time: 0.45082879066467285
13199: Sampled 118 with 226881357116 - sampling time: 0.4571659564971924
13200: Sampled 114 with 495233043032 - sampling time: 0.47646450996398926
13205: Sampled 115 with 1326201352726 - sampling time: 0.539832592010498
13207: Sampled 115 with 1900853377840 - sampling time: 0.46474432945251465
13203: Sampled 117 with 1065858276618 - sampling time: 0.4480118751525879
13206: Sampled 107 with 1588584275841 - sampling time: 0.45932531356811523
13199: Sampled 119 with 229775127128 - sampling time: 0.44378232955932617
13200: Sampled 115 with 495928433706 - sampling time: 0.5027945041656494
13203: Sampled 118 with 1067588055169 - sampling time: 0.40950560569763184
13207: Sampled 116 with 1901821880230 - sampling time: 0.449770450592041
13205: Sampled 116 with 1328244007474 - sampling time: 0.5185186862945557
13199: Sampled 120 with 230450253753 - sampling time: 0.463958740234375
13206: Sampled 108 with 1588891155981 - sampling time: 0.46440553665161133
13203: Sampled 119 with 1068651686647 - sampling time: 0.39591526985168457
13200: Sampled 116 with 497812343316 - sampling time: 0.49907588958740234
13207: Sampled 117 with 1903452573494 - sampling time: 0.4587538242340088
13205: Sampled 117 with 1332392536576 - sampling time: 0.5387120246887207
13206: Sampled 109 with 1589882947415 - sampling time: 0.4377627372741699
13199: Sampled 121 with 231222974397 - sampling time: 0.4414842128753662
13203: Sampled 120 with 1071363621426 - sampling time: 0.4107778072357178
13207: Sampled 118 with 1907410901274 - sampling time: 0.40935850143432617
13200: Sampled 117 with 498071472055 - sampling time: 0.5098590850830078
13199: Sampled 122 with 234940468739 - sampling time: 0.40735602378845215
13206: Sampled 110 with 1591448880999 - sampling time: 0.43164849281311035
13205: Sampled 118 with 1332648483092 - sampling time: 0.5481419563293457
13203: Sampled 121 with 1078344850852 - sampling time: 0.4686291217803955
13207: Sampled 119 with 1909729582720 - sampling time: 0.48837971687316895
13199: Sampled 123 with 235813615279 - sampling time: 0.38723039627075195
13200: Sampled 118 with 499109224232 - sampling time: 0.5110702514648438
13206: Sampled 111 with 1593169598172 - sampling time: 0.4470653533935547
13205: Sampled 119 with 1333621101654 - sampling time: 0.5362536907196045
13203: Sampled 122 with 1079830462932 - sampling time: 0.4512977600097656
13207: Sampled 120 with 1910550206204 - sampling time: 0.4505281448364258
13199: Sampled 124 with 237271505908 - sampling time: 0.39327526092529297
13200: Sampled 119 with 499437786764 - sampling time: 0.41619110107421875
13206: Sampled 112 with 1593971477076 - sampling time: 0.46486854553222656
13203: Sampled 123 with 1080249797660 - sampling time: 0.42760443687438965
13205: Sampled 120 with 1340056370592 - sampling time: 0.5534114837646484
13199: Sampled 125 with 237433299367 - sampling time: 0.39780306816101074
13207: Sampled 121 with 1912534099531 - sampling time: 0.4676523208618164
13200: Sampled 120 with 505101982641 - sampling time: 0.4196646213531494
13206: Sampled 113 with 1599089190499 - sampling time: 0.4798002243041992
13199: Sampled 126 with 245861670934 - sampling time: 0.38284754753112793
13203: Sampled 124 with 1082438332209 - sampling time: 0.49413299560546875
13200: Sampled 121 with 506105295290 - sampling time: 0.46471548080444336
13207: Sampled 122 with 1915929710293 - sampling time: 0.5033292770385742
13205: Sampled 121 with 1342288335019 - sampling time: 0.568373441696167
13206: Sampled 114 with 1600026010715 - sampling time: 0.5086238384246826
13199: Sampled 127 with 245911917014 - sampling time: 0.3669571876525879
13203: Sampled 125 with 1082509410405 - sampling time: 0.4622352123260498
13200: Sampled 122 with 508530005032 - sampling time: 0.4520456790924072
13207: Sampled 123 with 1916120013165 - sampling time: 0.5115268230438232
13205: Sampled 122 with 1343283192906 - sampling time: 0.526576042175293
13199: Sampled 128 with 248994018428 - sampling time: 0.3744237422943115
13206: Sampled 115 with 1601274426046 - sampling time: 0.5014438629150391
13203: Sampled 126 with 1083493457773 - sampling time: 0.4816417694091797
13200: Sampled 123 with 514291061078 - sampling time: 0.5042819976806641
13199: Sampled 129 with 253958845941 - sampling time: 0.3667469024658203
13207: Sampled 124 with 1916769444900 - sampling time: 0.5043995380401611
13205: Sampled 123 with 1344333595818 - sampling time: 0.5525844097137451
13206: Sampled 116 with 1603743806543 - sampling time: 0.48575758934020996
13203: Sampled 127 with 1084461788311 - sampling time: 0.4759941101074219
13199: Sampled 130 with 255475770418 - sampling time: 0.36959242820739746
13200: Sampled 124 with 516491918407 - sampling time: 0.42131972312927246
13207: Sampled 125 with 1917847502704 - sampling time: 0.5064027309417725
13205: Sampled 124 with 1345937177057 - sampling time: 0.553591251373291
13206: Sampled 117 with 1604352340118 - sampling time: 0.4920954704284668
13199: Sampled 131 with 255783189174 - sampling time: 0.3719477653503418
13203: Sampled 128 with 1086227072935 - sampling time: 0.45917201042175293
13200: Sampled 125 with 516589985323 - sampling time: 0.42870378494262695
13207: Sampled 126 with 1926793140373 - sampling time: 0.28651952743530273
13199: Sampled 132 with 257128459209 - sampling time: 0.36657118797302246
13203: Sampled 129 with 1089569990509 - sampling time: 0.38365793228149414
13206: Sampled 118 with 1605771420034 - sampling time: 0.48085808753967285
13205: Sampled 125 with 1346313648400 - sampling time: 0.5296409130096436
13200: Sampled 126 with 519140854774 - sampling time: 0.40163278579711914
13207: Sampled 127 with 1928645560896 - sampling time: 0.4304499626159668
13199: Sampled 133 with 257248317781 - sampling time: 0.35556650161743164
13203: Sampled 130 with 1089842502767 - sampling time: 0.391021728515625
13207: Sampled 128 with 1929950945202 - sampling time: 0.3356900215148926
13206: Sampled 119 with 1605939895438 - sampling time: 0.40718507766723633
13205: Sampled 126 with 1348136373705 - sampling time: 0.4934811592102051
13200: Sampled 127 with 519352716656 - sampling time: 0.496793270111084
13199: Sampled 134 with 265155232259 - sampling time: 0.3627598285675049
13203: Sampled 131 with 1093014241866 - sampling time: 0.3737521171569824
13207: Sampled 129 with 1930060843559 - sampling time: 0.34184980392456055
13206: Sampled 120 with 1606602332278 - sampling time: 0.4274759292602539
13199: Sampled 135 with 265663529486 - sampling time: 0.37859106063842773
13205: Sampled 127 with 1348366236638 - sampling time: 0.4996755123138428
13200: Sampled 128 with 522566571596 - sampling time: 0.4924747943878174
13207: Sampled 130 with 1930143320872 - sampling time: 0.3329341411590576
13203: Sampled 132 with 1097357019344 - sampling time: 0.39128875732421875
13206: Sampled 121 with 1606790034780 - sampling time: 0.3979172706604004
13199: Sampled 136 with 265842142336 - sampling time: 0.35839009284973145
13200: Sampled 129 with 525463648084 - sampling time: 0.4134197235107422
13203: Sampled 133 with 1100450514167 - sampling time: 0.4056072235107422
13205: Sampled 128 with 1348955625160 - sampling time: 0.5276532173156738
13207: Sampled 131 with 1932906104654 - sampling time: 0.4783437252044678
13206: Sampled 122 with 1607840146707 - sampling time: 0.3965573310852051
13199: Sampled 137 with 269370138814 - sampling time: 0.36225318908691406
13203: Sampled 134 with 1100878920838 - sampling time: 0.3858463764190674
13207: Sampled 132 with 1935079555931 - sampling time: 0.37395739555358887
13200: Sampled 130 with 528129130358 - sampling time: 0.5071055889129639
13206: Sampled 123 with 1615912678772 - sampling time: 0.39620161056518555
13205: Sampled 129 with 1351230571181 - sampling time: 0.5064551830291748
13199: Sampled 138 with 270326368175 - sampling time: 0.3580644130706787
13203: Sampled 135 with 1101970301730 - sampling time: 0.38872456550598145
13200: Sampled 131 with 528195346675 - sampling time: 0.42555761337280273
13207: Sampled 133 with 1937555677719 - sampling time: 0.43028926849365234
13199: Sampled 139 with 270484362144 - sampling time: 0.3614833354949951
13206: Sampled 124 with 1618708251553 - sampling time: 0.40993356704711914
13205: Sampled 130 with 1351352123235 - sampling time: 0.4192662239074707
13203: Sampled 136 with 1102620397034 - sampling time: 0.39013051986694336
13200: Sampled 132 with 528652767046 - sampling time: 0.400280237197876
13207: Sampled 134 with 1939169954394 - sampling time: 0.43824315071105957
13199: Sampled 140 with 272526243730 - sampling time: 0.3667128086090088
13206: Sampled 125 with 1620863204708 - sampling time: 0.4034688472747803
13205: Sampled 131 with 1351542204468 - sampling time: 0.4301784038543701
13203: Sampled 137 with 1102991147214 - sampling time: 0.3963606357574463
13199: Sampled 141 with 272624453942 - sampling time: 0.3647944927215576
13200: Sampled 133 with 531954096553 - sampling time: 0.4225621223449707
13206: Sampled 126 with 1620911670483 - sampling time: 0.38961195945739746
13207: Sampled 135 with 1939845461925 - sampling time: 0.4376983642578125
13205: Sampled 132 with 1356038865920 - sampling time: 0.4334447383880615
13203: Sampled 138 with 1105497075449 - sampling time: 0.39133644104003906
13200: Sampled 134 with 532285540617 - sampling time: 0.3642454147338867
13199: Sampled 142 with 273247435328 - sampling time: 0.39219069480895996
13206: Sampled 127 with 1625618179448 - sampling time: 0.40162038803100586
13207: Sampled 136 with 1939864746339 - sampling time: 0.4368457794189453
13205: Sampled 133 with 1356443483995 - sampling time: 0.4759538173675537
13203: Sampled 139 with 1106108725467 - sampling time: 0.38857030868530273
13199: Sampled 143 with 275203736306 - sampling time: 0.3852224349975586
13200: Sampled 135 with 534407076278 - sampling time: 0.4693615436553955
13206: Sampled 128 with 1627759495990 - sampling time: 0.3980827331542969
13207: Sampled 137 with 1940626255270 - sampling time: 0.4285461902618408
13205: Sampled 134 with 1363681416222 - sampling time: 0.4171142578125
13203: Sampled 140 with 1106735468047 - sampling time: 0.3612945079803467
13206: Sampled 129 with 1628320563949 - sampling time: 0.37102437019348145
13200: Sampled 136 with 535380017847 - sampling time: 0.45339226722717285
13207: Sampled 138 with 1944841803434 - sampling time: 0.3981654644012451
13203: Sampled 141 with 1107603141389 - sampling time: 0.350583553314209
13205: Sampled 135 with 1363952021490 - sampling time: 0.3702855110168457
13206: Sampled 130 with 1631126990454 - sampling time: 0.3668382167816162
13200: Sampled 137 with 535483064018 - sampling time: 0.4041445255279541
13207: Sampled 139 with 1946347444292 - sampling time: 0.38164806365966797
13203: Sampled 142 with 1107630125647 - sampling time: 0.34595251083374023
13205: Sampled 136 with 1365071951588 - sampling time: 0.3627142906188965
13206: Sampled 131 with 1631532185493 - sampling time: 0.3609936237335205
13203: Sampled 143 with 1108597268991 - sampling time: 0.3533031940460205
13200: Sampled 138 with 537194934192 - sampling time: 0.4315941333770752
13205: Sampled 137 with 1365748664235 - sampling time: 0.406644344329834
13207: Sampled 140 with 1953056710808 - sampling time: 0.47838592529296875
13206: Sampled 132 with 1633034077673 - sampling time: 0.345721960067749
13207: Sampled 141 with 1954208477462 - sampling time: 0.2627425193786621
13200: Sampled 139 with 537547342148 - sampling time: 0.3747529983520508
13205: Sampled 138 with 1366757918518 - sampling time: 0.3831326961517334
13206: Sampled 133 with 1633482647293 - sampling time: 0.32331132888793945
13207: Sampled 142 with 1954298099185 - sampling time: 0.2757606506347656
13200: Sampled 140 with 538669713619 - sampling time: 0.37406349182128906
13206: Sampled 134 with 1635950433337 - sampling time: 0.2930285930633545
13205: Sampled 139 with 1369065518301 - sampling time: 0.36536622047424316
13200: Sampled 141 with 544579510867 - sampling time: 0.3479123115539551
13206: Sampled 135 with 1641645861984 - sampling time: 0.3145763874053955
13205: Sampled 140 with 1371633495156 - sampling time: 0.38047218322753906
13206: Sampled 136 with 1642312852341 - sampling time: 0.31104540824890137
13200: Sampled 142 with 544585287587 - sampling time: 0.3521420955657959
13205: Sampled 141 with 1373157774793 - sampling time: 0.394364595413208
13206: Sampled 137 with 1646562084833 - sampling time: 0.31450939178466797
13200: Sampled 143 with 547256155874 - sampling time: 0.4109680652618408
13205: Sampled 142 with 1377711606888 - sampling time: 0.3466477394104004
13206: Sampled 138 with 1651851901000 - sampling time: 0.2948737144470215
13205: Sampled 143 with 1377759753784 - sampling time: 0.31510138511657715
13206: Sampled 139 with 1655147425720 - sampling time: 0.26586222648620605
13206: Sampled 140 with 1660084027817 - sampling time: 0.2539534568786621
13206: Sampled 141 with 1660530596928 - sampling time: 0.2501246929168701
13206: Sampled 142 with 1661235083921 - sampling time: 0.24981927871704102
13206: Sampled 143 with 1665236304846 - sampling time: 0.2513599395751953
--- total time: 69.50205159187317 seconds ---
Output samples created on:  ./Samples/smarch_mp/axtls_2_1_4_1000.samples

real	1m9.591s
user	4m28.280s
sys	2m20.249s
