Input file:  ./FeatureModel/axtls_2_1_4.dimacs
Number of samples:  97
Output directory: ./Samples/smarch_mp
Counting - Total configurations: 1962126104736
Counting time: 0.0857081413269043
31972: Sampled 1 with 1396340581504 - sampling time: 0.3668642044067383
31969: Sampled 1 with 1162867622798 - sampling time: 0.3963353633880615
31967: Sampled 1 with 929591972170 - sampling time: 0.4122738838195801
31964: Sampled 1 with 260402193731 - sampling time: 0.447617769241333
31974: Sampled 1 with 1670358204679 - sampling time: 0.4453258514404297
31965: Sampled 1 with 665086849203 - sampling time: 0.4607250690460205
31963: Sampled 1 with 4631783776 - sampling time: 0.48626232147216797
31969: Sampled 2 with 1168087261355 - sampling time: 0.3718092441558838
31972: Sampled 2 with 1417125311992 - sampling time: 0.5043420791625977
31964: Sampled 2 with 282211986345 - sampling time: 0.4339599609375
31965: Sampled 2 with 673055644398 - sampling time: 0.42578935623168945
31974: Sampled 2 with 1770767106114 - sampling time: 0.51373291015625
31967: Sampled 2 with 943148695789 - sampling time: 0.5530211925506592
31963: Sampled 2 with 20143054927 - sampling time: 0.5177915096282959
31972: Sampled 3 with 1418847107876 - sampling time: 0.38720083236694336
31969: Sampled 3 with 1169926015366 - sampling time: 0.5008387565612793
31964: Sampled 3 with 328616254359 - sampling time: 0.4464592933654785
31965: Sampled 3 with 695978039345 - sampling time: 0.48954200744628906
31963: Sampled 3 with 59693927544 - sampling time: 0.39266037940979004
31967: Sampled 3 with 953580644611 - sampling time: 0.4466104507446289
31974: Sampled 3 with 1775857284943 - sampling time: 0.4705164432525635
31969: Sampled 4 with 1178591980952 - sampling time: 0.3601841926574707
31967: Sampled 4 with 974601719559 - sampling time: 0.3364129066467285
31964: Sampled 4 with 372389265029 - sampling time: 0.45159196853637695
31972: Sampled 4 with 1459840494397 - sampling time: 0.5382184982299805
31965: Sampled 4 with 696150228157 - sampling time: 0.5153629779815674
31963: Sampled 4 with 118202374164 - sampling time: 0.49953651428222656
31974: Sampled 4 with 1800199563565 - sampling time: 0.4811136722564697
31969: Sampled 5 with 1187020831124 - sampling time: 0.44869470596313477
31967: Sampled 5 with 1026870980183 - sampling time: 0.46165013313293457
31964: Sampled 5 with 401878964258 - sampling time: 0.44765281677246094
31965: Sampled 5 with 719058144844 - sampling time: 0.4233062267303467
31972: Sampled 5 with 1499089952882 - sampling time: 0.5225141048431396
31963: Sampled 5 with 127785161730 - sampling time: 0.45627617835998535
31974: Sampled 5 with 1804152993007 - sampling time: 0.49916815757751465
31969: Sampled 6 with 1218875273089 - sampling time: 0.47556352615356445
31967: Sampled 6 with 1035211182870 - sampling time: 0.46665000915527344
31965: Sampled 6 with 751570962664 - sampling time: 0.3897571563720703
31964: Sampled 6 with 405486081044 - sampling time: 0.4955868721008301
31972: Sampled 6 with 1511505974097 - sampling time: 0.49179792404174805
31963: Sampled 6 with 134072168197 - sampling time: 0.4811127185821533
31974: Sampled 6 with 1828653485001 - sampling time: 0.5412001609802246
31969: Sampled 7 with 1223943320794 - sampling time: 0.48787784576416016
31967: Sampled 7 with 1036741824099 - sampling time: 0.4396219253540039
31965: Sampled 7 with 822116084817 - sampling time: 0.5049724578857422
31964: Sampled 7 with 436850123527 - sampling time: 0.5334932804107666
31963: Sampled 7 with 141377553159 - sampling time: 0.4300405979156494
31972: Sampled 7 with 1565040543077 - sampling time: 0.5577859878540039
31974: Sampled 7 with 1843291236613 - sampling time: 0.4947965145111084
31969: Sampled 8 with 1279926476511 - sampling time: 0.42798352241516113
31967: Sampled 8 with 1079216090834 - sampling time: 0.5008118152618408
31965: Sampled 8 with 853273470058 - sampling time: 0.4600377082824707
31963: Sampled 8 with 159025583356 - sampling time: 0.44918107986450195
31964: Sampled 8 with 543340748368 - sampling time: 0.5168435573577881
31972: Sampled 8 with 1575072585304 - sampling time: 0.5064840316772461
31974: Sampled 8 with 1844098987259 - sampling time: 0.46327877044677734
31969: Sampled 9 with 1311126948586 - sampling time: 0.49561405181884766
31967: Sampled 9 with 1083470765676 - sampling time: 0.4358854293823242
31965: Sampled 9 with 858185417367 - sampling time: 0.48105907440185547
31963: Sampled 9 with 174396842671 - sampling time: 0.5317766666412354
31964: Sampled 9 with 549209365534 - sampling time: 0.5075457096099854
31972: Sampled 9 with 1603094955061 - sampling time: 0.4263889789581299
31974: Sampled 9 with 1853616066976 - sampling time: 0.44965219497680664
31969: Sampled 10 with 1339474023978 - sampling time: 0.4685370922088623
31967: Sampled 10 with 1094178033616 - sampling time: 0.5229434967041016
31965: Sampled 10 with 859787616784 - sampling time: 0.4855368137359619
31972: Sampled 10 with 1614566206634 - sampling time: 0.3770616054534912
31964: Sampled 10 with 552167983516 - sampling time: 0.48013782501220703
31963: Sampled 10 with 179532044658 - sampling time: 0.5554962158203125
31974: Sampled 10 with 1876977266341 - sampling time: 0.5053231716156006
31969: Sampled 11 with 1342459272543 - sampling time: 0.48714637756347656
31967: Sampled 11 with 1102391268510 - sampling time: 0.4730691909790039
31965: Sampled 11 with 862736615166 - sampling time: 0.4735219478607178
31972: Sampled 11 with 1621798764633 - sampling time: 0.4727628231048584
31963: Sampled 11 with 195444786704 - sampling time: 0.46620917320251465
31964: Sampled 11 with 559842971850 - sampling time: 0.5121829509735107
31974: Sampled 11 with 1915748997476 - sampling time: 0.4768335819244385
31967: Sampled 12 with 1105268098400 - sampling time: 0.4078361988067627
31969: Sampled 12 with 1342626975599 - sampling time: 0.5446395874023438
31965: Sampled 12 with 914790577947 - sampling time: 0.44855737686157227
31972: Sampled 12 with 1627181675802 - sampling time: 0.45290708541870117
31964: Sampled 12 with 607925171045 - sampling time: 0.4619739055633545
31963: Sampled 12 with 211331592659 - sampling time: 0.47136545181274414
31974: Sampled 12 with 1927181936528 - sampling time: 0.4989476203918457
31965: Sampled 13 with 921273331657 - sampling time: 0.394944429397583
31967: Sampled 13 with 1156522105334 - sampling time: 0.49971699714660645
31969: Sampled 13 with 1385048660613 - sampling time: 0.5161635875701904
31972: Sampled 13 with 1629098796331 - sampling time: 0.4479968547821045
31964: Sampled 13 with 618559862123 - sampling time: 0.45377349853515625
31963: Sampled 13 with 217075709103 - sampling time: 0.45478248596191406
31974: Sampled 13 with 1941697961077 - sampling time: 0.4268167018890381
31967: Sampled 14 with 1158051293390 - sampling time: 0.39321064949035645
31969: Sampled 14 with 1390103238468 - sampling time: 0.3925776481628418
31965: Sampled 14 with 927242917690 - sampling time: 0.4536912441253662
31972: Sampled 14 with 1666243663335 - sampling time: 0.3807494640350342
31963: Sampled 14 with 250723553206 - sampling time: 0.35156750679016113
31964: Sampled 14 with 661901265656 - sampling time: 0.37024569511413574
--- total time: 6.661245584487915 seconds ---
Output samples created on:  ./Samples/smarch_mp/axtls_2_1_4_97.samples
