Input file:  ./FeatureModel/axTLS.dimacs
Number of samples:  97
Output directory: ./Samples/smarch_mp
Counting - Total configurations: 428726493299198656512
Counting time: 0.11655259132385254
26762: Sampled 1 with 295510856597603224888 - sampling time: 1.6902835369110107
26763: Sampled 1 with 328348930370349027275 - sampling time: 1.7416369915008545
26756: Sampled 1 with 1997139061264824036 - sampling time: 1.7583601474761963
26758: Sampled 1 with 154241162952597121223 - sampling time: 1.8527531623840332
26764: Sampled 1 with 371472413285680340345 - sampling time: 1.8804316520690918
26757: Sampled 1 with 88803708553124559851 - sampling time: 1.902266263961792
26760: Sampled 1 with 225007043269511951599 - sampling time: 1.9662797451019287
26756: Sampled 2 with 3202070907346006407 - sampling time: 1.7551250457763672
26764: Sampled 2 with 372258266834160054785 - sampling time: 1.6509876251220703
26762: Sampled 2 with 304999836349461017857 - sampling time: 1.9212901592254639
26758: Sampled 2 with 156683079459815985357 - sampling time: 1.8772690296173096
26763: Sampled 2 with 334586559208735095999 - sampling time: 1.9954948425292969
26757: Sampled 2 with 89568835003241092606 - sampling time: 1.8454875946044922
26760: Sampled 2 with 237702227918173862050 - sampling time: 1.7905113697052002
26764: Sampled 3 with 372522655717508951560 - sampling time: 1.639437198638916
26756: Sampled 3 with 19533653384808468985 - sampling time: 1.7598094940185547
26762: Sampled 3 with 308575263745271459056 - sampling time: 1.8836653232574463
26763: Sampled 3 with 343123769443826909276 - sampling time: 1.7872638702392578
26757: Sampled 3 with 89583794049348581352 - sampling time: 1.903878927230835
26758: Sampled 3 with 166371802308714404386 - sampling time: 1.9288361072540283
26760: Sampled 3 with 243689051109137865523 - sampling time: 1.9024145603179932
26764: Sampled 4 with 375255501665117582999 - sampling time: 1.5916292667388916
26762: Sampled 4 with 308936345795284565455 - sampling time: 1.7772583961486816
26756: Sampled 4 with 37837827275213619867 - sampling time: 2.005023956298828
26757: Sampled 4 with 90224830041996119092 - sampling time: 1.8203203678131104
26763: Sampled 4 with 345422511854385413092 - sampling time: 1.9771728515625
26758: Sampled 4 with 168385162256524505937 - sampling time: 1.8791751861572266
26760: Sampled 4 with 245315008441519399228 - sampling time: 1.9429583549499512
26764: Sampled 5 with 395974414353557278625 - sampling time: 1.8654918670654297
26762: Sampled 5 with 309398183154619659741 - sampling time: 1.6955764293670654
26756: Sampled 5 with 43863621239411448059 - sampling time: 1.8325843811035156
26757: Sampled 5 with 91784580570690869597 - sampling time: 1.7826015949249268
26758: Sampled 5 with 168542095858507687440 - sampling time: 1.753591775894165
26760: Sampled 5 with 249786552437780415295 - sampling time: 1.777756690979004
26763: Sampled 5 with 346935926825946385059 - sampling time: 1.9720160961151123
26764: Sampled 6 with 398085819551130649523 - sampling time: 1.8446099758148193
26762: Sampled 6 with 312901846557647467461 - sampling time: 1.8503525257110596
26756: Sampled 6 with 49454756716428529816 - sampling time: 1.8690106868743896
26757: Sampled 6 with 98157880431670086264 - sampling time: 1.8901019096374512
26763: Sampled 6 with 352546887342213080088 - sampling time: 1.775129795074463
26760: Sampled 6 with 251091310275401767813 - sampling time: 1.9260635375976562
26758: Sampled 6 with 170988255656256968411 - sampling time: 2.0318849086761475
26764: Sampled 7 with 402072979786354944856 - sampling time: 1.9398961067199707
26756: Sampled 7 with 56044797116332035310 - sampling time: 1.5644607543945312
26762: Sampled 7 with 313659534882164005878 - sampling time: 1.80023193359375
26757: Sampled 7 with 103420385240603330361 - sampling time: 1.7822034358978271
26758: Sampled 7 with 187577736568281033925 - sampling time: 1.7945051193237305
26763: Sampled 7 with 355451487784651828625 - sampling time: 1.9413254261016846
26760: Sampled 7 with 253759587175255044528 - sampling time: 1.9649319648742676
26756: Sampled 8 with 56677146322738904985 - sampling time: 1.7595033645629883
26764: Sampled 8 with 402370493000681740277 - sampling time: 1.99330472946167
26762: Sampled 8 with 315647027696830959856 - sampling time: 1.9277775287628174
26757: Sampled 8 with 118163688340399033963 - sampling time: 2.0244250297546387
26758: Sampled 8 with 189475590716547579743 - sampling time: 2.1191484928131104
26763: Sampled 8 with 358401405791867415343 - sampling time: 2.078725576400757
26760: Sampled 8 with 260150762890721900517 - sampling time: 2.00128436088562
26756: Sampled 9 with 58740220280278438032 - sampling time: 1.5942082405090332
26764: Sampled 9 with 402535335457382279162 - sampling time: 1.7938804626464844
26762: Sampled 9 with 316951536895554766292 - sampling time: 1.679351568222046
26763: Sampled 9 with 360675855088662134515 - sampling time: 1.398378610610962
26757: Sampled 9 with 122945763752876729060 - sampling time: 2.005614995956421
26758: Sampled 9 with 196192843310181791747 - sampling time: 1.7339720726013184
26760: Sampled 9 with 263680455918169998271 - sampling time: 2.0774219036102295
26756: Sampled 10 with 60059148348293444816 - sampling time: 1.8905346393585205
26764: Sampled 10 with 417572485947561707789 - sampling time: 1.7052435874938965
26762: Sampled 10 with 322521195088939712651 - sampling time: 1.7553365230560303
26763: Sampled 10 with 362967684359044286921 - sampling time: 1.7081317901611328
26757: Sampled 10 with 139593925070827883938 - sampling time: 1.7760658264160156
26758: Sampled 10 with 206580229407456335825 - sampling time: 1.771578073501587
26760: Sampled 10 with 266231546938560169568 - sampling time: 2.0079593658447266
26764: Sampled 11 with 418868737406060361448 - sampling time: 1.746208667755127
26756: Sampled 11 with 63325988688796193705 - sampling time: 1.92702317237854
26762: Sampled 11 with 326444354897146406665 - sampling time: 1.8988807201385498
26763: Sampled 11 with 364471774016981045176 - sampling time: 1.6732854843139648
26757: Sampled 11 with 139951691838569283359 - sampling time: 1.874239444732666
26758: Sampled 11 with 215757221364690362361 - sampling time: 2.0529980659484863
26756: Sampled 12 with 74711349726596685225 - sampling time: 1.6120579242706299
26760: Sampled 11 with 285276042617507742148 - sampling time: 2.05719256401062
26764: Sampled 12 with 421731641479505897200 - sampling time: 1.9109346866607666
26762: Sampled 12 with 327215196874988419632 - sampling time: 1.9502243995666504
26763: Sampled 12 with 367442297404240867320 - sampling time: 1.8754990100860596
26757: Sampled 12 with 142149704595576123581 - sampling time: 1.7959213256835938
26758: Sampled 12 with 216268858194463242077 - sampling time: 1.9366300106048584
26756: Sampled 13 with 77371184217473803502 - sampling time: 1.7292304039001465
26764: Sampled 13 with 428527204766630677341 - sampling time: 1.938310146331787
26760: Sampled 12 with 285536938388377823859 - sampling time: 2.171626091003418
26763: Sampled 13 with 367458013694477001959 - sampling time: 1.7100143432617188
26762: Sampled 13 with 327887712624270335423 - sampling time: 1.833946943283081
26757: Sampled 13 with 146477458857548175643 - sampling time: 1.7845442295074463
26756: Sampled 14 with 80030385142466280379 - sampling time: 1.6304290294647217
26758: Sampled 13 with 217787692684905236173 - sampling time: 2.0650007724761963
26760: Sampled 13 with 289643841494089433987 - sampling time: 1.3432395458221436
26762: Sampled 14 with 328231507658763437621 - sampling time: 1.5011847019195557
26763: Sampled 14 with 369608212502068407820 - sampling time: 1.5936338901519775
26757: Sampled 14 with 146934956434379354048 - sampling time: 1.6742961406707764
26760: Sampled 14 with 293144796211987927615 - sampling time: 1.2276980876922607
26758: Sampled 14 with 224179367687949365940 - sampling time: 1.4116899967193604
--- total time: 26.34674620628357 seconds ---
Output samples created on:  ./Samples/smarch_mp/axTLS_97.samples
