Input file:  ./FeatureModel/busybox-1.18.0.dimacs
Number of samples:  97
Output directory: ./Samples/smarch_mp
Counting - Total configurations: 8499026160620020403367645609748828077599547731944348313212511374919300627064386211679237748086064676313113142858080550738779241823829059380356178815074465955879778303194438133158537394351918302936170496000000000000000
Counting time: 0.4936084747314453
27851: Sampled 1 with 2991020353835100535376439059705246969269500709521209322277642822468881842917479312148602549324453996564194355500035715083788259388212043195640636301611611817371375139858377972994822414108904944584882970916894193884244 - sampling time: 114.3302948474884
27850: Sampled 1 with 1782128397143275425601779505230036144185582291025932595213721818397643776843213428759610444428697249136880717594629920239349037292095025053036575251409819626281717265362823072691463323055605392012332405596642787116480 - sampling time: 114.74742364883423
27849: Sampled 1 with 203381751595037054868379980271007998062105338395136951379658900505562328380708836593123012335629888094272426970127427330156502389972356145118857555257002529907354645832593684782835786820405128638654351399661170045349 - sampling time: 114.85743856430054
27860: Sampled 1 with 7254029746855305468809623699629671810904296320143652070168380172750736339841022651216831899934283970724036672962611010843936899108237851957542802715946273570754883699980402674422103699957203515135192543919371040709781 - sampling time: 115.24265170097351
27855: Sampled 1 with 4887815831616448706033133214473544629390860341538203930448196060914498245968145022830729512770904567659700343764465234695079188862821806789813428632525698945251938552244415945100733498615534357124115785372925278487364 - sampling time: 115.29477834701538
27858: Sampled 1 with 6181349959559941945239176824067099110100713346470108040838001449011152501741825847874518165709237005104423031101144503386519179863048853344412840032075119521387589492196073549606679450392906916421773747814091371565069 - sampling time: 115.4158844947815
27853: Sampled 1 with 4027753555863488838888747506121791266193858219071468990551862784103644427709204910899185428984998394223283242598916446026400761514286179655414185721436100130744486016724548553677925869006108301387885722563493157744151 - sampling time: 116.06029295921326
27855: Sampled 2 with 5032477966971119555798774048411415990849420167026101450443374868965974081811658439457676886517391193792479589564547813769247847319429247442979653432213365624696420408931719479257908714705796376776700685928471237038364 - sampling time: 28.724120140075684
27853: Sampled 2 with 4048834675093994071500563475148250674148826937961573697970278261785086200848247952836264279834862557100350737912030707139417467383102058962593067994128769071521538962474687908634881985031754499906238795759100375757508 - sampling time: 28.23408579826355
27860: Sampled 2 with 7261418874719296417205246141248379308770051576566260464132781187170260287846785788235640830503617025310712803855285975506890232767746791373173370450384744979410576380889298872956332691974526139787927234838811861860157 - sampling time: 29.370699167251587
27855: Sampled 3 with 5149103686665035310958493543180751550077787071077834513096187408839498096319869031370227885788982163426650625777237525359640965931454074414348930345384111410702215882755391414898970092241038052117824455898468326199702 - sampling time: 27.16441321372986
27860: Sampled 3 with 7319466169179871501574995566187068897193000591464960347209116653129092103939745198941646787809262162066536172547444600396697084842488071321579383375215223809671573137475827606326869896492553923441474326911484618166178 - sampling time: 27.17911958694458
27853: Sampled 3 with 4096036739017716069377732636425221940154292618497552574185503669829728919518529665530316967180081387421004406601215046619573537803979789930517215563113614618308227553471258014683259392867709779929654121717418897592954 - sampling time: 27.683910608291626
27855: Sampled 4 with 5159874512988322686331642201187976013958977221487725535178341925247221258587767483682550025985082864064080899028689615515857544203235917569773334935264711742331395140419878122492742305318060246588723802719745736863760 - sampling time: 27.01986813545227
27860: Sampled 4 with 7385578915959691055743472398449591664336501682662912842704322775727939470143563429379974338284370955361553496661499116279804232784658529958385028655642102302785854450643031491742579395618993787683726007220506645218465 - sampling time: 27.32479739189148
27853: Sampled 4 with 4111427770961939537168390786924844344208453775604180414841556183673280287179896304732757955369824250772833021448266965165957141232117213005315910394800023639507643585280433254183603438889132174749906944131573076567417 - sampling time: 27.237008571624756
27855: Sampled 5 with 5219962072848206901349240877982131782334380022189873629192022281485981452896714453781327978723043447795958811641866881370732049542038909399663969021925388672764420280340977160518699208167196618972343083329692213195903 - sampling time: 26.667102813720703
27853: Sampled 5 with 4137633557627638693618639776981240110818611099357531388180969533095136489775663891346549266572576964716774190916756672766401245966581112330820212038978328229460780662772977741990233357427197416960854386470342276920269 - sampling time: 26.548401594161987
27851: Sampled 2 with 3013254140268291645759086434430532104237996298004236321981713299492502238652878455618302440462865515386504087323192982381341664988241560671959578167426219100651985459230582610889580090876184334507568835744920411467586 - sampling time: 111.62277817726135
27860: Sampled 5 with 7470077384314237033711948235643721352012616045156049942782319239333693656132494749149756284175947728290502894509325320639742437714152770616739861385996951946738455892059731405199008925856775710824980668346706594021341 - sampling time: 26.887479066848755
27858: Sampled 2 with 6232721993741432153633501090491503729086157497345028296102037558585506110657786458915602376804306871265264073168443245980173209447013650308785823569024979152795405543456508636627632937682826188797830382553774706822743 - sampling time: 116.19297170639038
27849: Sampled 2 with 440111496219499776163659069375337787270083965814135019514457818894669655847214988312230088203952841059246899005464474191990959006827767730358461388210673158416929960358673960963749373392991376506743992770727272790004 - sampling time: 123.23853182792664
27850: Sampled 2 with 1896827683474880648000351905798537206297035324156083429732872986694078473449830484355487506259099605994399104982486863634352479697809638835914502089422038604244816112550042102117938502000278218750974290908366724623744 - sampling time: 124.42697930335999
27855: Sampled 6 with 5321774426357971532743238749701359058146039201795141800745726467425601958854571260526652400024494786911589919964657821525848000588374728573709771456875108527208171119167795577590645559040282744068565443839056059134001 - sampling time: 26.043954372406006
27853: Sampled 6 with 4179321875857102139855697280622293867883015319236834740832282906990688412114659882954708947864431174677569526760385916387734878605095721338787110236482841139897697342766590896374301804021202950993603961066909278356497 - sampling time: 25.640252590179443
27860: Sampled 6 with 7488982899383899994232973430862948185137951578748670223669226945275804615338016059305206605655075977022411784963183988302030371629606621275270912996691686399106371512802066666559489254207224574059126737002659210857753 - sampling time: 26.32428288459778
27858: Sampled 3 with 6233190916542022804645115713927575616335915380680065655643816903388469225998397504562131251814234185255863947362505048119474229784646164260454411644379734115697123916423844449726135516891648929893838799907751243299716 - sampling time: 29.605087518692017
27850: Sampled 3 with 1924360235187257585216656881596683431035010222001160378696732459905685959344877957803240994781680547503584056913843620507523551085046702151307593993120434420331383558468486814413181016202452142824457695298675285592690 - sampling time: 28.550272226333618
27855: Sampled 7 with 5451621699518152366512160184100036705634507309274838133022008060682631034628042501006970903591878017684691800461916213009899897557567127568472772024078889269931323020876807250972173007558946367645631255196947869614077 - sampling time: 25.74263858795166
27853: Sampled 7 with 4209850315774122841832410660121035114097434328519591425876073316326259106308703190714672057505173711493336527614430005125888281903030780213011722218696064683244967308330103038835523749176004912250738319433171910145003 - sampling time: 25.630887746810913
27860: Sampled 7 with 7609313810750771247867581339422944034293758178177767193020925877580805205900803934908113046148305842267691799499895521325940732837023493331978182104161940645017059441425372785721463314665126565315121123843164449843295 - sampling time: 25.739904642105103
27850: Sampled 4 with 1991575411926370526986787960837275112747214105045077567017090264838631535854028116967700301824723403202978640887789196363831778547320243925020624481265029077742755843059341719447544178626939294556371055739681038877773 - sampling time: 27.53967261314392
27855: Sampled 8 with 5484135442149884731904046778875693983931860923928488114743314087669031099991553254908065481037236277990564644879283324256617676394816894867840588073597536189048748357610528228389999703027231909553548833722383941784586 - sampling time: 25.522398948669434
27853: Sampled 8 with 4229731481801507827420249251145453138690160995901350433804679423530521803695861773654544435519489358704364230468425909364532787230159333092424527999735545181605414502400908923487259981034221635936275818700488696049226 - sampling time: 25.532471418380737
27860: Sampled 8 with 7624405340436157600062912286905811946155329157160599947897726952092826271159909749718846658785598360614239775597671778497082328680308100735058033630724937974133022726842116644286766148192539933624858108894180961480605 - sampling time: 25.222258806228638
27850: Sampled 5 with 2094824855996440876160431843996189519733792208006562078959671997784108411142640201987989829565114307557896281472851126734859378828029035038471460726288092653727728794297178120239611291276140373848135584165583081546792 - sampling time: 27.03974962234497
27853: Sampled 9 with 4308719670008255088777646947781125870914572797963698526646085734577808219286458696704409035718282018737624583099697887556011230110086200941214862542754655757305444324488382727942191002079756444778201592938321221948029 - sampling time: 25.265138864517212
27855: Sampled 9 with 5508171014798512164416266006694161398137403032383520572730455548013263530372939452414949038006827445693681385283022628520325473074392665594013677033078702675700873300808062615106697322505625202096899925627021786078617 - sampling time: 25.754491090774536
27860: Sampled 9 with 7663319223955523987442309134100823450817970257099727725873774920207528162100434543059065817840797036608616912120895203162020461598093142320275931778059994148372281434390753467136133906446038029873068753992150650410540 - sampling time: 25.147165060043335
27851: Sampled 3 with 3265597553481005994336208325942969809012299277277140951595142876486570126924774850259642603199605640292589566849515119226026344713427418393247262147736357038157004051576272505939117590381276625667805992510326212806685 - sampling time: 112.76268935203552
27850: Sampled 6 with 2204827013511633871043814341181960130304265128611179618037944374121163088538919425717824912901139787065740493620920028318140492962596622907578644122102944116135671885596034009791718062317105920930924569364036402941074 - sampling time: 26.287501335144043
27855: Sampled 10 with 5526717252594410026220106424364786831410749010452080899426295759372273231007458559281706897224002451032176380140207549957255261245679870971513696802242476098112743187488634555380001728131959437180097494282437982508667 - sampling time: 24.476242303848267
27853: Sampled 10 with 4406033994934519187117619061454910207338862801298325367108905053921142278630088144374084968395315457278388943633573364935201789487027894583724661214645935726907984241885560435403121432155852684359309513690399142872791 - sampling time: 24.565961122512817
27849: Sampled 3 with 497645607819119373573201735341218917852472105880670261295000139409821382975321196274366473782221835009889728689700282293296544730220587878910722911394228030232356631166266774243795075345294152074861770931420725917699 - sampling time: 115.05966258049011
27851: Sampled 4 with 3282184217833178567951326751259497747710470377863846282635275739639877386548739918841480409376979710838544337920600276484400237603588341441014755279247354521961525667296277410851074051975545450158216328783286867033249 - sampling time: 28.82129168510437
27850: Sampled 7 with 2227430987653892158513872957707009964855336804559462607620690230881037441944605483694526395819088979445025497189356798270920150044963849183083374948137277513905210532488137860453998492763700461231912080101654533693093 - sampling time: 26.089803218841553
27855: Sampled 11 with 5541894174184899979761074795964323990996965243161698931532688889351697560432625886592309773018289484793774860259916447603194015303411882649139424074411338366448598411093120048274917445882247507925799602120446025834441 - sampling time: 23.904313564300537
27858: Sampled 4 with 6293633676403966520992755449870200856026068849727828326687891868886606687698171949811457457235237473493814746415838383159441956927359251721289613741615239720710269323637158377584117869994694252318794617685320827966404 - sampling time: 115.15670537948608
27853: Sampled 11 with 4503759068254985568693334423051480739469634170842581945556067759336494915952871452056412768589293149333419750502781565733436412407000751179301331852318205806166308007472245158334976858705193372416175186306631189942203 - sampling time: 24.5471408367157
27849: Sampled 4 with 512275635131742772055348523647927092427813616097244400461255345666041583929545468934686589009467455213154485805556741386879168772990278192884877566370361237886282724604571848580182787665113885028342043787037989081728 - sampling time: 29.318196535110474
27851: Sampled 5 with 3326485646801425841898605658654914818174318796131226072962226687852781477814564550055440330606417794286608357394389824915214232153443914578019350416635612474473741467842079096328704190244471304227678952689118015206399 - sampling time: 27.004867792129517
27855: Sampled 12 with 5694462425410480960874612586475992367845449731206419945125435071444668080261277243411198182219987793701533593958985643766933368439646049741996890428944845480946936741108171231241245076162779933199823142344291755353706 - sampling time: 24.21120810508728
27850: Sampled 8 with 2402430788604033884193099023645768463535431979676990443191144916972020235043708654878564569079462897029383904392976273238506683510484074205750989048430571985150122122145663068378774868479435158612170594545358095099198 - sampling time: 26.24997305870056
27849: Sampled 5 with 513704547481909883910734194484541721529536559488873889173293613290741858651352978491870761270561968888991107899538265850343606243652829343189025309252792633930406179441648801214644820301460407212591415600110923241501 - sampling time: 26.929626941680908
27851: Sampled 6 with 3417957698899133068413598771156209305377713254841812600602367397506036505298009746842073584798013721350204851320406688145277692421757379565579890270242588789805928329963309149696888960928112263130279964964146133424902 - sampling time: 26.571848392486572
27855: Sampled 13 with 5745425933438406895294056612364358156298349474048217077724663451593064975084637258360031266008563029027288421536430490665680954218954278440994190532161551333792283117695885901287865382638666252804432368353405488988473 - sampling time: 24.226036310195923
27850: Sampled 9 with 2458909179191805089295838028345713921384395248945731472070581426819200855707044947531272584579482086908143102712188560197792318566080652822745750781479489918898809120691865988176610644770380138691966128736760547919809 - sampling time: 26.630120038986206
27860: Sampled 10 with 7985161432698453272816377308739588414008927144085597333948451805966714383863396014223711321000152699552113318538659209573492458031933179610647512330081809547675584578410641749992524350661843185395453539795381950886838 - sampling time: 114.43160939216614
27851: Sampled 7 with 3464721320991394376798458085598250837370329532985875804984501612931910695714798475347470273852474990181454151310656026328313387738319786227981234556095682622569929010718518866764239272525766789493121909868285516347372 - sampling time: 27.143905639648438
27855: Sampled 14 with 5957154348643914092652121965805397379939253444349202745903908766990253013035950288020343990915524508945353870848746552151013334800332064731110571089372237767071955565570409041100831930371935855590432486803953977478333 - sampling time: 24.44311237335205
27850: Sampled 10 with 2576816912467275299639943577924280307990502144712543702760869937274044447923523166309718813126101656887791439606523638600211231055316069031805997898790661729225781415404304859036547586077756603676196371897960271432968 - sampling time: 26.394323348999023
27860: Sampled 11 with 8019342643725775061997011850976866077752112122697123645464167039211822372306511622562411812868381016731827781865312594727088579726963043557465405059746701706500583077957900725124530889157780548088755133584752415762714 - sampling time: 28.589450359344482
27858: Sampled 5 with 6295674252984306727580470310802666620190677479995169348326890474280211305188838405223366717928251029227543385640066092734350018563500518723479096260230992938884423605826698293593139479010477698328840204038744810223763 - sampling time: 107.64710021018982
27853: Sampled 12 with 4673702571286438870484940150651233641031163621977389352615747745287252963651535742650962427771004605763361301877953343790397145013747182688213912439097909167107921757101783443302473756873977478179539985314788136127884 - sampling time: 111.01943325996399
27853: Sampled 13 with 4841633563415055649221559971460816312550082238540921341863169806965235995244267928991289461121406717848117601704794736235976241436949417258177231706274318435002396932264874447049629431241535497057961825821525524756438 - sampling time: 27.10269594192505
27849: Sampled 6 with 827482406504731747738026774389302237238598287059777929260973483841181439995541939394569901219001578484086587821317231225149062815272344684396143223921622911134323863208934504072352253528174955959191685641407278334668 - sampling time: 109.42752194404602
27853: Sampled 14 with 4872416064124667411792607106042590881774746884212652019428739589978108258626916403855381887127573304323476598040506180185203085606313609417440265890801585164111964421744227631886909518579846716228054340162728850474284 - sampling time: 24.76040744781494
27849: Sampled 7 with 830040370649065657846486521510060662510950211475273930260747277124808039145156702543736699881659730390688172647877596708084440985228604411845445591724697764641372251890368972746107606660164561953863056446154929395260 - sampling time: 26.846521139144897
27851: Sampled 8 with 3660718305840573583024676592536885748756437157707789873877313297739936422138721161320544425382919149577271693674504866139972083924201949160609986340621714163551126226616681791284730474350609344815949995334598309660874 - sampling time: 102.5213258266449
27850: Sampled 11 with 2667864810809161430438579297979163560213795409902001473705837692847764034566294242233733745470999970916813180530552146410830994760528732034744263258009825327688440232583553722593763006536908423494370429161405030236080 - sampling time: 103.18729948997498
27860: Sampled 12 with 8107439393662077051410814319787266865070635851427824948014872279006764499718420452523721446784731680087826744587857134461508579296021806822632712235143620281960706318859635443118114640340624699998794562275429466129325 - sampling time: 102.20374822616577
27858: Sampled 6 with 6584098464237248039760491591398783906974298432769092740263340216721990106925732659568517746707235533057044014549864529965823600946163758910337186768648389492750002548003328609518056373429706490957930967082049157715047 - sampling time: 102.65325474739075
27849: Sampled 8 with 914024398505302001072313398940540885094572080505028770640679380222344875044408061996290317638880575136019417192822035677393725854294649579088108966324327356067184342497896346578171982007274149317783442401477590118635 - sampling time: 97.56766867637634
27851: Sampled 9 with 3673987386748946441679568216066236266551538721547299720787605158394140624881908587330230577828233709742270614282302411409162948558929330427509569588988472392252712014001906440808743146800916389616743720036690125730388 - sampling time: 95.15611386299133
27850: Sampled 12 with 2718375382031178291312301357433826847504991816584257416371398795817999400697973760504066638697785636016595528397075356551227231145363273602591581409817370793888476052706179765514618421994746098383708188885130828225016 - sampling time: 96.91897535324097
27860: Sampled 13 with 8137145436134887508966524192182240618389792861224593957089085240601626156242092369486819192604167865770188599743809299373988888396381310343295652171782964503444929660210865593095000583895215877400914219023385697687483 - sampling time: 97.52578377723694
27858: Sampled 7 with 6684219349320129352086675821479901642627760055852673448012940153735850465290131080893935454195218351062880263251134187428392019926549801807716457304566370321703535000805770135374093458112654256943887339794826244755142 - sampling time: 97.37119460105896
27851: Sampled 10 with 3724066607808847443393966083481284175390423371063158994595764021786424939237971508131842363324192952864213525778358126676205961929710067165556176515708102617754426655612399990979817401983468645923102274341097898383359 - sampling time: 90.0610249042511
27849: Sampled 9 with 942335625680704261999291430206522502692143403385055626077112337238221785536074463012396651405352395489766161053505214391956870538328467428107699336559556820044851237769103688665133598757599928493009426363462448146430 - sampling time: 93.9695680141449
27850: Sampled 13 with 2761357923459758801385014902117300811284473800853533379622790309054882188073685795452949641834135360781751692278414638247026388758958625481244465120588630532087009776811622440361146847152402167448566960855001131521814 - sampling time: 90.28867411613464
27851: Sampled 11 with 3759728453148441645651000185067694246653564679548704550971321255908805585790583458416047642656449536341122108289333115104270101622747654084904364547873527880954383680317985028839018156865689641838907432018697678908766 - sampling time: 35.020652294158936
27858: Sampled 8 with 6894519978066201339265443567623564369092662743607130045445665102306898159854271995641862169212229271397862050830489119786272347615135370200361406358725777373775209216721916178740618995388919334598415233452920361363278 - sampling time: 89.73604226112366
27858: Sampled 9 with 6967781551171792830022283378999308322262125408271904543037849898964304977698611764152262807019912080468513126647776381781429829177111167212770143994774004211584913348324043038516667500670465064991887121326301867829298 - sampling time: 35.12234973907471
27849: Sampled 10 with 1023395835479924537957371605068048862268062788567444398723656658526104579177052917656623772887796724337056867926405950471249996492137966077943147712479032931681251991800589245561739964272610065850162991071365178969110 - sampling time: 89.0643892288208
27850: Sampled 14 with 2802886721482317921697932474717860359127468236284589173318226055507124906432812243103165248533421903886378218194938205231266699333240653499774761615996169225747470574490001828428205636481784919562278029191248078704845 - sampling time: 89.00846409797668
27851: Sampled 12 with 3794823383143937645505910799977553682633991348108524893169486237687747042346613366578271284021674159600921215138805752501094053943934132830888863423261236105430615226848198271774556073135197122959406639934247315383048 - sampling time: 85.98218083381653
27858: Sampled 10 with 7000630163407559431701728162161308578345128318699607754904533531798733168963638654085415346901658530219188660483855872711239714500917282942343781441726157605257733819870488120995886506250091712120875667366427078914202 - sampling time: 84.69121885299683
27851: Sampled 13 with 3929140082479423849427891531667901126139816290202990285319256133901028339290723653999896352169790306289155405581246393274998522632073099351858258720425129304042039234072970849577343783340691769128963773340655707179641 - sampling time: 37.96368956565857
27849: Sampled 11 with 1091700887049374691547109883231246584242174921064027322537907440337497081521973716703876314834672384069651626295714969832606084648031524255532836666751236008261740111104299377443390858337840153880984632604455003700583 - sampling time: 79.96132898330688
27851: Sampled 14 with 3977307931373541445693698507240144417079226265300220867795994644662560767482781109604962930886332963851975551079023935654689186873024088440010871700257073838148637127587638304426962331785298166458294340744951974528474 - sampling time: 28.860495567321777
27858: Sampled 11 with 7106051596521749529130472239578919956335656558816033919216303732850899652157932362727758803719041521570497628490229220132131503435529126111158639195091030919500439678016131982897861110184392618881048545271212969014762 - sampling time: 43.78505992889404
27858: Sampled 12 with 7140285619270342904061984691855797973570235552103483625452917233470243700898621169840556750194745367842132717646221748391080616268223432717833836719715732852229397150236951716335784221095482679945059382395457452931902 - sampling time: 29.268620252609253
27849: Sampled 12 with 1125488574772475005983281480728152358341922182332915933852935256353580471452540729847541301882160641252663746363001697810392821910214570420801276062632437676534723855030979008744578451121839904637886857214160476954949 - sampling time: 72.87823963165283
27858: Sampled 13 with 7184174441959383118720364839251732022792273122260636794501327826508740828306774135203093446562433805385180203494630741631032925055878131678027053712434649066424176216893861226134635515933979084805113359769402360429846 - sampling time: 26.765929698944092
27858: Sampled 14 with 7221181971789842687996742053736396375986142287091013114494610351619370631300735244771796745693202945365971097775430812433068989181709613724261857049905288494292125744397255974838205409037424138502218113357758287779566 - sampling time: 25.30908465385437
27849: Sampled 13 with 1204597535784095145106057978937040624939863643235233210862351512778522347246600735520656011098470585280352878382175498681283307099558153137610172267760346797450448582146550274153729217615469681456088855032138796632181 - sampling time: 53.67868089675903
27849: Sampled 14 with 1412931344158917897721975822554897024713736872841623781722020652574912809177982029902877772193604496690133957191626148749044593220372701284618177333834096523434638713642138959882555208901510933956348393527285596390694 - sampling time: 65.71253490447998
--- total time: 1099.078604221344 seconds ---
Output samples created on:  ./Samples/smarch_mp/busybox-1.18.0_97.samples

real	18m19.416s
user	81m52.887s
sys	8m50.064s
