Input file:  ./FeatureModel/busybox_1_28_0.dimacs
Number of samples:  97
Output directory: ./Samples/smarch_mp
Counting - Total configurations: 131015637986869066594955808134501079028008039381985671612410564630862006108883152140836568227782153439006643161483440812593354976024587487374556603949573514223359777319658981065823636430801458215710142246414031293804813368688640000000000000000000000
Counting time: 1.735910415649414
15508: Sampled 1 with 14665403652400896094355528275059236464194318769115056140552594830992956455351250983902275711831421114852628432169771473179270662201695618764978608946544658447816031782577583699866317325917205625787636247066910080152528010422852049308494922441875343 - sampling time: 7.397437334060669
15507: Sampled 1 with 1179507263886127774042991676471491758184160503859097567165996937399432601566491617873782588747379047275204329768578415256612120504985640286278157283621224667130278235050462453521739696853257113833141748478910061701560751483783121639228702673766480 - sampling time: 7.554018974304199
15511: Sampled 1 with 54018017408970950045427101366717047523446260403117576874708599840479240642962040461747443311773039174421572777813264806538181933398491505198395827071017106762682826635337713951648500297799648939853955118463763744012657668372577633444987139917477200 - sampling time: 7.604267358779907
15509: Sampled 1 with 34372421298290777227719791045414982978871095320470299624469488879734160509064118212222601276714031974563222941447638998178070207000580553439588044851004755110819231940790877086712204610766360882018558869121938451817571349863150652002940053194528359 - sampling time: 7.691533803939819
15517: Sampled 1 with 115942107706530844802905862459035970580249214644734888939956086418916706122890784576781877014296239264860454000740670262955662226342829603232795307206652037104323434072445112304422998844647773670783239507350319603103489744139701453539058773805423413 - sampling time: 7.922720193862915
15515: Sampled 1 with 94492265436253619738474826847236679180490572749818183786445538113058248855293035874420576655772708398301333604932310208383395097099657600808745939672785524527794325620874852930004761288911825094629604702105260306832077331401043077781033452661482044 - sampling time: 8.025765657424927
15513: Sampled 1 with 71080457644617898353610294139819471067386547901862117413069285438409349392290474339671455686288872130872780885105391501809410814326814976995860142360689251302992619827056028742216874530818479857645191319728156551737424805870210613650101400778807984 - sampling time: 8.28512191772461
15508: Sampled 2 with 14971277970509756762192279882260955553140842894162600539955392618884566415303584498878691749944747438565567250736323894096083826799363849156356249649135136243688554464901032514896356274948187204418150948504486496752419945415463774054474951862884040 - sampling time: 7.52557897567749
15511: Sampled 2 with 55507499101600124512379558046597617121467398857615339038927449197925345688824026217174953364848349022966845565585721049265384111479032590024939930066102093680248324019416477320860762647556323754175129898982787488825331542443261648334937863261866025 - sampling time: 7.55688214302063
15507: Sampled 2 with 2025830854548887447933242542436380528091348980778346311686827353211729547186451862156249291926985568331626489941233998784065795721568211318565977769051794370448520816074045366151912950309469734575500487886549189101736925579709020001023105153855458 - sampling time: 7.616833686828613
15509: Sampled 2 with 36264642114704318255614413082948674635245777393558158942940861509206035288348829609920285592899486956415303217374986505640033960242425479290264302296170215197133575871797411929289665094605615359249336054906076864164541643813063709648335215502853859 - sampling time: 7.611853122711182
15517: Sampled 2 with 116754451398712810800063503007553526171916384682093973691633275039372106705024204364283555930564200562181309775296784333743704352371535201180038421741073501814497260071518576046890982796200479674261682087061510143590644578359394983661899329427300679 - sampling time: 7.519983291625977
15515: Sampled 2 with 96575592526908362378175448673357100487659429667484375499261349212969985657688983677647132597151096251786998084436447127160053720595949991366868660369613242707858136173358857235308181257453176549114836351254613981097387183071469061593122234733011082 - sampling time: 7.991281986236572
15513: Sampled 2 with 78185301025169606562930290316329155925429386341625423865452164920702365960140315025179259145613808724167793646035714976491651101940675558947368579408766734005571863721492153159817816197799769139027001226306118861941515390438729347104417463258323686 - sampling time: 7.834636449813843
15508: Sampled 3 with 16122520586574687448262159982318043466945834886213127685261332657613004109765017650548074561528121689229124232126790386807914887461492726045939142590784280803054516021990021815940184684028426991526032151665543131766012073248266081282313225143765485 - sampling time: 7.6422975063323975
15511: Sampled 3 with 56213874328759722371098553716838595891234940840876233521683741043305304426267985917954166730752421693140480899281868788031094470702046241275564651788788765264185089782580205971697336823822455537181443497187042821728154542677652974021754779950229613 - sampling time: 7.589772462844849
15507: Sampled 3 with 2457226720146488239160076656746939016590965415588819323478350632050266002118778579399437529707063696865852241864877925302721431085219178639421255499398920558767019630402486842406098155928090947008928304553932865696346536574391592904063659409602254 - sampling time: 7.643539667129517
15517: Sampled 3 with 117865716404372953232952236311746911140084909335159864729558396726016195757635255322309378662176588134368959440614470089512049408980843597089921987681269968010378092355124765965781445126901282925258224095283225549333295421691614886254323292871996496 - sampling time: 7.491869926452637
15509: Sampled 3 with 38794099940277866553769512336400112806222979783707778614617361874392709174031264172563286761701837382350008910689931820716150198024876607543669029347617486421308857807791710633765873287831384394296349974127129079854219684120540175159533903924934103 - sampling time: 7.696954727172852
15515: Sampled 3 with 98236112418814553035885753859280986807389558806009819900201015291802207301125865039562179800400269909850886183881394179394657743892014268988940676638589013769906313640696620993758192149355065014884218414524665572400707184290786504309375859801116961 - sampling time: 7.633832216262817
15513: Sampled 3 with 78685480057173859135828108858441279487157641394510555113192445369126845907660879457757217805779068538532334404739605066403810490899176599246401784391750518105883239345714696980286634688408843265218820291760764510334910274397994907565543095197774768 - sampling time: 7.7858076095581055
15508: Sampled 4 with 21370517476811439218723850409498054549590017364955708412962052389992326444240022145630468460877245792619092294553189423529371872515708849434700289919950627791601379112763515600587561877016794629820233940802564233719649586738312068676244933615035448 - sampling time: 7.541089773178101
15511: Sampled 4 with 56623114839550515951839768967149096383886784378301450870194267333361673846603002290285994997768481353161091481092798222298366025710920410851586585422881390562828971838078250195305613075435312880002728622587948700850700621258631961335954868530860525 - sampling time: 7.61256742477417
15507: Sampled 4 with 3813492460467463539144660168485794355665887733303351015319106963513045800576596592263558489297311574427697755413803870922346683260383223893210380533733782097550331388537260789299080491745841246054889400260349879776432181041161594457763914694441253 - sampling time: 7.607411861419678
15517: Sampled 4 with 118474936240964151976253146991156411948486509581814954319711266604672236886140474760038962346186451478750451499136770255155058445465258176155799213415161417236219717257595400217225624659114045992666363867362008672869678304679495777619284509892174493 - sampling time: 7.578460693359375
15509: Sampled 4 with 40032532288721510615281526753251395235491843275715953989645696940357007473859089144852159917438170711697903405098958398482436871786282728883389266265649771714241864087238526949681493844884900872257002365697188171685320575234639834790763424246030080 - sampling time: 7.814641952514648
15513: Sampled 4 with 78733928307614801349091716328710640398363774816710604162933847741376772244390299865854450774514173322006656784963592025237281499683091089217527401783405188444054411130309658355954735775025382544723579778993858990383785875800589065457443526282972378 - sampling time: 7.684419393539429
15515: Sampled 4 with 98785915393591269649353345408721608501772249412021891329001277854885064518348945930933839786430458133466990855421112776578915615326993076869390556840337950237900333199035394759161740043651574129256219431196817074589980343657431642324111902845998561 - sampling time: 7.9973673820495605
15508: Sampled 5 with 22535224238544081714740282550567671740880744053369852762948041651950228415320181880993980614555344776913670473914474090886432994636427944986343291041787292957557948403551727934543841685138056766291946799566412312186251891532353129888335684348673135 - sampling time: 7.559624195098877
15511: Sampled 5 with 60217516036799007957263740971329184210241465037927441646730014051712994797301154019124364692737770013227048567287388234707716221036938998194554799435078196745932448309960592595167491013839831249440660769925783169431298939966201087525864311638160167 - sampling time: 7.563174486160278
15507: Sampled 5 with 3999273507741670667830782154597820894895703612131747212258964925124656118440851401725788526334090139844633534934419737134775955202703155121226572844468786418268066375525769365330176112903736996571146829458990257685275886768955614890855418543399940 - sampling time: 7.5867109298706055
15517: Sampled 5 with 119496316919490111523985702856116076510491674844310077614841983884370427385539922235418968915777276752153722152388855603855003044592076664294444535075651579797806105516555732007311177558907697342219465128103382134644627608917941660308015831983031515 - sampling time: 7.503199338912964
15509: Sampled 5 with 40778347653838563755523720451628643145804282453411784336779348064280982062058778846298590455903069722228551821968909536254738745971960277633425869141249012456790905155221674211196501339119137831776084497236363594600642554845744350377312318699232442 - sampling time: 7.696452379226685
15515: Sampled 5 with 99499466742003547791946108209131725644959920822003096679417166009602902918457643650124093813500045660511146727047572846955198447021580550723956824700622043105553970856138226025031914259513807757700621877257106684725392513149943173279468281990931593 - sampling time: 7.639664888381958
15513: Sampled 5 with 80201834414025828622305031182816005841413039660405776111763118768689507000757759083151568020927222181520709446143224777626329371883803429868090749592142761602758286640350035236055368423272722793891076474361792590236508278843032909319385430732253503 - sampling time: 7.767311096191406
15508: Sampled 6 with 22825037474512373702364309447834364451175763812029309970541197544958388113851864662945432285150077341097940359508821433493590287951394095950644422166788510579860961423392584660306868614021199766271143504495290323014525017519604085585027268333755075 - sampling time: 7.436276197433472
15511: Sampled 6 with 60358596520240880219357959099102550852302740822193570183624123677227709340843787357433546450835621606565721273858131064713043149912180709594598875459750679026083404757556626856562955555387448334801803191656631838024427180277440577315267627261338833 - sampling time: 7.537187099456787
15507: Sampled 6 with 6097523052656487541903897979431016134464156054851453604051066860424295998390654935426138571307494722941823542908062501849371300668675538798142839580847593067558757959173310327520140307971323166763877894910871997202129657530166835104687551120489923 - sampling time: 7.632992267608643
15517: Sampled 6 with 122018628634052002588823708812333409094271054633966142910103322293065161093441832731081598804551642832455756297694815440543535153629968681529217748041032177611203787106060829165716390409060581764656122187407979924925128235384706041802037134209639562 - sampling time: 7.870887994766235
15509: Sampled 6 with 41476640872262136677661773585551408215252251002887236553204439122485555690772200923004437660936416672801530140858946090778957897165322780004576499208027893586254103088520019319263455761378675491796776282813471385457313643246765657961008735363917614 - sampling time: 7.701975345611572
15515: Sampled 6 with 100293362910271710019373122633560763336949128228659660969778998748715141908776464566679541734242830566275143907718302026648927053225053196306298724837391448478562756496964841028528638275534041299147761547476254674872197800247011182340242876920322941 - sampling time: 7.762988805770874
15513: Sampled 6 with 81977675955516605020762537139868354958567197547361440156292984390248747433527607761381645741415366190288538964037053505621496696247095984496571278938080167475194755393051383236241650237384434042395898168253820578836786849068578490965757229674571441 - sampling time: 8.074100017547607
15508: Sampled 7 with 22986462973413796459870810443662554342829504507116594685164934656526445578192282317961995104748703213489449708933325480373973051870570398935344612973583816634848368434565064414793589459394554169698065633918331815805719267568830183667318334986208225 - sampling time: 7.501589298248291
15511: Sampled 7 with 60404217159719174206590778340706326722299544641301171677214339674128742330603605199442916597827044724851566141341749849870036959667487909243769484070063006684011901732910563396643866444625859668450148199585227158806253952185758602878945997065983289 - sampling time: 7.536368131637573
15507: Sampled 7 with 6581595748344397621583237357983859173804140782859735494571987681105147505776654642295097129977448980623692286089949725604675494073760057716750228448435188612836631892506597944799944305500208721858245181848348207379748299169342573229110869000616888 - sampling time: 7.6269426345825195
15517: Sampled 7 with 123427008753782194352442303101600074305648404832330278004674867784742527727501587022828126314854310525031550754238969637869731834932108533761496467205514713246561981367853215229478563019476850623637440368628800175209210561835153517823804753959074730 - sampling time: 7.701323509216309
15509: Sampled 7 with 41959840037061787123918448038354234144352439094124472320511846635361541333498639471599372545155222852806166610651168723208307739122821848191543849546359881051774996999012664933725272066147577443941999240893377476849045291095392289059831488508165550 - sampling time: 7.3979387283325195
15513: Sampled 7 with 82585200506612566740681669845399994043837811048021211637413544767019001168475035563395289901649761944254868290003044824975645538304602195712856620452056925736424388095074872005674082994016622364579099961268195522716621507175516713208536742394242553 - sampling time: 7.4795544147491455
15515: Sampled 7 with 102685922454158811475429070111255849154403383707119095359904468066401125611185420089616323711997695506788305112477797220687756479748553296628706656859524905208681894077313714732411777339153550715557142920933301427458582919532255177303187231297543068 - sampling time: 8.309898614883423
15508: Sampled 8 with 24449437296305243481065608142537827060753264530902838692789901396836907185885029888139946265180254036308532627978365930171807140929275129851361859410914429173668678728801006300060603744036226847928215853656543313869887963004492691302970460675352569 - sampling time: 7.492813587188721
15507: Sampled 8 with 6894837330534584927343267369651743355808699133399758784509022558186329502057425526803975080641009969904682782469138989347607127463511759360320611972619245323069828111624089643086264134816067247794388457649129842103131445429908544503742376786016527 - sampling time: 7.751988410949707
15517: Sampled 8 with 124625420149814389492570325709363667703002894759328959014832214739171126136698645860300934881039555869618756701195175545324917192367248551282279024392298575030122186508443586252467588905414473293534421750193089787117281263185641042300191412283168370 - sampling time: 7.672221660614014
15509: Sampled 8 with 44095096525203055773217191730858191707362812150697604818319016013374752882026313517241686323523608501399634000608621054091932932334697726577866432594343575872722299690269857815270158615551240666561455470084763141565800528717067574450770479729597936 - sampling time: 7.682930946350098
15511: Sampled 8 with 60952155239224845493271183491643176693716835799903048700175818445134029938301105019545307143442276928193315546090376344559638266950657173167489051916020429543411683798658388043440235148136921763294240972845512267791324640561317179136343201924446649 - sampling time: 9.530970573425293
15513: Sampled 8 with 85417421948062705643091276101356732240967601084219705001539943381645476663265303589043185629364642086782896164544955288310203376542911586859156509320745803258444920243115656886025044344646944322176749234651955578283104448345709509268992602135158448 - sampling time: 7.935079097747803
15515: Sampled 8 with 104473593078391675593667529495980424610361341071831688655645258064146002306767715509606717639615450776594698429811667850552866817060979042931492485898017494044713708238680145631717913213598592266727119033489484058005906526971457322939128822975099544 - sampling time: 7.869917392730713
15508: Sampled 9 with 26435458924788794563011936142006336718852576865074364167354840629746653017918304239128091073401130274288433014048460082864860093998808870720973955804970736484113785633148111589008192081586178232054974441528807954249051709804209739915656787427970874 - sampling time: 7.642786502838135
15507: Sampled 9 with 9770654118927895923363198158737887446196972755248475261454335405590040622400872892869153547488816580894991456039921508867899944425988199981654008740585839702775841431671183678944373510077394608727081331151674369897018863911080142584955443372775803 - sampling time: 7.495353937149048
15517: Sampled 9 with 125851914598315268232401856000662533976887239408438032398509113345149924506115628894788290502015366338011008443388620074849756965871961575204875118839165446753146825307771835862968671358265663956100733330141014902736221362284885051467443347935997864 - sampling time: 7.593641757965088
15509: Sampled 9 with 46551773446380126053292285164177984798586932233660237327840908149380717894182760577064266294105724630225747535591582864242548094095804053803926541575161407206859788313440955649479946655753833634522506386856618945295965629159017599298260929788514465 - sampling time: 7.574875116348267
15511: Sampled 9 with 61773580173361290454013079271941837878294031419349298262650847741040447895061712644560979752181141802235020481195099656155203688222578733981178560638125685743380548377719866275722234579808080211826351285152911250714044302206319513037870932581917331 - sampling time: 7.8325605392456055
15513: Sampled 9 with 86044472586343068190730454695247720608943108022300231069588256525235088593656822458278364111967325281665766927170923727025853313002985818329648396291298643798500839565294154421173317269173153477665028088796325392130612253626563346844841503266628566 - sampling time: 7.644785165786743
15515: Sampled 9 with 104477951220012056399000756948920300072200563313223370060604586771153066955810728308039473786039146973824414170197711321291829532961791488695633171503342655681824060582716863401932549784988856221803262789918385396208555594423428443046646582888794357 - sampling time: 7.726160287857056
15508: Sampled 10 with 26725343386089273843911610022792055234752848949805378626337314935155765484154684969859241492590438447597004574429736311985162959907122077617802860100829915044808743443414505115160073937974301394070424098539547924419423783728292975470553859163190982 - sampling time: 7.577399015426636
15507: Sampled 10 with 9885181989813469607731008758826182398292018807529198178044424791916639952770445426429438224654162996122253461239725602498118036966619352316428521666890787380407249146540398717322264925977357261432757692311044940922306264940054618454605737173373048 - sampling time: 7.703970193862915
15517: Sampled 10 with 126544357669686808151748677015879746611611707783208295953677382931877108208009527057830375510225838669644527367655661779459844866115806727778641920112443527220736637352397864787380185885909279939756141655174168403027593825528123431667748426715019330 - sampling time: 7.536433219909668
15509: Sampled 10 with 48446123341560497140041980610416760679712668113900645138242929357979323905326071843592018377871657163670405983868425751692125042249823332411258349515956723882664055932121699978118972748640462672441748814625566291369601976222148551307773873429256186 - sampling time: 8.032336235046387
15513: Sampled 10 with 86622960940534073704554899780491498457176510136360108936346749714027787539734887074083354127541264683244541110869406910408287014460942771334294853988979882186344479195001013019482554377699712987003676100506474346681409020581998211359843549905425575 - sampling time: 7.5366551876068115
15511: Sampled 10 with 65012476750490138433412391248446152026197535878060508644519728452043610654392674882286191360610568884090269118405377245006581823797446003236276805754706008874593172639949500607457299037147415083562787186742448671511167877574076034659416517292890240 - sampling time: 7.752487897872925
15515: Sampled 10 with 106365811622132307029851111970003227424258407195825426377865865959086794289964114465235976227106736568249805163967624096384874326721440924150598268057456018129554577613300090212330628379097284239185041576667695291884195460850112726079220828481375768 - sampling time: 8.331770420074463
15508: Sampled 11 with 27116401713220862878836652650930665204154101652700284195394987782002565667091717294009111379005666099706117867080826501096440401549090487110335891846138729582942199100873230936338884805561461467744521511158505855618947158163582299369923828540908817 - sampling time: 7.622143507003784
15507: Sampled 11 with 10709027476779130396984044897135905627996428979218667025158667594672555440301078416973597277858048148496256465378889926840741545822604374541960254286137610419463015037144242893481647250683129300129271152667709158806351874510926767309039000687717719 - sampling time: 7.614360332489014
15517: Sampled 11 with 127680983253176843194277942952942196267778424004118863825224675119941190276551399827461933556630748331614102945836546732895850813313272460509591043642442713805183104288941779887927097041687796053874827407875612700079238799037020259101194807023646101 - sampling time: 7.551652669906616
15509: Sampled 11 with 50226633501739835372470546678174891103106553368632583134520000114838674550709748925767868140787487438464107101146983625516151029587125715236382149407526056747748807016167742161797066178436775493289547383896723392538654247044701142356698001253571901 - sampling time: 7.6844727993011475
15511: Sampled 11 with 65696161583582618139193476573663837680732877404829485927686820493238681577023186063651719981302602359220156431594776467568665931852599650788380400480618764027986678607500657067435031072825544693349416170854893443463467203879037773957916512904989239 - sampling time: 7.379706621170044
15513: Sampled 11 with 87065602104648223294017840987001154488067867767795072497084902052333110993130880453689188602630131041176506570981145530888194419280777091436282027262295912397736646208838502945084116069316710183867444631339849709952761009208300685805679844087336185 - sampling time: 7.985381603240967
15515: Sampled 11 with 110605022338654752849301958746746485636674776941845200701505588680174118511188003246486387894652606751431810812399309367925390605222260494848524433528458977638057232202176175776206785446299264357576433042494235999049617019461541402523516863096867416 - sampling time: 7.901049852371216
15508: Sampled 12 with 29495233107462234425089657734955722909756316639245137914109449751745397255880989335012210632796802967994785413450016919452551458257503588251155663479420935779607400089955563165394691853461614397168006920065487928321390066955147475692057012247972767 - sampling time: 7.658131122589111
15517: Sampled 12 with 129595917471702694178688217217926573110738119089648093118185363916798373160051560954796123878025858936666494385427900296394673201011825612385956472644767707170181807011119510085789107662981338856735983852659233067594672488253119614962640947887452774 - sampling time: 7.600992679595947
15507: Sampled 12 with 11546736120934478484087764469945704684112712960801069394358168586246257935345256073974611254402961487572582996720395532946242902740925534752133163827058482871461472077227203657059783865775768044138303948628374485665338223408932435172953384988511366 - sampling time: 7.7326884269714355
15509: Sampled 12 with 51677960286832302728238672314549221667633473599971080449082393775547709296003460335145519996522416222589073887684252693497232574320139002570453823471614016101759319740139026503719576341755926198201805265358152945851159517825930911521859725117585500 - sampling time: 7.679179430007935
15511: Sampled 12 with 67304456149307214361963221941539544351741544791585802897774003296697563868081815727140419447892776494972865562808274630634030210416549382239457701672166486030498491998724609934995206464463803996417880247260528297547894735041681572277776947012090326 - sampling time: 7.799659013748169
15513: Sampled 12 with 87845047990444747915133128155045416933219257889188853608560896652635652518702832612863285493101812680807403765613456092238867566775414739223677481253378805258815360860160596765959685783072555954764344255706449844764802822608206459757695916457730069 - sampling time: 7.818822383880615
15515: Sampled 12 with 114365109165888881208466421187049644840004356431407091693224492506187491506480664854352497844884583030921441003372798133913993207010341612598434434314461366738600456138606546795131275992988506508115363569633258497883193659606229500969237498373136232 - sampling time: 7.559201955795288
15508: Sampled 13 with 31468238850592679106580828593218468275780965461450627932610178153647256689810170184153318603439170029571936802375142074580856857926178106641565174297628736246645294207446218460771154932344612123714164387211257241618239066889196309906932429022278298 - sampling time: 7.866676568984985
15517: Sampled 13 with 130066068585752243499239202556974149123221117410455431883464346776474721520735102582459576272045285366539213272397856770787402650525738554636053552909598411336462323660180360062728102417784653465307603992679199282062589899467022758801786407061805457 - sampling time: 7.607274770736694
15507: Sampled 13 with 11886676372682830565098158585097282754319295436037340481606816445530017325330276474681442089819286391367005700620625815730090413164403305366646364798155467471032050384768339587777141958739186182740765057329155646339381967002437469201183666066039832 - sampling time: 7.649473667144775
15509: Sampled 13 with 52833860320189127062318505770119913183103179971227922432676276874764234662084227042343943594796733914153157329695166416353835896110409975675722030931159604432432233113038244815230426985350086119617961307651138381743677215707548245680728939984741170 - sampling time: 7.499386548995972
15511: Sampled 13 with 68135465415237196371746683253351596572594956294574185385559246077377035373743053428969756012648310889010888238032315102996122295423217202794306152119154713153980115997250141641263442891365004815953200370798620003650377980031727464251394470090735292 - sampling time: 7.640898942947388
15513: Sampled 13 with 90381921576044182390893156075321456892896746221557455335626473186163268764193896587022040239300784513663820069648018113784618559924195867294089848352523858480639649986498456262810919154173454272196646839235192977926525942216153326416467310009146695 - sampling time: 7.306556224822998
15515: Sampled 13 with 115329797383476656216683626173355505091128239847868944231631449228487845379338655034783166678490900132157185540359141996185541378171784844232747260231879382485841274211681787476624639607155525408471618910880235395335094403922706922792625131255954914 - sampling time: 7.3465986251831055
15508: Sampled 14 with 34223549656280124494286597466134431979163005610577548740958907279969483708383755471324076344047113164577859690328215759610814057413698957490021323600410973956342466895978534127851813287503774309133743133862271499947419980368711110427226909234547999 - sampling time: 6.821285963058472
15507: Sampled 14 with 13426546207098338027804537066686327045571068431479414069214705062239448613121390272244219085731379533405168431191132840461557414482098178759946467254355169594822564782156866967263101628629875825588696135994324110716471134090096703388090807929039696 - sampling time: 6.570932626724243
15509: Sampled 14 with 53493643110326103823273060407850434271553771163572272623367627345187653364818996869435852451243208676658083004114496833229579545624952160421065554448369421089226587830526547123082277679310330495211263847313309610846508312453848005597444273653753303 - sampling time: 6.617498397827148
15513: Sampled 14 with 92836307660078316394499970865077206883927517203455612122364326513056541695985028298492721065653688947128474882249562817246516098060409823474875043096588566656067380705081096645780156182382941046474119305350089456835329345041874717952411074299324958 - sampling time: 6.628343105316162
15511: Sampled 14 with 69499778973759095380740555667618276012814439377107465916194859940499777492883458235454412419478033055618834957183952190367193722868301077202439957934239661749874000611933842372273822435614491520041266559771328862385412474924226331360613211866770805 - sampling time: 7.203581094741821
15515: Sampled 14 with 115556197843059666868701235836271416816882803607507687972061222497450543741954394891431735178532697526835083721860638659379847552322775907791674207118478194959609721389065164482944886376558182537615920620088386192453915359001861701975859605150823217 - sampling time: 6.075297594070435
--- total time: 109.92887353897095 seconds ---
Output samples created on:  ./Samples/smarch_mp/busybox_1_28_0_97.samples

real	1m50.043s
user	8m48.471s
sys	2m58.702s
