Input file:  ./FeatureModel/coreboot.dimacs
Number of samples:  97
Output directory: ./Samples/smarch_mp
Counting - Total configurations: 14017448843572825750122771812482745558507603463493126779853857125177639606854445429057126400000
Counting time: 86.21628141403198
14803: Sampled 1 with 46018661720738509924477153101119670058389558666205609017324697633022991353332091295405046513 - sampling time: 105.65173983573914
14808: Sampled 1 with 6380889278809250269219613698968070071592230736612944362750610533891141982859032281327039567644 - sampling time: 112.39323043823242
14810: Sampled 1 with 9185193055042591216021818867453989236375627036433151781465499638493522890030613175102367213047 - sampling time: 112.72546243667603
14805: Sampled 1 with 2113701246547544476964230864972881456130422554568711203029647084587883016956185297820102149529 - sampling time: 112.78174877166748
14810: Sampled 2 with 9190878649848177151376276066113125506932465534354021789876222729628927908351262683494839077068 - sampling time: 1.231372594833374
14806: Sampled 1 with 4758363401261330221357781429195184245504455387654797393762809883014881541504091007320223268270 - sampling time: 125.16911745071411
14813: Sampled 1 with 12333624991301609662848931451636623115906144501343964846544428442046525589092155006688474733949 - sampling time: 136.04865384101868
14803: Sampled 2 with 143596249402682396670608109718526916634342084009881695668683576208128480590014763428720310423 - sampling time: 111.80867838859558
14808: Sampled 2 with 6454930185340872106010982882704887486331067159553229559511335032454481945956975247348961824777 - sampling time: 113.20979452133179
14810: Sampled 3 with 9564568332206765079201828791539577388903941380955331022225347599993916960949219353936700966055 - sampling time: 111.87782287597656
14805: Sampled 2 with 2594384839109090132623125288236179378813413835325538546670522790412201404999368337887052988951 - sampling time: 113.79213571548462
14810: Sampled 4 with 9579644042481247668000737805562579181130563463548984299912616941486563276130697036653756862473 - sampling time: 1.1242611408233643
14812: Sampled 1 with 10645013436645286766135795403331108173438527366765037348558014529956417599277297857538864785164 - sampling time: 245.85874962806702
14813: Sampled 2 with 12361946658556580518315951926314638874410893146124634503689395806727514557943995891931849901857 - sampling time: 113.96484756469727
14806: Sampled 2 with 4837725297732411907681520711629817186913871514687480997100212209917380524572155374441105799372 - sampling time: 155.92104601860046
14803: Sampled 3 with 290206709201331201151709861019427500952502891127655633964381134235185805248635924136919656437 - sampling time: 115.12986922264099
14810: Sampled 5 with 9622292415173763886170040675551499883840824263043051205123976760189940306502310166162091577623 - sampling time: 108.0742769241333
14805: Sampled 3 with 2668232463269867100487034208105600062727464751004701666338580492120239454494296477688346518379 - sampling time: 109.41331100463867
14808: Sampled 3 with 7162975279921339515504185195645000967453578768169235630545617740853696704005583332369300184269 - sampling time: 122.06489562988281
14812: Sampled 2 with 10698131931710458817969270742195291625746036300263229644024189517059854171586832634430987516478 - sampling time: 118.82737135887146
14806: Sampled 3 with 5087546687900248026907391295630039048953073039712171350508016314541026373208884095943229239865 - sampling time: 115.6040587425232
14805: Sampled 4 with 2744909116317188560728403472262097411706526145942040762837516967886014741768349067314107472228 - sampling time: 104.98290872573853
14810: Sampled 6 with 9628350204832912342973539113691648554237620991706654182905965920627088927793807155407383706384 - sampling time: 107.5357985496521
14803: Sampled 4 with 462790013125853504601342932675184229491337366990451256365968215580807367398518430203530844229 - sampling time: 115.62942934036255
14808: Sampled 4 with 7510655794951553288747712243202408449043383104265350115994255446643393440511822736526759167481 - sampling time: 117.21598148345947
14808: Sampled 5 with 7619331998237047625799650189659367607916320290558491205576694073268048572279521092687731042003 - sampling time: 1.0878348350524902
14808: Sampled 6 with 7631212876622252121832297052234127517935680593101809145929057602354430292872740082561281919228 - sampling time: 0.05849099159240723
14812: Sampled 3 with 10742443225168162191219329028526126635843351226076175353671654181533365541178685873002060859313 - sampling time: 111.54770255088806
14813: Sampled 3 with 12619266646067689216522478557610694887514442608235959130221302923017541489531447430666556497838 - sampling time: 255.96479439735413
14813: Sampled 4 with 12684170393769687809939607493072697719987024778506552954996111289040288508926345271063984195927 - sampling time: 1.4713399410247803
14806: Sampled 4 with 5231914851414230190134329391412212414460539412653398926978637033432391979937671891244259214803 - sampling time: 115.98910975456238
14806: Sampled 5 with 5306326585376812479869961927771575170879502279943863680146433986643373241912276918951820871710 - sampling time: 0.9192910194396973
14805: Sampled 5 with 3067174817647767222698995834298338138238205660590460511841658658946138671612927950570811823508 - sampling time: 108.91573238372803
14810: Sampled 7 with 9895924644299374582035923781533673672654681455380719858896206992566764475742664373381737845326 - sampling time: 113.2412383556366
14803: Sampled 5 with 558728469057190993979078763085855133432319294761176898560708529120878913577067831559520107147 - sampling time: 108.81657600402832
14808: Sampled 7 with 8065374467057125281838105158930887968985035569514792031373712055104803889671956615606248689526 - sampling time: 115.09997916221619
14813: Sampled 5 with 12830773112501904935851243616886127164273426183740765663677642691484891920832601629156616310153 - sampling time: 136.42556881904602
14806: Sampled 6 with 5372688251651287926751147387468885939651540705788109510452637164566029701153675442704190153903 - sampling time: 143.54359698295593
14806: Sampled 7 with 5413100315810296907327508029427486761191067428344216961193167242898820012891946368186590690103 - sampling time: 1.101029396057129
14806: Sampled 8 with 5573998933899868330826186394309223123426205198394897014520853290720543015730345568454849952730 - sampling time: 0.062380313873291016
14806: Sampled 9 with 5677739977059298727401215742041456281808570293454538328604371229276617796067590341561137930942 - sampling time: 0.06565070152282715
14806: Sampled 10 with 5804938098623305293609020796190575402928960662518848854880743089554482582918593608896873214287 - sampling time: 0.06111288070678711
14805: Sampled 6 with 3418388719114233371115448737628087076098017708532980906518670364783578618696181078761093809076 - sampling time: 112.64364123344421
14805: Sampled 7 with 3549209873718820495022029125884301587611567567899402770341107421995403584466891950139019614218 - sampling time: 1.4303991794586182
14805: Sampled 8 with 3750674352949284229990704319145221013272298026371900001328277359949659098015416157268901368745 - sampling time: 0.24779605865478516
14803: Sampled 6 with 570476734404229960472402828920462614013278555145254180837526707518033233521389968057807030491 - sampling time: 109.83971953392029
14808: Sampled 8 with 8122616873960020676488502157050450297118673910255998133134855977353146889990461897685285563026 - sampling time: 110.21328091621399
14810: Sampled 8 with 10118487354921004369669875897331048022817870063098885437241034153899783447122412429256010516093 - sampling time: 136.33063888549805
14812: Sampled 4 with 10861747894337666453218478350908156545185840511069356758020896198207464582579484697787362623384 - sampling time: 258.0840816497803
14813: Sampled 6 with 12981513109690009202187201988550941164329410180777154826931185330637453365121896002709381848257 - sampling time: 124.28923916816711
14805: Sampled 9 with 3972918437677133520038983830416703679863375881472352033179021017554196121701263586205156330718 - sampling time: 111.78678464889526
14806: Sampled 11 with 6053916726843735088252693567779759970229200491709273627377660137235142073564517740719015610954 - sampling time: 122.96092629432678
14803: Sampled 7 with 880109295438882867296602495932255412540411252493998531653896157900685726279429175505968213299 - sampling time: 118.58513307571411
14808: Sampled 9 with 8646067084192285162842917382025027352197098370169740494959487842656016697639810246565842719203 - sampling time: 122.16182351112366
14810: Sampled 9 with 10215148199914735214680355000924714558092515525995378179721436409622046018893144296441304350185 - sampling time: 148.7857632637024
14812: Sampled 5 with 11115363351384746333190945841212651787324065526867560429138162423042898171995061417200382991826 - sampling time: 143.89178133010864
14806: Sampled 12 with 6066451766451721261268522702269698671639290069303182528521262653838006774709924576612115248261 - sampling time: 107.787672996521
14805: Sampled 10 with 4042991484647007989586593331701569873258666411289260208143346807304376676903559464080449715501 - sampling time: 115.58639907836914
14803: Sampled 8 with 1028312494900926575081646472098129695944735444502261675865350497606606610176451224218287595119 - sampling time: 113.18985319137573
14808: Sampled 10 with 8662984120998468552905586160501313551462658385919899047096377153338079123829268235403494052093 - sampling time: 105.337317943573
ERROR: cube not selected: 0
None
14810: Sampled 10 with 10296201268702378835651922617534621143503936755727082806077840467933520002802953195550573566472 - sampling time: 139.90993881225586
14812: Sampled 6 with 11223047510395868217146125638504466907535111040495869631973404347885933563443918668502399361199 - sampling time: 112.88767886161804
14803: Sampled 9 with 1210553123874808841601261197386218277318054006447675376935748466614392875236239855911273644093 - sampling time: 96.00503754615784
14805: Sampled 11 with 4107392007172364206831562373383874042625447846508733990766831351790963931145265558174841610128 - sampling time: 103.48985195159912
14813: Sampled 7 with 13287004420610597333551910882046616290576413769668935976060966952665604250643456514211864681734 - sampling time: 233.32674145698547
14806: Sampled 13 with 6141967403395066473144314030250015722592057979139673221648971611894942501892081252497735551417 - sampling time: 153.7869565486908
14806: Sampled 14 with 6166812698639222585551046728497240155071521693457520075593177781900527842035228109324198988339 - sampling time: 1.9809608459472656
14803: Sampled 10 with 1283044893651413369542917061415620187434806361485645336605308945474292702928808314986344941194 - sampling time: 93.39232277870178
14805: Sampled 12 with 4234161204676080822647938638417168221852121272941277760356493231958057045400594501561556808238 - sampling time: 103.53663849830627
14810: Sampled 11 with 10368652061106591926514826224090459977468817441360082171631291239583459053407104451142055552505 - sampling time: 123.58159852027893
14813: Sampled 8 with 13434702769891911377384949252053740943535027434001094451661820390484115549380558109236248020149 - sampling time: 103.25147891044617
14810: Sampled 12 with 10378096024642964823529924003058744055521475610546118335194761799155313930742214604002714854659 - sampling time: 3.793623685836792
14810: Sampled 13 with 10385782051867772798236354508988414728865749157499863270111877678781441805124666658014752026940 - sampling time: 1.270425796508789
14803: Sampled 11 with 1293642031747344719168684056618023248225027799745317678613295404051176668514161840587651881692 - sampling time: 90.63660025596619
Process Process-10:
Traceback (most recent call last):
  File "/usr/lib/python3.5/multiprocessing/process.py", line 249, in _bootstrap
    self.run()
  File "/usr/lib/python3.5/multiprocessing/process.py", line 93, in run
    self._target(*self._args, **self._kwargs)
  File "./smarch_mp.py", line 545, in sample
    cube, number, freevar, terminate, allfree = traverse(assigned, number)
  File "./smarch_mp.py", line 489, in traverse
    _count = int(getoutput(SHARPSAT + ' -q ' + _dimacsfile))
ValueError: invalid literal for int() with base 10: ' EMPTY CLAUSE FOUND\n EMPTY CLAUSE FOUND\n EMPTY CLAUSE FOUND\n0'
14805: Sampled 13 with 4585895547922119800091839905468375256005402551613978884522302869598397038257954796351371086747 - sampling time: 95.72106742858887
14812: Sampled 7 with 11277851447234707903468011699779109927551472047177584175343999497251858404829059779466362028115 - sampling time: 221.09321928024292
14813: Sampled 9 with 13594547774142646877094130201412183252864885959060575711550022455244217851898947351323042552324 - sampling time: 108.54843521118164
14810: Sampled 14 with 10509840935156596027053856545476742410182764592390679159738276276954420208466598971803158735470 - sampling time: 105.00019192695618
14805: Sampled 14 with 4672066365409037662340083696503280447832287681537086103400516035247934971614547907488995991425 - sampling time: 77.1885929107666
14813: Sampled 10 with 13746090616938690068183906587472093074883760576341785107130164002884422886489598048715786468962 - sampling time: 76.54556965827942
14812: Sampled 8 with 11462114024471529248877682180539598430035704027601741253261143796096321005244478212943496210725 - sampling time: 90.32416987419128
14813: Sampled 11 with 13807993025938579058134208208828934821443334431754357882555806820468707597945757976565168538732 - sampling time: 65.37076187133789
14812: Sampled 9 with 11516695955125211712253110418308231499643875265209330370479769301388545908038541062826059099999 - sampling time: 132.55996537208557
14812: Sampled 10 with 11551060225941998905302420824364984853613426867695165079740575288031058346870894744665721530027 - sampling time: 68.9655065536499
14813: Sampled 12 with 13903531247288064878470580047369566399213151211076623946388322766599381977002401283445544563236 - sampling time: 158.2047941684723
14813: Sampled 13 with 13962889760985160702824802370929662718782127523493801727082534553071451626097589176054552113924 - sampling time: 9.003005504608154
14812: Sampled 11 with 11741154486732747269910948684972438821282050625081586249689250972995202731224044227091682867897 - sampling time: 152.54996037483215
14812: Sampled 12 with 12065589201499587131767927231317866405097655318397609740174420637810045300062968141061589945040 - sampling time: 83.90551209449768
14812: Sampled 13 with 12199530075940905596118307941622701493909676489029240929400412931347479369470270401076012609687 - sampling time: 153.0758855342865
14812: Sampled 14 with 12200499237642711957664792007508243398201999991608082135518226142385538127483963300204011070943 - sampling time: 9.9380784034729
--- total time: 1989.8330783843994 seconds ---
Output samples created on:  ./Samples/smarch_mp/coreboot_97.samples

real	33m10.422s
user	145m57.666s
sys	7m40.465s
