Input file:  ./FeatureModel/Dune.dimacs
Number of samples:  97
Output directory: ./Samples/smarch_mp
Counting - Total configurations: 2304
Counting time: 0.0848851203918457
888: Sampled 1 with 624 - sampling time: 0.020554065704345703
888: Sampled 2 with 686 - sampling time: 0.01988816261291504
888: Sampled 3 with 687 - sampling time: 0.022597789764404297
891: Sampled 1 with 932 - sampling time: 0.0679779052734375
884: Sampled 1 with 1 - sampling time: 0.07223272323608398
886: Sampled 1 with 186 - sampling time: 0.0794374942779541
888: Sampled 4 with 694 - sampling time: 0.018204689025878906
898: Sampled 1 with 1984 - sampling time: 0.09335160255432129
888: Sampled 5 with 719 - sampling time: 0.02507305145263672
894: Sampled 1 with 1671 - sampling time: 0.10613298416137695
891: Sampled 2 with 967 - sampling time: 0.05560469627380371
892: Sampled 1 with 1300 - sampling time: 0.12502360343933105
886: Sampled 2 with 194 - sampling time: 0.0713644027709961
894: Sampled 2 with 1684 - sampling time: 0.06884527206420898
888: Sampled 6 with 745 - sampling time: 0.07362484931945801
884: Sampled 2 with 31 - sampling time: 0.11144518852233887
898: Sampled 2 with 2005 - sampling time: 0.09072637557983398
891: Sampled 3 with 970 - sampling time: 0.06635665893554688
891: Sampled 4 with 994 - sampling time: 0.015179872512817383
891: Sampled 5 with 1022 - sampling time: 0.018115520477294922
892: Sampled 2 with 1339 - sampling time: 0.10280704498291016
891: Sampled 6 with 1033 - sampling time: 0.014751434326171875
886: Sampled 3 with 221 - sampling time: 0.09184908866882324
894: Sampled 3 with 1688 - sampling time: 0.06696510314941406
898: Sampled 3 with 2019 - sampling time: 0.07207655906677246
888: Sampled 7 with 758 - sampling time: 0.12463808059692383
884: Sampled 3 with 58 - sampling time: 0.1348717212677002
892: Sampled 3 with 1349 - sampling time: 0.09135127067565918
894: Sampled 4 with 1695 - sampling time: 0.07674169540405273
891: Sampled 7 with 1060 - sampling time: 0.0994105339050293
886: Sampled 4 with 223 - sampling time: 0.10954904556274414
898: Sampled 4 with 2029 - sampling time: 0.10901403427124023
892: Sampled 4 with 1394 - sampling time: 0.0706186294555664
888: Sampled 8 with 764 - sampling time: 0.09517025947570801
894: Sampled 5 with 1697 - sampling time: 0.08541584014892578
891: Sampled 8 with 1106 - sampling time: 0.08199882507324219
891: Sampled 9 with 1121 - sampling time: 0.016963958740234375
884: Sampled 4 with 71 - sampling time: 0.1329655647277832
892: Sampled 5 with 1404 - sampling time: 0.060868024826049805
891: Sampled 10 with 1147 - sampling time: 0.018123865127563477
898: Sampled 5 with 2033 - sampling time: 0.10244870185852051
886: Sampled 5 with 259 - sampling time: 0.12923312187194824
894: Sampled 6 with 1754 - sampling time: 0.07760500907897949
888: Sampled 9 with 771 - sampling time: 0.1082918643951416
892: Sampled 6 with 1412 - sampling time: 0.07486653327941895
884: Sampled 5 with 80 - sampling time: 0.0800623893737793
891: Sampled 11 with 1167 - sampling time: 0.07782936096191406
888: Sampled 10 with 818 - sampling time: 0.032196044921875
894: Sampled 7 with 1769 - sampling time: 0.0822136402130127
898: Sampled 6 with 2037 - sampling time: 0.10242486000061035
888: Sampled 11 with 834 - sampling time: 0.0367121696472168
886: Sampled 6 with 268 - sampling time: 0.1183009147644043
884: Sampled 6 with 81 - sampling time: 0.07132077217102051
898: Sampled 7 with 2047 - sampling time: 0.03574776649475098
888: Sampled 12 with 840 - sampling time: 0.03426766395568848
892: Sampled 7 with 1470 - sampling time: 0.08485889434814453
891: Sampled 12 with 1248 - sampling time: 0.0861063003540039
894: Sampled 8 with 1802 - sampling time: 0.0789034366607666
898: Sampled 8 with 2137 - sampling time: 0.04248166084289551
894: Sampled 9 with 1829 - sampling time: 0.029680490493774414
886: Sampled 7 with 298 - sampling time: 0.07783770561218262
884: Sampled 7 with 82 - sampling time: 0.07580208778381348
888: Sampled 13 with 878 - sampling time: 0.06983637809753418
898: Sampled 9 with 2138 - sampling time: 0.04654240608215332
892: Sampled 8 with 1497 - sampling time: 0.11520171165466309
891: Sampled 13 with 1280 - sampling time: 0.11763477325439453
894: Sampled 10 with 1884 - sampling time: 0.06694531440734863
888: Sampled 14 with 902 - sampling time: 0.06927323341369629
884: Sampled 8 with 109 - sampling time: 0.0731346607208252
886: Sampled 8 with 300 - sampling time: 0.07827997207641602
898: Sampled 10 with 2204 - sampling time: 0.07230043411254883
892: Sampled 9 with 1524 - sampling time: 0.0733036994934082
894: Sampled 11 with 1891 - sampling time: 0.06644582748413086
884: Sampled 9 with 111 - sampling time: 0.0608217716217041
891: Sampled 14 with 1292 - sampling time: 0.08295154571533203
886: Sampled 9 with 351 - sampling time: 0.0652306079864502
886: Sampled 10 with 427 - sampling time: 0.01227879524230957
898: Sampled 11 with 2226 - sampling time: 0.08823084831237793
894: Sampled 12 with 1905 - sampling time: 0.0632638931274414
886: Sampled 11 with 495 - sampling time: 0.041468143463134766
892: Sampled 10 with 1546 - sampling time: 0.0830545425415039
884: Sampled 10 with 141 - sampling time: 0.0827176570892334
894: Sampled 13 with 1965 - sampling time: 0.0461726188659668
886: Sampled 12 with 541 - sampling time: 0.06498432159423828
898: Sampled 12 with 2230 - sampling time: 0.08593010902404785
884: Sampled 11 with 146 - sampling time: 0.0568695068359375
886: Sampled 13 with 579 - sampling time: 0.012088298797607422
892: Sampled 11 with 1556 - sampling time: 0.08143901824951172
886: Sampled 14 with 583 - sampling time: 0.014521598815917969
894: Sampled 14 with 1974 - sampling time: 0.059662580490112305
892: Sampled 12 with 1576 - sampling time: 0.03266596794128418
884: Sampled 12 with 149 - sampling time: 0.05399489402770996
892: Sampled 13 with 1599 - sampling time: 0.044877052307128906
898: Sampled 13 with 2250 - sampling time: 0.09940361976623535
884: Sampled 13 with 179 - sampling time: 0.04381680488586426
884: Sampled 14 with 181 - sampling time: 0.04413032531738281
892: Sampled 14 with 1648 - sampling time: 0.053755760192871094
--- total time: 1.1963319778442383 seconds ---
Output samples created on:  ./Samples/smarch_mp/Dune_97.samples

real	0m1.246s
user	0m4.195s
sys	0m2.096s
