Input file:  ./FeatureModel/ecos-icse11.dimacs
Number of samples:  97
Output directory: ./Samples/smarch_mp
Counting - Total configurations: 497468225710631621747603296699889033272954921819172253991278234562183327622958116060862179163892950611831327207015661220531400
Counting time: 15.51228404045105
4647: Sampled 1 with 2765855264452492836510148054414411007353340566393568536873565754125135753284526807005387318904916592453610799327803536439920 - sampling time: 9.726707458496094
4657: Sampled 1 with 431361449548335843145718380594587252214692256130659177701756266483029924119636396013536036753013643420658754342662611929265795 - sampling time: 18.186980962753296
4655: Sampled 1 with 362440211934450944162141138931578603685084340149873469972724310931270367100081562683314519971110555978403788198781732657290495 - sampling time: 18.244532585144043
4651: Sampled 1 with 200207876615070691674970353459012968436231745323630801246026209878818231600367020715688303088960596673342766641215716340969979 - sampling time: 20.733421564102173
4648: Sampled 1 with 73406915155421431845446071176560296002609508680950020191749297708476167988286348686933351985905337334521836924636521503501562 - sampling time: 21.105383157730103
4653: Sampled 1 with 282472317330219352761260428153540645050831816635156848066290810147259690187469042872930234113023684972255263245457296379838672 - sampling time: 21.45784854888916
4649: Sampled 1 with 134212302215951078386702563595208825145683763100803283037385521962562037623050973910375042861916699350971784051181135467983889 - sampling time: 23.129077434539795
4647: Sampled 2 with 4741412458856949596442696429741636655139916663025998473198251920305634938957212054906659658443450350320998657192288577552014 - sampling time: 14.50404167175293
4657: Sampled 2 with 433186252007381150743805104254433834402941386543421359995125618833408826951254567075492577689724252147888229352469184237951443 - sampling time: 8.446247816085815
4653: Sampled 2 with 282839082110289751275422035068122887099396333652825977045524315708770799562294150369686399942724823729193391118628792890347631 - sampling time: 7.85804557800293
4655: Sampled 2 with 371052060912878656914751554796778795235431093888371415978811489058266698595780030135279963525287096024564306833124288318725226 - sampling time: 11.717429399490356
4651: Sampled 2 with 202935021894968734862561368860248698060841942562043811092992285399232928092888091052197228846641871322862648328754524153683865 - sampling time: 11.232508182525635
4649: Sampled 2 with 137096943817772219591409349691002261137678835651882550175003744854203061605620917162255608254524315864943712667886014439013045 - sampling time: 10.96405577659607
4648: Sampled 2 with 76686242869153595589669496101358772991199601761055982916391027613862638448243641345234956826439467080106170947041687661541688 - sampling time: 14.016417503356934
4647: Sampled 3 with 5506306521883248374226216412566423393281296365995006898605474077762509039362902010240344618822333327563556038643732412733423 - sampling time: 12.557469844818115
4657: Sampled 3 with 440163031576611079439904141841656454749887757522361514905756654050503106326911625691725884511643754523409720937309730437171932 - sampling time: 10.198235273361206
4655: Sampled 3 with 371284772214633008870521112983014812359764877817603655586606211181666889888393721136610325030463443318135920291579066011576508 - sampling time: 8.768848419189453
4651: Sampled 3 with 203581429381692566007788470219985219855218822376807850029163001425388661165991354744159798073274227892695723644330645466862593 - sampling time: 6.781229496002197
4653: Sampled 3 with 285103062859283006709586788328843024885765323028946770737706503751606503407440352809281714111535431408023721162304697053866374 - sampling time: 9.480816841125488
4648: Sampled 3 with 77643463564734328138159022349173217402542846070142338749827815998884435794193936282242104078355561922599651278094492345744537 - sampling time: 11.45775818824768
4653: Sampled 4 with 286882729164093083806338522365469240658417718187615751801916362086977774013258612341741873354567293908010820861296339215172270 - sampling time: 8.935403823852539
4657: Sampled 4 with 446985711079604211092594594340705814289084241694940051958033290593903388163580995601010177932437603733982844531349411957916970 - sampling time: 11.067618370056152
4655: Sampled 4 with 378580991224447730213114472137133641189449991347906910292174136269258018606958609043810163926842264254765149249890173264186993 - sampling time: 10.088335514068604
4647: Sampled 4 with 8303227984815457761581800170898254543254190210838909218799384484647614103461681593367422384308367894271516507193310744538642 - sampling time: 12.818731784820557
4651: Sampled 4 with 204264725792236581370101164136347670641688109641762955223964672914360282183480757906346549454212015510851407142910885040031330 - sampling time: 11.63508939743042
4649: Sampled 3 with 137371942189555423727887272986364991637484017235482807146432692226193004561175862739424883783847466708853715857904541903900349 - sampling time: 16.754021644592285
4655: Sampled 5 with 379296743834401041600028499767839347135556042761630647017579763755627290815467376720003976657101306230003625221467709526938964 - sampling time: 8.831064224243164
4653: Sampled 5 with 294400707184235210539868386350380123629639099862267180973586056700823549570616642509598668024508185875650202499369821129219929 - sampling time: 10.56962776184082
4648: Sampled 4 with 80171017635725366253845926712451309780200543149041271064971280908138289634652228192699415184120118801531777529190464845589358 - sampling time: 12.142139196395874
4647: Sampled 5 with 13469179529371732684555656855023277962975371706329967911208902703368185413750466137047873882182095568063643394381971435321976 - sampling time: 10.937580823898315
4651: Sampled 5 with 209121095350393012076695557801517514562130422194957290260666346295750361961919298643545405457877579004714393387339286675962906 - sampling time: 10.660301208496094
4649: Sampled 4 with 138841751509462832489711115440912396511609988030478745366246500100400031158849608124093893551512527766523246807728183958651747 - sampling time: 11.629042148590088
4657: Sampled 5 with 454090816498392643673779005525471010967862287320757984895359684065769530145801984196348283138730372392435859395139897615182916 - sampling time: 17.10276961326599
4655: Sampled 6 with 383899200226939884586507285321144856659119548709856902873902456119208633429903230912845726711793951049978877662380588645077303 - sampling time: 8.84425973892212
4653: Sampled 6 with 297702154285427701828921906125602867622315698948685519347035042129987936105253292713015320923643606867334829671460696445117137 - sampling time: 10.895377397537231
4648: Sampled 5 with 81176353949338174575057668267641054636235175361054592207258170844323917686206563690076871495637525752557669224346875126601448 - sampling time: 10.771257162094116
4651: Sampled 6 with 216339612624751088825447339040518295694721918289465748565058515080514471565133056628619540628292309808148093195695462331474793 - sampling time: 10.941563606262207
4649: Sampled 5 with 143262656995860392858380481177533588260749519587849119160990905084529240307739693750511951614596464944464139222991656884660478 - sampling time: 12.984205961227417
4647: Sampled 6 with 23793909307459290615682738695757061146809662042348244491266071815638836880847338784007419594247167638344720440319783557406084 - sampling time: 15.27376937866211
4653: Sampled 7 with 299034078398510314560213392223826228046206839100191774887094891067370604300762538401211377552914847336252542230456721408950321 - sampling time: 7.2022669315338135
4655: Sampled 7 with 403055391644244770703343271609396445589197458896841161615693703101307735933089382201300675865439569070370453553397057735870965 - sampling time: 9.997969388961792
4657: Sampled 6 with 455189303291726614221392816184108185868250609001529443542643156107660279837531901352846852361430249648666704511281452793150719 - sampling time: 13.741777420043945
4648: Sampled 6 with 83194131691480500755194505194907078935660639422691748596098506174905832276692237481613633283826253403115848585383578529672673 - sampling time: 10.350129127502441
4655: Sampled 8 with 403207940651008524555739031771850606134156577507694772782646139057235176594443387161300947793347149372589935186130888809197361 - sampling time: 6.927249193191528
4653: Sampled 8 with 299801162549387432060907678039940211309133735503383774619575380203167969259993086511926763055010416355358824898413940633206570 - sampling time: 7.045884847640991
4651: Sampled 7 with 217098782232294721044395424460844408445688481646422706030782226290620781600709176414985945148220412914803654693112955602974804 - sampling time: 12.834288120269775
4657: Sampled 7 with 457382501225306767479232353988589901338392881725101566247518966360077197661718027064983454999216539117871109217289573473848706 - sampling time: 13.161796808242798
4648: Sampled 7 with 93873753222714826293282739819565515424973131127699578128271972660909637487254871837697853637716014129872454108226226254792881 - sampling time: 12.802615880966187
4649: Sampled 6 with 149699991073297858312966838378941829347991906321274869894295070409794574585948261306568912239420801273097361468524960044842770 - sampling time: 17.19111204147339
4655: Sampled 9 with 410558029596212967560200939676629493148394307768833027005608233403476313364102462670322284457167557905136281846078539049364670 - sampling time: 10.60445523262024
4651: Sampled 8 with 220248186169216988775213633096093150104344832563761459091569398458226505149926337611103286546025863936486278995885373732664259 - sampling time: 9.308318853378296
4647: Sampled 7 with 24842922043372505793478750932983466253557840697475292594163531293238953000970034273183596246541776272785427941540575735418717 - sampling time: 18.31647539138794
4653: Sampled 9 with 310130732311879341200204104787829779898901461185510759981242290013435506091719713652189539927364752259270741485669113651017988 - sampling time: 11.096944332122803
4657: Sampled 8 with 458417193300918516945611444487382693837426575338823328959252501036173080595923369817495159161613673602810530150862795282712216 - sampling time: 11.919154405593872
4655: Sampled 10 with 417047272264277875850442314911121029523273541167330892884373814201613832559482661590942906806449763120213916791913053783593737 - sampling time: 9.919750452041626
4651: Sampled 9 with 236358409254400671150473164238352824094926623656428729622061204306127689474576516108737245709995403512151038045441898255132295 - sampling time: 11.514546394348145
4653: Sampled 10 with 312327509147414567716098681474313749059018498598369017797134220242058453922205529546065654603037982422885735159667909152098498 - sampling time: 11.70746374130249
4649: Sampled 7 with 152937120622057031165535053821676072453078871099245308796200837476342202040512359125903334877192533709648343717855453193199076 - sampling time: 13.921798944473267
4648: Sampled 8 with 96273911034458396290252518261073747812473281299043607260970465006409511350812393436017199049168118926116030939039092862566721 - sampling time: 18.512872219085693
4655: Sampled 11 with 418540972741865960588992248938270880468025979733397234891202614839507725345907899868689230168080598564359286969991014907190359 - sampling time: 8.764394283294678
4647: Sampled 8 with 45053175174307100603188499802249041016211749348375098189894365575476418862428826997975283188696180927509831407471675641927683 - sampling time: 20.77406144142151
4651: Sampled 10 with 252967677382612983005448264462380014716980035558183554087165894860886225527651631136936671628155248574752919964273746352288197 - sampling time: 11.623136520385742
4649: Sampled 8 with 156814466847432807635962186064899403518701227833963428238159704534769077231613201761992413307461491057768675335500011774943067 - sampling time: 14.150205135345459
4653: Sampled 11 with 323893464927922236708607230952812910962708514102399355522334438924907371831573414645504250566189904621205959093038549749908774 - sampling time: 15.509921550750732
4655: Sampled 12 with 420905747613182864989677642233060190337720865993894361245427595441085788629204916600032378873323633325670807801743775710069518 - sampling time: 9.397063732147217
4651: Sampled 11 with 255555628426457738027238106739976684914730043052599252111214790651156041785355861926515495396249589249232621087386446103970015 - sampling time: 7.203893423080444
4657: Sampled 9 with 469569055709369320877548139995075315931679329316092047615723507297806800279261890959502173609694077573540241663678746152252742 - sampling time: 21.22051978111267
4647: Sampled 9 with 45902237760370877748140884314572226651524604267064187491876021786866520400408279472874965910078798395554484610550944516195857 - sampling time: 12.733052730560303
4655: Sampled 13 with 421749695427713575037831294233878472279023495573827134257754967951772717280340217818955812161976751087187253787511710889525630 - sampling time: 7.359212398529053
4651: Sampled 12 with 258527902199104232563374100324625098008771844871865474597634755853090271973385174840824352712058259784147368319679046228913736 - sampling time: 7.331101179122925
4649: Sampled 9 with 161348995547614718931609488906585541050995286624450976126902082592667215801019359174817957154561774185555645972550986817941611 - sampling time: 11.302819013595581
4657: Sampled 10 with 470189041769144757614865715580727880155344658937569007287128417339850373620877187506143164408345173603810422012833226066899070 - sampling time: 7.160374164581299
4648: Sampled 9 with 107529626328221610339905654585816596760299196493900195502329250803778087425720404800006885870831121194957988640587792900257593 - sampling time: 21.74007749557495
4653: Sampled 12 with 339351908597414509817115311342224888078236793783654705732651987904838546975813251647456781399081538051265552498203578314335741 - sampling time: 13.098433256149292
4655: Sampled 14 with 422501981527223397510873322809800485685238648721493497007557387905718953133220876229663806752696894516498637132014995357890823 - sampling time: 7.297069549560547
4651: Sampled 13 with 259061536399075472032430245244561206265462447329785708620063154721161923086633845893066098880462081827946626320242659345275198 - sampling time: 6.905547618865967
4647: Sampled 10 with 50256900002357782524945588905667809638096191487491153427637763042784891361058823119774681983380165451840309346284416748780584 - sampling time: 13.0458242893219
4653: Sampled 13 with 339817156099981101902076079383933935849616237256304187985941070528088883123740613649165569670542142584926591530472725500502078 - sampling time: 6.580261945724487
4648: Sampled 10 with 108532149439525921316077281532339478657539845385540995005544030387234224330598742766952912323259986894102292331779154948343014 - sampling time: 10.415971040725708
4649: Sampled 10 with 171465948052770418182155182495978747662007349425083967277864710087036625818132600736701038769934730296674270990500256675360686 - sampling time: 13.139975309371948
4657: Sampled 11 with 477432628657191286784214134948205615266160717889978595570230489459108842534344211402421892925845696349339459684141911472580634 - sampling time: 16.609517335891724
4651: Sampled 14 with 272149819223138411526272660151357974213964078832937673402167932696693715329168420674485831375226364612030215333564455052431532 - sampling time: 10.658917665481567
4647: Sampled 11 with 54056213884161312668203058225957809993118284651053927875677287405024492143652254753975345380219608518571142870882636731702322 - sampling time: 9.74551796913147
4653: Sampled 14 with 353017546542910984998162733135616925975841428143034101136010711086748395884067955991086530953779165079123912460267176385785541 - sampling time: 11.324264287948608
4649: Sampled 11 with 171880630051344133452438990537030550424528844887229702734695925623821503567641501955938526486145535332543442766963533267475282 - sampling time: 8.295919179916382
4648: Sampled 11 with 111171608349712641274508884714660774314030121966911234329851962287343704648244207207553898115014955656479046134289852835136390 - sampling time: 12.346707344055176
4647: Sampled 12 with 55515849080601053885948820957654510871642626089101449677023306776585890177324475118315923487164257104500219043372472364023662 - sampling time: 8.96538758277893
4657: Sampled 12 with 483475261332535935939312958581029699665156333326693354288125363077443203245944300650024892719740138479646041708995151665477780 - sampling time: 15.21330451965332
4648: Sampled 12 with 122723341409160701123937210800223210343473602986320608949386029948387169842201380088066960011529929870746839430872773588607898 - sampling time: 12.301932334899902
4647: Sampled 13 with 64786797477924452311623333816916687229597929902041867864900566820729709697976942769556916844191838349252862939016341031503883 - sampling time: 11.508974075317383
4648: Sampled 13 with 123681625491353898332370431246251385343212359262427911902775518777604821737174692546295721058112696552281141209743144915360241 - sampling time: 5.6169750690460205
4649: Sampled 12 with 178411065817627144829736573926799764161559207745016538489759009029217026073921393901828226215485061622815895044692999455863698 - sampling time: 20.465566396713257
4647: Sampled 14 with 64888067791403537778915795096729435619242282849345115395240880813915759565806494642263743555524958025521358648255020436131421 - sampling time: 5.430812120437622
4657: Sampled 13 with 496368596670914901266051399832745480920591150574300505889423012073640732532340208003926652138213721188952545235861338326643531 - sampling time: 13.970025539398193
4648: Sampled 14 with 129923791558229633186681526920638805678584783975316051813248326606185575101925795630708518960323300322321280334892420838370584 - sampling time: 12.928764820098877
4649: Sampled 13 with 194910839941775975505703096892904423117737871082793917405795620183778480193882411066896771718489429704045495111724178981624895 - sampling time: 14.681396961212158
4649: Sampled 14 with 199316211895300807796615568008417528266348485038371945809212498078783503995839458948750524901241724150106496753631743044053534 - sampling time: 6.8074140548706055
--- total time: 210.9540138244629 seconds ---
Output samples created on:  ./Samples/smarch_mp/ecos-icse11_97.samples

real	3m31.070s
user	16m36.134s
sys	3m2.148s
