Input file:  ./FeatureModel/edosk2674.dimacs
Number of samples:  97
Output directory: ./Samples/smarch_mp
Counting - Total configurations: 2735979535162214275872617440867927650740675093937014520704125793465505128048586378796672549783375302824430352565028200400
3296: Sampled 1 with 1661026626178973655356717915864504477227332362523376239639958788009371435613973772961097659635838565135361031735104092870 - sampling time: 9.416899681091309
3296: Sampled 2 with 1720014134478705252992930971747504506995172530636299633684948625813494464847565409111680255788792311815955069950029196880 - sampling time: 7.665850400924683
3296: Sampled 3 with 1728037467351772713658641915842730297633514193403916923957875250927312633661077506863532016162154136622377351536112571167 - sampling time: 6.563194036483765
3296: Sampled 4 with 1759396357725822380613057669122978849038313844472667900124594466907806519648451537591761815933930664039439841750873428540 - sampling time: 8.076363325119019
3296: Sampled 5 with 1763608796398064169719365306474151744200784171849895520868716391648577291792063797489335447803546126731091308012067591511 - sampling time: 7.663289546966553
3296: Sampled 6 with 1776322043267153457946171192217120066485107516665789635413718238650787810356204134861598186932421505749938962126734012190 - sampling time: 7.441162109375
3296: Sampled 7 with 1787596967399257444799138130220134730357328368423790146085553675024237597160069395234026221091428265258860062017822985136 - sampling time: 6.984060287475586
3296: Sampled 8 with 1800129151369058451757071620840664640864689558781533754703531441602879591882604566926006871789958734542536365599326375694 - sampling time: 7.399792194366455
3296: Sampled 9 with 1845723224854076476260144889406331724352659438316430936404473543643628839188738574887672532745360182134350170946583274911 - sampling time: 8.090223789215088
3296: Sampled 10 with 1907102553597934667488489081847637133073666830501348633559339594111986533026073584278983075099624306295295658028235237876 - sampling time: 7.103203773498535
3296: Sampled 11 with 1907966754087690868987937729131392710445380328176042538000820405987865086995635134605820850338983423513981227289361494169 - sampling time: 6.679187297821045
3296: Sampled 12 with 1923479450108583639062015319519958537804673007403771554598529241470554508541494677081488619355266661036404627160083518699 - sampling time: 6.5954506397247314
3296: Sampled 13 with 1950129650102211377216937978155638199226434216321838173411757444478279605990616613543418323616135016339417595661125435627 - sampling time: 7.2237629890441895
3296: Sampled 14 with 1990759063366009454709615700178575067459080706996175816667759995201072139057938386947206053333309145820226183974100019103 - sampling time: 7.734163761138916
3294: Sampled 1 with 1338525266112769278612222571757183585264914926410056344298867823078405642838141646072293539680650253249001093698512102500 - sampling time: 8.222454309463501
3294: Sampled 2 with 1398999688969701273944787810526951934428464689258443422241834242438066062905597203524569599161683808875040868222974115635 - sampling time: 16.67868733406067
3294: Sampled 3 with 1469011239514390718822508874361458865348364570501897547987081834554348716390011967619171335770675867509967980946877421023 - sampling time: 6.7901575565338135
3294: Sampled 4 with 1471730229584513218591119405802111135971914518977728156797487222196471189782884725154193319647952652916773834720807090702 - sampling time: 6.190243244171143
3294: Sampled 5 with 1474279867819598103910443347185746361721080587444772240489780369688564751347322387082043025246612291057780180292085639491 - sampling time: 6.3582539558410645
3294: Sampled 6 with 1507333189891477376430937990596379529079237388526658953421471041448104935230566099962786267626249520823414786015650728645 - sampling time: 7.1000120639801025
3294: Sampled 7 with 1528476946881548868812798498676176123138893663184214303874153937012259784012177690170127614833699904124911105491497127402 - sampling time: 8.175328254699707
3294: Sampled 8 with 1528775827524862976216556740048663283023745488657881070074823459860683169135882208125644134009256585437326240303722237754 - sampling time: 6.535904407501221
3294: Sampled 9 with 1553472086708541691232008675662919564389510538029929607978286174165786892801144081825265502746257119194745318151805979054 - sampling time: 7.943527936935425
3294: Sampled 10 with 1562110715290403235469263184487900310542436975952978986892395129169657377477085917433173183089412502243901789541159277319 - sampling time: 6.974322557449341
3294: Sampled 11 with 1577739977297909228100085419223008690677822993892861996663399079008096048787956830033736769400940932383252771194043185249 - sampling time: 6.825554609298706
3294: Sampled 12 with 1608442781879170862777689505287602316427717980585359648538871783034248558542389088343307738313788825062059639286638961608 - sampling time: 7.355452060699463
3294: Sampled 13 with 1651226706024060423963074727723921028083348375045596740907659748246585876490295196793749813239549936641064458344754260905 - sampling time: 7.981158971786499
3294: Sampled 14 with 1659156870528927458715291702464344170573184290578156274262361081269608023177115493286761761691846259139013725296520800578 - sampling time: 6.998350143432617
3291: Sampled 1 with 1024429989475899545348579417928286789266440950484605663809329482285089580338519520679602325063338486644307365231697983076 - sampling time: 7.9550957679748535
3291: Sampled 2 with 1043171537528461171375064794989658355024264543067305177382358061724759710055406303228991548337293840630869443521197495139 - sampling time: 7.8609254360198975
3291: Sampled 3 with 1063187999271982361699144031064279405007187066466349382359919628546841835082657702427313533093277037039969069511561756722 - sampling time: 7.287465810775757
3291: Sampled 4 with 1071583539453305402705823283870619526394140627229586369892304151084886672854391313705182392064633827815028873814997564832 - sampling time: 6.43586540222168
3291: Sampled 5 with 1079884634142491693948837616656041607761535457131846290182012864013262265006522279149559806278844170539950936607646578151 - sampling time: 6.745403289794922
3291: Sampled 6 with 1105725872081454899032754160483244740793565741403087933698500620594560081127549851928201457735358719234888781199779254733 - sampling time: 7.599735975265503
3291: Sampled 7 with 1171989902898957691097212383185651774641169121536669294034265353235932294163407646116326401043369009453584160116793579665 - sampling time: 7.502784729003906
3291: Sampled 8 with 1217633238071325612262914003787402882126280897000062780528758010479182797868895755139454127562944950622783038047046460958 - sampling time: 7.955589771270752
3291: Sampled 9 with 1230958402931932640225015166505755105907739108962507352515611103150269701299938882658360930789060019834435717214404739225 - sampling time: 6.6973419189453125
3291: Sampled 10 with 1266223502442432022879987215755758498383226120891684154168232218871020073524781068337243546390819673457182864556611603597 - sampling time: 7.135801792144775
3291: Sampled 11 with 1269272046282000761736042105336032036928142951612605450730261972021665722326408988977368885215865424402462563385549251743 - sampling time: 6.666589021682739
3291: Sampled 12 with 1271497565989761315007513255743229870399144484728619698445929816352926313025857287610730157214736054347895787911752987445 - sampling time: 15.915133714675903
3291: Sampled 13 with 1294651731017688719900138979021836773111044115402927309754167720717751735410534451875748521803801882288091351885796252366 - sampling time: 15.248172760009766
3291: Sampled 14 with 1295063584705558696809200714696590135192212926588061400556005533698911943796842921706128758193699586902220798566853568557 - sampling time: 5.875094413757324
3289: Sampled 1 with 17805055469166324519655059774995290710121326856256936808894507403707694444225948652603838072043439427075370860004463345 - sampling time: 9.12780213356018
3289: Sampled 2 with 96029282555269583293728208936012633147731932895620503906504110710163231133352534781053879020485355978217846455992963886 - sampling time: 7.430326700210571
3289: Sampled 3 with 100370940592753541396194932466493185508199182968708741751457827920242443674978276450537540964069803816325091690753383037 - sampling time: 7.69696569442749
3289: Sampled 4 with 123513970293114045872356460436570277452626968593876229884494974361103396887752392329764189984474072386827457521469827843 - sampling time: 8.021654605865479
3289: Sampled 5 with 125376770492873661969331178623290699397869892827842844823289262053818638741770574152145280464064055397097477380583189278 - sampling time: 6.925100803375244
3289: Sampled 6 with 180666012218897425451970547417691672386586079993668043658013757433723221791635490274203065130264015317550940018264570679 - sampling time: 8.293835878372192
3289: Sampled 7 with 207567595773768924882445160872443512916258452458218545615232390561991953125362926324225075553897483060381738763654860205 - sampling time: 7.795626878738403
3289: Sampled 8 with 281846359143204778158139388847726029184541233080616858693657898831673922066774036160448177061670514197594182569917786306 - sampling time: 8.432602882385254
3289: Sampled 9 with 335524745890079152278251389071921251964326950975813186225338775936475958458001070873083012319242722911742863950140882965 - sampling time: 16.456098079681396
3289: Sampled 10 with 345771637770726469702672100339406923916430471303482211470431081444984746342557842383753611765100822849724072481175533806 - sampling time: 7.428970098495483
3289: Sampled 11 with 371591890889241681880734572587832301017932584434165770554605209067025510232919131727769875876132462886214675257486014726 - sampling time: 7.945730924606323
3289: Sampled 12 with 445338806391325291527007943238543302006394596487499468538918459763973635590327519072326197308229203703729792460737746204 - sampling time: 8.845656156539917
3289: Sampled 13 with 500113766056879767001683450229300254080478546958112056658345832102326735437688783292236101110675471308808193090324297293 - sampling time: 6.655738353729248
3289: Sampled 14 with 501719743410386300756192739136402586938133046453973460481604687554907911410169663240634131572031732524539192174033445382 - sampling time: 6.191162824630737
3297: Sampled 1 with 1996484306489501437241824083869894291702509040247540924371877095733659306472972649813532090360389914175848512400287954445 - sampling time: 8.579700469970703
3297: Sampled 2 with 2025586947872141045787466690970744244198060899753757347569929607791583665652005593971313961433508086867041648110538149604 - sampling time: 15.993314504623413
3297: Sampled 3 with 2110857091294800101623406246860149707853926571226098177904283649248223479090702590904912848010001667969369629674640247660 - sampling time: 7.584962368011475
3297: Sampled 4 with 2137106840387771391569881538349695855182906191957118618748166247696855667546610507316416553176915531989443338129289220605 - sampling time: 6.795810699462891
3297: Sampled 5 with 2143396292074864668901935732494937087032361653241811916495165810735522847370281726312859601345891717131778494420066722651 - sampling time: 6.434022903442383
3297: Sampled 6 with 2168894755216820853313225952127529933371299811852707629884237170122213731346304754934776324390381530418332232659583832132 - sampling time: 7.671705722808838
3297: Sampled 7 with 2304284649438899536782923720811670175487978445312463319689601823635928607339990360933817239054460343522082994769763185064 - sampling time: 7.386986255645752
3297: Sampled 8 with 2314329241116042269713397225584285758109675210303931434512065245182462017030387137090499199593541678131218595441430199483 - sampling time: 7.6231324672698975
3297: Sampled 9 with 2332468708746622332482086345769000872540448072286205230732947986490858176683893029232525515774249442018476401301560264786 - sampling time: 7.14528489112854
3297: Sampled 10 with 2378935013734145228444591536672723418647062112273169989512552639273986055011137577055027833405804685106502782200846877817 - sampling time: 9.373033285140991
3297: Sampled 11 with 2408809269467683086033622518718274380694052563968554507459468769587966460361033162359394490436975730717209722074845964892 - sampling time: 9.107852697372437
3297: Sampled 12 with 2471808195575684797639802104048589745565443390337227647349152686142465511237897958774987811658484151288252918617471789358 - sampling time: 9.566987752914429
3297: Sampled 13 with 2486026701563959191038042993434524549588523321779154324604904283972191524087754835461743207171426223054929053630124468964 - sampling time: 8.65214991569519
3297: Sampled 14 with 2488842214972621297836050017185990685669456273834426815416023975487681746742937163313423655285321385754400086986496521791 - sampling time: 6.437399625778198
3290: Sampled 1 with 516664206647563248478653899274623670728414307972274555261846369913879171069836316795470207682251173009862654342313677998 - sampling time: 9.50880742073059
3290: Sampled 2 with 546067621295505165173243450332806666119811598236882815555486814500382389033453146067681910046224857392038166634328682066 - sampling time: 7.7739691734313965
3290: Sampled 3 with 554623892003842431063721943933953027457901799582961937391948946382657974596802461427557394307364729424277213711155318712 - sampling time: 7.118435621261597
3290: Sampled 4 with 603038931652391896722335193824137081236563958843540318467118794397031682777315751341098960202972727194317982405365265931 - sampling time: 8.098829746246338
3290: Sampled 5 with 687244303739215813945140699129460113266704829816694394882110189734842401669904070277524150505561295345548458502634338904 - sampling time: 17.608648777008057
3290: Sampled 6 with 697444148362203133002894229067263805946221846044850905471824628748161951049547630712703675042751908729313744831855719990 - sampling time: 8.13211441040039
3290: Sampled 7 with 708650221954585804280569298499518228410908762375029588490383173733530179578608171442365345115710119599769952981486955392 - sampling time: 8.076816082000732
3290: Sampled 8 with 790268748561036927679599209164971523880120079799165926521837509773392530475760642143055973664433509512994534212819198553 - sampling time: 8.198285341262817
3290: Sampled 9 with 819057967271027999688157785831805248061682300411938538245731660185825992033909384536405813405135425069105106492999281969 - sampling time: 7.3701488971710205
3290: Sampled 10 with 822369338013649010600363511708086744365639693073885857611864789955971873281347285349665128759935058696623807203527624254 - sampling time: 8.626389741897583
3290: Sampled 11 with 838109096761339469704371192556600013744159052943113752064854960045377049877453462332415258390190740201725459036960463485 - sampling time: 10.370875835418701
3290: Sampled 12 with 927801595687761801203515026085525627925147283512501364132606949782866619227409450892992214103219142902011592613628159531 - sampling time: 8.22912073135376
3290: Sampled 13 with 937626948047429915869463279254688894664092647278482513792784410949056450306258307406787488526541318510584570180462035054 - sampling time: 6.070874929428101
3290: Sampled 14 with 981921576446131773372132827338085035975526707071696231363209512010554437426731648489942894501719541960027717660959767763 - sampling time: 11.85569953918457
3299: Sampled 1 with 2511116221485803558228299965688273671102076016373203717297812501211594203681655871977324114725485425770821544897493200995 - sampling time: 19.657689332962036
3299: Sampled 2 with 2539256630669370245621371743873969817926280993171106662378331249831070229854722145880046607699724627808762186085992066647 - sampling time: 10.203722476959229
3299: Sampled 3 with 2544952485107991573089105254451574166218456087367128533614429412542815839361225726022458544698376551976958775737589886033 - sampling time: 8.758219718933105
3299: Sampled 4 with 2588805650423513250145859953537698997737045296459561008124455315853861414583855918926707406344425993279406115925311222505 - sampling time: 7.820990085601807
3299: Sampled 5 with 2592125356181214280547152608946809732028264447612213977814936525213936290113971299508649791715264980478699609604580268679 - sampling time: 15.662575244903564
3299: Sampled 6 with 2607258622384106058131755012410717894316302135191666702700182709037274329898880470247516925040221267856728375540499656156 - sampling time: 10.106815099716187
3299: Sampled 7 with 2619718124145394769791210690786270999678210769063720415951724187359228973148041010257893233062301071458489436622069866715 - sampling time: 8.115734577178955
3299: Sampled 8 with 2646414086048751588476364344036331804253629941010544662994979771318339538762562071513244108164747980066958932071131626250 - sampling time: 8.552759408950806
3299: Sampled 9 with 2670755393132380783280286276537713891971055874912680978199578706064399141668540491433603763328973395665483510585406152330 - sampling time: 7.301087379455566
3299: Sampled 10 with 2681426011090182517410118192625529259218165330349541057570091082013326787038916034157900208853705989935693295126451623195 - sampling time: 9.010531187057495
3299: Sampled 11 with 2697133788275503689417891067539648628336056750772752685786483425752597823041580916445024588457628607906254854115953664168 - sampling time: 6.289952516555786
3299: Sampled 12 with 2702927990916073283022152018268222976814004093442458802445922040890765445464060962479507755375943945727657313225939594343 - sampling time: 7.176548719406128
3299: Sampled 13 with 2724652336999740040525040286426935107974996722864330148767727564096944094702411367460844731098853629580128011624538090914 - sampling time: 12.656884670257568
--- total time: 135.6044418811798 seconds ---
Output samples created on:  ./Samples/smarch_mp/edosk2674_97.samples

real	2m15.724s
user	11m2.756s
sys	2m18.063s
