Input file:  ./FeatureModel/fiasco.dimacs
Number of samples:  97
Output directory: ./Samples/smarch_mp
Counting - Total configurations: 358108536766464
Counting time: 0.17491388320922852
31302: Sampled 1 with 1401505116517 - sampling time: 1.7592244148254395
31303: Sampled 1 with 47201072736077 - sampling time: 2.2544682025909424
31304: Sampled 1 with 89977050961146 - sampling time: 2.338317394256592
31302: Sampled 2 with 14066925699579 - sampling time: 0.6618220806121826
31306: Sampled 1 with 141679850520006 - sampling time: 2.5936741828918457
31307: Sampled 1 with 221598513488749 - sampling time: 2.867427110671997
31308: Sampled 1 with 267153808921469 - sampling time: 2.9018611907958984
31309: Sampled 1 with 323516091246571 - sampling time: 2.9048752784729004
31308: Sampled 2 with 271301795302208 - sampling time: 0.6078391075134277
31309: Sampled 2 with 330098904610681 - sampling time: 0.6380963325500488
31307: Sampled 2 with 222863408102640 - sampling time: 0.6955583095550537
31308: Sampled 3 with 272378117034944 - sampling time: 0.6038351058959961
31309: Sampled 3 with 332444803919286 - sampling time: 0.6047635078430176
31307: Sampled 3 with 236096481851807 - sampling time: 0.6208617687225342
31304: Sampled 2 with 93102980813090 - sampling time: 2.2254068851470947
31303: Sampled 2 with 56341950409100 - sampling time: 2.3266522884368896
31308: Sampled 4 with 274941329626050 - sampling time: 0.6243376731872559
31309: Sampled 4 with 341136823953462 - sampling time: 0.5952703952789307
31307: Sampled 4 with 240196096469627 - sampling time: 0.5917794704437256
31306: Sampled 2 with 146864456933106 - sampling time: 2.254516363143921
31302: Sampled 3 with 20951886974863 - sampling time: 2.503819465637207
31304: Sampled 3 with 93137623290361 - sampling time: 0.48136353492736816
31309: Sampled 5 with 342015127412707 - sampling time: 0.5686094760894775
31308: Sampled 5 with 275319362314612 - sampling time: 0.6220722198486328
31307: Sampled 5 with 242191743726660 - sampling time: 0.5959303379058838
31306: Sampled 3 with 147512054227604 - sampling time: 0.5724458694458008
31304: Sampled 4 with 95244715694940 - sampling time: 0.500584602355957
31309: Sampled 6 with 345208278727749 - sampling time: 0.5578765869140625
31308: Sampled 6 with 283401917439950 - sampling time: 0.6136271953582764
31307: Sampled 6 with 243540400076809 - sampling time: 0.6119701862335205
31309: Sampled 7 with 347864177263346 - sampling time: 0.5431497097015381
31308: Sampled 7 with 289297386472212 - sampling time: 0.5691490173339844
31307: Sampled 7 with 245027102361951 - sampling time: 0.5730280876159668
31303: Sampled 3 with 57538786524341 - sampling time: 2.0792620182037354
31309: Sampled 8 with 352972535158817 - sampling time: 0.5520734786987305
31302: Sampled 4 with 26724723662245 - sampling time: 2.1016476154327393
31308: Sampled 8 with 293402947442891 - sampling time: 0.5697791576385498
31307: Sampled 8 with 245740313195267 - sampling time: 0.5723202228546143
31309: Sampled 9 with 353767646853349 - sampling time: 0.5568244457244873
31308: Sampled 9 with 298934831246848 - sampling time: 0.5863268375396729
31307: Sampled 9 with 246385126371318 - sampling time: 0.5909039974212646
31304: Sampled 5 with 104873361911846 - sampling time: 2.2279679775238037
31306: Sampled 4 with 168377059998821 - sampling time: 2.4419803619384766
31309: Sampled 10 with 353786750993169 - sampling time: 0.5381572246551514
31308: Sampled 10 with 300240797394086 - sampling time: 0.5493147373199463
31307: Sampled 10 with 256205529043459 - sampling time: 0.606112003326416
31306: Sampled 5 with 172985279393371 - sampling time: 0.5894815921783447
31309: Sampled 11 with 353862309401894 - sampling time: 0.5187976360321045
31303: Sampled 4 with 63636917486922 - sampling time: 2.125653028488159
31308: Sampled 11 with 302629215691703 - sampling time: 0.587101936340332
31307: Sampled 11 with 262009831846481 - sampling time: 0.5852725505828857
31309: Sampled 12 with 356202838398968 - sampling time: 0.46775174140930176
31302: Sampled 5 with 27323658302074 - sampling time: 2.1048054695129395
31308: Sampled 12 with 304875373692385 - sampling time: 0.5274941921234131
31307: Sampled 12 with 262414807401402 - sampling time: 0.5655014514923096
31308: Sampled 13 with 311074197125329 - sampling time: 0.5724480152130127
31304: Sampled 6 with 107299622665563 - sampling time: 2.1980044841766357
31307: Sampled 13 with 265181854650481 - sampling time: 0.5909693241119385
31308: Sampled 14 with 315109961637409 - sampling time: 0.515831708908081
31307: Sampled 14 with 265905184366876 - sampling time: 0.5718092918395996
31306: Sampled 6 with 181502894149713 - sampling time: 2.367734432220459
31309: Sampled 13 with 357357888648121 - sampling time: 1.9213736057281494
31303: Sampled 5 with 67048286310420 - sampling time: 2.1926803588867188
31302: Sampled 6 with 31165652934798 - sampling time: 2.026732921600342
31303: Sampled 6 with 69548085729255 - sampling time: 0.40795469284057617
31303: Sampled 7 with 70627349652643 - sampling time: 0.3510146141052246
31304: Sampled 7 with 114313684823695 - sampling time: 1.9840247631072998
31303: Sampled 8 with 71998379685328 - sampling time: 0.3547818660736084
31303: Sampled 9 with 72636484196057 - sampling time: 0.3399233818054199
31306: Sampled 7 with 184152369675907 - sampling time: 1.776773452758789
31302: Sampled 7 with 32663755838912 - sampling time: 1.5608603954315186
31304: Sampled 8 with 117633563734005 - sampling time: 1.7851519584655762
31303: Sampled 10 with 74713037446753 - sampling time: 1.5329582691192627
31306: Sampled 8 with 186192663638134 - sampling time: 1.6330852508544922
31302: Sampled 8 with 38081394299705 - sampling time: 1.6270942687988281
31304: Sampled 9 with 118892508590815 - sampling time: 0.8637096881866455
31304: Sampled 10 with 123475905714899 - sampling time: 0.5654752254486084
31303: Sampled 11 with 77342248789744 - sampling time: 1.5758280754089355
31306: Sampled 9 with 191270928377385 - sampling time: 1.762422800064087
31302: Sampled 9 with 40764799955174 - sampling time: 1.722336769104004
31304: Sampled 11 with 129241712443485 - sampling time: 1.7744827270507812
31302: Sampled 10 with 41593496801754 - sampling time: 0.8931615352630615
31303: Sampled 12 with 80928133840336 - sampling time: 1.716071605682373
31302: Sampled 11 with 43984473552953 - sampling time: 0.6353399753570557
31306: Sampled 10 with 197227821771727 - sampling time: 1.7916786670684814
31302: Sampled 12 with 44340283119831 - sampling time: 0.4244422912597656
31302: Sampled 13 with 45243591855611 - sampling time: 0.3926730155944824
31303: Sampled 13 with 83969956612345 - sampling time: 1.3803379535675049
31304: Sampled 12 with 131916853629601 - sampling time: 1.7963690757751465
31302: Sampled 14 with 46355039374033 - sampling time: 0.3579745292663574
31306: Sampled 11 with 197396154201260 - sampling time: 1.1080398559570312
31304: Sampled 13 with 133838906989920 - sampling time: 1.390089511871338
31303: Sampled 14 with 86550738306322 - sampling time: 1.6384186744689941
31306: Sampled 12 with 207757594309430 - sampling time: 1.7536067962646484
31304: Sampled 14 with 137086095828473 - sampling time: 1.498633861541748
31306: Sampled 13 with 214730850287634 - sampling time: 1.6122140884399414
31306: Sampled 14 with 217485289486645 - sampling time: 1.2163429260253906
--- total time: 23.68298625946045 seconds ---
Output samples created on:  ./Samples/smarch_mp/fiasco_97.samples

real	0m23.811s
user	1m35.421s
sys	0m16.159s
