Input file:  ./FeatureModel/fiasco_17_10.dimacs
Number of samples:  97
Output directory: ./Samples/smarch_mp
Counting - Total configurations: 10298439168
Counting time: 0.10966801643371582
28072: Sampled 1 with 7433921953 - sampling time: 0.16693687438964844
28066: Sampled 1 with 2981339527 - sampling time: 0.1714625358581543
28064: Sampled 1 with 44221333 - sampling time: 0.20651817321777344
28068: Sampled 1 with 4796902195 - sampling time: 0.20549964904785156
28071: Sampled 1 with 5601118859 - sampling time: 0.2453746795654297
28074: Sampled 1 with 8736782780 - sampling time: 0.25332069396972656
28072: Sampled 2 with 7435241752 - sampling time: 0.18505573272705078
28066: Sampled 2 with 3009246716 - sampling time: 0.20361971855163574
28068: Sampled 2 with 4817125563 - sampling time: 0.19014906883239746
28071: Sampled 2 with 5888146679 - sampling time: 0.20766115188598633
28064: Sampled 2 with 433516960 - sampling time: 0.26366758346557617
28074: Sampled 2 with 8748307024 - sampling time: 0.22922134399414062
28072: Sampled 3 with 7521582102 - sampling time: 0.17288804054260254
28065: Sampled 1 with 1945894501 - sampling time: 0.612647533416748
28066: Sampled 3 with 3124014670 - sampling time: 0.2400062084197998
28068: Sampled 3 with 4848898454 - sampling time: 0.23605585098266602
28071: Sampled 3 with 6052123067 - sampling time: 0.19673562049865723
28064: Sampled 3 with 789974427 - sampling time: 0.21627521514892578
28074: Sampled 3 with 8805271373 - sampling time: 0.2499706745147705
28066: Sampled 4 with 3154772554 - sampling time: 0.17130517959594727
28071: Sampled 4 with 6177201916 - sampling time: 0.20740580558776855
28068: Sampled 4 with 4852408599 - sampling time: 0.23064804077148438
28064: Sampled 4 with 912852505 - sampling time: 0.21579575538635254
28066: Sampled 5 with 3251502608 - sampling time: 0.1377851963043213
28074: Sampled 4 with 8900629385 - sampling time: 0.25557494163513184
28071: Sampled 5 with 6188588169 - sampling time: 0.17256951332092285
28068: Sampled 5 with 4911674379 - sampling time: 0.18265175819396973
28066: Sampled 6 with 3816434745 - sampling time: 0.1864943504333496
28072: Sampled 4 with 7629536214 - sampling time: 0.6550214290618896
28064: Sampled 5 with 1066614191 - sampling time: 0.29566478729248047
28068: Sampled 6 with 4918046611 - sampling time: 0.17832422256469727
28071: Sampled 6 with 6312022465 - sampling time: 0.21219086647033691
28074: Sampled 5 with 8914311089 - sampling time: 0.27565741539001465
28068: Sampled 7 with 4937402624 - sampling time: 0.13345575332641602
28066: Sampled 7 with 3860212044 - sampling time: 0.24955058097839355
28065: Sampled 2 with 2006206158 - sampling time: 0.7581000328063965
28071: Sampled 7 with 6478699971 - sampling time: 0.18947243690490723
28064: Sampled 6 with 1082479030 - sampling time: 0.29384279251098633
28074: Sampled 6 with 8933122000 - sampling time: 0.24524807929992676
28066: Sampled 8 with 3971016305 - sampling time: 0.1672208309173584
28068: Sampled 8 with 5081480795 - sampling time: 0.21553778648376465
28071: Sampled 8 with 6546108497 - sampling time: 0.21062874794006348
28066: Sampled 9 with 4036629808 - sampling time: 0.18646001815795898
28074: Sampled 7 with 9052013819 - sampling time: 0.23938965797424316
28068: Sampled 9 with 5113664702 - sampling time: 0.1915738582611084
28064: Sampled 7 with 1099274210 - sampling time: 0.33862972259521484
28072: Sampled 5 with 7856261370 - sampling time: 0.6529881954193115
28071: Sampled 9 with 6643378840 - sampling time: 0.1995556354522705
28066: Sampled 10 with 4424284890 - sampling time: 0.1772611141204834
28074: Sampled 8 with 9122314028 - sampling time: 0.22935891151428223
28065: Sampled 3 with 2024660297 - sampling time: 0.6258351802825928
28068: Sampled 10 with 5185347200 - sampling time: 0.24692773818969727
28066: Sampled 11 with 4573617632 - sampling time: 0.13351726531982422
28071: Sampled 10 with 6776211509 - sampling time: 0.2259838581085205
28072: Sampled 6 with 7964420968 - sampling time: 0.23654723167419434
28064: Sampled 8 with 1126233013 - sampling time: 0.3035261631011963
28068: Sampled 11 with 5208968363 - sampling time: 0.18323993682861328
28065: Sampled 4 with 2093674387 - sampling time: 0.22240281105041504
28066: Sampled 12 with 4712199358 - sampling time: 0.21575188636779785
28074: Sampled 9 with 9287632114 - sampling time: 0.2991907596588135
28072: Sampled 7 with 7965261797 - sampling time: 0.24634218215942383
28071: Sampled 11 with 6873086353 - sampling time: 0.27419519424438477
28064: Sampled 9 with 1299565716 - sampling time: 0.26240062713623047
28068: Sampled 12 with 5262265729 - sampling time: 0.23456859588623047
28066: Sampled 13 with 4757032322 - sampling time: 0.21232962608337402
28071: Sampled 12 with 7003711513 - sampling time: 0.13067317008972168
28072: Sampled 8 with 8133810397 - sampling time: 0.1916496753692627
28065: Sampled 5 with 2165898800 - sampling time: 0.31189894676208496
28074: Sampled 10 with 9339114711 - sampling time: 0.2671496868133545
28066: Sampled 14 with 4789821501 - sampling time: 0.1748654842376709
28064: Sampled 10 with 1369552085 - sampling time: 0.25775885581970215
28071: Sampled 13 with 7098125993 - sampling time: 0.18726706504821777
28068: Sampled 13 with 5550798184 - sampling time: 0.23466134071350098
28072: Sampled 9 with 8134388102 - sampling time: 0.16420841217041016
28065: Sampled 6 with 2265734582 - sampling time: 0.18112969398498535
28074: Sampled 11 with 9385457986 - sampling time: 0.23126840591430664
28071: Sampled 14 with 7169926339 - sampling time: 0.18007779121398926
28068: Sampled 14 with 5569780294 - sampling time: 0.19635486602783203
28072: Sampled 10 with 8148891590 - sampling time: 0.19107460975646973
28065: Sampled 7 with 2300605913 - sampling time: 0.16885852813720703
28064: Sampled 11 with 1452309416 - sampling time: 0.27189135551452637
28074: Sampled 12 with 9537535236 - sampling time: 0.2050623893737793
28072: Sampled 11 with 8194435173 - sampling time: 0.13787007331848145
28065: Sampled 8 with 2367426209 - sampling time: 0.12927818298339844
28065: Sampled 9 with 2387042970 - sampling time: 0.12967538833618164
28064: Sampled 12 with 1511505348 - sampling time: 0.22740602493286133
28072: Sampled 12 with 8221549309 - sampling time: 0.1725611686706543
28074: Sampled 13 with 10170130330 - sampling time: 0.20513701438903809
28065: Sampled 10 with 2503027981 - sampling time: 0.1615450382232666
28072: Sampled 13 with 8586399405 - sampling time: 0.18721699714660645
28064: Sampled 13 with 1550638570 - sampling time: 0.23049044609069824
28065: Sampled 11 with 2672862136 - sampling time: 0.11743450164794922
28072: Sampled 14 with 8671896881 - sampling time: 0.15065550804138184
28064: Sampled 14 with 1872352103 - sampling time: 0.1562025547027588
28065: Sampled 12 with 2691649371 - sampling time: 0.1614549160003662
28065: Sampled 13 with 2722658073 - sampling time: 0.09485578536987305
28065: Sampled 14 with 2869965215 - sampling time: 0.1054525375366211
--- total time: 3.907799482345581 seconds ---
Output samples created on:  ./Samples/smarch_mp/fiasco_17_10_97.samples
