Input file:  ./FeatureModel/HiPAcc.dimacs
Number of samples:  97
Output directory: ./Samples/smarch_mp
Counting - Total configurations: 13485
Counting time: 0.08084511756896973
20348: Sampled 1 with 154 - sampling time: 0.0810692310333252
20352: Sampled 1 with 6597 - sampling time: 0.16922450065612793
20359: Sampled 1 with 12185 - sampling time: 0.17819619178771973
20357: Sampled 1 with 10168 - sampling time: 0.21968841552734375
20355: Sampled 1 with 8145 - sampling time: 0.22127652168273926
20348: Sampled 2 with 448 - sampling time: 0.14268827438354492
20351: Sampled 1 with 3849 - sampling time: 0.24768471717834473
20349: Sampled 1 with 1849 - sampling time: 0.26954054832458496
20359: Sampled 2 with 12210 - sampling time: 0.11303067207336426
20357: Sampled 2 with 10424 - sampling time: 0.12009215354919434
20352: Sampled 2 with 6664 - sampling time: 0.17632293701171875
20348: Sampled 3 with 491 - sampling time: 0.14165210723876953
20355: Sampled 2 with 8301 - sampling time: 0.18223810195922852
20359: Sampled 3 with 12394 - sampling time: 0.1435236930847168
20351: Sampled 2 with 3926 - sampling time: 0.23651671409606934
20348: Sampled 4 with 505 - sampling time: 0.12255358695983887
20357: Sampled 3 with 10680 - sampling time: 0.15392804145812988
20352: Sampled 3 with 6675 - sampling time: 0.15726923942565918
20349: Sampled 2 with 1953 - sampling time: 0.23710227012634277
20355: Sampled 3 with 8318 - sampling time: 0.19037437438964844
20348: Sampled 5 with 588 - sampling time: 0.16005325317382812
20351: Sampled 3 with 4048 - sampling time: 0.16523075103759766
20352: Sampled 4 with 7026 - sampling time: 0.1474905014038086
20357: Sampled 4 with 11100 - sampling time: 0.17748570442199707
20359: Sampled 4 with 12522 - sampling time: 0.243056058883667
20349: Sampled 3 with 2042 - sampling time: 0.24878215789794922
20355: Sampled 4 with 8326 - sampling time: 0.16674375534057617
20352: Sampled 5 with 7103 - sampling time: 0.13602852821350098
20351: Sampled 4 with 4152 - sampling time: 0.14913702011108398
20348: Sampled 6 with 633 - sampling time: 0.15269923210144043
20357: Sampled 5 with 11106 - sampling time: 0.1790449619293213
20359: Sampled 5 with 12646 - sampling time: 0.2179431915283203
20351: Sampled 5 with 4189 - sampling time: 0.10652565956115723
20352: Sampled 6 with 7125 - sampling time: 0.12010860443115234
20355: Sampled 5 with 8392 - sampling time: 0.17091894149780273
20348: Sampled 7 with 730 - sampling time: 0.1854557991027832
20352: Sampled 7 with 7130 - sampling time: 0.12743067741394043
20349: Sampled 4 with 2353 - sampling time: 0.28987860679626465
20359: Sampled 6 with 12698 - sampling time: 0.16929244995117188
20357: Sampled 6 with 11190 - sampling time: 0.24033069610595703
20351: Sampled 6 with 4391 - sampling time: 0.2148122787475586
20349: Sampled 5 with 2661 - sampling time: 0.0932161808013916
20355: Sampled 6 with 8700 - sampling time: 0.21651124954223633
20348: Sampled 8 with 872 - sampling time: 0.20659995079040527
20352: Sampled 8 with 7284 - sampling time: 0.1578662395477295
20349: Sampled 6 with 2848 - sampling time: 0.08351540565490723
20359: Sampled 7 with 12752 - sampling time: 0.17952632904052734
20357: Sampled 7 with 11258 - sampling time: 0.18195819854736328
20349: Sampled 7 with 2900 - sampling time: 0.0958256721496582
20351: Sampled 7 with 4411 - sampling time: 0.2189497947692871
20355: Sampled 7 with 9002 - sampling time: 0.22815418243408203
20348: Sampled 9 with 1198 - sampling time: 0.19117403030395508
20349: Sampled 8 with 2957 - sampling time: 0.08389759063720703
20359: Sampled 8 with 12918 - sampling time: 0.1670694351196289
20357: Sampled 8 with 11290 - sampling time: 0.16287946701049805
20352: Sampled 9 with 7590 - sampling time: 0.2826054096221924
20349: Sampled 9 with 3015 - sampling time: 0.13381338119506836
20351: Sampled 8 with 4434 - sampling time: 0.20292901992797852
20355: Sampled 8 with 9104 - sampling time: 0.20418453216552734
20348: Sampled 10 with 1317 - sampling time: 0.21888232231140137
20359: Sampled 9 with 12969 - sampling time: 0.19370508193969727
20357: Sampled 9 with 11441 - sampling time: 0.19919228553771973
20351: Sampled 9 with 5034 - sampling time: 0.11375761032104492
20349: Sampled 10 with 3319 - sampling time: 0.14333844184875488
20352: Sampled 10 with 7665 - sampling time: 0.233656644821167
20359: Sampled 10 with 13252 - sampling time: 0.17691588401794434
20355: Sampled 9 with 9194 - sampling time: 0.21904516220092773
20348: Sampled 11 with 1450 - sampling time: 0.2052292823791504
20349: Sampled 11 with 3364 - sampling time: 0.1353147029876709
20357: Sampled 10 with 11571 - sampling time: 0.19101428985595703
20351: Sampled 10 with 5607 - sampling time: 0.18213319778442383
20352: Sampled 11 with 7738 - sampling time: 0.18389892578125
20349: Sampled 12 with 3397 - sampling time: 0.10145688056945801
20355: Sampled 10 with 9541 - sampling time: 0.13273835182189941
20348: Sampled 12 with 1567 - sampling time: 0.13633465766906738
20359: Sampled 11 with 13333 - sampling time: 0.16649746894836426
20357: Sampled 11 with 11730 - sampling time: 0.12972545623779297
20351: Sampled 11 with 5755 - sampling time: 0.16444110870361328
20359: Sampled 12 with 13421 - sampling time: 0.10150909423828125
20359: Sampled 13 with 13474 - sampling time: 0.00024080276489257812
20348: Sampled 13 with 1590 - sampling time: 0.13656997680664062
20355: Sampled 11 with 9633 - sampling time: 0.15216779708862305
20349: Sampled 13 with 3438 - sampling time: 0.17212915420532227
20357: Sampled 12 with 11946 - sampling time: 0.14083051681518555
20352: Sampled 12 with 7834 - sampling time: 0.24205422401428223
20351: Sampled 12 with 5792 - sampling time: 0.14411616325378418
20357: Sampled 13 with 12096 - sampling time: 0.0531926155090332
20355: Sampled 12 with 9726 - sampling time: 0.11897683143615723
20349: Sampled 14 with 3666 - sampling time: 0.13346147537231445
20357: Sampled 14 with 12148 - sampling time: 0.10165190696716309
20348: Sampled 14 with 1790 - sampling time: 0.17798328399658203
20351: Sampled 13 with 5896 - sampling time: 0.11447477340698242
20351: Sampled 14 with 5907 - sampling time: 0.04165935516357422
20355: Sampled 13 with 9790 - sampling time: 0.11295962333679199
20352: Sampled 13 with 8057 - sampling time: 0.1924748420715332
20355: Sampled 14 with 9905 - sampling time: 0.08815598487854004
20352: Sampled 14 with 8074 - sampling time: 0.15120959281921387
--- total time: 2.575730323791504 seconds ---
Output samples created on:  ./Samples/smarch_mp/HiPAcc_97.samples

real	0m2.624s
user	0m10.158s
sys	0m4.870s
