Input file:  ./FeatureModel/HSMGP.dimacs
Number of samples:  97
Output directory: ./Samples/smarch_mp
Counting - Total configurations: 3456
Counting time: 0.08367347717285156
18580: Sampled 1 with 1355 - sampling time: 0.029776334762573242
18575: Sampled 1 with 48 - sampling time: 0.05551481246948242
18583: Sampled 1 with 2498 - sampling time: 0.05307745933532715
18580: Sampled 2 with 1372 - sampling time: 0.02769637107849121
18577: Sampled 1 with 895 - sampling time: 0.06442666053771973
18576: Sampled 1 with 498 - sampling time: 0.09432220458984375
18577: Sampled 2 with 922 - sampling time: 0.04018855094909668
18580: Sampled 3 with 1430 - sampling time: 0.05425882339477539
18584: Sampled 1 with 2903 - sampling time: 0.11255931854248047
18583: Sampled 2 with 2501 - sampling time: 0.06249380111694336
18581: Sampled 1 with 2048 - sampling time: 0.12769794464111328
18575: Sampled 2 with 96 - sampling time: 0.08396410942077637
18577: Sampled 3 with 956 - sampling time: 0.04198765754699707
18583: Sampled 3 with 2531 - sampling time: 0.036167144775390625
18580: Sampled 4 with 1442 - sampling time: 0.06740713119506836
18577: Sampled 4 with 967 - sampling time: 0.043329715728759766
18576: Sampled 2 with 512 - sampling time: 0.09689831733703613
18583: Sampled 4 with 2563 - sampling time: 0.0474090576171875
18575: Sampled 3 with 140 - sampling time: 0.07657432556152344
18584: Sampled 2 with 2904 - sampling time: 0.11292552947998047
18576: Sampled 3 with 605 - sampling time: 0.04215574264526367
18583: Sampled 5 with 2564 - sampling time: 0.04154205322265625
18580: Sampled 5 with 1520 - sampling time: 0.06308674812316895
18581: Sampled 2 with 2052 - sampling time: 0.12538743019104004
18577: Sampled 5 with 975 - sampling time: 0.06516146659851074
18576: Sampled 4 with 624 - sampling time: 0.045607805252075195
18583: Sampled 6 with 2570 - sampling time: 0.046767234802246094
18577: Sampled 6 with 1013 - sampling time: 0.05640411376953125
18580: Sampled 6 with 1525 - sampling time: 0.07146239280700684
18576: Sampled 5 with 629 - sampling time: 0.04202437400817871
18584: Sampled 3 with 2919 - sampling time: 0.10762476921081543
18575: Sampled 4 with 206 - sampling time: 0.12794089317321777
18577: Sampled 7 with 1078 - sampling time: 0.043090105056762695
18576: Sampled 6 with 645 - sampling time: 0.04543495178222656
18583: Sampled 7 with 2586 - sampling time: 0.08369159698486328
18580: Sampled 7 with 1540 - sampling time: 0.06564855575561523
18581: Sampled 3 with 2060 - sampling time: 0.12771391868591309
18577: Sampled 8 with 1083 - sampling time: 0.0469202995300293
18576: Sampled 7 with 646 - sampling time: 0.046169281005859375
18583: Sampled 8 with 2603 - sampling time: 0.0659489631652832
18580: Sampled 8 with 1550 - sampling time: 0.06824111938476562
18576: Sampled 8 with 674 - sampling time: 0.03751540184020996
18575: Sampled 5 with 213 - sampling time: 0.12219834327697754
18584: Sampled 4 with 2935 - sampling time: 0.13414955139160156
18577: Sampled 9 with 1119 - sampling time: 0.09076547622680664
18581: Sampled 4 with 2065 - sampling time: 0.11876749992370605
18583: Sampled 9 with 2710 - sampling time: 0.07137441635131836
18576: Sampled 9 with 719 - sampling time: 0.06987166404724121
18580: Sampled 9 with 1617 - sampling time: 0.08298087120056152
18577: Sampled 10 with 1141 - sampling time: 0.05322718620300293
18583: Sampled 10 with 2730 - sampling time: 0.0584871768951416
18575: Sampled 6 with 228 - sampling time: 0.11808276176452637
18577: Sampled 11 with 1158 - sampling time: 0.05464935302734375
18584: Sampled 5 with 2945 - sampling time: 0.1379227638244629
18576: Sampled 10 with 803 - sampling time: 0.08754825592041016
18580: Sampled 10 with 1630 - sampling time: 0.08342242240905762
18581: Sampled 5 with 2109 - sampling time: 0.12569117546081543
18577: Sampled 12 with 1182 - sampling time: 0.055669546127319336
18576: Sampled 11 with 833 - sampling time: 0.05267620086669922
18583: Sampled 11 with 2767 - sampling time: 0.09296226501464844
18575: Sampled 7 with 304 - sampling time: 0.0956563949584961
18576: Sampled 12 with 861 - sampling time: 0.028881311416625977
18580: Sampled 11 with 1842 - sampling time: 0.07901692390441895
18576: Sampled 13 with 863 - sampling time: 0.03454160690307617
18584: Sampled 6 with 3064 - sampling time: 0.12322354316711426
18583: Sampled 12 with 2802 - sampling time: 0.08270955085754395
18577: Sampled 13 with 1296 - sampling time: 0.09449625015258789
18581: Sampled 6 with 2131 - sampling time: 0.12514972686767578
18576: Sampled 14 with 865 - sampling time: 0.029874563217163086
18575: Sampled 8 with 341 - sampling time: 0.08968901634216309
18580: Sampled 12 with 1845 - sampling time: 0.08655500411987305
18577: Sampled 14 with 1332 - sampling time: 0.06774616241455078
18583: Sampled 13 with 2829 - sampling time: 0.07684183120727539
18584: Sampled 7 with 3130 - sampling time: 0.11876678466796875
18575: Sampled 9 with 347 - sampling time: 0.08422207832336426
18581: Sampled 7 with 2147 - sampling time: 0.10329937934875488
18580: Sampled 13 with 1974 - sampling time: 0.10210990905761719
18581: Sampled 8 with 2225 - sampling time: 0.02913832664489746
18583: Sampled 14 with 2852 - sampling time: 0.08356451988220215
18581: Sampled 9 with 2241 - sampling time: 0.029821157455444336
18575: Sampled 10 with 364 - sampling time: 0.0733492374420166
18581: Sampled 10 with 2288 - sampling time: 0.028400659561157227
18584: Sampled 8 with 3139 - sampling time: 0.09628415107727051
18580: Sampled 14 with 2005 - sampling time: 0.08314013481140137
18581: Sampled 11 with 2383 - sampling time: 0.03796029090881348
18575: Sampled 11 with 374 - sampling time: 0.06302356719970703
18575: Sampled 12 with 392 - sampling time: 0.029790639877319336
18581: Sampled 12 with 2385 - sampling time: 0.0387728214263916
18584: Sampled 9 with 3198 - sampling time: 0.08609962463378906
18584: Sampled 10 with 3258 - sampling time: 0.008780479431152344
18581: Sampled 13 with 2393 - sampling time: 0.02603936195373535
18575: Sampled 13 with 401 - sampling time: 0.0348513126373291
18584: Sampled 11 with 3267 - sampling time: 0.018474817276000977
18584: Sampled 12 with 3377 - sampling time: 0.010068893432617188
18581: Sampled 14 with 2464 - sampling time: 0.04362821578979492
18584: Sampled 13 with 3407 - sampling time: 0.019780635833740234
18575: Sampled 14 with 429 - sampling time: 0.03673100471496582
--- total time: 1.1894123554229736 seconds ---
Output samples created on:  ./Samples/smarch_mp/HSMGP_97.samples

real	0m1.239s
user	0m4.346s
sys	0m2.145s
