Input file:  ./FeatureModel/integrator_arm9.dimacs
Number of samples:  97
Output directory: ./Samples/smarch_mp
Counting - Total configurations: 4058359009533639626886272534103178164739667387222518335105568636716329870954191014758144927057614850667504086770471219270128181200
Counting time: 6.841885566711426
328: Sampled 1 with 2731498340312462223049389018552135590946266785848861748751870080000705746580351496899366430104021999452380336265839027932591178571 - sampling time: 104.22195434570312
320: Sampled 1 with 24072864367073201247300058872562612094888209468446050790335607552113400504632587887991649626067043314430130673497621048758441605 - sampling time: 144.18195748329163
324: Sampled 1 with 1645498339304439142198714986014331915361080655765507977408176850363861071658765285896809947625391736717445347544652673837783837749 - sampling time: 144.97274494171143
327: Sampled 1 with 2111361988974207468487934447743181082166680935907929337145043510072660712749272762306504496851765461783189349727441186954242641495 - sampling time: 148.60229992866516
324: Sampled 2 with 1654794775883778209197835166851759543208627104403664750405986796954871544705800263944533126060388514297259927016018383980882348453 - sampling time: 3.8334603309631348
323: Sampled 1 with 995971807936767288478926850047752696309625019640256097968091121458166107950628701820057566841470350760261095359772802267239339986 - sampling time: 158.64884972572327
321: Sampled 1 with 329131977082571760551095992202248077416486895171298909639861748073380574824142090281867917590102110753082229257703946450145659996 - sampling time: 162.75409412384033
329: Sampled 1 with 3562087230456387874860407317632634671878009523546602101987269375774784656877715103851282462219388038381463023311904952303895643647 - sampling time: 170.84549045562744
328: Sampled 2 with 2783374562232979543521784368206119254905463283991033313540255889977012433935910088485338134434971964787290818651995172482746018855 - sampling time: 147.07750725746155
324: Sampled 3 with 1675037150327086902863211433560777666162717206204664269234873902548519947125614346003787533052462400224619886153489282252324791274 - sampling time: 150.2612555027008
320: Sampled 2 with 73624525018588977217080162413596215993423745971585302978787831362026100431651231470923963780644234538258103720199019995666085396 - sampling time: 161.33158230781555
321: Sampled 2 with 417716268876518773239369781600992168729628262552194071303878210563044158548937190035483136140703366871251707573233975304933458233 - sampling time: 143.54697179794312
329: Sampled 2 with 3606487437976419330207454828328329846456395578448304020931221948307947220721448729268914136100426012532311256929432899575267500926 - sampling time: 136.17636680603027
323: Sampled 2 with 997285105893483277383904976650904491937559826170934987755515391883418775146890035042307720087126330374606699005664786757887714131 - sampling time: 149.87990880012512
327: Sampled 2 with 2313159766372247061087802622136216370681621599511925547283054410521193712451704415799545739345116884003430025036324018512513427884 - sampling time: 160.35638523101807
328: Sampled 3 with 2795386432659506626161420598015543800620496297094937977955731100989604696587875797336051088887429837371327943358935729461428526952 - sampling time: 153.74454140663147
324: Sampled 4 with 1685843609099269208006338507174839985571107419719865768117738491868836957922257832267248305557145451538640854708038588710087656070 - sampling time: 152.39778685569763
321: Sampled 3 with 431571379439786643753606168698033271790613720092562924850111521778975753144072342980032065572049157737015964324110725097208254717 - sampling time: 146.87930488586426
320: Sampled 3 with 95546624356546157722444793547340116032796383373322240288148048364278501408857449945323588686518622229132406786330471386220451389 - sampling time: 151.20625972747803
327: Sampled 3 with 2317328184117675293592108140125830437941965639861804271558578229687943828320546850761136119748438172212078845915541517747176195672 - sampling time: 149.51077842712402
323: Sampled 3 with 1037846150601247706221515417570955338279164030117987052763891673022253856087669723313179636827345718628807724416242953654708887916 - sampling time: 154.99347853660583
329: Sampled 3 with 3673950585972602756634393677923930009128470960076282183705613620939826769510715539805229847345317494048484691230146884613429455288 - sampling time: 160.20360922813416
328: Sampled 4 with 2852898050733561216979390309461532345720898184409790243462406451495204454038392875408271155359586276317809942114063780659639390570 - sampling time: 143.5875768661499
321: Sampled 4 with 481187376375202522214407265145366636069291345662694778932622769790495678577067446288797929450959184725207818360162444568092838552 - sampling time: 136.60156536102295
324: Sampled 5 with 1695974492673620831333108851302327093407225555479494932705851087143676740187378377291874108707692155764598967437612518483413854838 - sampling time: 146.67051005363464
327: Sampled 4 with 2403954697707347859481742709938074906125182313567606886365240147978620547038297640113095867063026646572510605358036426951859099420 - sampling time: 140.38740062713623
320: Sampled 4 with 106051140584093134974406948782656876903635614721082529156639910953073908968095480969119503786645237243306480832774647919754932195 - sampling time: 145.6300175189972
329: Sampled 4 with 3711191322619327921621935516564005875786690415510974907872035589719956956058762307269145932532425712919318400343240588222494667237 - sampling time: 140.0703206062317
323: Sampled 4 with 1055120483645208961876991833237442079892219688483913320733629179949568192690090499513203092594725835516547011642067997174673189026 - sampling time: 146.54509902000427
328: Sampled 5 with 2871678293762183040410375381219822173502391079959145604937786738107543279546748729233519732030440099293013936586884287540810839539 - sampling time: 145.75955533981323
327: Sampled 5 with 2447827853067138035456279406064248596263993066154758253913197426085524182006366445062620238253290752271940134088426932310207155817 - sampling time: 144.5014967918396
320: Sampled 5 with 109659231307955440107510092273418233669251081995546167969560055897738588033382491702666435084571531130902138150615609555192589783 - sampling time: 142.99454998970032
324: Sampled 6 with 1789646176684076339551917175248470282031309640660170728117733454675276288189798678273364161464091603288265593832987632548396133198 - sampling time: 147.84547972679138
329: Sampled 5 with 3759869844893171903776525996987413512812481170867004764843538990047401839382775273564199570641216202414459983071280134420945743129 - sampling time: 140.0365753173828
321: Sampled 5 with 574024128072207678145895439651486552246164195891064153952734552286303462696287275331404525808816061497037725258159929155986348129 - sampling time: 165.71123623847961
323: Sampled 5 with 1110113170039207052429161290116442709369899849644127012482518187267478694035432857208192360017786483102576168179508592656153861826 - sampling time: 149.75514030456543
328: Sampled 6 with 3042495397138874532361869067360935222417966571801535096410511320845215138614567514287628872623042361351692966459345517708502857221 - sampling time: 144.7339105606079
327: Sampled 6 with 2481078814098370095033092829813032073145212255016751182464356698540531222064618501214508426137454275203809465585159855446286253949 - sampling time: 140.97760128974915
329: Sampled 6 with 3832176813076655110643111492953516333489565081080730304350101603071250571747745326813325539269189729029748391826038833866034606823 - sampling time: 140.7836287021637
324: Sampled 7 with 1863181806990995009236849131206947471493014683766943782588825986642695709904097882654450939788620461582865864667041076099265929541 - sampling time: 144.29017400741577
324: Sampled 8 with 1881662394258013818859360880054878526324512189086810692979840235584410964440783051626870051683238340235151044692430357092277023076 - sampling time: 3.630537986755371
324: Sampled 9 with 1904427753456388944692603621881569779608590864133552075559397882777387971537415358242981820635594159417367517247397970914851773282 - sampling time: 0.7917187213897705
324: Sampled 10 with 1906895148250000979997900249448581596703816158329917272214217450564560919973327649717818025198768147641370345944698350981482334578 - sampling time: 0.4334850311279297
324: Sampled 11 with 1910313872400115962396646802874297129159901466240836768579380199328896633513521063127978904880345242026094412940844370252221579174 - sampling time: 0.36086130142211914
320: Sampled 6 with 160363674011558355336294544506567330979031911558157747075947060433353959935268712177743219966106128691136765436078356998461558850 - sampling time: 150.29438734054565
321: Sampled 6 with 635242623578981021347275105424909662975861291087101398855853381263826479926331094250586269349417333004172600786136761885206407089 - sampling time: 147.14718747138977
323: Sampled 6 with 1207769176440056889540769002318971277704692784538207250972814739238860654408191556211848544004833456826941566505691633867092243998 - sampling time: 147.39088225364685
328: Sampled 7 with 3178752466675925899275977620381136347769316396347450488561391019970855398316294900900827149524720585992467649122995384622916502406 - sampling time: 137.31585884094238
324: Sampled 12 with 1923253695563859137202660781215435134385474248273861919684605505857126369893286078846259108663488391353343693135418967365736678961 - sampling time: 86.00653386116028
320: Sampled 7 with 182303705797522008938043583969491084337809459615059834497189777100200569710494032202321618837761773308766082759635137929115913541 - sampling time: 138.00799441337585
327: Sampled 7 with 2532527117160380448524456052015901233526212504000003212848826704858504256647121073476264661482606453917865692304836073540088482171 - sampling time: 150.84032249450684
320: Sampled 8 with 182835948464070778556560808851874636249032369666841142787975014930825766861938352078531875486650650097177046129199850162840342879 - sampling time: 4.146509885787964
329: Sampled 7 with 3874726457250417072549716737857963565112121259463030556010644625660596447105685220695299877155887228628022573505382669342505484131 - sampling time: 150.93753147125244
321: Sampled 7 with 700960879121996806134508952672988122641169849463231743879844537925295706415105165208934840693910051930523072993730897031478642280 - sampling time: 138.65966653823853
323: Sampled 7 with 1358007818782287252423549918544764747904717507555914175335490381345895058513208835109355172261731373196289639947482915934487678569 - sampling time: 138.8184630870819
328: Sampled 8 with 3232434023240467307847678968702230342414858734367949495523343590922998127098223062053136903476239807374575392599227818504667881015 - sampling time: 143.45131826400757
324: Sampled 13 with 1953094944274001357361646591798804499793877213404732840350310512936574880795704698728942871465357214232472883253056446686953503692 - sampling time: 148.07245349884033
327: Sampled 8 with 2535568159442681501461729563430805645599277182321837160602064414497209753275324986853785404123167151993563618754809886361442584046 - sampling time: 140.6166045665741
320: Sampled 9 with 197364098857660463956817050216951981651783624864068017900139699999516941480511223315098874209234862500093441616351830389549405108 - sampling time: 143.4374988079071
329: Sampled 8 with 3908640390003689705666722339542616654055217660507478997177467826765943815198067889743435404970734536337362039404509065325553078972 - sampling time: 149.67462301254272
321: Sampled 8 with 747070850791153308491476250787409979823641308165746136323098219969984922295783897698945103652252729332220975729959483790459193626 - sampling time: 148.63837575912476
323: Sampled 8 with 1417669739580277384153034699046724596027854276028846320146422372926960367235326481853117732018381060654335856622766717019077662326 - sampling time: 149.9355137348175
328: Sampled 9 with 3285842694511085417903845724217528415347574512821956241927075732423914665592090793917201855013994157515290217980457113391883280211 - sampling time: 146.64953756332397
324: Sampled 14 with 2061342976383946985038980405226782514214041684441665066221174065719844363415994243089505360608243207085027544989160927551334459083 - sampling time: 139.7059416770935
320: Sampled 10 with 248347755549202505316496630036118516606289521093220600882067567738380761338806032775777426440018754545465290396940140838926133042 - sampling time: 136.01834440231323
321: Sampled 9 with 800609100911808380630608278294136473322922012689725252358726734725405359826374371779522466366310702095932889758568341767517035309 - sampling time: 132.9758608341217
327: Sampled 9 with 2584700772271150606225674221272876154640563049963490636157201481650590022408003669976558474602132394409677253280728152688286592860 - sampling time: 149.66725492477417
329: Sampled 9 with 3937452821753137977104249432568604709939612553373533916307657662184178856049461784513048513582819759448236012397207938362379725402 - sampling time: 141.7317624092102
323: Sampled 9 with 1424136706036846636765407503451387909809657156066194490157143259452225471632408478783058158195596583578756167102327352614651363316 - sampling time: 139.66960787773132
328: Sampled 10 with 3316871349890156800480077500249090287037547326004902861522975970942002796025695454206313562546361943802079696172530106345795545698 - sampling time: 125.36736702919006
320: Sampled 11 with 251064008746572071416354596885746414280048594878070145370245197554180552982967539217691261647518098207782540502556830411444808643 - sampling time: 124.31644177436829
327: Sampled 10 with 2594889604976763916672903718286067428884588226348388300501705414829926957829536381334763875619360784074970041281860982901244881520 - sampling time: 124.14226269721985
321: Sampled 10 with 829929911614497647894224102428090728240338457893944076719816640517419154578979322806456650606799521653867785075671945059769071382 - sampling time: 127.92732191085815
329: Sampled 10 with 3939513852619501398067417694376000704400116207517678911572012559779036026330152242646816687527263359002772986836131481718332685855 - sampling time: 123.89682197570801
323: Sampled 10 with 1431314129187534963818116974175444228403044747986809086198678014562746801276960856487525015288102391925157006091683946458661076180 - sampling time: 122.97834897041321
321: Sampled 11 with 833125550571573913044250684204466416641673067402349785018764365181457857239972598441242219492449877724031110900976729260534552497 - sampling time: 10.663642406463623
320: Sampled 12 with 281984808482048872121228355012343893759091232822908458826120785489706842413289044710319904035530542402481619634281182962726183974 - sampling time: 84.32309651374817
328: Sampled 11 with 3366773879927011563528604858244654716877519273428857116723971913205326320924919029055661272352374326968989997097476305098160862620 - sampling time: 135.39701175689697
329: Sampled 11 with 3945941270022658574390349797786600424466876669323181810047556480853714886493906283889929521195348352258115518015712781522121147121 - sampling time: 122.0251977443695
327: Sampled 11 with 2599522071459755583656412077381509791918062362703412061555015400099554574888737352872180452469182668660285084916189690967372915688 - sampling time: 128.6320502758026
321: Sampled 12 with 912457596054977590619832668054350833040019935905608419845331608468650975772173985366459369749654583104482785977314322164940832278 - sampling time: 126.87409377098083
329: Sampled 12 with 3948513129642430294349450213760486699088697565975646622321857047484115232059475958084099864550960838366360983366377511289655249117 - sampling time: 12.598270654678345
323: Sampled 11 with 1469940754440435520632859589541383411355049711411708529567408547191070656716052308151879185262457445966213512953048210478131564719 - sampling time: 139.47362208366394
320: Sampled 13 with 283427670109820679404348326637615794165658987792270533395477712750474493129194584377638739984842061290216481169864139711745432783 - sampling time: 75.71955823898315
328: Sampled 12 with 3417965495548585702909959787985010592306210668652249250601108351748594528206261933408348005049169336695770242040568595483237713192 - sampling time: 127.4918143749237
320: Sampled 14 with 288025762855318071725434708501924185857361931341851620817946390737607286369989174751228555721846106788499203259395290697842125707 - sampling time: 76.5661129951477
327: Sampled 12 with 2608114755329906166972862275117863886651307927665306540196351799361298253768627114704801248511507266187580131840820238412627510469 - sampling time: 124.29358196258545
321: Sampled 13 with 936932448357110268599216745654408699874503555778320351347290660068985223597338701564507394979149719020489614015854394812941746418 - sampling time: 121.21112132072449
329: Sampled 13 with 3981459651941641118947653455778468662544043085305224833764544733025497310914482081234496359692085751468991793934752356648960686545 - sampling time: 124.26948738098145
321: Sampled 14 with 945707981726659777627096579193985881954838269008640100486828693299343540422617870451658326358980952791974259764544110792777711971 - sampling time: 9.465437650680542
323: Sampled 12 with 1524049267666462918472153513121994932036666567305501459871519842272303651329860645036306360987864091799089324175644620378991955164 - sampling time: 128.79515147209167
328: Sampled 13 with 3485796726174930569325484734876138470811405787636718616525153260079169666640369522028116334209601349156934989733235856982112920966 - sampling time: 104.85356712341309
327: Sampled 13 with 2651320752281038373039722475012750428866838221926341166443199954768697198966247147210815698010800079351188589339373888436727555713 - sampling time: 99.53871703147888
323: Sampled 13 with 1598213386161089894091982850844001760774170840027034492144042425137116770646505551780258109565526470608066741259047377940255516863 - sampling time: 98.11180543899536
328: Sampled 14 with 3512275635531881986308969111922909929940565736807938633195375882860338875632994225236375037198774532781153901662313503644160059278 - sampling time: 92.95900511741638
327: Sampled 14 with 2685731028782447553951720993942833486261927050322793517350215999539904433684776321072567706696705256597787710351850812455740691729 - sampling time: 89.4221465587616
323: Sampled 14 with 1616975578917609513333764452455372121824986256282387833727265379944125234342604863286552626814640806393918830001522226554282904330 - sampling time: 87.13880372047424
--- total time: 1919.025307893753 seconds ---
Output samples created on:  ./Samples/smarch_mp/integrator_arm9_97.samples

real	31m59.252s
user	188m52.766s
sys	8m55.511s
