Input file:  ./FeatureModel/LLVM.dimacs
Number of samples:  97
Output directory: ./Samples/smarch_mp
Counting - Total configurations: 1024
Counting time: 0.007877111434936523
9470: Sampled 1 with 11 - sampling time: 0.0012142658233642578
9470: Sampled 2 with 20 - sampling time: 0.0001888275146484375
9470: Sampled 3 with 26 - sampling time: 0.00011777877807617188
9470: Sampled 4 with 44 - sampling time: 0.00031065940856933594
9470: Sampled 5 with 62 - sampling time: 0.00010371208190917969
9470: Sampled 6 with 74 - sampling time: 0.0003960132598876953
9471: Sampled 1 with 173 - sampling time: 0.0018849372863769531
9470: Sampled 7 with 92 - sampling time: 0.00022411346435546875
9470: Sampled 8 with 94 - sampling time: 0.00026607513427734375
9470: Sampled 9 with 96 - sampling time: 9.72747802734375e-05
9471: Sampled 2 with 190 - sampling time: 0.0006358623504638672
9470: Sampled 10 with 101 - sampling time: 0.0002543926239013672
9471: Sampled 3 with 206 - sampling time: 0.0003364086151123047
9473: Sampled 1 with 288 - sampling time: 0.001809835433959961
9474: Sampled 1 with 435 - sampling time: 0.001989126205444336
9471: Sampled 4 with 215 - sampling time: 0.00021004676818847656
9473: Sampled 2 with 292 - sampling time: 0.0002071857452392578
9470: Sampled 11 with 116 - sampling time: 0.00045228004455566406
9474: Sampled 2 with 450 - sampling time: 0.0002422332763671875
9470: Sampled 12 with 143 - sampling time: 0.00017142295837402344
9474: Sampled 3 with 461 - sampling time: 0.00019598007202148438
9471: Sampled 5 with 218 - sampling time: 0.0004611015319824219
9476: Sampled 1 with 659 - sampling time: 0.0018413066864013672
9473: Sampled 3 with 303 - sampling time: 0.0004718303680419922
9470: Sampled 13 with 160 - sampling time: 0.0003314018249511719
9474: Sampled 4 with 472 - sampling time: 0.00030732154846191406
9479: Sampled 1 with 789 - sampling time: 0.001430511474609375
9473: Sampled 4 with 305 - sampling time: 0.00021314620971679688
9471: Sampled 6 with 221 - sampling time: 0.0003113746643066406
9470: Sampled 14 with 163 - sampling time: 0.0002071857452392578
9476: Sampled 2 with 662 - sampling time: 0.0004165172576904297
9473: Sampled 5 with 312 - sampling time: 0.0002300739288330078
9474: Sampled 5 with 497 - sampling time: 0.00040411949157714844
9479: Sampled 2 with 790 - sampling time: 0.0003600120544433594
9476: Sampled 3 with 674 - sampling time: 0.00021958351135253906
9473: Sampled 6 with 315 - sampling time: 0.0002028942108154297
9471: Sampled 7 with 225 - sampling time: 0.0005307197570800781
9479: Sampled 3 with 812 - sampling time: 0.0002319812774658203
9473: Sampled 7 with 322 - sampling time: 0.0002551078796386719
9474: Sampled 6 with 511 - sampling time: 0.0004296302795410156
9476: Sampled 4 with 682 - sampling time: 0.0004825592041015625
9471: Sampled 8 with 227 - sampling time: 0.00037670135498046875
9479: Sampled 4 with 821 - sampling time: 0.0003745555877685547
9473: Sampled 8 with 327 - sampling time: 0.0002932548522949219
9474: Sampled 7 with 547 - sampling time: 0.00029087066650390625
9479: Sampled 5 with 822 - sampling time: 0.0001735687255859375
9471: Sampled 9 with 232 - sampling time: 0.00025343894958496094
9482: Sampled 1 with 890 - sampling time: 0.0014765262603759766
9474: Sampled 8 with 551 - sampling time: 0.00025653839111328125
9471: Sampled 10 with 237 - sampling time: 0.00012803077697753906
9476: Sampled 5 with 697 - sampling time: 0.0005042552947998047
9473: Sampled 9 with 330 - sampling time: 0.0004127025604248047
9479: Sampled 6 with 823 - sampling time: 0.00031566619873046875
9474: Sampled 9 with 572 - sampling time: 0.00023937225341796875
9476: Sampled 6 with 707 - sampling time: 0.00017070770263671875
9482: Sampled 2 with 904 - sampling time: 0.0003390312194824219
9473: Sampled 10 with 369 - sampling time: 0.00019884109497070312
9479: Sampled 7 with 826 - sampling time: 0.00025844573974609375
9471: Sampled 11 with 239 - sampling time: 0.0004134178161621094
9474: Sampled 10 with 595 - sampling time: 0.0002281665802001953
9476: Sampled 7 with 714 - sampling time: 0.0002522468566894531
9482: Sampled 3 with 934 - sampling time: 0.0003070831298828125
9479: Sampled 8 with 829 - sampling time: 0.00024962425231933594
9474: Sampled 11 with 604 - sampling time: 0.00023746490478515625
9482: Sampled 4 with 946 - sampling time: 0.00019311904907226562
9471: Sampled 12 with 247 - sampling time: 0.0003833770751953125
9473: Sampled 11 with 370 - sampling time: 0.0005316734313964844
9476: Sampled 8 with 728 - sampling time: 0.0003724098205566406
9474: Sampled 12 with 608 - sampling time: 0.0002276897430419922
9482: Sampled 5 with 952 - sampling time: 0.00018143653869628906
9479: Sampled 9 with 857 - sampling time: 0.00036525726318359375
9476: Sampled 9 with 735 - sampling time: 0.000179290771484375
9471: Sampled 13 with 258 - sampling time: 0.0002551078796386719
9474: Sampled 13 with 616 - sampling time: 0.0001761913299560547
9482: Sampled 6 with 958 - sampling time: 0.0001747608184814453
9479: Sampled 10 with 858 - sampling time: 0.00014972686767578125
9473: Sampled 12 with 372 - sampling time: 0.0003628730773925781
9471: Sampled 14 with 260 - sampling time: 0.0001838207244873047
9474: Sampled 14 with 637 - sampling time: 0.0001780986785888672
9482: Sampled 7 with 964 - sampling time: 0.00019478797912597656
9476: Sampled 10 with 764 - sampling time: 0.00032806396484375
9479: Sampled 11 with 863 - sampling time: 0.00024199485778808594
9482: Sampled 8 with 969 - sampling time: 0.000179290771484375
9473: Sampled 13 with 411 - sampling time: 0.0004112720489501953
9479: Sampled 12 with 864 - sampling time: 0.00020742416381835938
9476: Sampled 11 with 770 - sampling time: 0.00027251243591308594
9473: Sampled 14 with 430 - sampling time: 0.00018215179443359375
9482: Sampled 9 with 970 - sampling time: 0.0003094673156738281
9479: Sampled 13 with 871 - sampling time: 0.0003235340118408203
9476: Sampled 12 with 777 - sampling time: 0.0003197193145751953
9482: Sampled 10 with 984 - sampling time: 0.00028061866760253906
9476: Sampled 13 with 782 - sampling time: 0.00022530555725097656
9479: Sampled 14 with 885 - sampling time: 0.0003063678741455078
9476: Sampled 14 with 783 - sampling time: 0.00019359588623046875
9482: Sampled 11 with 993 - sampling time: 0.0003681182861328125
9482: Sampled 12 with 1014 - sampling time: 0.0003619194030761719
9482: Sampled 13 with 1020 - sampling time: 0.00022554397583007812
--- total time: 0.039638519287109375 seconds ---
Output samples created on:  ./Samples/smarch_mp/LLVM_97.samples

real	0m0.098s
user	0m0.100s
sys	0m0.030s
