Input file:  ./FeatureModel/m5272c3.dimacs
Number of samples:  97
Output directory: ./Samples/smarch_mp
Counting - Total configurations: 236757456339671212343440515250085432063359623357232316062924436259830130424626561012504701024010470939571791003895046764699600
Counting time: 3.9549059867858887
32148: Sampled 1 with 170026989894283667080074235635296844709033908189892910386146981421486830035617218482161270845330528719446791347213193774824312 - sampling time: 10.710390567779541
32141: Sampled 1 with 5761213756276203358492278843062487882922818882124130588126425326381455030591456562443421710617368698821708813703099293681712 - sampling time: 10.960081815719604
32147: Sampled 1 with 134433342263629546253863523479200422673454141551891043617051196703527113453287546444839805409353643042536885433499584149192671 - sampling time: 11.074230909347534
32142: Sampled 1 with 48881382200674418944486368212796044810825887250657507566970555623660210163423713431932981134473113334811618247433226777489251 - sampling time: 11.157304048538208
32145: Sampled 1 with 102791748841188530265353148250789527965357962286710863417051338653928388870352657533664899179195217659756978174887118648475548 - sampling time: 11.730667352676392
32151: Sampled 1 with 194879400284010792043367223844030522009518745621466709748388352988246849853307295456702822987801945673928169205127411452533135 - sampling time: 11.952813148498535
32143: Sampled 1 with 70325837221293766239021400690496138494950330618566859084502792498583335045196759063072049920809325602824557807212062009399554 - sampling time: 12.10634183883667
32141: Sampled 2 with 5968004812929626707863191856022159842271366919686361840177740002729028002022446370184178658160283309800345818813968653696500 - sampling time: 8.115247011184692
32142: Sampled 2 with 55526441843914487142842828339834114073659737067774901423900672081930214925100608278511354911572533358833831758829656909202211 - sampling time: 8.62940764427185
32148: Sampled 2 with 171578442338080663920077281934220087214766750609356830784924585683155432132943328286259068422519675319781200063898827792010879 - sampling time: 9.266139030456543
32151: Sampled 2 with 195018262590639141698057084945939565061266039314834564363253415447144345419313115094205254733818107723520505549257610638157312 - sampling time: 8.17384672164917
32147: Sampled 2 with 137330545890439093968342711741288149472757628620146389569566319563028282891400115096171475519756418964541037686015853008127572 - sampling time: 9.771941423416138
32143: Sampled 2 with 72921721332445859594035678054086897155948171101965832630653062572836019418455334815570235113647301038678756997159718085082076 - sampling time: 8.888082027435303
32145: Sampled 2 with 104491222340084374119194056324756701336086148077143217106888527844176449880694839169722906395239043836516584985315477623174269 - sampling time: 9.52132534980774
32142: Sampled 3 with 55842597481345513557186392705654475869819988974982300136739192555963076742886291227484506714069726726476859690291294520330474 - sampling time: 2.582582712173462
32142: Sampled 4 with 56948238299225623145806078552722493339709646285825576523281344302127642100947414564809805965121403370230218166786510924188207 - sampling time: 2.1281352043151855
32141: Sampled 3 with 6062178623233477686840695544227416790627422457876141440007789460978021811465150823693627842106774583671041117729622837413798 - sampling time: 8.022244453430176
32148: Sampled 3 with 174043229907274505148635103493805885196791494129017285353035362762920279202689770382938147910153191596499485624779873711017340 - sampling time: 8.908873081207275
32151: Sampled 3 with 195662858088704213068448324897098316892026098272697756097411543176633403870140996605786641350842469887363657089102058597324689 - sampling time: 8.934416770935059
32147: Sampled 3 with 138739600721616870331362682383362472944196117669432985572485185094481383059517122283886003720432803182933412610561823074701011 - sampling time: 8.897395133972168
32145: Sampled 3 with 104947624703237355235168359640749361183179655992443944700213320118721276711659481848892247654232098672583294547694416806744848 - sampling time: 8.692373275756836
32143: Sampled 3 with 78634066426861523080817378894465775009942782545857380135304522000278149664304729470744539590714755743201711617686419993011326 - sampling time: 9.849769592285156
32142: Sampled 5 with 59101041296314749694942571440770716723222410749061818113425632611881869906520384242742268370400644051871012566997982253343959 - sampling time: 8.432223796844482
32141: Sampled 4 with 10125279681650166114693564818229048734850331036797894900327606075753517418997943667083158035654396406537725257269963235213159 - sampling time: 8.934089422225952
32148: Sampled 4 with 176889134305148260902924352679067392206234533490319444075066975960446997901486421410612744739286081343371990329605924832178398 - sampling time: 8.48840045928955
32151: Sampled 4 with 195820180511709587173347115109577091764074172563707969147551221864895612094564776983210596254831148844880760867751649377864687 - sampling time: 9.153592348098755
32141: Sampled 5 with 10662844534064467186229705553765148584203828278736971673790979484723580301760525261716669965654750839140113160281111777693472 - sampling time: 2.2645108699798584
32143: Sampled 4 with 79502873319455352681511556791501031814981730649416720084258169879471070365182873736086538325479657808901522293540560412328988 - sampling time: 8.728890180587769
32145: Sampled 4 with 106411830637922158372869336850038827133785937544708671455082079918008368838886103830603528193467310303900793311194996355948048 - sampling time: 9.885404109954834
32142: Sampled 6 with 61233818657427140667627115292988901896444054165638354014651494574523834433535651904064318712564627880336492137222124330884657 - sampling time: 7.971738815307617
32147: Sampled 4 with 141496959784283749910527369721898030174794017865647307062160954298993283560685129467392309570656160078438497845068309428752752 - sampling time: 11.745357036590576
32142: Sampled 7 with 61636392254390931356283164249528884995461360313905906881262093275804729957163850030486216565750003756814821180685080183527134 - sampling time: 2.6816227436065674
32148: Sampled 5 with 177031525899183738955306219367932193744980546824818462870115093845188593360003773551467766234675667660180366948305591019870001 - sampling time: 8.249097347259521
32151: Sampled 5 with 203327582688307533143254635994368720777776827906423153041449814700304977232036759949232307907975685751975142526707438873424697 - sampling time: 10.210938215255737
32141: Sampled 6 with 15616168742964749994671184915333883403551353071444671181434595132500393608794343419259753485684567299763827476531803078433533 - sampling time: 10.617446422576904
32143: Sampled 5 with 82088350426311555673522562258912885330416493126591599207376228448541574133232157902403022159581564617038628770131313901904328 - sampling time: 9.391350030899048
32145: Sampled 5 with 108181149769821935412316951378250814223109330054884316709845426488682119653100081480674693602614266515575549348402556250803845 - sampling time: 9.174765586853027
32142: Sampled 8 with 62502962928206474053966319658974012283881240923471141759921750542749993449580697824883765580105990123358057056696347478928545 - sampling time: 8.593434572219849
32147: Sampled 5 with 143865088539146796900975275512834800849266581103850756813449623133043939482258939481865112864164466958408215407008094129495578 - sampling time: 10.938557624816895
32148: Sampled 6 with 178534902013767021370724880817646197137011375500799953728425170853300498239073584274660897943983403088622129129307673505207882 - sampling time: 8.290289402008057
32142: Sampled 9 with 64066867873701834273477398233212808785759703510385729567971236111215214336428275061192733757317858432668296882243701417580717 - sampling time: 2.2648508548736572
32151: Sampled 6 with 204814997208524915681548631018758471793137514408767092369893025161100616350736152012722532414218014831682329603249884298402281 - sampling time: 8.84052324295044
32143: Sampled 6 with 83336414881095446647783721081600655444501467743729814275302022576722404757282933777917344442866635386899168105351277761613200 - sampling time: 8.625430583953857
32145: Sampled 6 with 109479363587211488303916450310643746285831551430527837531992319442660030628453873458207398532943424062169437913481108192024725 - sampling time: 8.610137701034546
32151: Sampled 7 with 206398101932734856254210828468925948368138540652626979711449505742201938276049876838336775207468171529795396653972899369826742 - sampling time: 2.3938984870910645
32145: Sampled 7 with 110564357658938136136663143630241122139984845583188518690590257467273335916885985151523706988823448267737403683838606195831961 - sampling time: 2.4992902278900146
32147: Sampled 6 with 144660094922635923902474494621125971547579182858284548897351589426452231377773704407637878207227416821592210744292075001866132 - sampling time: 8.350322008132935
32145: Sampled 8 with 110781489115731720272994505205260333620249072137722488538288218180017245216217211595794230610222346991342715433064659863674454 - sampling time: 1.7471506595611572
32148: Sampled 7 with 181569860102639931338211982289702453743618521141899869493239638911959448643490125907247377373228127437366614055935017503917746 - sampling time: 8.75874638557434
32142: Sampled 10 with 66055679393320757661031678473306183656213990330447996697599642151123977093126288123443513106955665660217329475869581224780320 - sampling time: 9.174874305725098
32141: Sampled 7 with 16232907977626747220868249294012760555124250179843160733979875688797980624306069522044797248682918614690321588546521494521064 - sampling time: 16.775640726089478
32143: Sampled 7 with 84000101906840371861038055084242934085907557032262435557675156051864453322609371438039056022487262123430554148149141946824345 - sampling time: 8.95213270187378
32147: Sampled 7 with 144690678702095508393097113303628392395450571096379974036796030760094620787571606759218902337095616756250433119779347658643266 - sampling time: 7.8807008266448975
32151: Sampled 8 with 209576230788850658926326350522006639973426117709569383046105431110534961575825775798247273071496387414573377728400224227313350 - sampling time: 9.033587455749512
32148: Sampled 8 with 182804550334668846755257398433289371952586749585283797926733741527356258971893246758903543457851112798634455265690103317630075 - sampling time: 9.23699402809143
32142: Sampled 11 with 68344996882412939848370954008511101337452742268520661222523788994113830545809545204190383696848179603691992103022849980806839 - sampling time: 8.611887454986572
32145: Sampled 9 with 112385503615435632123429446735791013814524250774804182840699847043785407244156021385597927250724444618935271053740521476814700 - sampling time: 10.71426510810852
32141: Sampled 8 with 18610321588092423020970805369283049953433289698713533735010590849011413953821759728879838093502179756347548417057150680223618 - sampling time: 9.125920295715332
32143: Sampled 8 with 85267705994942031902802373579474961061047556054777770187986732304232645660063071967273151331684740399985268736433087615036887 - sampling time: 8.740904808044434
32147: Sampled 8 with 147601058419513658181262201695893162290429659249003966882053620809878381527055981596785697608920678606353616237141604626647335 - sampling time: 9.083335161209106
32151: Sampled 9 with 217725321086320824517097191828077571195157376110200813819489606250591015149824838559836064811947005713073219581025477728098931 - sampling time: 9.174976587295532
32142: Sampled 12 with 68747065702363935315530632754536999591877278431129974166798620950365960079481079795771364801030574114496433594094522238471322 - sampling time: 7.90277886390686
32148: Sampled 9 with 184214463223616118098065107188341070001881996060131072640507841370558681156261072296595541517041364218844929638447321547176283 - sampling time: 8.606520414352417
32142: Sampled 13 with 68797283718249124063595529994115022801408476489584874794690913883316682988472057044250363434525384565016744742301156786316821 - sampling time: 2.0307962894439697
32145: Sampled 10 with 113757582692720472197591103320972020205818063153679182069229093294019469709223851264818812683034356051184995975770055887022512 - sampling time: 9.746912479400635
32143: Sampled 9 with 87314796016741665119168866305818228399412293564071115335710160171454503429452235984239479111266680708224514904956487880772243 - sampling time: 8.659759521484375
32141: Sampled 9 with 27147904171716279750686411591258140903120634877645413149729889060474526986162795310743533242331149815572988006897682170212377 - sampling time: 11.120952844619751
32151: Sampled 10 with 218670191599278318917009166370881513071407915946303574631980106838747082905455836150574846139381754343625712042498396947791311 - sampling time: 8.797683000564575
32147: Sampled 9 with 150372436050401736609695629739616453647294342287724576978897948382313012011157761672818679450081725992430555642944388330662853 - sampling time: 8.965634107589722
32148: Sampled 10 with 185601191262675508941659086187292513594871030485354635477069804152815230029748470669425757557039757936739318337638257825242950 - sampling time: 8.304571151733398
32142: Sampled 14 with 69591935183572417992932737322292682697247774995358756746761215363377156364336112795923549852684577005824330915885005414980568 - sampling time: 9.184934377670288
32145: Sampled 11 with 121859345237404357094744655063274131493142966355537989452969552677056290018840560892004676395196048758405599100374357235591427 - sampling time: 9.790189027786255
32143: Sampled 10 with 97736974519961067412950274023119254037138877515542332952312442936738626847865751441855814623922211852827723249124646160748822 - sampling time: 9.437521696090698
32141: Sampled 10 with 29892567375093095277518045118215037463304328515467978290666748896768493456442269791995818432751427423962549480700189980497981 - sampling time: 9.079019546508789
32147: Sampled 10 with 156338194464979047169241732157981925988395634233709576642616868254635082351818866776524699190229460490079476115522945773565507 - sampling time: 8.939381122589111
32151: Sampled 11 with 220312379958200951347545636215375922973486285892090208198024888765298231373965657366128365704435733184314329667627927970325660 - sampling time: 9.764749765396118
32148: Sampled 11 with 186291775878690067415132869740132055561854630635785800988911833610683990934274084243845916874635277443630334670438451685870767 - sampling time: 9.118672132492065
32143: Sampled 11 with 99793808866347912957363461021920698618528922158540745550679873797624039276833653562968779619722516671455798314362808898882685 - sampling time: 8.173505783081055
32145: Sampled 12 with 125575113087697476968436751074628451505041883238525984873863563212482805561253335194731586716731336997253441867180670715719718 - sampling time: 10.779745101928711
32141: Sampled 11 with 30167286688586572252783899762786108728153861013235441847791105999054593364650803344169557963842247762253651425363612146159432 - sampling time: 7.963660955429077
32147: Sampled 11 with 157090421181481856884614602713190327236680836461620106415707659346092272903448561253635596793868258655152373972811876541600758 - sampling time: 7.786295652389526
32151: Sampled 12 with 222110223938176176622249287271047412535800129211612678335643558881294405123838897540204383890002528648717296784476170342197853 - sampling time: 8.085570335388184
32148: Sampled 12 with 186924570700898530333027681784423378899182898067792231497913114931884435585921343903272502407167425111422869931730610718790679 - sampling time: 7.68890905380249
32143: Sampled 12 with 100309671449029296413167007460774296886188379790695218129538667829943121788024904780982948970856482934292838186225750609577841 - sampling time: 7.860062122344971
32141: Sampled 12 with 39287346561011250493198283347811230727813094534608626784660426943990687972530651654761545580632436379598236120758691630586456 - sampling time: 8.0806725025177
32147: Sampled 12 with 162522383145544263177183919639587376691698885199452541226227590218746726224220468808026511476466092442716459268730927169797503 - sampling time: 8.22031021118164
32145: Sampled 13 with 130166154347422572845326292865715046768356646983147012407805625891191231815001788901145847130842181120453958852099039430518170 - sampling time: 9.408194303512573
32148: Sampled 13 with 194011178575668067442580370860833107162848311758353392203398958769381282597908538765643750061303751109893633747583157039840613 - sampling time: 9.26312804222107
32151: Sampled 13 with 230478627076204780484789452457515002147088189080447485793792093154461356982076374027959017346136083990081827932842812886899059 - sampling time: 10.688804864883423
32143: Sampled 13 with 101020970336720619315648479518389223284763663422955960862772630611387390022042348451296378577178803254614500257396379316972060 - sampling time: 7.717265367507935
32141: Sampled 13 with 43743289374430021054968901528963681682793468639335435523676932725283139494314030803166716306510611751319318020513840510175641 - sampling time: 7.865517854690552
32147: Sampled 13 with 167299499967571887972835835581863589696381876117138219849108168469813009006301530588889026321593467836468108351624623052567374 - sampling time: 8.111662149429321
32143: Sampled 14 with 101281216410558226435902432439440849712650553339324879015687320803438776794725635276172055427647951109960870609478044070910526 - sampling time: 3.389225959777832
32145: Sampled 14 with 133433713770560866985022081914395889789868662676768117189275822653519101089512136447569248890961240078498837993413362453395801 - sampling time: 8.677972793579102
32148: Sampled 14 with 194311995118699922770916935499282203539835216493805040989803596966928959546173787048373387480525161086885024832089453740250683 - sampling time: 7.0698511600494385
32147: Sampled 14 with 167803660307468411552843329984784713073623473245069445217559625218368912641895864875280957871585199749306343701297085964564163 - sampling time: 5.8113038539886475
32141: Sampled 14 with 46551216534776843262534440619299665976683537864300015612779178879800148090150023625935187340525918755945882346196004782177269 - sampling time: 6.667763710021973
--- total time: 129.57821369171143 seconds ---
Output samples created on:  ./Samples/smarch_mp/m5272c3_97.samples

real	2m9.692s
user	11m0.811s
sys	2m11.699s
