Input file:  ./FeatureModel/olpce2294.dimacs
Number of samples:  97
Output directory: ./Samples/smarch_mp
Counting - Total configurations: 8187965460549119231483396615787248158155368266800312424131065943440817252513126522783934300430301226732870028793150127339472400
Counting time: 3.839071750640869
5154: Sampled 1 with 1892396890345984465338779394438845302097720226840567236328886984869446810855754414597806990617408774387630389856746533605028985 - sampling time: 12.115478992462158
5152: Sampled 1 with 4969896748393786959612165261216731741289620065039550490028310438527562968865099512805189511061796703567959267939419624583756 - sampling time: 15.265094757080078
5162: Sampled 1 with 6639068438415177993488185988755480708944634251664218304737059328110742254866561301805910634313045992287618758778653160471126780 - sampling time: 17.679590702056885
5158: Sampled 1 with 4256065225434739321277951864670003535048568761038794584749920174002107052064486015662006548528383996814358289930642876367018244 - sampling time: 17.88455843925476
5156: Sampled 1 with 2671939270211219623215136692195501758979981403536284277661930912684437704333200138448072211367040256613988306578010003736941889 - sampling time: 18.45542049407959
5160: Sampled 1 with 5374851634278493634091136215465258675447730327705154627590263228761553028435655367800854520501061366807431908146020773887692743 - sampling time: 19.367483139038086
5153: Sampled 1 with 795485933060649160242317198789959847925514479235473824028093292262267704256106355051567365572655216611470715884061721211227213 - sampling time: 20.051018953323364
5154: Sampled 2 with 1898010852373197354904395654362402938796500989168133955876221123893609692061320037881238546935235965896112550269599251397550783 - sampling time: 16.835522651672363
5152: Sampled 2 with 28186164441515469670227611732019683104889951005017571115591870731756018897617485979601515048123745347762294671147285007586550 - sampling time: 16.402050733566284
5160: Sampled 2 with 5462889196780388482860885899438729753030327265822752701498786811383071285278932162434382895920810494563431688303238839512331785 - sampling time: 13.256286382675171
5158: Sampled 2 with 4274887350800939877532718580125846652940655843635138795172287770764911466812180356341687085514065157868943282918979621066363503 - sampling time: 15.50962209701538
5162: Sampled 2 with 6963975701650264023109226717554484336321564675277152886871293333400565026962136412208690423297872425979306284249520820554310534 - sampling time: 16.501232624053955
5156: Sampled 2 with 3030527285999542311464583154857953116875447930751950571489344481705415586764292942160624872678476301762982065598080789643529590 - sampling time: 16.792202472686768
5153: Sampled 2 with 889566129082750153228278260463128335364545208509668890347466059414152982336995430571564410749023599816843819450926021265304550 - sampling time: 16.48079252243042
5154: Sampled 3 with 1984002545076591263359686044752609634064342173139181057127747035254588300610565773100517489910428045536455798876214886659844579 - sampling time: 15.597393989562988
5160: Sampled 3 with 5467442874103812382354528429361502059863690613002207718648571515479734574786952295734832991915654125518805583221189155992238433 - sampling time: 12.661931276321411
5152: Sampled 3 with 82232157377985546845681378509797574668749639346272620631294438691466382826053135518558584292868692769567550082507199902290970 - sampling time: 14.67650055885315
5162: Sampled 3 with 7084921321744529557677052115442803981775882385869351297981695376254704737823418905388814671246905285752519256714445735263528275 - sampling time: 13.451259136199951
5158: Sampled 3 with 4325055629868939013120710187924198739278848737791565112164104597231719205959963747524697846623355319086556221066982598029532496 - sampling time: 14.918966054916382
5156: Sampled 3 with 3080049978545949665320642209245325949448956975413147410915069106397772033936908934326524786453905556716051294845369566997393416 - sampling time: 14.953206539154053
5153: Sampled 3 with 903572320305899773240096644944322912502992395314190927706831687548135043915014763123477030933327542454653178896003537190534387 - sampling time: 16.0931339263916
5152: Sampled 4 with 89168715313198214310118435386127406149779813218319276577408560407319034281742706910289795313393535874900133592677592474090217 - sampling time: 11.33662223815918
5154: Sampled 4 with 2047164153119249593656135719230267119784057128777984307441890310876876153080603392947551904347733731877740192844390101661358386 - sampling time: 15.013042211532593
5158: Sampled 4 with 4331539673591322947112936819243365157681794301258444513411444129964759951178505169021215579781665469410325572516555218797464552 - sampling time: 14.313110113143921
5160: Sampled 4 with 5644919460090511850847806522426941514355270692046089245217104539296142981024238225234684691884729689037847296869162467221968235 - sampling time: 17.817025899887085
5162: Sampled 4 with 7307442028189851134415836619963740201468934636611127747423143976254665404317693704195528514997501283863683619539685484926806676 - sampling time: 16.50757908821106
5153: Sampled 4 with 923329238182541747456809923128172122589423046913579917239154696928641483245097395446423871775575341971093135510860151368410338 - sampling time: 13.619516134262085
5156: Sampled 4 with 3248336822062142399842519768941282076384752798589880676832070682109933406073940802848591898496051236479687748109627454899099309 - sampling time: 16.132225513458252
5152: Sampled 5 with 108715867308230895223029387198796576344156285402604928699063200057183785150031869291798640590197283052035412309756793206854119 - sampling time: 16.9018874168396
5154: Sampled 5 with 2106511329275296676500068547687832205695724697933738177503902153385540525609121067890082471912318307984928069592054668984521269 - sampling time: 15.371955871582031
5158: Sampled 5 with 4369166325158318085020723048782807761072076112140446457139717192234479712467839471715801358638724746420689476668641600795505444 - sampling time: 14.720895051956177
5153: Sampled 5 with 1011692057180647890989858064912929771452959693718221891708365642297721995388556995707688902112864843269822510551381480000107063 - sampling time: 11.948787689208984
5160: Sampled 5 with 5714145781667738548602805497185057770672178209217113607293772264933919999386530756231026432640632266734533601782949544288223484 - sampling time: 15.952181577682495
5156: Sampled 5 with 3269109485132651557985923886360910376053582743803920305922103049114197054703301364266254859811288616345422552294950680693170217 - sampling time: 13.661087274551392
5162: Sampled 5 with 7348791340487745664855640930572789712034707782837851968373820433822089927801641230311442422026709758503757783640789324391621483 - sampling time: 16.25745701789856
5153: Sampled 6 with 1062349757357068201840388100320287342429518505482334258741061030431147457340266208011274115880544480595961365655231877753085172 - sampling time: 10.639359951019287
5152: Sampled 6 with 131959137870743606254515636057838801272805269680778512590408119611012220615500581539514741388106074330166407820068534172498628 - sampling time: 16.480377912521362
5154: Sampled 6 with 2302370917948593385744767881904254959740375693172540708288223137877501933752049776146464382771796865891822532008676774215253438 - sampling time: 16.224748134613037
5158: Sampled 6 with 4472115120475296108044181890794027779897604718293557586862653485691088568322792131580002490608555294145422592173295874817454159 - sampling time: 15.852794408798218
5156: Sampled 6 with 3394228878300971043081494337121804224307603810544549888144333750571782415848230841164896667333754474283133266384231594111415724 - sampling time: 13.685666561126709
5160: Sampled 6 with 5905487754328937756055749670641319716463834270831008773013050738225229203360473648870736540810420303549112979687643809668242169 - sampling time: 17.06971549987793
5162: Sampled 6 with 7453448461708252179644126597529895333422656874077325014745055569711999115347140861071972927442580346762696829824825980734593245 - sampling time: 16.043732166290283
5153: Sampled 7 with 1143806649570240711181766105683650946499179247181270693593682212216060580103736181502441645732967254206838498944218186972978596 - sampling time: 17.284282684326172
5152: Sampled 7 with 232555694546621334066031159543450139410907285795947882093488129468054657534484662199226423868727569052678287228483089612575667 - sampling time: 15.737147569656372
5154: Sampled 7 with 2366886369224939427517257118435662922837513236613001677927864032201473117597549358436213919591147515554785175778315851129411589 - sampling time: 15.767216444015503
5156: Sampled 7 with 3418454349960246989479266049911463415581472231757446210773977568094217730235241207490850148506585000563579983198637840015080388 - sampling time: 13.638115882873535
5158: Sampled 7 with 4601051109447343978656868299113161536316578237904244298400335827845677142730829284445238048584619463362147287426316628049822147 - sampling time: 16.160357236862183
5160: Sampled 7 with 5912507857331384172210439357972132078552335681951648103127387312244391377627146334253317004251381843104729362678732297642427500 - sampling time: 15.019138813018799
5162: Sampled 7 with 7515702678301701978749868575796627404301796696664071543609188171936863891983062769330174411053455955502935759519340626812780425 - sampling time: 14.848230838775635
5152: Sampled 8 with 242268838019064692383813989167927966664229563645851069463739418487004345883621060543013545932530666584022302194687820533399101 - sampling time: 13.748982429504395
5156: Sampled 8 with 3561560772060352813076904616674927997511994796013931105757418138073318535811004195641397311730463108275195949557645063207753238 - sampling time: 13.55345368385315
5154: Sampled 8 with 2408586982207790620435412187653636777564899875804211838422594681102909212394364412569708109517632680803502303782413329066775219 - sampling time: 14.06222128868103
5153: Sampled 8 with 1156014815805741772573348615719125134069431237005637517498569460850389418745811300146296788950399402239488690183167453445799645 - sampling time: 15.601059436798096
5160: Sampled 8 with 6052153317518447226194201711730498106522039630509790035130783928694670429618396170879518768579823975180675413717032745349199503 - sampling time: 11.538789987564087
5158: Sampled 8 with 4800620144419740687202316479730186577224363657929834616821882459725809693395759930030393303585071321671612825530247709624914214 - sampling time: 15.784396648406982
5162: Sampled 8 with 7601066531365126375369089405810342510378295459061177330208097966376580109308115941014434511740155559210978987469226312198960000 - sampling time: 15.358197450637817
5160: Sampled 9 with 6170750560087543025280851073196619077717974376880801020086581650778360443794693688044327185890795849144420683445883351810611531 - sampling time: 10.224040031433105
5156: Sampled 9 with 3611990429577718990618868096181842098934002580023187205654389430542322169720081719287462173854744659750129556815109941302661529 - sampling time: 13.533363819122314
5152: Sampled 9 with 289682222261181017491926734402233591352516881251442040577906661428285390766180623162324029186137570860340269467672859184441730 - sampling time: 15.950438261032104
5154: Sampled 9 with 2428003915715669611772445451953100613569549693155777404715596208566646107064347702867593161587231869335684061666218507103562516 - sampling time: 15.619284391403198
5153: Sampled 9 with 1172132274193491321133638032323759089733744131556898210483357367295948322484590332067892188861032965847670360762199093111584129 - sampling time: 15.325458526611328
5158: Sampled 9 with 4921472920855093284949977586518416069150911382575901999528832685612786091144793293156980293288516752228946084977930870536594170 - sampling time: 14.038625478744507
5162: Sampled 9 with 7625894895512923909645427062765564271048916179065695856135579353173968287300351313467499130519402774238458634464087827402007605 - sampling time: 15.620579719543457
5156: Sampled 10 with 3661575206420082783849052930180317174848411357151692122110551892528584225924540782532299968080653974892445327722302125228347992 - sampling time: 11.312143564224243
5160: Sampled 10 with 6262429751017473353012255744295409798127852141320253321123592319158008856269361340115319053915021293741314214104232120571934015 - sampling time: 17.38150978088379
5152: Sampled 10 with 323407391710597539960486982846178748944721999347981710814740972079283070296501100610511869690807762900688060992875522121412640 - sampling time: 15.032771348953247
5158: Sampled 10 with 4970649808922705348536639229815705733233062381984413922213001117450240521090081889838147015327155955757569019159898603020217336 - sampling time: 13.943928718566895
5154: Sampled 10 with 2511917486386777613701869344620735944332047115317095637528711969633370546995240799246779738158702550101182862989835974127455543 - sampling time: 16.690138578414917
5153: Sampled 10 with 1223167195821431760206060550714662206292674040137010046539575429745990259563573073923820768096085553781607191652124833073049195 - sampling time: 16.542630910873413
5162: Sampled 10 with 7629711953023719595040444562436307779461190703528848365275129220278175716357764575110451726872552624511425991594256561327025806 - sampling time: 15.524707794189453
5156: Sampled 11 with 3919846337785863972850691071258148715965971380772950259694946736434775446748666850942240276735054431967862245868354199819629990 - sampling time: 15.952045202255249
5152: Sampled 11 with 442148497997126289489856742885806408821391043292886208970329348571086131834922604715912925349021447697572842719225672849645142 - sampling time: 12.679986715316772
5153: Sampled 11 with 1493480976339600165688033642346971375415138374037104971064296776410036860042027747090169070639202777603438571720552178523390573 - sampling time: 11.717177152633667
5160: Sampled 11 with 6296873213380565464268718049402167524909478633100963057475207115443821807981858299680816524244023068603541312354166777556301837 - sampling time: 15.83036208152771
5158: Sampled 11 with 4972409498495338620890832280749411821132741487039639127121666055232812211360684104865690935801999033218931364302340134499982713 - sampling time: 13.750895977020264
5154: Sampled 11 with 2532192686681805117293071991129589032749799112012929672429910624763565568864446285693068335782045937258544522347154491531396642 - sampling time: 14.520801305770874
5152: Sampled 12 with 460175821325378861152432752802655513120077897306483341009022959203954041363709922273362890940945361685497848360981362633556543 - sampling time: 10.046560049057007
5153: Sampled 12 with 1574072517268808039433019188466924065517998567932753293643508783876203569004700096063680032553853321924877929347156520746620595 - sampling time: 11.206602096557617
5162: Sampled 11 with 7921813770508542137593619862957314811934365007249277493265786904771021564614814036756675742849116880382375046727819256152751558 - sampling time: 18.846920251846313
5156: Sampled 12 with 3954294331673439670302602475576400605687647350155349059820690914868726807917698659484208942574639193641051104250772626888097287 - sampling time: 15.174294233322144
5160: Sampled 12 with 6450132971385930741006646970885305617569560884768492422930707109730636963931012231780775867231503717302895440783810778182207046 - sampling time: 17.02165150642395
5158: Sampled 12 with 5099528880968280944944134044030249127166532244954382779993523616783464832665070636469140493430203243260158763777987174199494598 - sampling time: 17.784616708755493
5153: Sampled 13 with 1607897499028242074139849231768358075193743186544097066989380700687763735033097080668595176139238246135687854263039542370113141 - sampling time: 10.142558813095093
5154: Sampled 12 with 2548424643498014713310054994216077983409901196666222371057572644909931574398536817617869236440832419140882509229236249442101644 - sampling time: 19.12063956260681
5152: Sampled 13 with 688733253923613038488992854748192677814502215705596534683837863117002298749262566632314832192907838961112447127370788495164321 - sampling time: 16.666241884231567
5156: Sampled 13 with 4192955534609931088306371231789250452688896947055901851446720311098127166752062949965694228673449055658791872983500714399895295 - sampling time: 16.21682357788086
5162: Sampled 12 with 8064700890446753641385670019082060661847466815298310453933594565011316409766408949737893756973299592439162194969338427888264845 - sampling time: 17.360076427459717
5153: Sampled 14 with 1705795470863800186110095762572868739955199984006075314424197829719016788041581956701629086308098266182728256097287889016689800 - sampling time: 11.396974802017212
5160: Sampled 13 with 6570703172373977022673110251906811565103657883502269839843344868443964445016734983036295002820292231421677500369164371893921681 - sampling time: 15.883801937103271
5152: Sampled 14 with 688857178397933858044510256985211472636334877385961445366373531827896943258506506280786373929964403479552118568338807898275707 - sampling time: 13.97178339958191
5158: Sampled 13 with 5130344164233992301196204542116400566724165778108986613562795338203178025919610284035141870458030138112930407308331091534800919 - sampling time: 20.37704610824585
5154: Sampled 13 with 2608169234234762190130912294125832733746912064833802375591737120802939993894057023372653413006435053542704023596839846616154496 - sampling time: 18.474748611450195
5156: Sampled 14 with 4221770725528387462426261996265275381664721813088022416942847701433511012793991242845517659451287449249840420700100396494823362 - sampling time: 14.214471340179443
5162: Sampled 13 with 8155486441580717958807335337145967427713544351921558724488553529777480213700252058497827246387660964292208765253999380906927089 - sampling time: 18.136577367782593
5160: Sampled 14 with 6634732110819440583018528602734907078728611329290906549934281691175611293064060945465902595868541376497921675957022126307139127 - sampling time: 13.194049835205078
5154: Sampled 14 with 2624946054054096373707506147352973330605136271801737390785677191479894802774339038102110457133500878916473202005365029755114458 - sampling time: 11.190894603729248
5158: Sampled 14 with 5291603493135639032872019067644851780745857917127928087638595969790885616421683819421700220684244457418626383714019500933454131 - sampling time: 14.389633417129517
--- total time: 223.29769682884216 seconds ---
Output samples created on:  ./Samples/smarch_mp/olpce2294_97.samples

real	3m43.429s
user	20m10.523s
sys	3m24.554s
