Input file:  ./FeatureModel/pati.dimacs
Number of samples:  97
Output directory: ./Samples/smarch_mp
Counting - Total configurations: 7901505627733039911417502588183195931419743370986593956111576213702116855966805459012822245118008186717339802422502437673492400
Counting time: 1.6166577339172363
21145: Sampled 1 with 4437309645139510584705932704208354724909918075915688684531481152232293242953596760315568989429868477177919176258127376567879738 - sampling time: 8.814635276794434
21139: Sampled 1 with 82976419234223704648702836589746199168527609617651558518519634666843975810677275397950483895713705930048151375895459775562715 - sampling time: 8.87108063697815
21140: Sampled 1 with 1013084732224453633602570386406094627043477171693360951610685189805063108197668003197240183712594816668710103372315360289634423 - sampling time: 8.888681650161743
21146: Sampled 1 with 5617270515716838828116567990835133178703340212143540096127736949556035646530232071641964284797811155745807375599311633672654183 - sampling time: 9.152051448822021
21143: Sampled 1 with 2900974824633634125446759499992836670741334723402764860182124230146657055480643983372694496679231813835680304624936467760534244 - sampling time: 9.367826223373413
21142: Sampled 1 with 1972116533920276769081872827326492743360870325328942931931312403281195101602465652142729933980238691199304015978621693978421936 - sampling time: 9.404436111450195
21147: Sampled 1 with 6928606582064339697368993689638282279406660424972411383598996497524279727712790932306601590211090028899968895389995793584022818 - sampling time: 9.793830871582031
21145: Sampled 2 with 4528666863363103517113275293073730434432347849102677344492476033662203727104352182095215751964956170038439961026048830327446330 - sampling time: 7.455404281616211
21146: Sampled 2 with 5628875325729174371605262090534964209961443685791983351116781052686630005429364381345979679249200705413479285613115694875221366 - sampling time: 7.135834693908691
21139: Sampled 2 with 176306737274152869445299741789067737135652928585967677592288252176860181263187314102354558743428889592729891987991500257007836 - sampling time: 7.653064250946045
21143: Sampled 2 with 2926514479641750424147747806551547049885857799003170665406333624965760823723322808997253229765023683379331574522145551153044308 - sampling time: 7.230044603347778
21142: Sampled 2 with 2015036835199431028787571651253000443629823580022088304417599472201955013369857097908299610566857359127361727963870387376704189 - sampling time: 7.572000503540039
21140: Sampled 2 with 1106610559291763182594542767271968660188202661865503850838480590837745652611904183850807277117872927236745025578947785757122420 - sampling time: 8.291515588760376
21147: Sampled 2 with 6986049437976661970060950782795435290684569698206843922464830747873937065917652457852283851943859890889724609416609849057461538 - sampling time: 7.844144582748413
21145: Sampled 3 with 4586076956984821413053216834560569639463166815359109935785299291609543771306638855223068776223643136726939564997007017783555924 - sampling time: 7.2995686531066895
21139: Sampled 3 with 186241259790626605479153986722696504228827045134028638717240195829818799671529576683354495481456018821604828877539909139470884 - sampling time: 7.0551769733428955
21143: Sampled 3 with 2947565738145245074986232911796268780767896929755174685659140254230492782419824087111692048674425465312346325436931232440667854 - sampling time: 7.273858070373535
21146: Sampled 3 with 5824586866474445928697782815417376220806705089165792957459151353847226322952732195138488987126378079579860449712962922241410253 - sampling time: 7.909063816070557
21142: Sampled 3 with 2092805679555554989587419369241762721315524866978915346239397141655898626508950920265040717309210670772892084169517619188189757 - sampling time: 7.4412970542907715
21147: Sampled 3 with 6998122758912114552064281536930069225284650662395719123149781501895454804162738674046226743893026500188806276650088775014769929 - sampling time: 6.999385595321655
21140: Sampled 3 with 1129260296618185204351764166466537358171503784221162974535921269558454461896710851652384135020908414430901543559740311017220849 - sampling time: 7.603680849075317
21145: Sampled 4 with 4595291413695401670973763118402307639516975597356689356871787437607950634616383077885736022297258213220577310159218505865348116 - sampling time: 7.041868448257446
21147: Sampled 4 with 7008224876715198655030343497348452543098790301089050951113177519325691506921709623995151411538537842249924638441565733019642785 - sampling time: 6.86194634437561
21143: Sampled 4 with 2959117130414120743944745440065037866896142368969034826858314769109419469730511954202840030485743366324594020788102892928755398 - sampling time: 7.644694805145264
21146: Sampled 4 with 6007619220301136028550915886524192812538693696815031679229852777811248778313949752462984890873039219810510928909174602368989098 - sampling time: 7.328649997711182
21142: Sampled 4 with 2146428160374973704086135174059043217318918479300051957551129184986257662958087046440230160598094218145075778731494561287628786 - sampling time: 7.4722137451171875
21140: Sampled 4 with 1189716691790800432855271485449960558426866764671076224870158484329681426510933514171387044849734858189989522494478302357012729 - sampling time: 7.8304548263549805
21147: Sampled 5 with 7013331158200600474352446815846115801791364511840986967287499252763074317587230190240795646558995084161650202784444145581894560 - sampling time: 6.821638584136963
21145: Sampled 5 with 4713759977103638169067232138285021193837416953668254779234455330902956017970221055883255482683014264521415565370434794458185467 - sampling time: 8.176443099975586
21139: Sampled 4 with 290874655466509197815250664424698334226249013381745607063089561521452395086564300463134451363957970401451843631516349680376450 - sampling time: 15.264533042907715
21146: Sampled 5 with 6211186600055161688954759498391147621383859956308131391937043925015486935575553932374147502675612501178592708626525808308828821 - sampling time: 7.655114412307739
21143: Sampled 5 with 3075797766141506845870761671811427440592957181968605916044254179984814938697669821394104110709527334416170335124132680060998817 - sampling time: 7.774099826812744
21142: Sampled 5 with 2162017242754380498280796271426072458019898114795002666083363082057349549309649805818613175412325193192253947866360053311169589 - sampling time: 7.521456241607666
21140: Sampled 5 with 1237330824445397732304708651763349661662242479623826614037744896462696954848747344635698892862727768756230778516690527741205489 - sampling time: 7.749269485473633
21143: Sampled 6 with 3127470596775218102285413388301493222978670475241694444942240507624078671383579943339541864010327490892270417368436481167871737 - sampling time: 7.171322584152222
21139: Sampled 5 with 393401296499090446012191535142791100044126859907941526488832475126550765325086777099778337153119008188736206728700553344853514 - sampling time: 7.700171947479248
21145: Sampled 6 with 4941581775516627829413816424476904995102714286687738622170271280416135418538713593361739343057104280692932926681940862820487317 - sampling time: 7.886722087860107
21146: Sampled 6 with 6315106273336366258404141919908026324334615693370867947118587074430543510316303900470535582357664275980071348393807947582080447 - sampling time: 7.554095983505249
21147: Sampled 6 with 7142766184394166185752947699340996402442946118229483224184362363889388938437664863607413378735052811083134562578751568206747756 - sampling time: 8.461158752441406
21142: Sampled 6 with 2226204535473584204580039957477511957327767913858339372601822000020138563260271777867805290674317778627853717931509914349054092 - sampling time: 7.813884019851685
21140: Sampled 6 with 1246521035475927477983947248068761250416011824260470143979227324863881098504305699935308960677366043671378795210304827483480847 - sampling time: 7.143022775650024
21139: Sampled 6 with 409136666030643385733788636724419683801311325733975198039191401367954966964135278246797327602377992606114832547367639507233670 - sampling time: 6.855953216552734
21143: Sampled 7 with 3231354685516997833225630748915644710449553487000282961448369829065829589150436373178806444778514322531518710832581511524640940 - sampling time: 7.162475347518921
21146: Sampled 7 with 6424529962128422049692356578029566613215605111709251631468718686636299189652216989799399721402976484827935459552064937887954092 - sampling time: 7.903837203979492
21147: Sampled 7 with 7185126196823152513544354083072455321001099224525465156646860869376117021910351146877172256737526807249440459191322113066788092 - sampling time: 8.20745587348938
21140: Sampled 7 with 1325790788776784213883953713231216536202256139082098501247755452067053044751957189244533956908325441208743281790237226494129317 - sampling time: 7.7036378383636475
21145: Sampled 7 with 5087449265656200875341903228400341429096708141144673082284341679074432227668485822471814345778324059875322248669067707462569611 - sampling time: 8.658545017242432
21142: Sampled 7 with 2449058874901128227809988600350152449154433532210799738500137424250637789014189783239029038437317931304915630426309204775629067 - sampling time: 8.486507892608643
21143: Sampled 8 with 3243161641773403653611745063334008367519443261531118486829823810386845972980785726362837101321206525992105250914136957465528560 - sampling time: 7.064424276351929
21139: Sampled 7 with 475950876493535941843161562494607687852162289532134376727792599269856211595874786194377666773787789690032255487867989967110133 - sampling time: 7.655632257461548
21146: Sampled 8 with 6473509643649091562816527521830484497749122047005565700200697663133024992098010303277694803712545757412933207760964185211310103 - sampling time: 7.799663305282593
21145: Sampled 8 with 5104642237092827660451208862886207762719215719881075578940834641322502335621449346415699626641180010484745616478207641253441471 - sampling time: 7.7210822105407715
21140: Sampled 8 with 1392340272467017639945194155113120396739183498009983393024468592498531940092000782931015084600205071065007722214312815276308335 - sampling time: 8.358642816543579
21147: Sampled 8 with 7283809927885736261220074792237406982221975540030262458720005637619085492832463382961034339245909642947266506961405885321223703 - sampling time: 8.5936119556427
21142: Sampled 8 with 2471781476630901182011750959621430623961312087550958527196806626506490569402538237507975808060963974586036120899444755048511190 - sampling time: 7.9749860763549805
21139: Sampled 8 with 654873965427236544345293695218035741506216233035377920683400679995769427358837833999255546379142919012172141141439956683239310 - sampling time: 7.242551565170288
21143: Sampled 9 with 3743172412735412073383440523637609825025521427004762916612120421501235096063933733803375023446777143823487624253039322708822244 - sampling time: 7.742170333862305
21146: Sampled 9 with 6551493953348931886422089257457518827790272410718381689140257582796813280697535568451077731712893353600670432113967683357109089 - sampling time: 7.0422351360321045
21145: Sampled 9 with 5146086435782237134338958676915383379168635151636340572910827953934789802426469152410146419810377697720132593399246642665745990 - sampling time: 7.8564488887786865
21140: Sampled 9 with 1394321501357602600374200915334349702331289128747589618538353683637672946535479266182655218269666871247642887356802841059307658 - sampling time: 7.996627330780029
21142: Sampled 9 with 2553877341311626217845314220705898996887679975334048543611759274167088574767760117390803141256434305197687623488641494483149820 - sampling time: 7.948824882507324
21147: Sampled 9 with 7394008200287804599895042967983098771496876405014403195263477997009656384592143714166501282659215124383168012601929571019461448 - sampling time: 9.584192514419556
21139: Sampled 9 with 665757365538091383651696208171373059558904247122534066177276599242084055238186638669052595644153053117573212956297734280577920 - sampling time: 6.9505934715271
21146: Sampled 10 with 6688996554777660705036384198391960179111269031003633834863718563239049526834650283033114258150787164279621728859304666020033548 - sampling time: 7.87408971786499
21142: Sampled 10 with 2620938200125625063313883139282086172309702834570163033490908739069192776532487473496731594945317465592706372336994997809725052 - sampling time: 7.370137691497803
21145: Sampled 10 with 5211998171064909743106108615234430312171116533498967784303270925333702440500499281092950528590494426254541094828037852179715553 - sampling time: 8.378297090530396
21140: Sampled 10 with 1511119894639932378106147788542875820335337130163363430028880559722360534813658683097424610580725932552849798959597084963619008 - sampling time: 8.66136884689331
21147: Sampled 10 with 7415772294004755450327070080316079057692669102650832636551193188768759270470806928290996056887952006180026992358491792004092116 - sampling time: 8.067611455917358
21139: Sampled 10 with 699011013668024731716087595137893743357633734145380037212993537345412717338495801017602627558744236664800165559868259552469653 - sampling time: 7.421087741851807
21143: Sampled 10 with 3908458653503528053836343383341250987152816296294957383963524924700850775467245788091921818464531741786455690703282067431616705 - sampling time: 15.182543516159058
21146: Sampled 11 with 6707150224271484307848223150102657401402145500227013580307491452047749125791031885363075801379960919758174435473943459084379126 - sampling time: 6.93230938911438
21142: Sampled 11 with 2672464047550271351458256591791318370828589544714443276976058382472644167650889929748675035846557415865275143137278057136208773 - sampling time: 7.695163249969482
21145: Sampled 11 with 5371719893763437154965638798421104222955475486378546974710882485876044669215343123396502936211240979706457714636424629171223006 - sampling time: 8.167649507522583
21140: Sampled 11 with 1820509092805892723184642504930210832713921337569502755279249793493617801331924060563368955245153531896312179181888743120328246 - sampling time: 9.46612286567688
21143: Sampled 11 with 3984292639973538519247517793124155287707986259480466097919695918915620502598952647791319587778480911960945275735318393147958879 - sampling time: 7.2154271602630615
21139: Sampled 11 with 791976841136261284258894479210052518720654785818622358212925690110731085176097916034700084259427406717664813610411878126064304 - sampling time: 8.202483415603638
21147: Sampled 11 with 7564849853057048006485259645165931481480313641416354534936233039979272691366143389976925895482440048886738767533913039942231754 - sampling time: 10.020042181015015
21146: Sampled 12 with 6741555672350777579096498398748346326894573733301201006061742765887806655257779686259617411492302680418016898047131444377009231 - sampling time: 7.43583083152771
21142: Sampled 12 with 2735358387730647904399690093704815230698250773016746172570124290006408482741290742212038779569207702306686184581439535737066943 - sampling time: 7.538572311401367
21145: Sampled 12 with 5494593003292042104559204269286984128956461675879786670403756863275483745359581453129386958353604651848886952263081932827043713 - sampling time: 8.28899335861206
21140: Sampled 12 with 1843268844870185398377507317278427173322324338226895741318240170954816208300121310251110304094936939153569366239984150040640676 - sampling time: 7.479776620864868
21143: Sampled 12 with 4053932806408360473730997897357965415485249542382055694842122427405881120936440745546434866853236957771820057255078641207564562 - sampling time: 7.522978067398071
21139: Sampled 12 with 878192552516084508043449215220018770876919848534059197421956398234047463741713299230881630849669206765061742300674474602443490 - sampling time: 7.778340816497803
21146: Sampled 13 with 6811705611341661899123930881720006198106293039886641039229967323183535974334705040504029780736452562770913561297740020566484576 - sampling time: 7.436692476272583
21147: Sampled 12 with 7671218877948383157824970577488229033024796438876633151777001327436810981268327231370454110068176220137455125400222848177715805 - sampling time: 9.535351991653442
21142: Sampled 13 with 2814780273892126706074744696520139794296208155509041009309388784246098372455109939801194246147415910690044235378752964874211566 - sampling time: 7.8680055141448975
21145: Sampled 13 with 5551854506888553632820964957227657426697048166032113801494199425928061465705332931306236970378474911513389753486709447069698248 - sampling time: 7.847272157669067
21140: Sampled 13 with 1917690351715153030798105228689104603873623628175380136672273911872375110808246959587997918357696871148892542046768684089310856 - sampling time: 7.796472787857056
21143: Sampled 13 with 4075759877276551746741171845151229536295571399172025181295325569913939475953466469785591078652493728962181022342248163830759262 - sampling time: 6.841500282287598
21139: Sampled 13 with 926630335778840628715450128525556052736011690860676217014315945569301611965358960934822437183410126687289726410216548139770266 - sampling time: 8.288393497467041
21146: Sampled 14 with 6901046089841742016950984603221299498846191920731681467389888129723525453991583362574290054531789436482354120518495805104839680 - sampling time: 8.102531671524048
21147: Sampled 13 with 7675621544480381599936440531923267864608796677537727821089910659291460539179026289693922087626506779999983122459673013696178512 - sampling time: 7.927947759628296
21142: Sampled 14 with 2836960207103237016704806839257907300542534472116305885626955612904325330535423051167991104187524047534513165654324761892954444 - sampling time: 6.806893587112427
21145: Sampled 14 with 5579331678361668327717797484426245710332030938236254654923473667367271738681174084486657029258072401185776628152134642420780189 - sampling time: 7.4007439613342285
21140: Sampled 14 with 1939368984769165000902857102082245558901377279211519813991908348270603722854831308345539125570213784535491346213918995790278354 - sampling time: 6.21276330947876
21143: Sampled 14 with 4232772362931519212552047114538232016415911527050296268465954868993866264342438542586517957437865769019056076351364841921991733 - sampling time: 6.475468635559082
21139: Sampled 14 with 993680556410881215590533747606378741272278950613649567089844317857351085098085686326454064889639039521533904866716053200379061 - sampling time: 5.95551872253418
--- total time: 114.53349566459656 seconds ---
Output samples created on:  ./Samples/smarch_mp/pati_97.samples

real	1m54.642s
user	10m36.520s
sys	1m57.192s
