Input file:  ./FeatureModel/phycore229x.dimacs
Number of samples:  97
Output directory: ./Samples/smarch_mp
Counting - Total configurations: 17690241291695326522257789817466990270511110167732440205850532019265621118320902296911567073878924836323606003183874302922311817581561360
Counting time: 3.805056095123291
15510: Sampled 1 with 33168220262901492111419252258800995997766231324779810202348214922113572059426715595368733090105526664074831687458730211809066607983935 - sampling time: 15.769169092178345
15514: Sampled 1 with 7497045902881325694087802940056705397907160515045954559144455602409348806810936690975526613446456140884322863495724528387336237077658893 - sampling time: 17.346052408218384
15517: Sampled 1 with 13126375186944351006506877186032341993702783068414505084419246560929992368791403174045112464689283433888114177897067531136082730519565479 - sampling time: 17.862783193588257
15511: Sampled 1 with 2377034548188502165006169908821051057118098785321135939390967301319222521677252124037215765787374901672440906652606874146255925750973581 - sampling time: 17.891916036605835
15519: Sampled 1 with 15825852295058917280666182294572105977643084265169360973909040100192215031560836995675820337829532604282199554159519322345357270570548195 - sampling time: 18.174490451812744
15512: Sampled 1 with 4554909241158227454908635621295986187096265239838787100087160339896455707189703156091669390389632296504520948966549342520391965538823280 - sampling time: 18.70476007461548
15515: Sampled 1 with 10024933418427784206183604800365267577517798087549802178822638862970070045531267394679915600796532540029783833471353387901373123600687242 - sampling time: 19.40574812889099
15514: Sampled 2 with 7510354492752911495872347389430814499927596712736604426446109130472328758977303899351684603756000644456186478472467464508363777095041699 - sampling time: 14.187451362609863
15519: Sampled 2 with 16104704094996134249464296316216790959614179260137013154073194166454400068039305464326134261228820069004568696951632143036340239780443888 - sampling time: 14.1537184715271
15510: Sampled 2 with 44485074993953603541594611298127855104827155708525345863223000965098586758908294076808310611529456431931571178320760597469045280121916 - sampling time: 17.226696968078613
15511: Sampled 2 with 2420240241883188473566363417586918850113368480603418197662557891165732585128035593259412218710120385180452343695014478910803635146726283 - sampling time: 15.274096250534058
15517: Sampled 2 with 13145007951996384750692175031628452323542117505457867519779572823806847347892803256095584565898486323471838183373961932994461055184409643 - sampling time: 15.536791801452637
15515: Sampled 2 with 10048446579710431355473235162155815552402577184800540195372320858081425020112523962590552478765025976197413706678349710262435581545041600 - sampling time: 14.40559720993042
15512: Sampled 2 with 4696878468400121003353511404778590706182460975192338572768658536503034279282534694238509956403992887977716626380066901037881061462493695 - sampling time: 16.904082536697388
15514: Sampled 3 with 7520004295665785822160583332986309766516150089183359279587053128794625067622852188737903225060723760457671651000004770925026480367539151 - sampling time: 15.169353723526001
15519: Sampled 3 with 16202469498993670017614036694272141446052019998271661498431618578160842729821779201349028255945082599160022948447102253117484466199535207 - sampling time: 16.503692150115967
15517: Sampled 3 with 13334475282648718745510970512796961209444970460414985558446846916835617458014550640500811709545089511108967185498671756765542598627341430 - sampling time: 15.586498737335205
15512: Sampled 3 with 4774396713818914150335701779461864027711739408785603099231912873706496860295753963446648019888235461163182212147228500528060859557195188 - sampling time: 14.13510775566101
15511: Sampled 3 with 2484392971321554268504718752492202998602601010174509449049656616948645145139418595432366582980593533037453547071493078045344998695044316 - sampling time: 16.931315898895264
15515: Sampled 3 with 10211348316151566760783925246148809456652904702920812696417913753242790218621703369625498795102535644578176525307336994326490358531747229 - sampling time: 16.529540300369263
15510: Sampled 3 with 478420850257898223050684696894283769072659004786910896409499738833594201230726339407425924249401883707046448683506129212282110889847316 - sampling time: 18.387978315353394
15512: Sampled 4 with 4916974750004706553504871005506173009725764866153349980308015289378197137668350199400005529700116309083287133337818091558318570936388169 - sampling time: 11.40828251838684
15514: Sampled 4 with 7735235659753864635789215210605261927921390015523389417483801154120912935818522151286932356744299401966562003110900563141056025962126544 - sampling time: 15.321050882339478
15517: Sampled 4 with 13377230974305430055424594543580815517865273759812317513666663525793846024630426612145823307347481511612200688122261322039314789003080364 - sampling time: 14.953253269195557
15515: Sampled 4 with 10554895616509438735436980692668616084695773042730200455909178919464716050096802412920129481563000677622796569580035308576050120782970715 - sampling time: 15.364633083343506
15511: Sampled 4 with 2561689645111376413812285263921392126300603985558270007307768507041613125373264198574487845871505949896606330881741169303303179499549262 - sampling time: 15.763799667358398
15510: Sampled 4 with 554208261624335763951436771867342715402474521458402169819450955448245759968383131111537252798966858219374182594417114297808731058656741 - sampling time: 15.629342317581177
15519: Sampled 4 with 16282546373564365147300325113286188031374857924432616534576525974496568155748048808497240319572691565221235007464928852685324834687286784 - sampling time: 18.343040466308594
15512: Sampled 5 with 5435445396470627975914918031353171066397263984331325822707713827097682109370917097092135727437542955163407619346542285085010585463152376 - sampling time: 16.810736894607544
15514: Sampled 5 with 8283541456601696542453583928155693290891257208827114198498272416111484287500480020850980087462073094695665230309495042509511011823926236 - sampling time: 16.495057821273804
15517: Sampled 5 with 13760545970438543751304817258959410837286463980588676335119084685392266347269387737639161469952804172050087199379653468805945957410118844 - sampling time: 16.279908657073975
15511: Sampled 5 with 2584855913487367247488081730240724023414530704115719420753454275912394252914587659972009740736323989442140253690645547180010442428111881 - sampling time: 15.110827207565308
15515: Sampled 5 with 10711055221167069547263520308242589978008350019436209420056212028592231047845689863044371397758113516302334856672215796366571214825394008 - sampling time: 15.691449165344238
15519: Sampled 5 with 16365851273426080841297390376230194253988638180101451045611315974493292020062176952000509066827230947134994310274069967215366772378112010 - sampling time: 16.309828996658325
15510: Sampled 5 with 625928501181614619525291151905056429402440856142255087769696857786300441372492908600983561530839772329672012971943528419839836829606054 - sampling time: 16.585774183273315
15512: Sampled 6 with 5898508788285832674450440665501484999432027695387405716479976093730198459895974948730553706354518215428156056558230151752978382433919642 - sampling time: 16.034870862960815
15514: Sampled 6 with 8364522187633917461531268593643310345636128664025035757163439136821498017458685241899656994772587070132879523017014869650147651875300287 - sampling time: 16.28278422355652
15517: Sampled 6 with 13812281271804748488629870642195026494841728706286739598130675043240061496886264673158425966347601910297238439034575747775472104298945691 - sampling time: 16.168227195739746
15515: Sampled 6 with 10791119641321136089644929940923183778541117617226054685928290774267761352813987106962431672255629449790919703816011004288983355696098317 - sampling time: 15.165899515151978
15511: Sampled 6 with 2663884651491384337633900091966859303795497850668215469487093285257194428587156291906220544154128235436963011420620060777157945739565789 - sampling time: 16.25439953804016
15519: Sampled 6 with 16371992176199706635527375898979710827301044984006546973404691175886187281351251490901834458083433210358747098683496107002193113594742405 - sampling time: 15.972970247268677
15510: Sampled 6 with 889005442502836044343529348721071382037945914595213846145566436067514081818443328607558042470207049615980237148719414598319331975512043 - sampling time: 20.90193748474121
15514: Sampled 7 with 8434360252001432212510918250824030961020137005042281438023007894782333045234588204403201102373790612787215153567066761660382927357627511 - sampling time: 16.59261178970337
15517: Sampled 7 with 14089009443651536461706434507901395136135132008812673251955505526228658605465643116680990488389042742609155922290997852728967661114756233 - sampling time: 15.444242238998413
15515: Sampled 7 with 10907182638644693346702185820223399153536001771734820843292916532117501211763432324655817456777900259091158868559414754500690573741144871 - sampling time: 15.929715871810913
15511: Sampled 7 with 2784774100260922459431935830564740584583626403907067816246217612454859260358247126590558469175598359536774522712584091203154608957483570 - sampling time: 15.672805070877075
15512: Sampled 7 with 6043222449666138969282737520240328971364631455518708485744997581073638207127046215070744041967699927297032428620126292089214429870676159 - sampling time: 19.20106029510498
15519: Sampled 7 with 16497738984637460920108756379241720526906741330454671965937629239860778390543910323557978449687608241057512432342636546171376469259360328 - sampling time: 15.798516273498535
15510: Sampled 7 with 1210058623449597677158298829866571030155280477766760470313534897443929950705260343170782320801035483633818353553424425918313262929758880 - sampling time: 17.78888487815857
15512: Sampled 8 with 6374791360222014016376807882983705197715709797076364432833146144260862794206519299818269546892784921016421258799197872555366425668886362 - sampling time: 10.864422082901001
15514: Sampled 8 with 8465186260170490207962345773347361302253412268567708193833750818133567192150506037877646131028447531007659850652923551895501888164610164 - sampling time: 14.175138235092163
15517: Sampled 8 with 14359767856516488369413734152590285800983397771184860791003969977326603096965979084018503223974421341079276662529176086143800214690569814 - sampling time: 15.211461067199707
15511: Sampled 8 with 2895111233213469949968911691386594027534017680218687143539307953998532932780405747914957045213289821091554694914843836151136592575414270 - sampling time: 15.619432210922241
15515: Sampled 8 with 11842964954571128955492247625336505524802177272837753611755161846495393932483935503185916174287987287668868345423091120397166549341510899 - sampling time: 16.706434726715088
15512: Sampled 9 with 6614033369137021940273801472459297308407932472458045008772693833764129551729035376364369455689074527878290997018624392750279555228412561 - sampling time: 9.88569688796997
15519: Sampled 8 with 16654516131594834555455642707764504093948169938324292255504903832185754651630869214005815539627661922567856049410036629853792048605070125 - sampling time: 20.180554151535034
15510: Sampled 8 with 1513639575435172709563906763749905525595877844643129708026748319137560956677100706616104938744465378598565285216799963104639448711976531 - sampling time: 15.904308080673218
15515: Sampled 9 with 12404002444277252351760733167868857895150285287100821298376936660636921634261395749658962269916293833004389760193822579739173097717063619 - sampling time: 10.301161050796509
15514: Sampled 9 with 8515732569184724597977307502194408915858562181437020920039780558722047582655313950697334609053354029995471702081890539746944583242984217 - sampling time: 15.116736650466919
15512: Sampled 10 with 6633209372542181789491768317847017775592516822039159242579489070505342919109566293713449186401781861592639361125004437128325183186974735 - sampling time: 9.802305221557617
15511: Sampled 9 with 3672390837457603757696307018929311907165773785338248069764483859083343923635471666027146175863261529836994338258184027066781213337831252 - sampling time: 18.147897005081177
15517: Sampled 9 with 14539653215023120717909231815682198437012368097278027293298970957689486016493960403245933089651151051169843260488100673502400807440517801 - sampling time: 19.89379096031189
15515: Sampled 10 with 12528790419894923279356230684593405045575333737705005813703986972203706804801712075038730299871408985044805710629466848248903594498514479 - sampling time: 10.70975399017334
15512: Sampled 11 with 6690961392749963607924282010368068892771835547468185513041279880532212269126183303201314852578542912829446749645619616469799550670960437 - sampling time: 9.543508291244507
15510: Sampled 9 with 1561336574877887491923391701631106790609850921062383526232946861100434388176019230292970767653983182272441736661888739502619134220620006 - sampling time: 15.21762990951538
15519: Sampled 9 with 17037934883165540586606563855355551286878226895986725790129300123622499822951289726903590721324619279874178912344003297657358756758288242 - sampling time: 18.40319299697876
15514: Sampled 10 with 8875029349139713538910598374605703046514714852081024994624069502514919179401674792448653416695225881848636542803461016288767541078708367 - sampling time: 15.710951089859009
15515: Sampled 11 with 12653645834576891205702122280130447126933998570432946018867207115495812893805290459351763898098260733413058454840074970984093753693343872 - sampling time: 9.612996101379395
15511: Sampled 10 with 3675173545793072886395408805659593026940579631503249659004057039238834493237024675587318875730056039732423663452125349718490856845496003 - sampling time: 14.29147982597351
15512: Sampled 12 with 7008001056005703077996550681939959859655315427151887440335743647607058973599641605311360409767262386515096833602012543969230480849020719 - sampling time: 9.794759750366211
15517: Sampled 10 with 14798262323503649093858037957589352611163884438532195215394874302518898032403318409112330153282843417017676817048866841642432904650851089 - sampling time: 16.55411696434021
15510: Sampled 10 with 1562813700672930140660503330611515414514329139259341825989989789092176338920581651982157466862566880843451782786948060326875727661617974 - sampling time: 14.620197772979736
15519: Sampled 10 with 17084409794815400372643460125364692653089250390950309426133495357374577024005550866315908904446428940273140819501195754711860748675743587 - sampling time: 16.39025354385376
15515: Sampled 12 with 12749742685441843924082938123277175008524493864427288004764826712485249468968582821870627604631112923451802895979489861534798894745607176 - sampling time: 10.468823432922363
15514: Sampled 11 with 9436933199914936898954623107428581808831166440976124905283437642333364086413345601540437396629767795945589758098065733602829197557172862 - sampling time: 15.955931901931763
15512: Sampled 13 with 7309620886042425236264638426360116289866299465887848587382181569447716882302767497518464874296765926670139140019222787241847810366633495 - sampling time: 11.84250783920288
15511: Sampled 11 with 3957467368641807742061969508081571831383718584181766649865169510560515677779006546021825217421067738089577071017183750295818819657121124 - sampling time: 15.725409984588623
15517: Sampled 11 with 14885543022783062157683480223884514512464086285814732298742537944183714093576498296132673376077557564229308442123517840387347185937698873 - sampling time: 15.519021987915039
15515: Sampled 13 with 12867655618192824489086608414849635816299686971367037404893224877695862908208058864756596546963990933616932891185034888556023326918139818 - sampling time: 9.736698627471924
15510: Sampled 11 with 1921569450554250543599710619014809708043504359319180216374754280989480127970738869701184038663742325506212867599359712291581791173043603 - sampling time: 15.9674551486969
15514: Sampled 12 with 9592975625241345817993567717853976534741819674058403727106231184780208356066578450963639521222394460873648590675341137711781216500372882 - sampling time: 14.82297158241272
15519: Sampled 11 with 17261990176490098665827987704041017336827149980935864428924629663340782508456285867566712786784896777737224089250549077935871014717124169 - sampling time: 17.268789291381836
15515: Sampled 14 with 13070141671777325943083119171017889102921115147228936981461496398021540187727790561723270949131525448822097826518008258571542428718927073 - sampling time: 9.73765230178833
15512: Sampled 14 with 7444650771586293466683417855741124562565161388042124099267605847657568289166943894611317556926194602518718272861387741461829913979418946 - sampling time: 15.857227802276611
15511: Sampled 12 with 4184839873333354317412941293174203835570763306113072762030651454057895505044484368097937334044505182691701793883255634041145667783961742 - sampling time: 16.453611373901367
15517: Sampled 12 with 15265018597368282659841213624630847372186010323812065975825972866842618092905689056102489492113841943736018633420403041705207377340297055 - sampling time: 15.033287048339844
15510: Sampled 12 with 1961661376463062843543863100200128111414435893189875027185723008904426862058341866440219969806767312440594909196688387887808272112043547 - sampling time: 14.806002378463745
15519: Sampled 12 with 17548274790393242059768193346581495035229511962951120096404499612281537478098678444986569160224011138833795312107285830706533007297957514 - sampling time: 11.397869110107422
15514: Sampled 13 with 9836718636139240118724201364541909189481156959681214138018584711341719137466326737907122318273778197056192476997865690492880150257405926 - sampling time: 14.303823471069336
15511: Sampled 13 with 4283212600117864612574034903859385665077075789882363120134089832573829968781560305074196902550417836176418323465681292561592076691323850 - sampling time: 14.197877168655396
15517: Sampled 13 with 15505753061745124288846562659881559453990806553731165132923458173175805130579625443616510452254587106992709529076393271029250872686726606 - sampling time: 13.484238147735596
15510: Sampled 13 with 2296222965128751336870703313195434161531182583573120367172286356264464940731392100076225804897097708255372068096129353069066953412984397 - sampling time: 9.075369358062744
15519: Sampled 13 with 17604214206231476796950937500652245520025147795274169656350960164849604495584324453901194553020949035971905005620566094510009307381874276 - sampling time: 11.62391209602356
15517: Sampled 14 with 15818230194010983062117399144040707180244049725856336209108461976618898300126359365472784290405464224926144853920488578300202081015434047 - sampling time: 11.171962976455688
15511: Sampled 14 with 4300296374079265499819143103542495696125705266296753870393410389037549994111280567546579649006883635546092605490432729680026939579951009 - sampling time: 12.43923020362854
15514: Sampled 14 with 9975600101009090136225654770135706454856613234172580717681334033469845493554009165394443265418713005033437913814831711125400522138416609 - sampling time: 18.49356245994568
15510: Sampled 14 with 2341253478996556732731284069012096295570844156411262624755717218945824072610151436627594776369806807656273410506213214451989495382886699 - sampling time: 12.450059652328491
--- total time: 224.16205596923828 seconds ---
Output samples created on:  ./Samples/smarch_mp/phycore229x_97.samples

real	3m44.285s
user	20m46.339s
sys	3m17.523s
