Input file:  ./FeatureModel/ref4955.dimacs
Number of samples:  97
Output directory: ./Samples/smarch_mp
Counting - Total configurations: 8203198042416968764079367091185189410943931043684647241651574451763954390208350344320638479971108519696005910647887522258800
Counting time: 2.6820530891418457
26915: Sampled 1 with 132555169517462455184469657047210480018477573254355966992609568720654859100344345699251143403255047565949723604835387952410 - sampling time: 7.697861194610596
26923: Sampled 1 with 7460625957942367874405462145156158575867680479135788396343520787270852354326344411972998580349079938068861293189344973767627 - sampling time: 9.528558731079102
26916: Sampled 1 with 1163166162810437976939997928529306453601202820635497021102592217462574430968613412467728786224357427557964838673760470344630 - sampling time: 9.568187713623047
26919: Sampled 1 with 3377594054673597511255500609395380396164709442958410075677380635306938909314857065127266477167796763039096377594329039078510 - sampling time: 10.17001485824585
26921: Sampled 1 with 4225313594145197014594464973597597010809211529583346460857689174467105024391522679449921774085991231371214885849849864555605 - sampling time: 10.272920846939087
26917: Sampled 1 with 2570619232194946795187291318015334161534913551666728367509886297290923561651587086802927478681891412168934582638599797490222 - sampling time: 10.315988063812256
26922: Sampled 1 with 6048727509169447809018414652852222334395500914536665553113839904034633776170925759511017854678150185710834307543467605771295 - sampling time: 14.694941759109497
26915: Sampled 2 with 168654220311277589948195447006437667563780440386861639835104126046494057804271223307446301171753981685995553851230448414979 - sampling time: 7.134517192840576
26923: Sampled 2 with 7461554326222367427531141281835304270635075902198591603563585715338862868937442705054772044686150719125273859358644837008285 - sampling time: 6.853495836257935
26916: Sampled 2 with 1303179906471194220803242010773985051726577206601650701857362578156147955034672069753915608357472684507878334971081856587339 - sampling time: 7.1967103481292725
26919: Sampled 2 with 3420578061665878328932139110745676577824178766632482133111757852023780567793200210426080283678035123551353230376036714247437 - sampling time: 7.2001612186431885
26917: Sampled 2 with 2595654240744517433886722149416780787118345723115627539784854153833084284989009208844029606253483981698575420699878188252920 - sampling time: 7.165764331817627
26921: Sampled 2 with 4357039452056634221693603110492199973200479029975856106079876091505044346068164339325483845101722294258042076697002532025900 - sampling time: 7.3810694217681885
26915: Sampled 3 with 213719265662425129558961297670169636614150137518423139968054531919023832789071729288460358676846660003431310049984576570915 - sampling time: 7.181254625320435
26922: Sampled 2 with 6062749912032579085123199423204761096701289528374624673170695265288127367923306357869246956014862422888777255399404304014523 - sampling time: 8.341831684112549
26916: Sampled 3 with 1322776209228963434119654151481159764032688893519555797047951732132710376635242151215459039469460587576136401879262635288109 - sampling time: 7.058534860610962
26923: Sampled 3 with 7620404830445135267561988889630060684475114925219025834007975423615359317759251381601977343898576389324043017937948881229997 - sampling time: 7.582948684692383
26917: Sampled 3 with 2640136746571961607050833825626063032109596465437125138058047915424714766203161518512562088601299565386304654907539460973524 - sampling time: 6.780290126800537
26919: Sampled 3 with 3456350144515117004655611322751445147454817765525422200619201728452388548230237035902632780883100592908833292708901444870453 - sampling time: 7.0531110763549805
26921: Sampled 3 with 4433421777516815091961259508137382890587326646128323463515467745106689910793488988516987151555245780472140316444939717733436 - sampling time: 7.0645856857299805
26915: Sampled 4 with 267468573897003331062793236160764350204103614764860093558011404524650231855797491116809602350022634634634197439400555012565 - sampling time: 6.9780967235565186
26916: Sampled 4 with 1354030564253394422082613548961642852214074135637772348966643392091171363622228849861532462225221631359950776061761321406979 - sampling time: 6.963601350784302
26923: Sampled 4 with 7622567216123353443612606766917919688551628136957200518073542707304233283007281291744590053682152526758438339108997728013464 - sampling time: 6.934143781661987
26917: Sampled 4 with 2723404315809688009120470835715929107900521551941415469000387884287086076987903962692108081654446296345786786193411198673745 - sampling time: 6.922774314880371
26919: Sampled 4 with 3488015323898381810756499790240051388778620608301601505364826959338216904825421017038053348237906572687464132291860410077179 - sampling time: 6.83884596824646
26921: Sampled 4 with 4456750215599155013795963161089004364472822811943792900570737443718009359249172431194121832719299310732063099506971193037391 - sampling time: 6.845556974411011
26922: Sampled 3 with 6098830530558745586889618177116165393249008605198595528624781890814356875688714178535039238331712417979120169983638361744039 - sampling time: 9.407251358032227
26915: Sampled 5 with 633548862734906382976428889731365442585857652371669684635808846968397859162738233065257861106026072033992409529475561451985 - sampling time: 7.245809316635132
26917: Sampled 5 with 2745824388461306146941145424273690068400258082014148964003644299493264969569025642389954053247526598283608058623041342814412 - sampling time: 6.547077655792236
26923: Sampled 5 with 7671172315150391688179841311024265792277312479015999473072469378384365814928828214956209050161196867442840840735454834273863 - sampling time: 7.143356800079346
26919: Sampled 5 with 3540390729592728852983014434729703801590369058300159321732487155082314650365327097912541992942300196868989925024661459816512 - sampling time: 6.947665214538574
26916: Sampled 5 with 1381381416092099307365678531459719499275474630964546693469875413527180381492928309147226611053187925212601391358065960132672 - sampling time: 7.453864812850952
26921: Sampled 5 with 4841366828441551456852845489211975131589917375750870505365306008552732732371108315475476256929381860088086074613759603673061 - sampling time: 7.454686164855957
26922: Sampled 4 with 6291757745749297559023962398656791603324957469090327515932809683703233443444615210181352196161176382938101089986568918421106 - sampling time: 10.472907304763794
26915: Sampled 6 with 656511082622764374939056308620713970072505416227354519194272074204119937726353925246224098081169647993541230534630828769980 - sampling time: 6.860999822616577
26919: Sampled 6 with 3545235627737167857369451662005750911974658121146603478578690942997106461860363854280730936007190178212021417158049717165079 - sampling time: 6.483377456665039
26917: Sampled 6 with 2812704050250156759461664227585062361906809534579200716515347132505331795367459011244987927074905117339860564822119191829273 - sampling time: 7.133581161499023
26923: Sampled 6 with 7805707663718968403429666084513612689327305820536732005677707815354763589377996414669500514709861965300580076827067340670392 - sampling time: 7.479177236557007
26916: Sampled 6 with 1500735267517118738832300103601643369652454451662087729517214312151880045771633831013502440524298120021148621978930018003721 - sampling time: 7.343654155731201
26921: Sampled 6 with 5006441960532914361846621322714839040883308262931410072734657908881122218967751946824531869582115391304244374957352294654352 - sampling time: 7.156888008117676
26915: Sampled 7 with 772997166325657634319585705110552045657385468381798157900312372261495000148747082614021948474620407388242765193043697249228 - sampling time: 7.2046873569488525
26922: Sampled 5 with 6823722162987596640530559603959177751966544542812078613089497052501063999675078271083728265802072438467744225678748493059873 - sampling time: 8.768165111541748
26917: Sampled 7 with 2834854654127628302744177494875815326496167746915988431227188313341781276760260581612062639046793632693378706216360193582916 - sampling time: 6.876983404159546
26919: Sampled 7 with 3682222827143877944073124188365928996470358057636046145274982062931729935949845963095786245475313182038936746345308897135091 - sampling time: 7.686694145202637
26923: Sampled 7 with 7821574733522286994339311623077289970599101812293021923651521362687019016486536783642630076353593930923362350836922041168902 - sampling time: 7.4882283210754395
26921: Sampled 7 with 5008480361233359760499465550415437033484217750302925996658823473913130553423581114984971791003157936769345669903232149140618 - sampling time: 7.032256126403809
26916: Sampled 7 with 1695683678379790946039854640656884158542964858666058915412967840745368195407938263271656701686840169019378196684007136803982 - sampling time: 7.862748622894287
26915: Sampled 8 with 822574884114629046203947707282237192689479494537765173800933403508093118160570651578958291080385784442599340758040028640736 - sampling time: 6.700584411621094
26917: Sampled 8 with 2850668791780385899920739267580424679328832959203834058559050353612474761058512389595531972223897554389584934414581220472714 - sampling time: 6.815544366836548
26922: Sampled 6 with 6850592752918674765581321938804285993686255676764848514356099120863792442163224611022561610793672761763016606774201013639659 - sampling time: 7.025806427001953
26919: Sampled 8 with 3684529289669077332698636855931047386767302126806278817068640210349065749398417721807362349294980306152824579677323351496691 - sampling time: 6.67221474647522
26916: Sampled 8 with 1734485056194345615173366134861209879675833688903506594328339065141968481109678733803972434722030581485657335895054029091578 - sampling time: 6.613725662231445
26921: Sampled 8 with 5024862905511486434223975929771759609747636660632477195648187007914504939407118671787783170357476540583506539798291681401011 - sampling time: 6.948283672332764
26923: Sampled 8 with 7825727676375273403556669874528303734139318922920329783624253412086645577038881125134347911816004055965657264947053009853353 - sampling time: 8.303470373153687
26915: Sampled 9 with 831254618016048435447017657054117104136232132624400529670047474449519196403710636370504684691355385102686420219261471632094 - sampling time: 7.582442283630371
26917: Sampled 9 with 2982469803552795577651042765565551890591990562495232539574770498051587087562405618106401551765065790640811677452171681618727 - sampling time: 6.957338333129883
26922: Sampled 7 with 7191695915375065352442173308499287947834140329576212885547886950417151667564724390193910714513601624913200611670555100890212 - sampling time: 7.388795852661133
26919: Sampled 9 with 3800304614526519628488053770869361173306366882664412377840544503513803205181426075490515773423086496832208021154752462772352 - sampling time: 7.934842348098755
26916: Sampled 9 with 1824207475019103364173119061096868595976091493794173942056004913287755620588748000148141335166651575550237053151565067008619 - sampling time: 7.121628522872925
26921: Sampled 9 with 5159805622224473903786050519254234100127819640941613996556196114956796294143314577624341559150107686996507842285126005381108 - sampling time: 7.120866775512695
26915: Sampled 10 with 835640803608528089287478837015681748303922499610292098390836666481789729427840357479419448509303154354496469653942265859360 - sampling time: 7.180562734603882
26917: Sampled 10 with 2987690902155640290629527722603476811518470768390944401762898901837559227602511354501669987031457871826096508293424943527370 - sampling time: 6.585035085678101
26922: Sampled 8 with 7254103149955501935681093473634726589817593270019843263074002187904130738422178912963342395936608628128553139685909410892700 - sampling time: 7.180579423904419
26919: Sampled 10 with 3815504912584070988671542871437856237604323301807685034071127252683561562378044267377623335941534708177246891831648812999472 - sampling time: 6.490684509277344
26916: Sampled 10 with 1844210077908414163916893882796746223557309950438388607078932927923310481106652196931044308836877842318553451619450785794007 - sampling time: 7.350312948226929
26921: Sampled 10 with 5386503725143004012266185583100835669812362376892234573312290964237566096021610531165247304293620844317077535483943252652676 - sampling time: 7.370373010635376
26923: Sampled 9 with 7938316746867079212342246149381998768581310350399398443764554945487524969139424011227701523714268830323233949643835246122689 - sampling time: 16.799167156219482
26917: Sampled 11 with 3000014426402389008379612632407035606269216554420539231579563221852830871504493125081715966193411178748050113443474814398216 - sampling time: 6.6858930587768555
26922: Sampled 9 with 7288248437660112916425608729390001258747579753849557931048786678820648697747859325082604206114045411428524112244122435575584 - sampling time: 6.326496362686157
26915: Sampled 11 with 875034672195901549959041650463532858716144917081382742527187692275600675896378564173176106714415482384998539733326611281805 - sampling time: 8.046654224395752
26916: Sampled 11 with 1874905384288259410409927942451261371596083494393488504692562784719874724676442673778820512404921047001226980429163761271259 - sampling time: 6.897528409957886
26919: Sampled 11 with 3975953290250664410133247660683180798311185404474922697996617366824770139542063765994750958532276761566665126873014611130778 - sampling time: 8.297195672988892
26921: Sampled 11 with 5655083639220945655566595779541191005602258479700364749801863730772101268080288838306796338441587574987472455271028830641785 - sampling time: 7.336932420730591
26922: Sampled 10 with 7288416993080779136501092361714353957627286258266472769180615405076715814951713698685089693352784817918276276292999098443315 - sampling time: 6.258642673492432
26917: Sampled 12 with 3263107511151475278869753430038676253528482197381410945197221467020139909096462522122053284485293850164795548678708584896081 - sampling time: 7.359153747558594
26921: Sampled 12 with 5657097757840656077433831535891041535300343542761817777627046871051750809040024409004577865944361234487889813937412474477595 - sampling time: 6.527960300445557
26916: Sampled 12 with 2134752226489616957559130016164278000471664959534775910388569452615656649559067537120753415663594629141077095231771449475836 - sampling time: 7.390214443206787
26923: Sampled 10 with 8073310561418966944818823062498848525254848380070329677377216399215973965498771531566085833353899475463487971867257138034363 - sampling time: 10.740822792053223
26919: Sampled 12 with 4135487886151859514614523125493199215856349349496541908078507238631204693214900079944878578170248052409698387288307569629986 - sampling time: 7.347298860549927
26915: Sampled 12 with 1042945928771972333935557746972983734840482395580418593623641852885366487559834746397593440019728522757667656592173566557070 - sampling time: 9.726796627044678
26917: Sampled 13 with 3293497983701776007708549778485655742372824370293772263721191807660976838452647792813468441946832633072071023205669335308270 - sampling time: 7.0111308097839355
26922: Sampled 11 with 7319184842115467411448816065791565315539161978068290784694331370485062709347233292174473507418174960722631633954550178069025 - sampling time: 8.103461027145386
26921: Sampled 13 with 5660407417632710823338988925871559161056540027082283005501092883845837308944902444013649402421705995408551821103057465700652 - sampling time: 6.527023077011108
26919: Sampled 13 with 4137362636739643111086359854865136279929966744915333894888174563297863009619397048692939718875871787761880507714833204474166 - sampling time: 6.86332631111145
26916: Sampled 13 with 2455424236711469607360086716583616037742513818154613110949295210794107282789007870427982522694949086439831742258077776877027 - sampling time: 7.379534482955933
26915: Sampled 13 with 1062168108591755051719742418252691889211248687687233890529689101709073400150434837321281906379476827791798702700179933525854 - sampling time: 6.81259298324585
26923: Sampled 11 with 8095591661323282874960538410243529558090270746239419752984354703061447333325045246232549866526834621461979203895822020880016 - sampling time: 8.913683414459229
26917: Sampled 14 with 3319747093953814292341943444710817313487354103883692050693136783016084443572608840469706919515407711065279063031718515353903 - sampling time: 6.9799277782440186
26922: Sampled 12 with 7330536350476765212258486861424265905185879938310427361152230394262538272122053975961153052782380147118758287344983319575235 - sampling time: 6.878670692443848
26916: Sampled 14 with 2470640405228298855152581063214816858066828859892397506566697334501872046849053480085160697640692755204807297310664612851872 - sampling time: 6.453801393508911
26921: Sampled 14 with 5798327782620945496305995556171073919029775794278316739477272710729327829132326130662146877321030014132160695383958472483387 - sampling time: 8.00485634803772
26919: Sampled 14 with 4206411966271279992083617251285462770567196416314845734925310807527281901169549529548728194981950859946390228884554614507620 - sampling time: 7.086858034133911
26915: Sampled 14 with 1070240531393109157686680745415058225377162138908267917038335857565862242923291180463404501199050204131656148704710390216750 - sampling time: 6.7725958824157715
26923: Sampled 12 with 8176095007375942980277039219114973127742125303610120468591370744288131385992691604722429450809155855702669495235957396339515 - sampling time: 7.7734293937683105
26922: Sampled 13 with 7341481695981790470944265426665814820106641160830040191339665642093597329005435165865829187690278866180646686820313903084745 - sampling time: 5.405934810638428
26922: Sampled 14 with 7449228976175159816802087672210137232943923843516457413825370814584914853642199730604129286614842551043149677694190927821271 - sampling time: 5.097256660461426
26923: Sampled 13 with 8180988539316425051636006448198946971212756240532988667670391587891281361514088661002351367967641538819003666203174489532323 - sampling time: 6.639612436294556
--- total time: 114.89109778404236 seconds ---
Output samples created on:  ./Samples/smarch_mp/ref4955_97.samples

real	1m55.002s
user	10m8.443s
sys	1m50.691s
