Input file:  ./FeatureModel/refidt334.dimacs
Number of samples:  97
Output directory: ./Samples/smarch_mp
Counting - Total configurations: 294575358478648842704374033460264452399286928994694689355130992870865151358349143876534835618239744081736380850022839784205694249934800
Counting time: 4.40430212020874
5835: Sampled 1 with 1744167024359280620471613991937147260686125407663571830479388206459220834920159611987928970484274963603837973167796706189525857922442 - sampling time: 11.886404752731323
5843: Sampled 1 with 224605545436231108321309586453504104984324045753293620526179907454824780828896759800821756463102766813439329189332323921811423355973597 - sampling time: 12.016128063201904
5837: Sampled 1 with 87484030505667813791514129667136117503724266997744087435520661087726206959539085322739636751809470726538396858443031411572962227405092 - sampling time: 12.367696046829224
5840: Sampled 1 with 182320208526349390373155914850379379572138664468070335475755616118959882199065969652009255955130462018371415343792442069782519818546192 - sampling time: 12.585462093353271
5836: Sampled 1 with 37235181720591230182221922313493485224912714402273516825436672998775470729784677670257524939950970237993857012295177211468814221625151 - sampling time: 12.91357421875
5838: Sampled 1 with 141279579251053305101489699514030331339492005758067816358931515746113262260324430577477891998911576416042032955407544918873533447822042 - sampling time: 13.288196086883545
5845: Sampled 1 with 269347068737994753131450483470196025467076319676593971599378614583490124406739831552886872971371065375413410250982752837670481230312719 - sampling time: 18.120850801467896
5843: Sampled 2 with 224984174818245421858127786985919424952893183550062545809234172999189259925327741047181977572507819265695584710317439041584174819806555 - sampling time: 9.726736545562744
5837: Sampled 2 with 92391200764094876672515738153321289218438532276721251606416202508732047501149436783087211852185902963910794844223877499835130416778595 - sampling time: 9.704890251159668
5840: Sampled 2 with 190060526397491879521622588987300832188172964945910071128831134177454090383857412687222379515168251175732306908587831546236438048392191 - sampling time: 9.91048002243042
5835: Sampled 2 with 2908233804223236226113000177158491270746644998555169068551733117681001045624064499570023830137959083160642634387501015615072656840707 - sampling time: 10.681607246398926
5838: Sampled 2 with 142514160044180924358145733028593088068457626198036639273490832090721954256966696552179490690134250164949868620737888378701077281892728 - sampling time: 10.295106887817383
Process Process-13:
Traceback (most recent call last):
  File "/opt/pypy3.5-v7.0.0-linux64/lib-python/3/multiprocessing/process.py", line 249, in _bootstrap
    self.run()
  File "/opt/pypy3.5-v7.0.0-linux64/lib-python/3/multiprocessing/process.py", line 93, in run
    self._target(*self._args, **self._kwargs)
  File "./smarch_mp.py", line 528, in sample
    cube, number, freevar, terminate = traverse(assigned, number)
  File "./smarch_mp.py", line 472, in traverse
    _count = int(getoutput(SHARPSAT + ' -q ' + _dimacsfile))
ValueError: invalid literal for int() with base 10: "sharpSAT: ../src/instance.h:207: ClauseIndex Instance::addClause(std::vector<LiteralID>&): Assertion `!isUnitClause(literals[0].neg())' failed.\nAborted (core dumped)"
5836: Sampled 2 with 39561625867202542410046562220982838352664307479329830819496011864957305055376301508585026295425755887800320373418765276474064379417119 - sampling time: 12.996551275253296
5837: Sampled 3 with 93301321300442007900193270291020878379915449923557525517860632366287225852278700233059448249525124320587069642962416757003951857276988 - sampling time: 8.338661193847656
5840: Sampled 3 with 190689418608773240304452943940242534953309334777030029475309186372333188413754170435592399129467719462822676792220547569096132771642714 - sampling time: 8.637457132339478
5835: Sampled 3 with 8329055061592932949926375257338747139622605587702585437697911579600273781386147806885927155697462067383090196163558897646724053015128 - sampling time: 10.840609073638916
5843: Sampled 3 with 236275604613349841159717494689503708072917338564604197855339046089108998676545577896891038938348780178098851050736614578623719087578680 - sampling time: 14.536581754684448
5836: Sampled 3 with 47198388433741738803343273279834001010495071963615441260169299537785111140007146824788389468747219473452846652217353841638447948909974 - sampling time: 10.771710634231567
5845: Sampled 2 with 272685021865884509403817949142493089691180429586685206544424744448270072936427521073373417444101815438520102059759529825810052232449913 - sampling time: 20.077460527420044
5837: Sampled 4 with 93390738826077414890105170761161358663930278324424405052284593407804653024338151576215702971174056315121751292392835979650875280568101 - sampling time: 8.206841707229614
5840: Sampled 4 with 193229128086463582521589365534834050891924136631496359015487656534267581057437166805959448661228160054098510753254051752405545784872709 - sampling time: 9.28646206855774
5835: Sampled 4 with 11752160965350290808040166637978215893145784601144011803485391069898153482514084528889856079647702279066084099249821834529789493508346 - sampling time: 9.138370752334595
5836: Sampled 4 with 57827673056801346189209089626023328920134980237484801202357983664990267240543583067857331174182873597632367649952204528767957174023241 - sampling time: 10.246557474136353
5843: Sampled 4 with 242978343556541363784206215433938153322507648183994469141535259928914877512549909227239992131606100118977210518212613882979358932592678 - sampling time: 10.870946407318115
5837: Sampled 5 with 94968576639213149445066383297758299099772158232135747363199256329420924426829340725887850693926050565671782403524931820221837052171786 - sampling time: 8.72616457939148
5840: Sampled 5 with 194994892033183905955899548579934367592730402824586349814782199028377925032207349065274556151859246905963101209805236884741643068847272 - sampling time: 9.767087459564209
5845: Sampled 3 with 281714598935904807282213263111857361087144285469996906091410496308386861281646053971656218733883180993718667748549088312280163720330386 - sampling time: 12.326676368713379
5835: Sampled 5 with 13834990295977533847199753377487150393269943153432091181628515226127367261152024935261735387199912858563970723326466187131329475947802 - sampling time: 9.501340866088867
Process Process-10:
Traceback (most recent call last):
  File "/opt/pypy3.5-v7.0.0-linux64/lib-python/3/multiprocessing/process.py", line 249, in _bootstrap
    self.run()
  File "/opt/pypy3.5-v7.0.0-linux64/lib-python/3/multiprocessing/process.py", line 93, in run
    self._target(*self._args, **self._kwargs)
  File "./smarch_mp.py", line 528, in sample
    cube, number, freevar, terminate = traverse(assigned, number)
  File "./smarch_mp.py", line 472, in traverse
    _count = int(getoutput(SHARPSAT + ' -q ' + _dimacsfile))
ValueError: invalid literal for int() with base 10: "sharpSAT: ../src/instance.h:207: ClauseIndex Instance::addClause(std::vector<LiteralID>&): Assertion `!isUnitClause(literals[0].neg())' failed.\nAborted (core dumped)"
5837: Sampled 6 with 97408189301433130647921782555078272274774575920574903293021368529159161185528033164279536588890524266256794467420314142398565098341130 - sampling time: 9.368175268173218
5836: Sampled 5 with 66063826854949611588439305228411510505044489687664998638729965134533402153612085801090328286904850329671334221173942743024047481196401 - sampling time: 9.869403839111328
5843: Sampled 5 with 248379232522183226766383428567442931687776907048593194926889070644441107206550057076521587619808015394120210898570788642572428614802507 - sampling time: 12.1263267993927
5840: Sampled 6 with 197236286834379913243842708542128155671719229891996064266718495641097181723476408585954660412589617647665064978624024629829583003234990 - sampling time: 9.483844757080078
5845: Sampled 4 with 283038485557753271077171387578863620562113554121575365793095105011844168019897215386341060268655963469211548830447703388444682199360707 - sampling time: 9.547928094863892
5837: Sampled 7 with 99525768102109208985821816783660806089610616574339452639760503859322444145373170770481164392417285023314156315200097393151731947449456 - sampling time: 7.470038652420044
5836: Sampled 6 with 67281967103088231061610900885200832707748078963851135648237394956721779885168805131080574763365941913797625018347919772830419065704217 - sampling time: 8.656584978103638
5840: Sampled 7 with 204918839196739561430138889303677242090000042020313388306477755640537534909521165627872823018900772174259833495295910540737538402387428 - sampling time: 8.814454317092896
5845: Sampled 5 with 283810834893015296013869916665089672360655112168893539333466754271512653866720636547127060770672506484598666769087623246841508577431166 - sampling time: 8.676331281661987
5843: Sampled 6 with 250157417729117432085590572559771632737399048314898977213755406589655603249141914749587666026730256713361017530843363095539777317857654 - sampling time: 11.267839908599854
5840: Sampled 8 with 206684185512591390284129051226655739188837807360260943671848651775396952392807968106110350054876977057696473813151795949285823433379848 - sampling time: 3.56766939163208
5836: Sampled 7 with 68244742563474490098724477373436492010092962737393212380818767900696322304181830849450822202277848025970851431156947416538787322634355 - sampling time: 7.8445961475372314
5840: Sampled 9 with 207760123840997316441036438041936367401012413173810263736317284825895524473952948107418769739284119998291902909091279344157161534436982 - sampling time: 3.2456839084625244
5843: Sampled 7 with 250910602155682881755142561008250625506975013010550901929851630640741723995198856184880703164829175594411114653148555952143468600456673 - sampling time: 9.074572086334229
5845: Sampled 6 with 286851631597524667674596937547922933306697661687383663921730912042833901519783142713255567117444857350341477464459834292273010871489226 - sampling time: 11.137107133865356
5837: Sampled 8 with 100092614037315276359267929716256134699752367773716444721185483312158383860588373142074018490609466527144246356856644730325764631942231 - sampling time: 15.992642164230347
5836: Sampled 8 with 69546464658920750707540011870701540536796894409697628923066552022083366248428995040642053686920590724140422867619740033163525577362897 - sampling time: 8.42825198173523
5840: Sampled 10 with 215599234624555351361403582437906237759404994032952098890872162550160120076423346253162893765544098791264428374985019022503448213825858 - sampling time: 10.69926905632019
5836: Sampled 9 with 69742087476280900177244981529827442132344661286291822584193436041033358064215137773367110053412862332079611217164901142590744312596841 - sampling time: 7.979008197784424
5845: Sampled 7 with 288778575770049882406479029610167516974691144331925899146700273505128774512384212053425936498444297484869098046507607781582444239897912 - sampling time: 11.696498155593872
5840: Sampled 11 with 215992874369977345323789746299567951439626022972671294535488622844259685921451971434182173926345583879165162496978269157276312406446338 - sampling time: 8.581783533096313
5837: Sampled 9 with 100660135015417167760320604016640731402439772023446283377139292007491606767754476705845252920909261464424529138943994405584645520060562 - sampling time: 15.118959188461304
5843: Sampled 8 with 251501573038560449504561435247500951843545665677626082691986070726051451458327167451571602666675925805529827627385701107971201090600952 - sampling time: 16.640580892562866
5836: Sampled 10 with 70723979673273284408402879113894557556443526990879509336979574339881881238194301045775814979935145226653574504643475490526253383929565 - sampling time: 7.149227142333984
5845: Sampled 8 with 290170613145535812499083213678582862616016650083256448823680851595570245324144313257693100965641059785776041087873388041663907121117304 - sampling time: 8.193657636642456
5837: Sampled 10 with 103674021682876145281991524259741516647636178900588917132674539387429420795447374742691155470330129625709005084140799290323359985134736 - sampling time: 7.633077144622803
5840: Sampled 12 with 216837545699771590389997282682793918630114316842446147507990072579636845602607469283341001829379740409639655919229400892178994553087214 - sampling time: 8.520785093307495
5836: Sampled 11 with 76093206371660547391627591409513044189716513086885592546231152468765978327298304671374990704011733047117219503957705593056008427597755 - sampling time: 7.648627042770386
5845: Sampled 9 with 291373550904541684274847328253354325190854488816162803999901703102100021703084968044784322935667685594954756286067876810431840068820688 - sampling time: 9.286500215530396
5840: Sampled 13 with 216892789831327258226209958687522603704991208778945113618940551049460625569883455304230112457597923170662595853800721387759265415958712 - sampling time: 6.642337322235107
5843: Sampled 9 with 255644328324813435040538481330795107060952115612384915717267100603989631057177789873535600576563597820469513864672036506027509538643999 - sampling time: 14.58883810043335
5837: Sampled 11 with 106615352896358472004112284859047766923334681696249528499520714823933876179173535851016033881121353369953427000142040301488687090596616 - sampling time: 7.99967360496521
5836: Sampled 12 with 78783286224544002843769999586545286818425040974340924362849891078450950383951557269638791029824750237296165314060836451429644017121436 - sampling time: 8.17138123512268
5845: Sampled 10 with 291476202300405829504437441149985551143299552876822478767771893747138454213833781456336408313078647440565829477758711560550050427063553 - sampling time: 7.735474109649658
5840: Sampled 14 with 217779025662569868002149564644100206965779912274872784924271105351433451466274015946645007906655716930612060494835804754872787107278508 - sampling time: 8.613398551940918
5837: Sampled 12 with 114311212696945334780122762630061872203550804205641474354325127875192279494800515248173815903342450855490061808587100024826721627345041 - sampling time: 7.729079961776733
5836: Sampled 13 with 84121531607407023521069623213874200086837281168779146698564710794997808028594059463315591425626529155231811391913811498208343366923354 - sampling time: 7.616266489028931
5837: Sampled 13 with 114776498617966997713562016571653930714925316444780105695138923871732954185725349086835573593519906458942145927995708510557406927620250 - sampling time: 4.787215232849121
5843: Sampled 10 with 258459309221110380225012862479230609858938928846043276335372776213718784511059756428308440462104924252455885929845476887006480691356155 - sampling time: 12.778746604919434
5836: Sampled 14 with 85942162225621508903796267126043755510152578965532136325348483680650096403885969763038985112628482231492124987097268822142117888632107 - sampling time: 4.667590618133545
5845: Sampled 11 with 291502180359227848744372217133589833248002273221090333031515646717294811011795741707915719753784215272728718336780559083854316023596571 - sampling time: 8.20091438293457
5837: Sampled 14 with 125846049310503460460160475788331485898468562877932523849084840344524373977165278903448157217732726154691967161572187751373232763875630 - sampling time: 6.8146257400512695
5845: Sampled 12 with 291706327291159567072540272597980787375504316904328521197242198758910286658400755792407681645589157987069423844278825918638610161821304 - sampling time: 7.032094478607178
5843: Sampled 11 with 259897596226871677675512860152346025042376463609974367987278525839896513023899305771531386881860412953625456444768586950008127870926971 - sampling time: 11.288909673690796
5845: Sampled 13 with 292305642596372608027583485529299748216136285449127515513054587344812233294776455000982720424233292731146813913511222652011099834977676 - sampling time: 6.215120315551758
5843: Sampled 12 with 261492242089981534012588257063624675397669850183325295423514071162985817377399471520826670882175948389398636104761497650431187866998615 - sampling time: 9.983604431152344
5843: Sampled 13 with 262073267623136846387969669522283837124260412243912557553021077939560600917418405399713399474537302163477826148747397639319998049409035 - sampling time: 9.710372686386108
5843: Sampled 14 with 268730838114031059049729502416020974155512306354719353224184055815534629078006354211758461480548318554717126120281278157538056519685339 - sampling time: 11.26817798614502
--- total time: 170.4563112258911 seconds ---
Output samples created on:  ./Samples/smarch_mp/refidt334_97.samples

real	2m50.634s
user	9m2.672s
sys	3m30.086s
