Input file:  ./FeatureModel/se77x9.dimacs
Number of samples:  97
Output directory: ./Samples/smarch_mp
Counting - Total configurations: 1200265594774990608550731701975282871464646051037606205645930676015365011378925415215241481887501187395620751271333018543518429649831440
Counting time: 5.718461990356445
5824: Sampled 1 with 798063956363898065402274611560774758777861395468751157948105020443692954693334870178845141185255620008142397185152395611057999313762091 - sampling time: 88.61824679374695
5817: Sampled 1 with 1812348183633121237021604255272783020065961435218664780495250175167167963226940288136372474125034057736961838410492494897208219234256 - sampling time: 90.81491041183472
5818: Sampled 1 with 141214909848663940617606901164842394843426353390241046206101802596518416655507531134780826376672068702665466346825289704742590820792812 - sampling time: 90.97767210006714
5824: Sampled 2 with 799842816944070280832088591809607705911661328815969315697995307456342484506010447989192833871630489828701546073475327380831795084538092 - sampling time: 2.3633265495300293
5823: Sampled 1 with 681174352204436959186530175360369082987082054458227869653249092525845494736436643590580645693138660434188711241663677567859273563658845 - sampling time: 92.35366344451904
5818: Sampled 2 with 141613209837844138297479333145304997018989327424961677392938988470996862324904935482745815423011237930849391065584761737787501385276609 - sampling time: 2.558302164077759
5821: Sampled 1 with 442515623672691983242466806336583872181645462088926980695452869734906663045566379372038318913929920670025951201702703351634946039298209 - sampling time: 94.0204565525055
5818: Sampled 3 with 143216565429778910736016023922683291040218734043402526814119439344721320358890041863123282475789092707213977279754951637321608534354231 - sampling time: 0.768986701965332
5818: Sampled 4 with 144342809332816753413866532153475977269567276237140510483831806632615386003336252498585130249682518531724811806927499082348897782199356 - sampling time: 0.3267033100128174
5818: Sampled 5 with 144911881827486137505419812124747182652343311932356955141944269482670572369244810704180621086139722079758835878797495418965300566042578 - sampling time: 0.3311271667480469
5818: Sampled 6 with 155302679069300600646782558717749764033906958424880052023211080138657647436351386592395820248916814656857678737308498352947717771083910 - sampling time: 0.3137197494506836
5818: Sampled 7 with 157912483642286965540706569859341014070039795784493711990419410750084838075173512263771041962398977218248052874793125842555418377037542 - sampling time: 0.37721943855285645
5819: Sampled 1 with 314721451377033599533177367324344104161681039792344241594478098199661628563386696573561701705870183652826991249297972597977783498054490 - sampling time: 96.0950403213501
5825: Sampled 1 with 1050757411822070826366088871963866934295158958236532337088153020193456947781912720726693996654590232229313347637289042162447312824398583 - sampling time: 98.55612707138062
5817: Sampled 2 with 19085957163375368039272186804261477679451901636532319152739080084198925284667545997572731668087319848396472397476667525944962564382918 - sampling time: 87.16180419921875
5823: Sampled 2 with 693869002016698012048261570942460545776483234465443643359586314881898844976230279329986379442587376524381134733467741035761914238588456 - sampling time: 87.03133797645569
5819: Sampled 2 with 317180870079247966388298337032309304059546080820172217371442510425026140218040575896488403807904773398722809105652260747789744332673642 - sampling time: 83.75738835334778
5825: Sampled 2 with 1052897145679998115739609186122744344931535575502747773419683901362729633037127075483482444961495166255614503556480919650153774669285988 - sampling time: 84.16560745239258
5821: Sampled 2 with 446885032474684509521242560105857296064891680598689348014800126038767194481014002068252622916518323683241859087813502901223941924658197 - sampling time: 90.92372632026672
5824: Sampled 3 with 826430911013790182609363155255536691494105064956436809815046207975212449582555739671841160730789270574432858089273251022953685790241622 - sampling time: 97.65051913261414
5818: Sampled 8 with 212618453590200126149240332739787116223752232875569674070229601351513460104801515561215927869592341714880681971235499708745283551485307 - sampling time: 97.52419590950012
5819: Sampled 3 with 323291089200333018178022069324473022481498323791681962380199420433170318698172625950586613646589250879055073268321573046688995783030695 - sampling time: 81.82685351371765
5819: Sampled 4 with 330066633407874000713253625094089440311968271099701163640291213627500788543758663239654755628150987627403174537240968446249107088961952 - sampling time: 1.2918205261230469
5823: Sampled 3 with 706447895366986152726332531900931684607811510457386143879034933418762545001163684707155518696266691575677255909958776227113244248981184 - sampling time: 84.79873728752136
5823: Sampled 4 with 706781384270983085624471544901583217612095384818951086037853698010078714489666176841961045853930199297620906000258624538767173496900310 - sampling time: 1.8405544757843018
5817: Sampled 3 with 31510702998797739198002940953366111449609579507500137328803979395488760525985558267962269257047483990289650569902473841871783656983278 - sampling time: 91.85547065734863
5825: Sampled 3 with 1071021471515693424763152924001556821634411005350505989810322040535149573484018666402827608021317731631755266455630427265257121398144855 - sampling time: 93.91112947463989
5824: Sampled 4 with 856599805984691990374458343305918170279122338984445309316905284094424058368416431487839783059657134449591556057594282264962863358079350 - sampling time: 91.29963064193726
5818: Sampled 9 with 217638141578371263714976122755396894011568170455241707407512022417417753109590775230286735983409840750831348403251527860690337986750459 - sampling time: 88.01323747634888
5821: Sampled 3 with 449620896059050581378747924920631218362068650986177346393548038588995898064074138514681489165018646616727432781119756272791416028805851 - sampling time: 100.15079832077026
5823: Sampled 5 with 712884382734207103530827590203918664890433198616360687807025033322848867976062879993717303223035339234385643330747168414218184658732177 - sampling time: 86.0949764251709
5819: Sampled 5 with 337654157984930662763860808048393434935668201898837603107325226457011248190610509294580456534982203487807775198138315122482578993949153 - sampling time: 92.30925440788269
5825: Sampled 4 with 1073699579565126574120592239415079895943993853379935724219757240255828797438064105338251033136640915522404045787198277722439066736818492 - sampling time: 83.60460066795349
5817: Sampled 4 with 33880575355294161525556782583930464259403545911009241612015982244295943416256088088668515571237623045383409799710971120478057545354473 - sampling time: 92.27540326118469
5821: Sampled 4 with 471023917750651659623056719619382359891048035845020634750586535008227061083154142437863036274398344529535744112527278618109371216641552 - sampling time: 85.82032680511475
5818: Sampled 10 with 224562038677897102685108166114578280728594957226751343733565578176170232838886887891349353809286144869158834546232370148204138016279004 - sampling time: 90.13307428359985
5824: Sampled 5 with 888009975017017879151320276750374276896433333206817101313950833945902968513270424597697964453611337192894791175454610057292514042233360 - sampling time: 93.62216901779175
5821: Sampled 5 with 499583080955230871136052286191482252766215354928198233746054007211370539289119135514809083307325210595564546525463253453318661017059975 - sampling time: 3.3798840045928955
5821: Sampled 6 with 510095905689574928380360454660009694901826777217586766683172253067469954002662042683080369911272739633660732467619676148723735680306605 - sampling time: 0.7068758010864258
5821: Sampled 7 with 541826569311884057303679276110547575533638367777459517898797939460325396182587261748039465270553795066532592047484589304320364592509151 - sampling time: 0.4886176586151123
5821: Sampled 8 with 545813889915986188089368233720898383092746240646923201669017795578766372146624259639916587293403052589170245427373473158853794758516379 - sampling time: 0.505530834197998
5819: Sampled 6 with 338870646030514569956190892927484402628818399306106766673919004738350093926674473973531484570611942702618588742730416500539325523630413 - sampling time: 85.93922472000122
5823: Sampled 6 with 718248368121232476908540359461276587511672149178397843043737624029295887527982547667348150359555126681219018397748199341595929497407881 - sampling time: 90.20026969909668
5817: Sampled 5 with 43816204290550460443503766749676532368328952861113737653852979368728780606332918434389510415754804009320142171085299937245585573613710 - sampling time: 85.67983913421631
5825: Sampled 5 with 1082277020672171280493120828456493400868964152190597097501122095454229093602765348578538442340100552653574181354024421184409746157231930 - sampling time: 93.6996717453003
5824: Sampled 6 with 898445585174017690727428364748632629508600871051496660246648828366190681322615389910624071543701182072804369011412821494085091104119085 - sampling time: 83.67463636398315
5824: Sampled 7 with 901244594500373451876914004497750324307824950205092333840396163249104652999251191676130708743327103126362725980549050222458853063722891 - sampling time: 2.5962090492248535
5824: Sampled 8 with 915331925491447398962132813958096935623202551227679005636288028799067675029106132724475120704018639743211045048642480760826433037474514 - sampling time: 0.33853793144226074
5824: Sampled 9 with 918590660260729776300380960516233179389967904359083812031687198975458824901688624612670522486181298903271421737745818164810261446551563 - sampling time: 0.31420373916625977
5818: Sampled 11 with 237599605059311671699529495593931999932948838021828134834171882259120301931957654078256688870721301442465523156516156237382921962214094 - sampling time: 93.88306045532227
5821: Sampled 9 with 577111592730668668145250264158516293267599847491738470606924413773534660523854865654096517406457558381523941923605920029579038829599519 - sampling time: 92.19570422172546
5823: Sampled 7 with 725364045477932341518432615917121676770127542018078138253264076465040074938120588725016605984105258989702262497032425314768263803755749 - sampling time: 84.73875570297241
5817: Sampled 6 with 44276686558781891813233831975329476100553055175274291769295043953211326472897273474103348661023066312729677565784488666756012989547939 - sampling time: 82.3982982635498
5825: Sampled 6 with 1107181860463808670436033744629350225273360461117303815055886943549783137664003259055949363274236181229159216305759431101923361618285018 - sampling time: 81.16406846046448
5819: Sampled 7 with 354956728352351103944804787675786504815954755849340972543754362495996569384891574510596018376436977281513743548457458260158324016984231 - sampling time: 94.93861556053162
5824: Sampled 10 with 930724271424881711672085767567625566973068718394030608176413909266847307265033315684076502370875595559495472285629745274875445062281765 - sampling time: 94.48099851608276
5818: Sampled 12 with 270761742098489680478147874596237140766397592235394152324787313558965272314550158091701767908104748731925900113731716926537335965524270 - sampling time: 91.51265287399292
5823: Sampled 8 with 727132173204042715236707465695932173042137804738016591612976679151492244029436336686267899997517380940752165216272863386048471135724151 - sampling time: 83.18565654754639
5823: Sampled 9 with 728468154968149175131423099528641373308242416653331338310736553067696833982733841322911704030931123384275467787361177312181099896543371 - sampling time: 1.4863665103912354
5823: Sampled 10 with 728950739831596666474446538157241096321614568928186159631601491260917876810047447898434737509895801811598367198295023717074322802028264 - sampling time: 0.33318305015563965
5817: Sampled 7 with 47372721692312973221017503894916072757498627449325075308943022300970308484737623618800808885911484436904112014100751547428468726449764 - sampling time: 91.91412115097046
5819: Sampled 8 with 359378902052314268780455475468654879811944343367655557818071764283712719616943372242536921053794491793583350348697734873515340783792969 - sampling time: 89.61662125587463
5825: Sampled 7 with 1110893450706334950700428009836654429349412019801769410371351027553976660809594451131119712163107725499535869603585821732196340884227849 - sampling time: 92.99985551834106
5824: Sampled 11 with 933108611259759380685446719136748605494266058220362970914074098329164537840454496876924314533706666379739007892444306828759817723632585 - sampling time: 79.16677141189575
5818: Sampled 13 with 292052853641385897420204340829078741671083219671108069105469272750283189422307000049923329109783214784653567507472524812592811750184792 - sampling time: 83.45823407173157
5821: Sampled 10 with 593186373156729779837559027220323506086504191410520224648438144301205640931232411933864515134958645158384912596747118223432335230294662 - sampling time: 192.72539377212524
5817: Sampled 8 with 49650120809571882649455520056234078259213677728882546361531872711170233082423764966978609827347916479735234381979805821202444253444732 - sampling time: 82.56857633590698
5823: Sampled 11 with 746572114181803488545238179499886721790352173539687881703705834179208481441195696239504062088053996785964811696210210694149952590050865 - sampling time: 92.9390435218811
5817: Sampled 9 with 51310033600586172062100865210592601325556041075059957678762865677956401537522819411020868092832553757651215270036171973410842278267246 - sampling time: 2.35522723197937
5825: Sampled 8 with 1117947721847676284502450856212034529263301621166751671396126603300078691872883557709125827964831087654489148744923645688110752568558438 - sampling time: 88.5004391670227
5819: Sampled 9 with 391646874323989126447398638459922820767582704328571368483147352918298961836581682413718529664249796739159090384196219679909717949903120 - sampling time: 94.36128735542297
5818: Sampled 14 with 294129684034418788310292633964322950039748794886668206288501058709580135775403356469165775556970240748197475435461364956679438897431148 - sampling time: 87.43905282020569
5824: Sampled 12 with 951103145507879120851053107223915319375298807510587381299606892411670866185564914547206136127338830320492547391810809493531779731226750 - sampling time: 99.57850766181946
5821: Sampled 11 with 602038819281510216521042342330151255624286473739336018179713724793226319915589145388432305979437410932924904081316769768792928209187853 - sampling time: 83.974778175354
5817: Sampled 10 with 63117030172788362161116550392713880232091784891873644142557892174987946005658491247553151689801147936011966156790725939328980776598569 - sampling time: 74.93625736236572
5817: Sampled 11 with 64916558837164373697196964122845113545413110952688331533031339385174294495020946922438900488117546065160838048099370062287919621223563 - sampling time: 4.292996406555176
5823: Sampled 12 with 751573560046730498734646313391284337588261907282936296389675014487509577860334234372906141270957926561134001854738495845422753492756480 - sampling time: 83.84170603752136
5819: Sampled 10 with 399206296774272121106163017575452666842106802897436348133929193248203166411402154328994092563723527266374885767322925116520196037242390 - sampling time: 76.51347970962524
5825: Sampled 9 with 1120909306239285295574817117813685971267321408664238442453869456463469732091355838505055863527844012463440607838390110778296651956344457 - sampling time: 81.88733458518982
5824: Sampled 13 with 1013977033710056256935333200995368241444620276014918221073445127428627116059713880920021953983488671085162762216684778109624847439266008 - sampling time: 77.50082230567932
5824: Sampled 14 with 1017194132519280456785849652887967514718037206435369673500759511943453105055165276022809656278921438131567253570113673889027931761920137 - sampling time: 4.089362144470215
5821: Sampled 12 with 615503486851363974439003260589103730301851308959646319929546361503495083849912831933524411136260468657837305074518963450244590312548328 - sampling time: 74.84393215179443
5817: Sampled 12 with 84600287874695488683557718117262789855509120509105419716657209549577222425894772914703161324407644813005098011352948557169153316536777 - sampling time: 76.72941589355469
5823: Sampled 13 with 758877233767420784311379455656771260815536458229918247458078383626880624021991655546038218709006864869958407917792518703151471376297961 - sampling time: 78.06690168380737
5819: Sampled 11 with 402031337965924759036585697935424687532250271522724331241594874531984570397179765004884174289405981113892620647924110600174532115462478 - sampling time: 75.59844303131104
5825: Sampled 10 with 1131939243386816377616488905648809304181492217657186597353738397954639887024641477455888086320030519781998055928095228697693684612845117 - sampling time: 74.06156420707703
5821: Sampled 13 with 649432119177091851122095316299739944834672002965095904469918361914801400000943293555055186257149868648570241050846535040491244902033845 - sampling time: 80.38162684440613
5817: Sampled 13 with 100021108912804039554716390207967220696448133419928520041333479162469346832362042607959884616326429678836435031684436458893200070581511 - sampling time: 69.07822895050049
5819: Sampled 12 with 416023307339730092805775936914572905057237222047773277017938035488997851273655618298188268426231418152647986146491459687541757236233052 - sampling time: 72.93028664588928
5825: Sampled 11 with 1154520110401607090450150794260370515264918960772117236299646014145282742511609474813962802282120155002151925337666285751765369705159818 - sampling time: 76.48348546028137
5823: Sampled 14 with 795320865681366989341822417673194633299526979868892729801627739734031845424826286613649192056801908308080105697579224573873680046298517 - sampling time: 82.78559350967407
5821: Sampled 14 with 653591406614638040054144332030557181385969042064310413904422057766294597372261106670054954450495452395948148183572868900571587882235808 - sampling time: 67.76085352897644
5817: Sampled 14 with 131600201059113961520280340104462752737592732919247948927832431883454546502992202511262198366739785913892549721158855213373418229786093 - sampling time: 62.6486279964447
5819: Sampled 13 with 434104390512424922322548019932515976698500484896660905038711422274798397229773382717145130312422882733108274102902315153033398183415767 - sampling time: 56.76402163505554
5825: Sampled 12 with 1172619221915141426417196661037108547303698344273352829556999192667691686075266396823607801699138946100295309371381622932965311459919987 - sampling time: 57.58669877052307
5825: Sampled 13 with 1200006885796449918743302295576966972290376621801242582477658205896594330550816882490355912542776510907989297491614172660888800158911937 - sampling time: 7.606986999511719
5819: Sampled 14 with 436147004325621688170477055656533477708344917299311256841554118444596896865910398038208454281992315744802590262752659193518185503520532 - sampling time: 51.156317710876465
--- total time: 1058.8574769496918 seconds ---
Output samples created on:  ./Samples/smarch_mp/se77x9_97.samples

real	17m39.086s
user	102m45.232s
sys	4m58.700s
