Input file:  ./FeatureModel/toybox_0_7_5.dimacs
Number of samples:  97
Output directory: ./Samples/smarch_mp
Counting - Total configurations: 1438154000067851697694861014562526781510945521420563032741121595814326731127390208
Counting time: 0.10067391395568848
5815: Sampled 1 with 253240203761236244759326592208972928972432509441402049091025258813049712105352359 - sampling time: 0.6550092697143555
5814: Sampled 1 with 14040893121324791917400256081519472483085678452683498043978242634884013475424924 - sampling time: 0.7163324356079102
5824: Sampled 1 with 1084120208620702545486653309703683462581962273315038339909086170513118863069840846 - sampling time: 0.7331805229187012
5826: Sampled 1 with 1206663616600928777506442685970330707073140500412713633845985415831149519509146825 - sampling time: 0.8049783706665039
5820: Sampled 1 with 857034208777696064045162643883296352907719214070795329097798806709864787923490866 - sampling time: 0.8431887626647949
5818: Sampled 1 with 691474323752926927014487995512517690580758158719364588630195422806232237810728445 - sampling time: 0.8706624507904053
5816: Sampled 1 with 492133380751545389793907117380428398703465072143284566801634541105941308608344263 - sampling time: 0.8851828575134277
5815: Sampled 2 with 254312977297029479043591385467979609840098358802428393546121196829206676974783613 - sampling time: 0.7094810009002686
5824: Sampled 2 with 1110181780669997477393394519456124928130381344818338056865176870685383188046355407 - sampling time: 0.6597676277160645
5814: Sampled 2 with 21720475386047252003269567089842535563671367196560292953755943245274439669823667 - sampling time: 0.733565092086792
5826: Sampled 2 with 1209110707837681125683038020733615368135959011460199830309871282515100786522740539 - sampling time: 0.8290801048278809
5818: Sampled 2 with 700156400980786166806550399378410365075288856666901338913920108704219383925105891 - sampling time: 0.8552951812744141
5820: Sampled 2 with 904894957619095564869832855478152471827111347872091679095720632489587585020514875 - sampling time: 0.8891263008117676
5816: Sampled 2 with 502076289212923530207393654289699586251859183908654465089660722182623533070286565 - sampling time: 0.8743133544921875
5824: Sampled 3 with 1112682742473638628260547802077279892532422858335600006052051325137333357294781450 - sampling time: 0.7006042003631592
5814: Sampled 3 with 41066593798218097915321207476649763486228476749327625354053592070108754986896778 - sampling time: 0.7477743625640869
5815: Sampled 3 with 264871498366196465351226396283165160552707782771742659486379825595805766906087399 - sampling time: 0.8367960453033447
5818: Sampled 3 with 707476599928388026720560127404062253843552585014019318248474067472502775199598535 - sampling time: 0.6559486389160156
5820: Sampled 3 with 912579871819277634208170136176452157142802445388451932016541192457444681931834267 - sampling time: 0.7631051540374756
5826: Sampled 3 with 1231787862787317534758769585690276314768262495572466681593567181108870220501392505 - sampling time: 0.8863685131072998
5816: Sampled 3 with 509803103877660328655701034242891708075071114859225732554714563143115471470188667 - sampling time: 0.8130557537078857
5814: Sampled 4 with 62982316694084207810480837345299279201351684975074711986213907915396278654713089 - sampling time: 0.6511032581329346
5824: Sampled 4 with 1130948324479614408123611244903585492383596604638852268778793780105566219355698962 - sampling time: 0.8477661609649658
5815: Sampled 4 with 270061119635924666894983811414518117037056760974743442304383660075692205089693509 - sampling time: 0.758357048034668
5818: Sampled 4 with 713035878341987086741818835916741068813788062518483959984416312603796111651714981 - sampling time: 0.7392210960388184
5820: Sampled 4 with 921916597463005308920642943102335126615886989259452939231937127124055001487538122 - sampling time: 0.7249510288238525
5816: Sampled 4 with 518772721805124073447729539452806144049891436611846636953559657637581789468155366 - sampling time: 0.8473889827728271
5826: Sampled 4 with 1255200835296772724003605564281244582682468360950473837972429669672143433056437561 - sampling time: 0.9072253704071045
5814: Sampled 5 with 80022168575341969688836232343093523684357415803599960453167933488927531814823413 - sampling time: 0.7017960548400879
5824: Sampled 5 with 1137554892657495814653735006703596345845965529570226870097916973560196296010194165 - sampling time: 0.743751049041748
5815: Sampled 5 with 291976602667889020356747398931693032732179113974295377653839862250370103340754478 - sampling time: 0.8348586559295654
5818: Sampled 5 with 745557129176631935686726732845353232523868860341833360253542864579580657285562664 - sampling time: 0.6969192028045654
5820: Sampled 5 with 927060105932539524935032477211082410558638605436741758630831058793742428235808560 - sampling time: 0.7121825218200684
5826: Sampled 5 with 1258661615330269524456894940677337741164401678668492956594639100877933266523396050 - sampling time: 0.5592145919799805
5816: Sampled 5 with 537306794734922499244044603026663135265474116020610200083680528760738842685334611 - sampling time: 0.7031197547912598
5824: Sampled 6 with 1140240288225305670652046294415910351512152160412240808057249667907894631475742250 - sampling time: 0.6479833126068115
5814: Sampled 6 with 93814185374309739178394442498071191632802291843977351482032970799031849010936383 - sampling time: 0.8296613693237305
5818: Sampled 6 with 768862791875069754267015202608698782260838070819399930887548133143090236605628098 - sampling time: 0.6203162670135498
5815: Sampled 6 with 310011964762641733787829150091387298095389012029692548084243419256219187067503286 - sampling time: 0.7175590991973877
5826: Sampled 6 with 1263386500702752811379462507612612922541733113101787114766337652765544431031391519 - sampling time: 0.7029595375061035
5820: Sampled 6 with 940996786151596672703109306511707173503117148401855267420448532574821711791834370 - sampling time: 0.8022747039794922
5816: Sampled 6 with 566569718022976537421511769516251546015181702421064282801127170866782327650469915 - sampling time: 0.8318812847137451
5824: Sampled 7 with 1141348869174495226433266011310324811260589060131724492491802072294561870898084283 - sampling time: 0.7952325344085693
5818: Sampled 7 with 772259994471205724870945534139701582828654125553527920148170968958478551367784721 - sampling time: 0.797654390335083
5814: Sampled 7 with 143486298390101716464955762317444501063829358099283123103619394961361585078281155 - sampling time: 0.9245431423187256
5815: Sampled 7 with 314493541767189800667999629047361906999024733430699258701315300544474945012231471 - sampling time: 0.888314962387085
5820: Sampled 7 with 1012206414242839334036420443059954200433264117524864605127541686842554010436724981 - sampling time: 0.7773587703704834
5826: Sampled 7 with 1280830854303350875599387120358620645727293553903980886518797451113562719662279813 - sampling time: 0.8409709930419922
5816: Sampled 7 with 568265331990802594642343314462715091672261569393850500621188666611158726993875043 - sampling time: 0.7304520606994629
5824: Sampled 8 with 1149803171041479808030461043278403517448463629803032134466743491798241075810816009 - sampling time: 0.794018030166626
5818: Sampled 8 with 785258838817965738084789191391240152318862898125188079227291636830692371424020692 - sampling time: 0.8160779476165771
5815: Sampled 8 with 363458106868704543829567820743231140483957883087604487816881513123764478853931019 - sampling time: 0.6735351085662842
5814: Sampled 8 with 151086106270941482504336451707328546330117819891117712411070820125262097988397318 - sampling time: 0.8572554588317871
5820: Sampled 8 with 1017393457646526275911948938084705657181578012267713820275475604190000882744413156 - sampling time: 0.7212584018707275
5826: Sampled 8 with 1330518297530884899526991861000517947106984352481596025776291979594953321739733981 - sampling time: 0.8192548751831055
5816: Sampled 8 with 575256998737680457157469433064433407021793174307818919752081785158399864766242085 - sampling time: 0.7145180702209473
5824: Sampled 9 with 1161160173430512999718530721954640729771402501307005266871346268374901288492092182 - sampling time: 0.7562077045440674
5818: Sampled 9 with 788705369239922544309821453358992460619457083458761194241829219599598081600486486 - sampling time: 0.6990301609039307
5815: Sampled 9 with 394786630790349899720910867066966650543110616193353584171148497994160414427487535 - sampling time: 0.7112979888916016
5820: Sampled 9 with 1018095430721254697363110943760660875492625118409265343646455929002673288530489667 - sampling time: 0.7661371231079102
5814: Sampled 9 with 163952791458392871560251692833249408752831951655168292713291633961493442329237772 - sampling time: 0.870288610458374
5816: Sampled 9 with 575600586664818709878965605818928945725520073085592824915188327637554441875930051 - sampling time: 0.697960615158081
5826: Sampled 9 with 1358389596189599782990029791616326795651984085394478151202759037304421627112608072 - sampling time: 0.8533761501312256
5815: Sampled 10 with 411148061831184753628072510217797723005876721126057662546988211789600706965413872 - sampling time: 0.5629515647888184
5824: Sampled 10 with 1168488161596588344111263840921282531262443265514230027011160416736037529969929731 - sampling time: 0.8305189609527588
5818: Sampled 10 with 798953578240763147461840249912646740848582636650183124486810933842513186697306209 - sampling time: 0.8376142978668213
5820: Sampled 10 with 1022622236318024582342370828790534128410639252185565228070514661765331796994411598 - sampling time: 0.8576774597167969
5816: Sampled 10 with 602286265636430015316242090538741857467816541373203155750481123801156822163124710 - sampling time: 0.7647371292114258
5814: Sampled 10 with 167479512627209104454049964899499873887079596605099832412317129050917518021074214 - sampling time: 0.8648598194122314
5815: Sampled 11 with 412799177276406574285492452241391570921207169928751449409334669999375133473776349 - sampling time: 0.7201285362243652
5826: Sampled 10 with 1377392666552157098579608787528754568765912500682962954625929723902155890269824902 - sampling time: 0.8742432594299316
5824: Sampled 11 with 1170792900114838692753632967314625551854093017334235151303761338341719950631171175 - sampling time: 0.719459056854248
5818: Sampled 11 with 803512488071800207094505700543628595150074714602689525798753148342681023228747870 - sampling time: 0.7520105838775635
5820: Sampled 11 with 1038774898153059783955482034765785399447949798440721209940508111261372680238640080 - sampling time: 0.6747598648071289
5816: Sampled 11 with 621573021979054587283996724287300402596383840566239376858469631738872556132932246 - sampling time: 0.7769598960876465
5814: Sampled 11 with 178183736237364557538792656968627189499966374368868699508316409040875716581548897 - sampling time: 0.8573663234710693
5815: Sampled 12 with 440223637258183822184318342036414960525139230937840014217054053239583495011641832 - sampling time: 0.8824613094329834
5824: Sampled 12 with 1172448090203447432023439222886740048569455894928979586639850766837857087103864174 - sampling time: 0.7288093566894531
5826: Sampled 11 with 1417937789136604518627325736367621430339672615833062467436895822025515119876655669 - sampling time: 0.9014987945556641
5818: Sampled 12 with 815437526500314281747059173204326488918843350389367333049625208488947652997620521 - sampling time: 0.8648068904876709
5816: Sampled 12 with 636043882479962119252017189377936054242072650626374585586661148099834544968426373 - sampling time: 0.6495342254638672
5820: Sampled 12 with 1040239350431446578751251063797979780152862228692489748797233991952789239364754410 - sampling time: 0.8624134063720703
5814: Sampled 12 with 196926608057384499367832929046906521742926281062524987595740940437260265396794931 - sampling time: 0.7463598251342773
5824: Sampled 13 with 1183412820109352523249168987290115351956944005867571963318686437033558389028947615 - sampling time: 0.8087866306304932
5815: Sampled 13 with 460624266864434299002409446515464552087496212039468518844712371059030209260620717 - sampling time: 0.8364145755767822
5826: Sampled 12 with 1419023032526279873010930176262317358728272200980125348229392817948827309746554519 - sampling time: 0.8856766223907471
5818: Sampled 13 with 831727531229931979939515518444626645526448948513555030355700650779289816089777555 - sampling time: 0.7148547172546387
5816: Sampled 13 with 651456589827038286925546323704668432948966088267336306661746056908266748068203024 - sampling time: 0.8633623123168945
5814: Sampled 13 with 223523024744639060718775482436244351828507887873663599011287257875477713327457546 - sampling time: 0.7253715991973877
5820: Sampled 13 with 1047028901588284605877596172509365764682950745799778566763199215069651149070247860 - sampling time: 0.8651061058044434
5824: Sampled 14 with 1206299184758201426311377605651059953540923421728545287083899699601402227448592009 - sampling time: 0.7536842823028564
5815: Sampled 14 with 469336414536121801565178084322284601227897351638504642907895492074248508268776708 - sampling time: 0.745103120803833
5826: Sampled 13 with 1428955897935514844436095785767314324006443273533746253843438597308727828290455626 - sampling time: 0.8055605888366699
5818: Sampled 14 with 839853272822434946560104958992687454900134472315319109606054232884281875465394642 - sampling time: 0.7743537425994873
5816: Sampled 14 with 683479562972275162310517695619926625734491202627750391782429629279954455567166526 - sampling time: 0.7253711223602295
5814: Sampled 14 with 245246988488938523569765858418969970605510938723740271016375805171257025750777294 - sampling time: 0.662226676940918
5820: Sampled 14 with 1075470091997588678344838606684106505660599050466794383278360566121924365426723422 - sampling time: 0.6736800670623779
--- total time: 11.054261207580566 seconds ---
Output samples created on:  ./Samples/smarch_mp/toybox_0_7_5_97.samples

real	0m11.116s
user	0m42.789s
sys	0m22.978s
