Input file:  ./FeatureModel/toybox.dimacs
Number of samples:  97
Output directory: ./Samples/smarch_mp
Counting - Total configurations: 144991790900969472
Counting time: 0.09572291374206543
18342: Sampled 1 with 112575750782487070 - sampling time: 0.9269378185272217
18338: Sampled 1 with 60863811919464910 - sampling time: 0.9703667163848877
18334: Sampled 1 with 4434532665068618 - sampling time: 1.0180933475494385
18336: Sampled 1 with 42350826147606422 - sampling time: 1.046525478363037
18341: Sampled 1 with 71108351030018630 - sampling time: 1.0616531372070312
18344: Sampled 1 with 127518448503330604 - sampling time: 1.1610233783721924
18335: Sampled 1 with 25617218417585695 - sampling time: 1.1764945983886719
18342: Sampled 2 with 112837536879303565 - sampling time: 0.9008510112762451
18338: Sampled 2 with 62157506564046357 - sampling time: 1.0992844104766846
18334: Sampled 2 with 4635615492615155 - sampling time: 1.0569713115692139
18336: Sampled 2 with 43067360066992386 - sampling time: 1.0423126220703125
18341: Sampled 2 with 79283821984993897 - sampling time: 1.125960111618042
18335: Sampled 2 with 26816005057246016 - sampling time: 1.1237308979034424
18344: Sampled 2 with 128716864308593019 - sampling time: 1.1741037368774414
18342: Sampled 3 with 114757960573209403 - sampling time: 1.065154790878296
18334: Sampled 3 with 6994276594503562 - sampling time: 1.058537244796753
18338: Sampled 3 with 63316077538949357 - sampling time: 1.147540807723999
18336: Sampled 3 with 44175023863422752 - sampling time: 1.1740853786468506
18335: Sampled 3 with 28597415161833738 - sampling time: 0.9697902202606201
18344: Sampled 3 with 131820119134398089 - sampling time: 0.9319736957550049
18341: Sampled 3 with 79463685526122202 - sampling time: 1.1644792556762695
18342: Sampled 4 with 114825895599463114 - sampling time: 1.0956580638885498
18334: Sampled 4 with 7506043546784132 - sampling time: 1.0620696544647217
18335: Sampled 4 with 28827642116138371 - sampling time: 0.9646594524383545
18344: Sampled 4 with 132303699221795563 - sampling time: 0.9916789531707764
18338: Sampled 4 with 66078492388689580 - sampling time: 1.1209080219268799
18336: Sampled 4 with 44652810256133343 - sampling time: 1.1298613548278809
18341: Sampled 4 with 82770628405487171 - sampling time: 1.1907835006713867
18342: Sampled 5 with 116750609174947251 - sampling time: 1.1432292461395264
18344: Sampled 5 with 132566482440472587 - sampling time: 0.9966931343078613
18335: Sampled 5 with 36890117326950579 - sampling time: 1.0965893268585205
18334: Sampled 5 with 10213522922731579 - sampling time: 1.1408686637878418
18338: Sampled 5 with 66332250053151156 - sampling time: 1.1382343769073486
18336: Sampled 5 with 50278938863773957 - sampling time: 1.0939483642578125
18341: Sampled 5 with 85706914850015006 - sampling time: 1.1971158981323242
18342: Sampled 6 with 117042743596753508 - sampling time: 1.0595953464508057
18344: Sampled 6 with 132610430309638000 - sampling time: 1.0364115238189697
18335: Sampled 6 with 37296174977182412 - sampling time: 1.062760353088379
18334: Sampled 6 with 10221526813472806 - sampling time: 1.0632438659667969
18338: Sampled 6 with 66469977663288466 - sampling time: 1.1838891506195068
18336: Sampled 6 with 50418574743526632 - sampling time: 1.2484192848205566
18341: Sampled 6 with 87925873562997780 - sampling time: 1.112445592880249
18342: Sampled 7 with 117088881713115404 - sampling time: 1.0523457527160645
18344: Sampled 7 with 133192553057661529 - sampling time: 1.0302314758300781
18334: Sampled 7 with 10677662025234638 - sampling time: 1.0465688705444336
18335: Sampled 7 with 37354444883030430 - sampling time: 1.0520744323730469
18338: Sampled 7 with 66893187100462955 - sampling time: 1.1575565338134766
18336: Sampled 7 with 51545521149650220 - sampling time: 1.1114416122436523
18341: Sampled 7 with 92101759384840823 - sampling time: 1.2036759853363037
18342: Sampled 8 with 118233202745560643 - sampling time: 1.0555179119110107
18344: Sampled 8 with 134612299465993725 - sampling time: 1.0027000904083252
18334: Sampled 8 with 11380099969150572 - sampling time: 1.0383219718933105
18335: Sampled 8 with 38964144966250676 - sampling time: 1.1483416557312012
18338: Sampled 8 with 67568327155463034 - sampling time: 1.1968412399291992
18336: Sampled 8 with 53110858059384720 - sampling time: 1.180361270904541
18341: Sampled 8 with 93211821342925434 - sampling time: 1.0829930305480957
18342: Sampled 9 with 119153783451181749 - sampling time: 0.9681146144866943
18344: Sampled 9 with 135860733390486139 - sampling time: 0.9989399909973145
18334: Sampled 9 with 11516942859267585 - sampling time: 1.0027549266815186
18335: Sampled 9 with 38970478822027802 - sampling time: 1.1534624099731445
18336: Sampled 9 with 53993832248129651 - sampling time: 1.0949056148529053
18341: Sampled 9 with 95898189347151813 - sampling time: 1.122831106185913
18338: Sampled 9 with 67740089611711672 - sampling time: 1.2545318603515625
18344: Sampled 10 with 136885772066063284 - sampling time: 1.1224784851074219
18342: Sampled 10 with 119784102188693496 - sampling time: 1.1901626586914062
18334: Sampled 10 with 16824272399593710 - sampling time: 1.140749454498291
18335: Sampled 10 with 39176997191173155 - sampling time: 1.0334656238555908
18336: Sampled 10 with 54512729203457962 - sampling time: 1.1710662841796875
18338: Sampled 10 with 68413274578255408 - sampling time: 1.203174352645874
18344: Sampled 11 with 137828549109800769 - sampling time: 1.0694336891174316
18341: Sampled 10 with 101189089970831133 - sampling time: 1.2800731658935547
18342: Sampled 11 with 119833484782671286 - sampling time: 1.1526315212249756
18334: Sampled 11 with 21948902157048866 - sampling time: 1.0565121173858643
18335: Sampled 11 with 39844629780535048 - sampling time: 1.1241798400878906
18338: Sampled 11 with 68459638777135627 - sampling time: 0.985262393951416
18336: Sampled 11 with 56749139225609456 - sampling time: 1.189697504043579
18344: Sampled 12 with 142491857302004771 - sampling time: 1.1167693138122559
18342: Sampled 12 with 122736672271497898 - sampling time: 1.0812957286834717
18341: Sampled 11 with 101468848383090105 - sampling time: 1.1833417415618896
18334: Sampled 12 with 23683412995913935 - sampling time: 1.0913071632385254
18335: Sampled 12 with 40224377457343858 - sampling time: 1.1463415622711182
18338: Sampled 12 with 68603188752373963 - sampling time: 0.9716691970825195
18336: Sampled 12 with 57038064224481947 - sampling time: 1.197035312652588
18344: Sampled 13 with 144437852772326059 - sampling time: 1.1698806285858154
18341: Sampled 12 with 105859494823188296 - sampling time: 1.1310462951660156
18342: Sampled 13 with 122793491109727484 - sampling time: 1.1815588474273682
18334: Sampled 13 with 24936876352825763 - sampling time: 1.2386081218719482
18335: Sampled 13 with 40994521627841874 - sampling time: 1.1821091175079346
18338: Sampled 13 with 69455633824487425 - sampling time: 1.018042802810669
18336: Sampled 13 with 59633189060692312 - sampling time: 0.9950551986694336
18342: Sampled 14 with 123826814162420082 - sampling time: 0.9164085388183594
18341: Sampled 13 with 106026701317726214 - sampling time: 1.051079511642456
18334: Sampled 14 with 24979403804648354 - sampling time: 0.9928562641143799
18335: Sampled 14 with 42266227917149508 - sampling time: 1.0062947273254395
18338: Sampled 14 with 69677448275551906 - sampling time: 0.912813663482666
18336: Sampled 14 with 59955026997526171 - sampling time: 0.827634334564209
18341: Sampled 14 with 106747527738287117 - sampling time: 0.8578591346740723
--- total time: 15.88066577911377 seconds ---
Output samples created on:  ./Samples/smarch_mp/toybox_97.samples
