Input file:  ./FeatureModel/Trimesh.dimacs
Number of samples:  97
Output directory: ./Samples/smarch_mp
Counting - Total configurations: 239360
Counting time: 0.08012151718139648
5526: Sampled 1 with 207611 - sampling time: 0.06177377700805664
5517: Sampled 1 with 72418 - sampling time: 0.0782616138458252
5515: Sampled 1 with 1291 - sampling time: 0.10649776458740234
5521: Sampled 1 with 151142 - sampling time: 0.10595965385437012
5526: Sampled 2 with 210002 - sampling time: 0.06925678253173828
5520: Sampled 1 with 113479 - sampling time: 0.13971996307373047
5516: Sampled 1 with 22367 - sampling time: 0.15709495544433594
5517: Sampled 2 with 74678 - sampling time: 0.09574460983276367
5523: Sampled 1 with 180619 - sampling time: 0.1741349697113037
5521: Sampled 2 with 151947 - sampling time: 0.12523841857910156
5526: Sampled 3 with 211406 - sampling time: 0.1267547607421875
5520: Sampled 2 with 115227 - sampling time: 0.12738680839538574
5517: Sampled 3 with 75380 - sampling time: 0.09527850151062012
5516: Sampled 2 with 23815 - sampling time: 0.12401700019836426
5515: Sampled 2 with 5554 - sampling time: 0.20013713836669922
5523: Sampled 2 with 181739 - sampling time: 0.17923188209533691
5517: Sampled 4 with 75695 - sampling time: 0.09115958213806152
5521: Sampled 3 with 152023 - sampling time: 0.1288008689880371
5526: Sampled 4 with 212132 - sampling time: 0.12693381309509277
5520: Sampled 3 with 117937 - sampling time: 0.13968157768249512
5517: Sampled 5 with 79985 - sampling time: 0.05281400680541992
5516: Sampled 3 with 26350 - sampling time: 0.14679622650146484
5515: Sampled 3 with 7287 - sampling time: 0.17177867889404297
5517: Sampled 6 with 89637 - sampling time: 0.06511664390563965
5521: Sampled 4 with 152229 - sampling time: 0.1252884864807129
5526: Sampled 5 with 212176 - sampling time: 0.12260699272155762
5523: Sampled 3 with 182704 - sampling time: 0.1652538776397705
5517: Sampled 7 with 92447 - sampling time: 0.0677790641784668
5520: Sampled 4 with 123677 - sampling time: 0.16335463523864746
5517: Sampled 8 with 94001 - sampling time: 0.051439762115478516
5516: Sampled 4 with 31130 - sampling time: 0.2019195556640625
5517: Sampled 9 with 94363 - sampling time: 0.0535733699798584
5526: Sampled 6 with 213585 - sampling time: 0.1433718204498291
5515: Sampled 4 with 10029 - sampling time: 0.18396210670471191
5523: Sampled 4 with 183663 - sampling time: 0.14416265487670898
5521: Sampled 5 with 155868 - sampling time: 0.18275141716003418
5517: Sampled 10 with 95446 - sampling time: 0.055431365966796875
5523: Sampled 5 with 184328 - sampling time: 0.07729196548461914
5520: Sampled 5 with 124510 - sampling time: 0.17166447639465332
5526: Sampled 7 with 217483 - sampling time: 0.12260150909423828
5517: Sampled 11 with 100730 - sampling time: 0.0944521427154541
5516: Sampled 5 with 38470 - sampling time: 0.18181395530700684
5526: Sampled 8 with 224877 - sampling time: 0.058463096618652344
5515: Sampled 5 with 11617 - sampling time: 0.1838979721069336
5521: Sampled 6 with 158933 - sampling time: 0.17945241928100586
5523: Sampled 6 with 185141 - sampling time: 0.11159133911132812
5517: Sampled 12 with 101454 - sampling time: 0.07049775123596191
5526: Sampled 9 with 225825 - sampling time: 0.038866519927978516
5520: Sampled 6 with 124908 - sampling time: 0.14634132385253906
5526: Sampled 10 with 227620 - sampling time: 0.08484172821044922
5523: Sampled 7 with 186084 - sampling time: 0.11236429214477539
5516: Sampled 6 with 40065 - sampling time: 0.16781282424926758
5517: Sampled 13 with 106095 - sampling time: 0.11806201934814453
5526: Sampled 11 with 230524 - sampling time: 0.04351687431335449
5520: Sampled 7 with 125502 - sampling time: 0.11428594589233398
5515: Sampled 6 with 12331 - sampling time: 0.16486501693725586
5521: Sampled 7 with 161572 - sampling time: 0.17695999145507812
5516: Sampled 7 with 49188 - sampling time: 0.09344148635864258
5526: Sampled 12 with 232456 - sampling time: 0.104766845703125
5516: Sampled 8 with 52166 - sampling time: 0.04319453239440918
5517: Sampled 14 with 107043 - sampling time: 0.13080692291259766
5520: Sampled 8 with 129533 - sampling time: 0.12986159324645996
5523: Sampled 8 with 186215 - sampling time: 0.18355798721313477
5515: Sampled 7 with 13830 - sampling time: 0.17011332511901855
5526: Sampled 13 with 235897 - sampling time: 0.07731199264526367
5516: Sampled 9 with 53066 - sampling time: 0.07367134094238281
5521: Sampled 8 with 164597 - sampling time: 0.16959547996520996
5516: Sampled 10 with 55962 - sampling time: 0.051901817321777344
5523: Sampled 9 with 188141 - sampling time: 0.12818121910095215
5520: Sampled 9 with 139103 - sampling time: 0.14509105682373047
5516: Sampled 11 with 56055 - sampling time: 0.044886112213134766
5515: Sampled 8 with 13970 - sampling time: 0.14397788047790527
5521: Sampled 9 with 164664 - sampling time: 0.13945627212524414
5516: Sampled 12 with 61471 - sampling time: 0.09506440162658691
5520: Sampled 10 with 140190 - sampling time: 0.13959288597106934
5523: Sampled 10 with 194544 - sampling time: 0.1450514793395996
5521: Sampled 10 with 170497 - sampling time: 0.10975217819213867
5516: Sampled 13 with 62011 - sampling time: 0.0720522403717041
5515: Sampled 9 with 16807 - sampling time: 0.13884568214416504
5516: Sampled 14 with 66333 - sampling time: 0.07878327369689941
5520: Sampled 11 with 141925 - sampling time: 0.13737797737121582
5523: Sampled 11 with 195494 - sampling time: 0.13898754119873047
5521: Sampled 11 with 173664 - sampling time: 0.1363229751586914
5515: Sampled 10 with 17545 - sampling time: 0.13898134231567383
5515: Sampled 11 with 18006 - sampling time: 0.06263208389282227
5520: Sampled 12 with 150336 - sampling time: 0.12228274345397949
5523: Sampled 12 with 195495 - sampling time: 0.128309965133667
5521: Sampled 12 with 173788 - sampling time: 0.12733960151672363
5515: Sampled 12 with 20616 - sampling time: 0.07580804824829102
5520: Sampled 13 with 150490 - sampling time: 0.09073519706726074
5523: Sampled 13 with 200325 - sampling time: 0.12595152854919434
5521: Sampled 13 with 173925 - sampling time: 0.1319282054901123
5515: Sampled 13 with 21316 - sampling time: 0.10726499557495117
5520: Sampled 14 with 150631 - sampling time: 0.08838152885437012
5523: Sampled 14 with 201059 - sampling time: 0.1158134937286377
5515: Sampled 14 with 22295 - sampling time: 0.10088539123535156
5521: Sampled 14 with 175992 - sampling time: 0.11385989189147949
--- total time: 2.0501272678375244 seconds ---
Output samples created on:  ./Samples/smarch_mp/Trimesh_97.samples

real	0m2.116s
user	0m7.514s
sys	0m3.723s
