Input file:  ./FeatureModel/uClibc-ng_1_0_29.dimacs
Number of samples:  97
Output directory: ./Samples/smarch_mp
Counting - Total configurations: 8027944014617489543924213817393807360
Counting time: 0.1060783863067627
889: Sampled 1 with 4118140401512640880349849785901532111 - sampling time: 1.488640308380127
885: Sampled 1 with 22560441735423388355270953414582598 - sampling time: 1.5801119804382324
892: Sampled 1 with 5875404921024514127289530716762291678 - sampling time: 1.617508888244629
886: Sampled 1 with 2013350244549213542211543459038329899 - sampling time: 1.6369023323059082
894: Sampled 1 with 7032489289280894392364271008881154968 - sampling time: 1.6427597999572754
890: Sampled 1 with 4844761544772011586181018268313451460 - sampling time: 1.6588492393493652
887: Sampled 1 with 3484836300041914215218687031463955331 - sampling time: 1.747718095779419
885: Sampled 2 with 178017717267443083385822839006099815 - sampling time: 1.5637452602386475
889: Sampled 2 with 4135107439492282346835640472030810809 - sampling time: 1.6637685298919678
890: Sampled 2 with 4855399294860999705711759155934621737 - sampling time: 1.575371265411377
892: Sampled 2 with 5975470714791340254252314789752839943 - sampling time: 1.6254549026489258
894: Sampled 2 with 7036882344065128838177896178594863879 - sampling time: 1.5969197750091553
886: Sampled 2 with 2024899789872482243849452885951269887 - sampling time: 1.6158819198608398
887: Sampled 2 with 3490593495771375889654936068146389953 - sampling time: 1.6112494468688965
890: Sampled 3 with 5021507226173542874324708716176884822 - sampling time: 1.5205457210540771
894: Sampled 3 with 7105299341859990565629521481007560809 - sampling time: 1.51316499710083
885: Sampled 3 with 242437424823735351518709219595537061 - sampling time: 1.6257243156433105
892: Sampled 3 with 6128470931188971772649408063467176478 - sampling time: 1.532693862915039
886: Sampled 3 with 2036221105017206717867110021283881214 - sampling time: 1.5880792140960693
889: Sampled 3 with 4136677268458497362235626853726544064 - sampling time: 1.7219278812408447
887: Sampled 3 with 3608349692973587471769918458745762195 - sampling time: 1.710306167602539
894: Sampled 4 with 7239292337268353151319965140476893759 - sampling time: 1.5180094242095947
890: Sampled 4 with 5023797277491239396121247390595178885 - sampling time: 1.527099370956421
885: Sampled 4 with 243421104896780079719364369501188380 - sampling time: 1.5172648429870605
886: Sampled 4 with 2063181697167105395401289910079168037 - sampling time: 1.4855666160583496
892: Sampled 4 with 6135350636020497108627804662406720071 - sampling time: 1.6144351959228516
889: Sampled 4 with 4155314849725293997234354613817306536 - sampling time: 1.6912212371826172
887: Sampled 4 with 3669238880377417060815765289516034897 - sampling time: 1.6226468086242676
894: Sampled 5 with 7294812864773575314661941364288548397 - sampling time: 1.4671337604522705
890: Sampled 5 with 5107690039882548293434313091691127177 - sampling time: 1.5248098373413086
892: Sampled 5 with 6221359561925781928166536323225756223 - sampling time: 1.4771440029144287
885: Sampled 5 with 488800741113186142109285959472894420 - sampling time: 1.6054069995880127
886: Sampled 5 with 2176251545681634237330502281157875509 - sampling time: 1.5917620658874512
889: Sampled 5 with 4155317280136704076783145523857518262 - sampling time: 1.6771042346954346
887: Sampled 5 with 3690431353386518215747643315026039222 - sampling time: 1.625316858291626
894: Sampled 6 with 7308148222752602569697736921738633881 - sampling time: 1.4034969806671143
890: Sampled 6 with 5124892896009014579474715305141213439 - sampling time: 1.4815609455108643
892: Sampled 6 with 6232554141826075180420529027924285165 - sampling time: 1.4639992713928223
886: Sampled 6 with 2206108086303733051998223601344382832 - sampling time: 1.6089019775390625
885: Sampled 6 with 641297330317265843826272027503859596 - sampling time: 1.6987032890319824
889: Sampled 6 with 4352137404240454905636102968223316182 - sampling time: 1.6490678787231445
887: Sampled 6 with 3790869889948847335210097885655913892 - sampling time: 1.6583778858184814
894: Sampled 7 with 7528665196005810605104960926600150197 - sampling time: 1.298654556274414
890: Sampled 7 with 5310509907509190708615764495134195175 - sampling time: 1.4105637073516846
892: Sampled 7 with 6610197403304359253082892443854311402 - sampling time: 1.6299669742584229
886: Sampled 7 with 2443334424710273033848667231433523519 - sampling time: 1.6947665214538574
885: Sampled 7 with 957183104489345181124177712876330722 - sampling time: 1.6419932842254639
889: Sampled 7 with 4355393695998562214022497458628931635 - sampling time: 1.5723302364349365
887: Sampled 7 with 3814601335798069344411752475238431938 - sampling time: 1.5038559436798096
894: Sampled 8 with 7574629711004475798091842342801133609 - sampling time: 1.2824342250823975
890: Sampled 8 with 5461351875985924601737183766383849366 - sampling time: 1.3051607608795166
892: Sampled 8 with 6713539301604905742405082069340686862 - sampling time: 1.6096713542938232
885: Sampled 8 with 1102997477794471953919547487879957466 - sampling time: 1.6008527278900146
886: Sampled 8 with 2452307532008073845649431378400205326 - sampling time: 1.6501755714416504
894: Sampled 9 with 7590001959048921816670992925929631108 - sampling time: 1.1931397914886475
887: Sampled 8 with 3871640634649364300621646310538039321 - sampling time: 1.496903419494629
889: Sampled 8 with 4487021488590556498658257539218003369 - sampling time: 1.6807961463928223
890: Sampled 9 with 5473912206217972739454205929808373493 - sampling time: 1.2624378204345703
894: Sampled 10 with 7604030635457302982077419311235558049 - sampling time: 1.0483367443084717
892: Sampled 9 with 6795933828483067317440259828328637713 - sampling time: 1.5756347179412842
890: Sampled 10 with 5508653141966695911952277405852970459 - sampling time: 1.1242930889129639
885: Sampled 9 with 1266412110753191368422812004644456542 - sampling time: 1.6633267402648926
887: Sampled 9 with 3919159564338245536668692797768112225 - sampling time: 1.536794662475586
889: Sampled 9 with 4565860085498524050724416722498135753 - sampling time: 1.499790906906128
894: Sampled 11 with 7821179996529337138058448488949155461 - sampling time: 1.012967586517334
890: Sampled 11 with 5689046332409532720490588084182968796 - sampling time: 1.0934474468231201
892: Sampled 10 with 6796410200996754414491235796782150491 - sampling time: 1.671675205230713
886: Sampled 9 with 2954694745981673436173618640004923713 - sampling time: 2.973690986633301
894: Sampled 12 with 7827901311438235060759449145386045751 - sampling time: 0.8995368480682373
885: Sampled 10 with 1319243078492461266827334809926096141 - sampling time: 1.5173845291137695
887: Sampled 10 with 3942973162440005397833817380596627609 - sampling time: 1.5466980934143066
889: Sampled 10 with 4623305513168101777657211206420239412 - sampling time: 1.4868741035461426
890: Sampled 12 with 5771576598691933257263335217146665206 - sampling time: 1.0316669940948486
894: Sampled 13 with 7939152805210063140891652716360830593 - sampling time: 1.524679183959961
890: Sampled 13 with 5785560434486339369716693464255185549 - sampling time: 0.8967905044555664
892: Sampled 11 with 6882975080313695442070805778600748036 - sampling time: 1.6317682266235352
889: Sampled 11 with 4652748963413801713566220650648701356 - sampling time: 1.3570525646209717
887: Sampled 11 with 3955729475048248564125006317827646830 - sampling time: 1.482900619506836
885: Sampled 11 with 1403359408817537624060825052491943741 - sampling time: 1.5667474269866943
890: Sampled 14 with 5827859922092401262113253872138414662 - sampling time: 0.8069090843200684
886: Sampled 10 with 3100930328916123635683269180561871698 - sampling time: 2.6910457611083984
889: Sampled 12 with 4738051473999409950735982990158724464 - sampling time: 1.1624765396118164
892: Sampled 12 with 6909904520801636775168842808502960392 - sampling time: 1.417865514755249
885: Sampled 12 with 1408610915518776243973445459154693292 - sampling time: 1.3583459854125977
887: Sampled 12 with 4007009252663763932564937180776277443 - sampling time: 1.4043381214141846
889: Sampled 13 with 4746137144641267198334723753280648016 - sampling time: 1.079296588897705
892: Sampled 13 with 6970051981856571121324014389951864175 - sampling time: 1.3489477634429932
885: Sampled 13 with 1639289349441690277484515986177302747 - sampling time: 1.3171968460083008
887: Sampled 13 with 4023656492831864523765408444997116025 - sampling time: 1.3998801708221436
889: Sampled 14 with 4785579683241770060705099443292651861 - sampling time: 1.0886130332946777
886: Sampled 11 with 3141013594816590175676116245498640405 - sampling time: 2.4218597412109375
892: Sampled 14 with 6985196931497576321668128559098873335 - sampling time: 1.269454002380371
887: Sampled 14 with 4085565269187347574661781903623068820 - sampling time: 1.2853312492370605
885: Sampled 14 with 1803474716129485527003300269211078199 - sampling time: 2.3594160079956055
886: Sampled 12 with 3265325748809643670348867219324796579 - sampling time: 1.84554123878479
886: Sampled 13 with 3387272397399738956532215470012549172 - sampling time: 1.755849838256836
886: Sampled 14 with 3474519647123929150921468628895241660 - sampling time: 1.02638578414917
--- total time: 25.71296191215515 seconds ---
Output samples created on:  ./Samples/smarch_mp/uClibc-ng_1_0_29_97.samples

real	0m25.786s
user	1m39.205s
sys	0m35.313s
