Input file:  ./FeatureModel/uClinux.dimacs
Number of samples:  97
Output directory: ./Samples/smarch_mp
Counting - Total configurations: 16296287810675888690147565507275025288411747149327490005089123594835050398106693649467179008
Counting time: 0.0200650691986084
26755: Sampled 1 with 286818181939915203595772950053202574279194376263531357290008381058426180737502641487550042 - sampling time: 0.0027441978454589844
26756: Sampled 1 with 2756880159103822994386212752877106306834364541944965435192818027338946673072592547955335921 - sampling time: 0.003735065460205078
26757: Sampled 1 with 4781959723101734607450745141891893305585266275456768848363612265189341006533952649816090938 - sampling time: 0.003740072250366211
26755: Sampled 2 with 379467034466427953497516215247252406668901538870902783680495349668860756175391077203658832 - sampling time: 0.0017807483673095703
26759: Sampled 1 with 9562292069090721427113058839639353200856468127291107381296134335513590248194440585218427613 - sampling time: 0.0045015811920166016
26766: Sampled 1 with 15038700723063865962182019232970273448260455147049474750948112103670715022500176008191002846 - sampling time: 0.0037424564361572266
26764: Sampled 1 with 13435109609140995300026690597974455135851553810129320612559123355962458154499218942938403891 - sampling time: 0.004190921783447266
26756: Sampled 2 with 2767587701686081226449333250132345576483763698743208203859024832037714417319971086898064484 - sampling time: 0.001999378204345703
26755: Sampled 3 with 472975772241577753769859118971056504696185905000241438573311350838169220172199752064167869 - sampling time: 0.0017826557159423828
26761: Sampled 1 with 10944994227869967287453854290993208725948608924602487107936030056900566233200278939978004519 - sampling time: 0.005630016326904297
26757: Sampled 2 with 5262378239426968757067046823834051695351479359911312588364496370128506516676299820052326148 - sampling time: 0.0028297901153564453
26756: Sampled 3 with 2795141073875480129714477697344184618546998102875801185872109400787654882257771452181831920 - sampling time: 0.0011849403381347656
26764: Sampled 2 with 13507565390316524524271168689142970808876761486413948830696691759981606026205857064382039674 - sampling time: 0.001537322998046875
26759: Sampled 2 with 9652070591394393085903079214866800863445062247972747932469335513125477166070911252100339221 - sampling time: 0.0024750232696533203
26766: Sampled 2 with 15048770264311692399198923207482730651623902743678930602064828320119964169403296187916814962 - sampling time: 0.002099752426147461
26755: Sampled 4 with 774402854543535432128980318700651191283523831666640065884326948613435482762848356535608122 - sampling time: 0.0016946792602539062
26761: Sampled 2 with 11863443214629647236305382508071887480222557676189178855235608497093824469804612361882888572 - sampling time: 0.0018529891967773438
26759: Sampled 3 with 9682798908326446593593682091611278366717780353399982229490450396771843119531633156021326884 - sampling time: 0.0010368824005126953
26757: Sampled 3 with 5755156694584859766963990472060740905340363646368526531585546192523230817866087496338502551 - sampling time: 0.001817464828491211
26756: Sampled 4 with 3219741065919481443814384711477860189743139414051186939173573221500249350170154050876691317 - sampling time: 0.0017189979553222656
26764: Sampled 3 with 13539323445378800886796015401358472367794823683565912710105894737712515021214461556993317880 - sampling time: 0.0017993450164794922
26766: Sampled 3 with 15195002789630688733238981214711679780541131116197909176080983184450867741992906005632405938 - sampling time: 0.0016989707946777344
26755: Sampled 5 with 990099586864165945307997880065546215165049278332836226974462515487843240716799189416040876 - sampling time: 0.0016906261444091797
26761: Sampled 3 with 11904646136824541715748155191726448749347197655235177557341031525986067870895161769759175533 - sampling time: 0.0016164779663085938
26759: Sampled 4 with 9794170274904385784649235984833855121478328918726451109005395280487568434416104825331538449 - sampling time: 0.0016019344329833984
26756: Sampled 5 with 3221143181846132644254323811901358819830131204459532293150442973945892893598633979370473992 - sampling time: 0.0013651847839355469
26757: Sampled 4 with 6219573238272776871971189069470786014718315874873266737535640922956536759985582753563114137 - sampling time: 0.0016531944274902344
26764: Sampled 4 with 13563310811533453070851960809880730482417499468652573221634696686480745942819748470734905804 - sampling time: 0.0017261505126953125
26766: Sampled 4 with 15290745756226958959817084755676141767260695843799991203295071843556074270276944923577135138 - sampling time: 0.0017020702362060547
26755: Sampled 6 with 1084946320729008130616282245528435908908206577809349816728703309223380528696023663444306605 - sampling time: 0.0016715526580810547
26756: Sampled 6 with 3234985205564912015149948514877679159507226029497581367783050657983611490798380722278682014 - sampling time: 0.0011827945709228516
26761: Sampled 4 with 12067056618598432570739860036370460196114475253879023474909365775322620764551961103159439219 - sampling time: 0.0016584396362304688
26759: Sampled 5 with 9842744932291269218579253224491710635763043644948508309082236068814893357127991078543400154 - sampling time: 0.001682281494140625
26764: Sampled 5 with 14133368112698391144850208350321151527145541916404010842436712530259163496973432332362976157 - sampling time: 0.0012249946594238281
26757: Sampled 5 with 6530406562737048981394700679638115694432764472645733882020191117811033965824099091484361915 - sampling time: 0.001775503158569336
26755: Sampled 7 with 1366282184493587497860176587678193126135167235906114678756524248332991542910156318462564713 - sampling time: 0.0012161731719970703
26766: Sampled 5 with 15353013105366809095539431412800253220407235112726926331189795824068675089402726058478332197 - sampling time: 0.0018796920776367188
26756: Sampled 7 with 3327167397961896779279241619576271074250409849435363419007822642257687033384568578147829659 - sampling time: 0.0016586780548095703
26759: Sampled 6 with 9849242664397581156618148832015568641178409502251335722094986428910443843309761454310825551 - sampling time: 0.0013632774353027344
26761: Sampled 5 with 12167858671358779636181692435300520091670626115100335555676589783876589200039448989020243666 - sampling time: 0.0017154216766357422
26764: Sampled 6 with 14207372316612147243334622116773650644931251847694210130334918031221094659153072625020642785 - sampling time: 0.0016644001007080078
26757: Sampled 6 with 6889276619331261149591909770189365681732986146869318084741903250296781774305205959958749036 - sampling time: 0.001739501953125
26755: Sampled 8 with 1447041408315633819133854164530742816172817793966277082753393907350113345504181700281406257 - sampling time: 0.0016260147094726562
26759: Sampled 7 with 9992023475384618395376588976780709674456116393696589896061945856910016525186033422373746229 - sampling time: 0.0014276504516601562
26766: Sampled 6 with 15486715248120045975863796515690896759643579027024954499002879718790261337474653846752080609 - sampling time: 0.001794576644897461
26756: Sampled 8 with 3650782597722258170016609798842054651174562058060245320650076882365250008058262387870998899 - sampling time: 0.0018253326416015625
26761: Sampled 6 with 12275314521733191079502783125837669556302382680560893941200459827484002902683563361072138852 - sampling time: 0.0017151832580566406
26764: Sampled 7 with 14267327841674647643506749052780775015065052082919424788953025043242048161225991541666652654 - sampling time: 0.0015358924865722656
26755: Sampled 9 with 1470577062246536526548766608271300939301811131606083342259555533374278357049467477242534472 - sampling time: 0.0014278888702392578
26757: Sampled 7 with 7134638510376741724647619653379637387730472654929745802403118913301360141157151773989469161 - sampling time: 0.0016720294952392578
26766: Sampled 7 with 15568580471446977625862597410888211279117565958187405828867431128042831190607789244882044989 - sampling time: 0.0011942386627197266
26759: Sampled 8 with 10041232071182902414205932163672590644056849810257678417744470799939694313630743458552483070 - sampling time: 0.0016894340515136719
26756: Sampled 9 with 3733010027529317164635880479449486354393158100130364520167358032618783451775401518675405918 - sampling time: 0.001737356185913086
26761: Sampled 7 with 12649848783860727551485080698037040619483327918486465995575377539656015881243702927923299492 - sampling time: 0.001735687255859375
26764: Sampled 8 with 14370084779830688418625528241402626851246391966053459236305963145763186775832017862011354731 - sampling time: 0.0015950202941894531
26766: Sampled 8 with 15727428701836100475301812699890654043321342517989724540232475036557919305919547546914995902 - sampling time: 0.001134634017944336
26757: Sampled 8 with 7250750494508073352462661455609269352044331829718545503019004680294920447257082410336503779 - sampling time: 0.0016522407531738281
26755: Sampled 10 with 1625165696108189445011271631899643698888712668715881931752710765400315648196730385358948709 - sampling time: 0.0019378662109375
26759: Sampled 9 with 10052995613032022259335100632320956032389577078326414309370454861652645686905065032691551718 - sampling time: 0.0017392635345458984
26766: Sampled 9 with 15809128652816750358783140952049237145037121752359404012638063476759316221450866477143836689 - sampling time: 0.001131296157836914
26761: Sampled 8 with 12768235417594454486627363537049288008415946495071153632232866976936820448231834453619614029 - sampling time: 0.0015950202941894531
26756: Sampled 10 with 4021796924239293080230520179984873257655552548300683962396497768498921768027876198176884051 - sampling time: 0.0019011497497558594
26764: Sampled 9 with 14594036582088675816953201938669212561072033196305044731533747898099137739933273055472760317 - sampling time: 0.0017483234405517578
26755: Sampled 11 with 1782489312070512975993810851314325302113111026586175021792207592180439212348434700525664606 - sampling time: 0.00136566162109375
26757: Sampled 9 with 8082129474112671953504365428239208054584857555818665793436696208514610817649309226017933613 - sampling time: 0.0017213821411132812
26759: Sampled 10 with 10262087864677241624428508373380045920711866675818639999389929445484146375698571785128554405 - sampling time: 0.0017142295837402344
26755: Sampled 12 with 2312502610327806942127303377269391718571379844496508841961545937010586151790267030695597759 - sampling time: 0.0010890960693359375
26766: Sampled 10 with 15964351328605020138362404095711552792683875031258804250386903932272414086383968356206577543 - sampling time: 0.001827239990234375
26761: Sampled 9 with 12880131099166599367012222026535952194416168736564814468469845476670204473624307838365291675 - sampling time: 0.001814126968383789
26756: Sampled 11 with 4255850765981774494456066043409769917892841402988440902124579752045126382812451935762570221 - sampling time: 0.0017185211181640625
26764: Sampled 10 with 14667739312615372212374116195776729308218537901429999095147637383950149161350358880933036345 - sampling time: 0.0017423629760742188
26757: Sampled 10 with 8401685373183909797907973890808381562942826263543864735905056356127371456047245127787035457 - sampling time: 0.0015728473663330078
26756: Sampled 12 with 4454641858554061177253997299744932988856255841703255761275112760153771912669398028476388215 - sampling time: 0.001051187515258789
26759: Sampled 11 with 10334538013585422076103988657408292907658661953227304122350907307256177808205711707051192124 - sampling time: 0.0017316341400146484
26755: Sampled 13 with 2525098701926185229231516215328301669319475027125810902790987757650132768247393601232775837 - sampling time: 0.0017168521881103516
26766: Sampled 11 with 16042418505636052112718657396920657513307756556590381437356744685207949901974946974159262599 - sampling time: 0.0017447471618652344
26761: Sampled 10 with 12934460167895963043496889753618260066171163412391160835100281600986297930151441085531025689 - sampling time: 0.0017092227935791016
26764: Sampled 11 with 14826964381453594169868933415447714314003529744579925068547221793000958577222496146954367359 - sampling time: 0.0016813278198242188
26757: Sampled 11 with 8439371634498301164469039641801309063355647389563992584820256780603860619895113771509928786 - sampling time: 0.001737356185913086
26759: Sampled 12 with 10404228162789546168364167551121531128715963492590613312744948819320728323007355664070834813 - sampling time: 0.0013995170593261719
26756: Sampled 13 with 4512659054218547292414605006451271527962663291210405099010999005541962339102584941704835161 - sampling time: 0.0016672611236572266
26755: Sampled 14 with 2618404167243203718129294517091925627049249005267590491693627257634571633196484802884563811 - sampling time: 0.0017054080963134766
26766: Sampled 12 with 16122357893950581269950879308141419431164220060133030100579357475740523562277898665360176982 - sampling time: 0.001684427261352539
26764: Sampled 12 with 14854960608470901220166917162476302293594592633875006040846790506377921114350031026742160084 - sampling time: 0.0014090538024902344
26761: Sampled 11 with 12968416048220661448865788193821779253704382569477204000691578206085733751656202703821249661 - sampling time: 0.0018017292022705078
26757: Sampled 12 with 8946917527206874931962445863407883719075780980273706103403657749728324764503088515808817016 - sampling time: 0.0016562938690185547
26759: Sampled 13 with 10475028844798074584704331757604066039746249453888728061397212620564761389095999239691462292 - sampling time: 0.0016760826110839844
26756: Sampled 14 with 4654095270067195910986581967277066030914493551114813463023829545981837650191276795888374232 - sampling time: 0.0018165111541748047
26766: Sampled 13 with 16290454308589044140607143787384254004470488142701940512245474916588250264296954432272918336 - sampling time: 0.0016870498657226562
26764: Sampled 13 with 14991485131497583187582861191786790575994567534196338814341221682899067589497594759174443449 - sampling time: 0.0016474723815917969
26761: Sampled 12 with 13031988825276304794337294423620138721998018541413963695024430360203275913687566998461844676 - sampling time: 0.0031633377075195312
26764: Sampled 14 with 14995903526000679501089312967837177785481560120666210094518616355796533257307479351799509173 - sampling time: 0.0019178390502929688
26757: Sampled 13 with 9279080862057281683026069948275505300279968492257297624422629517932773603482572551253454904 - sampling time: 0.0034911632537841797
26759: Sampled 14 with 10547479605200477596802797216884053346308370149310739513576251114599475970345937472328532119 - sampling time: 0.0030562877655029297
26761: Sampled 13 with 13085199789775581909285452024126743223053380929878246530155632121402668030407126608089838670 - sampling time: 0.001905202865600586
26757: Sampled 14 with 9528815088803790096915679625851493759982196396939547243317352727140808749180443574918137023 - sampling time: 0.0016963481903076172
26761: Sampled 14 with 13137442744684725041759641569590080614653656816229778277858402313394565031857754365429799523 - sampling time: 0.0012712478637695312
--- total time: 0.08340239524841309 seconds ---
Output samples created on:  ./Samples/smarch_mp/uClinux_97.samples

real	0m0.241s
user	0m0.366s
sys	0m0.038s
