Input file:  ./FeatureModel/X264.dimacs
Number of samples:  97
Output directory: ./Samples/smarch_mp
Counting - Total configurations: 1152
Counting time: 0.04340171813964844
21610: Sampled 1 with 172 - sampling time: 0.016958236694335938
21612: Sampled 1 with 346 - sampling time: 0.01701831817626953
21613: Sampled 1 with 452 - sampling time: 0.017339706420898438
21616: Sampled 1 with 567 - sampling time: 0.016685009002685547
21619: Sampled 1 with 726 - sampling time: 0.015334367752075195
21609: Sampled 1 with 8 - sampling time: 0.019414901733398438
21620: Sampled 1 with 951 - sampling time: 0.017159461975097656
21612: Sampled 2 with 349 - sampling time: 0.01079869270324707
21616: Sampled 2 with 570 - sampling time: 0.013593196868896484
21613: Sampled 2 with 462 - sampling time: 0.017317771911621094
21610: Sampled 2 with 201 - sampling time: 0.021261930465698242
21620: Sampled 2 with 964 - sampling time: 0.019026756286621094
21619: Sampled 2 with 737 - sampling time: 0.021038532257080078
21609: Sampled 2 with 12 - sampling time: 0.020964384078979492
21613: Sampled 3 with 466 - sampling time: 0.014684438705444336
21616: Sampled 3 with 597 - sampling time: 0.018736600875854492
21612: Sampled 3 with 359 - sampling time: 0.022596120834350586
21610: Sampled 3 with 213 - sampling time: 0.013947725296020508
21620: Sampled 3 with 973 - sampling time: 0.014976024627685547
21619: Sampled 3 with 742 - sampling time: 0.017129898071289062
21609: Sampled 3 with 19 - sampling time: 0.018613100051879883
21612: Sampled 4 with 364 - sampling time: 0.012116432189941406
21616: Sampled 4 with 605 - sampling time: 0.012800455093383789
21613: Sampled 4 with 468 - sampling time: 0.013528585433959961
21610: Sampled 4 with 229 - sampling time: 0.01416468620300293
21619: Sampled 4 with 744 - sampling time: 0.010383367538452148
21620: Sampled 4 with 990 - sampling time: 0.01627063751220703
21609: Sampled 4 with 33 - sampling time: 0.018091440200805664
21612: Sampled 5 with 378 - sampling time: 0.015895366668701172
21619: Sampled 5 with 767 - sampling time: 0.014115333557128906
21616: Sampled 5 with 608 - sampling time: 0.018739938735961914
21613: Sampled 5 with 484 - sampling time: 0.020215749740600586
21610: Sampled 5 with 245 - sampling time: 0.019792556762695312
21620: Sampled 5 with 1016 - sampling time: 0.01793527603149414
21609: Sampled 5 with 40 - sampling time: 0.01381373405456543
21612: Sampled 6 with 386 - sampling time: 0.01423335075378418
21619: Sampled 6 with 804 - sampling time: 0.017586708068847656
21613: Sampled 6 with 490 - sampling time: 0.01479792594909668
21616: Sampled 6 with 627 - sampling time: 0.017291784286499023
21610: Sampled 6 with 253 - sampling time: 0.015352487564086914
21620: Sampled 6 with 1034 - sampling time: 0.018215656280517578
21609: Sampled 6 with 50 - sampling time: 0.01814889907836914
21612: Sampled 7 with 388 - sampling time: 0.017394542694091797
21616: Sampled 7 with 644 - sampling time: 0.016260147094726562
21610: Sampled 7 with 264 - sampling time: 0.0157470703125
21619: Sampled 7 with 813 - sampling time: 0.01955413818359375
21613: Sampled 7 with 509 - sampling time: 0.02052164077758789
21620: Sampled 7 with 1084 - sampling time: 0.01304316520690918
21609: Sampled 7 with 52 - sampling time: 0.016754865646362305
21612: Sampled 8 with 408 - sampling time: 0.017462730407714844
21619: Sampled 8 with 814 - sampling time: 0.010739564895629883
21610: Sampled 8 with 269 - sampling time: 0.012227058410644531
21613: Sampled 8 with 520 - sampling time: 0.013775110244750977
21620: Sampled 8 with 1086 - sampling time: 0.01731729507446289
21616: Sampled 8 with 648 - sampling time: 0.02160477638244629
21609: Sampled 8 with 64 - sampling time: 0.014031648635864258
21612: Sampled 9 with 416 - sampling time: 0.014530658721923828
21619: Sampled 9 with 857 - sampling time: 0.014650583267211914
21610: Sampled 9 with 284 - sampling time: 0.017223358154296875
21613: Sampled 9 with 546 - sampling time: 0.017557859420776367
21616: Sampled 9 with 654 - sampling time: 0.013322591781616211
21620: Sampled 9 with 1111 - sampling time: 0.014108419418334961
21609: Sampled 9 with 65 - sampling time: 0.014556884765625
21619: Sampled 10 with 886 - sampling time: 0.014175653457641602
21612: Sampled 10 with 421 - sampling time: 0.017576932907104492
21610: Sampled 10 with 296 - sampling time: 0.014534950256347656
21613: Sampled 10 with 551 - sampling time: 0.012289285659790039
21616: Sampled 10 with 660 - sampling time: 0.013069629669189453
21609: Sampled 10 with 77 - sampling time: 0.015803813934326172
21620: Sampled 10 with 1112 - sampling time: 0.018298625946044922
21619: Sampled 11 with 897 - sampling time: 0.01347661018371582
21612: Sampled 11 with 424 - sampling time: 0.01360940933227539
21610: Sampled 11 with 309 - sampling time: 0.01584911346435547
21616: Sampled 11 with 679 - sampling time: 0.016277074813842773
21613: Sampled 11 with 553 - sampling time: 0.017608642578125
21609: Sampled 11 with 86 - sampling time: 0.015030622482299805
21612: Sampled 12 with 427 - sampling time: 0.013153314590454102
21610: Sampled 12 with 310 - sampling time: 0.013281106948852539
21620: Sampled 11 with 1141 - sampling time: 0.021988630294799805
21619: Sampled 12 with 898 - sampling time: 0.02032637596130371
21616: Sampled 12 with 705 - sampling time: 0.015037059783935547
21609: Sampled 12 with 97 - sampling time: 0.01687479019165039
21613: Sampled 12 with 556 - sampling time: 0.02246832847595215
21610: Sampled 13 with 322 - sampling time: 0.015274286270141602
21612: Sampled 13 with 445 - sampling time: 0.01921844482421875
21619: Sampled 13 with 914 - sampling time: 0.014899969100952148
21620: Sampled 12 with 1148 - sampling time: 0.015532255172729492
21609: Sampled 13 with 138 - sampling time: 0.015857934951782227
21613: Sampled 13 with 560 - sampling time: 0.015503883361816406
21619: Sampled 14 with 918 - sampling time: 0.012929677963256836
21616: Sampled 13 with 712 - sampling time: 0.025104284286499023
21612: Sampled 14 with 450 - sampling time: 0.014721393585205078
21620: Sampled 13 with 1151 - sampling time: 0.018963336944580078
21610: Sampled 14 with 337 - sampling time: 0.020511865615844727
21613: Sampled 14 with 562 - sampling time: 0.010982751846313477
21609: Sampled 14 with 149 - sampling time: 0.012360572814941406
21616: Sampled 14 with 714 - sampling time: 0.011572122573852539
--- total time: 0.28978562355041504 seconds ---
Output samples created on:  ./Samples/smarch_mp/X264_97.samples

real	0m0.337s
user	0m1.031s
sys	0m0.474s
