Input file:  ./FeatureModel/XSEngine.dimacs
Number of samples:  97
Output directory: ./Samples/smarch_mp
Counting - Total configurations: 20465746440382087936529912643590977513970082939999139929055557568916492561530302110679412575402722502373941138017801081294493092560800
25197: Sampled 1 with 50195551667147387918305581020407959166042870665210645911578143853913275755550364286350245635787325330367123091980428945324929487742 - sampling time: 13.647077798843384
25197: Sampled 2 with 349490235464025246639706520471566756275694154723794498079271219475865411488461733793019650292160772598849580080522854479948131841586 - sampling time: 17.8556866645813
25197: Sampled 3 with 847084519940422695309523714493288601629178472575533628856726287472687745251223328844366524575203919584811241507094496124265222062439 - sampling time: 13.663329362869263
25197: Sampled 4 with 2223473180962778521772473761397437191921574601652452441092369075662562726005666366949782479495639013961558044442560310469396760809886 - sampling time: 23.269617080688477
25197: Sampled 5 with 2547137365260366016285884819649711693577272707215808954900277969389625536600169584834557834695993273901121084101574636543441209362508 - sampling time: 17.871886491775513
25197: Sampled 6 with 3078532985417725038190328231702718907286220218753729940612176756166206342592587270189780095049348968586947484082393400749346449316203 - sampling time: 23.73824191093445
25197: Sampled 7 with 3360293867809891150571530656560329959872488296375133455979252356872379439382887685787944276068930363546858591367664388066288059204004 - sampling time: 12.800655841827393
25197: Sampled 8 with 3370376825965925960220408345335228790821930794173756766737804843492722440558113265847203024233342850520165431883607504933517352819181 - sampling time: 10.788387537002563
25197: Sampled 9 with 3553310954735673136559035119950853040831520051538543395470580220451625714250003939073458810747595627915410212019517517223395270319837 - sampling time: 11.142633438110352
25197: Sampled 10 with 3605221315465640693650749839631661837444413265757576067623693784004041399194767145628070653944863008626555090885454900282896630366816 - sampling time: 11.09994912147522
25197: Sampled 11 with 3817191622310063560511270363760187770376817195719476999920206069691788270289224406745273197900015979421109261736720989508639219029418 - sampling time: 17.644944190979004
25197: Sampled 12 with 4057124909839349672718065670322241495074793224374923631005807464852066031177045081473956381239260774169023139960556170795323304750384 - sampling time: 19.456939458847046
25197: Sampled 13 with 4210613273484164906389543735499407510517829131668476620375705213666978957944092922300042754519542128965705534316007663141593304080588 - sampling time: 18.624433517456055
25197: Sampled 14 with 4211753481083510004604318988734886393558989606083936427618794772682854280346509307501572777518461469935283016014504031458302858318021 - sampling time: 17.082618713378906
25199: Sampled 1 with 6358841513980121998342687972430237465173153341439768737544504969986315973173418374728491281804781396532311507593181443076638439345229 - sampling time: 16.580243825912476
25199: Sampled 2 with 6567870945293802430970441402979736155087483773352685305368945706592090656907278977174525410005131346316470279902631969043465579942621 - sampling time: 22.016576766967773
25199: Sampled 3 with 6622982863160885067208461153013096015452714112747078792015667998167711901483562139057171509699010586169345863192987145489280931604142 - sampling time: 21.755586624145508
25199: Sampled 4 with 6902787391455767973314573772207150965358230270772090124444668611045137928947093891429759499991547052917945820799749748325901353700626 - sampling time: 13.155701637268066
25199: Sampled 5 with 6926441319260322750686787161454446880174263095668556970926935606237141150700735082862119804949428693148604805317170329723121196740531 - sampling time: 9.555542469024658
25199: Sampled 6 with 7236966158454181805219642748411733133379961887791159717701665758788901163436307211866468076412795178466585725550213145112376893773032 - sampling time: 10.961740255355835
25199: Sampled 7 with 7812499053865600743464022352288564349348590374613672985708971607209487998873703062749418981409015824947143285014669753427337490255454 - sampling time: 11.081786394119263
25199: Sampled 8 with 7946783317420667675081676015850594302574351679963859408885736396755004323011016765588297354547664667930426784069278462621657388040339 - sampling time: 18.078304767608643
25199: Sampled 9 with 8366756213777988080701752716781199099942449748642099758026118940548947953527937239532175802993857636008412804065615571960045473579785 - sampling time: 16.380553483963013
25199: Sampled 10 with 8629801024155711684234028377833266754854379504406516211670326281198881221660082693447108520511506918961819935522185481255660365259062 - sampling time: 17.34554123878479
25199: Sampled 11 with 8659812838062908884653091702137015868945967982839223404168074353635681415200693233270501256432032819329349916637414933422702560016010 - sampling time: 17.206206798553467
25199: Sampled 12 with 8853003552683907063362513861813791935266752664474338276023057763597213695538981421570546135945400942635121078013305457951784694038201 - sampling time: 19.1486074924469
25199: Sampled 13 with 9034708414915875418465362634781747112124726037152053939671255072753383306761631667301647258618609012583182925123851748426456356113182 - sampling time: 18.53418517112732
25199: Sampled 14 with 9116767923733494056813634650207000808450859580636506267043216289533658360120241036310043832771545533023009955799006846139204369888213 - sampling time: 18.013031005859375
25205: Sampled 1 with 14004617807354649727042320016892473590476292100064186122531653451259012203400185666254072476639390374849296512253033045446426147575035 - sampling time: 12.72672414779663
25205: Sampled 2 with 14338757762145361147830312362174895564874599282379329161865808202155189609927303136312962935982952197634533929774963036593511778892676 - sampling time: 18.039153814315796
25205: Sampled 3 with 14713794171157015131383927393945876447947962768900996090285478633251658800376112117784186353557499068514328810018049968603590924565603 - sampling time: 16.286837816238403
25205: Sampled 4 with 14966831687900535649545130750908284110053333270939076260338135135883441294892971643197644802554106441004209428859533091108223183064182 - sampling time: 18.65157699584961
25205: Sampled 5 with 15122021417003921555293595719217801735980455810974120954628175664318944496235807982111700712832084992573762064002307315336705237062987 - sampling time: 17.266294956207275
25205: Sampled 6 with 15155964968407100558199656136973071715624224212772828192578781986071490979249636270175299958839300225438183074631202005565505489389693 - sampling time: 17.575319528579712
25205: Sampled 7 with 16175196732494007926123365791492955647664012364036703996992707270739810266143655419397377494415912553365362394183439797951800033264025 - sampling time: 24.18117046356201
25205: Sampled 8 with 16220035874983718922197504550076080533888257286488483239390143988490891765760095192204064532315622092131697969727207371379592494279927 - sampling time: 22.763174057006836
25205: Sampled 9 with 16326186408783851158561107821908928809987340391212318795022667240567401403000888311724824329485794938577069024852286580818566439700198 - sampling time: 18.4368999004364
25205: Sampled 10 with 16453701887694095407156040577772944815823733428452599063778561722278663217212498770459399230502893038187085510894211950085122419055759 - sampling time: 17.72685980796814
25205: Sampled 11 with 16586858868461283240895826346014366352247515291191678411530725607521750838684160981016138707672937275926555368664192464278084536117588 - sampling time: 16.985352277755737
25205: Sampled 12 with 16837176814747017479363739815738864717733139002314348193955217963752596260682210934371945346488749843795648787320368723526304832729420 - sampling time: 18.792280435562134
25205: Sampled 13 with 16985736840290236318880069540768392417543772599158769302328044240687665957357711738402440221357095297387804887130309895426790318390659 - sampling time: 16.769219398498535
25205: Sampled 14 with 17763818402639635725669044117157007902655183006750279144551720459051415925395511092680451415304809058592786519971826480490983867167758 - sampling time: 10.36842942237854
25208: Sampled 1 with 18012017260756111932515809815943159269090596696457778223727907421391921216585222939844771281235545843283515727093471355720802730714886 - sampling time: 12.376254558563232
25208: Sampled 2 with 18070818936199270221593969749182652144757594785585403920424064285203416697590072507062787019577394944756474225738051564955002535938601 - sampling time: 18.303932666778564
25208: Sampled 3 with 18071006378727194136612491909915230592537601655896680453923151582444730427852588023277710544945485935362404828024089109901040843745419 - sampling time: 16.41337013244629
25208: Sampled 4 with 18509161400009515944437529547632207339614123553181668626266520192208029265737048731770643166288652732987102345273148510441901994112961 - sampling time: 23.48235535621643
25208: Sampled 5 with 18612842194106436302387508041244953855783444655382668026092325012942520177762466264194237145617548183959125098827401692935972288459251 - sampling time: 22.157888412475586
25208: Sampled 6 with 18879998150035513031769479876992632574415309888507589933928908941908372768802580420347795321366397301881268739006844507852535284905006 - sampling time: 12.201009035110474
25208: Sampled 7 with 19051834676083490986879678626130093927310648198246687814530991512516447345570082055937058579883173414272802929301233251170092715627650 - sampling time: 24.010807991027832
25208: Sampled 8 with 19410851764437319099686571551880079749978920786904735291113063195264944235127214442637401927319944265025304745178132553442921888356413 - sampling time: 25.301838636398315
25208: Sampled 9 with 19556327188411498937365170956039811103693163404003862354339743490968456028378168683982606849024124251103597430455194352521839724889468 - sampling time: 21.209108591079712
25208: Sampled 10 with 19829207130291162091065274464533907235103212915291998309198422989199686151113226028266056371701022650359933239681292345408105418511710 - sampling time: 21.16977834701538
25208: Sampled 11 with 19926893192204680691633272067344954540583896483027536692709330097959726988539656421217536603604824407843214890382553425820325269109574 - sampling time: 19.028998374938965
25208: Sampled 12 with 19942081076135378211133022711003504339507003956611452875972104749811290506853751214603117129955731575699114281667457705670725260478729 - sampling time: 18.399975061416626
25208: Sampled 13 with 20161233038458987804354351053468568808210771576432190613436349117032538090170475258673840375560222303495529630070915926893869057992800 - sampling time: 15.46915316581726
25198: Sampled 1 with 4346315067846452656094674129590387793540460058534538028366474524623046384501871397794203083810062544960237002560612281886636112154192 - sampling time: 22.684808492660522
25198: Sampled 2 with 4821705525380044768005665062632976445225737603362758708670810190087841635359912075723509878264376486211374563149100595239654028498847 - sampling time: 19.963546752929688
25198: Sampled 3 with 5045266969939204381895202342319351846397457894019224660239834683068074354041883134934293368741411493305274825153640284900470491525082 - sampling time: 19.251620054244995
25198: Sampled 4 with 5154301638273641987491545179967650792995616004585544856147875982295769488690388674281194679006167281763270322651037395092800853212999 - sampling time: 11.906137466430664
25198: Sampled 5 with 5362293947499771364334030546472881936069465734437985454286668912518557397402718930673749421418424579582661045223468679059366367753747 - sampling time: 18.24349045753479
25198: Sampled 6 with 5365994721496757496282849479273849533180707532918209561432860958588184096872834237272111013586347434065105913691857963751328475405285 - sampling time: 16.293261528015137
25198: Sampled 7 with 5435780769090765948274452635737537822855904236679957371034985706307203172892246051333461115299019253145836097250933358416732699781868 - sampling time: 17.58239769935608
25198: Sampled 8 with 5447559496815021465857301492027421330661063552068794750750892450797292330571976587718593626858447526183877976430789922030829160115095 - sampling time: 18.40480399131775
25198: Sampled 9 with 5562025212107790033651538557542239146092588375408848150879220946893154242863053541057344858770123594286885689638262200078640180433138 - sampling time: 18.49892807006836
25198: Sampled 10 with 5703288319309326058968406402470801648434114324333399050146989987845755779096647339851931015366087992991562285789289817925337045218448 - sampling time: 22.4162757396698
25198: Sampled 11 with 5927971887745020128245207441663796321553464444821335565100223109978833674782849059678819189388038358738526090657113277258845494442111 - sampling time: 17.973739624023438
25198: Sampled 12 with 6098146394723904420415967468733651508235518425733106756558719471073613336288583923810532679749654491956835498773484697894948567736581 - sampling time: 19.186750650405884
25198: Sampled 13 with 6209906495034963537422776247681647298326224732155943913386864385655112449805895863231205754618543569955636203454127226261223430656373 - sampling time: 17.87101697921753
25198: Sampled 14 with 6224369149660652870418820123584188159830735031007842641730807092349235220728040351491534085577639879552233400710718539281923747250005 - sampling time: 15.083327054977417
25201: Sampled 1 with 9642405972476858135832103872609050486316586765914116638219582286122811727335399935849870020411283858114523112195652996745176164612136 - sampling time: 19.982206106185913
25201: Sampled 2 with 9836376353891036637692156506015252717586105169605936060185043954976004140982082144314235691533602314398322989323306149702351787524060 - sampling time: 18.27083921432495
25201: Sampled 3 with 9850455095519516113425639183844603263187356389758535149571794915305449720610302785455373457835008086859043399593389006110756254285496 - sampling time: 16.24118161201477
25201: Sampled 4 with 9854615192634948291558298753968162890909761706339304797430313560615030069185918335172704782690820206713821875579029094523860376705944 - sampling time: 18.059587478637695
25201: Sampled 5 with 9887718348811965137479397025175186514205570095443029633356162267766076926704295241403734400875290430130928063370738296980839318029773 - sampling time: 17.257389307022095
25201: Sampled 6 with 10052810273239428458881167118838210413817207055014006884349768641171388879003030203562684588192627831826459111763782726116113002817447 - sampling time: 17.099733114242554
25201: Sampled 7 with 10099702536606961176867354638051554712607444858540878678736963544171574988523241863285515001932554065523594084254496381617221394791268 - sampling time: 17.17510986328125
25201: Sampled 8 with 10145096125695932953255266729322128319742496762835894497541830054222208438362775425255033669855115176174365841078327357805219384106691 - sampling time: 16.586076259613037
25201: Sampled 9 with 10446208790645548691553156824534406123858340999124068920024161112013273710478008319176479105670237427494099078409169980487334141413910 - sampling time: 17.828546047210693
25201: Sampled 10 with 10771189427411752535046184187015249934826355751546251212796325740444001491904207178112941376377024827762001780470602492988583579619178 - sampling time: 25.518715620040894
25201: Sampled 11 with 10887944322410781926209970193049229415927893461994140565117580385291025764787320891286242779755947739615539091630035015051012299287300 - sampling time: 18.859735012054443
25201: Sampled 12 with 11182067831605754344112705725912605994190315519147467065423010511686364771015965593238260417665060544488884728496372825502700880658368 - sampling time: 23.772640228271484
25201: Sampled 13 with 11320237343036202214897196042368031195033854453080013315943221931058860200772557469108935553777608416542076623393794530594262612480539 - sampling time: 16.222142934799194
25201: Sampled 14 with 11397818473327216135871528324273101507382551380379600326871231907068211502638286881845768985427525399645097937465031650812431121242060 - sampling time: 13.440120220184326
25204: Sampled 1 with 11506757609670665633692249020028260380452746567747043541555495793283753574092076544773434335639811152315441000662856071548789899328718 - sampling time: 20.963175296783447
25204: Sampled 2 with 11754773297439754313878639791449635040482004571703873867832493612956365266593881549375120003371537316478735477750267696754092167787796 - sampling time: 17.73090624809265
25204: Sampled 3 with 12430499250244670239944003012782223632711556542061859875833730756387792763543010309136070383772723839020277864246788945383745797937152 - sampling time: 19.337211847305298
25204: Sampled 4 with 12501960873889698767225735123822468782108691506176885167530101865944259237062386832604842896976701889103547833811590729081032070860504 - sampling time: 17.899548292160034
25204: Sampled 5 with 12516008495384680181361655550600831628895952472233773430415423140691332717859974756917728435381894662662377180170574271114247484390697 - sampling time: 16.711181640625
25204: Sampled 6 with 12652546112637692171120211176388816980123356841690667122748955260842231916815806142219075202514957396368795145212007274080913331012583 - sampling time: 21.924527168273926
25204: Sampled 7 with 12656611708613022911601335314553829133469721540690296609326179793005090084491868498317543453424835555207773278123041313939648885105687 - sampling time: 22.082648515701294
25204: Sampled 8 with 12731115238136808949937445192466180153566969105496311647171714548857058625284355668951002941108336145277828961566568068658501246304354 - sampling time: 21.680777549743652
25204: Sampled 9 with 13057858737070245469678882279354649793938606804291675882357991394413888529263085380964580007527969950291324273412195523668085818758066 - sampling time: 18.365735292434692
25204: Sampled 10 with 13278655852619363994491668161094463322134992191125351237655218465053285463659766403892666823169768333540633882507540545827811120207437 - sampling time: 19.03957176208496
25204: Sampled 11 with 13293471651634461160570995448983731335062476024265571393547514809954156146628101614884428909053877441750145516834635268626858109948363 - sampling time: 17.396705627441406
25204: Sampled 12 with 13421975936223379825455501524233364546885679388574064134374781188506366752489476146946932212325314192240251173348388887144870377885179 - sampling time: 17.95493984222412
25204: Sampled 13 with 13680308019922129348280018746482835070174771528138616759499413684498497884390530336516383018183884794974223713551663765758826857236564 - sampling time: 10.885348081588745
25204: Sampled 14 with 13833533026813498927198810036869655532494392264195635418860818067222074488232586696373482244647554966137866162444644955460904059393225 - sampling time: 16.740535736083984
--- total time: 268.5735833644867 seconds ---
Output samples created on:  ./Samples/smarch_mp/XSEngine_97.samples

real	4m28.678s
user	23m43.224s
sys	4m22.127s
