Input file:  ./FeatureModel/adderII.dimacs
Number of samples:  97
Output directory: ./Samples/smarch_basic/smarch
Counting - Total configurations: 357233331438474273590626824681565857027641819540954698027428669566207833086768331792060153109444189191294237070396678187982800
Sampling 1 with 337936200809655286782894507141530045529289264479155994665974906755749534298040647217766975839352208148249206083070742407876882 - sampling time: 59.74814796447754
Sampling 2 with 149416870919900148947299323278591815789758103190247350826426075926782743936303095823504577862447366674954963475933085622199438 - sampling time: 61.01841402053833
Sampling 3 with 264991735376263577908439502114725586418029370919717883593381119485682056313826281855198871006927580464294226748188380070165497 - sampling time: 60.834763288497925
Sampling 4 with 236869331655862828567652630682873997803747757508876046133104820330321047997374109162512557175674968627806342316233981824498286 - sampling time: 59.09741187095642
Sampling 5 with 270450394244767051062068832889999443899886909300510526673800924496436012164722760831727733021187924371117422279139578956857762 - sampling time: 60.76402020454407
Sampling 6 with 272664827271918265308005165257274976279786977258318335694165358156823550795232092588559350969970451282344098990637841019263348 - sampling time: 61.79481482505798
Sampling 7 with 199581773451618711375715124142058120820567595771445964258008946474837747521936300934018884389334092736680826511088427343426565 - sampling time: 59.03882026672363
Sampling 8 with 81502021540060173919277647868261592690199222593158514167525137121043761738457979277446691101837782356590969939909361620498351 - sampling time: 58.30419135093689
Sampling 9 with 29749317555927040523597104415203824961949958807022678371033552756161301891620089763023687717571849300847085296288994010583647 - sampling time: 58.251683950424194
Sampling 10 with 126721793790086160614737438197485532296097273131156125080100176633799812403604559021381615329673115278374521351050817392942387 - sampling time: 55.731525182724
Sampling 11 with 241650492282034829117366463695703142274723738756461251501245735355786143357547918784268302057508004449916382167991882417635708 - sampling time: 60.002821922302246
Sampling 12 with 298082771973620202380581144628929085470983444128323117215087341250004102528396608978813075570812608969437162167717930358557506 - sampling time: 62.77149415016174
Sampling 13 with 175213447011008712514623989817663237498288600000698722977072332316516476495115006611931258964123552467512471361917985400049710 - sampling time: 57.29798436164856
Sampling 14 with 196545767401841688809190031488648667601883477267497321600497990334475299422895064276576940197976627008887855675005228827005181 - sampling time: 56.66625499725342
Sampling 15 with 80680396764410447594948465094516391015181031185621129886665856354111724717530418428877520543237102927865297726809894627184694 - sampling time: 59.19311332702637
Sampling 16 with 141507442283138518832886332450098726366573205575734108940926111671296910324658389347079647091042221682709026202711417635894928 - sampling time: 62.30623149871826
Sampling 17 with 211271356534768977485796565123836269253347327594218807874857284324270479840374772813585474299740105285283565602009940367019527 - sampling time: 56.355700731277466
Sampling 18 with 60078116050794913958036951002931187576417546645838218216471094840075279512471619614634098990098422837238013319888495304968500 - sampling time: 53.30992817878723
Sampling 19 with 354072295849495120690970608456852611549364727784011685100774637530936644875136762959303239276509174975262078901757516093307039 - sampling time: 64.93600535392761
Sampling 20 with 59467062604207028563571902799133689508279968055941478511870073225831860832025718729611466441625202493025812910119766777243962 - sampling time: 53.341994285583496
Sampling 21 with 90096580561772714949872012851156074703773393558732849290387457631569803470062270973629665029270970602873458618368517506874262 - sampling time: 58.14361381530762
Sampling 22 with 320546415636018221835559036259689191139637051449671800385694081930624062026648710473390194344648258152316683804191289247054834 - sampling time: 59.16179609298706
Sampling 23 with 53109423456916595775643655226052952243358802692478612883244101443868401643636248548543478874569491789716448067770510463199571 - sampling time: 54.103517055511475
Sampling 24 with 100940853017124232788965888784434788076808175505126474422131193627448006635146093381705765485619851583734361133694312202799393 - sampling time: 60.35330605506897
Sampling 25 with 282486124946164203920474253313447826002697240835839029987626624565833420476258461247876678061690267956830303360012381170537930 - sampling time: 58.915931224823
Sampling 26 with 18490986452196324161852365495131055282117888229282974733813662451813262834890050966503089435888845975703032212655831101191488 - sampling time: 54.51974368095398
Sampling 27 with 188373506494741509013636349759011620872334499064653284824169378562303021633886968614441041540676873709712851920959531855707558 - sampling time: 59.111008405685425
Sampling 28 with 50140604012157363437138926922432433091812045470726073215728276672815262852950112629748294798997498758525555140756827497751318 - sampling time: 57.821372747421265
Sampling 29 with 104072118711931873771802323745876220092210812719750804390552407055605419519541072305238853962362190201600427672762574263066599 - sampling time: 58.7973370552063
Sampling 30 with 100277340664146146621834141464274878785629635570545048425102525285628784908547281429025334052169901804692267787677566596444994 - sampling time: 58.25815463066101
Sampling 31 with 262119396030431725843674947390806162365593254097170465325015321194342703937145884262080194750902216353968159036278413411759908 - sampling time: 60.89230251312256
Sampling 32 with 317693190336305324838053933338452011773239202526536508948785794172378022351052451660370720847610329800614170550638115524271070 - sampling time: 53.68243384361267
Sampling 33 with 240116876488211196480559835147863745992423975703643569786201077492746716982206400449220893654142314898437574598495113184332762 - sampling time: 60.95856523513794
Sampling 34 with 304208193828121825477732503486082260947839269849855066469355781974445800777481057155280332045028346578016644066467325806653392 - sampling time: 62.484007358551025
Sampling 35 with 213592353992106073830001376313599304120559644464273092769812837224573707142093781658653984797455853443644273899046987348817794 - sampling time: 55.442036151885986
Sampling 36 with 206191704329660336559021954366099239054972163044149879921233998955422186625424318457589941432045092878652059756286670901268624 - sampling time: 58.03848338127136
Sampling 37 with 234377184358138103140183349155188302471075767719190281638848605982979493269159916458608145451073187902782273010100826964410563 - sampling time: 56.472169637680054
Sampling 38 with 191349074715090589775943082968452729909210653122242232595912869690268948737253426372850688663472035158162490277052693468066111 - sampling time: 52.91802430152893
Sampling 39 with 337712319619118007109726228422038787722717827881875657762385594046507234513390034000966938528417185347436079205814845637458044 - sampling time: 54.734784841537476
Sampling 40 with 74410324874865228911397689392928943869367709414328538550376943857916731637670788839869869340339573419151013338986527185668939 - sampling time: 56.692275524139404
Sampling 41 with 193874472979636774182722168248682235434708997415426346722692599090078927937286855670573174586657330587236211945157906819946140 - sampling time: 55.44616746902466
Sampling 42 with 261731168791016386709935321488325148735712284265991959683861971395186547782127822569205576882966661666320277546181365971994660 - sampling time: 62.618084192276
Sampling 43 with 101588561684466169559434806163516414432652359764119574992503896623726135823805745150694195833453898762618876926800039458591914 - sampling time: 57.77704405784607
Sampling 44 with 36855891641335280408503744094674126995945309580669433953076274613974061789682568123889526005253941896477554506979018172758202 - sampling time: 52.490801095962524
Sampling 45 with 131114683106821196327419189886756531409334625341388398275885799907114565563063089493697994409656522044109737766547807387173488 - sampling time: 55.75519061088562
Sampling 46 with 176709211139947478358881998922171299341294074423266653272934654646583145585832897083689102518897935925195217376773045788869539 - sampling time: 56.598511934280396
Sampling 47 with 2275466733608487845634107186792599154401344004116243760310938637561149063964928949690013999163617913124387602054175504402063 - sampling time: 34.93486261367798
Sampling 48 with 150731754573914280149134687640926018120077999212143413306742352278695759272588392165196249592446797397659827046345060861730944 - sampling time: 62.39049935340881
Sampling 49 with 114517547417831459794393990080350218463196658804960941574390572552529973496118873578605012369250862335810122213693177669652028 - sampling time: 60.60348844528198
Sampling 50 with 287575430548173960723946011310251791080407847186694061644023374314057066205344806085594953114725583045606521175542305202898562 - sampling time: 59.44848299026489
Sampling 51 with 79265501919531147872637853714793401516546075182963038314841492919920029247094101064975792380106859589385117500934391162327492 - sampling time: 56.05634117126465
Sampling 52 with 344218350661958352360564060013973880111208980448551164529764880600504875125960325924986574588928279807759462863571961734598315 - sampling time: 57.15125298500061
Sampling 53 with 46801155735918058300310231629271340596652167546531432229072006758134574637890920123756874523137562794056380507276343701105480 - sampling time: 52.53655648231506
Sampling 54 with 150132343762525712075302423709277885271170690390551567969841094690570447136292937665441648344178504259975898176773447779263604 - sampling time: 60.75848865509033
Sampling 55 with 61411193742425559787631298615045754246679738829671913387364167871706921965650634605225386639225815352589759630437722332304435 - sampling time: 53.56517720222473
Sampling 56 with 286987601864071292535422868189301900559150994171045372493285727600233080987772673358046637082269589893780743846134350615668219 - sampling time: 57.62214517593384
Sampling 57 with 20796464095360539748465832107061160769962588888306051446871098622957263734619134368751794232810532206086835522787355638275986 - sampling time: 57.55999279022217
Sampling 58 with 245175958478193400876608303526538136582801431332062572966577367816453002104492071999238994170114331262260880933643170958226818 - sampling time: 60.210306882858276
Sampling 59 with 157344859484857910150400500779924161314026949940781654480252518976886616380595225924169484339814776175880566520559421793637202 - sampling time: 66.66444396972656
Sampling 60 with 214292150324209873967494611016980041875058824005282064779715156679783490473912886697878552042516477244410610729384499907909505 - sampling time: 55.148189544677734
Sampling 61 with 301827634278049446300137107536779277041661090457676722127674500674539802005770387942087637971770452130460379868561177529133422 - sampling time: 63.891228675842285
Sampling 62 with 146833606931271473591879185852467554378043847425499974352046373899078037936595689651868317150547103301906429596640494744288078 - sampling time: 60.334805488586426
Sampling 63 with 149219822178322467626805774041425595945334679528331075488437219444034213103764096105481679325599749879018268653566143866442175 - sampling time: 60.81881809234619
Sampling 64 with 56398315934923212915305690104176226110857789208778575856108318511950755666064790645318652532463282922485086980439200223772423 - sampling time: 53.85869812965393
Sampling 65 with 183733723828180510285586926293783019816690051753288023460374283366146071075413921864422484205717630526196270933066519604382414 - sampling time: 56.019986152648926
Sampling 66 with 217563721951382010851640226972909722352873765192804538661021736341269903526445372214535579700851353862372282183007436025529072 - sampling time: 57.105947732925415
Sampling 67 with 308387756801342966353284359205101357980323446233565572925022751001578434884824011118957769035668806575910375010689822742873834 - sampling time: 65.14707541465759
Sampling 68 with 201893111279470555945443580703754068893802638732958056130648498820190160242383020124237342397557789284861880651283788762267527 - sampling time: 57.15450716018677
Sampling 69 with 38611584943103145502672328748595676203175669463447150392027090734221965022641881159428668442536332999614101290236188305961796 - sampling time: 53.80943202972412
Sampling 70 with 149958887044687548559634698426415582159269591495617792865905702929856239682128946705329041921460660078093995072523991525637484 - sampling time: 61.416829109191895
Sampling 71 with 1449196582996956571699118009217302553774604760805001345331445621907673326626553950394837625003168656990561568738883025771426 - sampling time: 34.864251375198364
Sampling 72 with 19984556090574526797070038145581988737030105847387689294286570384428282913296081641616188726998152135544044429000744669151801 - sampling time: 54.47087073326111
Sampling 73 with 84992181790687692307694024575730375822840278749330975322594366693737103099708398361486613438097980795397665263363703430813432 - sampling time: 58.087583780288696
Sampling 74 with 75996728861598422464160119951116539398817320733353855379982484753562450352731069546931510454574140191854717380182679758449717 - sampling time: 56.39934301376343
Sampling 75 with 106060209634156562533780373582861431893579663486454839750795435184750410234956429398008588386174847333162814431173016012995039 - sampling time: 60.80661582946777
Sampling 76 with 312305056400869327605678001568658424200361024772995876166742109737747993202079009916529662294289662448805791441134496682707535 - sampling time: 65.36230087280273
Sampling 77 with 277526536226266141292928390588781662723273667415386378713275432417384636717487158431405310835874017880240433906998073645577659 - sampling time: 60.9200873374939
Sampling 78 with 329333463776729184153677950122234116272440704838244250469943740265379890836154428602972918359251726296523561778129554823879948 - sampling time: 59.71444892883301
Sampling 79 with 288242329774255760809891438424330773242055629655611732981194551359453062530029444857248123551964673365698832677386769723133969 - sampling time: 57.58215618133545
Sampling 80 with 67424502978941099265029013079280152410424792752336401117438809903721203813976328297501519705935820155879340909071700569773138 - sampling time: 54.20523953437805
Sampling 81 with 284363312894238797941283748605883181000569217939505843027769798682656649949314468453892398405887294580791446280929995898065244 - sampling time: 58.458378076553345
Sampling 82 with 134916488390209730544417348845684521838972371618209396702528244654474385503956292230186067391044318450194708459801409648949683 - sampling time: 58.05216407775879
Sampling 83 with 317919124819644129298415811212635735147688109373276674121261755368235479851391800179413588777632480789380460245376551765304029 - sampling time: 54.08273720741272
Sampling 84 with 217652423303090942519953412903204498593125005359001187469132100420210318599508418150420415285229747756190584404194745492556123 - sampling time: 57.537299394607544
Sampling 85 with 211107678596155893228579920138314112497762947558303612285315174188926890778961385218554154938804787272777238559657359588142676 - sampling time: 55.29562997817993
Sampling 86 with 270715271009795780986230891324015264638639432664737530479682618142440170191115930783195918146725751025584806887727665626262723 - sampling time: 61.58723759651184
Sampling 87 with 155709424001798590885266831323824589819119647718983082365845903251106124983805247486917786201733583813702000321235062093367209 - sampling time: 61.88672113418579
Sampling 88 with 94682853748195353732077253433183656404480179465635647760822566031370080227506871402087232554419784331818141173051153494862992 - sampling time: 57.641557931900024
Sampling 89 with 300507451078397537028427206811168195415732302107970398217674663737997673291338457758787485176238819376172506018372672475666409 - sampling time: 62.83498239517212
Sampling 90 with 22690585422510984332628687705846812281457492344975572913371441425763637998872642784195437259938580262184145202045199177538790 - sampling time: 58.19349503517151
Sampling 91 with 301176126335371531809620669427698868809517796733874920055579106487040524966990072259906787785336020869438260217837703964242136 - sampling time: 64.04733777046204
Sampling 92 with 3730028284044254022553439369491121294485349562546081193773832295202882396868582584464098739446444236306177920132343435475501 - sampling time: 50.19046449661255
Sampling 93 with 175035523102223355425902159692465946311767767030097883256240704145742478603236771937616722201935202914842275755213293988550780 - sampling time: 56.80088233947754
Sampling 94 with 74069003094292717988469782405853617792297501342351022860381632665420831054738906330547499787439194473985641789889400196073267 - sampling time: 53.04091191291809
Sampling 95 with 196734557881312404321868730585479015235580301995132535139914854151575952161157551960572274954007439854286861766270099326613756 - sampling time: 56.48605680465698
Sampling 96 with 287062940006907139606103925161551254507925575749148039478922972559549925439719860268008921936143969256517777303241183214050750 - sampling time: 57.637362241744995
Sampling 97 with 148662938606372054890359287565273635831873740109890973774443083119677534958941218856857630155449192342782826181444992101504168 - sampling time: 60.889877796173096
--- total time: 5607.279433488846 seconds ---

real	93m27.343s
user	85m25.121s
sys	8m34.687s
