Input file:  ./FeatureModel/at91sam7sek.dimacs
Number of samples:  97
Output directory: ./Samples/smarch_basic/smarch
Counting - Total configurations: 25892172695631707467339544510355380330925246273138094412939752157280397331800857701433969660218983783924368850353132622389972000
Sampling 1 with 11670065548453058033809042117313423990226907029768809466748589592928422153009793087320775725295488281993659303996739474092134928 - sampling time: 51.60875058174133
Sampling 2 with 15011790406877538806008344483055768732328325317071538437253798610323642260246841802048069998681379310919203226187605649811750901 - sampling time: 54.77308773994446
Sampling 3 with 24633012698477087485911291425447001162314010485613434514796482461416863513341474986285234034800173899279406655541742047166587061 - sampling time: 54.83661103248596
Sampling 4 with 4155460017483105379053697891860196451234939678496717794130674234522068125405357359763456829695881534156062371282630052000603553 - sampling time: 53.08653950691223
Sampling 5 with 13140618806413606333450424924107014900198277067331971108853965793916086800977551335400368043185572848988690372844077258566336142 - sampling time: 52.8179087638855
Sampling 6 with 13798365285293394320199134087312891218474643893395943920184777968583895672256642036582405685711635861590159916427697106057441942 - sampling time: 55.58055257797241
Sampling 7 with 2388834938664946561712879322207993640399969517483347810148559720733576308566296774046140287449704568618488521154091942363286642 - sampling time: 52.361189126968384
Sampling 8 with 6212135349180412405323269119553211248618173789267021847278131203445472754531311795292947219281934571378358627237152817233344546 - sampling time: 54.337711811065674
Sampling 9 with 11192652466669359429406435561297036077977633022606354788807077823426767435207048381416674438972488520711820777166502004282202051 - sampling time: 57.104105710983276
Sampling 10 with 14298258465345436111203517676157082300479135368535009299689271059038261087190264614259679291398409962366446571416924700933500818 - sampling time: 55.61091947555542
Sampling 11 with 4901986072329168042084332220235927039242130758340919465070965355750799269120953833314471423511912070325844123093652441180742036 - sampling time: 53.531211376190186
Sampling 12 with 21627224744919006702874750064167843443620184678829808760313139101344248081082492667156632991487785396858608351305564810393952330 - sampling time: 57.33664155006409
Sampling 13 with 25159793354697467050984789119041459848620669385627283216507888270574342336957071336523641303991567562718864326693500881467585725 - sampling time: 53.74599838256836
Sampling 14 with 6532059457633617079917400908496898400045892010844859034287285177575891027024559877335583011654980854639471136733491539276602028 - sampling time: 52.64222073554993
Sampling 15 with 5472235369912750773153746486433296456733224412391911123944890093387794323412398140985367294638626057357110540801170354709302869 - sampling time: 52.74286961555481
Sampling 16 with 10768509566666021729990408345817743710802600480412380898769384399453154930764284608435916008762462060845716945898799810047222406 - sampling time: 53.70272660255432
Sampling 17 with 14451979623170677165048454222868488049525630608647930970242424777567507867669195711965684168530724480971372818035562250693919390 - sampling time: 56.54903769493103
Sampling 18 with 22413829766994267286975260189784494404215991528480094136035377550421465438169957759297496841334327918200692872787364833939745523 - sampling time: 60.342777252197266
Sampling 19 with 4845387293179925427621499060889766674827939514378136171051661206136813826543130534129201064400717628611831443957439932461227175 - sampling time: 52.968611001968384
Sampling 20 with 10365292168562900163405028959901243512872274855108491269374250372109391643312237030926703864110725906639443946965892073587537673 - sampling time: 51.109227657318115
Sampling 21 with 7646073012244144518576789844185130280254057686593808171661353884814560827593509624098307568331094725734394665884932157182404624 - sampling time: 51.422236919403076
Sampling 22 with 4986504532649862139083051648923462942540117728855918308435894735561289707920857362587704557188884578997948786228502608516246839 - sampling time: 53.11339831352234
Sampling 23 with 25541115090629955367419889077834333054858044681008570409754861575750398255484862996404231566277823402579377140956495202924802235 - sampling time: 57.40194392204285
Sampling 24 with 2147957503446240501581414423723906047195978586987597459783779288632636969397375283423065278240130774204758675795352120917545936 - sampling time: 51.37000918388367
Sampling 25 with 2283088917370283322775799681161030100452750603560590346473421863144346024970369169810737144892218260719972398759155445344771648 - sampling time: 52.90568399429321
Sampling 26 with 18142147900884023582452162267311447515104575148886564716721063125836737068001380768783879707447545343154655882437930636524929583 - sampling time: 55.57801389694214
Sampling 27 with 14860590256558987275687423095882555245776269833690576676139771770632955554956023163536124101182535470914295385773569195542560368 - sampling time: 57.88017654418945
Sampling 28 with 3354245099713901399303668096668095061417305386721892144261133926249141008020239541775675175862392097738420956995523701807035223 - sampling time: 52.527151346206665
Sampling 29 with 15100775924635815109749573198764079919787871801427937339918629970316522781447957406617577432542518534599827788076120137543106274 - sampling time: 56.00428652763367
Sampling 30 with 25498495076659262577635254424329203093327469936482547369945124164540400202672616970149156871862931669092610969347258640796289530 - sampling time: 57.7877151966095
Sampling 31 with 5226677765611868592523395489466083861694372685889763622659228321338254115055259361967702707673695059202527837425245670341383787 - sampling time: 53.224685192108154
Sampling 32 with 18533540699483208375946563205487227286450476476957106276221028707309630514241897579423838595193782218364263148817427722091435911 - sampling time: 55.57301187515259
Sampling 33 with 1365526910076979676237121161194171715190664542788699536713827847086699775031678854367494805044744452789791733450889239249695002 - sampling time: 51.14457082748413
Sampling 34 with 10410444688959108645916295745542272529463264324969461998810922997068937790047229746326404951329896912790776949629638314837603893 - sampling time: 53.311245918273926
Sampling 35 with 7669029328523731030100728105348156003232080916234182625852390821433213667815892497980233588136543347228763797015855102255187786 - sampling time: 52.96771216392517
Sampling 36 with 4359892955846581244007214984290499386998794358451963403319668607427530935490382151781238235586894935138927552436792672471002058 - sampling time: 52.23756217956543
Sampling 37 with 24370805110071750216150699774915095283695416518598681002958661229449340787622879686608230544009073525741106819228225220311572531 - sampling time: 51.50963282585144
Sampling 38 with 24178782152618930525050717820238724917210332483688542040823825910738564706398457063064179564731107990575964357899751452771506961 - sampling time: 54.74934244155884
Sampling 39 with 289071129820358844036432030641528324980998607151875474524591097996520138558006259470314902189771706733890438867903996971116524 - sampling time: 49.69695544242859
Sampling 40 with 20170692520404788810044467152566500946943551559016996437520767595948859908807170502528274195683640730556300986132861422222982128 - sampling time: 56.16508436203003
Sampling 41 with 21711680838449264929787171263271427047757438748106548840435716122418208066789531459283848386279686020091056640361965985857444386 - sampling time: 55.91953134536743
Sampling 42 with 867348219651210424109561717915821843237366655083568975670182085718097323904040805787090585272811903318820874880449105531269919 - sampling time: 52.73432278633118
Sampling 43 with 19987221526608755307886848035127716985611892900511284661157011627656578065316035565327185700472891824145000957325034629743984964 - sampling time: 56.4129593372345
Sampling 44 with 6949702373807856734038310879105923581387812998745231835813228415846931600735835750606533236598859523600697232922786815850748316 - sampling time: 53.57003092765808
Sampling 45 with 3982286671544993191877662346210464118103575515549874009618143853789771545612643227819856335837525563999835182976673899149760045 - sampling time: 54.23486542701721
Sampling 46 with 9214419631103776887946034933965126260743724073050675608559098941245236242760909200420647515190119528375700135555670722457183242 - sampling time: 52.91966509819031
Sampling 47 with 15898792717704158935580784074869651534385502427084362781042580403280184290792978400645727172973797538427327565443059166793521475 - sampling time: 57.93613862991333
Sampling 48 with 4960070166818230008947676512255007368158617722514045581662621619086079840171264486134458364218778247216835520046140296592489220 - sampling time: 52.74914860725403
Sampling 49 with 6524056261419469353584674600044040917338324523585158310267769894199917805870675683033438891529022732509732343346721164531169756 - sampling time: 52.11519169807434
Sampling 50 with 23503362918345405604716235801172327287820776536915286089674229687856778636995295679141435853560785361262767081906689666422221767 - sampling time: 52.45445799827576
Sampling 51 with 8224534756018141953841091911562997710437354124273953669478773130196371927532940652356047710873399697298402726495186219220514892 - sampling time: 55.194701194763184
Sampling 52 with 18282899232088115626215237074969708614739903919219691494798061151663312245381172992271679984617747896981442275941484231509528169 - sampling time: 57.21393537521362
Sampling 53 with 9707108477045966160810403754499491701651943325275906411086320323197982189024749014508565254079423622446065109506572329290670374 - sampling time: 55.48148441314697
Sampling 54 with 15134864262564954839219894643591424219024727005485421489386610262519904433416267757142347408456440112653122079079952502569783959 - sampling time: 56.18371295928955
Sampling 55 with 25756285000161982747522910666020787015315009541168907067994818518418408320515890000913354444222990350139615488435214122827745773 - sampling time: 59.8356237411499
Sampling 56 with 16971110290800038098822993594493886785678567734641404029750099526606435904791469935538186665391998618934285412241947834554950530 - sampling time: 52.887120723724365
Sampling 57 with 16791118065543545858369348367706186376051264728048716287048317543782721581205680461378712873519055040771141847097681955208364036 - sampling time: 54.744951486587524
Sampling 58 with 25278401768514288860852072275234070560556258669267469295920518801272916195660261968879509269867055699123171188597650370082997091 - sampling time: 57.878490924835205
Sampling 59 with 22054574575922880149181308428536584566085995853468584305958977379855234424223323134693000938443589001517334244307498269822960075 - sampling time: 56.395506620407104
Sampling 60 with 14569317971587328362295823418445433408210071753784793524236991080771534381428335858329258851641762527300127094314709948544718368 - sampling time: 58.24489092826843
Sampling 61 with 6471733242925183108993906001877034058467614574271923885352501693091983487549363909328763213562379087284514816542976728709786216 - sampling time: 52.88659191131592
Sampling 62 with 24361655430633357841246098056087681943212484262307981296051234621362580699864398980979352556299048968921904766755607639658890829 - sampling time: 58.75106120109558
Sampling 63 with 14478643748553925691317016353425158653104426199481097692516280481396610907725578540279688517635248493852276427969454243573598407 - sampling time: 54.87250065803528
Sampling 64 with 18374150627622397377738119930968384227320844498864304681573179534447403162764445168890563410664912261842107866316657913539408239 - sampling time: 54.53121876716614
Sampling 65 with 14657503091544112097327873241097138297439323162598069885229712767374486339473972211677283102575512109786319650645245188781739366 - sampling time: 54.92764067649841
Sampling 66 with 22740683474713683025601482391113078512872773559980797549150199518782290828875851853958713571568071089119090440951730675635156186 - sampling time: 58.82325768470764
Sampling 67 with 17412053766023687991186425042241067132995438024473186806664577214135315890596056089225443814685394748189506229600094337742723208 - sampling time: 55.39114236831665
Sampling 68 with 23017094924900816449651257670526097770567713263056732265268200471679521598118778761102086776765327072776657731727782223430633896 - sampling time: 53.44494986534119
Sampling 69 with 277662100156747407375010195742234935981700859463015923387734339128421587039913883400590005550185344918697336450005095918911706 - sampling time: 50.39691781997681
Sampling 70 with 3350191242131204564653750100460773442186398385942977843944920493734709866294066987775523179248890791171178115479371092335999837 - sampling time: 54.46821928024292
Sampling 71 with 17281627980803503507173513031752259776681061771843651264347290945691998606267407881359908305146400374441506340407463696603992967 - sampling time: 55.59108114242554
Sampling 72 with 13039887189227556584865186639151504964732820098889808847929819080492371518626960863491411213061147415986482656652954640660993002 - sampling time: 53.32537031173706
Sampling 73 with 16228795697647384944222279052796002431013530078717147134148715544241845141585776035621114516042322433731283093340903164321433991 - sampling time: 57.624568700790405
Sampling 74 with 17836755395250480707627288255149744992287496197571170011121593064978650259935091756479501726754957498506720051700719475169069464 - sampling time: 56.54586315155029
Sampling 75 with 25850267498664917751210341771888663810386627177566251747854495918103030408572983309066339674665337296128706649353086185399544012 - sampling time: 63.72412443161011
Sampling 76 with 8642607735406364428918111422775627611843027290788222840306406901208427413717859965732758182506868600140980621610028075709824662 - sampling time: 53.994277477264404
Sampling 77 with 14057792304248103378221121497925550935377193087652033560544787723232960098466635055497215555529622300884242614566058816269799907 - sampling time: 57.89006042480469
Sampling 78 with 19134279865807930071864477216252416201048966206958031993598741963249314215389892919253525976378468513254934955788635355609006558 - sampling time: 56.566622257232666
Sampling 79 with 4092044464464106369856130571571613875556747147778781627175024405266416234546531423239314382362056908363750118850696995364698516 - sampling time: 54.92814922332764
Sampling 80 with 16170194338920850586445985681010714186126443500003013013986276539954710621283213893695668751436331934704293901298131474354435567 - sampling time: 57.86005926132202
Sampling 81 with 5093467189115144645579050696662721491853475787740753142996568712030473734318053649643064125945637651928145556018068126954043563 - sampling time: 53.81656622886658
Sampling 82 with 13430354589862609871317643638955367555652738531176067986707792652388776498024105668402874909944033093586554478679045736157655853 - sampling time: 53.18156051635742
Sampling 83 with 12427867237295020359369431908865863243175620838415234249581192268024436308572714610431136683907296048551285251645182604280302717 - sampling time: 54.050013065338135
Sampling 84 with 24058000798124628995775360983576304751410677064737264712304786100880661556315414660533938000509471154266802753381784610084142136 - sampling time: 53.94110894203186
Sampling 85 with 720485426643514235338790613459586040550204950763827026733069655258710526541680571899837737018200286343869791634402960869355239 - sampling time: 52.2812876701355
Sampling 86 with 10742279971326116195896526477608274584580243226055191654687547164387534900260479233932247475768806432896432176333830485910409600 - sampling time: 53.433510541915894
Sampling 87 with 1653525609298391495922271645051109635296666739819832857433876422713811396105822184617227628139367580646329812745230856835405161 - sampling time: 53.39587163925171
Sampling 88 with 22234433339336029706407654242626751539681586865960084913842618432091018450975595778208849669296089019934180627646690906483105447 - sampling time: 60.1108283996582
Sampling 89 with 8407718652686766128623311328720163721224025915466242776055700165595109737794456811282540791307321154675842743114470570885592655 - sampling time: 53.5734441280365
Sampling 90 with 25877674172210220909950744900119570557252920789162661482381501198263028574499786135841342689743144124260349740318025581879350727 - sampling time: 63.82165551185608
Sampling 91 with 19002411886815522529990634335749973112794176577120619159908737902302725173177532927195303375988136023711388726844657708856588921 - sampling time: 53.614030838012695
Sampling 92 with 23137367045689841743880032509579494355421423262503512806967412971064789442945247553178085358238059478193112978483282795083740919 - sampling time: 52.96723294258118
Sampling 93 with 1044603086714044805277348120977038476827158801751318983262336059595180720888879480306322430606194268472201635018912218222116977 - sampling time: 50.011114835739136
Sampling 94 with 9384480255080059988154420110286962067084789892591109606579897435673287064092509964049976169212037106404159046296425366676596371 - sampling time: 52.90866279602051
Sampling 95 with 22577028522838208883341946153598773486433878334320134226713245939340556298693016023762049855827511442395505837147555242341586621 - sampling time: 61.310468912124634
Sampling 96 with 22767691239486155592822283705383396001967296338438520293503867960873075853255011335589925318012224466711204489384660029748999544 - sampling time: 62.13323259353638
Sampling 97 with 4206703629054978877291618413620978235447433161270868016882661095561608238034454229434896944982960995190016779657552653650323433 - sampling time: 53.94828248023987
--- total time: 5325.696473360062 seconds ---

real	88m45.774s
user	80m33.927s
sys	8m44.008s
