Input file:  ./FeatureModel/axtls_2_1_4.dimacs
Number of samples:  97
Output directory: ./Samples/smarch_basic/smarch
Counting - Total configurations: 1962126104736
Sampling 1 with 7224626039 - sampling time: 0.9258387088775635
Sampling 2 with 947127187775 - sampling time: 1.000213384628296
Sampling 3 with 981310370400 - sampling time: 0.9512636661529541
Sampling 4 with 544700888299 - sampling time: 0.9446883201599121
Sampling 5 with 1542930999301 - sampling time: 0.9452235698699951
Sampling 6 with 1855387470086 - sampling time: 0.9915862083435059
Sampling 7 with 1475426629169 - sampling time: 0.9503426551818848
Sampling 8 with 88469713221 - sampling time: 0.8908874988555908
Sampling 9 with 1512013825972 - sampling time: 0.9527761936187744
Sampling 10 with 1893031090318 - sampling time: 0.9598429203033447
Sampling 11 with 343542735240 - sampling time: 0.941049337387085
Sampling 12 with 292421635094 - sampling time: 0.8835866451263428
Sampling 13 with 915958434561 - sampling time: 0.9163696765899658
Sampling 14 with 1357248050553 - sampling time: 0.895437479019165
Sampling 15 with 1184956703873 - sampling time: 0.9064652919769287
Sampling 16 with 767211105472 - sampling time: 0.9411659240722656
Sampling 17 with 682882953139 - sampling time: 0.9500737190246582
Sampling 18 with 393859317142 - sampling time: 0.9354960918426514
Sampling 19 with 1346287370886 - sampling time: 0.948413610458374
Sampling 20 with 388400420850 - sampling time: 0.8821771144866943
Sampling 21 with 969240627053 - sampling time: 0.9860832691192627
Sampling 22 with 59917963236 - sampling time: 0.96140456199646
Sampling 23 with 737183870110 - sampling time: 0.9865827560424805
Sampling 24 with 751725485612 - sampling time: 0.9905927181243896
Sampling 25 with 963264530332 - sampling time: 0.9287755489349365
Sampling 26 with 265391131635 - sampling time: 0.9112732410430908
Sampling 27 with 591111466561 - sampling time: 0.9008002281188965
Sampling 28 with 1010742167075 - sampling time: 0.9200665950775146
Sampling 29 with 1219327739892 - sampling time: 0.9172046184539795
Sampling 30 with 275882936822 - sampling time: 0.9735050201416016
Sampling 31 with 1175736368177 - sampling time: 0.9404771327972412
Sampling 32 with 1908935167323 - sampling time: 0.9757215976715088
Sampling 33 with 880473546594 - sampling time: 0.9949116706848145
Sampling 34 with 1593349145818 - sampling time: 1.096243143081665
Sampling 35 with 1778043164256 - sampling time: 1.0166237354278564
Sampling 36 with 1406835383979 - sampling time: 0.9641361236572266
Sampling 37 with 1460636951798 - sampling time: 0.957435131072998
Sampling 38 with 267983786166 - sampling time: 0.9168548583984375
Sampling 39 with 1697054349684 - sampling time: 0.9142141342163086
Sampling 40 with 287289821701 - sampling time: 0.9378256797790527
Sampling 41 with 1343986834291 - sampling time: 0.9905264377593994
Sampling 42 with 575049892285 - sampling time: 0.9451842308044434
Sampling 43 with 1602911110823 - sampling time: 0.9329578876495361
Sampling 44 with 1213465096326 - sampling time: 1.0235118865966797
Sampling 45 with 688455663090 - sampling time: 0.9376919269561768
Sampling 46 with 917629939303 - sampling time: 0.9603545665740967
Sampling 47 with 143769608278 - sampling time: 0.9621727466583252
Sampling 48 with 241243442413 - sampling time: 0.9498255252838135
Sampling 49 with 1706500648116 - sampling time: 0.9443302154541016
Sampling 50 with 1197840177535 - sampling time: 0.9267041683197021
Sampling 51 with 1060229340435 - sampling time: 0.9419863224029541
Sampling 52 with 1268947123811 - sampling time: 0.9398221969604492
Sampling 53 with 309855741820 - sampling time: 0.8761191368103027
Sampling 54 with 1474887830572 - sampling time: 0.9645171165466309
Sampling 55 with 866029154241 - sampling time: 0.9388852119445801
Sampling 56 with 779829707017 - sampling time: 0.912224531173706
Sampling 57 with 1269087665410 - sampling time: 1.0294263362884521
Sampling 58 with 1605615564061 - sampling time: 1.028620958328247
Sampling 59 with 1936777103634 - sampling time: 0.9871082305908203
Sampling 60 with 866196481249 - sampling time: 0.9018154144287109
Sampling 61 with 1882440657707 - sampling time: 0.9684848785400391
Sampling 62 with 1641020735350 - sampling time: 0.9533882141113281
Sampling 63 with 1030426938771 - sampling time: 0.9467859268188477
Sampling 64 with 341614531780 - sampling time: 0.939190149307251
Sampling 65 with 829807865256 - sampling time: 0.9964113235473633
Sampling 66 with 1060845326624 - sampling time: 0.9063982963562012
Sampling 67 with 1245376216578 - sampling time: 0.9678421020507812
Sampling 68 with 1741616421171 - sampling time: 0.9563350677490234
Sampling 69 with 130256244320 - sampling time: 0.9429154396057129
Sampling 70 with 132175890669 - sampling time: 0.9517748355865479
Sampling 71 with 1650974959060 - sampling time: 0.9842920303344727
Sampling 72 with 1352948904876 - sampling time: 0.9467403888702393
Sampling 73 with 239752934356 - sampling time: 0.9777591228485107
Sampling 74 with 1957161054641 - sampling time: 0.9847283363342285
Sampling 75 with 410646445920 - sampling time: 1.0205185413360596
Sampling 76 with 374371747729 - sampling time: 0.9060444831848145
Sampling 77 with 488158850107 - sampling time: 0.9575302600860596
Sampling 78 with 1291239308592 - sampling time: 0.9817767143249512
Sampling 79 with 953468176192 - sampling time: 0.8839704990386963
Sampling 80 with 1474139589679 - sampling time: 0.9911682605743408
Sampling 81 with 1948158441593 - sampling time: 0.9449231624603271
Sampling 82 with 417076849939 - sampling time: 0.940941572189331
Sampling 83 with 1356002340865 - sampling time: 0.9001493453979492
Sampling 84 with 316843784803 - sampling time: 0.9888215065002441
Sampling 85 with 993948889305 - sampling time: 0.9510862827301025
Sampling 86 with 1675490872735 - sampling time: 0.9936394691467285
Sampling 87 with 786208247222 - sampling time: 0.9275717735290527
Sampling 88 with 1846473526245 - sampling time: 0.9479889869689941
Sampling 89 with 922935114195 - sampling time: 0.9286766052246094
Sampling 90 with 620189901960 - sampling time: 0.9062538146972656
Sampling 91 with 817686980073 - sampling time: 1.093764305114746
Sampling 92 with 1276620864053 - sampling time: 0.9757440090179443
Sampling 93 with 460067453673 - sampling time: 0.9068570137023926
Sampling 94 with 1252233601419 - sampling time: 0.9970431327819824
Sampling 95 with 899653108837 - sampling time: 0.9809327125549316
Sampling 96 with 201299320031 - sampling time: 0.9330847263336182
Sampling 97 with 655175772227 - sampling time: 0.9914629459381104
--- total time: 92.48087286949158 seconds ---

real	1m32.530s
user	1m0.926s
sys	0m34.041s
