Input file:  ./FeatureModel/axTLS.dimacs
Number of samples:  97
Output directory: ./Samples/smarch_basic/smarch
Counting - Total configurations: 428726493299198656512
Sampling 1 with 16593604102019511353 - sampling time: 14.962650299072266
Sampling 2 with 398062159632665793237 - sampling time: 14.918952941894531
Sampling 3 with 81126015365665382506 - sampling time: 14.8643639087677
Sampling 4 with 397861904227429481321 - sampling time: 14.961549997329712
Sampling 5 with 12699389618445081640 - sampling time: 14.900322437286377
Sampling 6 with 37193878256789587973 - sampling time: 14.68582034111023
Sampling 7 with 36543844643272013710 - sampling time: 14.994688749313354
Sampling 8 with 68664952583827153202 - sampling time: 14.899904489517212
Sampling 9 with 66247450978937579340 - sampling time: 14.925942420959473
Sampling 10 with 334688021245811742880 - sampling time: 15.079652070999146
Sampling 11 with 172770673338952883397 - sampling time: 14.955981016159058
Sampling 12 with 236202826396331059480 - sampling time: 14.979176044464111
Sampling 13 with 423166359515630059098 - sampling time: 15.383375883102417
Sampling 14 with 379942920802517325507 - sampling time: 14.944109439849854
Sampling 15 with 405694180500997397496 - sampling time: 15.141047239303589
Sampling 16 with 164026013228698517066 - sampling time: 15.086262226104736
Sampling 17 with 331264865688932477581 - sampling time: 15.05164384841919
Sampling 18 with 277661202012718506554 - sampling time: 14.93431043624878
Sampling 19 with 312064199118079826442 - sampling time: 15.245945692062378
Sampling 20 with 79296032863582874062 - sampling time: 15.320636749267578
Sampling 21 with 277064852200325969628 - sampling time: 15.578810453414917
Sampling 22 with 127899836741703379744 - sampling time: 15.3797607421875
Sampling 23 with 22409327648741709040 - sampling time: 15.29077672958374
Sampling 24 with 321662345880074212757 - sampling time: 15.164936304092407
Sampling 25 with 2401069049792823400 - sampling time: 15.325399160385132
Sampling 26 with 388880555477295297594 - sampling time: 15.310032367706299
Sampling 27 with 80257660585982527083 - sampling time: 15.402234077453613
Sampling 28 with 30799125112388246262 - sampling time: 15.437795877456665
Sampling 29 with 361899521086777818901 - sampling time: 15.49566650390625
Sampling 30 with 403736644046870519326 - sampling time: 15.022421836853027
Sampling 31 with 292066055160714671721 - sampling time: 15.043813705444336
Sampling 32 with 173479717563648310750 - sampling time: 15.070231199264526
Sampling 33 with 419105325554653979636 - sampling time: 15.29945707321167
Sampling 34 with 233491486663926324373 - sampling time: 15.10876202583313
Sampling 35 with 388122806490861211381 - sampling time: 16.391199350357056
Sampling 36 with 30420793842102706521 - sampling time: 14.852786540985107
Sampling 37 with 110388107607788753237 - sampling time: 15.09017539024353
Sampling 38 with 281537790210748320464 - sampling time: 15.004185199737549
Sampling 39 with 195027760847757678932 - sampling time: 14.998790740966797
Sampling 40 with 252131076988089426480 - sampling time: 14.991938352584839
Sampling 41 with 220341910635560971457 - sampling time: 14.79934549331665
Sampling 42 with 35252279827584671242 - sampling time: 14.863965272903442
Sampling 43 with 423052635096920862332 - sampling time: 14.964747190475464
Sampling 44 with 419677713133043591825 - sampling time: 14.872538805007935
Sampling 45 with 183286304984488730399 - sampling time: 15.223957777023315
Sampling 46 with 303876057698093338616 - sampling time: 15.123218297958374
Sampling 47 with 211018244019173935412 - sampling time: 15.006566762924194
Sampling 48 with 166843700184527019610 - sampling time: 15.10271430015564
Sampling 49 with 291428342137806733046 - sampling time: 15.13662075996399
Sampling 50 with 344120237822906554620 - sampling time: 15.221121072769165
Sampling 51 with 270291161359375117890 - sampling time: 15.37604832649231
Sampling 52 with 367177078843924166784 - sampling time: 15.55455994606018
Sampling 53 with 232633316604918157881 - sampling time: 15.377419471740723
Sampling 54 with 31680327401577830715 - sampling time: 15.391555547714233
Sampling 55 with 526070936779794656 - sampling time: 15.339440822601318
Sampling 56 with 180380770517337616702 - sampling time: 15.499038696289062
Sampling 57 with 233176392008063413854 - sampling time: 15.397915840148926
Sampling 58 with 235620901742813610353 - sampling time: 15.285157442092896
Sampling 59 with 144088877019689598128 - sampling time: 15.482140302658081
Sampling 60 with 39001043055505144232 - sampling time: 15.355824708938599
Sampling 61 with 177569400168687152422 - sampling time: 15.364798784255981
Sampling 62 with 262297475206357142741 - sampling time: 15.238962173461914
Sampling 63 with 130083104338821628865 - sampling time: 14.974226236343384
Sampling 64 with 370726310518347977668 - sampling time: 15.163869142532349
Sampling 65 with 50305476156852926634 - sampling time: 15.001581907272339
Sampling 66 with 354096556679367648130 - sampling time: 14.895318508148193
Sampling 67 with 79881297456140066089 - sampling time: 14.951366662979126
Sampling 68 with 390055671638587143047 - sampling time: 14.883265972137451
Sampling 69 with 416464689935752585064 - sampling time: 15.204170227050781
Sampling 70 with 218666631946450463299 - sampling time: 14.902029991149902
Sampling 71 with 4853697088232444524 - sampling time: 14.968144178390503
Sampling 72 with 406950839813556589114 - sampling time: 15.020045518875122
Sampling 73 with 396315258122863605084 - sampling time: 15.003018379211426
Sampling 74 with 396908198741089586715 - sampling time: 15.035833835601807
Sampling 75 with 144192135578660484815 - sampling time: 15.610022783279419
Sampling 76 with 53943245352514338037 - sampling time: 15.625077247619629
Sampling 77 with 175280366697033906741 - sampling time: 15.55755615234375
Sampling 78 with 165632150934677908136 - sampling time: 15.28626561164856
Sampling 79 with 122363114140050768415 - sampling time: 15.317283868789673
Sampling 80 with 12528657402671788668 - sampling time: 15.034456014633179
Sampling 81 with 271676877120920211308 - sampling time: 15.160316705703735
Sampling 82 with 327799079857092762866 - sampling time: 15.466071844100952
Sampling 83 with 131048843791020534881 - sampling time: 15.429915428161621
Sampling 84 with 279227767603977684647 - sampling time: 15.49366307258606
Sampling 85 with 329506799868205315390 - sampling time: 15.429640293121338
Sampling 86 with 241156623421961136390 - sampling time: 15.168090343475342
Sampling 87 with 150886080397169078336 - sampling time: 15.482350587844849
Sampling 88 with 421584395425025726086 - sampling time: 15.40747332572937
Sampling 89 with 178435214866464795534 - sampling time: 15.302518606185913
Sampling 90 with 187984987564976637140 - sampling time: 15.323387861251831
Sampling 91 with 378045352093018330725 - sampling time: 15.408744812011719
Sampling 92 with 178704879374140159137 - sampling time: 15.377146482467651
Sampling 93 with 47787156633597722679 - sampling time: 15.130153179168701
Sampling 94 with 409304554799090039494 - sampling time: 15.092665672302246
Sampling 95 with 12816803826751544062 - sampling time: 15.064680576324463
Sampling 96 with 143053388199617738374 - sampling time: 15.05680775642395
Sampling 97 with 177740009819279725357 - sampling time: 15.05238962173462
--- total time: 1472.768455505371 seconds ---

real	24m32.819s
user	20m53.977s
sys	3m54.101s
