Input file:  ./FeatureModel/BerkeleyDBC.dimacs
Number of samples:  97
Output directory: ./Samples/smarch_basic/smarch
Counting - Total configurations: 2560
Sampling 1 with 146 - sampling time: 0.14640164375305176
Sampling 2 with 1043 - sampling time: 0.15275120735168457
Sampling 3 with 2540 - sampling time: 0.20374703407287598
Sampling 4 with 2185 - sampling time: 0.17099976539611816
Sampling 5 with 1255 - sampling time: 0.1969006061553955
Sampling 6 with 2357 - sampling time: 0.1856367588043213
Sampling 7 with 1903 - sampling time: 0.19437456130981445
Sampling 8 with 1404 - sampling time: 0.2046036720275879
Sampling 9 with 1585 - sampling time: 0.1668400764465332
Sampling 10 with 868 - sampling time: 0.18180203437805176
Sampling 11 with 1685 - sampling time: 0.16620612144470215
Sampling 12 with 778 - sampling time: 0.1615443229675293
Sampling 13 with 807 - sampling time: 0.18395042419433594
Sampling 14 with 1659 - sampling time: 0.20555710792541504
Sampling 15 with 1122 - sampling time: 0.18473267555236816
Sampling 16 with 2081 - sampling time: 0.16297078132629395
Sampling 17 with 489 - sampling time: 0.1767101287841797
Sampling 18 with 306 - sampling time: 0.17878007888793945
Sampling 19 with 1571 - sampling time: 0.16633391380310059
Sampling 20 with 928 - sampling time: 0.17681288719177246
Sampling 21 with 574 - sampling time: 0.16118454933166504
Sampling 22 with 2402 - sampling time: 0.2020714282989502
Sampling 23 with 2452 - sampling time: 0.1891627311706543
Sampling 24 with 1116 - sampling time: 0.17239046096801758
Sampling 25 with 564 - sampling time: 0.16649317741394043
Sampling 26 with 1374 - sampling time: 0.18312287330627441
Sampling 27 with 1931 - sampling time: 0.18065643310546875
Sampling 28 with 1236 - sampling time: 0.185882568359375
Sampling 29 with 1909 - sampling time: 0.19347667694091797
Sampling 30 with 1545 - sampling time: 0.15548086166381836
Sampling 31 with 2432 - sampling time: 0.21632075309753418
Sampling 32 with 2112 - sampling time: 0.1917412281036377
Sampling 33 with 1531 - sampling time: 0.20444130897521973
Sampling 34 with 1040 - sampling time: 0.18164992332458496
Sampling 35 with 1070 - sampling time: 0.17197346687316895
Sampling 36 with 848 - sampling time: 0.18697690963745117
Sampling 37 with 2176 - sampling time: 0.2110905647277832
Sampling 38 with 2318 - sampling time: 0.18895602226257324
Sampling 39 with 2067 - sampling time: 0.1696302890777588
Sampling 40 with 2214 - sampling time: 0.19372963905334473
Sampling 41 with 1165 - sampling time: 0.15976428985595703
Sampling 42 with 258 - sampling time: 0.14657950401306152
Sampling 43 with 2530 - sampling time: 0.20763826370239258
Sampling 44 with 914 - sampling time: 0.1587049961090088
Sampling 45 with 2521 - sampling time: 0.18738698959350586
Sampling 46 with 1710 - sampling time: 0.1781444549560547
Sampling 47 with 870 - sampling time: 0.1784968376159668
Sampling 48 with 796 - sampling time: 0.16434717178344727
Sampling 49 with 958 - sampling time: 0.17815828323364258
Sampling 50 with 1556 - sampling time: 0.1667649745941162
Sampling 51 with 519 - sampling time: 0.1470024585723877
Sampling 52 with 1326 - sampling time: 0.18249940872192383
Sampling 53 with 1600 - sampling time: 0.18424654006958008
Sampling 54 with 1757 - sampling time: 0.18371033668518066
Sampling 55 with 2466 - sampling time: 0.18224573135375977
Sampling 56 with 2308 - sampling time: 0.17629647254943848
Sampling 57 with 1010 - sampling time: 0.19185280799865723
Sampling 58 with 86 - sampling time: 0.15329480171203613
Sampling 59 with 898 - sampling time: 0.1571202278137207
Sampling 60 with 1910 - sampling time: 0.19389057159423828
Sampling 61 with 1725 - sampling time: 0.20108962059020996
Sampling 62 with 300 - sampling time: 0.18121767044067383
Sampling 63 with 1798 - sampling time: 0.1674637794494629
Sampling 64 with 866 - sampling time: 0.1750774383544922
Sampling 65 with 984 - sampling time: 0.18073701858520508
Sampling 66 with 1270 - sampling time: 0.1912846565246582
Sampling 67 with 1569 - sampling time: 0.19012451171875
Sampling 68 with 198 - sampling time: 0.20957636833190918
Sampling 69 with 2372 - sampling time: 0.20418810844421387
Sampling 70 with 97 - sampling time: 0.14756393432617188
Sampling 71 with 91 - sampling time: 0.15616965293884277
Sampling 72 with 529 - sampling time: 0.14842438697814941
Sampling 73 with 1082 - sampling time: 0.1661818027496338
Sampling 74 with 287 - sampling time: 0.1823434829711914
Sampling 75 with 182 - sampling time: 0.16908979415893555
Sampling 76 with 1708 - sampling time: 0.18916916847229004
Sampling 77 with 170 - sampling time: 0.15802669525146484
Sampling 78 with 99 - sampling time: 0.15103626251220703
Sampling 79 with 2549 - sampling time: 0.21366071701049805
Sampling 80 with 1150 - sampling time: 0.19994473457336426
Sampling 81 with 110 - sampling time: 0.16243290901184082
Sampling 82 with 1452 - sampling time: 0.21002626419067383
Sampling 83 with 580 - sampling time: 0.17320704460144043
Sampling 84 with 2196 - sampling time: 0.1763596534729004
Sampling 85 with 2375 - sampling time: 0.19197297096252441
Sampling 86 with 124 - sampling time: 0.16421103477478027
Sampling 87 with 2462 - sampling time: 0.1910572052001953
Sampling 88 with 1614 - sampling time: 0.18680429458618164
Sampling 89 with 1368 - sampling time: 0.18763065338134766
Sampling 90 with 1220 - sampling time: 0.1774916648864746
Sampling 91 with 1152 - sampling time: 0.189741849899292
Sampling 92 with 917 - sampling time: 0.1635730266571045
Sampling 93 with 1993 - sampling time: 0.18870973587036133
Sampling 94 with 1246 - sampling time: 0.1828629970550537
Sampling 95 with 2288 - sampling time: 0.27997708320617676
Sampling 96 with 590 - sampling time: 0.23524236679077148
Sampling 97 with 235 - sampling time: 0.2100663185119629
--- total time: 17.615458250045776 seconds ---

real	0m17.688s
user	0m11.038s
sys	0m7.186s
