Input file:  ./FeatureModel/busybox_1_28_0.dimacs
Number of samples:  97
Output directory: ./Samples/smarch_basic/smarch
Counting - Total configurations: 131015637986869066594955808134501079028008039381985671612410564630862006108883152140836568227782153439006643161483440812593354976024587487374556603949573514223359777319658981065823636430801458215710142246414031293804813368688640000000000000000000000
Sampling 1 with 97831702802143036491070028403878982939888851199393602233180368771516706323855239354405955997808584360513244969193632653284048000915600582900263391875735004417341836772250707789344723045099861549977938210105002274509448066412134442758840707583486506 - sampling time: 18.63933277130127
Sampling 2 with 58618309204352462288987079434729253579853679112422018793250597122766540148092460315178553690999179161568008763730773492190900757586782013430598476932936834366858206808867031867111691571288830892426327820518686117539393629747186592773071890841383208 - sampling time: 17.51546597480774
Sampling 3 with 92963009029085686494410143191173172372555893138114052472483190366349430715746214593801893941851519514506493175817049908671000581884839657498636470156202864639753116422623128206155391863311009901546756574203198237852521848520346375511444371155333634 - sampling time: 18.55589485168457
Sampling 4 with 16075326776158223063413768054943818497829863481291807099660585296747046893414000008266158745462281296511159164326358995074603828086996585432567597145491164411055211754455472233814114004431538592267313537469518310905995944036037492476181067344337391 - sampling time: 17.896384954452515
Sampling 5 with 106230323932261642980915243918716455850129971307349194556882626813329965013286701986581984576663042394266966683164053663000651171822883892516711369883677623051969987643021397453268822567434143541544312661005888807420312824076675227052594979882209304 - sampling time: 21.853975772857666
Sampling 6 with 108329499491293331968938001850627178781190454643788667967427070073104407570907571397146773001855735004878108117886294735955730840750258525868976339642670962295378604482219953357951009937556143602574246446978148921533189721104651030901907920355600090 - sampling time: 23.04450249671936
Sampling 7 with 24931149680741131235436632877523486635982274379944792439191004119960611119399419950817179487520177134684374461480937729608043122006811487555023757518855630395533127859694524841120309858235695569112499942711527097135789738702605961912182822649059835 - sampling time: 17.9628267288208
Sampling 8 with 63165513499158732748489735057094119983484882018760389038122190957630178598253786777822701716689005274663404530415010666085968610640970966214912170558384639183880541789558224749808256102102283242211941449453660087239078165011481839749487317474815517 - sampling time: 17.233824491500854
Sampling 9 with 59264743617592993403841098445302114265684878787151364812812826656238666475115892083137281225940980556194349104875869313432276610574620021087096340756902879978209502005822804772842619913756448229693453237685685081117914843518497742199502721691880733 - sampling time: 17.872368335723877
Sampling 10 with 92718623523925241215022164787153215435520039257668573654532693369170334385699191667595499968014134388523126186370271006245355258306396063162032607375236774996722030863019953441710556467060758365387902135714594606043659082375134456603688081571581920 - sampling time: 19.30343508720398
Sampling 11 with 90944536413049604267381361365899582730959742559962806989405482402572388067456628641784609163137068317846128952626208480774412160292490562984905597525407138468598835883212283026587172836779580977657047407550625930057264083255100715291538360006844343 - sampling time: 19.136469841003418
Sampling 12 with 121291430010088459834860746185722020996624408626697477969521436187578217828661094773559996489373164856355452695477012189938780391877224494650067850143090338105853122365315017859073306607004382522978624566557779616052034408049508204743485578441805456 - sampling time: 20.593644618988037
Sampling 13 with 9936070275614903651289678411055987344290119583560416956957109851321975810986214525821199553125285913067582003312412053256847687006498975247849912888095111672680333590164996219351123491307421006732886279954645938445252592759653303573077584615157836 - sampling time: 18.399150609970093
Sampling 14 with 62486427045981638995654019777995785752552208808930011086776085328080056180441561799415817260012756321767071126980534829786807075363422684127074958447538660976028289859838984972296189826525351757513158283062828755204300912038244413052210186681852875 - sampling time: 18.167810440063477
Sampling 15 with 110097500271610624562253625064617221967870307336599642015464466793103390843903185628778657589773320717486783743761810900041665807274704339119933861785806668863113803432319959866937367967326089906226263996058199726303777054807452346119366595624978313 - sampling time: 19.56540060043335
Sampling 16 with 43807105136634357611173609019998078883139183097544579848993172707358989647427483797073100980647026415167970267104256974304412718452400213266639965298181730561693707220238638742371608874784777366608776020646864641702553225426804900738915338560235094 - sampling time: 17.556065559387207
Sampling 17 with 2381460405604935881107182319238158238519451390046148019700481687360633919739432767867955740534156099914020841816716841439895901875589086142411605347105641849447813639375645934389541725646004577575130923163914446132250227601260445536475796769817534 - sampling time: 18.3673996925354
Sampling 18 with 111339942872011188436806109343975305409395931133563430270117840425521387917094755381154196650794018440557677963050708767851052996813237785331157349477216861087948661528386755529008443846960435314873786654310607484665070338938478368970482942706872808 - sampling time: 19.777998685836792
Sampling 19 with 103671822467573708506235859335694035437763200141332863170616980152049340731245569349359836131934248137422655183685562101707727438535718246725026842531800756243947253391596967946128329210542465858404902211844901564523707982471593042173551938323893224 - sampling time: 20.491750955581665
Sampling 20 with 64460105377729180230965225513865464200295946958340980610296678392425284375010916365776398446014808081921730725457709012875451024688051953130408596062903319995800202731536841485770513214175785747496128906110640588594565026897836544651346345470786950 - sampling time: 17.92988109588623
Sampling 21 with 86123676334685006895692594832652975856364531593258226540725295037470036149819149189188113703810160843298369168866850207597845220464502033375708190214592232298647455280817989977175047266535060903263181426024040801312354176608087731831497714515101955 - sampling time: 17.53035593032837
Sampling 22 with 61783801260075404170930209704741078061080239094270873343369228084369195785090163912141981028820917860506744901544713792753671304362472480270222009606502697063389639737333437255288169372055961699696105501244449685596636069272245165709779530895841132 - sampling time: 17.886969566345215
Sampling 23 with 68219104981212305961456036140816345279793656237398869118554473224505022425556134327153463076620552080621194598844185849773817977111553942987796234120281612375755415851055274905662867035908844415777237881997687407448492996595163251323477453946766638 - sampling time: 17.182305097579956
Sampling 24 with 90751738872868244179021095928068027535173683848554085657955230584459344504381770389622263432465065314478099013854535166800672310370487206020543135842779963297947628479599540332558490231063471533966398000509445426969373104675647930996995698878259184 - sampling time: 18.201391458511353
Sampling 25 with 59419209939086627368590270713816351603154563230164935853266152408319362555511583730671283984536814870773154205204675905961594344361376772897819552514651437474282522440910753884012107844936452690911662908707156847947132122309811927313833726046663371 - sampling time: 18.451951265335083
Sampling 26 with 21150734518431336665779993812540365247120504103843662570584174476760798279029368661506827861060307290565155802227386730857051901379516140087192346299036546488502374467333958872645754628937951374900502659650700465507500109012671039578977371214809741 - sampling time: 17.648789644241333
Sampling 27 with 22203329091418244186166039407662469267542175371643354812944022934242298771880298657134211510265383978352009278197343727120103483799576453549242943863876053277972836669455861589845113331358868298706544980126803747281916749207608214970102725547888809 - sampling time: 17.633797883987427
Sampling 28 with 105265351345800041869005578655379951309548446488019435387073020673768538013840618937589803349729658025897971196322451189206228650416671031178495482470529468522215719322486795828227633406852429111226911014445092150575329295275333105495501468998664373 - sampling time: 21.02211904525757
Sampling 29 with 673466972603724914047271550539268447748285285975410232646687350253200251668385503812504195979545106915933951769146638723895162752724704007955141976065370636544758773473445775668953634808727490877525119087784932899818526211762928447457970389665943 - sampling time: 17.642249584197998
Sampling 30 with 1781156570343455117995694631178246161085325509647808541830262158400651356342959584150685547795366051892128395919993953420476905613046801185799917708470336245703652526348353418721747630695253056197308061098254737715221519216463069095729812954723773 - sampling time: 17.849499940872192
Sampling 31 with 44053950037922163457432806837113004735478990557254454555473896966853574258031264235131373362675467796184437957260673704337366539403656170312281646742198874483014949393122535330996820768170127713734564481655477288774493819504758860769365016618296193 - sampling time: 17.972967386245728
Sampling 32 with 39007556812167710248425089912753770868130767159507385165348843107138918961185027063687017809042270668906337779539089559627636169515117285901401445353957103993372852390589022466313272900322011757414278894966009630011724756287383864779070860404060727 - sampling time: 17.86229133605957
Sampling 33 with 40810657057028261025599079221051066328256404745677145595240435974634415472752906644926960983298452195732871420702140663741857486446993185984172979047735351531419376276258840122091170411113465286069145218321674022584438722738286259197759505178818544 - sampling time: 18.008293867111206
Sampling 34 with 28992489235319453290338897477803543595226139759239446572644093137112289077834736419903605147489933511046983590678652908134685149861294220641704142093743463564924118113939537789822089034650900134281255987793882619119670557009622277977282383331367110 - sampling time: 17.84790802001953
Sampling 35 with 36209047186047719947748570364577434329737693123426939426299366318786985859115715497282507032092537985841860179383718338809800358998231759245104746275245016722442987925064453205827524461782612027199094623512666956934365188532494890218408866727739255 - sampling time: 17.986072063446045
Sampling 36 with 105793756473661161751348013840918187762934583384989842700044598917564500067226657601824935745087929557078950383227719574004855261887667267797108757338609136638437911504836999402983597323331998950861086732182381166800727055099215805072576425794063262 - sampling time: 21.085639238357544
Sampling 37 with 36400270958411010023385590028636736430825200272487169103376973928066706536157925994973926464192622741492763043475127992907791144451072555254266697779856885649447920857333320933801802649846641314201097484369921495135249696949314123294480287614104521 - sampling time: 18.304956436157227
Sampling 38 with 6202460089586752457787544250551297127648221826997481930188886369931387290843596809845464828781937278899707155150962042963406268351674840015486386211980758009139181248180656628774659530965103163292794847762493817532116344046153321802370652289474234 - sampling time: 18.72630548477173
Sampling 39 with 56533026004355098832314863466397650037444158644367979471038005263043444403109104480976365196888219354274576198690555070666526445621681169060639104653451730430813979178503471116053229276345817597312922433136905743055740348050556488768839770713377650 - sampling time: 18.563710689544678
Sampling 40 with 126817003069797894881081781208038836908462871562499510374751698521555948374321805305897771413899630928901179914462365768568995585485906116527175545407704001592337060446591281945338940888786316676349738610687196196979297052827676139594037350925529130 - sampling time: 20.62093186378479
Sampling 41 with 90270834052460393505020976540443829618110515050313848789413650948515918006787079281053120033808990935716044610197509757106721637661809628132799578561482128906839206314425366229203823593838898538339919727921788203246835103353843264699403068759524555 - sampling time: 18.86812400817871
Sampling 42 with 71406857671785858410456939200990353283664204146593877459420272287794851031176208191494117052884555538036774705053852549930594715608711906185953762044780299742471473501626645885564075297455667434418965257673404784715688583152832134331414969196286732 - sampling time: 18.391284227371216
Sampling 43 with 63312329738275593623088237574750239529000381237537957822599316503385308824823959275621802209272394929043304676467765760795959197647868615305854062657283120880931525006882216763459676028635352330109439838987849088839957542087630605814018260153178201 - sampling time: 18.50350022315979
Sampling 44 with 6696947869619987265551633521166122578514770718616506643954129479428604835798885306986020502079334152433282871788075875704627349313980009681298040973102686894336146596420014695906754099040424988711280530387396602541183508560264678581193352242259963 - sampling time: 18.519279718399048
Sampling 45 with 125326309383152268346304138542399831183908066046681555068500739409509770711341623736637538240476261475052929716541937987451853550520881701290131166408614966765605024537842748844743160945116071106014917871586178141001475021686806577921844364532802215 - sampling time: 20.684707403182983
Sampling 46 with 125585368518352795836013915052674626382080788131311048442011568437538906524937450131749172286748624389519538861562634444144495724854534543991409374984143965472085201583819104093819632615278216830132615628669747999416377322999010203669918496533726076 - sampling time: 20.890666484832764
Sampling 47 with 93313464888910273993286894088569880973203151381759908575383363500863011563906536737174217760095252593683053483106789142099059224616121410220891515669428823286757032855671977683837885050674124350799750009162552734621471768305434932294582426426236684 - sampling time: 18.288867950439453
Sampling 48 with 74175152386860599337540407305903028092950927445376845624181440639325218853244817995408522825910518277635975995438279695472124379923324503705796948488800632228133747758891249103822225410674149121168582218723953537352026939019003868255817167084619775 - sampling time: 18.050941467285156
Sampling 49 with 117291005669362185967341623854296498724631441697292601087268546094084201715135587824549277711120492608478020087566707015603614905690512314826367831814732461995158751248135079217843644372668953041012082017020849948335476585290498593032237774884569219 - sampling time: 18.576937913894653
Sampling 50 with 26729927608477993527063508723462329927707423029450591185482973159369096686732804913930141569459677445541294180675340138796526615820614074140028561106720762977838538151614652120097265717890028667225083686262603454437854867756048950264088399809503609 - sampling time: 18.049606800079346
Sampling 51 with 94697382207470838788141370331302793973828158748759384296935830996207883542183789986705397177837054542598310523842275231409317104132486124231113151221141260197319702593119916221703401381333382412187260374950815729195405143906642379905736664069499286 - sampling time: 17.997868061065674
Sampling 52 with 91194320782293562240732684388660763735340800014180053408763254320173522223934125458405470589192264034063034154781024911686824758640355856233053545673539100965035462814101774377780067984366867484626072080520620398602577679959413961535395487812875193 - sampling time: 18.48393678665161
Sampling 53 with 110587542769572740259074962156622470376201327354005231945887795489792881622268209753697097697701307053600463111524335979823974960218942920399696918297361765380076185555360886601654136924659724103655177704502181261849263745093535508658864652613686678 - sampling time: 18.738517999649048
Sampling 54 with 38022232746666431202928262647512876971148711543201821088507619810118917589327975375397825366578634009058887198354285945374708433154586632018593840543967163723252513850368086292839171624925445220463760752429255377091582925286821864131905625057157956 - sampling time: 17.45479989051819
Sampling 55 with 5384184187144346770526428936659906619054732290418346956323715083267279691567528990348419103628500399020231496936278453276486207936358159236498480271827954671414018370006556387281317892844070731874322615349557642155562323041356936672026233753573818 - sampling time: 17.19948697090149
Sampling 56 with 65061676125545957804865212002416793582196390252484552608323897587971968316908579594342372351061302910526165695812624703943701202816591809025758323051234722519765384198598366162183542122284174800125615206971576266160831258968737132700235067113421866 - sampling time: 17.806299209594727
Sampling 57 with 57099662136491993192833595826803027857639789060806627151198808832841850865277444775211046854634224721758800344303848212989220763724574680016099060823219609093054535315534098190489396791691696588749360119456191437148137004720750772838304258076906012 - sampling time: 17.90140461921692
Sampling 58 with 58326460148356265733936088957887382568995896650600333813257589331253349388652618084508879692626350317214677881354072223676235945401092308925542693264610648943190253928665304795439148591424765431175484128034468382112042832382590955902220351344832789 - sampling time: 17.482099771499634
Sampling 59 with 114930971625892457220025726773877347652665339207811845122390263253416340106612605198061467684071354404423115308640828907536411361748661936465618458696702005946950290946756733148064045094329554068249785899580250936524805692155672770062003330563803033 - sampling time: 18.688470602035522
Sampling 60 with 130465452193017837452355546481301126418402560607830681319245275143745462680718340004365834369307069769949644904524715695571780875556138999462133319458927059066821589983305712526829800638394944529437279305783489205776010244353181768574048826553702747 - sampling time: 23.10100221633911
Sampling 61 with 43470970298123760661850930835755339352930333751658115012344959031363287570363930314211750567790498249048557779960037582445073162297171674926742250273889587668058111161884130982145288865146040482457271101490846394935954865839912835870155163517242895 - sampling time: 18.615933656692505
Sampling 62 with 74817644325120811606937383066630350194136492240471332586683491711913972213789043152558789591551132378173880287711784347515476066322883833612144859761123056311480388785585114388678905329736780995221971140662510392508543184929583549475873575879292589 - sampling time: 18.558973789215088
Sampling 63 with 61033858944953905782394100709444033003454291224042155890407375571596321808895879454542615500826280521674392261307960247417549664220702182289140854672269323241264164584261404817473371979015496663557869290790174773175784204616628999124481146006987879 - sampling time: 18.485923767089844
Sampling 64 with 84409449348331622523569899216333262175372945669642675088874167162678742472438037392767929230567447855489583063699251805840160476118937156303038187983864705470374068253645026347320848421750553198606393509476891456063685853726171061759806917719426261 - sampling time: 18.029239416122437
Sampling 65 with 118435884837023815916544432974492529805647189126243768849961450060682566180333303662498533111414554601326056750817734719382801505002447899288875661738462431150560170988733959938280569616405329654831626868404401791975130704994597108785533990965888979 - sampling time: 19.579880952835083
Sampling 66 with 93137421190190884517091719880329849648095461249628783480860974229281185689924432916395891639030397619120238073609058808745262163056719415857889549285104041941887049084789385246603220503866751211054946939006470753978108321809098796232164676827409299 - sampling time: 18.966503858566284
Sampling 67 with 10822516439610426565405586556830643582150884065486189407842085245161112452730599492862262696245590515063016252674827124739258088122328937836733495256206133791925247874524810145246162447139810768530615922663959081294740581673928055590720309988830068 - sampling time: 18.216081142425537
Sampling 68 with 15613270264862431363734228221327137122976254716827960875402479309003674919620830711196269884155685626851611907593378922215500610111203009052012346956627354897447229421241518406034342812440888196856886778703328381536935241810530256086793570728543620 - sampling time: 18.174754858016968
Sampling 69 with 125114464839858819158977195947312043799347004764068174248285064545498851009219625705904883107342223874271315579845514327785412400882236323861145208710183955096938384468175780788172505280467901512079527541600733963543703023325961238243538120088792394 - sampling time: 26.9504075050354
Sampling 70 with 45465198946175264372562031265614047050173818903620335091916301299391858010502307692144925538909055729580931087785080117161043030168859802985977604078234258488666715911053656656776606937320756940700083467587135245274239904863729524970092213271359250 - sampling time: 18.157394409179688
Sampling 71 with 107213969870163790250801800866417861115698271893620753834060604121704857821754254723770236293738609573534985952217120105030277483185757705685715607516093108061907926628602672238942346877007516832621702508731116846275469431988179054734326950726564144 - sampling time: 22.42461323738098
Sampling 72 with 18439836677157760413262356128652780720756270116401387862703331838715346099626814870460330939689135335347262243356764774005797632316804071824565052840185920965298247924458483328283210080121968995305003902108581954117630185094364932300818620268976260 - sampling time: 17.91024875640869
Sampling 73 with 68969687455706212069596794473336139606481332816992604879717577568801540856850124989841105629246189801938377993552324050820862754524093091413851346017514605445169435278019817815604632943232261371745189963205792181174514336510480208984271775885306450 - sampling time: 17.319143056869507
Sampling 74 with 100850730393167941977401918109428240212535895619428684786666373400843137057175416691197827697527010391383973494406472780602307955182962089129478051815204857931053938814394452403837849307370907040058500537956421867648978590547834748837374688806846121 - sampling time: 22.267591953277588
Sampling 75 with 64497382762418955257407736836255642083632187166580197532359359297264214670320935077949750662706131363004870654032715463156685961282110198867444721898626418298198301993198411155797414614733416257728948375339571169734316172513065490265301400607413499 - sampling time: 17.721932649612427
Sampling 76 with 44766484378299662731057386330546177387424907957917553528883634169267302318669101978742979579020760277811596597568382086329614712772065918880786385433772031822590211239580163599311244968457811716379107863122426462178491590743316562259267634550738215 - sampling time: 18.354803562164307
Sampling 77 with 95379126754645717988558445414993827400781849862608711309361434418854704142274920481448232200728011363761600179622944975772867490142112141138951061983910132061766837928714706359035803563462145321941243256487320484156852998393365764787485986896240407 - sampling time: 18.261019468307495
Sampling 78 with 11777132424057990126090738182103040976204662433531196674305178969977581037354820442647771057552459379357646563753411295325781671978326133568028449363511630158066719416823247410190279062825701255764741212936282920956890484748279933470729706525342349 - sampling time: 17.745338678359985
Sampling 79 with 106626786055073688443883035486023752215706199097836613266841570057002119569522256915930458661495796361671370884615649017829687532252067317474793296442048308640932387009239209472429431196259530874120115186780034138355296776957080006251082252292567365 - sampling time: 29.997608184814453
Sampling 80 with 18547902259183231880549198857968805106407552300413188177198697316418574981783508439245595479264035472360090199520910126246496333748849477143780557029420926563457714617187518872281875852494089143528381558492948859757249028120908355415339122413767070 - sampling time: 17.799583435058594
Sampling 81 with 102010963113366961724128298792588614330306958799715377250018356123103337284329638671620531801858797722204263133589597739930217194496363029185219583573184843421330246308076300641346133980269267928048664657899954564921986890407811940065340852406023752 - sampling time: 22.183828830718994
Sampling 82 with 111651747695236882598901509978647262650929591492008872906573274410080783198105593249768712859998390934016677231590683275561125747533134624382744619999022522064364625920996635215021595819870430805848192280731466921498998941027635180942072447414525445 - sampling time: 18.656590223312378
Sampling 83 with 24437097965284022372817438909246689575859995249637219162334768992411056962155154491503794275500850217027380313004810670894336487341691989007654316905256631980981984293670546214194185086745349363034836162017431229976409604093790823308322113391807465 - sampling time: 18.493247985839844
Sampling 84 with 43363947359359081126453757594156982047476001388885920487352053905808382913795091828893453668765446302672275333897419305562863390369961621790093031833604820674603745693298352517344285473568220174330285369556771899034179831969130106577549736428768320 - sampling time: 17.42808985710144
Sampling 85 with 76736254525113948025135426058607221276960758076551890793847632172084824968627052375617021445622188326061093931734165247841583815342939618968397746468082784576208660031777657894638796777139594647967303642408698089774488824896469493477777300672349061 - sampling time: 17.935280561447144
Sampling 86 with 21062042355494855916453386496075074385828312899253706965574583340904631651865249477036285816137606732037135086670077759647338320289807005343649191655909668520459901035666289448291329698897651420555170818635065507880997427619861486843024154409051290 - sampling time: 18.20628309249878
Sampling 87 with 74657799246028436738447005507116529235487748788004561551138659398576671420307803919296605375887172427510816276776909743501656489241196160656909773701323769156617208963726737197353103765320019706612358849372458330896390147790524344054609398348732906 - sampling time: 17.984599590301514
Sampling 88 with 100572764257599125127592369075660131984037461930583427292102353481243473452192692463685308382981128805647487901795263113184600790767309140139795867253265674863566110059995941503618272983279800768805065789192943923548781621748307915358965185951282357 - sampling time: 20.533809900283813
Sampling 89 with 81494345158827285178543092845616965211234828867561898060531840391099182389287625390692031665529112172588224616664309357219754641435196140487708621189900291954854433422525502067270378627148045516489522922347083415133067721389540264965125142715687259 - sampling time: 18.153744220733643
Sampling 90 with 21794881713554630898649095853800304519263064412349084881507971036716746604308627355163475177470077426134171086545271681436277177262476429622681288756107576284864106429452739522192872372980453387824697614717682746592126600615514280711690820629473240 - sampling time: 18.581472635269165
Sampling 91 with 127759268225970026691378377675084117466698865301497744739657158742353910005016505613638598229914785122199462027283343310396982565513007812551999779245669959664245467392072832984410654783775433211617281102716879681561159511024513335193899025089658255 - sampling time: 21.59518313407898
Sampling 92 with 28248521114518130937701502688817408389209865643431721945816693718651633787398881417164358255244916968938810067189207505681886862363193039865283713585521560520492763899098726946075214929743689066176648293074732077476266393327612313434698619618690856 - sampling time: 18.343131065368652
Sampling 93 with 37235696004375368613297514750176686437343764293171179510504349701636906995432241602140017808619056336400314402971007068975765231856550745627300780176128878532156591602940838359770290831609860415769236930492831385562060721323287733568189358233411696 - sampling time: 18.175885915756226
Sampling 94 with 73889123726082460526186002572457005525901916395570472882973108764146741149686085600091374120487102043829213028049433724959355087067423796619889470090953935140369104848002564253247258428807600736234450264562432286941960595678812325163889553912046669 - sampling time: 18.308741807937622
Sampling 95 with 25379816974616134201224657857762064599684337804814462310043807906465206440940243477769036011530828950351498290570677943883711581419741532219649656561065446193499190913767855903011313639488666070209500055446128993974504021354329651208201655165611462 - sampling time: 17.737502336502075
Sampling 96 with 95771067931255890174260508838632162206933766558203778569575467049199655283079515291443457326328570643949793943854492347364460513397441493749798484270983704422693491299297736371508866311029385000605949861782770647174100120802802375816548080526003470 - sampling time: 18.434526205062866
Sampling 97 with 125513187310864328936023914227464254139258346391822138186127811230396613838908520118053310507529902743595575749557145067314431267887400317507438642395502454686780906927553583830881953401546240799193694843554938495338660404982621626659315839212508229 - sampling time: 20.3077449798584
--- total time: 1836.5405704975128 seconds ---

real	30m36.595s
user	23m23.087s
sys	7m45.704s
