Input file:  ./FeatureModel/Dune.dimacs
Number of samples:  97
Output directory: ./Samples/smarch_basic/smarch
Counting - Total configurations: 2304
Sampling 1 with 17 - sampling time: 0.14799237251281738
Sampling 2 with 163 - sampling time: 0.157423734664917
Sampling 3 with 2192 - sampling time: 0.18808603286743164
Sampling 4 with 2244 - sampling time: 0.1780245304107666
Sampling 5 with 1663 - sampling time: 0.18657827377319336
Sampling 6 with 40 - sampling time: 0.1927964687347412
Sampling 7 with 1825 - sampling time: 0.14810514450073242
Sampling 8 with 1845 - sampling time: 0.1588153839111328
Sampling 9 with 162 - sampling time: 0.15189385414123535
Sampling 10 with 978 - sampling time: 0.1524522304534912
Sampling 11 with 434 - sampling time: 0.14809751510620117
Sampling 12 with 1961 - sampling time: 0.14791440963745117
Sampling 13 with 1431 - sampling time: 0.1811366081237793
Sampling 14 with 2137 - sampling time: 0.15951991081237793
Sampling 15 with 2249 - sampling time: 0.19235014915466309
Sampling 16 with 1970 - sampling time: 0.1614692211151123
Sampling 17 with 1935 - sampling time: 0.2028062343597412
Sampling 18 with 863 - sampling time: 0.16716790199279785
Sampling 19 with 513 - sampling time: 0.14667654037475586
Sampling 20 with 187 - sampling time: 0.13906216621398926
Sampling 21 with 1538 - sampling time: 0.13319611549377441
Sampling 22 with 1141 - sampling time: 0.17496633529663086
Sampling 23 with 184 - sampling time: 0.1553325653076172
Sampling 24 with 1395 - sampling time: 0.15292048454284668
Sampling 25 with 1043 - sampling time: 0.1650528907775879
Sampling 26 with 1464 - sampling time: 0.16722583770751953
Sampling 27 with 2226 - sampling time: 0.16480159759521484
Sampling 28 with 1504 - sampling time: 0.17158770561218262
Sampling 29 with 942 - sampling time: 0.15211200714111328
Sampling 30 with 858 - sampling time: 0.15265321731567383
Sampling 31 with 590 - sampling time: 0.15911126136779785
Sampling 32 with 1175 - sampling time: 0.15164947509765625
Sampling 33 with 1997 - sampling time: 0.16599512100219727
Sampling 34 with 1001 - sampling time: 0.14610695838928223
Sampling 35 with 299 - sampling time: 0.14528489112854004
Sampling 36 with 1598 - sampling time: 0.15250039100646973
Sampling 37 with 1934 - sampling time: 0.1593494415283203
Sampling 38 with 263 - sampling time: 0.1598653793334961
Sampling 39 with 2139 - sampling time: 0.16487669944763184
Sampling 40 with 1451 - sampling time: 0.1525251865386963
Sampling 41 with 1354 - sampling time: 0.16828060150146484
Sampling 42 with 277 - sampling time: 0.1591789722442627
Sampling 43 with 366 - sampling time: 0.15825772285461426
Sampling 44 with 1483 - sampling time: 0.1629023551940918
Sampling 45 with 857 - sampling time: 0.15434837341308594
Sampling 46 with 2020 - sampling time: 0.16516661643981934
Sampling 47 with 956 - sampling time: 0.159271240234375
Sampling 48 with 7 - sampling time: 0.13326597213745117
Sampling 49 with 2104 - sampling time: 0.17288708686828613
Sampling 50 with 1199 - sampling time: 0.1596386432647705
Sampling 51 with 1147 - sampling time: 0.16863346099853516
Sampling 52 with 1730 - sampling time: 0.14847373962402344
Sampling 53 with 1279 - sampling time: 0.17234206199645996
Sampling 54 with 1182 - sampling time: 0.14538192749023438
Sampling 55 with 981 - sampling time: 0.1580653190612793
Sampling 56 with 1778 - sampling time: 0.1603996753692627
Sampling 57 with 371 - sampling time: 0.15527892112731934
Sampling 58 with 1682 - sampling time: 0.16025471687316895
Sampling 59 with 2052 - sampling time: 0.17222213745117188
Sampling 60 with 2230 - sampling time: 0.17743420600891113
Sampling 61 with 382 - sampling time: 0.18184351921081543
Sampling 62 with 1728 - sampling time: 0.17942237854003906
Sampling 63 with 1337 - sampling time: 0.15434527397155762
Sampling 64 with 330 - sampling time: 0.15446138381958008
Sampling 65 with 1003 - sampling time: 0.15254616737365723
Sampling 66 with 154 - sampling time: 0.1545391082763672
Sampling 67 with 458 - sampling time: 0.15581822395324707
Sampling 68 with 2072 - sampling time: 0.18465924263000488
Sampling 69 with 413 - sampling time: 0.1387615203857422
Sampling 70 with 2114 - sampling time: 0.15166163444519043
Sampling 71 with 859 - sampling time: 0.15210652351379395
Sampling 72 with 1668 - sampling time: 0.16591835021972656
Sampling 73 with 833 - sampling time: 0.13873529434204102
Sampling 74 with 1641 - sampling time: 0.15189266204833984
Sampling 75 with 923 - sampling time: 0.15938162803649902
Sampling 76 with 687 - sampling time: 0.16438078880310059
Sampling 77 with 1608 - sampling time: 0.1648390293121338
Sampling 78 with 1359 - sampling time: 0.15853428840637207
Sampling 79 with 1653 - sampling time: 0.1532139778137207
Sampling 80 with 1685 - sampling time: 0.1683824062347412
Sampling 81 with 1615 - sampling time: 0.16460371017456055
Sampling 82 with 81 - sampling time: 0.12569832801818848
Sampling 83 with 1666 - sampling time: 0.16237902641296387
Sampling 84 with 594 - sampling time: 0.14609098434448242
Sampling 85 with 882 - sampling time: 0.14606857299804688
Sampling 86 with 685 - sampling time: 0.15799736976623535
Sampling 87 with 1376 - sampling time: 0.1710972785949707
Sampling 88 with 290 - sampling time: 0.13916754722595215
Sampling 89 with 605 - sampling time: 0.15815496444702148
Sampling 90 with 1505 - sampling time: 0.15237808227539062
Sampling 91 with 185 - sampling time: 0.13263392448425293
Sampling 92 with 536 - sampling time: 0.17172694206237793
Sampling 93 with 92 - sampling time: 0.145155668258667
Sampling 94 with 451 - sampling time: 0.13959360122680664
Sampling 95 with 1986 - sampling time: 0.1520986557006836
Sampling 96 with 1046 - sampling time: 0.17812490463256836
Sampling 97 with 706 - sampling time: 0.1812584400177002
--- total time: 15.48759150505066 seconds ---

real	0m15.536s
user	0m9.716s
sys	0m6.308s
