Input file:  ./FeatureModel/ecos-icse11.dimacs
Number of samples:  97
Output directory: ./Samples/smarch_basic/smarch
Counting - Total configurations: 497468225710631621747603296699889033272954921819172253991278234562183327622958116060862179163892950611831327207015661220531400
Sampling 1 with 312423303556588212669817504704353015079794250406888268549207870145371641485763257060141555601463694906371251527599187754664005 - sampling time: 423.6034026145935
Sampling 2 with 449144254883577384141012417008275374442568153687725068428275272167727495778558887881079248441972041394955528875311783183661916 - sampling time: 625.2998692989349
Sampling 3 with 21646032394945163253761549556101003072724518754240136377834088238666586595177990238326134795265192026022883183846991467404014 - sampling time: 399.044353723526
Sampling 4 with 141881630366463007235574826445961107183782355366313641330865381584434389881632991853162198467387160470734714719423462819264368 - sampling time: 586.9293341636658
Sampling 5 with 4800152273584859714728185659419087846902572625261321329831555367446220690354858113065611601695433633244724102749194184827280 - sampling time: 313.25158643722534
Sampling 6 with 376581870360753854437492703053497312315423316965269784730670417573892653158256265378066549354462540791011584162522868804393240 - sampling time: 589.654355764389
Sampling 7 with 1737796946679491099951647720152037680148546381544686588910525192041423592690262805004103899846220902691289455131299662056547 - sampling time: 366.25522541999817
Sampling 8 with 203995353447765439264933195565219252071850075139519431459987616084621545345318724608691458301868026772182850661669127797169636 - sampling time: 592.4400188922882
Sampling 9 with 184395891177116480364261493245429243670194961128587520516176358069792304417150152725900990442021214390046217026273615910422044 - sampling time: 422.27701354026794
Sampling 10 with 248377728779241529754276490878401940651530655566246028597556435719354687610983933622212759226964231944533643396742110151669309 - sampling time: 317.42995166778564
Sampling 11 with 190068161640116262696553180864997593889995914096473346695220306326646113039782045346664214302392046174570287223482216924910453 - sampling time: 440.78873777389526
Sampling 12 with 294506030255104035381914063749706673900482686295034330384458299171597461402480089128014897750729924438241542528518566132308644 - sampling time: 341.75548934936523
Sampling 13 with 477848172699942824115107297077032896298265788112613901947540072881169194356878689360309375000557749715738046034251627245521126 - sampling time: 606.4920427799225
Sampling 14 with 486058374408883100926029277273429280419083062962217676333133208150379677462741562994341829472637540994114394832745383423337189 - sampling time: 742.887856721878
Sampling 15 with 166752088172654122774542403920557375182803018012712179312450216941463424887342010073796300718830773208361521830611227168021901 - sampling time: 404.6087658405304
Sampling 16 with 161982593547306250937266546468289103238592693614395396395797527520689829316401631272610412297281048895247474813692535499019982 - sampling time: 562.6384408473969
Sampling 17 with 84286160774689804151856040406157699737080787402686119363503385391930470844101082614511587676820852867151271145181431726360015 - sampling time: 438.8279342651367
Sampling 18 with 143260188996559396966647506913686503650067812344227316781671298101741483009471088854351449369030529770460692311066083838109519 - sampling time: 600.5387873649597
Sampling 19 with 439042721126713451862821035498976267800010965939181497921952977248853289051883342222480455204071495924904327601765052393680749 - sampling time: 456.43225169181824
Sampling 20 with 385771313290421584218098323605119016358018617470305468398147179232265839644598790385473768881788887679862430822604963282439735 - sampling time: 568.6336948871613
Sampling 21 with 217367511884036478135487725439836222893777189109482835907998787008463649753261412951134329318645193346819869813017360623955585 - sampling time: 614.7134120464325
Sampling 22 with 413672588198704807480723735058385934182727107785846164735153155025067018251441700359986915755526006587784554160302777615079313 - sampling time: 431.43184661865234
Sampling 23 with 23712856174244330462956144267395875439332747098349674432180695171780331963070693090502177382660815159185266042619446217495127 - sampling time: 316.50211215019226
Sampling 24 with 416417458594484181729516875302404442933858618094307027289397344336267520082289965893375554880956414470529730419111131798894796 - sampling time: 435.9535782337189
Sampling 25 with 495307547664070581578152338232803682218608712266606882144961232411728436508053187745092377004031667569971395941908460958118057 - sampling time: 573.0959248542786
Sampling 26 with 363590606314927023992698665280761467919826189618664870717887244462532626609123741485288396997644484814145396141354576995309708 - sampling time: 458.5978105068207
Sampling 27 with 338539886598151030203086563822690742399009048006296631930775127158716539826483168814530960384088976660173189560733304802920644 - sampling time: 333.3716366291046
Sampling 28 with 380965249589363636301486711414957850787386585033245623381496143842231100162826587618364234616911771395848468106006816081705382 - sampling time: 448.39276790618896
Sampling 29 with 219556570820886342930303993430726574137657060658574675851880226840542278817010040337467012432525368991086784470833895037066414 - sampling time: 500.9584119319916
Sampling 30 with 185559813346426122216442349255383139041875648776988532243763187071251094895712592357803403012476309791702157996575759466266815 - sampling time: 367.85820627212524
Sampling 31 with 329925533066778200687309620418882343854746009425592422561864337393906105564293713786733887841207598291686403870668786288587487 - sampling time: 322.32432532310486
Sampling 32 with 428379014474402781577328956418288357881921457074503509485652885770352320130045220846127364235102933881489240845508503899931331 - sampling time: 501.4339654445648
Sampling 33 with 96397114310614794496333995379199894950336324583826352428903892348337739563780373156998192848512918215818064170917844478747507 - sampling time: 417.8166882991791
Sampling 34 with 202526980127322860113140457109669226010890240756079249567715066287264073662284231644119420780808809667771150414630585104621584 - sampling time: 493.87770104408264
Sampling 35 with 316173805711448787826822731120338007670297078654919414584364673553861299032274416370075359085965833055027837429891837302395307 - sampling time: 429.30486035346985
Sampling 36 with 248878483984748943264478960458785743144524889181753598040134354777855582332236398965295310633127984887355850824450690404802408 - sampling time: 368.5424430370331
Sampling 37 with 310885680589278604981380499726947496002529509678260320244388912908167747654053757765582624611188422616470359867833292159452227 - sampling time: 588.0601282119751
Sampling 38 with 46981364583232546529175542069922489715445533163524437905839184893689717978216199052920139143124188538596977899946886834249310 - sampling time: 447.23923420906067
Sampling 39 with 265339935647734306416670891921111772282639477598698784390156828642450445076690212428531437957647417908154718374697959920981552 - sampling time: 416.97830605506897
Sampling 40 with 57206599937078720082239503695691218752990898467082304746138370886956634383064241843189017798237166822539342622071719346849828 - sampling time: 382.70248794555664
Sampling 41 with 265540855453250711359545711139291476335405456227780913956592271213156592233524106599093690164310548907522694826468816893445769 - sampling time: 422.0493438243866
Sampling 42 with 445208298073593940402512569052906614414565490581184782648971938794181553612681450328547972389454449830142047535524549387872612 - sampling time: 492.59011673927307
Sampling 43 with 343009337118824340797521514257946876873150512582806633921377240030173580083259262272520950628584480628490879228019872339172609 - sampling time: 368.1815528869629
Sampling 44 with 349852728632768047895762720976877805852849185349447029369514312269099543758570023024993445973850875785363597861445558939517062 - sampling time: 429.13758635520935
Sampling 45 with 116516290144134978028980507145611223127597144947547820511407497640029163320039019989914166778622653572372524874769850391332169 - sampling time: 319.1730442047119
Sampling 46 with 477755054878945903087513608713640561335096556450284504808164216821182700603962939542611926967354494795328785377670542146626384 - sampling time: 600.1354820728302
Sampling 47 with 35839402434171382269264525472598313349900484055413381841457942234311491973972307519703324517193736133539044685624831133290651 - sampling time: 393.9296598434448
Sampling 48 with 246451888204175154528825803437555378617228422645703611646362737548720190600894808386900869299407511880032976233378039566578044 - sampling time: 381.5746281147003
Sampling 49 with 202960320161826905413739434476983361667986898997746281158511607152814481128034965415170693903211056931111505578576864747859626 - sampling time: 604.0012631416321
Sampling 50 with 411233027920611996082235296357038130417344450647747315240996529995427622436404998184580548588077999922754942009584111796911118 - sampling time: 363.3640367984772
Sampling 51 with 485539883995948642761925258714157251130457794458228496817631529971941688012861674455033189858842381262902076490141736052892452 - sampling time: 644.2911751270294
Sampling 52 with 131240266153453487726410957950269816260054755663224534284309194925242161367891747941350515691478730164580878719533150091173204 - sampling time: 428.28558683395386
Sampling 53 with 139878999385358753604429579926829345638209400756282688425490413991263410586036231322293652048144963236690817336119644871081101 - sampling time: 455.45857286453247
Sampling 54 with 62170803426248970201578522421620882115862805386706108240004972477751172550172993356404662020310957398584242341851181131580668 - sampling time: 417.7646174430847
Sampling 55 with 337659324288069780569840560060787160922146877908217107463823713952151551426929430944320096634414328683943268551743646127751425 - sampling time: 421.1977713108063
Sampling 56 with 341709881773506099556031867338264750822933929502646650563234727852522288276642711050169208922549465441554152101254646469109547 - sampling time: 398.76878786087036
Sampling 57 with 42700830061065880701103948867603583143017989100677706705906283938532064282796046071663307589056529220231436334219092336423043 - sampling time: 491.0151813030243
Sampling 58 with 206429546190300899808653312870383887549455910980494254071594306479489071734888809140566496956127442101336232622058295185154155 - sampling time: 548.5731952190399
Sampling 59 with 342693272840758616915425862242418812943870436156928983149996935581516303694513850800412630630259743210331375750635213060678250 - sampling time: 411.73664116859436
Sampling 60 with 61846152852291923381126423140777776919429683241088616211041881052431922721290858065273120311066587604357200004417967589448912 - sampling time: 316.5772566795349
Sampling 61 with 496790967396578243174676680179476709849790636443062756659619210437225979779594143898867053440130576590942154415889385679500517 - sampling time: 753.0913698673248
Sampling 62 with 269481842081005526860901921327297558561274644264516401986212368108454853899208173689490216094564458875492451657629928193976422 - sampling time: 433.1308925151825
Sampling 63 with 267544835943939861068553764630384759455884895950768117200680526221099625017277804008226616027622095119625146906861983945801535 - sampling time: 510.92486548423767
Sampling 64 with 18905905463206593772390509046590824766784440811841093564890355360559796199445965780832941951797614944392857497623904044715759 - sampling time: 318.92055010795593
Sampling 65 with 151356479539525203543868754264214729026507452082602552154463792931893951808060748965689608505173349842759764925928117026998303 - sampling time: 480.2667200565338
Sampling 66 with 141891416670660041212869646115143706424522029389418949853803788076448870796304826220472205648779921804112939379468917686145352 - sampling time: 454.45823788642883
Sampling 67 with 432815348021162408719844490889725728067563034824424932121385291965432700961189127202209344577011676529117585993843010205721568 - sampling time: 481.5548779964447
Sampling 68 with 87665929368290389689386611806077179228653668683654057561587902848190634648942828037200520480781035714586511334338148002594748 - sampling time: 438.13690090179443
Sampling 69 with 329337883993146581067288991552621871340078014647199149523711885546641099752315831277569096205169155362283220763382757350939393 - sampling time: 467.13759207725525
Sampling 70 with 433616169856973097303689609394540672656951269117850621374449685013680386604433757295725067146973674554321487900091899118050246 - sampling time: 460.46605706214905
Sampling 71 with 426633092376245238515186013772429292547385082607358824968005032964246247343464779622772919813048455738927587549053087629476809 - sampling time: 599.6225054264069
Sampling 72 with 229666553214859411711167609840079292597205999067073737337957386146108085598973762556100627052021519546693427050098495245483615 - sampling time: 312.9586546421051
Sampling 73 with 320394879860629026958103898398898317914501970102651516918410201724507563758674358997509769619050302228786195791058316903386792 - sampling time: 503.4766538143158
Sampling 74 with 493612841015228785432037491695405720155360558798628247567384339859322924583705109250289517258599850032288625113886128668881290 - sampling time: 663.5698750019073
Sampling 75 with 447416463299947592052726787704665265300906225431522682819180486218714529858171771366139196654563818207170688899873973668925321 - sampling time: 580.7720835208893
Sampling 76 with 237089091383991832045354883526020371716090030427049881810503049957878997289234231456215441154032489466973591667163949189803488 - sampling time: 312.43972277641296
Sampling 77 with 295915735108042585573471260710483537791797680118144967410822633169396647165404221084090630054674843722046202912417120260549688 - sampling time: 332.23291659355164
Sampling 78 with 222407380676530667083852239065388744728945305304239061547055173039424568550705668281276777177224812843467833362557931400751403 - sampling time: 601.1132791042328
Sampling 79 with 183539511132578658986383174377715310478837639919172862958821431436848871520305362233337961097623098930798077413043586592598678 - sampling time: 442.9818720817566
Sampling 80 with 431022327648601318080644515777494030053418876291781043539772050697621870154097376547166707395874873719749367297297199447215088 - sampling time: 559.8586547374725
Sampling 81 with 401431107695600698671244877780887596063590473534292425899655509235128016984612819510253315888469719518935248594197836648048969 - sampling time: 444.0826208591461
Sampling 82 with 412985982587178260870805304180468586782642470674382293652097644583759730008130276887144124631104351607202510786284175424731327 - sampling time: 463.74046659469604
Sampling 83 with 370492936304614803624541443422671993098151788380515917364075394570926653613296027782771628258674571450390445485508769596592990 - sampling time: 483.88205194473267
Sampling 84 with 213460424735132450398079043216271051138208193323585389907644689222803592969868046203585234204627909828894407135305997066684569 - sampling time: 602.9797511100769
Sampling 85 with 142167435664738200239626658012057723783663945819788038089329923425308360652628093972697257117589291521883639682788261155416643 - sampling time: 476.9404950141907
Sampling 86 with 243629277040161068469701852270694662778804539589570561748180093837274773250973918077908510504537428600214988799376031794650879 - sampling time: 386.89339208602905
Sampling 87 with 391890477664438892248689909708128742656917419023811436605770803246775853673296029357773173994823933755243908551816905484826565 - sampling time: 359.2250804901123
Sampling 88 with 239547193017367271019612340509507195360839719240003612022065323981005367448773367281413531818330403653995552939078687967523574 - sampling time: 324.7676019668579
Sampling 89 with 87111219485975575540682672515379354464400594101668245744972099562521398000068616662072356226672093265092673993128231826867602 - sampling time: 549.5053827762604
Sampling 90 with 303137335693147422653327070901281823287238755614033966737350275995318165535266244701629087141736350256591155528119152120461350 - sampling time: 313.1376450061798
Sampling 91 with 406199867688240269242030907495140613152354336571659420288581732579473952384126793494576563194628579245569067154556715352907934 - sampling time: 425.3967378139496
Sampling 92 with 127470210131660906656251100333290142549654663515879162130780456307560233815553688936355745027222036297109353167554695068581031 - sampling time: 441.12062096595764
Sampling 93 with 356911163023165914473085799836076017638991853554181069007442998630394940157868236873617026329538624520433038481398243007347931 - sampling time: 372.30230236053467
Sampling 94 with 229485140158270888558551042858487784064600479678024925169820690533671927350489903269866975051203351589384707021642675748202780 - sampling time: 309.75820302963257
Sampling 95 with 291027096488308213996738086181284693960653488475358299001485791625002967630644879310789031194799095282564663401915000113185908 - sampling time: 397.85066747665405
Sampling 96 with 85646873831854045681802147719995678843857447286492843785054678162362462028087633680727048911567757250157831988669924845147496 - sampling time: 546.7940583229065
Sampling 97 with 67597168488852909261050616798817279133492385838882451172056923684033936922316374454911461867491862803726811477845088614409740 - sampling time: 353.4814577102661
--- total time: 44526.268466711044 seconds ---

real	742m6.326s
user	686m34.727s
sys	55m29.024s
