Input file:  ./FeatureModel/edosk2674.dimacs
Number of samples:  97
Output directory: ./Samples/smarch_basic/smarch
Counting - Total configurations: 2735979535162214275872617440867927650740675093937014520704125793465505128048586378796672549783375302824430352565028200400
Sampling 1 with 1868325743190529045235911800201510265248382807597141900874887600429911871671872689610378992720222266222824559603825693633 - sampling time: 43.51581335067749
Sampling 2 with 2621790102570399601833012488554217177300123624185033182357807684268878799022079074553161276014267685026908427838888487782 - sampling time: 45.15659689903259
Sampling 3 with 1374646559113989017611494903175778937623169300776895756725146742266506686439786895353067681711199761553838823742392499306 - sampling time: 44.22137212753296
Sampling 4 with 2064741078895696553424760954184839741098617790289372244991226221802789564915128800364309844582709527605576963155829199571 - sampling time: 44.65124559402466
Sampling 5 with 605498699097749433157797998872762335358448744141453156651756099568876205686994002202766514122269572983255371223440117836 - sampling time: 43.0742621421814
Sampling 6 with 179336166893562227432635743709004776924497372583259896043532880485515964943084829967504112157326158433274922603429480073 - sampling time: 42.62161159515381
Sampling 7 with 1474298186970153406374166989526767172178474303257692752653737424249767820673990313554568226932938312575462166896424483730 - sampling time: 42.47450232505798
Sampling 8 with 378193751758629759736678607250897172993985270964401010298733648107674665067141259078425232344768780166260185786710840230 - sampling time: 43.11020803451538
Sampling 9 with 1044851721778709591335947188673474781582079333718845647207554058867874060192754227554634184602630381102532793056857973474 - sampling time: 44.09320521354675
Sampling 10 with 1810733551772543734125495231633559482144927237161281309601948570228753047338382966552236652938098436404336494640685408387 - sampling time: 45.14424109458923
Sampling 11 with 89863392920402492159321775521987891705059260614839675164611312035345219066027747205509028113559441638640309150554178976 - sampling time: 42.49535274505615
Sampling 12 with 571380856650157103064607009713047300228146219591897488581799242900252999340073551673079816586739170236150262991640102776 - sampling time: 41.92863488197327
Sampling 13 with 1650049422122391326144565725329188979963759641122085279822814219966005898606485632879186515126445589444507052531648400048 - sampling time: 41.53689789772034
Sampling 14 with 16022888160411061779013861591777277272943482712720349741689716866300252402833767382889407371565077812110255680536524696 - sampling time: 30.21510124206543
Sampling 15 with 187171220253895248307869308293982503895948487882827199952831559829601653159326053224296606303277070809924851854955648558 - sampling time: 43.73135781288147
Sampling 16 with 114164360440652682011341804201174022572336828816814173894692758715411560234594737774092987827661838914813882782963242927 - sampling time: 41.975066900253296
Sampling 17 with 465524738195064990102299048347980930254038563454827731042818825378665980607857875395035851887172166355073031928193638409 - sampling time: 41.30840706825256
Sampling 18 with 1703697141413843356174355352344341656042212398241226024835183039647570173480288942555722289839906946039120200163357440256 - sampling time: 42.404083490371704
Sampling 19 with 1640428568141312425862198860496331473274544243697562174423412755750192219404986439450234757245065235809061073330179602671 - sampling time: 41.226704597473145
Sampling 20 with 182736406068173463167116682729351365220930264023062502336324003328431134163118722700957833286484597656564049609274114895 - sampling time: 41.59610843658447
Sampling 21 with 256701792304699913728957180442442011172918582222961565896522732791366164427747961241317843705401081734325171605559054105 - sampling time: 39.41860389709473
Sampling 22 with 1288998846914113441649092202219037924123108966656879224565714072815078271376484867635516424844585553007864852010078609614 - sampling time: 42.42509746551514
Sampling 23 with 103744118862121588732681639539287372310031856852939244466903934860521660452495353463139126433718805530949577020579728047 - sampling time: 39.961283445358276
Sampling 24 with 1367750215606933617814959816128532464504053498167678576295390811777917395983643498846264962524479561996077009575816588783 - sampling time: 43.399091958999634
Sampling 25 with 1239022160360568586010435111166912228280022122638446424320485397070395513762259760850890626348147367618795089808184989462 - sampling time: 42.18002486228943
Sampling 26 with 2022483081868883937473412971851582303932207235538640856340860621404711897242714453004898457552689424586650285468634365278 - sampling time: 45.84208846092224
Sampling 27 with 2422886275833130178936820774912253873691573783415192323571795747310965510687483692846843813245602914275519697128779933477 - sampling time: 44.16564750671387
Sampling 28 with 2520390328942217910178406961390310888689828737137012999185791603818239324372613954663852301502531903581514890094385289726 - sampling time: 42.67502760887146
Sampling 29 with 2248560171738683591215144469062734041139626856045688096693536427644901055880646076257612931797311221236990937223641958693 - sampling time: 45.67378616333008
Sampling 30 with 374936203222905976752932562217684579233519960484341139668369838950954411446478577194207189456004714766304527936687841306 - sampling time: 42.91302680969238
Sampling 31 with 910172222947606205676673552923453294765753052104887967219798019467036011995024408737468468069362900622607874867913362714 - sampling time: 43.4893364906311
Sampling 32 with 811102172986369798236073005840969429838034840967049852767481761557174355424504056868399888871916146365305599565720497289 - sampling time: 43.171077728271484
Sampling 33 with 1742158616367383724133603790955760593536155789265203158754846488117103011746966268896093346800736047019364327937713533416 - sampling time: 41.73009729385376
Sampling 34 with 323070535252111368036223699095117281266121402508378529566275529233226621287823473930641088954093840444096105259980055200 - sampling time: 41.7182297706604
Sampling 35 with 1184273377601289516189963049757080405008612355301546863319379028599435302043559821056170163339779686933408133175379830986 - sampling time: 44.25460124015808
Sampling 36 with 1439141456814579799341156735721128315641175816441160734535458622815636512762351516050674918731734826663662080896059961586 - sampling time: 40.798540353775024
Sampling 37 with 1890424318610146941954053289296751862255769441570804801122730413740831089599347069814417251585839516673576553373585701783 - sampling time: 44.86604833602905
Sampling 38 with 2170557613506360298074065725591157928375238026976152515867940461562613359285974814297413484571826927435098811166158837767 - sampling time: 42.845781564712524
Sampling 39 with 2456480401028969256194626268467501382086266425824754478727476262883335516559738311338877253985911989267814642657729809320 - sampling time: 45.75684928894043
Sampling 40 with 1892265006921340305129227936911885116425005460401909987081642274984104456620302256067092301514413559874674802281249103732 - sampling time: 45.62557411193848
Sampling 41 with 683525188373486312814809237520042404270519737774323223979995280081038808339858346734155234893849905541717895764762146595 - sampling time: 42.58270788192749
Sampling 42 with 2048859205868470246579339159327230135391207249354549794331156074185383201986178815448357381187770771114648098365464149995 - sampling time: 45.00108051300049
Sampling 43 with 2210467027753582660991829058989705297550363268691199615138750802071294394626428943725733697145190056775049218644383224200 - sampling time: 44.18639802932739
Sampling 44 with 1178584094904161492628960969629138098904690646481583245695855357153598342201117061919493944513198770210229034194230688411 - sampling time: 44.927879095077515
Sampling 45 with 1139205122683727167454874156543206930858495197162287451112851274989131163262450956821308062661964424400142357165619318045 - sampling time: 44.0759801864624
Sampling 46 with 1727508861290951438878941932134984753791072879056747844324940060929467807539206321711753595895191919020864303076983434755 - sampling time: 41.27805733680725
Sampling 47 with 353876447059753668631516176313332940359092380454618611690158038602905248773640315283730818883027576232519656822678943274 - sampling time: 40.49109101295471
Sampling 48 with 2143896017390354336985812997632353283650676189200648125662223268255767650052999522199904588768170892989808753247199498495 - sampling time: 43.51262879371643
Sampling 49 with 579858578772925491898525696768792819938029573756219908278930222784255562026753201944706629973770599939691920818358662072 - sampling time: 41.93128252029419
Sampling 50 with 2037509037057639285067694925474522033181810901922525668067626233267397350462563596561512846619607653860440399880994228181 - sampling time: 45.41713523864746
Sampling 51 with 1389003011043927805322997384816899933630584537047727761395685528726308801437798190149619130186937066557093919537010371472 - sampling time: 43.688485860824585
Sampling 52 with 1533855233997010401034682054827018647050144181643372499643070690943477891971449424525258548813581449205452558245917500670 - sampling time: 43.56883883476257
Sampling 53 with 1202912526512355800188231035980748719065885454098383020624887923744381287119885912357486326974092267090477046046956258627 - sampling time: 41.45099449157715
Sampling 54 with 160248455863392624925314012312877104432279300876871288200013696250778709063254507621768464484427377193152660758990281880 - sampling time: 42.414389848709106
Sampling 55 with 1429229631581107990729011428932825907938614229444312231328843979587082998284664465607757324540280555589521332757298073222 - sampling time: 40.580220460891724
Sampling 56 with 2295361051439727073375447715348349283272486017794050142274833691195994606401386567987476301321452302079276455153825514701 - sampling time: 44.47254753112793
Sampling 57 with 266371884615723328660167899344610239411481819585788772042888523978086990680687876684982387922474148960552504949740393276 - sampling time: 39.394155740737915
Sampling 58 with 482287932290145908793231518800930848135821600376354908851077249258144772731092996493199939127815135883223221770819954123 - sampling time: 40.152961015701294
Sampling 59 with 1905144657316015508804878151314004978113996791540164000909884057574072197396779695589295444475911544766350404186780613679 - sampling time: 44.22140717506409
Sampling 60 with 918093945422770622795731208192762878145686089215570354215772984140029581684381923473006065853004199668958653922510073525 - sampling time: 45.66382384300232
Sampling 61 with 909404735940799015872270486786808462790589478584713511434019165212258518472807117415290612210881478497151607882996541741 - sampling time: 44.216893911361694
Sampling 62 with 791902367654559581823702430183996360999892237930835626274904295674790066132242836226476928539546308393080277823198848101 - sampling time: 44.714571952819824
Sampling 63 with 2613616609727148789875030822842652028358315945703314672879525442249919065301369863120663506929015016927302792188398833160 - sampling time: 43.39698028564453
Sampling 64 with 1386284166164018653498069693721460367940050593023703917964035720799056643702751628957736243454335929642840399607645172008 - sampling time: 43.44265413284302
Sampling 65 with 1131445459867757596214698227561712513833550290037926387887921581807831832029519494439986458062348243144002247712850764340 - sampling time: 43.68497443199158
Sampling 66 with 1943887731779344666370166295687754486138891052072753212637177042370173406773931141417489724820312938559280412283891405277 - sampling time: 43.68948745727539
Sampling 67 with 2402245894514149049959074969187676462555991678612661204811254156929899788264458506180814826707854261971545110850057283633 - sampling time: 41.07147789001465
Sampling 68 with 749538498946128287529135217901923195257728245301396533120149717369696481823288953301336095918498116313397814163287499381 - sampling time: 42.394672870635986
Sampling 69 with 104713122891394273273751881500623806374578303167000003490667094671152053004881438478493507378815613641177255496801786361 - sampling time: 39.99426770210266
Sampling 70 with 1647398927607194564879988615636448914561857987532664710775374250562349886995315567844747599771845799029910842484236626740 - sampling time: 41.71745562553406
Sampling 71 with 912617235913286959065958400901549223153776163724125360635954796124406858129304586704450563157327294545932677786601634382 - sampling time: 45.260884046554565
Sampling 72 with 921430049934024167540915899787884050783916814471492908836551114924832028897644207660394181930009280552534818310658452143 - sampling time: 41.69688630104065
Sampling 73 with 2502974666064009153002761943925585563830542033525763808979187771248594712084547795200721190233115409710581372184661573216 - sampling time: 43.92151117324829
Sampling 74 with 2543080339848898054531467887371094866950410859246617161836108247856077142333282084040818377687152242408745281568902780206 - sampling time: 42.540146350860596
Sampling 75 with 1110545149906773364470343150501643242258170789573972462416494362006237326013238510992667734793276067703649534549867168155 - sampling time: 43.65927696228027
Sampling 76 with 2715037013695599872015634088466938087470481979230279054888743763134370214474285924139675323554864572447740892000541787171 - sampling time: 40.04265594482422
Sampling 77 with 2093269002695991968109169839166447070817093600005794771534525512259078055442735239217363572725285191486938226246659081121 - sampling time: 41.967509746551514
Sampling 78 with 337022256480009545757178471394489317025820445819912607776824508780248781533208856164994393441825625593776306547575590856 - sampling time: 41.62329053878784
Sampling 79 with 2119930261807886591468394330913297939372811447159306134263280241299787168786950317732896491350788368577241516288490910977 - sampling time: 42.16454195976257
Sampling 80 with 592485000543616682623304619120350865326148383014490701344039021556848957406017287483187107880052742138338468353564134098 - sampling time: 41.24504804611206
Sampling 81 with 1724304643194799650332165965596728342558324722277691081843896361305527536487819773518864590175504445804068611874511889130 - sampling time: 42.486610412597656
Sampling 82 with 307073359524288669508393609006792781239020280571140038588428452139340770671252215573908638791149006374718212338883518998 - sampling time: 42.22122645378113
Sampling 83 with 2267742720265024691084861853850050003351276914976060455521113242200441505287306744301414750877813261138214141766271350997 - sampling time: 45.35454225540161
Sampling 84 with 368093296007225749544655484940108001751398140646761233956433697959795967777802319435448450819403985125684438063893536428 - sampling time: 43.600839614868164
Sampling 85 with 980085804150173579319617522625750232983263036772653193128184046421903121287425886845534919071025250145693156053849662536 - sampling time: 42.54315400123596
Sampling 86 with 1736771650446206091996098514290347230136691045804783140043977075918959686883530157424747410121964581301320392331659137356 - sampling time: 42.214205265045166
Sampling 87 with 1078287328382410418206129603817828904516815376358365174114456893527723909154196635941938705724509460650991176162495050452 - sampling time: 43.58602499961853
Sampling 88 with 2490568278475979341044695140939907071826854170751748470681590462992415795069038664823091837059627615950599753583911694525 - sampling time: 45.56441640853882
Sampling 89 with 1849315104756516819897394225164771954389094563277333819348897713171550960438458387693784372973056155585053857572764204977 - sampling time: 43.596184730529785
Sampling 90 with 289714758834514864083718540870749637201102849025381231037826885400018757121383158805152387234506993465162144445119069678 - sampling time: 41.53822064399719
Sampling 91 with 70692279763621228850719234995361130454764918778822965636406060259956085134881675766356084102991557070704109978408059241 - sampling time: 38.935060024261475
Sampling 92 with 1077363338436677718923571055470979993373648366401103646753225675968749933758396315426651034912940196173762025827792386382 - sampling time: 43.38171720504761
Sampling 93 with 2154388002264309493619563667352563153356608881142937611473211639781545115056120154154022339000187102502641685036822989466 - sampling time: 43.590007066726685
Sampling 94 with 1885901268047100765175967642824410277969722701011447558672470273117791326878586736658173449242415719715562365914584067205 - sampling time: 44.795891523361206
Sampling 95 with 1767668035428141459314980453950043130687803544330321767092929207493159112548037370871304236738243321509547149794776158191 - sampling time: 44.35200023651123
Sampling 96 with 429191246079706126490272392886998103560973171832619115321599592432590266003632584613801951073861664893009673250801008595 - sampling time: 43.17872619628906
Sampling 97 with 1538682242992449686583717055470268056762112094598324310582016981931203733501674120229806429631624288274741604284370392646 - sampling time: 44.63961458206177
--- total time: 4158.4093606472015 seconds ---

real	69m18.461s
user	61m45.170s
sys	8m2.386s
