Input file:  ./FeatureModel/fiasco.dimacs
Number of samples:  97
Output directory: ./Samples/smarch_basic/smarch
Counting - Total configurations: 358108536766464
Sampling 1 with 333119039520204 - sampling time: 69.93402647972107
Sampling 2 with 273852082064599 - sampling time: 68.11568593978882
Sampling 3 with 19389547738098 - sampling time: 68.14817404747009
Sampling 4 with 318059804285480 - sampling time: 68.15943789482117
Sampling 5 with 193815272142579 - sampling time: 68.50929522514343
Sampling 6 with 298730300755411 - sampling time: 70.89610314369202
Sampling 7 with 101110087739229 - sampling time: 70.94871044158936
Sampling 8 with 312720360980955 - sampling time: 70.19565510749817
Sampling 9 with 42847668248365 - sampling time: 68.41291856765747
Sampling 10 with 166176784844862 - sampling time: 68.41740083694458
Sampling 11 with 245580365998582 - sampling time: 68.83342838287354
Sampling 12 with 110418539499148 - sampling time: 68.50478982925415
Sampling 13 with 74764712527678 - sampling time: 71.09240245819092
Sampling 14 with 7646722668764 - sampling time: 67.77563858032227
Sampling 15 with 35019354511289 - sampling time: 69.9336290359497
Sampling 16 with 124755209477174 - sampling time: 68.53239274024963
Sampling 17 with 186009812013568 - sampling time: 68.98674058914185
Sampling 18 with 233507976071374 - sampling time: 68.67069554328918
Sampling 19 with 164134310406724 - sampling time: 68.49561309814453
Sampling 20 with 3369264979479 - sampling time: 68.13326978683472
Sampling 21 with 108560271702875 - sampling time: 71.24395561218262
Sampling 22 with 268230705661338 - sampling time: 70.1480770111084
Sampling 23 with 7405141990675 - sampling time: 65.8925392627716
Sampling 24 with 77411543880996 - sampling time: 68.44608974456787
Sampling 25 with 173076406049742 - sampling time: 69.24961066246033
Sampling 26 with 270896111408603 - sampling time: 68.87152075767517
Sampling 27 with 169493182217731 - sampling time: 70.93345808982849
Sampling 28 with 170569509928141 - sampling time: 71.15198826789856
Sampling 29 with 73305131243532 - sampling time: 69.62473893165588
Sampling 30 with 16072034499268 - sampling time: 68.43369746208191
Sampling 31 with 12654754530203 - sampling time: 69.24569606781006
Sampling 32 with 41261523184965 - sampling time: 68.78956389427185
Sampling 33 with 205956222684413 - sampling time: 69.40583777427673
Sampling 34 with 115430497144778 - sampling time: 71.30922651290894
Sampling 35 with 252008613703665 - sampling time: 71.22595143318176
Sampling 36 with 48231206988108 - sampling time: 69.47237157821655
Sampling 37 with 16112684627830 - sampling time: 68.75581574440002
Sampling 38 with 309431343666940 - sampling time: 68.62525582313538
Sampling 39 with 148558030308786 - sampling time: 68.2058174610138
Sampling 40 with 298690475991017 - sampling time: 69.49213719367981
Sampling 41 with 261608987567587 - sampling time: 71.44206809997559
Sampling 42 with 89077019814904 - sampling time: 71.29784202575684
Sampling 43 with 34191245143719 - sampling time: 69.4384548664093
Sampling 44 with 54512622483912 - sampling time: 68.64836621284485
Sampling 45 with 191371586052595 - sampling time: 68.86676263809204
Sampling 46 with 50548610933652 - sampling time: 68.8075156211853
Sampling 47 with 171923007096173 - sampling time: 69.79422855377197
Sampling 48 with 224354150085009 - sampling time: 70.9312093257904
Sampling 49 with 18711490633425 - sampling time: 71.14156699180603
Sampling 50 with 331976326438905 - sampling time: 69.35599327087402
Sampling 51 with 54105092428127 - sampling time: 69.1831910610199
Sampling 52 with 143709066757822 - sampling time: 68.59771776199341
Sampling 53 with 220151793253927 - sampling time: 68.91812324523926
Sampling 54 with 192091273625868 - sampling time: 69.51674389839172
Sampling 55 with 321599633976041 - sampling time: 71.50358653068542
Sampling 56 with 13850244082177 - sampling time: 70.73250389099121
Sampling 57 with 201570040757848 - sampling time: 69.17134976387024
Sampling 58 with 311684243315589 - sampling time: 68.64336514472961
Sampling 59 with 316503534706496 - sampling time: 69.63753318786621
Sampling 60 with 353298369627013 - sampling time: 68.62415671348572
Sampling 61 with 186985227788135 - sampling time: 70.3925998210907
Sampling 62 with 88117886473107 - sampling time: 70.98771500587463
Sampling 63 with 267072549001839 - sampling time: 70.91175079345703
Sampling 64 with 281555689583716 - sampling time: 68.56317567825317
Sampling 65 with 128789816982214 - sampling time: 68.6725652217865
Sampling 66 with 205442136969924 - sampling time: 68.14711308479309
Sampling 67 with 71187605078592 - sampling time: 68.58730244636536
Sampling 68 with 318795810143557 - sampling time: 70.75944638252258
Sampling 69 with 36547119995349 - sampling time: 71.02989459037781
Sampling 70 with 86949310736175 - sampling time: 70.68541550636292
Sampling 71 with 173556696013869 - sampling time: 68.58052849769592
Sampling 72 with 82183556686717 - sampling time: 68.63578939437866
Sampling 73 with 142795417386686 - sampling time: 68.44271612167358
Sampling 74 with 70454846003373 - sampling time: 68.52166056632996
Sampling 75 with 6615120723249 - sampling time: 68.00028133392334
Sampling 76 with 260782037155306 - sampling time: 70.7981493473053
Sampling 77 with 118149992321627 - sampling time: 70.2798821926117
Sampling 78 with 274892598375963 - sampling time: 68.79715704917908
Sampling 79 with 221310572429071 - sampling time: 68.95481872558594
Sampling 80 with 254573568558862 - sampling time: 68.69621419906616
Sampling 81 with 235489113531522 - sampling time: 68.54919743537903
Sampling 82 with 25266088267424 - sampling time: 70.47128677368164
Sampling 83 with 138751698685661 - sampling time: 70.90410566329956
Sampling 84 with 272132002711297 - sampling time: 70.25118207931519
Sampling 85 with 39683884601453 - sampling time: 68.2146201133728
Sampling 86 with 262882452070824 - sampling time: 68.67819714546204
Sampling 87 with 70112508929445 - sampling time: 68.43266582489014
Sampling 88 with 257277071069323 - sampling time: 68.157142162323
Sampling 89 with 112810711867389 - sampling time: 70.98392295837402
Sampling 90 with 168184644571529 - sampling time: 70.83159279823303
Sampling 91 with 354080596007490 - sampling time: 70.30078315734863
Sampling 92 with 176690707483552 - sampling time: 68.84325790405273
Sampling 93 with 229275670895700 - sampling time: 68.85497832298279
Sampling 94 with 19933617380688 - sampling time: 68.82873392105103
Sampling 95 with 321514975318388 - sampling time: 68.9113199710846
Sampling 96 with 174122611517130 - sampling time: 70.67882704734802
Sampling 97 with 74217015337640 - sampling time: 71.38751220703125
--- total time: 6735.222079515457 seconds ---

real	112m15.293s
user	102m31.765s
sys	10m17.310s
