Input file:  ./FeatureModel/HiPAcc.dimacs
Number of samples:  97
Output directory: ./Samples/smarch_basic/smarch
Counting - Total configurations: 13485
Sampling 1 with 3807 - sampling time: 0.3478970527648926
Sampling 2 with 1526 - sampling time: 0.2804863452911377
Sampling 3 with 1968 - sampling time: 0.318087100982666
Sampling 4 with 9946 - sampling time: 0.3385794162750244
Sampling 5 with 485 - sampling time: 0.3176279067993164
Sampling 6 with 5106 - sampling time: 0.3086724281311035
Sampling 7 with 7417 - sampling time: 0.2885582447052002
Sampling 8 with 13064 - sampling time: 0.37821316719055176
Sampling 9 with 7815 - sampling time: 0.3971679210662842
Sampling 10 with 9235 - sampling time: 0.4639604091644287
Sampling 11 with 9731 - sampling time: 0.3299226760864258
Sampling 12 with 11646 - sampling time: 0.3294529914855957
Sampling 13 with 13379 - sampling time: 0.3578634262084961
Sampling 14 with 864 - sampling time: 0.2870759963989258
Sampling 15 with 2131 - sampling time: 0.3135397434234619
Sampling 16 with 4312 - sampling time: 0.2900660037994385
Sampling 17 with 8618 - sampling time: 0.3750593662261963
Sampling 18 with 1598 - sampling time: 0.3081033229827881
Sampling 19 with 8067 - sampling time: 0.3076450824737549
Sampling 20 with 2438 - sampling time: 0.32187700271606445
Sampling 21 with 6085 - sampling time: 0.3572061061859131
Sampling 22 with 7744 - sampling time: 0.3324007987976074
Sampling 23 with 8887 - sampling time: 0.33776235580444336
Sampling 24 with 2733 - sampling time: 0.3412210941314697
Sampling 25 with 7571 - sampling time: 0.28892016410827637
Sampling 26 with 10457 - sampling time: 0.28263115882873535
Sampling 27 with 13119 - sampling time: 0.35699939727783203
Sampling 28 with 5056 - sampling time: 0.2944447994232178
Sampling 29 with 5057 - sampling time: 0.3083629608154297
Sampling 30 with 13430 - sampling time: 0.3755176067352295
Sampling 31 with 12109 - sampling time: 0.40634799003601074
Sampling 32 with 1501 - sampling time: 0.28070664405822754
Sampling 33 with 7788 - sampling time: 0.32177233695983887
Sampling 34 with 8283 - sampling time: 0.3346130847930908
Sampling 35 with 7499 - sampling time: 0.30853271484375
Sampling 36 with 12596 - sampling time: 0.3336653709411621
Sampling 37 with 4443 - sampling time: 0.321150541305542
Sampling 38 with 11881 - sampling time: 0.323136568069458
Sampling 39 with 2643 - sampling time: 0.3237581253051758
Sampling 40 with 11121 - sampling time: 0.3158135414123535
Sampling 41 with 2573 - sampling time: 0.3200690746307373
Sampling 42 with 13148 - sampling time: 0.350170373916626
Sampling 43 with 7730 - sampling time: 0.31401491165161133
Sampling 44 with 3938 - sampling time: 0.3653273582458496
Sampling 45 with 11201 - sampling time: 0.3220510482788086
Sampling 46 with 4425 - sampling time: 0.32244443893432617
Sampling 47 with 10628 - sampling time: 0.29309725761413574
Sampling 48 with 1130 - sampling time: 0.26753902435302734
Sampling 49 with 12552 - sampling time: 0.3466348648071289
Sampling 50 with 6595 - sampling time: 0.34326910972595215
Sampling 51 with 6124 - sampling time: 0.34381937980651855
Sampling 52 with 7437 - sampling time: 0.29897117614746094
Sampling 53 with 13057 - sampling time: 0.3377079963684082
Sampling 54 with 5856 - sampling time: 0.3147554397583008
Sampling 55 with 8966 - sampling time: 0.2987692356109619
Sampling 56 with 8964 - sampling time: 0.33530759811401367
Sampling 57 with 2541 - sampling time: 0.3043174743652344
Sampling 58 with 6087 - sampling time: 0.33803224563598633
Sampling 59 with 10560 - sampling time: 0.420712947845459
Sampling 60 with 6986 - sampling time: 0.3524167537689209
Sampling 61 with 9080 - sampling time: 0.3379991054534912
Sampling 62 with 6494 - sampling time: 0.3481578826904297
Sampling 63 with 13366 - sampling time: 0.3367736339569092
Sampling 64 with 12357 - sampling time: 0.3194272518157959
Sampling 65 with 3619 - sampling time: 0.3414182662963867
Sampling 66 with 12713 - sampling time: 0.3516843318939209
Sampling 67 with 9104 - sampling time: 0.3354973793029785
Sampling 68 with 1393 - sampling time: 0.2964005470275879
Sampling 69 with 12855 - sampling time: 0.37067532539367676
Sampling 70 with 13407 - sampling time: 0.33609652519226074
Sampling 71 with 478 - sampling time: 0.31476831436157227
Sampling 72 with 1952 - sampling time: 0.3083672523498535
Sampling 73 with 6568 - sampling time: 0.3191218376159668
Sampling 74 with 6000 - sampling time: 0.3351426124572754
Sampling 75 with 2549 - sampling time: 0.3215329647064209
Sampling 76 with 10949 - sampling time: 0.3160221576690674
Sampling 77 with 34 - sampling time: 0.2829926013946533
Sampling 78 with 10498 - sampling time: 0.2953779697418213
Sampling 79 with 3659 - sampling time: 0.3512563705444336
Sampling 80 with 6543 - sampling time: 0.35918402671813965
Sampling 81 with 10855 - sampling time: 0.32380127906799316
Sampling 82 with 8510 - sampling time: 0.3469429016113281
Sampling 83 with 85 - sampling time: 0.292039155960083
Sampling 84 with 2302 - sampling time: 0.32103538513183594
Sampling 85 with 9999 - sampling time: 0.34256649017333984
Sampling 86 with 8763 - sampling time: 0.34964609146118164
Sampling 87 with 8475 - sampling time: 0.3732259273529053
Sampling 88 with 11010 - sampling time: 0.3292825222015381
Sampling 89 with 9881 - sampling time: 0.3311300277709961
Sampling 90 with 4854 - sampling time: 0.33818960189819336
Sampling 91 with 11226 - sampling time: 0.33147144317626953
Sampling 92 with 12257 - sampling time: 0.3465731143951416
Sampling 93 with 10721 - sampling time: 0.3028883934020996
Sampling 94 with 9074 - sampling time: 0.36427879333496094
Sampling 95 with 4365 - sampling time: 0.3269932270050049
Sampling 96 with 7643 - sampling time: 0.3272714614868164
Sampling 97 with 12629 - sampling time: 0.3402378559112549
--- total time: 32.06936192512512 seconds ---

real	0m32.110s
user	0m20.455s
sys	0m12.577s
