Input file:  ./FeatureModel/integrator_arm9.dimacs
Number of samples:  97
Output directory: ./Samples/smarch_basic/smarch
Counting - Total configurations: 4058359009533639626886272534103178164739667387222518335105568636716329870954191014758144927057614850667504086770471219270128181200
Sampling 1 with 1891025698078215841479727743178249393380024689444412077689081602480608068743356909993948342489483039842936603073447252637890878111 - sampling time: 442.0661163330078
Sampling 2 with 9614338661405489913337812803901940027767666027053075665840618270909861798572301182930884087966186135739333347262753241590388712 - sampling time: 412.8301057815552
Sampling 3 with 1996861810409779325008324653586235185821448702020955055848264445340235984991847865865796204573167036198706823623431932640325310688 - sampling time: 438.9997432231903
Sampling 4 with 2581495990598252970384949486528276993794398900507633325939085209917762851660276730472529811084511160290609381728008014490049939298 - sampling time: 449.0033988952637
Sampling 5 with 112844576234891446908624857347197013418513085852170754821883177923911996678658247393619461133979794849022981574167505495791907761 - sampling time: 438.28750348091125
Sampling 6 with 243505295154119118427896278296695799047430895047550641999651939860440949617737292679476628806244967336361761073864497949286685989 - sampling time: 441.06626534461975
Sampling 7 with 770933967044779470262225116963902702204681313977359137372576778975888864305280748838407766723701671775250157811221119042282444926 - sampling time: 446.0794003009796
Sampling 8 with 3183311846424820428233972045885660132338832150601427025942805746939748724075290554329778809168553381637796328448905506071285590321 - sampling time: 455.41538977622986
Sampling 9 with 1278266936685258902839151852694440651888842702357406344102728617764319222917333996825041423681844218402946353653044021457647884525 - sampling time: 452.1881220340729
Sampling 10 with 2712955478686767018659870378952058288777495944489342745769848416812309407021575274383461337762387974258336363076710209126241570835 - sampling time: 439.75666856765747
Sampling 11 with 2885788748029202567761863219118289512127647824724126260080382454136353764931215024167269739185659746853450173147322493117092783746 - sampling time: 437.8141841888428
Sampling 12 with 904429063902658125742297853107345455468423863471405577517447985787483418330286018080204221195058855431936790372122663736780413712 - sampling time: 439.8106565475464
Sampling 13 with 2960164248933638451255224365527745077961802363904017215253807970291368572664727174239075929867516821872479451969149383761519043237 - sampling time: 446.8786242008209
Sampling 14 with 1504933856335005796517261226530867021304077445934600164359749669354376034236040295198452479409082235761595735193754212367941394509 - sampling time: 432.5250060558319
Sampling 15 with 3903099627841797288198080895296919355188458876110037728598078431704950310200076615783444250932365874332171635601121055323384664504 - sampling time: 461.3415002822876
Sampling 16 with 1264011659014836567540181522771723833410348787658754681545793572786570681858666467415924793788932976044742298702936958567727891258 - sampling time: 436.08410477638245
Sampling 17 with 282514305602576889600893229021185050383698902055589525663309673902382873797396694942481350767674778165524788114210299066110363221 - sampling time: 445.82012009620667
Sampling 18 with 3801076084433968613615542585204814263770472356282564585547036507582042174613062024824233813255387277871869533719653205193303600723 - sampling time: 449.34585332870483
Sampling 19 with 2130606328495394496909108600533029955682718378422810797308668995407040790089620887507802968594374439487622859588116395689066246090 - sampling time: 455.6183867454529
Sampling 20 with 3508157521474375556245220879001915403866541106807299013656095586631221925875764076309995252440147405349465018330310916742195434156 - sampling time: 449.96311140060425
Sampling 21 with 1184878418976897090014030403887252416287276293037013240794292135290541785183220781257064775493689528417624962790993316102875097412 - sampling time: 445.2331111431122
Sampling 22 with 1563228890773651247424122500327503469654542440895111315052543579021818129492534150210949868522907716556087443619306171180980683868 - sampling time: 451.2705593109131
Sampling 23 with 3142582523143546510919102240053857366379313796507461334723688054719802482013421390272028110305174667261055398316176958333608685850 - sampling time: 452.67261934280396
Sampling 24 with 3916346823151029382209271095343282700428236115120477193542258951689107857066246318722448512346029233369992573785392656391449523795 - sampling time: 454.32265186309814
Sampling 25 with 3627015241793314011587938701976075564753723798986074569303706492549765290092854872736076752738508237779327240539711781889913914075 - sampling time: 442.717205286026
Sampling 26 with 1642364870988721069524272438081248692220603818396360461265802271456808852103215540422625154795913455621011975736999176685723123197 - sampling time: 437.4438841342926
Sampling 27 with 1924104126863702293994387005331917511792604900672816788609059949732080944616763862065061474624530493947609620264676435728804777465 - sampling time: 435.9583978652954
Sampling 28 with 1152608732966096001557894239007276412604347215570468968413004885457683012358570135706224733146284643080095279916981999886802534635 - sampling time: 444.7140202522278
Sampling 29 with 1287132881463119212599772220630406549904622595598392652381049884158751080002128317827328338412857343705253087391133911956765602222 - sampling time: 435.4300513267517
Sampling 30 with 3922263387786846608869321839835446200516407122539089173414475669293464509253245694567410000220149419485969298018562822897954023017 - sampling time: 448.6573007106781
Sampling 31 with 3566903869036036829183560120881739448141921074369527229705190572507494884688318285655853274999698883381387492026992553663448146414 - sampling time: 457.8164517879486
Sampling 32 with 3080222966302829018262276482052495074329602057627256465958794691005781842240446240533882719968736575102684899701849000752495094958 - sampling time: 442.05830454826355
Sampling 33 with 1880847326699048131404777612813763207179078860243876492297243640210556268237252802981857559300519256403407146188595134496323069181 - sampling time: 443.7027895450592
Sampling 34 with 174755337786361173026644497875733492965531399912605304786138752535030381023411534336965946384004832317810252491395986679465094300 - sampling time: 430.7128372192383
Sampling 35 with 3540163346866905926070805088345209114638379426599554717566816091600235243130818868160497532341335230528059342892415130828270662084 - sampling time: 450.29210662841797
Sampling 36 with 471428151679849122734596915098051082270096347095267550917362926424297554799452264679472433887472045117380684765482945326487163029 - sampling time: 429.02663946151733
Sampling 37 with 3232848148157192650695713320855253919957691061113226975080978317364470120917866483165215174868303901195170962468886660933176012408 - sampling time: 451.6073727607727
Sampling 38 with 921599668278070427463473697602120620793373768314238857333826125825025079537311512106007084445230858015882878203486224046233173418 - sampling time: 434.4963583946228
Sampling 39 with 860229064335247113131870211527379761120290540943640927653144598912871817812239823376498373524696824318963348024157525079971798155 - sampling time: 445.1360573768616
Sampling 40 with 2020214385226747108179184607626712778831045353499969487830675775558449389530777343685349069570229571720699531306097004783613540130 - sampling time: 437.2368576526642
Sampling 41 with 1829591553039051223854354054062364589881764130350455423651652327896122450438831749492758803052622769586498830605782290252689799345 - sampling time: 435.876042842865
Sampling 42 with 3063726054959052123369112346392906560865857148670225657031353395400681151091715462221066868661612483253483192722807410218651022099 - sampling time: 434.06059169769287
Sampling 43 with 1099770532235567283439877164396608681713561000183710684674984797647086653811245553343892744136560866470472544081857365401875114024 - sampling time: 441.4343500137329
Sampling 44 with 2552438925186559597614758598171901104434901213562612306626227402330252911100095539553247654447867871987776124203483982617471902144 - sampling time: 441.4494118690491
Sampling 45 with 158181754807739644669343584088848234018645801970153486984124614080580458937281876647065955640339604218728550935263167450215041484 - sampling time: 431.15236139297485
Sampling 46 with 124984767788070807865728927093000052772267311168909330919271016112781954931140146028058868567751417819274016039825628395436873125 - sampling time: 429.65743255615234
Sampling 47 with 3628746731687193127465263214792287208527944026611850260517089199228908161154639746245812947910563163086934930184190807490810456454 - sampling time: 445.75799536705017
Sampling 48 with 2814679932522287437157808185468934231812165623808616064093473399285052198013869149415026536126642247173148300333490897974727247217 - sampling time: 437.08135199546814
Sampling 49 with 2846284786399708460055143578921255780496124579928782019292551730456114951799793561749053121446269535775996604008664570431881887675 - sampling time: 447.07000732421875
Sampling 50 with 1144054828293919557074824546642164992052679736622243921363813625048957856356735099434904217773967110626340328015107175044537491629 - sampling time: 443.3176591396332
Sampling 51 with 2590156052261922665411584504163299646312770267813367949710950018143927927625739446148211352017144121371418535443522989071994287127 - sampling time: 442.34057235717773
Sampling 52 with 680202465123875319665541283715144100758772964067427516071360299318944552441817025637687311028268732554322488887875375381442198222 - sampling time: 442.2326908111572
Sampling 53 with 1146724018499211956477998978196599905425517305371449948640938799673603976469395180171221418197141428966573332786017721287813547504 - sampling time: 444.2447290420532
Sampling 54 with 3116333203390720824619842543470847297659212911654296359020485832970818006210575548391297410865238085818891834048140953597810400329 - sampling time: 448.419718503952
Sampling 55 with 3551793348880986045175613157247421482476392716929719344059032677097310878517583754004648188484804849004770002441663636234734728491 - sampling time: 450.0799102783203
Sampling 56 with 3376114985138369035018898834091332139183291903900312307858715038901516323409647524360038783496527166856326384886036742089385230633 - sampling time: 437.38672041893005
Sampling 57 with 4042823018780244169625317154501255248340602704094419559259752240303973669509008353089222599029863062919559219168850569453179584389 - sampling time: 451.9240553379059
Sampling 58 with 4022063488016555860922594004916857203911059309180879711539015006992667515680551151948974792660219657856081812764517800426812340847 - sampling time: 452.38584780693054
Sampling 59 with 3977326989350212418426168693545727787853851596632777988820554725803628587985896799059624835796676858358869285028482689631945336349 - sampling time: 454.69960927963257
Sampling 60 with 107579958931470391136635912116952600356967451604061407088037708299077447971556306604626236490379793370941214172099286682066066104 - sampling time: 435.0613317489624
Sampling 61 with 4041376985490601687660012874175290349178892924096158124779587287820571477115360231082045964110571865150430487190856772904636859036 - sampling time: 453.38028836250305
Sampling 62 with 1522456017035808093347005360641211993253306810445371107765648751127348123698982870456156804816043595233013286811029108749998986515 - sampling time: 433.5320084095001
Sampling 63 with 1373477206242933324908385257038030446066577331819972252015299569281326767484393145445832606938399676824745952630339212306782831485 - sampling time: 443.5441653728485
Sampling 64 with 1018982915944000944854264338250829259877341835613802548301402976079022551365937074476552451603379336103939586976420617044145579369 - sampling time: 435.1003134250641
Sampling 65 with 3753780015378859623515801499072261593965735198083906692755756316440928060128764524380122818911905532599895221552945613461838819933 - sampling time: 433.8652904033661
Sampling 66 with 59462498019424638312053162839839497677103631316685324571853907543217592144946837056257585892683907535864436468608806179420982382 - sampling time: 432.72923040390015
Sampling 67 with 2540210577978217984265593297495009175342442706493021398436201181924328402990606949010097056821032853322200787190131575024466349265 - sampling time: 441.68742418289185
Sampling 68 with 3809446269844166357831076593692307237517654864893883785429083636780544412362201940783462797056414502481313071599110733135863342435 - sampling time: 450.20374035835266
Sampling 69 with 1463491705715463052694495360312724644795512413719400365235492412903096451941745290421499295980046753408545913651681525945481840867 - sampling time: 450.7878472805023
Sampling 70 with 2008252835520661065328032947864303169318601662533759942325091485145894801653133628061103818544782044931815916532899964018181644768 - sampling time: 444.65045714378357
Sampling 71 with 923825841242753976729681712279638375433769356428282160628998774017908235353490074733211380045074117566042909614988914293705868752 - sampling time: 436.0396602153778
Sampling 72 with 3463635843511036768039941014398754292097793629037131317745604744511408423694957229035560128252218638700469633900533967977431633039 - sampling time: 454.4961769580841
Sampling 73 with 487647437188397360618721558801181014080956151765052429342328815844937777586367204682711550024509855530395361788625692152152215934 - sampling time: 437.5379374027252
Sampling 74 with 632098465779689520941160404160260258134106636776514705614816086331382102526205022449341411867016253422059595551172390386795993705 - sampling time: 449.5361559391022
Sampling 75 with 1191043290493992407103691520995367139071748622105930288940809630923161343084665944711675842692063465900114771325182464356004279044 - sampling time: 442.43048620224
Sampling 76 with 1652753636077673556700289112554143860518200896297865548000755382473347048153512189506935653176180209590353048187367531109452911353 - sampling time: 446.6032557487488
Sampling 77 with 943949955132517047171684554079877568451418697130817694004231892445029143293663788745406407369371868835728404834202302917868832056 - sampling time: 439.51833987236023
Sampling 78 with 808919088257978643912256207243657514981364535306410981145046637350376352898003235554416985306387282268143640944148469536063150201 - sampling time: 429.11096954345703
Sampling 79 with 78406630277667682121301887613753784423993985308809285274262382118554042841259627664809468974181581782729845420352884628457310069 - sampling time: 437.4690852165222
Sampling 80 with 2921220984556833672051861366953770315212863386712073461005713226572727738811805644057839361508879006392446955786726233196991430640 - sampling time: 449.83786177635193
Sampling 81 with 3900442096653385724225930982082370213075248125151470702380661910680872845818086734040404906271002645474688210243150892041142532739 - sampling time: 453.80253410339355
Sampling 82 with 3178904375916697490871968926280017778620362213154610654511184068587064898844940457869601796965246425624468384209474359648744901472 - sampling time: 442.7197856903076
Sampling 83 with 3073713299284114422096739127479935651783816532317230812705053075290346124114997387509926018239585466097573242879236348235974459489 - sampling time: 433.3283634185791
Sampling 84 with 2194885554223173688995566986399596186926492544017995263903158109336959123365605501452117965626426031558809438997204370057650013670 - sampling time: 444.06780099868774
Sampling 85 with 1063933589970180263992320339563029508523002998474822033153526526889769932842371720088419804972074922976718656233217554766060797024 - sampling time: 428.63702869415283
Sampling 86 with 1914967517877392970268669615843484597698498274628586320479829946042125186723002770980388499064770236941651768857698019888795112982 - sampling time: 436.2038748264313
Sampling 87 with 2185953268392641025168158606459655639592407187554991939177626989359871123733207738974356139748726327788589965241964887791806639077 - sampling time: 434.8446321487427
Sampling 88 with 3291848978407809262645477196522342016597579460624348577230251037127308664222724175985214600297854403824855123971510064680950735303 - sampling time: 446.1165289878845
Sampling 89 with 403598439751953583451937998011841746240458547555079019823818944726849983113668033508158008564281884109625281138520336324562266231 - sampling time: 437.1067566871643
Sampling 90 with 264518034284076520848052606527959805353931543509823957450313131744607400000235532245686930681906447814858611066673981420258432059 - sampling time: 437.3671567440033
Sampling 91 with 2739106828223425300174759980255451679613865579588779626085137594279904616569766380191540813402304455918887731599587246228887519817 - sampling time: 438.0192184448242
Sampling 92 with 1068280963035105048252233802278822192161024698017775730695438566567686931816203887005909225560904921167293082873906845734829918538 - sampling time: 447.5816080570221
Sampling 93 with 260261352779532656493107268723392214994253889632844210868942845337512829013211410205536795315743489512501905777484066418323448475 - sampling time: 436.0956552028656
Sampling 94 with 28167890282172276322004056200150054873445926265395715839500861719133272794873845297116990587322203249449670271283746318834835577 - sampling time: 416.8851103782654
Sampling 95 with 1813956932520204569477497307054799590906519574058706273925926422995782729057791768582735131996214798960435538658426719443305020149 - sampling time: 459.2289340496063
Sampling 96 with 3840800565801757493134487932232907063130834181716165549123322929453207134837893174343712411325507478393611408911383338319816013536 - sampling time: 447.11365032196045
Sampling 97 with 2413459110047511083665046760901158071354541579994453076135834976299418546320603928400094484703153673702498967843639540258394149611 - sampling time: 449.5476517677307
--- total time: 42922.724952459335 seconds ---

real	715m22.928s
user	683m39.308s
sys	32m4.024s
