Input file:  ./FeatureModel/JHipster.dimacs
Number of samples:  97
Output directory: ./Samples/smarch_basic/smarch
Counting - Total configurations: 26256
Sampling 1 with 19023 - sampling time: 0.46860313415527344
Sampling 2 with 629 - sampling time: 0.415219783782959
Sampling 3 with 7239 - sampling time: 0.41184186935424805
Sampling 4 with 7520 - sampling time: 0.4147493839263916
Sampling 5 with 21994 - sampling time: 0.43132996559143066
Sampling 6 with 16716 - sampling time: 0.46114087104797363
Sampling 7 with 14626 - sampling time: 0.4697916507720947
Sampling 8 with 11941 - sampling time: 0.4348750114440918
Sampling 9 with 3093 - sampling time: 0.461029052734375
Sampling 10 with 1298 - sampling time: 0.4158198833465576
Sampling 11 with 9912 - sampling time: 0.4674217700958252
Sampling 12 with 2117 - sampling time: 0.42270660400390625
Sampling 13 with 23633 - sampling time: 0.3898031711578369
Sampling 14 with 19871 - sampling time: 0.4391133785247803
Sampling 15 with 10018 - sampling time: 0.4078552722930908
Sampling 16 with 10770 - sampling time: 0.3767855167388916
Sampling 17 with 10957 - sampling time: 0.4326667785644531
Sampling 18 with 4307 - sampling time: 0.4437599182128906
Sampling 19 with 10017 - sampling time: 0.4465672969818115
Sampling 20 with 18714 - sampling time: 0.43967413902282715
Sampling 21 with 12488 - sampling time: 0.41837525367736816
Sampling 22 with 3126 - sampling time: 0.4392831325531006
Sampling 23 with 475 - sampling time: 0.4168691635131836
Sampling 24 with 10871 - sampling time: 0.4596881866455078
Sampling 25 with 9840 - sampling time: 0.4297771453857422
Sampling 26 with 10947 - sampling time: 0.46210265159606934
Sampling 27 with 24115 - sampling time: 0.4274942874908447
Sampling 28 with 12601 - sampling time: 0.4864685535430908
Sampling 29 with 4435 - sampling time: 0.3920886516571045
Sampling 30 with 6469 - sampling time: 0.44904208183288574
Sampling 31 with 14844 - sampling time: 0.44864964485168457
Sampling 32 with 5224 - sampling time: 0.43793773651123047
Sampling 33 with 7795 - sampling time: 0.4189329147338867
Sampling 34 with 24015 - sampling time: 0.4364662170410156
Sampling 35 with 9606 - sampling time: 0.44683027267456055
Sampling 36 with 18406 - sampling time: 0.4413106441497803
Sampling 37 with 15843 - sampling time: 0.4706134796142578
Sampling 38 with 1671 - sampling time: 0.43639564514160156
Sampling 39 with 1711 - sampling time: 0.44432592391967773
Sampling 40 with 7193 - sampling time: 0.4266970157623291
Sampling 41 with 5965 - sampling time: 0.407116174697876
Sampling 42 with 5106 - sampling time: 0.44667935371398926
Sampling 43 with 16030 - sampling time: 0.4094579219818115
Sampling 44 with 20066 - sampling time: 0.4333670139312744
Sampling 45 with 22514 - sampling time: 0.40837717056274414
Sampling 46 with 14885 - sampling time: 0.4226706027984619
Sampling 47 with 12208 - sampling time: 0.45993638038635254
Sampling 48 with 7964 - sampling time: 0.4384951591491699
Sampling 49 with 2638 - sampling time: 0.45491886138916016
Sampling 50 with 14819 - sampling time: 0.41799163818359375
Sampling 51 with 6832 - sampling time: 0.43215107917785645
Sampling 52 with 16168 - sampling time: 0.4845237731933594
Sampling 53 with 3105 - sampling time: 0.4239504337310791
Sampling 54 with 12346 - sampling time: 0.465958833694458
Sampling 55 with 3029 - sampling time: 0.5015449523925781
Sampling 56 with 7301 - sampling time: 0.5334820747375488
Sampling 57 with 24339 - sampling time: 0.5009849071502686
Sampling 58 with 22721 - sampling time: 0.4515812397003174
Sampling 59 with 23756 - sampling time: 0.41915059089660645
Sampling 60 with 6769 - sampling time: 0.43911004066467285
Sampling 61 with 11370 - sampling time: 0.46290063858032227
Sampling 62 with 13140 - sampling time: 0.4670689105987549
Sampling 63 with 3321 - sampling time: 0.422257661819458
Sampling 64 with 2770 - sampling time: 0.4406750202178955
Sampling 65 with 3685 - sampling time: 0.42206287384033203
Sampling 66 with 1360 - sampling time: 0.43283629417419434
Sampling 67 with 25224 - sampling time: 0.41957926750183105
Sampling 68 with 3847 - sampling time: 0.41634631156921387
Sampling 69 with 2433 - sampling time: 0.411663293838501
Sampling 70 with 24442 - sampling time: 0.44728827476501465
Sampling 71 with 19680 - sampling time: 0.42844200134277344
Sampling 72 with 11090 - sampling time: 0.45907115936279297
Sampling 73 with 11485 - sampling time: 0.42226314544677734
Sampling 74 with 25562 - sampling time: 0.4735221862792969
Sampling 75 with 19957 - sampling time: 0.4331510066986084
Sampling 76 with 12741 - sampling time: 0.43051695823669434
Sampling 77 with 15070 - sampling time: 0.4447901248931885
Sampling 78 with 5721 - sampling time: 0.4517199993133545
Sampling 79 with 3970 - sampling time: 0.43994784355163574
Sampling 80 with 12674 - sampling time: 0.44698214530944824
Sampling 81 with 26168 - sampling time: 0.4968447685241699
Sampling 82 with 22687 - sampling time: 0.4068589210510254
Sampling 83 with 8472 - sampling time: 0.43305277824401855
Sampling 84 with 9921 - sampling time: 0.45659852027893066
Sampling 85 with 3602 - sampling time: 0.3733179569244385
Sampling 86 with 687 - sampling time: 0.4198791980743408
Sampling 87 with 3853 - sampling time: 0.3722860813140869
Sampling 88 with 1501 - sampling time: 0.39072370529174805
Sampling 89 with 21927 - sampling time: 0.39568138122558594
Sampling 90 with 2417 - sampling time: 0.40204668045043945
Sampling 91 with 15738 - sampling time: 0.41200685501098633
Sampling 92 with 15580 - sampling time: 0.42749881744384766
Sampling 93 with 25043 - sampling time: 0.3825204372406006
Sampling 94 with 22468 - sampling time: 0.38580822944641113
Sampling 95 with 11766 - sampling time: 0.416292667388916
Sampling 96 with 5684 - sampling time: 0.41973066329956055
Sampling 97 with 15822 - sampling time: 0.43210387229919434
--- total time: 42.20175528526306 seconds ---

real	0m42.257s
user	0m27.185s
sys	0m16.215s
