Input file:  ./FeatureModel/LLVM.dimacs
Number of samples:  97
Output directory: ./Samples/smarch_basic/smarch
Counting - Total configurations: 1024
Sampling 1 with 246 - sampling time: 0.141279935836792
Sampling 2 with 846 - sampling time: 0.15496611595153809
Sampling 3 with 490 - sampling time: 0.15104317665100098
Sampling 4 with 921 - sampling time: 0.1323716640472412
Sampling 5 with 907 - sampling time: 0.1396472454071045
Sampling 6 with 493 - sampling time: 0.13655591011047363
Sampling 7 with 551 - sampling time: 0.12790131568908691
Sampling 8 with 429 - sampling time: 0.1274731159210205
Sampling 9 with 141 - sampling time: 0.11023592948913574
Sampling 10 with 296 - sampling time: 0.10777449607849121
Sampling 11 with 619 - sampling time: 0.10556912422180176
Sampling 12 with 897 - sampling time: 0.09657049179077148
Sampling 13 with 695 - sampling time: 0.11331844329833984
Sampling 14 with 387 - sampling time: 0.09471750259399414
Sampling 15 with 301 - sampling time: 0.13062453269958496
Sampling 16 with 60 - sampling time: 0.12749910354614258
Sampling 17 with 667 - sampling time: 0.1192779541015625
Sampling 18 with 837 - sampling time: 0.11787843704223633
Sampling 19 with 942 - sampling time: 0.13156843185424805
Sampling 20 with 321 - sampling time: 0.10701870918273926
Sampling 21 with 240 - sampling time: 0.15279483795166016
Sampling 22 with 99 - sampling time: 0.10403609275817871
Sampling 23 with 1019 - sampling time: 0.13698625564575195
Sampling 24 with 464 - sampling time: 0.14990806579589844
Sampling 25 with 901 - sampling time: 0.11049246788024902
Sampling 26 with 821 - sampling time: 0.1110374927520752
Sampling 27 with 381 - sampling time: 0.13809514045715332
Sampling 28 with 781 - sampling time: 0.1009669303894043
Sampling 29 with 197 - sampling time: 0.10314512252807617
Sampling 30 with 610 - sampling time: 0.10812258720397949
Sampling 31 with 374 - sampling time: 0.1282484531402588
Sampling 32 with 126 - sampling time: 0.133436918258667
Sampling 33 with 577 - sampling time: 0.10105013847351074
Sampling 34 with 908 - sampling time: 0.11637401580810547
Sampling 35 with 299 - sampling time: 0.10956692695617676
Sampling 36 with 121 - sampling time: 0.11865973472595215
Sampling 37 with 386 - sampling time: 0.11992645263671875
Sampling 38 with 689 - sampling time: 0.11577844619750977
Sampling 39 with 394 - sampling time: 0.1145470142364502
Sampling 40 with 808 - sampling time: 0.12783455848693848
Sampling 41 with 935 - sampling time: 0.12174439430236816
Sampling 42 with 468 - sampling time: 0.1227560043334961
Sampling 43 with 252 - sampling time: 0.1482243537902832
Sampling 44 with 617 - sampling time: 0.12161493301391602
Sampling 45 with 541 - sampling time: 0.13372397422790527
Sampling 46 with 222 - sampling time: 0.13546204566955566
Sampling 47 with 679 - sampling time: 0.11140751838684082
Sampling 48 with 137 - sampling time: 0.09691047668457031
Sampling 49 with 1003 - sampling time: 0.1435708999633789
Sampling 50 with 369 - sampling time: 0.11098098754882812
Sampling 51 with 747 - sampling time: 0.12949824333190918
Sampling 52 with 514 - sampling time: 0.09036660194396973
Sampling 53 with 411 - sampling time: 0.11247849464416504
Sampling 54 with 54 - sampling time: 0.11174321174621582
Sampling 55 with 248 - sampling time: 0.14201951026916504
Sampling 56 with 16 - sampling time: 0.10694694519042969
Sampling 57 with 527 - sampling time: 0.1078038215637207
Sampling 58 with 1010 - sampling time: 0.14418673515319824
Sampling 59 with 388 - sampling time: 0.12245893478393555
Sampling 60 with 368 - sampling time: 0.13189029693603516
Sampling 61 with 576 - sampling time: 0.1374070644378662
Sampling 62 with 931 - sampling time: 0.12454557418823242
Sampling 63 with 881 - sampling time: 0.1355431079864502
Sampling 64 with 271 - sampling time: 0.1341547966003418
Sampling 65 with 440 - sampling time: 0.1309516429901123
Sampling 66 with 764 - sampling time: 0.14162826538085938
Sampling 67 with 506 - sampling time: 0.12068510055541992
Sampling 68 with 599 - sampling time: 0.12921404838562012
Sampling 69 with 905 - sampling time: 0.11754274368286133
Sampling 70 with 621 - sampling time: 0.12106013298034668
Sampling 71 with 947 - sampling time: 0.14291977882385254
Sampling 72 with 775 - sampling time: 0.11589384078979492
Sampling 73 with 883 - sampling time: 0.11783671379089355
Sampling 74 with 213 - sampling time: 0.10304450988769531
Sampling 75 with 891 - sampling time: 0.12196135520935059
Sampling 76 with 1004 - sampling time: 0.15071749687194824
Sampling 77 with 163 - sampling time: 0.1111595630645752
Sampling 78 with 978 - sampling time: 0.12769746780395508
Sampling 79 with 987 - sampling time: 0.133314847946167
Sampling 80 with 360 - sampling time: 0.11935925483703613
Sampling 81 with 357 - sampling time: 0.1017599105834961
Sampling 82 with 123 - sampling time: 0.12875080108642578
Sampling 83 with 673 - sampling time: 0.09430313110351562
Sampling 84 with 910 - sampling time: 0.14863348007202148
Sampling 85 with 449 - sampling time: 0.11915993690490723
Sampling 86 with 676 - sampling time: 0.13576984405517578
Sampling 87 with 79 - sampling time: 0.12716174125671387
Sampling 88 with 284 - sampling time: 0.13837766647338867
Sampling 89 with 767 - sampling time: 0.1554408073425293
Sampling 90 with 459 - sampling time: 0.12110137939453125
Sampling 91 with 635 - sampling time: 0.1403794288635254
Sampling 92 with 745 - sampling time: 0.13471674919128418
Sampling 93 with 693 - sampling time: 0.13120079040527344
Sampling 94 with 120 - sampling time: 0.13531279563903809
Sampling 95 with 124 - sampling time: 0.14463019371032715
Sampling 96 with 117 - sampling time: 0.10265207290649414
Sampling 97 with 329 - sampling time: 0.0933370590209961
--- total time: 12.019716262817383 seconds ---

real	0m12.069s
user	0m7.381s
sys	0m5.047s
