Input file:  ./FeatureModel/m5272c3.dimacs
Number of samples:  97
Output directory: ./Samples/smarch_basic/smarch
Counting - Total configurations: 236757456339671212343440515250085432063359623357232316062924436259830130424626561012504701024010470939571791003895046764699600
Sampling 1 with 15714692626902394000106918371858434918027299291364177299425127770102822315497486355714824411688211821574789085342205501866718 - sampling time: 52.34681844711304
Sampling 2 with 72976849063413157865215774074532555451432837778249011522190010959884307596278492668341755178250263584508732242952640825589859 - sampling time: 52.83605194091797
Sampling 3 with 70723477357650782932167492112435367992048671943556951505771305981444017260588176455040449207909505636072198281952487344599334 - sampling time: 52.89342498779297
Sampling 4 with 145806740415465106068365386663770673451620780744391889280186408331771427473483931788412586355110138348394644685110219823728888 - sampling time: 49.67147350311279
Sampling 5 with 218940702684086211238025364920933030684241511176836064865219823258576637518055189627904670431555944867011136547045697105603094 - sampling time: 53.79407334327698
Sampling 6 with 182458887692357801708500218483535555334232862170038629123061669538761741724056281645335185898112842306989382912992642356112155 - sampling time: 53.30014181137085
Sampling 7 with 77684542924184228900113895154033777454481466452093531059964487632907847971323073858090897674005871505753856115453016425963789 - sampling time: 52.03063941001892
Sampling 8 with 128043793039971727151056240970991611424085620678122604624855612393433372325656953066367677424545871008404145358471049413008848 - sampling time: 48.37869882583618
Sampling 9 with 1455622191958341121199218974714658897019233411574154809618691819403093977870147957133178444522218662354810954222681405048819 - sampling time: 36.65729331970215
Sampling 10 with 124774555422252495332983760752829377756407469660267424045645261135620807752829534133582135402331559154437117817905428618972051 - sampling time: 54.98572778701782
Sampling 11 with 133078854586088166762308856886978868325646825393315570304906110685551549118834756650672489003389418243234228291204820566900755 - sampling time: 53.133811950683594
Sampling 12 with 54484296399205310757735501079553359026675454774661600643450575885104216949043902652069000938840167890671420795366723866694911 - sampling time: 52.80094599723816
Sampling 13 with 205734946713915365747375264780081701570182140805923668755610972053576162492824737060579590201309490165586480993410427599126835 - sampling time: 55.77208209037781
Sampling 14 with 146657278364635508686229081893570402765689308150261446346847040302249234386493915933072973283037136804897055155740966408082499 - sampling time: 49.502758741378784
Sampling 15 with 145713339457799519290284742335048381454832781493253955547498479601959821641229352752730206591267789734057404629379603943515233 - sampling time: 50.46321392059326
Sampling 16 with 37568403486595084022474668742136214027639961118224381972820017958244396321991418573803248047933435456026364159350565619507304 - sampling time: 49.49098062515259
Sampling 17 with 35303433430395147625931425236324382546337939518577037298114683766385849974682114558995582569400988277151773903754237633877994 - sampling time: 48.56525206565857
Sampling 18 with 120048911345663274214526259769242066718303877624143338852049732935635339469284669478802784755916759903766483775134718577166630 - sampling time: 51.380361795425415
Sampling 19 with 204590506581868841448084503942266144521891679647713603888193300329467446616398109127055680771471477451268257287403000669126808 - sampling time: 57.44240379333496
Sampling 20 with 101804006437812769692971798097615353429939157870451226849921922682677905832500470182062953290008003210146444017704402419851525 - sampling time: 55.50916790962219
Sampling 21 with 99593432782073166366042371816225724563184347840648043603444695179725314474527290155263697788318634651251854722068060642957427 - sampling time: 56.20285749435425
Sampling 22 with 159762645413113373905681237665420500459324560589290205961382944452903361558215091620646260148128623444405608509285676979899478 - sampling time: 52.306578159332275
Sampling 23 with 159755540262006799229816473799477175628963310433720801969959462090945450312494470458875775186210587413535099659303221485908735 - sampling time: 52.270917892456055
Sampling 24 with 202675662830997250012413915549251110773276420016920615330055817211570478892199252887056873930655239383755308170026557219446949 - sampling time: 55.119696855545044
Sampling 25 with 179572275697169971933595438989008486524983627960612518014392228600085070423416630292492970057644507606350207226534875141244032 - sampling time: 53.23278045654297
Sampling 26 with 101951544343857304928516108805993111988366082097046394001220792481747536920221468450868654083243800561798117411931897838504369 - sampling time: 54.67832159996033
Sampling 27 with 200377694193622057936807004667916116455851766742947906144640237511617134378189504929495365647622882546849111757037689936709388 - sampling time: 55.943835496902466
Sampling 28 with 60103216904482804860121711181488690667180821169175449474971254578685759671890684852621865787306614233074763032863387834945534 - sampling time: 53.89453721046448
Sampling 29 with 216630085817979762310940385672000582271204976589232595956009693206166901613224239487330442261746154347927617843639726539506388 - sampling time: 54.57269477844238
Sampling 30 with 171229413399259857498977697930545800832291073023487106416529084224565820419372111884453943514305239476743295123367442261031758 - sampling time: 54.31902241706848
Sampling 31 with 102034959676377328003644698753507801687886632006880826146873160584756541695713181540040498423220754660199180368061680149552819 - sampling time: 54.74422240257263
Sampling 32 with 182042323684636945858491018797469515675425884076945622994303571051338774061521713677397704483121038923551080732441452606277794 - sampling time: 53.383546352386475
Sampling 33 with 228288515077299443604039208160674782279371760894525277203811663903515401834409033224100181456569093431573242826028879420891256 - sampling time: 50.797091007232666
Sampling 34 with 152190562315488783341738726105560223986540916241861070251228279072432921159932578855353628481075999715233437413017315744867010 - sampling time: 49.95356845855713
Sampling 35 with 46061680826407292795271326771317418559515826646458925822447962162724298815611564486759783298654770402397193687372408829219985 - sampling time: 49.91685914993286
Sampling 36 with 36745744162098141845548918895561330644591494971385068635779974859106767214869135987402391676732831142134438905760487144715465 - sampling time: 48.24858617782593
Sampling 37 with 11835559563589296466987692352265037392192204003396967814302655342075987285499813562269166310938428630280680589616148070923172 - sampling time: 51.44802784919739
Sampling 38 with 32081064233705658806423073705884892157459623424396338844965134552629273234088252042969948491851160264578559586330066015135677 - sampling time: 52.38739061355591
Sampling 39 with 162248903020884755352895656477267460202881875733205233003252439061698322085124053313325026670480682519487948038608933467488568 - sampling time: 54.1469612121582
Sampling 40 with 82415173699646071310155495061340552230850529835317149323069841310524228462845415778035326790630071131032624853999309066864843 - sampling time: 49.846978187561035
Sampling 41 with 139871525059056918725505095049281375307455583630777371337760771508660754519214679628111008861921745535830214893350574361848841 - sampling time: 49.5216064453125
Sampling 42 with 228933753771079267959109903773877904793390454444993172690863422123380725329064390338413559037718662634520463552539042304713771 - sampling time: 51.560137033462524
Sampling 43 with 177324752415560538385460981217982749722610082772343580753027455663225830781657236819823185750029793240939487209857630158300900 - sampling time: 52.842570781707764
Sampling 44 with 62346379264829407622501816287245208065246567439284439611289455031674192884312653882838403697260935085950023718565502119040072 - sampling time: 52.36111044883728
Sampling 45 with 175126875618562171336027901621385233242602754862015718461098941153171350737002271983228701028180412407367721219606881885971375 - sampling time: 52.356438875198364
Sampling 46 with 89129278266504091658017685820839183803840977248014528341985941708496372964203972333620094688037961458741772380798007724064594 - sampling time: 52.02737593650818
Sampling 47 with 76231674660899955157365992003215775775161210025849320366516182468472964368214138752686212052176343952024971418528634046088693 - sampling time: 54.14458632469177
Sampling 48 with 145828104208447959741490075010692565841468457821424724023933794943223940046688857867018388917932348063812342939250699648801459 - sampling time: 52.20025682449341
Sampling 49 with 65358161712337123819366726795906810757658121288989828814862010298125816273422351373791025933363446532226935748242779385031980 - sampling time: 53.187204122543335
Sampling 50 with 48463641142263856904689941363505851844082874772196948208213931452608280579775570385309360696558922284229275730372357672310359 - sampling time: 48.94037985801697
Sampling 51 with 108165992005786790732469520158655820345949050778170786828884207655485520478862669369536710666722430463023663947351640637258748 - sampling time: 49.121458768844604
Sampling 52 with 21201175794608366192196389498925666855994258466301468676677991044608779926347752016876966223666931917249983013959656852541291 - sampling time: 52.61675310134888
Sampling 53 with 6434274671617017261474495584143277794665518410604509908698070376007945702230355005262390369565881752324879312005192306261809 - sampling time: 47.283045053482056
Sampling 54 with 37514844731485828197152081273620411225547469753066731307425395089365514662734199526236198879227001490910014263509932259364650 - sampling time: 48.46892046928406
Sampling 55 with 12255727577279935154160488099948336398781441258581426950283094691538492856214651393205148158754907148979587902994161984280445 - sampling time: 50.80115723609924
Sampling 56 with 58636205273472288952205374772915019479325519963525517913352529579043926397383130552467747402055099804761539360025856644263923 - sampling time: 53.64548945426941
Sampling 57 with 64833263069120990236680852714961048132276103453452842123676838421538837172467965740889949112035571381851958670364638298334721 - sampling time: 53.43707036972046
Sampling 58 with 105815252809718814028445072139718746969840687715377133334640244221894077134103523695701940929434839020246101143546176305713180 - sampling time: 57.61127042770386
Sampling 59 with 198925136044434939232588045062669946473751951626254887805063303277690726435876050619154270383423856877856648627309895724805314 - sampling time: 55.2131712436676
Sampling 60 with 77314499902483799289747920773319958864922592097624775889602640373086261114207982477967373911676601854842978310686613771183130 - sampling time: 51.37917399406433
Sampling 61 with 205958396640125928067405483498123670339030456781206178014621136898283797333505948744776947588692381931190236158337459377888627 - sampling time: 55.92902493476868
Sampling 62 with 176085929540298704029810616618109911097546053145466543063775236807637733995667817402204089242819935140250938135265042690762084 - sampling time: 52.75480771064758
Sampling 63 with 115822787210498427791362948206835782799042436680893383465552125799169065068725260344287565832377548621678544181916459522982611 - sampling time: 50.51565170288086
Sampling 64 with 7801555531303219143577917380587149428307526255701529425590972013196414147828165235264196175348730175961790052408873534813939 - sampling time: 47.69265174865723
Sampling 65 with 35735782290664268434049058089390696916949295945620379306463728081496133321918223758739040603683616952802125428375985407875255 - sampling time: 50.872602462768555
Sampling 66 with 41637772114880402332302293636291698262376213668829148153067985486328007209844462806735361982007641118119301195260491500576666 - sampling time: 50.22258448600769
Sampling 67 with 16533680388392250154067608520505561231880346270905664911306342833922466767112448921876553399915535143933916206476929813923957 - sampling time: 53.18695688247681
Sampling 68 with 103163935804508349023282760383394085496336363928535443383064167087943597306691996130421362184454418798986834718031833568021809 - sampling time: 54.135756969451904
Sampling 69 with 58388675034639450544179725026265107811713605753279681178359382121855429375248975848827477112585899237567432817574743903296502 - sampling time: 52.63745880126953
Sampling 70 with 125466354522313069469513310436134887037308042356470897317940309467744367683683127212331281472587659788926435482331550391731617 - sampling time: 52.89632964134216
Sampling 71 with 139344393900120715234512500652316890598208391151110099923608820444800637499127748072276557870069890408298848938855523595096212 - sampling time: 49.46846413612366
Sampling 72 with 6651359153021451014675894431013281265589548614839429495664157682799483472705219210911160073541479840791585773750156646904949 - sampling time: 47.15879464149475
Sampling 73 with 184997218426207590591368977678173689195934393522175414282548490447702467156821599924239376080324271096381142815893155983487117 - sampling time: 53.373449087142944
Sampling 74 with 53221527714400063066055594256870930324392355094643122781845576347302115724981436868477289147154390065699105649145848264666704 - sampling time: 52.35495591163635
Sampling 75 with 140139096748788775388835528128867331515415051190162540950592873577890901883540921205067646272896619138407531595857719091115197 - sampling time: 51.38473343849182
Sampling 76 with 43851224972759706327086676710198520421663504864686110287658297828493137029112672239876088082273313443986156565370540995667623 - sampling time: 50.25090551376343
Sampling 77 with 124108171395853536587769025261757447712468414255067745784100408331893978260897131020699887609639720822078749464161750701618300 - sampling time: 52.82363319396973
Sampling 78 with 193584126913520940445780005254513928927694015899085328632487686736064395145981830925728701064300501908393736562739093179004847 - sampling time: 51.769493103027344
Sampling 79 with 94577369961357217359092773637826442398914992234015133387111735394663952085289171256890627357759095358178253806670048762121210 - sampling time: 54.8219199180603
Sampling 80 with 13703122899111750329972997101192316977593642150908218280885931595951525011016502346864176033397491889366163508867305619391829 - sampling time: 49.63934850692749
Sampling 81 with 52006612368040719867887446378540050111370807557051059514615935571037861205165833080408442971655840559282970670155626949329819 - sampling time: 49.44154238700867
Sampling 82 with 188385601174642043661647441488924753964847320739552230957650150244952868059192307007682990082337063897698594438880781888770702 - sampling time: 52.481037855148315
Sampling 83 with 120056827860564338361128297338451094945462400474616090472806326666960197132838005379246033770276082240290474807343487299387360 - sampling time: 52.971019983291626
Sampling 84 with 98879197148744804518764426793149637746362007315937027119583405413059683725458857682166905910675669940075570643268894974378435 - sampling time: 56.21317219734192
Sampling 85 with 5387973526307477952163779656477829796288722932737795332058258000595716022641632594573078253182805393142070109594835845871532 - sampling time: 47.5438117980957
Sampling 86 with 123101794038732685416505252803094789715751807876286760268392973404088406151692544557389888242395158480605959865829421322170618 - sampling time: 53.90405464172363
Sampling 87 with 75689634284738578534980984810699174837057025313946367464950303422483632846770342987054737277161618673636869484179079476595325 - sampling time: 52.35148739814758
Sampling 88 with 133803786574117586727651510684479546952836283818915810866360193004472805970336513524881704767017840041222469606113063776098323 - sampling time: 52.39974617958069
Sampling 89 with 226947529942433784848227831112704162472976877971681839065200986533034598687059820541311264720645142116898511404663611825843261 - sampling time: 49.6703085899353
Sampling 90 with 47533395975587982452748040905739920755581436694440849372761227475064040157694203515398085979779022101541081545897673716794518 - sampling time: 48.721864223480225
Sampling 91 with 99104633296870339035426349413084586842237849717064314942642395221291124436554728690368589080701164281338578183113138733669545 - sampling time: 54.70698070526123
Sampling 92 with 118960194573596591127909252763389576327565739501271929163563082004355899801515531394535315520896508288014810256108633564559051 - sampling time: 52.243491888046265
Sampling 93 with 174022605802722877358218375942891005603289909600581740269996041204290451844913654841959617989495748455284870194516539441441508 - sampling time: 55.29022789001465
Sampling 94 with 26517969368904034756800750310003005002084589741843997822402405725261778996762143852815851386406828430779529009755644206505841 - sampling time: 52.38201713562012
Sampling 95 with 110887157669077536330083472897392827442710482026254124717859051418235336140830874701751585743551924731317262716654211651380194 - sampling time: 51.24932336807251
Sampling 96 with 104383192798540414612073069940507145239055395320095889314638926338622769194690683224035285374807043002207359095122391023271170 - sampling time: 53.928067445755005
Sampling 97 with 41372565840577739763644337315587169675233783976351566742668102006070217419473378242508619106970685735067692298722583380089004 - sampling time: 49.119147539138794
--- total time: 5048.130769491196 seconds ---

real	84m8.195s
user	76m0.981s
sys	8m39.567s
