Input file:  ./FeatureModel/olpce2294.dimacs
Number of samples:  97
Output directory: ./Samples/smarch_basic/smarch
Counting - Total configurations: 8187965460549119231483396615787248158155368266800312424131065943440817252513126522783934300430301226732870028793150127339472400
Sampling 1 with 1386894353559926270117981357479884569125816796640854575152131199405169639920918681033127672508573025682006350625770997343919690 - sampling time: 64.04512572288513
Sampling 2 with 2171373863977727883942786213326175810155275941275859067479998365731531690576472675729983960302076459839494502670598034639272010 - sampling time: 61.95067834854126
Sampling 3 with 6300361585248400422286679335209476992939948730910335983568576162661061355239792301069818462083169120649149381834305859921848753 - sampling time: 67.69178414344788
Sampling 4 with 513612510732416470895698004362860551190725719484338858579248907076785648123820492489537657331533760120226327369605903945256605 - sampling time: 65.12697052955627
Sampling 5 with 4464553362070810998280396072458722003900153703018181016495876948162379242967954766156355104498326796880888470470858715276196306 - sampling time: 67.64167428016663
Sampling 6 with 75708880290613970577474555357537554415705901202917114684996508039725910472323637846184073770140425676204370868633591268506256 - sampling time: 41.512096881866455
Sampling 7 with 6584915869556480919494247358453948534351754198607339811213560763275307028310343647533814767258271023343095149945658154886119062 - sampling time: 67.2011353969574
Sampling 8 with 3337049497823173976195510965354960313175505109340739147582694323971710704742251596204470587867954473507021052672219440535071897 - sampling time: 64.11072134971619
Sampling 9 with 7593846510466986610925064699338612902952351750221131505567947557245215816430974998826449618135459233445655482054077081299632287 - sampling time: 63.73052501678467
Sampling 10 with 5883303514449814676700255978114698762254508498314140220770375237320436052081038329035923846649972172300073178723756631695358535 - sampling time: 63.58583736419678
Sampling 11 with 6434464553341829483402880101795251857156715774993967132014008776781137911696050690537859737529025580841970191205624676352079203 - sampling time: 68.291996717453
Sampling 12 with 1757885593272520589503138743119441426471648557306751015903388911980108957783266791937549302456475306174122209334215301362097112 - sampling time: 65.60441994667053
Sampling 13 with 97869720889485555778869928673012245705005813818443671026541288845602727553344543529764500918984484117955815315857900284099578 - sampling time: 60.86702609062195
Sampling 14 with 6027685622466266972452514135370076318551118455670319127576399225325722873378148761133637143940164694577499104013572066741270439 - sampling time: 63.45094132423401
Sampling 15 with 7243491920570344330947037814279769228379794619000789201035578233995550114565692801996346738861533084899323636498157608206443047 - sampling time: 69.01124095916748
Sampling 16 with 4743488888907218433109499566678927531188907994561748140589972223628535161493307096018867182319013956682701503909965239985861383 - sampling time: 63.10759902000427
Sampling 17 with 5389590068366984474709865699671071969208510428847940677667685330780603602846872113033707876356991047989969582161592905488230781 - sampling time: 65.54017806053162
Sampling 18 with 6481484608974682314302436431999765510093635001678825618989347260715884904649826845151317036359834198631857759834876839275032858 - sampling time: 69.56531882286072
Sampling 19 with 1012300363606276836948328861255031570061098653787598313239959276949512895172787868873256631148650388461388744194558898395894148 - sampling time: 65.03205108642578
Sampling 20 with 1332846705476848473239033053271479328898065552831788207291784554000965278006790335061878708516596215370856082620384594037763315 - sampling time: 65.91694068908691
Sampling 21 with 938872444804052675759222976424651502962972093121975905821868743012126325231307040117626235397488176916596587783531514186884348 - sampling time: 63.23710894584656
Sampling 22 with 5989962253992002580345446401890816996435361976905125881539895200744537771374105816304683888427842631489168086746177854582971522 - sampling time: 62.85541391372681
Sampling 23 with 1395365982697118384128138328748961466085894736433547578008447345953843473293948570520624389187489944812749997394090802282541001 - sampling time: 65.46501135826111
Sampling 24 with 3117177085154760111101122262545232821859268092388701903732260820726108809909503231424058155766287428580042618437467666650077972 - sampling time: 63.03295660018921
Sampling 25 with 8007890545562747729531512667291418007780949310194995261680392501066116222053399737300994074689692480661372356542036802500938471 - sampling time: 66.49363398551941
Sampling 26 with 2946062928072321033042930812521265512903028316941054942520015181710558438945548025677452662333377851624362719785941719423438396 - sampling time: 68.92294239997864
Sampling 27 with 5362469088994068868737002160001354573232279080083183659622259077198659619178346825790138075713934864214614533486424253676452372 - sampling time: 67.92430138587952
Sampling 28 with 4618003433780210425637740153615092338670009205852674873721987850044382506211747596745638045453481473066580561301626632661269949 - sampling time: 61.85877299308777
Sampling 29 with 5467971190124609690630910948504868279987702374300539839379969216737103043577206239058581763522229431616873673015392397279075063 - sampling time: 66.22345089912415
Sampling 30 with 8017065787456570348528994029061079651979568404304312197215541185011795334419701112702067374724704647880406108349939156181011198 - sampling time: 66.13541173934937
Sampling 31 with 6247679610084788195370960047446462267830124103326379337461366998114476180673139804010199287175156550545293308544948068818710329 - sampling time: 67.23637533187866
Sampling 32 with 4277494358127164155930572707098484336625817689046909909046787795607364286973184265936883369634093235729412902905560847757906948 - sampling time: 65.74068403244019
Sampling 33 with 2274393299701237504517938597919919211556780534165327523577926667515407482003215988661499213024589659694742947048531298828003465 - sampling time: 66.08306837081909
Sampling 34 with 5364018813655840071362215403978085979923734420246901708089353279092813303213523984369593440343578503138948200818031091407307034 - sampling time: 67.63187623023987
Sampling 35 with 3401522084481210313059534144923280938560785914322116473093267960999600648321358369530758505116681613199724509260710209086526502 - sampling time: 59.585976362228394
Sampling 36 with 2350124370604744044445245287662328143288638558470114672858299673940345220720497183674786470710196757394333103231263225936966329 - sampling time: 65.62752389907837
Sampling 37 with 4594505581083691128110568129306192759570227285174333639827458500300838566398102203695503239083498184320243077725765109748290268 - sampling time: 69.34901928901672
Sampling 38 with 1509513017969992461755729536608102051088545818011057983110236203312851302909337360802850399791323461988967742266823429616627991 - sampling time: 67.21001887321472
Sampling 39 with 2317396225884199233762515416928024409260543251881759730074672642914658703387414064240418780692581021052692521744044108651854201 - sampling time: 66.25616073608398
Sampling 40 with 216180147919322615941509954759722819260780478351580182074270932798947306054800846144458277838628115920541141226736741346699716 - sampling time: 63.831252336502075
Sampling 41 with 4764370100622445124221522447410514110407709981769417242887577794462762105398027459381536861158252278064421806062286195651085191 - sampling time: 65.71010279655457
Sampling 42 with 2920973934144640982588550760122766823536324544725737973489076864751135975236366607368873270400490911536070929388906415684932609 - sampling time: 68.15101265907288
Sampling 43 with 7164145466470696190696869235008036869182789433329767223277121873323495613602310618170977804290302298201862698253936330680569579 - sampling time: 67.8796899318695
Sampling 44 with 5202743019207711170738004427210804135848677082979668308236430277996923078933855214168006960124661207812180052565392143016851890 - sampling time: 62.65260553359985
Sampling 45 with 93328249615796633167550892991801942104960085867582694714004752236651107565840550895648819926213694816709591530299376440832379 - sampling time: 57.356467962265015
Sampling 46 with 6792685079475264573561442372351470552616739763806672503063257416989314937968194653345791470326848447332089157133019708610739025 - sampling time: 63.866411209106445
Sampling 47 with 7891901777768117663841629049446425242018229371457815407232251616521553235538917307666854499238128926865004164585907071535175615 - sampling time: 66.33853149414062
Sampling 48 with 5747415433042833052149912334514752626049693669945087158754198229416598812847191047439936795164597001729685094436046792587708188 - sampling time: 67.69651770591736
Sampling 49 with 2684739820121123479547662139468939025141255936547002038344231525689740013692556081925800575806254708563583478974081784343063057 - sampling time: 63.981645345687866
Sampling 50 with 2442890899846260808846839917421443865876928668787665328273269050585474057512877078682106790339812179441321289239167721767203587 - sampling time: 65.14349031448364
Sampling 51 with 7674854465617985846466871218598594816216191880690649109943923247192389948356272146958519052713969910516665688225699495205051354 - sampling time: 61.83697700500488
Sampling 52 with 2624930970145872405092342573007918508593230137641488470880772095717341696933354812394290102405418098530006321036988666316943123 - sampling time: 61.06741499900818
Sampling 53 with 2089169453372886079784583515631882063697312989523646509837716094057511562782592648569510335586186533129835371689661199906078105 - sampling time: 60.41705060005188
Sampling 54 with 2529541533233413334616562480421390386819659301617870812834060288028569896185365995010773857543815421872555080029951009715057954 - sampling time: 66.32346677780151
Sampling 55 with 2748784431703811909513437929385721896075857362488928797008171553982322128427203134270034903820338210012293957664693239448038067 - sampling time: 64.98452043533325
Sampling 56 with 6788554335603279728082389681174559305593842402294165511578771464262416452440316004909651702178630284033626033494306401759467671 - sampling time: 65.30716824531555
Sampling 57 with 1684267137009507787697372064874577545747506618323022234673531857757873411028878997072154240126081553572917103725452025785275859 - sampling time: 64.61763572692871
Sampling 58 with 6016290064929239906446210441300929908302717788720179803991752934999891245509089589155103664906542963504207339295464663081763221 - sampling time: 62.73346257209778
Sampling 59 with 6972048010898719105043938190495031692587539211748028646455508286776476327189897712225017968671129055855360645806368756923797037 - sampling time: 66.33802556991577
Sampling 60 with 4240512155468879098447161682048038237541447426167959789233465757133480668651932798710277369353740774786638039286899427789845403 - sampling time: 66.87819075584412
Sampling 61 with 3451946714556303323831892971815959770807086459033586291660890911857774386683199474928696115610874182290289843717589898940382614 - sampling time: 63.52057886123657
Sampling 62 with 3801825755167914010182581270630390419942163754869797099633772203082142395215668374724840824874725389463580266624649717018566779 - sampling time: 62.68253755569458
Sampling 63 with 628523522231714943982239849460739909984838563094629655991062679382058774338538581534223336823457398652865635493502743037421493 - sampling time: 62.452184438705444
Sampling 64 with 7248403681920485895876645840782137351557684328593211869176656550770879869595058058882810788611837944112429566795679247235045912 - sampling time: 70.96473956108093
Sampling 65 with 6948400855648801382842886846650020473685479631798934196828191601277417355778253995573821952653735976149254064194095626356733384 - sampling time: 65.02039790153503
Sampling 66 with 1682387547413672805722268852193658157195570658390725693874863699037088923290294985498634922402860647005684500542143342245127811 - sampling time: 64.35081768035889
Sampling 67 with 7413028806363453343731344173377250945866575062841832638572104052878141681834019300423328045226647624780081969197887637174025312 - sampling time: 63.109222412109375
Sampling 68 with 2997475340693024487196008060469036531091544880258671778286153507319591358219664881928909638173089747189011994509387678675138486 - sampling time: 60.90833258628845
Sampling 69 with 2410762477188917876518330548210543504210570736298590342450916765224468755989881576678567290103517677768187933922663240189944254 - sampling time: 65.55266046524048
Sampling 70 with 2818968015701935288239569301000798187270102273523458075878484509485455453718255960160290837548844910141695326176010778188611949 - sampling time: 68.93196964263916
Sampling 71 with 520883204299159666787825215973188763889701439079400849423664581464492419059771507736533203232423687396535114291420626420044478 - sampling time: 66.3254463672638
Sampling 72 with 2928096924825017855314843562516824125591078338614419190099484814412177573014161688634086168061522057647304674252838239323824921 - sampling time: 66.90275764465332
Sampling 73 with 4239485348058512122957558251086444950677472184903049996737702496279436917900653431789043048775486371305623749460500912340726249 - sampling time: 66.17829465866089
Sampling 74 with 4761471782988031530433869975618453788267686683975305036782012762963278821475861601241937458209204865557797340998863649144640885 - sampling time: 62.82693409919739
Sampling 75 with 564201288714194306592072526154392522424659587023928022927504268949490535064912668425421019430279174341074305098965193555427175 - sampling time: 60.57075834274292
Sampling 76 with 5020958671621977007387960070360908472940386897213793839973504746936641208292225149584704893830934883031872388524055783908353950 - sampling time: 67.64484333992004
Sampling 77 with 7078471166325631432340746508276583508874842228153221802588486532025413899632949530767955712341407605997794115427665947104721473 - sampling time: 71.13662505149841
Sampling 78 with 5619639323978903253983063121448149380772847806034842567839214474819118637575013629963689759910759073001594956329821945828508852 - sampling time: 67.80696940422058
Sampling 79 with 1188965117795182055059977570307052220744247985478350260107426281203221463659511666349060102897101362888349967221054232600547621 - sampling time: 61.39575433731079
Sampling 80 with 3987179386405873848876415970241830822623287006858241288125071718666191712287990426786673103807322178122771945778857908953185772 - sampling time: 62.9868950843811
Sampling 81 with 905423909142534467255605984576389233884068727837464340559572982413896548174274477000071935375691375204756417461735260783306607 - sampling time: 62.74710011482239
Sampling 82 with 7527557266557180365672037617095093948616439384214847658128468185379173593015559889250592444748582414912952644424032994515056121 - sampling time: 62.90535092353821
Sampling 83 with 5094947061321854587101296749459399015378552306719085359053457825442230670145756764280748235115185434430079895826671782891793932 - sampling time: 68.74333429336548
Sampling 84 with 1969796986598891173432371640214151396783609377413170485418683065476741280886611543082704210411641420996518832524792986302063197 - sampling time: 62.02860927581787
Sampling 85 with 433671908903774125466689733625661355120688174002977300031644514636319738923173795734423109742114051875311600221678734660895862 - sampling time: 62.774493932724
Sampling 86 with 2830935088671492141135440582103534372718037921971750802957383058466248104572047733410325077015505949780642530458500283847377869 - sampling time: 68.69381713867188
Sampling 87 with 5819075556949926760551064151323220245507764516860527070475801975227330275131870516081948763368242742117982809076693115594475564 - sampling time: 62.69255709648132
Sampling 88 with 2568433594300227129462207339467778199386998810389529375594524381834225065263077829969676007192190033912217350458788381826567030 - sampling time: 64.85602235794067
Sampling 89 with 4626173478858848401132052713528548023007900287730288208012661709433699213385765318755030953540637898402469474430014303417869353 - sampling time: 62.345497369766235
Sampling 90 with 8133352539646455438223858471059279946277084597614154212019627843481153261686696983882470900117939086515902358712104509554469555 - sampling time: 69.75570344924927
Sampling 91 with 6640318197209761543943264446399660295815238812431806947801886882191594281226180523030585336556279942560058040265249545623969974 - sampling time: 68.08642411231995
Sampling 92 with 2450917836904385080879331119655878908045169446372683474645533882542202868361126038467830694441140503849453742755958196770481874 - sampling time: 67.1960961818695
Sampling 93 with 660004144595715789795058126034340597322904061344121507588472684615276314898162735856991759682258727184641681246615236258409444 - sampling time: 61.59268927574158
Sampling 94 with 4731660790860808378697232336933079797111958890143742883710835700863515769570401280950089931617786596154617596325500374837615671 - sampling time: 63.77444243431091
Sampling 95 with 5703108430539753281486594477888736371048660191222062083060590242181403879903992617470293167141506511672509788194497533722356237 - sampling time: 61.746057748794556
Sampling 96 with 1707543276391169529732693774305501823493194933040463152779530767781855415503039668237395816813668232488902232087264084679287517 - sampling time: 64.36836051940918
Sampling 97 with 3324035786951871366492656598151137190334258050023910056871153786659205837113028359978051650701711191686548310772329294793363730 - sampling time: 63.00873851776123
--- total time: 6284.482977628708 seconds ---

real	104m44.544s
user	96m26.432s
sys	8m48.498s
