Input file:  ./FeatureModel/pati.dimacs
Number of samples:  97
Output directory: ./Samples/smarch_basic/smarch
Counting - Total configurations: 7901505627733039911417502588183195931419743370986593956111576213702116855966805459012822245118008186717339802422502437673492400
Sampling 1 with 5678822148191897377624967774660387290879783475210510252812666288387939309190197488107740626800397612213979362473960415446255474 - sampling time: 46.79828333854675
Sampling 2 with 3243161390604868029808240234790325688042789764704814433418486876430459319447333867476256496967695290052224098867258916771371645 - sampling time: 49.976606130599976
Sampling 3 with 6442602483303336608483044347110655338603707242911293964755559815580959504898632659613667170295696845458414925425512921197554721 - sampling time: 46.40049767494202
Sampling 4 with 3862433867952398992049808447154243649718639878937806476411125899920279978111136992076718666985383700782475278454481674951962461 - sampling time: 45.52734446525574
Sampling 5 with 4980940404068261889810147873838606911012093148859383184927989658102835290136964138823023694762382389697543950266054347124536418 - sampling time: 48.55418157577515
Sampling 6 with 779565550496607094060858425471168958808547501330738915307559275586653432625425335336888124119780555299396263502104641837228815 - sampling time: 42.789605379104614
Sampling 7 with 3811478242947755895057943788857080549843580542030028153996055189390160388111528827591149213703210568921027878547459121653420308 - sampling time: 43.67948079109192
Sampling 8 with 6880771654055301892953743974400747852744585979010771956886634716451227012496188244962175058608872502799909496890439742085715417 - sampling time: 49.650712728500366
Sampling 9 with 3048350887662009384687242256400382028125582726403255872341162529543734087800089421898045924183715354330249925170244507201876659 - sampling time: 45.70817160606384
Sampling 10 with 5666872129833978674652553456436367782361605669588837352013074032184467408608908169719199039308712989975670466185675946500420613 - sampling time: 45.96058630943298
Sampling 11 with 4882192297423846378303120723921874861533720930630759589506663162252988837365445197768503531638701399037100863320861134633972357 - sampling time: 44.38607048988342
Sampling 12 with 4328055902553872607608140245357505718287228631096620939414048010095008362582965728504318841966804029917313962655294167732529522 - sampling time: 44.55082726478577
Sampling 13 with 1873558985158173962814810738278792743978331075764868167416112404853933232659071721545176140439875308800814623623751998521907885 - sampling time: 45.917604207992554
Sampling 14 with 7066186032489332288977987814390996548302919183706203373980911811420905418232881888895221489725405751235090334059255236154283315 - sampling time: 47.0464403629303
Sampling 15 with 5312308307775873823676175097565378709126115407946566797826327377713402379859072755412688798040870466743320905212753599891165658 - sampling time: 46.50606107711792
Sampling 16 with 5538666222644019449864021003390943834091815458484341191498977323722151036303243902785165465037365531684086488885336288985067900 - sampling time: 44.852102756500244
Sampling 17 with 20469943984773748694599685692437061403417771332390520566682179654715974274940315191201180308948144296496633627952479282218809 - sampling time: 33.845282793045044
Sampling 18 with 5084506246286043103196420763851608377080605154414231428838434279394620761133496745186795677314911081092515564526741495239672147 - sampling time: 47.60135364532471
Sampling 19 with 3675302131852859721952851683883063778972225020362963674269455075890430183198776052202311129232913155215601667090123658765848738 - sampling time: 44.63158965110779
Sampling 20 with 569874937178723621791306595964272013719504527999139813892610135257968037269411492420983339084685450738139403234586651208250518 - sampling time: 44.35196089744568
Sampling 21 with 6013571643025888195430460113371847661338129566875861100392123865942186202983982159875815865236239425660540698661464393930061864 - sampling time: 47.23786497116089
Sampling 22 with 3051780928222854437977270612037601671214604365191748933438348146324709288797256682146118044102139117084089179613858873475803851 - sampling time: 45.66824460029602
Sampling 23 with 6236191803797794752133274225241895525517069579235766363923564444510340013594322534788428047901851350056758114301014899292149098 - sampling time: 48.07219839096069
Sampling 24 with 5764120826639960143048318069031548932010301415196962320307989399060720874227995808112995156187935202610368452737043030801642113 - sampling time: 47.980695962905884
Sampling 25 with 658678522919349370948493462631209273618099695235101548639789979618555532825493794278289576423999049901975520786699390596945610 - sampling time: 47.32369518280029
Sampling 26 with 2467900671019101726971665837480298760768695328354797464532593815414673094441483708056540145876282382362224779260383037678466215 - sampling time: 47.31471824645996
Sampling 27 with 5157822023703895726498280977090068534544931698566689694447383017588326413492438580451334394874301515704824378849252815580111631 - sampling time: 43.83981943130493
Sampling 28 with 3332171448521342328625099395207289111456666164367100654300772334210497781121607785395403087888544629808352319008173437707055240 - sampling time: 47.4738450050354
Sampling 29 with 3281890863466818402510439545717443875767244280017722320515553801658215205532155429888102880161626464623738122831014885958878593 - sampling time: 47.97698664665222
Sampling 30 with 2872756809394024233229994659903127278769344150669009272212925840370893799950675022052486099225975494337481206737444142776142321 - sampling time: 46.53190755844116
Sampling 31 with 6777108167769557544869931351817237082488696436012310305560324219121607703706373536268061569352116464652705220141684641195220280 - sampling time: 49.01179122924805
Sampling 32 with 4084035102341838597228685148912511590380711266444978481996478734664933114076642312182531423447247892176506082270942731850391964 - sampling time: 43.773350954055786
Sampling 33 with 721107777240527543986977344565604178763612457760466499024464253390091101574191772149418488113088548623609818896496951163065193 - sampling time: 47.32871079444885
Sampling 34 with 213797399841172103153301099917817778343590204542516939247816730994097448546880186744245935432147160062260978632399547636923471 - sampling time: 46.06848955154419
Sampling 35 with 7830063281965537742392672211549580853688365081340251282582918033693280414484935327125767361698718044919319173633096124805156737 - sampling time: 52.25189542770386
Sampling 36 with 1418740220360619547052506655593329587001655084747005598979220886532964415675892366517120284571226279058820538527783650435763509 - sampling time: 45.52972984313965
Sampling 37 with 5256980970566378136617162575428781376133626817183634426401937973747854793220638958682520826789250912315353333829553731102095626 - sampling time: 44.74056577682495
Sampling 38 with 2857528573231993645975024717885049036670306159844431846947133805080590784837136410044323247889327134077376189992317298156629412 - sampling time: 46.30361866950989
Sampling 39 with 3625237017998937002972711441425993535707203234151569959581830211530076706331978526423821624513193843592213469410740153926536012 - sampling time: 45.16365170478821
Sampling 40 with 2598614955455320561775383599322679978380603204942515145006373504712358487460733564740567909468516929771198167532618147982529426 - sampling time: 46.11782193183899
Sampling 41 with 6584412267790805928844716092414521592037627073507272473999820393787312081913627184515713881505173011404737298522524001332347837 - sampling time: 47.05775475502014
Sampling 42 with 426396468425945765879947055155278531081943452457379887657799912370529629300783724894978664831322142626393889927166654136221672 - sampling time: 43.20886588096619
Sampling 43 with 1891250071097458109808812263074878913614626757464986189903935410466749984633084161705226536373287603991618221681030263162788211 - sampling time: 43.73683404922485
Sampling 44 with 118050547207962094268744751178051838924438203503908352175432867051046005396966539618234439807793237456831573981249557334316669 - sampling time: 43.269861459732056
Sampling 45 with 7701289669434059493612772147157956538587531972487906228370448883632158333748877426759260720363460537091750019121212607596147980 - sampling time: 48.531256437301636
Sampling 46 with 3100822451217117222665126361013222594713754506837787873129140874244779451362909935192278572118166554667973142793779597328733528 - sampling time: 47.10464429855347
Sampling 47 with 3156668164577971684042530112022596788196625280387027138395333634151885105891168937257829044837088325457324836705768326733071775 - sampling time: 46.62485384941101
Sampling 48 with 6578625278694083515818359448509684645301741450244826802818255809473166974830100107024912130560519844317079067396219725580546147 - sampling time: 46.75524878501892
Sampling 49 with 1238390552182893929476136731784273346383691915301999609036372094675174781013962897974025411552020282823859870347987434518984899 - sampling time: 44.613598585128784
Sampling 50 with 4921830378522548157781576083899640206234086492674376777083624683080845963848551801234426237911101958613127387884074535944457498 - sampling time: 45.2109112739563
Sampling 51 with 2038991335557773693895761466965935088683625375138518120474679577119966349302782677484147348307160894796699101984126136211121937 - sampling time: 43.96403169631958
Sampling 52 with 858066287147751324390597634136895915962698243436743005176548112802649618408312993096490351086835367057720156250435763562826922 - sampling time: 41.676873445510864
Sampling 53 with 6156172929202932218022978918140722339918883884547748297335344173840803465034249629634031392519673101937291665269111476624227184 - sampling time: 47.039676666259766
Sampling 54 with 7447155196669876324858270267757800505961055465889156928606018420743363942831396174989519881594508554836594403583967849637066486 - sampling time: 47.07991814613342
Sampling 55 with 927710743876395482621457465995119125339906997454049132543195658794067456330828624186222707909481066086786558377077992051607095 - sampling time: 44.19907355308533
Sampling 56 with 4579301079311319710381782103225746079558413675751111576183511860116038644421802981093668617651099944728975595698160017605850106 - sampling time: 46.32351851463318
Sampling 57 with 2583142324218767388420600103353923980409623699551696395489527835237080680392947068851013447507333403488894920076120134062664482 - sampling time: 48.455302000045776
Sampling 58 with 2581391291862442921429180526379224304259911968678987341438380651297880730251304002635045236896393622541940896655546886543853254 - sampling time: 46.479729413986206
Sampling 59 with 3066262680757176808078246447095168142901544909874832925755908557189830315918064355245990486384768914507686528619024489561739708 - sampling time: 45.993661880493164
Sampling 60 with 1921620978110632189688889013680461159198422849366399058427147440387298217917016415922247364828982571527088178953634037002750949 - sampling time: 43.66902470588684
Sampling 61 with 963997112233282415593815085710746148668300670510428153312263981536473108680854958357627698395827149412263320710948131772192956 - sampling time: 43.19621396064758
Sampling 62 with 1074715494451860608388240611822864997994766595502289476192919074829092259370864698031262950555533319606315275754293435324798496 - sampling time: 44.329946756362915
Sampling 63 with 896016586332469352479809941770862344344155194612138128644928748717256036783261079284814654513324636954238018374881647573093197 - sampling time: 42.842875480651855
Sampling 64 with 6075614059649912528736298113131220026440701496363411087602667156979943935910842134051906912661004073018674591119196097833641991 - sampling time: 47.74088454246521
Sampling 65 with 6162967615034952155917337387901313243228448390002229601356032583834825798211423861268442278573208651001877053003855126130437367 - sampling time: 48.76948833465576
Sampling 66 with 4096439724188397715560917190352820493498281369794093941656718028439768934308989958439962560549983963565196565537682976296017232 - sampling time: 46.329895973205566
Sampling 67 with 4034962784132878736834529381377853051336808925084302745251084687388535438932191972187730730647991082296218746867608770049020926 - sampling time: 48.26230478286743
Sampling 68 with 1915461251553745611345642043309730377015437729600543811781409132795962826462538002333089047194235806376448833425912063681847741 - sampling time: 44.19564652442932
Sampling 69 with 6362193196888185643545353904273400955657145436988682542671637590303123485841558165703771146131359247351372919895391355515150944 - sampling time: 47.463204860687256
Sampling 70 with 3717314707194923368020421374280963976175402062070047195901670312271373708634454518218723425981471604274997824637474224644787123 - sampling time: 45.052218437194824
Sampling 71 with 5867428061017158582401699598671702561019109500535877528879246635359727152033049086208489691665832677763514229685237981393565438 - sampling time: 47.121591329574585
Sampling 72 with 5768138461679603010798001869118237653878764329052706062182324949278725326201823254807124256864493633444221246989273920924582162 - sampling time: 46.61679768562317
Sampling 73 with 6047725010367298966429136312300613856921676162569280163488485083646812756343204618853771376614934550685312147732901758264974403 - sampling time: 47.02225732803345
Sampling 74 with 7761288282254329087654001508321345673168063625291774195996213024151726764688533617894110128932609018652575759801511765932249430 - sampling time: 48.245747089385986
Sampling 75 with 4863026138879273321633530277805943582856461767320555474477877978130950536495955710224421743344662269600119683147978759533969923 - sampling time: 46.64347720146179
Sampling 76 with 1729799522181930975531112549963676833794146943165081270451311102338086858390237784075678596933545735683371803276742398376344566 - sampling time: 45.41093945503235
Sampling 77 with 5574905413537960991514751331089572783481502908661825532253343035205347032526217572257454162832635880340402568407314500016439034 - sampling time: 46.31053590774536
Sampling 78 with 1885246951392759069425757410094368770480296067300239461460802861809492697547960015049938374732181143467202503075427651492842753 - sampling time: 45.206685304641724
Sampling 79 with 4241722974781021541887401012390562111888605264164535446966705250361010225918825236810119928891150984676506899506733339802435018 - sampling time: 43.45804309844971
Sampling 80 with 1815518334558453456026914284432271388950299367317757970685856387940738912895408964763902648915680140856718230304045375838898032 - sampling time: 43.74643349647522
Sampling 81 with 7615236972800497201653411199041687358948894862907719046152686573118363269735042461390190128644293138878819336049394136616672231 - sampling time: 47.87295341491699
Sampling 82 with 5167500743976427719565689807262351678088702410938253960889620315151513361303363528509975794472580891305474806254315092463587599 - sampling time: 44.59915351867676
Sampling 83 with 2976492080566024974653189938331487824517773314360945089519071258619434825497546827085452864643986654976372010815055738792623560 - sampling time: 46.053842544555664
Sampling 84 with 3789826339831205540746074619610613611126716634953440424901513309851568206504941093748011066506742936113798470731132190587769918 - sampling time: 43.17127776145935
Sampling 85 with 4929871526092592009056070930230870684852569319002219141909853581224828499430025121280894770399646678402187158432436454547877144 - sampling time: 46.025691986083984
Sampling 86 with 5128720562377742357517423075205366050051390389427529209146036805337904481963332541580341086094999663499496496161409132007457416 - sampling time: 49.19340395927429
Sampling 87 with 5553865273651296358474601046182870478283058047123632015455302628931340255136780865612325582210646119662489075628066968260068449 - sampling time: 46.73990869522095
Sampling 88 with 3334814057075671456032985819728483539696015306279267060696419932970633488534466006886441240276411271216026419578250913443796201 - sampling time: 50.00327730178833
Sampling 89 with 2270782073979899055861302153139311581405092939760603354928216994492505994576262528712718132531188505761585288223218874058110032 - sampling time: 45.91763615608215
Sampling 90 with 2132676928133589117697573543425739831068539061773422249024295991783915629632794164752351068194776208660834105286424617303434955 - sampling time: 44.123592138290405
Sampling 91 with 3877081968586277192683787107831265123728493054712858554149358922528162876692200794945787969642226989693737162555063505233005807 - sampling time: 44.42127561569214
Sampling 92 with 3583976832879110471049469198354471161881546437880496235952973226348225008261458307994975761580827090706159871064406766050024331 - sampling time: 42.51155352592468
Sampling 93 with 7448042140392794540862782834470280282789005116455889104752953303054419731872481720649510279285560041830079936860515212402059229 - sampling time: 45.40898561477661
Sampling 94 with 6386349839719266693739766014359326413892405755388021782502236535310386964945636288054593720377782408217830874182504308315361422 - sampling time: 45.4288272857666
Sampling 95 with 2192295457285730081386158640057226553072904987409511725896557274931752728127210748910894584149762658649620871210372142589577569 - sampling time: 44.412333965301514
Sampling 96 with 4768762106121432007408127187190150847239675970260847510722592112083214162454846079290800720865797217653072992240288270092638701 - sampling time: 48.02547645568848
Sampling 97 with 4281656226550261746946308355029291421920482744375546783758146810449181032147925123522433216712249136542508727941442104208538245 - sampling time: 45.03462553024292
--- total time: 4454.245956659317 seconds ---

real	74m14.306s
user	66m31.249s
sys	8m15.990s
