Input file:  ./FeatureModel/phycore229x.dimacs
Number of samples:  97
Output directory: ./Samples/smarch_basic/smarch
Counting - Total configurations: 17690241291695326522257789817466990270511110167732440205850532019265621118320902296911567073878924836323606003183874302922311817581561360
Sampling 1 with 3290334594843481287620288210375623424506201252079599648668909746164275086825449690289279980423550085010781822246956604784954703028512838 - sampling time: 60.18719148635864
Sampling 2 with 15938623517811074892888722288158901311792211821745695509300025833919194335163808150315896793796746064924494392316624358636426254704373117 - sampling time: 62.161787271499634
Sampling 3 with 15846049699193244670418421604507547853809808345027864081277627909379718299068441029010804485456735082848585658636626350524070758938111035 - sampling time: 70.6229259967804
Sampling 4 with 17425189551636617019098492818431160530956443189950308128685124412614273879820882599699599780907299734773647983385185300630933915164514555 - sampling time: 65.26011276245117
Sampling 5 with 11924497787176437755997552023034148297139629121778614677898843809357844476084938164645033856790630368859381678379149081039037976228696156 - sampling time: 62.171316146850586
Sampling 6 with 119709698663497281698078437805523285745362493790975331529570305719744080803020126211951933665329119971228641711930956341592284089640078 - sampling time: 45.081125259399414
Sampling 7 with 10836332987420216830975610912336489906902918010349297129647833189458318188775217628864181682244305609751792381357837844796816099204931864 - sampling time: 73.79343056678772
Sampling 8 with 13341100541661209803397510275468998943981882606284053959919552403336903439027161373718907171858108070034170404745542964509914815515876390 - sampling time: 77.66331648826599
Sampling 9 with 3853000553964067321985342861571304562037947676024632177397131531457249527907295674822639227335461189274454209654866433636970219874789094 - sampling time: 59.99405550956726
Sampling 10 with 11588275585779349904096040695633862279379444699272630982305366469262916216076346231841904628914021941726930951119686004233521225274083965 - sampling time: 63.99415993690491
Sampling 11 with 9398447100649501328289694061110104743580883343395332599312891537968024409505416753795594845222127329407219955793081302408822610064276939 - sampling time: 70.90210461616516
Sampling 12 with 5476568712896854485702906547043486098399889472452606830731826338730258352360432299656560136568926726981782786028073292578274428538456273 - sampling time: 69.25538229942322
Sampling 13 with 11368137760921045659977611498591538167419308940541929073425246724780308747174302735625590260112449310193865173844246395024338162897061704 - sampling time: 60.610403060913086
Sampling 14 with 4884201220532908714179780604938884412883450374308984450299897683203971118479348925759431615559542625743620117204544176329723087277032116 - sampling time: 65.72958159446716
Sampling 15 with 4597965629516567005506781837585912416503873135504248785544679671406366991473564911725940673501257411026927719325436835632375105079035262 - sampling time: 66.23963117599487
Sampling 16 with 4601799579030534224705237285012578640707670421155860090511393692113566119585130600497937152572759500753522302409629089580780495249506301 - sampling time: 67.34130001068115
Sampling 17 with 16103609501015706918357962937491720108975981356714960277862720602997500529212148547968384986175736218748843573926095329531080490540347359 - sampling time: 63.03237843513489
Sampling 18 with 1910267204101648401274820226727424772330475747763914338010949354374892445093312855737511097193943663475040229354737455575986097207089633 - sampling time: 58.76561713218689
Sampling 19 with 1646352969240153165923737102842170225993155270466540707495050644855704574423167051643384889503834458056729307980275057563895872335020824 - sampling time: 68.15857124328613
Sampling 20 with 12231403992922721954592661230602796529492184100013146203031812415706991285458730332876589671857030699707379195215048601869492499248213707 - sampling time: 68.19404244422913
Sampling 21 with 13439559110878696450330065354925610637490912978974880770690481561790499113378752993355181929053182095911837309344832385188377150841052311 - sampling time: 62.07799696922302
Sampling 22 with 1657579524487258892876630985383184428851560580916912964473037960400520817420980808650036795387441816088482978634641432466740581477963358 - sampling time: 69.26044607162476
Sampling 23 with 5170700743378797144622925837194463115911579009301892552905420926214419257887390931336406914047104790344315719147804977477643470120079450 - sampling time: 71.28444814682007
Sampling 24 with 13766027930505494833028346686822386296242324298337225658665428200597170152466282662976008286500029670835257075444410471130896161145524770 - sampling time: 66.48104238510132
Sampling 25 with 15507409285882686063275341225941352122882902375721258142074740941130478962094333969899033776036993215670222719114260884026907506783151370 - sampling time: 74.01115846633911
Sampling 26 with 13054142479485281488995170178141724038303836812242552257340203106681803573447933299658142919884191786619728999605606677374180022658833810 - sampling time: 74.20598483085632
Sampling 27 with 3056918454008392728786715226578327575002150543560254275162672973834166679520955547129246305347571844105660429310844883210174078787798851 - sampling time: 69.40439772605896
Sampling 28 with 10759852704659261885863073600715143139912144666333800205550534851934813214642941038387971509775870354966715889165133628492065255932914577 - sampling time: 73.41131734848022
Sampling 29 with 15682013135491779387666695163991122425360299865106313898984380199022163983143114735304501051792072704654454848479475675743892973753395739 - sampling time: 78.27449607849121
Sampling 30 with 10560433329546795056075235548702892425909352895287690449338058751914281290640133546913974320449928086197162521054847467912543256040918113 - sampling time: 71.08847069740295
Sampling 31 with 12497689426708172257407274391503902004506762251277895191957415690614234436527438847459602013496169216609430778897176778171288389937356723 - sampling time: 73.9316074848175
Sampling 32 with 14390289503705377058011729920763157181970367983688907685009956091809539751134106569377557688463062954444096091122556957247465839678637950 - sampling time: 64.02845597267151
Sampling 33 with 13840168012925679141622892083830861329009582806899114185677068168028915377245523751701657387832267009240755560726422164430045687464419870 - sampling time: 63.6212944984436
Sampling 34 with 3423700695694684734578008867997610166560114549041601358351481083827009381263037219205466732909947693822864744717699450787678297815069152 - sampling time: 58.96285581588745
Sampling 35 with 1353559345849761532058693810250011153688890347820940364475947265120360574070207619204759948499781447439800072459582906438681403009646225 - sampling time: 65.09882020950317
Sampling 36 with 6186713952622674665729446602644312032255511992027890829257241621523069330869688711003979537392374157397312145770594981931667098313548441 - sampling time: 59.87643361091614
Sampling 37 with 11402103086009137579705180198296873968476064047011127605989156196790071212848429592179601592110261349340534560256131516088089931814286641 - sampling time: 64.396244764328
Sampling 38 with 3073559708137427553054793355429770376301533641344654156930135266601504698743551353903340130734765715076425303490067571301950563149198987 - sampling time: 73.07804489135742
Sampling 39 with 12938520588161050020599428761691809978230936002540884007333812101899582993465830460459543512337772142983217238568136203618591392919635930 - sampling time: 74.43613362312317
Sampling 40 with 576291788000179895490233693594360040991946070477232253326309124203097627432543969818402809559901730985628199472559815171164287587270334 - sampling time: 58.259586811065674
Sampling 41 with 13443559585950412567352318790426356709434570953275168968457718375303480649976345944015990174948016282159034495044202259089332595921543211 - sampling time: 61.44588351249695
Sampling 42 with 6361001785325932594146600765356806351424269906236590041446390262595157540422905939119797017732615459157059547411488924786050149539594990 - sampling time: 60.5042781829834
Sampling 43 with 12458356230506461044773872306800902459730505258655448259974491937270319065473820793187048070291528782772380251165672972613624796845453471 - sampling time: 68.36767387390137
Sampling 44 with 15619626724451695322737427434797876409372904742792627453904643085296634086479073704544289421362540945440756068132138432785111996213681748 - sampling time: 77.77525901794434
Sampling 45 with 1683015091416321582242339085041976476746681600470326562739406352798478250806929545436773604608526310820387213216334473911379153050239351 - sampling time: 72.4468982219696
Sampling 46 with 16524080696733453184387800112392650150990540720634382990137018661599790806687080336195864246728835319704152895656916868827074804769830822 - sampling time: 69.65185737609863
Sampling 47 with 8764798201058463056747724367461826339146035016593863113877344562798597599607600297549504004531832785832972035349791672100692034030502363 - sampling time: 66.24283003807068
Sampling 48 with 8619706311393849825149129738078022266642150101906950041575659129492622903278736192967810367084497262401750766570663484102064166691476645 - sampling time: 61.50266075134277
Sampling 49 with 9980887134162472936960746278083255914828896202516654122051422469436099686688514986183398428439140661194931170998881027496458367887573443 - sampling time: 61.62122058868408
Sampling 50 with 6081455564030410391713895800821898398850165905180074429717750958309845023716163285258966189289199149137246218534952768877244199050513037 - sampling time: 60.54391384124756
Sampling 51 with 988371377346828097603719595150988670724984108877714897743737008826787050823954936134450616815149294792310339709046216447725404540209234 - sampling time: 69.70087456703186
Sampling 52 with 11362494433752763976598278701203229900124894957847872762757131773538952675066248358310401045649521911815413411167741187889589146848274811 - sampling time: 63.94541597366333
Sampling 53 with 16426987228739920498395060483456527764828749852174321714070953260783093789646328018758884728272859531655963167661941787213451295653856385 - sampling time: 64.0909914970398
Sampling 54 with 4784627483590069186719771501592939833720723844482219940032089593802623896974291376850158136530759522323403069716051682855233491613049836 - sampling time: 69.57402014732361
Sampling 55 with 11200690186337604310993800116676342239095616361190090579967630989550269338705253229677245682715397354797118830402079605430233505850677020 - sampling time: 62.119564056396484
Sampling 56 with 9338561957735835277237323531522248675357524153517394466566355122273980029282791415950957774650404984537809622532943676225833847184097973 - sampling time: 73.9623532295227
Sampling 57 with 11171496327596102931119201027471449293475813309686644841561183714328829827924347045476676921333206881347894128845041306314953760343750776 - sampling time: 62.32141661643982
Sampling 58 with 5784894055920733657490354884876756223549956071047147753759090582309170941849192058233989495586403552484522511679221374395708517119991102 - sampling time: 60.09976315498352
Sampling 59 with 5686684787997830679088109934785956583527343169607123397758341492213995753691245575454394477293654881423277359094697572983952230461170357 - sampling time: 61.048383474349976
Sampling 60 with 17337889808342150710734351943509999216485423791546891506540751314271283410465428337453798147821156230395222787703973045250235857080094813 - sampling time: 64.6197681427002
Sampling 61 with 6488969734032219518186868246949776126831004805735312549580150067865414556549908763742768879423124437481490853669267253780457490973797018 - sampling time: 62.0671968460083
Sampling 62 with 13437701444518503982661231858013040966107240414988003492655841851290473979581637243916680899482258733794099930320914976138221162902590503 - sampling time: 60.87044310569763
Sampling 63 with 16725390110999598750755897328531136079303373965378402386089894574660282309535410355745371680682970377037470612518718660914644832338793454 - sampling time: 62.39804673194885
Sampling 64 with 884713469226757540425087506551609548112157531041773114363283773113981056420663185335025239159545572489426886858125801683492325833719267 - sampling time: 59.116060972213745
Sampling 65 with 8445464194313949883421903148366077486487584963545970153383876332660422717575443510049607526465829600928978152033741484829800359565133406 - sampling time: 61.0489284992218
Sampling 66 with 7632576793561264675719295235890209426124017221527923846073407994379824102808358758990167179034627602341012615444382410798430850863638015 - sampling time: 72.76102662086487
Sampling 67 with 2505342269523331147434133958982812729927110479000980223635624322033182029731864664493283011420803104459947805749975839835052054319729326 - sampling time: 69.71022319793701
Sampling 68 with 2472579838206303119243130435794281987134075065760691734548899915212905096567091037748164734121833291142117966190443184570018558038965165 - sampling time: 62.73285627365112
Sampling 69 with 12968800087701899135944634721754014384213478139357709889707502204769168922566635491204167776436490087861904059640387276167448766168745536 - sampling time: 73.76962947845459
Sampling 70 with 12063813049088005119046684547910123145316718532650035970424102267728207059706818891614879943744239513713724929764311002695927356064228237 - sampling time: 63.05864119529724
Sampling 71 with 2398855191880865263599785465198834775129576287563559639254630874623847048985574725141599996366224952083007544679582822643478627172899773 - sampling time: 59.338568687438965
Sampling 72 with 5040187801608734311066875337904404599848065375637280773266301445424597173951179534923172020360598667994552973622289605756134558697263810 - sampling time: 67.0782675743103
Sampling 73 with 11233040196668304547261982871614038121297580131793192943751893842944612463435296668336096535137197552118143866981267666984872904564221522 - sampling time: 62.64702606201172
Sampling 74 with 11253243102751939701539216403788517165160764955874116496714210465731027828119052861913222022880983550063474620464053454263327866563337347 - sampling time: 63.8222291469574
Sampling 75 with 4987866988554470381034470857998637061981047110271944096514302683931144065388507860636704623690697195301284376417846587956034969584019612 - sampling time: 67.54717683792114
Sampling 76 with 1709210114464026818705482623813909930446875713402132034792134243097828900013194208294728288880576672649838375618839453166089687450678237 - sampling time: 70.86622905731201
Sampling 77 with 11720237951351829626605378431011656045699066885848346738289146379672941836943961592670489883749465702275556639192640971617319521757207173 - sampling time: 61.69413447380066
Sampling 78 with 14373404797253089053967715013247954269679116744481970070255877165900465801994766115081410419665105066923896371388227840368066079278605828 - sampling time: 62.95219278335571
Sampling 79 with 14284271864350316605284750311830677114215973861928911910431352095186401914481622020136972941329295869124166938811499673243635037517598429 - sampling time: 64.32520484924316
Sampling 80 with 879166961545733408444285186059224063912433739417886781312907118555135305465976599232611380880961815832802292121177252077936004103844464 - sampling time: 59.0466890335083
Sampling 81 with 10185494763031052249434462346684009904810282383384185600309146988015446547864131762965502599935717245179751255376070964732464049544220850 - sampling time: 65.2093448638916
Sampling 82 with 2921432725154346832413031618276028009858054741349597375604509124882001232246353702486019335567361917926073463850608360862503995891425098 - sampling time: 69.02894496917725
Sampling 83 with 3111920045969056852860675679605535307394861995506005970824629916007410418718967075734145828296448821204929981217295838322299126269068548 - sampling time: 71.78949761390686
Sampling 84 with 5295100409356212002796386870499363747095618923815049339702298307662178822665428491893219817136972319848032251611944305690053824288033716 - sampling time: 70.15372371673584
Sampling 85 with 16247830935355034993415581615023605448539231458432933409234427168245898678265384738779470172929968752087777222305988000401090946456527823 - sampling time: 71.74503016471863
Sampling 86 with 3648430851449877845395629551950918692745726452694797149398429538406789803919259620425338752410380869931093671230219258958311845047991280 - sampling time: 59.06295943260193
Sampling 87 with 8557737157409736564195560040465090566605418953978699556888298651747476480512181409302430017742258889343847863268181364513081185978489431 - sampling time: 58.890714168548584
Sampling 88 with 12785822040012888987894469055829617262104509436701287241555542655698797692294222534786429250712723780432820321490916427682846400965474335 - sampling time: 71.51882433891296
Sampling 89 with 691541148338032560231561072498114422237955128558385255420603366549638320046643301508369587862804401033160706537443085776923030306210224 - sampling time: 60.07319617271423
Sampling 90 with 14490279660914927075445569731402526169670031396707311818892332055549961666364217745223813964131834771629175794657288288415998696449415824 - sampling time: 66.84876823425293
Sampling 91 with 6712154450378736276388412972068501076549046093327291326846203549326312781725722107367130267923547702496586591345839669876849677534796233 - sampling time: 60.81699776649475
Sampling 92 with 7297384616106240992467428855533880007447701754933969910054213487789460942301983848229472229094026057061601664186713580499866899432735982 - sampling time: 65.96171259880066
Sampling 93 with 8974926108438267697712251351561460218202208560139424243176096529060659824541769886242868754141140975913207392157364672228815671838209441 - sampling time: 71.67494678497314
Sampling 94 with 11536427751122571717377627146020899766675100291854372729731414940969507696571027171546261631004197669651042240526136094912654895138326395 - sampling time: 63.42506384849548
Sampling 95 with 6929395563863712869360325763931978936313611204558969708522685331152705841592792331787060576576169898174670952963689920507881785771882401 - sampling time: 69.87692546844482
Sampling 96 with 10131894608906044002371733596424582737853699507965933000755046643179371728800567910553520079666919585036152147224347983065421609825165331 - sampling time: 63.74784064292908
Sampling 97 with 9004997754677337296294678944641755890585461158435584557443144437985065224337165902595488467373556131713996694971469554713480949679277708 - sampling time: 71.53986620903015
--- total time: 6397.205895900726 seconds ---

real	106m37.299s
user	97m55.621s
sys	9m15.095s
