Input file:  ./FeatureModel/ref4955.dimacs
Number of samples:  97
Output directory: ./Samples/smarch_basic/smarch
Counting - Total configurations: 8203198042416968764079367091185189410943931043684647241651574451763954390208350344320638479971108519696005910647887522258800
Sampling 1 with 8062669937304122058038587765204966865485930759958235517321111234461629312159380459255184137024695803016210894251201443122936 - sampling time: 47.60661268234253
Sampling 2 with 941818281766196360705734879199247514081264329718429481229557509075992087442128593165524261178715068023152297315173923685592 - sampling time: 46.2912220954895
Sampling 3 with 4054353393115893026053967184766249542910626886547186385350126964841779539611017251778509044911163695269422315792753316563766 - sampling time: 44.112438678741455
Sampling 4 with 5410932092660164065123039746267652570882406699903085625086952634534641462226906750433641000181006100794761086626853508764417 - sampling time: 45.32760453224182
Sampling 5 with 81273003970627324844936104348920839489173737209489258248411947965186362026483976015366823554071466557119768993176145002610 - sampling time: 31.985671281814575
Sampling 6 with 7364059419540434553774933684587182474816597890057934046581210227896802891198117196430944955901343577964885001475723176125413 - sampling time: 45.19464635848999
Sampling 7 with 7786547657294867703940395148775570226917462712241423727974313469897586983366098983815251016685455940157034347305749980084561 - sampling time: 44.43522787094116
Sampling 8 with 8104716815017934294129395907303160880899156004336453878497563545093007363839737456821613841643546103642298056051923524854096 - sampling time: 46.959145307540894
Sampling 9 with 1846865924725437511094690313544979164889686047863035461228729747942794192469004402333903617364130573099864872121355761417479 - sampling time: 44.80774283409119
Sampling 10 with 7115929505009420075221732246931976697996672288149511683835953991311911545046808039703126668102479923392760921469174065632012 - sampling time: 47.19959282875061
Sampling 11 with 7574348955327768222691884025466677024109957439693513573343505007300639129490949207309312932701906128398445456447749789666985 - sampling time: 45.88296437263489
Sampling 12 with 1326411401047491503871744864550091991404734794852993626172553511722667674289305733173213947088036470226981004083195091058538 - sampling time: 43.58750009536743
Sampling 13 with 5686092602196841174676842626371960943235046369817950135130516268947218948362653234034759197767489786617667146176487087389397 - sampling time: 45.927775144577026
Sampling 14 with 5179823369097015706717401704703157870001330241230226514415985176811102717107314789766079135762569182650551310759825616231050 - sampling time: 46.123552322387695
Sampling 15 with 6673943372765183751215992431607835161030723017483043407472141216461929693282926863772070137575860847180295509668521737639212 - sampling time: 48.101380825042725
Sampling 16 with 5679760197291393132476923857780449198733986026235948516522638449985553762330071250531531401206027860527405484761437371095023 - sampling time: 44.15541911125183
Sampling 17 with 480456739193922164605626806348134951539647112901700737542628566635551521100090517416651637956250058688970645885844439042447 - sampling time: 42.17863464355469
Sampling 18 with 5140878495524735306835511308667003319688313415701627773435298381675511868863477210066901923347460940749964039189664634933277 - sampling time: 45.13083577156067
Sampling 19 with 647177276687142571994742314990261513201388076756980264989554419178670119486147777446640473089199834372799718313536481144083 - sampling time: 42.92389965057373
Sampling 20 with 6786349493003649288440672751621939539627682099371507599391119364955254277177545099340121979485788094267666768701667354499739 - sampling time: 43.99383330345154
Sampling 21 with 2684321557196622929728308014809968206697442635430594246887158015525018914077308600261248177784424859103562578292340937064629 - sampling time: 45.19708609580994
Sampling 22 with 7845985057405632936696087580781822008993405564820838472724698578797305246577812245504509177270214688447112268802022778464379 - sampling time: 45.876646518707275
Sampling 23 with 8106238199327451637252824110254080515499669753429896711398330501714193676370908886551831572243230108253816778336793618866219 - sampling time: 49.76369500160217
Sampling 24 with 7384692745911691403838975496624193393695250897716162959159367853377466708999490982977984802520006900657399951606157101806486 - sampling time: 48.05757713317871
Sampling 25 with 3975312029423825196101411581057614478278485651786661211106444979429007352352946411761009263964695777555733664060045121078485 - sampling time: 46.94231915473938
Sampling 26 with 3302156838068094471089262343443801200112584098843694740692488921064246478825472611334763819602092336773531172557196430637904 - sampling time: 44.8953173160553
Sampling 27 with 2768942411936964580761271478895464374576751119264194735013908841587831435287101522619095515379784717298185447937222948121939 - sampling time: 45.059038400650024
Sampling 28 with 7743901368057663048058499843368800558688594248677654596665810859148727501127112434620014448101871888892040294095106147902737 - sampling time: 45.662710189819336
Sampling 29 with 7486334856064060741379880332849425900090024170446359791710549819555225509357119477697289205867700696267322176338372443416310 - sampling time: 42.72696900367737
Sampling 30 with 1175866402844397398146187977748830066487974733971908132623873763922955142529072777920785333346139991327585472907050424728182 - sampling time: 45.82925462722778
Sampling 31 with 3188652246033412939140668856437333178441096287084127909525242672368690726493031584612183833118830209069939086317994540837802 - sampling time: 44.64421272277832
Sampling 32 with 2118101824592106035359028004023160791386142096454381880193053793407239677188917227512399855012329286212074147867807022679409 - sampling time: 43.11945033073425
Sampling 33 with 4557847010629480737159593434479260238475517995768313542046159170636289376824146177201701131813452211979058823753156400851048 - sampling time: 48.048152446746826
Sampling 34 with 164645231963132272487229291486413137245281925701773767178824946382482483716166760160610939634866128436787591897473767951396 - sampling time: 43.72910404205322
Sampling 35 with 5231532177925417322356647563326839606333357730483363910433784573214864243934270213545444532803667024848585508400993814605446 - sampling time: 44.905991315841675
Sampling 36 with 2449266296117271397576329189422290279807470705712365040125377393348455485104148732795470898101408058697830628678149416438874 - sampling time: 45.75971436500549
Sampling 37 with 5228134265082255143438842065557854178259382867904813947036755475195424528745644344365348710195846996232625580432887568531106 - sampling time: 44.31164479255676
Sampling 38 with 4786710969907960256431820385362374695252005716323365780418915270778913553881270491078874789687163767742404100819558956178034 - sampling time: 45.397544622421265
Sampling 39 with 2247958093624499477474221154196024539305119379284384800204492467056249731289808325998754223809575136968898219235423807516784 - sampling time: 43.2681405544281
Sampling 40 with 6459002745374271932024253459742154883543622056784813514506437983987124089886925866657872087260172488040644448390819957063534 - sampling time: 46.18248724937439
Sampling 41 with 6831568656514497817251491864935015700841618752032996446789117801370129139977895026966708589967717258287024121606732569435887 - sampling time: 44.81393766403198
Sampling 42 with 5356120003618886374850124892536947800388162560972908271460642332936962310123262170410129291734488199243617189817686969546804 - sampling time: 42.896026611328125
Sampling 43 with 2157916404278331312504789975217266497491152178165123374349764353487763324934681917326993900077913539587517264152154979598409 - sampling time: 43.37394142150879
Sampling 44 with 6596809619178651898656375314049861257909772397755639965738948419990667198175948726674568824578720293071937036954256283666394 - sampling time: 48.636780977249146
Sampling 45 with 6376251895439742771390890213464091733562171961310806164307123759155718828666387729880476111221901674533986719643762006079684 - sampling time: 47.79637813568115
Sampling 46 with 5810785059553471933350564215899572781961840997313160363238003256584633267182320379577860905552143011795160434661299980269890 - sampling time: 45.645270347595215
Sampling 47 with 6897997681239762397493346337521073419923744537876562886273949504048937741285261671917845523622227627765141920565047857758286 - sampling time: 46.4309766292572
Sampling 48 with 6024466264819275023787409388826851082190311294304457809542837684373843949052913212243647972520872131853652558516499087694324 - sampling time: 43.96615529060364
Sampling 49 with 1171294538430700168565237353087508199419293630360005550779104369850432872434857103783073483548844029267761031610848429359594 - sampling time: 45.354349851608276
Sampling 50 with 6809889306192274413732884138845126464609924063530515533682269730470747307432735977930764066547174404125788742029251135133653 - sampling time: 44.91479277610779
Sampling 51 with 7739166334148066881930637402622497015253066920708797308781370159578139804090517285894813813380016854110340640081378648628473 - sampling time: 45.02545619010925
Sampling 52 with 1354017364651203253020345208535999300076111892925476678545260416345684620310986287215026700233472980917744322804862228094331 - sampling time: 42.178067207336426
Sampling 53 with 7155137009275228700712674485481333179109210053508438344718856195800160413211270116837552951771012327537902935989166765697675 - sampling time: 46.53408718109131
Sampling 54 with 4174387606197812322366176247663714255751605587654836225069492306146888828807801679938297049809221195283394047528067799285247 - sampling time: 43.85891771316528
Sampling 55 with 8178900067173273170197291582033630628320960821770617230565505102028192667146263500958979350606301829768761279213609114429885 - sampling time: 58.37817096710205
Sampling 56 with 218287223423907015760445174468779898100737835135264085750248164190050733656724905545571027215693160960260368759237074576097 - sampling time: 44.862091302871704
Sampling 57 with 5702245639142034624538620172313636336543568910327817926005818259677727615203135640912635873543747943570322998968022480193798 - sampling time: 45.23699736595154
Sampling 58 with 7121121649090180966198210652691990635809064061098117320039978959953714102982369273561156512252985635820683178859702418627198 - sampling time: 47.108065366744995
Sampling 59 with 2501938356729933130298016796768933268544256983079584501157272141098081163731810604661985169044949089144578769370497643531431 - sampling time: 45.19684338569641
Sampling 60 with 2869166180488757089124272056999285483548007599701898285491877377126678894035378446041911317573804849358345368456059719325222 - sampling time: 45.944676637649536
Sampling 61 with 6322278830570372495829564646987810634975450453597189254973507193683078959696388456833907747723341574322411839222486416148831 - sampling time: 45.86418032646179
Sampling 62 with 4282831623405900277105740346263197251850812793663474775246906162629997298946523195291148834038279467667907994305320682996375 - sampling time: 45.09159970283508
Sampling 63 with 102923987362362808235784842839711314349953620063387439149877813030249269303436627627300404146445369234773216605824978081550 - sampling time: 43.42974138259888
Sampling 64 with 1781037724209835066991805669534977196947496588455339000094953767667089831850022081300698358757243276371786374267054114923313 - sampling time: 42.73582673072815
Sampling 65 with 3828056758272449013507778360806963012551185756820850034740880717155907056540037182663120233085466345585250224215537234635703 - sampling time: 45.780139207839966
Sampling 66 with 7824850497531530639434120717541565941740738148042987694637962637277323376791874905104555370291071649600633882559433946032617 - sampling time: 48.60146927833557
Sampling 67 with 4138232187900886090780075923087625752683296512011774741763222582161365164359904852309525801563633737469640098440246071105167 - sampling time: 45.02970862388611
Sampling 68 with 590545101098982633924614246074963622391997827946789897832858825602990934483088875630034786637671682977450186760871312316981 - sampling time: 43.965442419052124
Sampling 69 with 4269637846524008474087918221793872564089792968329665114034994046981262558036328735615742460397606486331433080837944254504154 - sampling time: 45.0963876247406
Sampling 70 with 4378672084597621815429794313521790714774596374519240911475088552355448517675790821201716019796981793381324281747948666633871 - sampling time: 45.4685583114624
Sampling 71 with 4370041948850191884814384051514429384167404578154248060931680066391562997753631137381730288510225085465337381091011808289542 - sampling time: 45.23045802116394
Sampling 72 with 5363581277043065878394452745227785225556908202095898279107881603305745520609451141573922653331378376813445910661531367209655 - sampling time: 43.12056279182434
Sampling 73 with 2900126434325676238005252358152745587997338198901444580137571230559913014665207765148091922380952515069537917759687749509588 - sampling time: 46.155869007110596
Sampling 74 with 2283328930350461846502158163936358961029467745952193303764597032165004486940802462316725339193050120976234644646025782877324 - sampling time: 43.77821588516235
Sampling 75 with 320330645211341705910800362097386485534262607410091974413601563866812970561433482947665318072410175838414257899350044369572 - sampling time: 42.08145308494568
Sampling 76 with 7238566198642453036906420048852911801635872454727763545695862108659155977530315322594635910487822578502528259994438322542111 - sampling time: 48.45150637626648
Sampling 77 with 235846039332340267862296405949415750553668115139225357818246607901372337207620874469127490531695202266030406898115203764955 - sampling time: 45.63598704338074
Sampling 78 with 4767286987468338352997760792963502077849282547440431677105012317381854572167405646612757810928635428971354246097139762331126 - sampling time: 47.81945538520813
Sampling 79 with 4218643952136583498941453856006306824572189660387177609189038732125933355745501697615188646849019873667386492264850786053150 - sampling time: 44.410311698913574
Sampling 80 with 4075688932174518130245738681780244230598200464446630901267514141734234083439928011547093310321302233805568538173714484273511 - sampling time: 42.993048906326294
Sampling 81 with 5065382343650971407577973781873134130356891126042154363870298875562940974318657114977750840085278925926205942882691805530206 - sampling time: 44.696380615234375
Sampling 82 with 5049354483221614363574723006216448384497721182561360371449523018280694724393256008300594920576245279579661259184878936058196 - sampling time: 43.60049390792847
Sampling 83 with 4930899673590983874564453483043318505710936763890942701472965305145275052460537550354626063668425070419704925289920994292529 - sampling time: 44.77877879142761
Sampling 84 with 2004281616536760372250616966134268252123801345052453497255749629096951776741514532746440882259285255282552303728819746236560 - sampling time: 45.2313449382782
Sampling 85 with 6988712170993802175689493517082202004052939632148427873750047748967615255998277303700088436059044453907593810882530924965196 - sampling time: 46.38817572593689
Sampling 86 with 2991240242771790593077023866313658095791635946519386488238595366099708807171760555017471799127294426993469074713521569907632 - sampling time: 47.991501331329346
Sampling 87 with 2268470820495251153171932893291298079786147976287464803278373163381529620054358416526375312347741371984732602818488411079281 - sampling time: 45.61169505119324
Sampling 88 with 1267921343024842158273221440771630047644690009529407093932551928499722736449726075772742148478160424627696701747530647476524 - sampling time: 47.20677375793457
Sampling 89 with 434900877343863992855702167082791103489259361735240434618208861021901616001351127104077827021922584365940690795653147125272 - sampling time: 46.53471064567566
Sampling 90 with 7283927624460158875761312424613838320789666080649615598485129566677953054855680482242732211335866102650506176694767641904536 - sampling time: 46.622249364852905
Sampling 91 with 6757510660648483677450565221547710505401964017871664947231504221399809423909886450756612814502905036600962875534428786132174 - sampling time: 44.60929870605469
Sampling 92 with 4983873339370427524222788946260288268224557358703302180681822511980920806189318549946432686867807294914436918053301641609310 - sampling time: 43.544334173202515
Sampling 93 with 3469016020517190187191729306144517721456330471207425786021505052448380494080695736711486456258214764450300735976290713582452 - sampling time: 46.94104719161987
Sampling 94 with 3528697572943055968154874391079843969608491003198326421428740915060372472342004889600705892933150896151129483769409452484457 - sampling time: 47.021594524383545
Sampling 95 with 2682612435591922260086915358628519830916448864854423802616923985949635474415712454105333972190005589091159013066821991238988 - sampling time: 44.938340187072754
Sampling 96 with 6908218939564850850448748584858873652740882556582864297812905799587579383257507124429402115779892367656065549324491138818308 - sampling time: 45.95545959472656
Sampling 97 with 880048295388821606950188985604311949481604657422839582687310672829475247906786925139895836148895513337490106235692396028282 - sampling time: 47.63131237030029
--- total time: 4402.01821064949 seconds ---

real	73m22.074s
user	65m40.058s
sys	8m10.202s
