Input file:  ./FeatureModel/se77x9.dimacs
Number of samples:  97
Output directory: ./Samples/smarch_basic/smarch
Counting - Total configurations: 1200265594774990608550731701975282871464646051037606205645930676015365011378925415215241481887501187395620751271333018543518429649831440
Sampling 1 with 776353928606744138966551147248771911520611269363847165096121685758268083239172151798249921154470154730077686948970841608068151017213160 - sampling time: 436.91506934165955
Sampling 2 with 87791123695756702364751471135851446714649864484524966707814267751161204213956464502660113752310193288179173060563399535242158378242796 - sampling time: 436.7103645801544
Sampling 3 with 91752964579437780816551948920731343429368039270634206153060622244285351626708477288169024192332881373779055290932997218614473808403030 - sampling time: 451.84520721435547
Sampling 4 with 169959098577783739006476480095662323544900448863649602905719017727231281489603937621069846491697018602489468822939119533871321836366921 - sampling time: 431.1700098514557
Sampling 5 with 586791888500392367702476955189465043154848872066884641415040899275913794666349974801819095446528355694047620116323733494153564009773933 - sampling time: 447.11816358566284
Sampling 6 with 198911463763621218055957813534354718464481062759588921818131950280067841579503191904847991951018412467708314262402049179690249634049418 - sampling time: 444.569162607193
Sampling 7 with 1074859674858148853882974628643621642194737273524470179567308934892550591889602180211020139586001985818041190751368875527705762105672012 - sampling time: 438.4387376308441
Sampling 8 with 801979024716459662324721515556730290875445529696986797556446895335942998779757856456617575525474999604137890203774407849359920112597026 - sampling time: 449.6522841453552
Sampling 9 with 1026593391753636216531218572821553297868188304878506423179509634088990306806786908464562050266592302542881491626350523622987883665250462 - sampling time: 449.6633780002594
Sampling 10 with 636406162657056458063077481549361706661934343545063153437789763799454067722969261990778676777768769091169144220432947543847856939451737 - sampling time: 449.1999890804291
Sampling 11 with 608963572731979225579943770657174814162601945824162859564137259845547836774433701141353886212256072907896363064865290855286189992779330 - sampling time: 443.47985434532166
Sampling 12 with 641278862604349767956418304022561064743585480802004783431325427713792543213205517128963638004821010113486745728139077569235082132420800 - sampling time: 441.7110598087311
Sampling 13 with 855609869586936240502180051819581965825766164763280327813002456866374125107556514447727025710689659994926063505648454844545103652821181 - sampling time: 459.98919105529785
Sampling 14 with 430003270842164251602065835366342828064074180185834572691013042325414709381831851816059575917696378460935318279798045648860982323201944 - sampling time: 444.9068510532379
Sampling 15 with 636458432880386610295088392352241406462413882711033689103500348064055159818933869652651140913862770047857053973732104529595524057569743 - sampling time: 452.2171792984009
Sampling 16 with 674988249769286355660476966056484770075787517230774147619773420801683715831881980722378532544936244967695107414515916415252200223121680 - sampling time: 443.8641257286072
Sampling 17 with 972584742440695342686505861242187045703375977830735560118822880874501727723931148979283683294541898793298491039405142335021261462572436 - sampling time: 440.7982921600342
Sampling 18 with 112517376259139269272674384152044930702827794340479630563561457268576582273147756480726335629227406993116997151988543834124737062442955 - sampling time: 437.97735047340393
Sampling 19 with 1009338245871620647050813823979235856597435567437195267458610448557876279338439194400557220766870383888279591726082775377090669357770294 - sampling time: 449.67818546295166
Sampling 20 with 412033254453992524933340090349254063363665218505766162776924396402529106461892692512779814753512231552856376903786100040617974233879419 - sampling time: 439.8054699897766
Sampling 21 with 945053797771894944333362338985284287017441826167945891001322777803796177571180040478352863752479903955944997902935160108593492848851960 - sampling time: 450.604877948761
Sampling 22 with 960419119977145016890463063564049262364812964323429841203993293199126170733912169717416911475283523666216895356094416253785710929949720 - sampling time: 452.4938359260559
Sampling 23 with 1369749463961607145986467843485321514863696059678728060222018596337807707208740911240876689847565486257821114936105504833805021990390 - sampling time: 443.26592993736267
Sampling 24 with 1140397241189186670580330470715383994640336294126117661670437956723824701202184217353667885054631778549604084740168887919430545435185994 - sampling time: 449.3342134952545
Sampling 25 with 639321993016150064789000608524012583918488735521310706672512514786717585580162449969565665022924776872061538423626170865318411856541542 - sampling time: 452.8423898220062
Sampling 26 with 992076908431486175700245931835076927918296249361604005086738717779054879714141005763880823024154563620014318448540861030109126345371026 - sampling time: 449.76380944252014
Sampling 27 with 416045755998260265373793134139788680494734070925388272091183315921834127440012468041563803292565168610144344851555945002398398771365063 - sampling time: 451.4568250179291
Sampling 28 with 252738732563608368899595500228219920726567140383264584936315151626351721913382672606487402173815466571991648676721038593584975521802503 - sampling time: 439.18691968917847
Sampling 29 with 802998209475960048918527270642466696531341747121267663554068329778588304891301678395928358195919953203613700673789665447201696013832765 - sampling time: 452.80708718299866
Sampling 30 with 164542187380079088556327712468543205558561260258404118792290953934514077651936896631803164182993094620657886514436637209859373477053434 - sampling time: 445.7539539337158
Sampling 31 with 224576838979288520641633947718109182641990317435865031194767749713861828088089591684822657798856553222842588999186215846836189608905350 - sampling time: 436.9898433685303
Sampling 32 with 988456461786145483373495884435882455495056564006466237183499430254691494824157502253413128052663548726410457598137678488205047836256570 - sampling time: 444.13596057891846
Sampling 33 with 114618888059759733599654283565534541723670708804182064848206381466828906413645116749964802698056382167522374721231921595202012770122588 - sampling time: 448.1738848686218
Sampling 34 with 797591192415098163410165535521063928755462946045414927967227982518585999150350109566153637481289700641446361276559220766363512200845621 - sampling time: 447.8156244754791
Sampling 35 with 1144424838572790061114609636024460126256606826321903326560537628961596360429971502788440849414313522628637385747582943397642858938841742 - sampling time: 438.5861921310425
Sampling 36 with 853007812061195303420774820655444883021756405691718949265539313985931566452777552232308896229761396748071138994061536400602956980087756 - sampling time: 446.20673537254333
Sampling 37 with 1188432072326895326256561172651808808130013641154714867566241386286154960256360076087303111187849698114766428948804962318691966537222860 - sampling time: 458.0356307029724
Sampling 38 with 500758745698712260040677363906999949295177789995549170950344863720083926118149286213135671013399920420752547063811037658199935230960164 - sampling time: 442.220538854599
Sampling 39 with 271487619058447808252432895713210247302665220746096727716840325634704509420631022472097176134578329839260815227117183582523055628933363 - sampling time: 452.1108646392822
Sampling 40 with 827411229095141228567098029125287183825094529985948459063493750134434797487960663206862512143959077551866471924916766586086760611677212 - sampling time: 447.9374587535858
Sampling 41 with 331414775227249184367270631966051350358234451556763244233552214462309712436578828013128473083809042132086776684753794461761428709548219 - sampling time: 444.4617817401886
Sampling 42 with 700951668811122293996874797189098050261932203842372142722560974366447809341856574665757237564936795643789541581945717980468854815346256 - sampling time: 443.1191520690918
Sampling 43 with 933030461854552438294114473591870413871097380774538725355450659932510705868634108411736882717166543185508267066339610318316543729203624 - sampling time: 445.41228199005127
Sampling 44 with 371372070403589703543229563203550401565283516699891005625987513007127814149419162143406298795992544933784799581103248618162989544862078 - sampling time: 443.23184752464294
Sampling 45 with 190418784525684380397985628007641865260324937355616323660290282671836609943398076226371363932103785770149312730081036019661795872545101 - sampling time: 432.5436429977417
Sampling 46 with 1113979493159908750460469759547791290471356432763676468977862607329694969176522038790035701310272757749487042318660468864367804831750997 - sampling time: 441.1853051185608
Sampling 47 with 1049333255064742856921376821465428637414671692254884366351615150467977698583241623526775267282890545555499483337371794984580718284184381 - sampling time: 452.95091247558594
Sampling 48 with 492885119653741121473887634669309434372670176241445731844504162619412825142849080604473871070086947671859741794336400120475797782617465 - sampling time: 447.065060377121
Sampling 49 with 973858333417058309431319173992179754032797178321277854547858276404863891494810913796955830886113385675695564412856806813058743318042020 - sampling time: 452.4242265224457
Sampling 50 with 1031767881025364743414281783406040695068494584987033659854751630454004284903899662996472312817384481480488571003705806030240963841698142 - sampling time: 450.39363384246826
Sampling 51 with 438828513533188457019160444813794632692636957775085003110169222312517933439694910738029994873102113403507139642782828153794465431188835 - sampling time: 454.7178030014038
Sampling 52 with 234532608661662819606558690895963532985882736005096317347379408597612512100506096537934017045240054780177447083003121145535378828076203 - sampling time: 439.57792472839355
Sampling 53 with 118430090109198643984657115929681625214595813234743986664740188405220972468169201643058508216177844334244344347841677034716531821254771 - sampling time: 452.21257305145264
Sampling 54 with 506923170608420963482535489731610867007586695821613944947202043616017448705108153814842979781795765075910521175722134723205562730505568 - sampling time: 439.8569576740265
Sampling 55 with 365890276633309324130769189451087842904679420405224359581649835208686267741459178187696407305475460681678874878426570011000969593453726 - sampling time: 439.28530383110046
Sampling 56 with 981561675290552320946578391451556506549082809755507033349082729804592391017326157480911172481488732941427548330269147900522218784795596 - sampling time: 456.52278566360474
Sampling 57 with 199394235110091546895846845733938191963556011297022553854524443001280107516418856083775514165127162911280667490179164377677074359449504 - sampling time: 455.12347650527954
Sampling 58 with 1020566218325680138819463106831387537051155585684275089093638333296386721946841571364010163042777446051204775951531885954786636229248001 - sampling time: 455.28241515159607
Sampling 59 with 1023512959197528283033785069391134652370854341536489980314296527789936462388792206894695391764738941972140400662801536466140972809625279 - sampling time: 452.80003023147583
Sampling 60 with 642939136702471679953832861536474983673083632752091956077713474778869704318055088149045063256543272445093898614836691979690445435852153 - sampling time: 440.09088492393494
Sampling 61 with 747503539545381987292326054499514029669120161971908490712667078157996038258981527619079250957792381431186149208200170911050237989975557 - sampling time: 441.4277665615082
Sampling 62 with 232126436313343736080833530300375361523051842581067859787682262321029538085381000688114949514653069243874818112180224307781611758607005 - sampling time: 446.65318536758423
Sampling 63 with 310446159032796381807547894400164688321397092026667253907241557977065187522761882328018289502891704257027170896760684338800140245622947 - sampling time: 440.7101068496704
Sampling 64 with 1174751712033921238154876862441909057317517517482379814609132819786897579265261289399760131806956849750177037903581474911316143744996274 - sampling time: 451.7249343395233
Sampling 65 with 942144409304980840979527362835733581629739300372799407410428711465108876362226307844671990671642231187540618306679197149449515248831462 - sampling time: 434.2145071029663
Sampling 66 with 486464205833618544093282962519718093354876826179533357112156898161027460935892904103003288331022862853746510064930710859555584968795012 - sampling time: 436.38750100135803
Sampling 67 with 239532192376000230106159603045994217835510321294690880735307179952935890026106866382268780755397889981128311166738715067627724592392643 - sampling time: 445.296902179718
Sampling 68 with 6476895102776050733747091030882366026777011452814338295411512122536698806592829655287967297553546069028020522519043181268251309469056 - sampling time: 428.7541365623474
Sampling 69 with 440921111653869110249509931952449913275090820145200003396897886648456938702340722803114820791080288218144620463401869100527749103446883 - sampling time: 446.16301107406616
Sampling 70 with 714078182680740202731856690123409293820903758462569514246640980723910102930410121371458545747024206798939822603345549224772199395708824 - sampling time: 450.46875739097595
Sampling 71 with 92153627411197249281628656488600620023686131452299511863104443290232669312460840372672191934044644969311493151964460255213405066499233 - sampling time: 451.02495217323303
Sampling 72 with 1108918842359623121910870148908568993425058684321190435046709652515275920646361389707921258655474811660415303803925633016043770327509296 - sampling time: 446.9502534866333
Sampling 73 with 1177504908979330339873903600405028064132963586585036529966174397886791335838611927057403776127664305721443231425088640342613449345127127 - sampling time: 458.0703191757202
Sampling 74 with 678860416275338735240686047042053523766701264937905208071348709926812154174297153341889478234646558077125145295619782615999911896049373 - sampling time: 448.8457155227661
Sampling 75 with 93240699344375426058008293214977027450671797618576879039715774247805646919154394268622423386887128513831331824986836687390492100424323 - sampling time: 440.09619307518005
Sampling 76 with 241034317080539018136617305818124155356728284576624374003715648752177406542412819714177801224867175510201489675165606442595658271423344 - sampling time: 440.2501368522644
Sampling 77 with 577350423781649508246068658514431608138751417105978376866552641678561868548821995200818761441440908106499663832593836756578221273032929 - sampling time: 447.0388958454132
Sampling 78 with 422571847774676200230135845265047425039971410207933372767764911793942709561669813406205608827704965846108353420432913374261082580032083 - sampling time: 444.0082085132599
Sampling 79 with 147893994135884754392216631420837922166991342335870901803340969549773201107726822200999943789347753154145713910825497883017358404594039 - sampling time: 428.1232922077179
Sampling 80 with 1187218115325330008359844859867891227248981475455862678218040411454768503464516387411557458683964962356577197267704281485244437366805967 - sampling time: 457.4003834724426
Sampling 81 with 1133515041577962748314889377121323984590046409874570333527801649581150301705982258540118407463984072414427830971028788119384853061462851 - sampling time: 447.07684993743896
Sampling 82 with 932150262543223142814376914109306708027935043252155076097374271677891098657728875150887263562796052984252965947694010157125788768771552 - sampling time: 450.235951423645
Sampling 83 with 1027517498359515485976968857027746686328539649757523670175248892723534475560097423718058786174260779568723827019434407186668660353152741 - sampling time: 452.97431802749634
Sampling 84 with 47358849121432685398456956077625590014225588232012960172444246879121082580592626101318369740704278763293561689522097935760721386057604 - sampling time: 443.9002249240875
Sampling 85 with 202938414155588290008678803971769231451695625718857222176213158017384751435525405091315642041121079984128210121668979843933101868156534 - sampling time: 451.2990484237671
Sampling 86 with 515252799479919561027953356262946032708989897135300085345365393676136812484241293202553543654135678894052435223257862557176471115760282 - sampling time: 442.21192383766174
Sampling 87 with 73881631645756822854851203252589913270760812713581438387952182902374396615108039791168001588744541866138577616844830248575303024819740 - sampling time: 440.19955229759216
Sampling 88 with 1132333529597504306472569059838941605981693155798650316615070684091222364837793457958801013443116890184647208125921471964527167101634311 - sampling time: 442.53237652778625
Sampling 89 with 804497287127637568102280424956656043026329712294173845297176099605607916390163174221357860040335250458636379105643633684414950306491022 - sampling time: 438.5988304615021
Sampling 90 with 205416958875592057278202318862938709131833921535328880437366415962832169329899312087397605368037549181492460646383776337642273900083954 - sampling time: 435.488929271698
Sampling 91 with 501530820852519659585564543890190600127115274702655560970406864344682521018496704069762885302238451953896973753528379941377058003912861 - sampling time: 437.25630831718445
Sampling 92 with 621680162986400918395456093126654873428218820516204597173402251370709996934186061053186553401338396227530514062768070022801412604281404 - sampling time: 439.48808121681213
Sampling 93 with 890993087849611574710427092124971010259107933809740955373798402069990068294921108483410813063187949789147127574976868475999322862483617 - sampling time: 449.4326024055481
Sampling 94 with 193455728638917631727644608713606833404009661140347642354540169880933166786046203186397773001328896324474243650186338838928779082154151 - sampling time: 443.2690944671631
Sampling 95 with 934279019725642246158354100687096208499979127112583060654062574079083472803021128304401759399973238407019559697535727158683782614647380 - sampling time: 442.5386986732483
Sampling 96 with 994470464207425506495640230235772548397432229722299007667829044009789170478197346218167180388292351435487049007678963910543164886124626 - sampling time: 445.5692298412323
Sampling 97 with 303274623958608499649999789321053769188667163248148891430320161741448633555778692291599256686709949298798085871279181075570266831765762 - sampling time: 435.09946393966675
--- total time: 43202.077064991 seconds ---

real	720m2.264s
user	686m9.731s
sys	34m12.916s
