Input file:  ./FeatureModel/toybox_0_7_5.dimacs
Number of samples:  97
Output directory: ./Samples/smarch_basic/smarch
Counting - Total configurations: 1438154000067851697694861014562526781510945521420563032741121595814326731127390208
Sampling 1 with 369638370461652962215242379199248360117490760132001406037962308334427115382583295 - sampling time: 3.959810256958008
Sampling 2 with 338181293743597701039108983825345131076619818753481304891951909774276832945479488 - sampling time: 3.949063777923584
Sampling 3 with 396639609524406462145748363802034954177129868843416911331429439109010429060964823 - sampling time: 3.9825150966644287
Sampling 4 with 1397217601226416690439414466709204101340919080606222748584873996183048304587110309 - sampling time: 3.7446718215942383
Sampling 5 with 257875597876997213130300996711538741522791384423672736936284188079073174144940657 - sampling time: 3.863658905029297
Sampling 6 with 880348861081044575010593733790154065698902023460450960608303688371186871466272321 - sampling time: 3.612089157104492
Sampling 7 with 173997955608588479949199152967304451083839563976494716344015968768123052423540050 - sampling time: 3.773583173751831
Sampling 8 with 1119847403308478950835766338053211786013506602237823198339775583663134292194525228 - sampling time: 3.6051530838012695
Sampling 9 with 906057574126616573803217133586605178497448727613201447742013910121793067843628376 - sampling time: 3.643300771713257
Sampling 10 with 137654268006920374842544341669793067183030339579378282898618710552455616797636265 - sampling time: 3.841219425201416
Sampling 11 with 939799829036411352749048092675030745040065263952967971563228511678079316175497095 - sampling time: 3.8132119178771973
Sampling 12 with 561565736605581535782452501502423271660619003330100711409863592835696588814516106 - sampling time: 3.7321438789367676
Sampling 13 with 132278418335567950082911269367452458426544526817422349160500844856806253368902819 - sampling time: 3.6367881298065186
Sampling 14 with 1073420186020060247010754475536163369485551142755641516423661162139215990333498114 - sampling time: 3.6394524574279785
Sampling 15 with 858151559689064134997083962573694055497669840087881315508352446969038420875665340 - sampling time: 4.002674102783203
Sampling 16 with 1333467149018082949338961659476539773285768840776559565314696172230584081895451432 - sampling time: 3.724804639816284
Sampling 17 with 1437942407157562995842137077861981068528508669880096018394642662958841890415506108 - sampling time: 3.9820973873138428
Sampling 18 with 1049357561407026400015331873200173541724217323635265952027885599167999718268371025 - sampling time: 3.874143600463867
Sampling 19 with 673430237230224792326971043771387910397268528063850575857473883781773631932728326 - sampling time: 3.869833469390869
Sampling 20 with 61611779176110287023531624368739461094396071110267687833844891682990777393606654 - sampling time: 3.829554319381714
Sampling 21 with 484056546346590096335265838583301997391349029267309067535755990385030175152600789 - sampling time: 3.6814606189727783
Sampling 22 with 223859890048420884281886404879719418037693030581312984260938480131848520404278609 - sampling time: 3.694194793701172
Sampling 23 with 167164801579892605656136646435705959249757706872712890301692242843739760223121810 - sampling time: 3.8477437496185303
Sampling 24 with 1140291414602053969240400800400771204313081473676193636474689494047966012369984888 - sampling time: 4.113661766052246
Sampling 25 with 798033895157751755713275878081894118772382889195803202453319447017645439704961242 - sampling time: 3.6699938774108887
Sampling 26 with 960703609434383180968071951374822730171623427573989623521483599505946131012120254 - sampling time: 3.619502305984497
Sampling 27 with 669932050303164750222654238049365227743883566646888571885361022690991968185396037 - sampling time: 3.415318012237549
Sampling 28 with 168028083590263180793370703375879952300871293189754865015168170743006227092034413 - sampling time: 3.734812021255493
Sampling 29 with 383397106676230175452269381643244341331682394512927318809986714178911262770761798 - sampling time: 3.512303590774536
Sampling 30 with 11071577169251022325469160202607115754184526576158984610918946952038086489863333 - sampling time: 3.54415225982666
Sampling 31 with 235407797934968759706850814187608688792995016888984738169606984642471054249487335 - sampling time: 3.9965808391571045
Sampling 32 with 1097478274805495323368342908967464019771061900889142672418840822385664471810902371 - sampling time: 3.6969809532165527
Sampling 33 with 671244472666321380798842263137008105884535787708734731363934471488572316753996165 - sampling time: 3.882333278656006
Sampling 34 with 978274962407624226547729077478080952600820899871346336197910301389334580062146086 - sampling time: 3.9214775562286377
Sampling 35 with 1380050049149240222160988983936302851459660055533098108066878673363157725227767636 - sampling time: 4.181324005126953
Sampling 36 with 1090602469397945394436439386960087045909636956945300692266008178583650918300423890 - sampling time: 3.6784508228302
Sampling 37 with 1006676305027193697765586030487433371489601755449440104997098842636235798491699344 - sampling time: 3.4780168533325195
Sampling 38 with 586541523705106428138502042440137753508814411494499482045940132734126244659285044 - sampling time: 3.7666451930999756
Sampling 39 with 1123255004719078761698185320340464857068009070683564256583651795799845702406836312 - sampling time: 4.206511974334717
Sampling 40 with 76928117861335664210391198890970778126605117768647258682231609226947349145721987 - sampling time: 3.6685638427734375
Sampling 41 with 194991216964914401427213311648203472261842118196620082417968583520039867079256549 - sampling time: 3.7772529125213623
Sampling 42 with 104821987791820133677072019837709948853351202048244547367696539202857587793603917 - sampling time: 3.7073915004730225
Sampling 43 with 353622948444537183096106059766865806392639437442901694258479083322094548479463338 - sampling time: 3.9436748027801514
Sampling 44 with 163717103797769117034198691716560282591249019571797426888432809130286676620927678 - sampling time: 3.7456772327423096
Sampling 45 with 275014017161487220384156832475682226387809478941184761128281891116945428130695118 - sampling time: 3.511406660079956
Sampling 46 with 919591847524375523793496053823586055154939812645595251817989231576924430462829438 - sampling time: 3.8089752197265625
Sampling 47 with 588999739959181850456696088369703210674228657389044775311120775769218437632723178 - sampling time: 4.077029228210449
Sampling 48 with 724239192327830574336147619112121578646310230485357326600368963559568880496256813 - sampling time: 3.834526300430298
Sampling 49 with 288024298305187541740418550283624695551833368120834164917362031392161498829338855 - sampling time: 3.89704966545105
Sampling 50 with 372322481221003896684867663753597754973695668438908016801954169846976922355717517 - sampling time: 3.6481332778930664
Sampling 51 with 208969639179253274629634198121879339069624354373696408421307276671958481515671306 - sampling time: 4.186309337615967
Sampling 52 with 763646042119784735600238472195328695978575470576939647879635999308312473110485528 - sampling time: 3.509404182434082
Sampling 53 with 1115419179457622816342393829571855112475426395144299673132045525383371345447828168 - sampling time: 3.62385630607605
Sampling 54 with 168169819844822773745082199474738175480038840690271858148411339237214050601824907 - sampling time: 3.856851100921631
Sampling 55 with 1230693311793534679533171463410265900341374782015151676293114290074355851863850665 - sampling time: 3.655247688293457
Sampling 56 with 320614640747158925093795931092657500699326723633996236430223947128674301572547548 - sampling time: 4.075654029846191
Sampling 57 with 59425994215012016397350293110303846965828664167689782034915466697176946263603070 - sampling time: 3.798027276992798
Sampling 58 with 817474032361401219123306774581018888161629856740726311684783763829434420874253942 - sampling time: 3.670597791671753
Sampling 59 with 1352256032350668329125706196348991284065977293956367900730327535296854093764321125 - sampling time: 3.4093427658081055
Sampling 60 with 1297525201133096606327145187718215192377143734480383546351954435138372105815589002 - sampling time: 3.907322883605957
Sampling 61 with 1283933591161579219008661275653532208874637030435654620147418948012589032384341794 - sampling time: 3.8924241065979004
Sampling 62 with 855726560097296766245906382236509925995996332666884980842071536274155745484212300 - sampling time: 3.674527883529663
Sampling 63 with 653874134658551523619016526009155955715499853652396849075449402953712819652941170 - sampling time: 3.608994245529175
Sampling 64 with 1149560429497520521655569071787709923355720330662688329024517844540635817978420106 - sampling time: 3.936393976211548
Sampling 65 with 985124942230616738074215481076606139931166490093473001595103695471677996387875420 - sampling time: 3.571911573410034
Sampling 66 with 1016238663697378208914534234710434430709064499108220622071425348160297656523818777 - sampling time: 3.9573235511779785
Sampling 67 with 1426264283058860593970294029262747756618273365961669144437699349340803745983520109 - sampling time: 3.5995497703552246
Sampling 68 with 1284759622422855355957550934459565577638162842959384132112769401022401547187079260 - sampling time: 3.6844546794891357
Sampling 69 with 737919171029841005378299328193501472765122694730960128670376887435726161493939681 - sampling time: 3.5262224674224854
Sampling 70 with 159973938317602351042975784794463199789380880526875507671432100058957010062621075 - sampling time: 3.6224589347839355
Sampling 71 with 152157562379042328065706807704563731871162633198547289915932302182012604908818895 - sampling time: 3.825716733932495
Sampling 72 with 607002200020079656907040831083787980387837835320871827253065934028248730689631134 - sampling time: 4.0791990756988525
Sampling 73 with 36861942908601335481288202658939816698679874281703746952401069131062731274292764 - sampling time: 4.23513388633728
Sampling 74 with 880256624365589284451477741081314582567946506587888315854510111329192008662426664 - sampling time: 3.650412082672119
Sampling 75 with 97683380523445393917612497048398542344521570429453303017537900900546711088046786 - sampling time: 3.531846046447754
Sampling 76 with 1286445432118742465768565667837155217006050894481090336761904401577340765354141230 - sampling time: 3.49101185798645
Sampling 77 with 1249284943548804890601865599025828930951364127653959067191771226997533289917630555 - sampling time: 3.486854314804077
Sampling 78 with 400879621462341018680008313715693278343804374712907990661974713925495642203250352 - sampling time: 4.276542901992798
Sampling 79 with 995629474544302170199098527564215796631923388179060208743171053481762136107545471 - sampling time: 3.4898698329925537
Sampling 80 with 1233275398493163555007585698244959680588581996651108431458540014297615765427215555 - sampling time: 3.8474748134613037
Sampling 81 with 1146410468264305676974546803561802844213269171802393456216143175124534776346039095 - sampling time: 3.6292166709899902
Sampling 82 with 966189650270949081349715537649636172622738721753000536860769102347331802080942215 - sampling time: 3.8008363246917725
Sampling 83 with 334207090749957044649189295091699105047829807204622555425963913933722643111151381 - sampling time: 3.891932964324951
Sampling 84 with 1268420068803246173517674508693175858506557523741387263233532904011216647746176049 - sampling time: 3.809577465057373
Sampling 85 with 1076789132442113648404252549093727415260401808688112973357470766283302302084922601 - sampling time: 3.749598979949951
Sampling 86 with 802546817628732093676069594316464022965994469361549562560561186536681491771143617 - sampling time: 3.649060010910034
Sampling 87 with 447805020871105740851561606680694565250605879374071010317235316922795502332057355 - sampling time: 3.5979321002960205
Sampling 88 with 160348427657795358766722163725501582125031805488237064115366262721222562490817211 - sampling time: 3.5443050861358643
Sampling 89 with 64253354320763812337264803830473105076039470513130777833377069942532601668915596 - sampling time: 3.519388198852539
Sampling 90 with 729901680121598250535373414401553612855813372300561576918603808320326871880017499 - sampling time: 3.9393274784088135
Sampling 91 with 1322604194787360850019169088368884865357181062520166411168198949324724415688140556 - sampling time: 3.533001184463501
Sampling 92 with 799426634008858726868886093835374223066866128263904654231373628283642088159523428 - sampling time: 3.671154737472534
Sampling 93 with 560883508653198451334838954040097561350929386881155185956757868887168341379858023 - sampling time: 3.757758378982544
Sampling 94 with 924423452669527735806962239174367004057686847970379815973009587223022013329332395 - sampling time: 3.5349230766296387
Sampling 95 with 1120379106125499217289420971501298544995889187388676906214219788332450601575746699 - sampling time: 3.7459959983825684
Sampling 96 with 381147727937945904237879616404358714032292312421931733104017928801467527080657598 - sampling time: 3.930161237716675
Sampling 97 with 422527393476449972632743203996898986674202990140129643925376374646813657280289440 - sampling time: 3.5883312225341797
--- total time: 364.9244658946991 seconds ---

real	6m4.971s
user	3m57.987s
sys	2m16.812s
