Input file:  ./FeatureModel/toybox.dimacs
Number of samples:  97
Output directory: ./Samples/smarch_basic/smarch
Counting - Total configurations: 144991790900969472
Sampling 1 with 58030097948642345 - sampling time: 7.680943965911865
Sampling 2 with 11575149674756230 - sampling time: 7.959690570831299
Sampling 3 with 26266862440155605 - sampling time: 7.893117904663086
Sampling 4 with 21768122328747697 - sampling time: 7.843542098999023
Sampling 5 with 31977818289235878 - sampling time: 7.667067050933838
Sampling 6 with 19911501552643079 - sampling time: 7.974828004837036
Sampling 7 with 121244238252335428 - sampling time: 7.818303346633911
Sampling 8 with 8366338191901496 - sampling time: 7.85860276222229
Sampling 9 with 107195650594340272 - sampling time: 7.9034600257873535
Sampling 10 with 124836969827964626 - sampling time: 7.6663336753845215
Sampling 11 with 22382358445143262 - sampling time: 7.701320648193359
Sampling 12 with 47708547847096840 - sampling time: 7.568415641784668
Sampling 13 with 99956510641074604 - sampling time: 7.576471567153931
Sampling 14 with 60507295312936357 - sampling time: 7.63909649848938
Sampling 15 with 139379954237282352 - sampling time: 7.472879648208618
Sampling 16 with 138020010916661506 - sampling time: 7.76749849319458
Sampling 17 with 136715211959076318 - sampling time: 7.799229145050049
Sampling 18 with 35405386893465397 - sampling time: 7.700126647949219
Sampling 19 with 10577027329039296 - sampling time: 7.650065898895264
Sampling 20 with 5533242779191286 - sampling time: 7.5820159912109375
Sampling 21 with 3272997569556274 - sampling time: 7.451022386550903
Sampling 22 with 97711810829888528 - sampling time: 7.674163103103638
Sampling 23 with 35115649306005886 - sampling time: 7.596078157424927
Sampling 24 with 62028123385533242 - sampling time: 7.594526290893555
Sampling 25 with 59569279912349903 - sampling time: 7.635149955749512
Sampling 26 with 28835381814286482 - sampling time: 7.481930255889893
Sampling 27 with 103144082041868583 - sampling time: 7.472096920013428
Sampling 28 with 38930823446541052 - sampling time: 7.535531282424927
Sampling 29 with 58215091267262168 - sampling time: 7.760153770446777
Sampling 30 with 14228379045525055 - sampling time: 8.103488445281982
Sampling 31 with 130966220595996910 - sampling time: 7.505947828292847
Sampling 32 with 68433784010733116 - sampling time: 7.689257860183716
Sampling 33 with 50674310836386680 - sampling time: 7.821146726608276
Sampling 34 with 3609406698187975 - sampling time: 7.663694858551025
Sampling 35 with 36309102369966758 - sampling time: 7.542973518371582
Sampling 36 with 73453276762235624 - sampling time: 7.5290820598602295
Sampling 37 with 90583933403494738 - sampling time: 7.625729322433472
Sampling 38 with 16086747458587580 - sampling time: 7.766325950622559
Sampling 39 with 113095112687146041 - sampling time: 7.639252424240112
Sampling 40 with 37174679004753175 - sampling time: 7.491286993026733
Sampling 41 with 67834709870251210 - sampling time: 7.615494966506958
Sampling 42 with 126411898498566888 - sampling time: 7.610490322113037
Sampling 43 with 20314526387924260 - sampling time: 7.569035291671753
Sampling 44 with 17948669831615109 - sampling time: 7.4800591468811035
Sampling 45 with 47453729211188018 - sampling time: 7.6118574142456055
Sampling 46 with 87449972286934318 - sampling time: 7.514450550079346
Sampling 47 with 115416863660420650 - sampling time: 7.565428018569946
Sampling 48 with 118730744786417188 - sampling time: 7.61031699180603
Sampling 49 with 79028775901552045 - sampling time: 7.679678440093994
Sampling 50 with 64281889681771697 - sampling time: 7.655514717102051
Sampling 51 with 15595181665714346 - sampling time: 7.659994125366211
Sampling 52 with 23964521441892395 - sampling time: 7.724041700363159
Sampling 53 with 62920113844591939 - sampling time: 7.752418279647827
Sampling 54 with 94874859696995519 - sampling time: 7.8729777336120605
Sampling 55 with 90105846703519324 - sampling time: 7.680529832839966
Sampling 56 with 129025768732125814 - sampling time: 7.668853044509888
Sampling 57 with 67658794689379677 - sampling time: 8.017110824584961
Sampling 58 with 54445578396304260 - sampling time: 7.7402002811431885
Sampling 59 with 139813007714979697 - sampling time: 7.748204708099365
Sampling 60 with 31643346210342504 - sampling time: 7.668769359588623
Sampling 61 with 85038550288192095 - sampling time: 7.999108791351318
Sampling 62 with 91463810432552971 - sampling time: 7.7648234367370605
Sampling 63 with 100240776980187044 - sampling time: 7.798980236053467
Sampling 64 with 42266750070723421 - sampling time: 7.817438125610352
Sampling 65 with 44167967747610750 - sampling time: 7.840468168258667
Sampling 66 with 70482201187208378 - sampling time: 7.708117961883545
Sampling 67 with 98758262704970924 - sampling time: 7.7506632804870605
Sampling 68 with 38545552039336681 - sampling time: 7.8875861167907715
Sampling 69 with 133436381724790568 - sampling time: 7.882462739944458
Sampling 70 with 124889912388415659 - sampling time: 7.81200647354126
Sampling 71 with 67987657170093350 - sampling time: 7.728331565856934
Sampling 72 with 56437933255058644 - sampling time: 7.89509391784668
Sampling 73 with 98260000854573329 - sampling time: 7.749752998352051
Sampling 74 with 84921542846637096 - sampling time: 7.511038064956665
Sampling 75 with 88133695655965506 - sampling time: 7.488141775131226
Sampling 76 with 91267747430072195 - sampling time: 7.564687728881836
Sampling 77 with 16109023075867991 - sampling time: 7.526773691177368
Sampling 78 with 69339913690500855 - sampling time: 7.498204469680786
Sampling 79 with 104204688608301822 - sampling time: 7.498021841049194
Sampling 80 with 95677075463713784 - sampling time: 7.64550256729126
Sampling 81 with 115947002910828982 - sampling time: 7.798031330108643
Sampling 82 with 57864557474700853 - sampling time: 7.578596115112305
Sampling 83 with 75257316058349255 - sampling time: 7.639490842819214
Sampling 84 with 130610602469747032 - sampling time: 7.973308801651001
Sampling 85 with 89816678639271154 - sampling time: 7.691448450088501
Sampling 86 with 58493349448832038 - sampling time: 7.680771112442017
Sampling 87 with 93125320066580206 - sampling time: 7.646020174026489
Sampling 88 with 59169008382303931 - sampling time: 7.688899040222168
Sampling 89 with 16373173357599979 - sampling time: 7.7682271003723145
Sampling 90 with 70373339855704749 - sampling time: 7.6521830558776855
Sampling 91 with 17440803677748554 - sampling time: 7.582477807998657
Sampling 92 with 63849935171912901 - sampling time: 7.709088087081909
Sampling 93 with 54602509708926226 - sampling time: 7.562144041061401
Sampling 94 with 143663734506879797 - sampling time: 7.8104493618011475
Sampling 95 with 79771510861834918 - sampling time: 7.4557294845581055
Sampling 96 with 1505245984773590 - sampling time: 7.8897318840026855
Sampling 97 with 54716923960226214 - sampling time: 7.590630531311035
--- total time: 745.8442039489746 seconds ---

real	12m25.915s
user	9m34.641s
sys	3m3.779s
