Input file:  ./FeatureModel/uClinux.dimacs
Number of samples:  97
Output directory: ./Samples/smarch_basic/smarch
Counting - Total configurations: 16296287810675888690147565507275025288411747149327490005089123594835050398106693649467179008
Sampling 1 with 6870217577095552982621831646799367562897591679791376711773794001512306656531228538882280870 - sampling time: 50.414199113845825
Sampling 2 with 12911542127959890468576474761490874236947675650246412096348454128068328086625878686435449952 - sampling time: 49.75667977333069
Sampling 3 with 7090840723131734344649102351890816366382019538260165754936739135402482474220434617837194568 - sampling time: 47.30538773536682
Sampling 4 with 12909562548242183866966038092731495610559801538926050934414552251175822166013900166574950236 - sampling time: 47.23057746887207
Sampling 5 with 13254641003631068030518419829824196193635741194956766678675442554095225844509287620734941717 - sampling time: 47.30018186569214
Sampling 6 with 6687616993546245074460270459065189726833834653947480735101845793446362917361494873776408050 - sampling time: 47.255961894989014
Sampling 7 with 5388696890313948458801092885224503509212392540931174613754250806405748602019644188814915276 - sampling time: 47.266629457473755
Sampling 8 with 9572519461259776445038623849753403102215984576092593649859193917491718412521315588202016192 - sampling time: 47.40123963356018
Sampling 9 with 5893028298530116633992964858149023938924677380238474702920102387436613772669143992665889610 - sampling time: 48.76532697677612
Sampling 10 with 6092110429990449417388166640723262183814619506626758112392190695904458306314372865663459365 - sampling time: 49.641289949417114
Sampling 11 with 1190350905718158407923016719626416967112499681508834267778207242040753946796673150433259031 - sampling time: 49.61997199058533
Sampling 12 with 8023155782900750052546178113487704577082850575773366976238091343954110022823638492851854096 - sampling time: 49.370299339294434
Sampling 13 with 12013397149525058453563562961744225382397717358527122211982019860741071159083253502391193770 - sampling time: 47.754247188568115
Sampling 14 with 7944099726831344295021804975430260940821289527569531543740664332264693725336642081520192969 - sampling time: 47.458340883255005
Sampling 15 with 9935255150975265316986396533783548037832418566664161080389377794458555998572877314460630821 - sampling time: 47.46605205535889
Sampling 16 with 9998687128379499610622639463141408651368657763378223688030390818655846372451361494439461252 - sampling time: 47.09307312965393
Sampling 17 with 1472655680932168902904410704237745500400721166800065500338756827123830773881913259841262879 - sampling time: 47.9819655418396
Sampling 18 with 421554174846158755402394672106988261843510295944109148878416733115416555504222308881792554 - sampling time: 47.30128479003906
Sampling 19 with 6892277497503979954630035430465426776270847052323372957768437098742983598125196069497191704 - sampling time: 48.39535570144653
Sampling 20 with 11588050745540642539338332815462018240662354311449285339569288420975310053232183975295198002 - sampling time: 49.28082013130188
Sampling 21 with 14884461834818892371386180249088882712275408289216783157995413265750919682618266849923773610 - sampling time: 49.2029070854187
Sampling 22 with 10532441392459024224167693543840312293924708011919968428369994227050199844146894798270623188 - sampling time: 49.252360820770264
Sampling 23 with 7700166372975993102331423860091700128367103853720343862778984843550181030345061842273645955 - sampling time: 47.284747838974
Sampling 24 with 11617507708051454448834012338233398795452026588707993680186460401356736709849658375944567210 - sampling time: 47.144548177719116
Sampling 25 with 12596925713946757837046400616978422884141686452458241947290156595477540770544877228707577666 - sampling time: 47.00808382034302
Sampling 26 with 9438524664975906458831125354428205763833090204925315217400308236250786444509427116025445858 - sampling time: 47.50309610366821
Sampling 27 with 12207366987482839861352968633290109607103099796966741333699971611309497907317271327838405559 - sampling time: 47.37242865562439
Sampling 28 with 6080302810934559423323354457628669030265381632521930514702731749644847656572555026820452343 - sampling time: 47.818604946136475
Sampling 29 with 14443217022380057841319990332014962967541265827823595148030380758782676650820148280786002857 - sampling time: 48.43449354171753
Sampling 30 with 1052766393535319243288282775607868433275702456542179793188769979287233956816104349606954989 - sampling time: 49.43477773666382
Sampling 31 with 6340027685347260868336446827149389117560936997367541437904147496223904606526355341966648664 - sampling time: 48.895946979522705
Sampling 32 with 11925087468008683100934695748889339164144866768270717224453721861677153223600849470472274038 - sampling time: 49.36671328544617
Sampling 33 with 5117670610634938074876102284046807545896600933796427847396825104792588519939139578407908248 - sampling time: 47.65563917160034
Sampling 34 with 725647834015930250161076572519470435763733241725967681482191965307302718147600343064741961 - sampling time: 46.83768677711487
Sampling 35 with 13360412438414291357809777930200201287813651091612765783067668760899209615400556912245207925 - sampling time: 47.85795331001282
Sampling 36 with 12883674760124268546424017260423387930224584253204395643328995148538786882286052088628636047 - sampling time: 47.210681676864624
Sampling 37 with 14620244633905831698811931934764488221352604933705285629471405431291131360591784720721571384 - sampling time: 48.791096925735474
Sampling 38 with 9957588641754390804743723025964829174880286549032041841318645428567034973035616331759562759 - sampling time: 47.114986181259155
Sampling 39 with 1416961944629421965305697446412344757885876181210140243731753107486511767368063294760913110 - sampling time: 48.690866470336914
Sampling 40 with 6768761801333344931617830286333442288481181375911389526545981598132992337949021290999049296 - sampling time: 49.453776359558105
Sampling 41 with 22290489035568248071451923819826024019279444131368752292356541557720979656632899106515467 - sampling time: 48.927202463150024
Sampling 42 with 12602910540548365759518944988091312285677570906458502031928912941358392087433542499818216294 - sampling time: 49.55891251564026
Sampling 43 with 7492968105492786874042905693682838907336109859070884213131007587317296706008209404975820127 - sampling time: 47.7773973941803
Sampling 44 with 2633049385168720604535039600311077520732321605207574172794795256252008563981590888418551224 - sampling time: 48.314807653427124
Sampling 45 with 8943966346324311034367025900404028033032106968614310339096800577939702394109206705795055880 - sampling time: 47.97739553451538
Sampling 46 with 10192497356386338488375657937852046844054924269108426666835251232239657131879924356114078888 - sampling time: 47.48337721824646
Sampling 47 with 11694103513025797683996456476004205838427566686766291944975037938069743850614096849798759074 - sampling time: 47.495643854141235
Sampling 48 with 4547195447552462352605470258226993365147274789807620855328377531615348126301711779863811719 - sampling time: 47.12710928916931
Sampling 49 with 6056370125575614296821553088995994676515998576085164996576029651307673221104135832265844219 - sampling time: 48.34904479980469
Sampling 50 with 11857356493230542566060467631672617117371357903525170091389713506758166033129102193086305911 - sampling time: 49.569480419158936
Sampling 51 with 6134087768496428453381090647174401614144313980771634613626000743019470855710977067982608983 - sampling time: 48.90152430534363
Sampling 52 with 12768701912226971385289349427844602662905057008439566661353069763975368973827290987608972822 - sampling time: 49.05906343460083
Sampling 53 with 8628025757020381223852222977214519136458461388372517486760176668930758003896705045618814787 - sampling time: 47.51804494857788
Sampling 54 with 7644046124208235453246794976018855554768122551102821309124596264499845559144511535840401301 - sampling time: 47.55833578109741
Sampling 55 with 7590285974479575981381693252419033047205032692945078206591224832772596134481442181410686898 - sampling time: 47.458279848098755
Sampling 56 with 12289592375881465270175202581101120374614059438956776623077780538496666519581485235002012434 - sampling time: 47.727572441101074
Sampling 57 with 1271304754501997960618406460003246951075381125378534083263756201149794420384633826100227007 - sampling time: 47.363805055618286
Sampling 58 with 5776487971816863332133975247799540647907630885722250813392448510864968123083731415669210635 - sampling time: 47.88651180267334
Sampling 59 with 2606556815356523167815415193745967502780230426910927088407782514989369347463953922087313597 - sampling time: 48.22181677818298
Sampling 60 with 13321660915518522595617253054934152467974578393685410758819017629718280715172502439698233884 - sampling time: 49.51704812049866
Sampling 61 with 1390499374256389014729516595890533464504049202568787851152331651813610640861280635359427300 - sampling time: 49.03601145744324
Sampling 62 with 12238783628638370071220377443737726823074885464699050545743922028899354863917751047223383232 - sampling time: 49.30878281593323
Sampling 63 with 6624412184425192780421032897055171080842392786632520321280305538918660482405286624660441778 - sampling time: 46.98463582992554
Sampling 64 with 6309155959780816899898717739381209906791354501386448526765640999573453339607507641398441857 - sampling time: 47.41168975830078
Sampling 65 with 7386269850993118335888610346988671840096593398639447438718574815551443038360138398309702857 - sampling time: 47.28691792488098
Sampling 66 with 5830345260929970788982942433130630423497558214345541325767328699728189481215941562328295842 - sampling time: 46.961841106414795
Sampling 67 with 10493449379490382146226756551822257548861196571746502256342283844363068476699436189713393800 - sampling time: 48.09935474395752
Sampling 68 with 12657896384737055139952124453024582491322885929177948827515590542986805418055845961216111802 - sampling time: 46.7761652469635
Sampling 69 with 4127151461908200003627554036756398706948326333811159802221814047239728014491629792571639732 - sampling time: 48.20219135284424
Sampling 70 with 1270884353693380407628859320526132332319970629711505581897959922410931191411650290071662425 - sampling time: 49.481009006500244
Sampling 71 with 1270749567852756789055371948286434175465794435113143460079519886901710290360625809747435020 - sampling time: 49.49046540260315
Sampling 72 with 11077424841862847866694784257091049450747754763828158576262709398131498805769675457229466840 - sampling time: 49.22915983200073
Sampling 73 with 560169524355079002364831089808328723657764857713048685294505324314847302320938015345139212 - sampling time: 47.00257587432861
Sampling 74 with 9079866205939894732547381735842344558166748247063404968564534604253947651461774320433909093 - sampling time: 47.00750112533569
Sampling 75 with 2997565788256076770132105324216692378218950412723255912446087164530593100038115797803468215 - sampling time: 47.255494117736816
Sampling 76 with 13822097776870488948939644680464595325734684719393511787159242219193727627012868862351292985 - sampling time: 47.2421133518219
Sampling 77 with 7492213361833463798538068879647786546432377873234466094541044006772597305806140158409144915 - sampling time: 48.004481077194214
Sampling 78 with 6158544597696364983300663088517448869571153424821624478038643336540878908412803854849000198 - sampling time: 47.28829216957092
Sampling 79 with 3366809347630321380586945751699950753677342233560800105253169661544963205183788151338719304 - sampling time: 48.418787479400635
Sampling 80 with 15797905177979827511272192227177824293856436561650224699183565450450035311946914244079856941 - sampling time: 49.803162574768066
Sampling 81 with 12668421183682285828135749518805804382802540994841809801643026182575141003390722675236757361 - sampling time: 49.10472011566162
Sampling 82 with 1150519350342944555211796024920229187545821613274707420921042171468233048247531232155163007 - sampling time: 48.86084508895874
Sampling 83 with 5309007933734958197429342027290020599991948091337652121616434237265862768878971161590440293 - sampling time: 47.31542205810547
Sampling 84 with 2866332468246841056789413874301506209724295239394574735517156726867659086505511566788803802 - sampling time: 46.83972144126892
Sampling 85 with 4896014799114378988703535943201388266055605958931623563296400176152538550367311662982967133 - sampling time: 47.4103889465332
Sampling 86 with 10516250409585441843676316869256394775846244108424500398685384316999617102464241374820674188 - sampling time: 47.504698514938354
Sampling 87 with 12337807652234170795753903841762600612475799587581720516908709775635005148333230290402091264 - sampling time: 47.548362255096436
Sampling 88 with 5411216140951925236004890833783818071471838336615647354460518678659479726096163882874252838 - sampling time: 47.57594180107117
Sampling 89 with 9579601346605246556802666378956778689700638887935833648600321182971089501962175561862207218 - sampling time: 48.98722839355469
Sampling 90 with 7155893111763463806812868965578495871195470685670580224603041067776110662256143135168674556 - sampling time: 49.51308846473694
Sampling 91 with 2644987282392124015414167584547702689109788550014695743090758288512765209951652154469235161 - sampling time: 48.69074845314026
Sampling 92 with 5212668869299418939954398626113715451047090776390452830587904266902507505346608301005884909 - sampling time: 48.81927132606506
Sampling 93 with 10730399937849656737202257823554589255630967572041024310128916026018526859787915026383097812 - sampling time: 47.65626096725464
Sampling 94 with 8729709060965580446368009037640968946618207542526629499291525198438616595293662564103653869 - sampling time: 47.3372266292572
Sampling 95 with 7462599634371732048331528651365073241885067972422371414638868859791912227039678298365569446 - sampling time: 46.85836386680603
Sampling 96 with 8038230207127573254461895130216484814589906864196944859661400300151695882503637683860966122 - sampling time: 47.402347564697266
Sampling 97 with 1761385059274909249757826806398491594612444943220362615353873708326632565749050531975722135 - sampling time: 47.979440212249756
--- total time: 4665.892640113831 seconds ---

real	77m45.965s
user	67m41.661s
sys	10m46.942s
