Input file:  ./FeatureModel/uClibc-ng_1_0_29.dimacs
Number of samples:  97
Output directory: ./Samples/smarch_basic/smarch
Counting - Total configurations: 8027944014617489543924213817393807360
Sampling 1 with 5194531313269506240634196929292367863 - sampling time: 4.745392322540283
Sampling 2 with 7421433744534475298965970112384744451 - sampling time: 4.403133869171143
Sampling 3 with 921444589789742924501629861682125716 - sampling time: 4.632693290710449
Sampling 4 with 608804505825998233164616566084881049 - sampling time: 4.429173231124878
Sampling 5 with 6549976054305340095535685208151362499 - sampling time: 4.4424052238464355
Sampling 6 with 32436909612374259681428809987166722 - sampling time: 4.338235855102539
Sampling 7 with 434741563312373822022346704633846964 - sampling time: 4.6282031536102295
Sampling 8 with 5331564966631748240951641224497517732 - sampling time: 4.6231162548065186
Sampling 9 with 58918231922169407075319975229104558 - sampling time: 4.552286148071289
Sampling 10 with 7042932247739196501580839540769594414 - sampling time: 4.636943817138672
Sampling 11 with 4716258110373427627090208811963636748 - sampling time: 4.765012264251709
Sampling 12 with 2593686895659916511026645813741497717 - sampling time: 4.5926148891448975
Sampling 13 with 1373657551677115217501760273780770071 - sampling time: 4.590712547302246
Sampling 14 with 2250983422707797823584011503332754666 - sampling time: 4.717501401901245
Sampling 15 with 4357117600297673759779623101485605530 - sampling time: 4.588649034500122
Sampling 16 with 1416688027894767309289117696875502575 - sampling time: 4.662103652954102
Sampling 17 with 4293842269518498841487355809298618010 - sampling time: 4.75554895401001
Sampling 18 with 2746823109081474170000234600503245542 - sampling time: 4.586331129074097
Sampling 19 with 571794469042459365603751002649086602 - sampling time: 4.6181745529174805
Sampling 20 with 680491342609836456521485568302383723 - sampling time: 4.587085723876953
Sampling 21 with 3429967984950032640136266325774630659 - sampling time: 4.6640305519104
Sampling 22 with 2051587221965906501234141583225453292 - sampling time: 4.682071924209595
Sampling 23 with 4124835586892605449667919560696323671 - sampling time: 4.5968616008758545
Sampling 24 with 6737976836525148643293276342951782152 - sampling time: 4.5153584480285645
Sampling 25 with 2090971176376594142280450627769562181 - sampling time: 4.653210163116455
Sampling 26 with 7164125798428610630691637139557032157 - sampling time: 4.640860557556152
Sampling 27 with 7401812203965129474599441432276468652 - sampling time: 4.4877588748931885
Sampling 28 with 460346416908587484552310056300340574 - sampling time: 4.610173940658569
Sampling 29 with 5831123600235477346582598047271488879 - sampling time: 4.623582601547241
Sampling 30 with 170426417052529397387272005967804722 - sampling time: 4.648694753646851
Sampling 31 with 5334051008043487557144115726072104417 - sampling time: 4.588627099990845
Sampling 32 with 6673324772424267224988263398513295044 - sampling time: 4.614885568618774
Sampling 33 with 7745765399859655741268468515986167367 - sampling time: 4.652359247207642
Sampling 34 with 1659850187041631053809960782018529819 - sampling time: 4.62526273727417
Sampling 35 with 6667552363462437924957487952605454377 - sampling time: 4.583515405654907
Sampling 36 with 7182608980646545078547300263017039058 - sampling time: 4.5455238819122314
Sampling 37 with 212965337124179622060589958307067652 - sampling time: 4.4200756549835205
Sampling 38 with 4917637577063335125162078124018933336 - sampling time: 4.442671537399292
Sampling 39 with 964916914435288717821774356714158943 - sampling time: 4.700789213180542
Sampling 40 with 1339300283666211685487166270320659666 - sampling time: 4.588338851928711
Sampling 41 with 7924319809778436249278512090539090605 - sampling time: 4.6860268115997314
Sampling 42 with 3495051528504313715716048571817689361 - sampling time: 4.474385738372803
Sampling 43 with 4092034582303828704994452764767650969 - sampling time: 4.75902795791626
Sampling 44 with 1705152303550900493100916505739551373 - sampling time: 4.639547109603882
Sampling 45 with 5285370853046349889118773513979109355 - sampling time: 4.7458930015563965
Sampling 46 with 215805180938633125306210660459048949 - sampling time: 4.613816261291504
Sampling 47 with 3376414267857762457566450556039127305 - sampling time: 4.46257758140564
Sampling 48 with 982358045898793847517687780773208162 - sampling time: 4.390368700027466
Sampling 49 with 1495558989738940749446408377248898078 - sampling time: 4.4679341316223145
Sampling 50 with 689109458049214644961935072368563235 - sampling time: 4.646191596984863
Sampling 51 with 5232477877805688122592252267118977631 - sampling time: 4.50900673866272
Sampling 52 with 4158042822588553163057684627806139042 - sampling time: 4.374964714050293
Sampling 53 with 611020708055988432068893845983680426 - sampling time: 4.539754629135132
Sampling 54 with 4403915419390377707070944936405164050 - sampling time: 4.39969277381897
Sampling 55 with 4724799788418471484667471550826940542 - sampling time: 4.378430366516113
Sampling 56 with 4389535394475719088207827256375664060 - sampling time: 4.513900995254517
Sampling 57 with 6154623395585541442453912276732645619 - sampling time: 4.6042866706848145
Sampling 58 with 4740514097195757559482067948848580455 - sampling time: 4.267929792404175
Sampling 59 with 3422730597562030620534636345717875479 - sampling time: 4.506352186203003
Sampling 60 with 404704419799645910398513447457944243 - sampling time: 4.491344213485718
Sampling 61 with 3690863443638011692074389391858842893 - sampling time: 4.464506387710571
Sampling 62 with 6697994098478487277218125683501686350 - sampling time: 4.554063081741333
Sampling 63 with 3814004683154441699777375843967401035 - sampling time: 4.656645059585571
Sampling 64 with 7656727216418492739730972801631901296 - sampling time: 4.426808834075928
Sampling 65 with 7709077160969051767293585477229116654 - sampling time: 4.431593894958496
Sampling 66 with 5636554057632332688671553546401703423 - sampling time: 4.430837869644165
Sampling 67 with 3074674737543286412672241924519001838 - sampling time: 4.495521068572998
Sampling 68 with 2983367902127167333160396571285914413 - sampling time: 4.551833629608154
Sampling 69 with 6829682307423918409380837539141162126 - sampling time: 4.719160795211792
Sampling 70 with 2133342773322076364478883104795699351 - sampling time: 4.383688688278198
Sampling 71 with 6235726089823116028648076242454303977 - sampling time: 4.515448570251465
Sampling 72 with 3643552124707935258715519988039121873 - sampling time: 4.582182168960571
Sampling 73 with 4677568910470418646993171088994521536 - sampling time: 4.65182089805603
Sampling 74 with 50254458710301183689636641849251011 - sampling time: 4.383238077163696
Sampling 75 with 6152251723152072985706069505401168081 - sampling time: 4.37691593170166
Sampling 76 with 1193432464918517471096876942066429688 - sampling time: 4.5972466468811035
Sampling 77 with 383725434598104449734688592832835202 - sampling time: 4.4783947467803955
Sampling 78 with 815569514010055611592240343526952441 - sampling time: 4.33310079574585
Sampling 79 with 7266614392743830870914356433582999240 - sampling time: 4.580350160598755
Sampling 80 with 6345057703716369730721695975127129204 - sampling time: 4.465029001235962
Sampling 81 with 7535167073657732984174037958562143958 - sampling time: 4.616960287094116
Sampling 82 with 2090084638649574573249519421967991373 - sampling time: 4.508920192718506
Sampling 83 with 5943080485077000479868346167193071238 - sampling time: 4.868375062942505
Sampling 84 with 2967431798069202710635229923146387944 - sampling time: 4.686339616775513
Sampling 85 with 718749096899495187809776633055820934 - sampling time: 4.3721044063568115
Sampling 86 with 4567059119594927732670307007399933514 - sampling time: 4.528298616409302
Sampling 87 with 3279620551970666751793581775255095656 - sampling time: 4.578790187835693
Sampling 88 with 593706240986204607793020056549968018 - sampling time: 4.443755865097046
Sampling 89 with 6161908870897111734811326228660881951 - sampling time: 4.451460838317871
Sampling 90 with 124332875364821758335940259987520541 - sampling time: 4.572603940963745
Sampling 91 with 6793534083845842457264165421070635441 - sampling time: 4.6147894859313965
Sampling 92 with 5609902541371489881622255424443012913 - sampling time: 4.399094343185425
Sampling 93 with 3502878319886546777040857787671612893 - sampling time: 4.568192958831787
Sampling 94 with 7371615956561815014214060885522613794 - sampling time: 4.491934776306152
Sampling 95 with 332283226982493521455920923389867043 - sampling time: 4.454670667648315
Sampling 96 with 6381056625466042970864365977252423894 - sampling time: 4.550866365432739
Sampling 97 with 6869459125740712723425585140174186221 - sampling time: 4.520325183868408
--- total time: 441.5727458000183 seconds ---

real	7m21.628s
user	5m40.418s
sys	1m48.614s
