Input file:  ./FeatureModel/XSEngine.dimacs
Number of samples:  97
Output directory: ./Samples/smarch_basic/smarch
Counting - Total configurations: 20465746440382087936529912643590977513970082939999139929055557568916492561530302110679412575402722502373941138017801081294493092560800
Sampling 1 with 13728233728393863456868542230525927449824565245753034589871404072633018405686990244292799691311910777160240116772160312811849810171470 - sampling time: 74.94846963882446
Sampling 2 with 5701329038688524540248942515393036710607992983122631193436691417575478826076466052320245054549087903366043517681222334919748306857074 - sampling time: 61.47110390663147
Sampling 3 with 1408744065475092851414824439637445951154299389553272305181411512762796640173874634043510071336292795052010527595933839169589516193587 - sampling time: 62.958871603012085
Sampling 4 with 327315561562308363736216588843604604267809488114399553387427800030944303182966699447281826124348557633745333162823551784919714506715 - sampling time: 61.06417369842529
Sampling 5 with 18930823565501341469129749932224945457275899994083788458314672592785694054756909154630947545385125789010087994310759419846166281289842 - sampling time: 63.45568370819092
Sampling 6 with 17798900199954575617480768728599690237877613026456170739166418555622925816719028153921487335598879749738561993963966232526831703132131 - sampling time: 89.98414754867554
Sampling 7 with 420743490078633890512477960362520422966335520158945036092587281511029831792968355742080802054545935049062073163656967612065632403900 - sampling time: 60.90809345245361
Sampling 8 with 5324519555346456647589181105502500781842569482745411528458443524719296716106747568419655885757983524541026779338836994042882679039548 - sampling time: 67.20636487007141
Sampling 9 with 16036643233750432995627300924102070705411244100088550216085438742791630122198534286263887605966275583834867040638190334780508683974035 - sampling time: 75.76075267791748
Sampling 10 with 14282757896898759416822583714157237796229539402463803817757926719328382746740346241420504463113649410178889632848680433418769593724999 - sampling time: 79.07105326652527
Sampling 11 with 14530834254153801226425939095341078214218802241397587261832922757364819383864631573239237105678211447921931005310627170780541373081725 - sampling time: 70.5871810913086
Sampling 12 with 1303361443566771838602499503458666776831792488243429921171097827888383747226953901168783880827098512644990558959024087156126189505053 - sampling time: 58.32156753540039
Sampling 13 with 17472843762294789522925665009271362965891559342929274043263037972388384672746632545236198483755441739009141663404412796020646134187017 - sampling time: 78.13696932792664
Sampling 14 with 13963805037010356424127112727183014862159827927299481487942737258493101037029341932422621923169369443858211200775670119462775526357635 - sampling time: 70.86340427398682
Sampling 15 with 7031522776844954331837479043242721481018094466165304492674234337612747010252442992231384500318848146754151274343301252030213614642265 - sampling time: 62.05717897415161
Sampling 16 with 3547491841017345775066166771751626333681367288013433877823538870733054408687854517929479251554676921522843669604613504475485240387369 - sampling time: 65.36372375488281
Sampling 17 with 9359156503600296374774770942559082982159627432520567196478792594793053304711650121131738339553412314248989090291805410636824671922061 - sampling time: 71.89284706115723
Sampling 18 with 11795510751208100995013199104887747058959792708746375766916815681157097556450496996205759467317242981055965438024280602746319675816771 - sampling time: 72.99719953536987
Sampling 19 with 4224002471922177367990221556515795844886905383149670641468113357356479769141351517666190819731964710149973086274349786018125267635677 - sampling time: 67.12910771369934
Sampling 20 with 16460840002332065060995004959655395103470556428322618720397255756299560075191673399120209207162773389685121625880123099122828924768390 - sampling time: 80.21334528923035
Sampling 21 with 13646896432242511458520029212073401224102449897350518829498038327983136155504547580184525220814918729618960988499796137961702561268154 - sampling time: 68.25995564460754
Sampling 22 with 11811348367774405223839977938690189850700818706708774171699911897725888952322054418002087399546717361200629047219910253938142215454616 - sampling time: 73.9816460609436
Sampling 23 with 11452149363520761137380755476723125792468667955265870943018401726103324457996556587981491460981592119136269923359774902934512913543008 - sampling time: 74.52755093574524
Sampling 24 with 4355862401214660644500499382167895189239118120021307654550397194470269820311384917506914317940680364419518287967674011331799013225399 - sampling time: 66.98794484138489
Sampling 25 with 10551214738703376436154028097878722048660994812943407064918130543184713881759901295760529182366616972080680348262045540298372587109242 - sampling time: 72.94042110443115
Sampling 26 with 12909263753284098166798400824047921310851560110771465759524812256763745577078587623787582704005334054513214407746744463862604003079394 - sampling time: 75.08014607429504
Sampling 27 with 7095634101536452803957826392289938575478202248374207145182185989481842576428095779263685587775006803544089099996933589367802889677324 - sampling time: 61.056854009628296
Sampling 28 with 8549841855813537116254198425689546032282950472667449231154287889055887160742955053014561864581417074163588817789492388793897532871443 - sampling time: 63.835994243621826
Sampling 29 with 6273817572591073580008096511222489229579212115618555393890231570922132679842310057647325464456825550828311674381297077934695051763885 - sampling time: 66.45006442070007
Sampling 30 with 7247911467944441405986161792783689001460991576892239432074902314479972961971389854519972858660962269509036868535283319621777979232055 - sampling time: 63.15828585624695
Sampling 31 with 6609040693256138371076729407934669543360324224953849681103003602533872007047120943266881468681189571915654708458519411346116200602914 - sampling time: 65.35974788665771
Sampling 32 with 7057942364934837807334726167721332651158203989486408999788716091657795296729060220626679492502468416045439121223570701189270747622193 - sampling time: 61.401169300079346
Sampling 33 with 6007269915620359707036292052789959792546365289282747993584538127637557985159027846577348587527890072462101779579502674388312420780715 - sampling time: 64.16079759597778
Sampling 34 with 13972353410964871453972499982786654064328714385063869043119610785406217127235465571449986848754771185475687503657342121963855514142897 - sampling time: 71.45264291763306
Sampling 35 with 9227777287978139493788916001717365688616649182949380852354259825500978687406126358852725848629776797306662945617113802707045941775703 - sampling time: 66.84065532684326
Sampling 36 with 10049686800453955049527606308423985578533732773007424365938792592874432141744377740638245117698025542374505444313927853082919871797563 - sampling time: 68.90796756744385
Sampling 37 with 13198019445052722333531902205506812569258280216782563925577417004862054535762360407355566294408867616233376816713845532412161782992414 - sampling time: 85.87435817718506
Sampling 38 with 5442204788656300661556444141962725316221268870352602219477709199633466085425860200663624681434258655883983887329669417939052665884110 - sampling time: 65.90421056747437
Sampling 39 with 14590702599838925735472645130988469490964939869343377616638168160399137878723996435381862392043884724867954154209381266530223204763381 - sampling time: 70.67167067527771
Sampling 40 with 17672596721975070509973956858282009036961744678571925191018485492856525653650890234868605218444780916154527338993506996123951087993829 - sampling time: 84.82638955116272
Sampling 41 with 19346892435211567322552790523558252641483806654659657674121864589375136908241912924475149633250263207629129805787549668507128518084006 - sampling time: 71.5821967124939
Sampling 42 with 12199356338993028743516564596801840529201824081582125555376335572160048403469461708750467186084333745170970015165892315508543593618111 - sampling time: 78.36507225036621
Sampling 43 with 12327527266613964209723271070828559862921028444785954381449275598047938020462056688454170024334267688947048737352328270308552386469547 - sampling time: 80.67822456359863
Sampling 44 with 15648911389696544065607783000936222000751771404987626354265584200637254022033078165418539267149358499126907398606660784849204136503120 - sampling time: 85.41550898551941
Sampling 45 with 17443044416229063535774823460207651110956487017068450909834601645088755045589088935801724429767607798872009507783947925148855499084473 - sampling time: 76.8325743675232
Sampling 46 with 7665156646341536672537128088684797391583081112697908953152237442182393632942276158535000307992875738968720047972578548300270302769484 - sampling time: 66.45758867263794
Sampling 47 with 10844564654863009193957770609229085425928062116968349617896573708724034897485625787289261756021807552188652676826402679288870325884400 - sampling time: 73.58960151672363
Sampling 48 with 5631895748366652273025198266654409890961574599406462269934519594417112367839017157772399254213021821268846974183345239751188995857036 - sampling time: 59.95723366737366
Sampling 49 with 12739631447088428808313952576613269844372851793919266436334209276371325003320419096597824302555926402778265650990447120369040840248737 - sampling time: 81.17731809616089
Sampling 50 with 14284484565199573816623329765909671932329428719032334829742797540512097157188242833353180522905133187060268668816289511406099310336136 - sampling time: 79.7713692188263
Sampling 51 with 18261204325796544034785957849762807681967837366234704991803171377145142628969882934214106327877444380541760182587025573606633830230496 - sampling time: 64.61426377296448
Sampling 52 with 18310923660165499495093936404592358895571116730008657070129512951412676575543353465109667858872932355744172780682070230286889687886208 - sampling time: 63.00813865661621
Sampling 53 with 18553648185534974794047409940520345255073502593675851022656004306330969672537076449922919656717789615492241869777741266085643255302498 - sampling time: 67.92050838470459
Sampling 54 with 9782281506128781309817834809089230771667431986740074173984946771858657020685268084734399406984355018589931354123897336789036352531286 - sampling time: 75.55991077423096
Sampling 55 with 19276915677341066761453463305637483802886339149703471992445668463170336984030187254683385538523014578692485696531067876493564430657273 - sampling time: 76.18230414390564
Sampling 56 with 3327367060867535896537894235681546879552562104535812894259603349630465947686685472750013147651865965880112589968499101916415311254075 - sampling time: 66.40648674964905
Sampling 57 with 12716123014959282944712716128748916391719020096810069870795426448806872010805710965832211606981279140652908989807637953709119315946807 - sampling time: 81.53930068016052
Sampling 58 with 13166854849322494563838146133029468935501231522484306114846437393279236072917040491052310526921647388049337599622622603184045062856085 - sampling time: 84.90192794799805
Sampling 59 with 12423231018537319652610127405214308123586597221072054116720111414826584584127749040307542054031972463973025285218926714916029618821937 - sampling time: 78.63852548599243
Sampling 60 with 15813329837605897297662797923365707033892060287664988645579562203776362838577873639615410658083328136549500098331859737763187852532664 - sampling time: 73.7095718383789
Sampling 61 with 13508139439148118443169045330395977322766022244975141688533536470369991407674181345096833823808511739103421580544066813346108272785152 - sampling time: 88.06622767448425
Sampling 62 with 6583620413249397326185543487634435030261675279355257762570033791531991870334026969749679223403291986663919518532891967183576912018809 - sampling time: 68.1760413646698
Sampling 63 with 16295142975788260634518931813068827866810823696636530615908098073258559119306111766780797782630870823747290848370412465502753571642059 - sampling time: 77.29202437400818
Sampling 64 with 4496733333863079248090559345762737157683589384361862057307620312531920253499990502345013398106388977352646307068960542959628807984544 - sampling time: 67.0134665966034
Sampling 65 with 13965178146799519008407029166727255334797505160384779821158466260622251401742144577636345249971995699091012156719278695747800332164970 - sampling time: 71.45866107940674
Sampling 66 with 18186655459325571004301509230999545819819651051988075216127884660574519122258384218913571810138537236657058871370060551496310604061294 - sampling time: 62.95056509971619
Sampling 67 with 15242487023777852449742949444561576336300141555747415433175963573393759794466010842946847705177062366284379353430535263615657931291710 - sampling time: 78.11099886894226
Sampling 68 with 19529901378936713866708071056431223053535879378047556390512437818682543812649232332068559028748034751298810421302833797749528854788153 - sampling time: 76.38056540489197
Sampling 69 with 785686183264815564611185177526831513145260260168601822728066833539730691018910156982424829657221511180495743265732147967947732131872 - sampling time: 65.93777084350586
Sampling 70 with 9656689540977478415153202239218304922474487217675761801528154285115223636890981297356979544854165731420996712121192962864741155472224 - sampling time: 75.78579950332642
Sampling 71 with 1660228550153373445644271187982267346000798010173994760630666343081839091152761663312972374001821493228017486397873007429073777398498 - sampling time: 62.11267805099487
Sampling 72 with 9950511159010851077376777205359892564755807730958654473649126323056177347686135759766604127253179069083229705938115896243332550172732 - sampling time: 77.02009773254395
Sampling 73 with 14907980474147947323914200169253997821525038894778537705223290794602721260652117688268410284061992458319937135098912362735654459511121 - sampling time: 76.20290279388428
Sampling 74 with 10549863006311228055250963887033865152447158894266193089730218999079080606952765254502308653199722185121316270640715764220603143424654 - sampling time: 73.35418105125427
Sampling 75 with 20152023325812320894308226167707163231943748702853726658096481202459575768578636918800203943044140255668086600754731617394556796443995 - sampling time: 84.2923195362091
Sampling 76 with 127770379372125835660662203382638001835979520564295576528716285316029819433376376285433473247317005753713014667866980200353083677333 - sampling time: 42.298377990722656
Sampling 77 with 7403260092402320162293537237634663234827105284655149814569284989742711966359289480299258235675927628500893029806985386794881157268329 - sampling time: 65.12168717384338
Sampling 78 with 8514222079006653310940211372555095100846968571215566893869762093824548745249497442334373480378042736674903563342627343017555383235113 - sampling time: 65.36134958267212
Sampling 79 with 18309124625141670867822253052983473338774390965463875638286103950972214161223008689892719316651678692243150463068265979809056373062692 - sampling time: 63.55983018875122
Sampling 80 with 18651277726775869013637053869716499540487651633426197645051106554328237167010280243667424345859164194654409961889189545227352120022747 - sampling time: 69.44249606132507
Sampling 81 with 5640672507460224792943947886484841010531427161980114882363740261670205991716025567706728730863015543063624494133414369412820601316588 - sampling time: 60.7815375328064
Sampling 82 with 4105956746679668112960122235248424243443279018758965030788010477237453857596589570453058135713690485382065802393653052816399478153904 - sampling time: 63.41857719421387
Sampling 83 with 16494601491663044159748752818348840409211076693063101203202269460692473097020787576515169071332496534438029522365793800056707267171461 - sampling time: 81.21157622337341
Sampling 84 with 13146015930920705893147077230080584473123563165530122624513887908088707644404144791008026261956127755867988255840519939968184091292744 - sampling time: 82.57796692848206
Sampling 85 with 16969174875711417706147021060182295254333032192075034016877706798865970564435866277980984830462590120930600105898414142098573710225196 - sampling time: 81.69711327552795
Sampling 86 with 18628680761833516947804168594671898238473525961472083126004561824277877751963558864683733356207425693287364407782281724862781574377046 - sampling time: 70.35364413261414
Sampling 87 with 19593821285352211057051171443204192819525783912483322036641212835387058224919165367243587381009054761143685031088581102518185625511223 - sampling time: 82.36823964118958
Sampling 88 with 6080353155736578294878809543842172231749542954015951591275633465606996360798546673499764597743918363636237788304915681622376589615518 - sampling time: 63.41105842590332
Sampling 89 with 17644963957648112742512321936849259178111630851274109624202523104147114524882779086340874367887392634478760230136480127058308758736435 - sampling time: 87.25969171524048
Sampling 90 with 20120152409823112829028486758333402701857061137115215353720556840768944371957045399147545862145075193085590087207208994931740893046776 - sampling time: 84.37754106521606
Sampling 91 with 19130973789593908952585064868498296965884462284094197330451119253343589923722311802710002034421507044353430546482543511521941731782229 - sampling time: 68.67116570472717
Sampling 92 with 1483772848606718090013189002174893574894773422962841661323062603239777778706522211811447738632815871063228250938669001534361399191353 - sampling time: 64.42523956298828
Sampling 93 with 1495329408120932496086604171943436542651093791645599587539481575529535798296784150295061530761653242038723570949370338334921665038828 - sampling time: 61.68369650840759
Sampling 94 with 5752250358888632135388728010424479693886960700020747476507282813959157649959374049758303474050602233206481321174649121227003116129800 - sampling time: 60.16318893432617
Sampling 95 with 18952174713630534936733942856594069489954509004207237997625645431971780568963933235268921260875703597073437236567938284991479426370190 - sampling time: 63.53891181945801
Sampling 96 with 6124617640653628700200198686687652455271178208240586685022616827519999725697904553242752570006716125950926369720355456370424472187856 - sampling time: 66.17157220840454
Sampling 97 with 16527537183375500500184432748801799023986598553293965205142883806198258511398194310302869244371209606005771173861018077934722034512038 - sampling time: 82.12754034996033
--- total time: 6911.769963264465 seconds ---

real	115m11.827s
user	106m55.836s
sys	8m46.280s
